011C58A3	OR       ESI, ESI                                         EAX=00000004 ECX=011C4C49 EDX=011CB3E6 EBX=011C4F8F ESP=0032F800 EBP=011C4C02 ESI=011C4C4B EDI=011C4C6A EFLAG=00000216
011C58A5	MOV      EDI, 0x0                                         EAX=00000004 ECX=011C4C49 EDX=011CB3E6 EBX=011C4F8F ESP=0032F800 EBP=011C4C02 ESI=011C4C4B EDI=011C4C6A EFLAG=00000206
011C58AA	MOV      EDI, 0x200                                       EAX=00000004 ECX=011C4C49 EDX=011CB3E6 EBX=011C4F8F ESP=0032F800 EBP=011C4C02 ESI=011C4C4B EDI=00000000 EFLAG=00000206
011C58AF	AND      EDI, 0xaa                                        EAX=00000004 ECX=011C4C49 EDX=011CB3E6 EBX=011C4F8F ESP=0032F800 EBP=011C4C02 ESI=011C4C4B EDI=00000200 EFLAG=00000206
011C58B5	AND      ESI, 0x77                                        EAX=00000004 ECX=011C4C49 EDX=011CB3E6 EBX=011C4F8F ESP=0032F800 EBP=011C4C02 ESI=011C4C4B EDI=00000000 EFLAG=00000246
011C58BB	ADD      ESI, 0xc2                                        EAX=00000004 ECX=011C4C49 EDX=011CB3E6 EBX=011C4F8F ESP=0032F800 EBP=011C4C02 ESI=00000043 EDI=00000000 EFLAG=00000202
011C58C1	SUB      EDI, ECX                                         EAX=00000004 ECX=011C4C49 EDX=011CB3E6 EBX=011C4F8F ESP=0032F800 EBP=011C4C02 ESI=00000105 EDI=00000000 EFLAG=00000206
011C58C3	OR       ESI, 0x800                                       EAX=00000004 ECX=011C4C49 EDX=011CB3E6 EBX=011C4F8F ESP=0032F800 EBP=011C4C02 ESI=00000105 EDI=FEE3B3B7 EFLAG=00000297
011C58C9	XOR      EDI, 0x28                                        EAX=00000004 ECX=011C4C49 EDX=011CB3E6 EBX=011C4F8F ESP=0032F800 EBP=011C4C02 ESI=00000905 EDI=FEE3B3B7 EFLAG=00000206
011C58CF	OR       ESI, 0x74                                        EAX=00000004 ECX=011C4C49 EDX=011CB3E6 EBX=011C4F8F ESP=0032F800 EBP=011C4C02 ESI=00000905 EDI=FEE3B39F EFLAG=00000286
011C58D5	OR       ESI, 0xffff                                      EAX=00000004 ECX=011C4C49 EDX=011CB3E6 EBX=011C4F8F ESP=0032F800 EBP=011C4C02 ESI=00000975 EDI=FEE3B39F EFLAG=00000202
011C58DB	ADD      EDI, 0x90                                        EAX=00000004 ECX=011C4C49 EDX=011CB3E6 EBX=011C4F8F ESP=0032F800 EBP=011C4C02 ESI=0000FFFF EDI=FEE3B39F EFLAG=00000206
011C58E1	AND      EDI, EDI                                         EAX=00000004 ECX=011C4C49 EDX=011CB3E6 EBX=011C4F8F ESP=0032F800 EBP=011C4C02 ESI=0000FFFF EDI=FEE3B42F EFLAG=00000282
011C58E3	OR       EDI, 0x7                                         EAX=00000004 ECX=011C4C49 EDX=011CB3E6 EBX=011C4F8F ESP=0032F800 EBP=011C4C02 ESI=0000FFFF EDI=FEE3B42F EFLAG=00000282
011C58E9	MOV      EDI, 0x1                                         EAX=00000004 ECX=011C4C49 EDX=011CB3E6 EBX=011C4F8F ESP=0032F800 EBP=011C4C02 ESI=0000FFFF EDI=FEE3B42F EFLAG=00000282
011C58EE	SUB      ESI, 0x28                                        EAX=00000004 ECX=011C4C49 EDX=011CB3E6 EBX=011C4F8F ESP=0032F800 EBP=011C4C02 ESI=0000FFFF EDI=00000001 EFLAG=00000282
011C58F4	SUB      EDI, ESI                                         EAX=00000004 ECX=011C4C49 EDX=011CB3E6 EBX=011C4F8F ESP=0032F800 EBP=011C4C02 ESI=0000FFD7 EDI=00000001 EFLAG=00000206
011C58F6	SUB      EDI, 0x90                                        EAX=00000004 ECX=011C4C49 EDX=011CB3E6 EBX=011C4F8F ESP=0032F800 EBP=011C4C02 ESI=0000FFD7 EDI=FFFF002A EFLAG=00000293
011C58FC	MOV      EDI, 0x200                                       EAX=00000004 ECX=011C4C49 EDX=011CB3E6 EBX=011C4F8F ESP=0032F800 EBP=011C4C02 ESI=0000FFD7 EDI=FFFEFF9A EFLAG=00000286
011C5901	OR       ESI, EAX                                         EAX=00000004 ECX=011C4C49 EDX=011CB3E6 EBX=011C4F8F ESP=0032F800 EBP=011C4C02 ESI=0000FFD7 EDI=00000200 EFLAG=00000286
011C5903	MOV      ESI, 0x400                                       EAX=00000004 ECX=011C4C49 EDX=011CB3E6 EBX=011C4F8F ESP=0032F800 EBP=011C4C02 ESI=0000FFD7 EDI=00000200 EFLAG=00000206
011C5908	XOR      EDI, 0x24                                        EAX=00000004 ECX=011C4C49 EDX=011CB3E6 EBX=011C4F8F ESP=0032F800 EBP=011C4C02 ESI=00000400 EDI=00000200 EFLAG=00000206
011C590E	MOV      EAX, EBP                                         EAX=00000004 ECX=011C4C49 EDX=011CB3E6 EBX=011C4F8F ESP=0032F800 EBP=011C4C02 ESI=00000400 EDI=00000224 EFLAG=00000206
011C5910	AND      ESI, ESI                                         EAX=011C4C02 ECX=011C4C49 EDX=011CB3E6 EBX=011C4F8F ESP=0032F800 EBP=011C4C02 ESI=00000400 EDI=00000224 EFLAG=00000206
011C5912	AND      ESI, EDX                                         EAX=011C4C02 ECX=011C4C49 EDX=011CB3E6 EBX=011C4F8F ESP=0032F800 EBP=011C4C02 ESI=00000400 EDI=00000224 EFLAG=00000206
011C5914	AND      ESI, EDX                                         EAX=011C4C02 ECX=011C4C49 EDX=011CB3E6 EBX=011C4F8F ESP=0032F800 EBP=011C4C02 ESI=00000000 EDI=00000224 EFLAG=00000246
011C5916	OR       EDI, 0x800                                       EAX=011C4C02 ECX=011C4C49 EDX=011CB3E6 EBX=011C4F8F ESP=0032F800 EBP=011C4C02 ESI=00000000 EDI=00000224 EFLAG=00000246
011C591C	ADD      EAX, 0x60                                        EAX=011C4C02 ECX=011C4C49 EDX=011CB3E6 EBX=011C4F8F ESP=0032F800 EBP=011C4C02 ESI=00000000 EDI=00000A24 EFLAG=00000206
011C5921	SUB      EDI, 0x42                                        EAX=011C4C62 ECX=011C4C49 EDX=011CB3E6 EBX=011C4F8F ESP=0032F800 EBP=011C4C02 ESI=00000000 EDI=00000A24 EFLAG=00000202
011C5927	AND      ESI, EAX                                         EAX=011C4C62 ECX=011C4C49 EDX=011CB3E6 EBX=011C4F8F ESP=0032F800 EBP=011C4C02 ESI=00000000 EDI=000009E2 EFLAG=00000206
011C5929	XOR      EDI, EDI                                         EAX=011C4C62 ECX=011C4C49 EDX=011CB3E6 EBX=011C4F8F ESP=0032F800 EBP=011C4C02 ESI=00000000 EDI=000009E2 EFLAG=00000246
011C592B	AND      EDI, ESI                                         EAX=011C4C62 ECX=011C4C49 EDX=011CB3E6 EBX=011C4F8F ESP=0032F800 EBP=011C4C02 ESI=00000000 EDI=00000000 EFLAG=00000246
011C592D	MOV      ECX, [EAX]                                       EAX=011C4C62 ECX=011C4C49 EDX=011CB3E6 EBX=011C4F8F ESP=0032F800 EBP=011C4C02 ESI=00000000 EDI=00000000 EFLAG=00000246
011C592F	XOR      ESI, 0xc7                                        EAX=011C4C62 ECX=C7A08784 EDX=011CB3E6 EBX=011C4F8F ESP=0032F800 EBP=011C4C02 ESI=00000000 EDI=00000000 EFLAG=00000246
011C5935	SUB      ESI, 0x80                                        EAX=011C4C62 ECX=C7A08784 EDX=011CB3E6 EBX=011C4F8F ESP=0032F800 EBP=011C4C02 ESI=000000C7 EDI=00000000 EFLAG=00000202
011C593B	MOV      EBX, EBP                                         EAX=011C4C62 ECX=C7A08784 EDX=011CB3E6 EBX=011C4F8F ESP=0032F800 EBP=011C4C02 ESI=00000047 EDI=00000000 EFLAG=00000206
011C593D	ADD      EBX, 0x4                                         EAX=011C4C62 ECX=C7A08784 EDX=011CB3E6 EBX=011C4C02 ESP=0032F800 EBP=011C4C02 ESI=00000047 EDI=00000000 EFLAG=00000206
011C5943	XOR      ESI, 0x58                                        EAX=011C4C62 ECX=C7A08784 EDX=011CB3E6 EBX=011C4C06 ESP=0032F800 EBP=011C4C02 ESI=00000047 EDI=00000000 EFLAG=00000206
011C5949	SUB      ECX, [EBX]                                       EAX=011C4C62 ECX=C7A08784 EDX=011CB3E6 EBX=011C4C06 ESP=0032F800 EBP=011C4C02 ESI=0000001F EDI=00000000 EFLAG=00000202
011C594B	OR       ESI, 0x1b                                        EAX=011C4C62 ECX=252959E6 EDX=011CB3E6 EBX=011C4C06 ESP=0032F800 EBP=011C4C02 ESI=0000001F EDI=00000000 EFLAG=00000212
011C5951	OR       ESI, 0xf0                                        EAX=011C4C62 ECX=252959E6 EDX=011CB3E6 EBX=011C4C06 ESP=0032F800 EBP=011C4C02 ESI=0000001F EDI=00000000 EFLAG=00000202
011C5957	XOR      ECX, 0x3b995447                                  EAX=011C4C62 ECX=252959E6 EDX=011CB3E6 EBX=011C4C06 ESP=0032F800 EBP=011C4C02 ESI=000000FF EDI=00000000 EFLAG=00000206
011C595D	MOV      EAX, EBP                                         EAX=011C4C62 ECX=1EB00DA1 EDX=011CB3E6 EBX=011C4C06 ESP=0032F800 EBP=011C4C02 ESI=000000FF EDI=00000000 EFLAG=00000202
011C595F	OR       EDI, 0x40                                        EAX=011C4C02 ECX=1EB00DA1 EDX=011CB3E6 EBX=011C4C06 ESP=0032F800 EBP=011C4C02 ESI=000000FF EDI=00000000 EFLAG=00000202
011C5965	AND      EDI, 0x1b                                        EAX=011C4C02 ECX=1EB00DA1 EDX=011CB3E6 EBX=011C4C06 ESP=0032F800 EBP=011C4C02 ESI=000000FF EDI=00000040 EFLAG=00000202
011C596B	ADD      EAX, 0x59                                        EAX=011C4C02 ECX=1EB00DA1 EDX=011CB3E6 EBX=011C4C06 ESP=0032F800 EBP=011C4C02 ESI=000000FF EDI=00000000 EFLAG=00000246
011C5970	XOR      ESI, 0x7                                         EAX=011C4C5B ECX=1EB00DA1 EDX=011CB3E6 EBX=011C4C06 ESP=0032F800 EBP=011C4C02 ESI=000000FF EDI=00000000 EFLAG=00000202
011C5976	SUB      ESI, 0xc7                                        EAX=011C4C5B ECX=1EB00DA1 EDX=011CB3E6 EBX=011C4C06 ESP=0032F800 EBP=011C4C02 ESI=000000F8 EDI=00000000 EFLAG=00000202
011C597C	XOR      ESI, EDX                                         EAX=011C4C5B ECX=1EB00DA1 EDX=011CB3E6 EBX=011C4C06 ESP=0032F800 EBP=011C4C02 ESI=00000031 EDI=00000000 EFLAG=00000202
011C597E	SUB      EDI, EBX                                         EAX=011C4C5B ECX=1EB00DA1 EDX=011CB3E6 EBX=011C4C06 ESP=0032F800 EBP=011C4C02 ESI=011CB3D7 EDI=00000000 EFLAG=00000206
011C5980	XOR      ESI, 0x8f                                        EAX=011C4C5B ECX=1EB00DA1 EDX=011CB3E6 EBX=011C4C06 ESP=0032F800 EBP=011C4C02 ESI=011CB3D7 EDI=FEE3B3FA EFLAG=00000297
011C5986	MOV      DL, [EAX]                                        EAX=011C4C5B ECX=1EB00DA1 EDX=011CB3E6 EBX=011C4C06 ESP=0032F800 EBP=011C4C02 ESI=011CB358 EDI=FEE3B3FA EFLAG=00000202
011C5988	XOR      ESI, 0x78                                        EAX=011C4C5B ECX=1EB00DA1 EDX=011CB399 EBX=011C4C06 ESP=0032F800 EBP=011C4C02 ESI=011CB358 EDI=FEE3B3FA EFLAG=00000202
011C598E	ADD      ESI, 0x90                                        EAX=011C4C5B ECX=1EB00DA1 EDX=011CB399 EBX=011C4C06 ESP=0032F800 EBP=011C4C02 ESI=011CB320 EDI=FEE3B3FA EFLAG=00000202
011C5994	ADD      ESI, ESI                                         EAX=011C4C5B ECX=1EB00DA1 EDX=011CB399 EBX=011C4C06 ESP=0032F800 EBP=011C4C02 ESI=011CB3B0 EDI=FEE3B3FA EFLAG=00000202
011C5996	SUB      DL, 0xd                                          EAX=011C4C5B ECX=1EB00DA1 EDX=011CB399 EBX=011C4C06 ESP=0032F800 EBP=011C4C02 ESI=02396760 EDI=FEE3B3FA EFLAG=00000206
011C5999	SUB      EDI, EAX                                         EAX=011C4C5B ECX=1EB00DA1 EDX=011CB38C EBX=011C4C06 ESP=0032F800 EBP=011C4C02 ESI=02396760 EDI=FEE3B3FA EFLAG=00000292
011C599B	AND      DL, 0xf                                          EAX=011C4C5B ECX=1EB00DA1 EDX=011CB38C EBX=011C4C06 ESP=0032F800 EBP=011C4C02 ESI=02396760 EDI=FDC7679F EFLAG=00000296
011C599E	OR       EDI, 0x1                                         EAX=011C4C5B ECX=1EB00DA1 EDX=011CB30C EBX=011C4C06 ESP=0032F800 EBP=011C4C02 ESI=02396760 EDI=FDC7679F EFLAG=00000206
011C59A4	OR       ESI, EDI                                         EAX=011C4C5B ECX=1EB00DA1 EDX=011CB30C EBX=011C4C06 ESP=0032F800 EBP=011C4C02 ESI=02396760 EDI=FDC7679F EFLAG=00000286
011C59A6	MOV      EAX, EBP                                         EAX=011C4C5B ECX=1EB00DA1 EDX=011CB30C EBX=011C4C06 ESP=0032F800 EBP=011C4C02 ESI=FFFF67FF EDI=FDC7679F EFLAG=00000286
011C59A8	AND      EDI, 0x800                                       EAX=011C4C02 ECX=1EB00DA1 EDX=011CB30C EBX=011C4C06 ESP=0032F800 EBP=011C4C02 ESI=FFFF67FF EDI=FDC7679F EFLAG=00000286
011C59AE	ADD      EAX, 0x25                                        EAX=011C4C02 ECX=1EB00DA1 EDX=011CB30C EBX=011C4C06 ESP=0032F800 EBP=011C4C02 ESI=FFFF67FF EDI=00000000 EFLAG=00000246
011C59B3	SUB      EDI, 0x80000000                                  EAX=011C4C27 ECX=1EB00DA1 EDX=011CB30C EBX=011C4C06 ESP=0032F800 EBP=011C4C02 ESI=FFFF67FF EDI=00000000 EFLAG=00000206
011C59B9	MOV      BL, [EAX]                                        EAX=011C4C27 ECX=1EB00DA1 EDX=011CB30C EBX=011C4C06 ESP=0032F800 EBP=011C4C02 ESI=FFFF67FF EDI=80000000 EFLAG=00000A87
011C59BB	ADD      ESI, ESI                                         EAX=011C4C27 ECX=1EB00DA1 EDX=011CB30C EBX=011C4C00 ESP=0032F800 EBP=011C4C02 ESI=FFFF67FF EDI=80000000 EFLAG=00000A87
011C59BD	ADD      ESI, EDX                                         EAX=011C4C27 ECX=1EB00DA1 EDX=011CB30C EBX=011C4C00 ESP=0032F800 EBP=011C4C02 ESI=FFFECFFE EDI=80000000 EFLAG=00000293
011C59BF	SUB      ESI, 0xc2                                        EAX=011C4C27 ECX=1EB00DA1 EDX=011CB30C EBX=011C4C00 ESP=0032F800 EBP=011C4C02 ESI=011B830A EDI=80000000 EFLAG=00000217
011C59C5	SUB      BL, 0x48                                         EAX=011C4C27 ECX=1EB00DA1 EDX=011CB30C EBX=011C4C00 ESP=0032F800 EBP=011C4C02 ESI=011B8248 EDI=80000000 EFLAG=00000206
011C59C8	ADD      BL, 0x47                                         EAX=011C4C27 ECX=1EB00DA1 EDX=011CB30C EBX=011C4CB8 ESP=0032F800 EBP=011C4C02 ESI=011B8248 EDI=80000000 EFLAG=00000297
011C59CB	SUB      BL, 0xc7                                         EAX=011C4C27 ECX=1EB00DA1 EDX=011CB30C EBX=011C4CFF ESP=0032F800 EBP=011C4C02 ESI=011B8248 EDI=80000000 EFLAG=00000286
011C59CE	CMP      BL, 0x0                                          EAX=011C4C27 ECX=1EB00DA1 EDX=011CB30C EBX=011C4C38 ESP=0032F800 EBP=011C4C02 ESI=011B8248 EDI=80000000 EFLAG=00000202
011C59D1	JNZ      0x11c5a0c                                        EAX=011C4C27 ECX=1EB00DA1 EDX=011CB30C EBX=011C4C38 ESP=0032F800 EBP=011C4C02 ESI=011B8248 EDI=80000000 EFLAG=00000202
011C5A0C	ADD      ESI, EDI                                         EAX=011C4C27 ECX=1EB00DA1 EDX=011CB30C EBX=011C4C38 ESP=0032F800 EBP=011C4C02 ESI=011B8248 EDI=80000000 EFLAG=00000202
011C5A0E	SUB      ESI, 0x1                                         EAX=011C4C27 ECX=1EB00DA1 EDX=011CB30C EBX=011C4C38 ESP=0032F800 EBP=011C4C02 ESI=811B8248 EDI=80000000 EFLAG=00000286
011C5A14	MOV      EDI, 0x1                                         EAX=011C4C27 ECX=1EB00DA1 EDX=011CB30C EBX=011C4C38 ESP=0032F800 EBP=011C4C02 ESI=811B8247 EDI=80000000 EFLAG=00000286
011C5A19	MOV      EDI, EBP                                         EAX=011C4C27 ECX=1EB00DA1 EDX=011CB30C EBX=011C4C38 ESP=0032F800 EBP=011C4C02 ESI=811B8247 EDI=00000001 EFLAG=00000286
011C5A1B	MOV      EAX, 0x400                                       EAX=011C4C27 ECX=1EB00DA1 EDX=011CB30C EBX=011C4C38 ESP=0032F800 EBP=011C4C02 ESI=811B8247 EDI=011C4C02 EFLAG=00000286
011C5A20	XOR      ESI, EAX                                         EAX=00000400 ECX=1EB00DA1 EDX=011CB30C EBX=011C4C38 ESP=0032F800 EBP=011C4C02 ESI=811B8247 EDI=011C4C02 EFLAG=00000286
011C5A22	OR       ESI, 0x74                                        EAX=00000400 ECX=1EB00DA1 EDX=011CB30C EBX=011C4C38 ESP=0032F800 EBP=011C4C02 ESI=811B8647 EDI=011C4C02 EFLAG=00000286
011C5A28	ADD      EDI, 0x25                                        EAX=00000400 ECX=1EB00DA1 EDX=011CB30C EBX=011C4C38 ESP=0032F800 EBP=011C4C02 ESI=811B8677 EDI=011C4C02 EFLAG=00000286
011C5A2E	XOR      ESI, EDX                                         EAX=00000400 ECX=1EB00DA1 EDX=011CB30C EBX=011C4C38 ESP=0032F800 EBP=011C4C02 ESI=811B8677 EDI=011C4C27 EFLAG=00000206
011C5A30	MOV      ESI, 0x200                                       EAX=00000400 ECX=1EB00DA1 EDX=011CB30C EBX=011C4C38 ESP=0032F800 EBP=011C4C02 ESI=8007357B EDI=011C4C27 EFLAG=00000286
011C5A35	AND      ESI, ESI                                         EAX=00000400 ECX=1EB00DA1 EDX=011CB30C EBX=011C4C38 ESP=0032F800 EBP=011C4C02 ESI=00000200 EDI=011C4C27 EFLAG=00000286
011C5A37	MOV      BL, [EDI]                                        EAX=00000400 ECX=1EB00DA1 EDX=011CB30C EBX=011C4C38 ESP=0032F800 EBP=011C4C02 ESI=00000200 EDI=011C4C27 EFLAG=00000206
011C5A39	SUB      BL, 0x48                                         EAX=00000400 ECX=1EB00DA1 EDX=011CB30C EBX=011C4C00 ESP=0032F800 EBP=011C4C02 ESI=00000200 EDI=011C4C27 EFLAG=00000206
011C5A3C	ADD      EAX, ESI                                         EAX=00000400 ECX=1EB00DA1 EDX=011CB30C EBX=011C4CB8 ESP=0032F800 EBP=011C4C02 ESI=00000200 EDI=011C4C27 EFLAG=00000297
011C5A3E	AND      EAX, 0xf0                                        EAX=00000600 ECX=1EB00DA1 EDX=011CB30C EBX=011C4CB8 ESP=0032F800 EBP=011C4C02 ESI=00000200 EDI=011C4C27 EFLAG=00000206
011C5A43	XOR      ESI, 0x78                                        EAX=00000000 ECX=1EB00DA1 EDX=011CB30C EBX=011C4CB8 ESP=0032F800 EBP=011C4C02 ESI=00000200 EDI=011C4C27 EFLAG=00000246
011C5A49	ADD      BL, 0x47                                         EAX=00000000 ECX=1EB00DA1 EDX=011CB30C EBX=011C4CB8 ESP=0032F800 EBP=011C4C02 ESI=00000278 EDI=011C4C27 EFLAG=00000206
011C5A4C	AND      ESI, EDX                                         EAX=00000000 ECX=1EB00DA1 EDX=011CB30C EBX=011C4CFF ESP=0032F800 EBP=011C4C02 ESI=00000278 EDI=011C4C27 EFLAG=00000286
011C5A4E	XOR      ESI, 0x24                                        EAX=00000000 ECX=1EB00DA1 EDX=011CB30C EBX=011C4CFF ESP=0032F800 EBP=011C4C02 ESI=00000208 EDI=011C4C27 EFLAG=00000202
011C5A54	SUB      BL, 0x90                                         EAX=00000000 ECX=1EB00DA1 EDX=011CB30C EBX=011C4CFF ESP=0032F800 EBP=011C4C02 ESI=0000022C EDI=011C4C27 EFLAG=00000202
011C5A57	CMP      BL, 0x0                                          EAX=00000000 ECX=1EB00DA1 EDX=011CB30C EBX=011C4C6F ESP=0032F800 EBP=011C4C02 ESI=0000022C EDI=011C4C27 EFLAG=00000206
011C5A5A	JNZ      0x11c5ab9                                        EAX=00000000 ECX=1EB00DA1 EDX=011CB30C EBX=011C4C6F ESP=0032F800 EBP=011C4C02 ESI=0000022C EDI=011C4C27 EFLAG=00000206
011C5AB9	OR       EDI, ESI                                         EAX=00000000 ECX=1EB00DA1 EDX=011CB30C EBX=011C4C6F ESP=0032F800 EBP=011C4C02 ESI=0000022C EDI=011C4C27 EFLAG=00000206
011C5ABB	MOV      EBX, EBP                                         EAX=00000000 ECX=1EB00DA1 EDX=011CB30C EBX=011C4C6F ESP=0032F800 EBP=011C4C02 ESI=0000022C EDI=011C4E2F EFLAG=00000202
011C5ABD	ADD      EBX, 0x59                                        EAX=00000000 ECX=1EB00DA1 EDX=011CB30C EBX=011C4C02 ESP=0032F800 EBP=011C4C02 ESI=0000022C EDI=011C4E2F EFLAG=00000202
011C5AC3	AND      EDI, 0x77                                        EAX=00000000 ECX=1EB00DA1 EDX=011CB30C EBX=011C4C5B ESP=0032F800 EBP=011C4C02 ESI=0000022C EDI=011C4E2F EFLAG=00000202
011C5AC9	MOV      EAX, EBP                                         EAX=00000000 ECX=1EB00DA1 EDX=011CB30C EBX=011C4C5B ESP=0032F800 EBP=011C4C02 ESI=0000022C EDI=00000027 EFLAG=00000206
011C5ACB	MOV      ECX, 0x200                                       EAX=011C4C02 ECX=1EB00DA1 EDX=011CB30C EBX=011C4C5B ESP=0032F800 EBP=011C4C02 ESI=0000022C EDI=00000027 EFLAG=00000206
011C5AD0	SUB      EDI, 0x90                                        EAX=011C4C02 ECX=00000200 EDX=011CB30C EBX=011C4C5B ESP=0032F800 EBP=011C4C02 ESI=0000022C EDI=00000027 EFLAG=00000206
011C5AD6	OR       EDI, 0x74                                        EAX=011C4C02 ECX=00000200 EDX=011CB30C EBX=011C4C5B ESP=0032F800 EBP=011C4C02 ESI=0000022C EDI=FFFFFF97 EFLAG=00000283
011C5ADC	AND      ECX, 0x1b                                        EAX=011C4C02 ECX=00000200 EDX=011CB30C EBX=011C4C5B ESP=0032F800 EBP=011C4C02 ESI=0000022C EDI=FFFFFFF7 EFLAG=00000282
011C5AE2	ADD      EAX, 0x7f                                        EAX=011C4C02 ECX=00000000 EDX=011CB30C EBX=011C4C5B ESP=0032F800 EBP=011C4C02 ESI=0000022C EDI=FFFFFFF7 EFLAG=00000246
011C5AE7	ADD      EDI, 0xc2                                        EAX=011C4C81 ECX=00000000 EDX=011CB30C EBX=011C4C5B ESP=0032F800 EBP=011C4C02 ESI=0000022C EDI=FFFFFFF7 EFLAG=00000216
011C5AED	XOR      ECX, EBX                                         EAX=011C4C81 ECX=00000000 EDX=011CB30C EBX=011C4C5B ESP=0032F800 EBP=011C4C02 ESI=0000022C EDI=000000B9 EFLAG=00000203
011C5AEF	SUB      ECX, ESI                                         EAX=011C4C81 ECX=011C4C5B EDX=011CB30C EBX=011C4C5B ESP=0032F800 EBP=011C4C02 ESI=0000022C EDI=000000B9 EFLAG=00000202
011C5AF1	MOV      EAX, [EAX]                                       EAX=011C4C81 ECX=011C4A2F EDX=011CB30C EBX=011C4C5B ESP=0032F800 EBP=011C4C02 ESI=0000022C EDI=000000B9 EFLAG=00000212
011C5AF3	ADD      EAX, 0x0                                         EAX=012DBB0B ECX=011C4A2F EDX=011CB30C EBX=011C4C5B ESP=0032F800 EBP=011C4C02 ESI=0000022C EDI=000000B9 EFLAG=00000212
011C5AF8	OR       ECX, 0x37                                        EAX=012DBB0B ECX=011C4A2F EDX=011CB30C EBX=011C4C5B ESP=0032F800 EBP=011C4C02 ESI=0000022C EDI=000000B9 EFLAG=00000202
011C5AFE	MOV      BL, [EBX]                                        EAX=012DBB0B ECX=011C4A3F EDX=011CB30C EBX=011C4C5B ESP=0032F800 EBP=011C4C02 ESI=0000022C EDI=000000B9 EFLAG=00000206
011C5B00	AND      ECX, 0x800                                       EAX=012DBB0B ECX=011C4A3F EDX=011CB30C EBX=011C4C99 ESP=0032F800 EBP=011C4C02 ESI=0000022C EDI=000000B9 EFLAG=00000206
011C5B06	SUB      EDI, 0xf0                                        EAX=012DBB0B ECX=00000800 EDX=011CB30C EBX=011C4C99 ESP=0032F800 EBP=011C4C02 ESI=0000022C EDI=000000B9 EFLAG=00000206
011C5B0C	AND      ECX, EDX                                         EAX=012DBB0B ECX=00000800 EDX=011CB30C EBX=011C4C99 ESP=0032F800 EBP=011C4C02 ESI=0000022C EDI=FFFFFFC9 EFLAG=00000287
011C5B0E	MOVZX    EAX, WORD [EAX]                                  EAX=012DBB0B ECX=00000000 EDX=011CB30C EBX=011C4C99 ESP=0032F800 EBP=011C4C02 ESI=0000022C EDI=FFFFFFC9 EFLAG=00000246
011C5B11	SUB      BL, 0xd                                          EAX=00000021 ECX=00000000 EDX=011CB30C EBX=011C4C99 ESP=0032F800 EBP=011C4C02 ESI=0000022C EDI=FFFFFFC9 EFLAG=00000246
011C5B14	AND      EDI, 0x1c                                        EAX=00000021 ECX=00000000 EDX=011CB30C EBX=011C4C8C ESP=0032F800 EBP=011C4C02 ESI=0000022C EDI=FFFFFFC9 EFLAG=00000292
011C5B1A	ADD      EAX, EBP                                         EAX=00000021 ECX=00000000 EDX=011CB30C EBX=011C4C8C ESP=0032F800 EBP=011C4C02 ESI=0000022C EDI=00000008 EFLAG=00000202
011C5B1C	AND      BL, 0xf                                          EAX=011C4C23 ECX=00000000 EDX=011CB30C EBX=011C4C8C ESP=0032F800 EBP=011C4C02 ESI=0000022C EDI=00000008 EFLAG=00000202
011C5B1F	XOR      EDI, 0x72                                        EAX=011C4C23 ECX=00000000 EDX=011CB30C EBX=011C4C0C ESP=0032F800 EBP=011C4C02 ESI=0000022C EDI=00000008 EFLAG=00000206
011C5B25	AND      ECX, 0x1c                                        EAX=011C4C23 ECX=00000000 EDX=011CB30C EBX=011C4C0C ESP=0032F800 EBP=011C4C02 ESI=0000022C EDI=0000007A EFLAG=00000202
011C5B2B	MOV      ESI, EBP                                         EAX=011C4C23 ECX=00000000 EDX=011CB30C EBX=011C4C0C ESP=0032F800 EBP=011C4C02 ESI=0000022C EDI=0000007A EFLAG=00000246
011C5B2D	XOR      EDI, EAX                                         EAX=011C4C23 ECX=00000000 EDX=011CB30C EBX=011C4C0C ESP=0032F800 EBP=011C4C02 ESI=011C4C02 EDI=0000007A EFLAG=00000246
011C5B2F	ADD      ESI, 0x25                                        EAX=011C4C23 ECX=00000000 EDX=011CB30C EBX=011C4C0C ESP=0032F800 EBP=011C4C02 ESI=011C4C02 EDI=011C4C59 EFLAG=00000206
011C5B35	MOV      DL, [ESI]                                        EAX=011C4C23 ECX=00000000 EDX=011CB30C EBX=011C4C0C ESP=0032F800 EBP=011C4C02 ESI=011C4C27 EDI=011C4C59 EFLAG=00000206
011C5B37	ADD      EDI, 0x40                                        EAX=011C4C23 ECX=00000000 EDX=011CB300 EBX=011C4C0C ESP=0032F800 EBP=011C4C02 ESI=011C4C27 EDI=011C4C59 EFLAG=00000206
011C5B3D	MOV      ECX, 0x200                                       EAX=011C4C23 ECX=00000000 EDX=011CB300 EBX=011C4C0C ESP=0032F800 EBP=011C4C02 ESI=011C4C27 EDI=011C4C99 EFLAG=00000206
011C5B42	SUB      DL, 0x48                                         EAX=011C4C23 ECX=00000200 EDX=011CB300 EBX=011C4C0C ESP=0032F800 EBP=011C4C02 ESI=011C4C27 EDI=011C4C99 EFLAG=00000206
011C5B45	XOR      EDI, 0x80000000                                  EAX=011C4C23 ECX=00000200 EDX=011CB3B8 EBX=011C4C0C ESP=0032F800 EBP=011C4C02 ESI=011C4C27 EDI=011C4C99 EFLAG=00000297
011C5B4B	OR       ECX, 0xffff                                      EAX=011C4C23 ECX=00000200 EDX=011CB3B8 EBX=011C4C0C ESP=0032F800 EBP=011C4C02 ESI=011C4C27 EDI=811C4C99 EFLAG=00000286
011C5B51	SUB      ECX, ECX                                         EAX=011C4C23 ECX=0000FFFF EDX=011CB3B8 EBX=011C4C0C ESP=0032F800 EBP=011C4C02 ESI=011C4C27 EDI=811C4C99 EFLAG=00000206
011C5B53	SUB      EDI, 0x1                                         EAX=011C4C23 ECX=00000000 EDX=011CB3B8 EBX=011C4C0C ESP=0032F800 EBP=011C4C02 ESI=011C4C27 EDI=811C4C99 EFLAG=00000246
011C5B59	ADD      DL, 0x47                                         EAX=011C4C23 ECX=00000000 EDX=011CB3B8 EBX=011C4C0C ESP=0032F800 EBP=011C4C02 ESI=011C4C27 EDI=811C4C98 EFLAG=00000282
011C5B5C	SUB      DL, 0xc7                                         EAX=011C4C23 ECX=00000000 EDX=011CB3FF EBX=011C4C0C ESP=0032F800 EBP=011C4C02 ESI=011C4C27 EDI=811C4C98 EFLAG=00000286
011C5B5F	CMP      DL, 0x0                                          EAX=011C4C23 ECX=00000000 EDX=011CB338 EBX=011C4C0C ESP=0032F800 EBP=011C4C02 ESI=011C4C27 EDI=811C4C98 EFLAG=00000202
011C5B62	JNZ      0x11c5bd8                                        EAX=011C4C23 ECX=00000000 EDX=011CB338 EBX=011C4C0C ESP=0032F800 EBP=011C4C02 ESI=011C4C27 EDI=811C4C98 EFLAG=00000202
011C5BD8	SUB      ECX, ESI                                         EAX=011C4C23 ECX=00000000 EDX=011CB338 EBX=011C4C0C ESP=0032F800 EBP=011C4C02 ESI=011C4C27 EDI=811C4C98 EFLAG=00000202
011C5BDA	AND      ECX, EDI                                         EAX=011C4C23 ECX=FEE3B3D9 EDX=011CB338 EBX=011C4C0C ESP=0032F800 EBP=011C4C02 ESI=011C4C27 EDI=811C4C98 EFLAG=00000293
011C5BDC	OR       ECX, 0x78                                        EAX=011C4C23 ECX=80000098 EDX=011CB338 EBX=011C4C0C ESP=0032F800 EBP=011C4C02 ESI=011C4C27 EDI=811C4C98 EFLAG=00000282
011C5BE2	ADD      ECX, 0x42                                        EAX=011C4C23 ECX=800000F8 EDX=011CB338 EBX=011C4C0C ESP=0032F800 EBP=011C4C02 ESI=011C4C27 EDI=811C4C98 EFLAG=00000282
011C5BE8	ADD      ECX, ECX                                         EAX=011C4C23 ECX=8000013A EDX=011CB338 EBX=011C4C0C ESP=0032F800 EBP=011C4C02 ESI=011C4C27 EDI=811C4C98 EFLAG=00000286
011C5BEA	MOV      ESI, EBP                                         EAX=011C4C23 ECX=00000274 EDX=011CB338 EBX=011C4C0C ESP=0032F800 EBP=011C4C02 ESI=011C4C27 EDI=811C4C98 EFLAG=00000A17
011C5BEC	XOR      ECX, 0x90                                        EAX=011C4C23 ECX=00000274 EDX=011CB338 EBX=011C4C0C ESP=0032F800 EBP=011C4C02 ESI=011C4C02 EDI=811C4C98 EFLAG=00000A17
011C5BF2	XOR      ECX, 0x4                                         EAX=011C4C23 ECX=000002E4 EDX=011CB338 EBX=011C4C0C ESP=0032F800 EBP=011C4C02 ESI=011C4C02 EDI=811C4C98 EFLAG=00000206
011C5BF8	ADD      ESI, 0x25                                        EAX=011C4C23 ECX=000002E0 EDX=011CB338 EBX=011C4C0C ESP=0032F800 EBP=011C4C02 ESI=011C4C02 EDI=811C4C98 EFLAG=00000202
011C5BFE	OR       ECX, 0xc2                                        EAX=011C4C23 ECX=000002E0 EDX=011CB338 EBX=011C4C0C ESP=0032F800 EBP=011C4C02 ESI=011C4C27 EDI=811C4C98 EFLAG=00000206
011C5C04	OR       ECX, EDI                                         EAX=011C4C23 ECX=000002E2 EDX=011CB338 EBX=011C4C0C ESP=0032F800 EBP=011C4C02 ESI=011C4C27 EDI=811C4C98 EFLAG=00000206
011C5C06	MOV      DL, [ESI]                                        EAX=011C4C23 ECX=811C4EFA EDX=011CB338 EBX=011C4C0C ESP=0032F800 EBP=011C4C02 ESI=011C4C27 EDI=811C4C98 EFLAG=00000286
011C5C08	ADD      EDI, 0x4                                         EAX=011C4C23 ECX=811C4EFA EDX=011CB300 EBX=011C4C0C ESP=0032F800 EBP=011C4C02 ESI=011C4C27 EDI=811C4C98 EFLAG=00000286
011C5C0E	AND      ECX, 0xc7                                        EAX=011C4C23 ECX=811C4EFA EDX=011CB300 EBX=011C4C0C ESP=0032F800 EBP=011C4C02 ESI=011C4C27 EDI=811C4C9C EFLAG=00000286
011C5C14	AND      ECX, 0x1                                         EAX=011C4C23 ECX=000000C2 EDX=011CB300 EBX=011C4C0C ESP=0032F800 EBP=011C4C02 ESI=011C4C27 EDI=811C4C9C EFLAG=00000202
011C5C1A	OR       EDI, 0xc2                                        EAX=011C4C23 ECX=00000000 EDX=011CB300 EBX=011C4C0C ESP=0032F800 EBP=011C4C02 ESI=011C4C27 EDI=811C4C9C EFLAG=00000246
011C5C20	OR       ECX, 0x7                                         EAX=011C4C23 ECX=00000000 EDX=011CB300 EBX=011C4C0C ESP=0032F800 EBP=011C4C02 ESI=011C4C27 EDI=811C4CDE EFLAG=00000286
011C5C26	SUB      DL, 0x48                                         EAX=011C4C23 ECX=00000007 EDX=011CB300 EBX=011C4C0C ESP=0032F800 EBP=011C4C02 ESI=011C4C27 EDI=811C4CDE EFLAG=00000202
011C5C29	ADD      DL, 0x47                                         EAX=011C4C23 ECX=00000007 EDX=011CB3B8 EBX=011C4C0C ESP=0032F800 EBP=011C4C02 ESI=011C4C27 EDI=811C4CDE EFLAG=00000297
011C5C2C	AND      EDI, EDI                                         EAX=011C4C23 ECX=00000007 EDX=011CB3FF EBX=011C4C0C ESP=0032F800 EBP=011C4C02 ESI=011C4C27 EDI=811C4CDE EFLAG=00000286
011C5C2E	SUB      DL, 0x90                                         EAX=011C4C23 ECX=00000007 EDX=011CB3FF EBX=011C4C0C ESP=0032F800 EBP=011C4C02 ESI=011C4C27 EDI=811C4CDE EFLAG=00000286
011C5C31	CMP      DL, 0x0                                          EAX=011C4C23 ECX=00000007 EDX=011CB36F EBX=011C4C0C ESP=0032F800 EBP=011C4C02 ESI=011C4C27 EDI=811C4CDE EFLAG=00000206
011C5C34	JNZ      0x11c5c97                                        EAX=011C4C23 ECX=00000007 EDX=011CB36F EBX=011C4C0C ESP=0032F800 EBP=011C4C02 ESI=011C4C27 EDI=811C4CDE EFLAG=00000206
011C5C97	ADD      EDI, EDI                                         EAX=011C4C23 ECX=00000007 EDX=011CB36F EBX=011C4C0C ESP=0032F800 EBP=011C4C02 ESI=011C4C27 EDI=811C4CDE EFLAG=00000206
011C5C99	MOV      ESI, EBP                                         EAX=011C4C23 ECX=00000007 EDX=011CB36F EBX=011C4C0C ESP=0032F800 EBP=011C4C02 ESI=011C4C27 EDI=023899BC EFLAG=00000A13
011C5C9B	XOR      EDI, 0x24                                        EAX=011C4C23 ECX=00000007 EDX=011CB36F EBX=011C4C0C ESP=0032F800 EBP=011C4C02 ESI=011C4C02 EDI=023899BC EFLAG=00000A13
011C5CA1	MOV      EDI, 0x1                                         EAX=011C4C23 ECX=00000007 EDX=011CB36F EBX=011C4C0C ESP=0032F800 EBP=011C4C02 ESI=011C4C02 EDI=02389998 EFLAG=00000202
011C5CA6	MOV      EDI, 0x0                                         EAX=011C4C23 ECX=00000007 EDX=011CB36F EBX=011C4C0C ESP=0032F800 EBP=011C4C02 ESI=011C4C02 EDI=00000001 EFLAG=00000202
011C5CAB	ADD      ESI, 0x68                                        EAX=011C4C23 ECX=00000007 EDX=011CB36F EBX=011C4C0C ESP=0032F800 EBP=011C4C02 ESI=011C4C02 EDI=00000000 EFLAG=00000202
011C5CB1	XOR      EDI, 0xaa                                        EAX=011C4C23 ECX=00000007 EDX=011CB36F EBX=011C4C0C ESP=0032F800 EBP=011C4C02 ESI=011C4C6A EDI=00000000 EFLAG=00000206
011C5CB7	MOV      EAX, EBP                                         EAX=011C4C23 ECX=00000007 EDX=011CB36F EBX=011C4C0C ESP=0032F800 EBP=011C4C02 ESI=011C4C6A EDI=000000AA EFLAG=00000206
011C5CB9	XOR      EDI, 0xc7                                        EAX=011C4C02 ECX=00000007 EDX=011CB36F EBX=011C4C0C ESP=0032F800 EBP=011C4C02 ESI=011C4C6A EDI=000000AA EFLAG=00000206
011C5CBF	OR       EDI, ECX                                         EAX=011C4C02 ECX=00000007 EDX=011CB36F EBX=011C4C0C ESP=0032F800 EBP=011C4C02 ESI=011C4C6A EDI=0000006D EFLAG=00000202
011C5CC1	MOV      ESI, [ESI]                                       EAX=011C4C02 ECX=00000007 EDX=011CB36F EBX=011C4C0C ESP=0032F800 EBP=011C4C02 ESI=011C4C6A EDI=0000006F EFLAG=00000206
011C5CC3	OR       EDI, 0xf0                                        EAX=011C4C02 ECX=00000007 EDX=011CB36F EBX=011C4C0C ESP=0032F800 EBP=011C4C02 ESI=011E87F0 EDI=0000006F EFLAG=00000206
011C5CC9	ADD      EAX, 0x7f                                        EAX=011C4C02 ECX=00000007 EDX=011CB36F EBX=011C4C0C ESP=0032F800 EBP=011C4C02 ESI=011E87F0 EDI=000000FF EFLAG=00000206
011C5CCE	MOV      EAX, [EAX]                                       EAX=011C4C81 ECX=00000007 EDX=011CB36F EBX=011C4C0C ESP=0032F800 EBP=011C4C02 ESI=011E87F0 EDI=000000FF EFLAG=00000216
011C5CD0	AND      EDI, EBX                                         EAX=012DBB0B ECX=00000007 EDX=011CB36F EBX=011C4C0C ESP=0032F800 EBP=011C4C02 ESI=011E87F0 EDI=000000FF EFLAG=00000216
011C5CD2	AND      EDI, 0xffff                                      EAX=012DBB0B ECX=00000007 EDX=011CB36F EBX=011C4C0C ESP=0032F800 EBP=011C4C02 ESI=011E87F0 EDI=0000000C EFLAG=00000206
011C5CD8	XOR      EDI, EAX                                         EAX=012DBB0B ECX=00000007 EDX=011CB36F EBX=011C4C0C ESP=0032F800 EBP=011C4C02 ESI=011E87F0 EDI=0000000C EFLAG=00000206
011C5CDA	ADD      EDI, EDI                                         EAX=012DBB0B ECX=00000007 EDX=011CB36F EBX=011C4C0C ESP=0032F800 EBP=011C4C02 ESI=011E87F0 EDI=012DBB07 EFLAG=00000202
011C5CDC	ADD      EDI, 0x42                                        EAX=012DBB0B ECX=00000007 EDX=011CB36F EBX=011C4C0C ESP=0032F800 EBP=011C4C02 ESI=011E87F0 EDI=025B760E EFLAG=00000202
011C5CE2	ADD      EAX, 0x2                                         EAX=012DBB0B ECX=00000007 EDX=011CB36F EBX=011C4C0C ESP=0032F800 EBP=011C4C02 ESI=011E87F0 EDI=025B7650 EFLAG=00000216
011C5CE7	XOR      EDI, 0xffff                                      EAX=012DBB0D ECX=00000007 EDX=011CB36F EBX=011C4C0C ESP=0032F800 EBP=011C4C02 ESI=011E87F0 EDI=025B7650 EFLAG=00000202
011C5CED	MOVZX    EAX, WORD [EAX]                                  EAX=012DBB0D ECX=00000007 EDX=011CB36F EBX=011C4C0C ESP=0032F800 EBP=011C4C02 ESI=011E87F0 EDI=025B89AF EFLAG=00000206
011C5CF0	MOV      EDI, 0x1                                         EAX=000030D6 ECX=00000007 EDX=011CB36F EBX=011C4C0C ESP=0032F800 EBP=011C4C02 ESI=011E87F0 EDI=025B89AF EFLAG=00000206
011C5CF5	AND      EDI, EBX                                         EAX=000030D6 ECX=00000007 EDX=011CB36F EBX=011C4C0C ESP=0032F800 EBP=011C4C02 ESI=011E87F0 EDI=00000001 EFLAG=00000206
011C5CF7	OR       EDI, EAX                                         EAX=000030D6 ECX=00000007 EDX=011CB36F EBX=011C4C0C ESP=0032F800 EBP=011C4C02 ESI=011E87F0 EDI=00000000 EFLAG=00000246
011C5CF9	OR       EDI, EDI                                         EAX=000030D6 ECX=00000007 EDX=011CB36F EBX=011C4C0C ESP=0032F800 EBP=011C4C02 ESI=011E87F0 EDI=000030D6 EFLAG=00000202
011C5CFB	OR       EDI, 0x1c                                        EAX=000030D6 ECX=00000007 EDX=011CB36F EBX=011C4C0C ESP=0032F800 EBP=011C4C02 ESI=011E87F0 EDI=000030D6 EFLAG=00000202
011C5D01	MOV      EDX, EBP                                         EAX=000030D6 ECX=00000007 EDX=011CB36F EBX=011C4C0C ESP=0032F800 EBP=011C4C02 ESI=011E87F0 EDI=000030DE EFLAG=00000206
011C5D03	OR       EDI, 0xaa                                        EAX=000030D6 ECX=00000007 EDX=011C4C02 EBX=011C4C0C ESP=0032F800 EBP=011C4C02 ESI=011E87F0 EDI=000030DE EFLAG=00000206
011C5D09	XOR      EDI, EBX                                         EAX=000030D6 ECX=00000007 EDX=011C4C02 EBX=011C4C0C ESP=0032F800 EBP=011C4C02 ESI=011E87F0 EDI=000030FE EFLAG=00000202
011C5D0B	ADD      EDX, 0x8b                                        EAX=000030D6 ECX=00000007 EDX=011C4C02 EBX=011C4C0C ESP=0032F800 EBP=011C4C02 ESI=011E87F0 EDI=011C7CF2 EFLAG=00000202
011C5D11	SUB      EDI, 0x800                                       EAX=000030D6 ECX=00000007 EDX=011C4C8D EBX=011C4C0C ESP=0032F800 EBP=011C4C02 ESI=011E87F0 EDI=011C7CF2 EFLAG=00000206
011C5D17	OR       EDI, EDI                                         EAX=000030D6 ECX=00000007 EDX=011C4C8D EBX=011C4C0C ESP=0032F800 EBP=011C4C02 ESI=011E87F0 EDI=011C74F2 EFLAG=00000202
011C5D19	ADD      EAX, [EDX]                                       EAX=000030D6 ECX=00000007 EDX=011C4C8D EBX=011C4C0C ESP=0032F800 EBP=011C4C02 ESI=011E87F0 EDI=011C74F2 EFLAG=00000202
011C5D1B	ADD      EDI, 0x1                                         EAX=000030D6 ECX=00000007 EDX=011C4C8D EBX=011C4C0C ESP=0032F800 EBP=011C4C02 ESI=011E87F0 EDI=011C74F2 EFLAG=00000202
011C5D21	XOR      EDI, 0x40                                        EAX=000030D6 ECX=00000007 EDX=011C4C8D EBX=011C4C0C ESP=0032F800 EBP=011C4C02 ESI=011E87F0 EDI=011C74F3 EFLAG=00000206
011C5D27	MOV      EDI, 0xa                                         EAX=000030D6 ECX=00000007 EDX=011C4C8D EBX=011C4C0C ESP=0032F800 EBP=011C4C02 ESI=011E87F0 EDI=011C74B3 EFLAG=00000202
011C5D2C	OR       EDI, 0xf0                                        EAX=000030D6 ECX=00000007 EDX=011C4C8D EBX=011C4C0C ESP=0032F800 EBP=011C4C02 ESI=011E87F0 EDI=0000000A EFLAG=00000202
011C5D32	ADD      EDI, 0xe5                                        EAX=000030D6 ECX=00000007 EDX=011C4C8D EBX=011C4C0C ESP=0032F800 EBP=011C4C02 ESI=011E87F0 EDI=000000FA EFLAG=00000206
011C5D38	SUB      ECX, EBX                                         EAX=000030D6 ECX=00000007 EDX=011C4C8D EBX=011C4C0C ESP=0032F800 EBP=011C4C02 ESI=011E87F0 EDI=000001DF EFLAG=00000202
011C5D3A	OR       EDI, 0x80                                        EAX=000030D6 ECX=FEE3B3FB EDX=011C4C8D EBX=011C4C0C ESP=0032F800 EBP=011C4C02 ESI=011E87F0 EDI=000001DF EFLAG=00000293
011C5D40	MOV      EDX, EBP                                         EAX=000030D6 ECX=FEE3B3FB EDX=011C4C8D EBX=011C4C0C ESP=0032F800 EBP=011C4C02 ESI=011E87F0 EDI=000001DF EFLAG=00000202
011C5D42	XOR      EDI, EBX                                         EAX=000030D6 ECX=FEE3B3FB EDX=011C4C02 EBX=011C4C0C ESP=0032F800 EBP=011C4C02 ESI=011E87F0 EDI=000001DF EFLAG=00000202
011C5D44	SUB      EDI, ESI                                         EAX=000030D6 ECX=FEE3B3FB EDX=011C4C02 EBX=011C4C0C ESP=0032F800 EBP=011C4C02 ESI=011E87F0 EDI=011C4DD3 EFLAG=00000202
011C5D46	ADD      EDX, 0x4                                         EAX=000030D6 ECX=FEE3B3FB EDX=011C4C02 EBX=011C4C0C ESP=0032F800 EBP=011C4C02 ESI=011E87F0 EDI=FFFDC5E3 EFLAG=00000283
011C5D4C	ADD      EDI, ECX                                         EAX=000030D6 ECX=FEE3B3FB EDX=011C4C06 EBX=011C4C0C ESP=0032F800 EBP=011C4C02 ESI=011E87F0 EDI=FFFDC5E3 EFLAG=00000206
011C5D4E	AND      EDI, 0x1b                                        EAX=000030D6 ECX=FEE3B3FB EDX=011C4C06 EBX=011C4C0C ESP=0032F800 EBP=011C4C02 ESI=011E87F0 EDI=FEE179DE EFLAG=00000287
011C5D54	SUB      [EDX], ECX                                       EAX=000030D6 ECX=FEE3B3FB EDX=011C4C06 EBX=011C4C0C ESP=0032F800 EBP=011C4C02 ESI=011E87F0 EDI=0000001A EFLAG=00000202
011C5D56	XOR      EAX, 0xd8fa2e2                                   EAX=000030D6 ECX=FEE3B3FB EDX=011C4C06 EBX=011C4C0C ESP=0032F800 EBP=011C4C02 ESI=011E87F0 EDI=0000001A EFLAG=00000287
011C5D5B	MOV      EDX, EBP                                         EAX=0D8F9234 ECX=FEE3B3FB EDX=011C4C06 EBX=011C4C0C ESP=0032F800 EBP=011C4C02 ESI=011E87F0 EDI=0000001A EFLAG=00000202
011C5D5D	ADD      EDX, 0x8b                                        EAX=0D8F9234 ECX=FEE3B3FB EDX=011C4C02 EBX=011C4C0C ESP=0032F800 EBP=011C4C02 ESI=011E87F0 EDI=0000001A EFLAG=00000202
011C5D63	AND      EAX, 0xffff                                      EAX=0D8F9234 ECX=FEE3B3FB EDX=011C4C8D EBX=011C4C0C ESP=0032F800 EBP=011C4C02 ESI=011E87F0 EDI=0000001A EFLAG=00000206
011C5D68	ADD      EDI, 0xbe                                        EAX=00009234 ECX=FEE3B3FB EDX=011C4C8D EBX=011C4C0C ESP=0032F800 EBP=011C4C02 ESI=011E87F0 EDI=0000001A EFLAG=00000202
011C5D6E	AND      EDI, 0x1                                         EAX=00009234 ECX=FEE3B3FB EDX=011C4C8D EBX=011C4C0C ESP=0032F800 EBP=011C4C02 ESI=011E87F0 EDI=000000D8 EFLAG=00000216
011C5D74	MOV      EDI, 0x0                                         EAX=00009234 ECX=FEE3B3FB EDX=011C4C8D EBX=011C4C0C ESP=0032F800 EBP=011C4C02 ESI=011E87F0 EDI=00000000 EFLAG=00000246
011C5D79	SUB      EDI, 0x1                                         EAX=00009234 ECX=FEE3B3FB EDX=011C4C8D EBX=011C4C0C ESP=0032F800 EBP=011C4C02 ESI=011E87F0 EDI=00000000 EFLAG=00000246
011C5D7F	SHL      EAX, 0x2                                         EAX=00009234 ECX=FEE3B3FB EDX=011C4C8D EBX=011C4C0C ESP=0032F800 EBP=011C4C02 ESI=011E87F0 EDI=FFFFFFFF EFLAG=00000297
011C5D82	OR       EDI, 0xaa                                        EAX=000248D0 ECX=FEE3B3FB EDX=011C4C8D EBX=011C4C0C ESP=0032F800 EBP=011C4C02 ESI=011E87F0 EDI=FFFFFFFF EFLAG=00000202
011C5D88	MOV      EDI, 0x0                                         EAX=000248D0 ECX=FEE3B3FB EDX=011C4C8D EBX=011C4C0C ESP=0032F800 EBP=011C4C02 ESI=011E87F0 EDI=FFFFFFFF EFLAG=00000286
011C5D8D	XOR      EDI, 0x1                                         EAX=000248D0 ECX=FEE3B3FB EDX=011C4C8D EBX=011C4C0C ESP=0032F800 EBP=011C4C02 ESI=011E87F0 EDI=00000000 EFLAG=00000286
011C5D93	OR       EDI, EDX                                         EAX=000248D0 ECX=FEE3B3FB EDX=011C4C8D EBX=011C4C0C ESP=0032F800 EBP=011C4C02 ESI=011E87F0 EDI=00000001 EFLAG=00000202
011C5D95	MOV      EDI, EAX                                         EAX=000248D0 ECX=FEE3B3FB EDX=011C4C8D EBX=011C4C0C ESP=0032F800 EBP=011C4C02 ESI=011E87F0 EDI=011C4C8D EFLAG=00000206
011C5D97	ADD      ESI, EAX                                         EAX=000248D0 ECX=FEE3B3FB EDX=011C4C8D EBX=011C4C0C ESP=0032F800 EBP=011C4C02 ESI=011E87F0 EDI=000248D0 EFLAG=00000206
011C5D99	AND      EDI, 0xf0                                        EAX=000248D0 ECX=FEE3B3FB EDX=011C4C8D EBX=011C4C0C ESP=0032F800 EBP=011C4C02 ESI=0120D0C0 EDI=000248D0 EFLAG=00000206
011C5D9F	MOV      EAX, [ESI]                                       EAX=000248D0 ECX=FEE3B3FB EDX=011C4C8D EBX=011C4C0C ESP=0032F800 EBP=011C4C02 ESI=0120D0C0 EDI=000000D0 EFLAG=00000202
011C5DA1	ADD      EDI, 0x7                                         EAX=703CA49A ECX=FEE3B3FB EDX=011C4C8D EBX=011C4C0C ESP=0032F800 EBP=011C4C02 ESI=0120D0C0 EDI=000000D0 EFLAG=00000202
011C5DA7	SUB      EDI, 0xbe                                        EAX=703CA49A ECX=FEE3B3FB EDX=011C4C8D EBX=011C4C0C ESP=0032F800 EBP=011C4C02 ESI=0120D0C0 EDI=000000D7 EFLAG=00000206
011C5DAD	XOR      EDI, ESI                                         EAX=703CA49A ECX=FEE3B3FB EDX=011C4C8D EBX=011C4C0C ESP=0032F800 EBP=011C4C02 ESI=0120D0C0 EDI=00000019 EFLAG=00000212
011C5DAF	MOV      EDI, EBP                                         EAX=703CA49A ECX=FEE3B3FB EDX=011C4C8D EBX=011C4C0C ESP=0032F800 EBP=011C4C02 ESI=0120D0C0 EDI=0120D0D9 EFLAG=00000202
011C5DB1	ADD      EDI, 0x7f                                        EAX=703CA49A ECX=FEE3B3FB EDX=011C4C8D EBX=011C4C0C ESP=0032F800 EBP=011C4C02 ESI=0120D0C0 EDI=011C4C02 EFLAG=00000202
011C5DB7	ADD      DWORD [EDI], 0xa                                 EAX=703CA49A ECX=FEE3B3FB EDX=011C4C8D EBX=011C4C0C ESP=0032F800 EBP=011C4C02 ESI=0120D0C0 EDI=011C4C81 EFLAG=00000216
011C5DBD	JMP      EAX                                              EAX=703CA49A ECX=FEE3B3FB EDX=011C4C8D EBX=011C4C0C ESP=0032F800 EBP=011C4C02 ESI=0120D0C0 EDI=011C4C81 EFLAG=00000212
