011B100B	JMP      0x12dc111                                        EAX=05091BB8 ECX=00000001 EDX=001FE0F8 EBX=775D41B5 ESP=0032F82C EBP=0032F87C ESI=00000000 EDI=00530006 EFLAG=00000202
012DC111	JMP      0x12dc124                                        EAX=05091BB8 ECX=00000001 EDX=001FE0F8 EBX=775D41B5 ESP=0032F82C EBP=0032F87C ESI=00000000 EDI=00530006 EFLAG=00000202
012DC124	PUSHF                                                     EAX=05091BB8 ECX=00000001 EDX=001FE0F8 EBX=775D41B5 ESP=0032F82C EBP=0032F87C ESI=00000000 EDI=00530006 EFLAG=00000202
012DC125	PUSH     ECX                                              EAX=05091BB8 ECX=00000001 EDX=001FE0F8 EBX=775D41B5 ESP=0032F828 EBP=0032F87C ESI=00000000 EDI=00530006 EFLAG=00000202
012DC126	MOV      ECX, ESP                                         EAX=05091BB8 ECX=00000001 EDX=001FE0F8 EBX=775D41B5 ESP=0032F824 EBP=0032F87C ESI=00000000 EDI=00530006 EFLAG=00000202
012DC128	ADD      ECX, 0x4                                         EAX=05091BB8 ECX=0032F824 EDX=001FE0F8 EBX=775D41B5 ESP=0032F824 EBP=0032F87C ESI=00000000 EDI=00530006 EFLAG=00000202
012DC12E	SUB      ECX, 0x4                                         EAX=05091BB8 ECX=0032F828 EDX=001FE0F8 EBX=775D41B5 ESP=0032F824 EBP=0032F87C ESI=00000000 EDI=00530006 EFLAG=00000206
012DC131	PUSH     ECX                                              EAX=05091BB8 ECX=0032F824 EDX=001FE0F8 EBX=775D41B5 ESP=0032F824 EBP=0032F87C ESI=00000000 EDI=00530006 EFLAG=00000206
012DC132	PUSH     DWORD [ESP+0x4]                                  EAX=05091BB8 ECX=0032F824 EDX=001FE0F8 EBX=775D41B5 ESP=0032F820 EBP=0032F87C ESI=00000000 EDI=00530006 EFLAG=00000206
012DC136	POP      ECX                                              EAX=05091BB8 ECX=0032F824 EDX=001FE0F8 EBX=775D41B5 ESP=0032F81C EBP=0032F87C ESI=00000000 EDI=00530006 EFLAG=00000206
012DC137	POP      DWORD [ESP]                                      EAX=05091BB8 ECX=00000001 EDX=001FE0F8 EBX=775D41B5 ESP=0032F820 EBP=0032F87C ESI=00000000 EDI=00530006 EFLAG=00000206
012DC13A	MOV      ESP, [ESP]                                       EAX=05091BB8 ECX=00000001 EDX=001FE0F8 EBX=775D41B5 ESP=0032F824 EBP=0032F87C ESI=00000000 EDI=00530006 EFLAG=00000206
012DC13D	MOV      [ESP], EBP                                       EAX=05091BB8 ECX=00000001 EDX=001FE0F8 EBX=775D41B5 ESP=0032F824 EBP=0032F87C ESI=00000000 EDI=00530006 EFLAG=00000206
012DC140	MOV      DWORD [ESP], 0x2d                                EAX=05091BB8 ECX=00000001 EDX=001FE0F8 EBX=775D41B5 ESP=0032F824 EBP=0032F87C ESI=00000000 EDI=00530006 EFLAG=00000206
012DC147	PUSH     DWORD 0xcbdd9ae                                  EAX=05091BB8 ECX=00000001 EDX=001FE0F8 EBX=775D41B5 ESP=0032F824 EBP=0032F87C ESI=00000000 EDI=00530006 EFLAG=00000206
012DC14C	MOV      [ESP], EBP                                       EAX=05091BB8 ECX=00000001 EDX=001FE0F8 EBX=775D41B5 ESP=0032F820 EBP=0032F87C ESI=00000000 EDI=00530006 EFLAG=00000206
012DC14F	MOV      DWORD [ESP], 0x3feea1c6                          EAX=05091BB8 ECX=00000001 EDX=001FE0F8 EBX=775D41B5 ESP=0032F820 EBP=0032F87C ESI=00000000 EDI=00530006 EFLAG=00000206
012DC156	PUSH     EDI                                              EAX=05091BB8 ECX=00000001 EDX=001FE0F8 EBX=775D41B5 ESP=0032F820 EBP=0032F87C ESI=00000000 EDI=00530006 EFLAG=00000206
012DC157	MOV      [ESP], ECX                                       EAX=05091BB8 ECX=00000001 EDX=001FE0F8 EBX=775D41B5 ESP=0032F81C EBP=0032F87C ESI=00000000 EDI=00530006 EFLAG=00000206
012DC15A	MOV      ECX, 0x3fdbe6c5                                  EAX=05091BB8 ECX=00000001 EDX=001FE0F8 EBX=775D41B5 ESP=0032F81C EBP=0032F87C ESI=00000000 EDI=00530006 EFLAG=00000206
012DC15F	SUB      [ESP+0x4], ECX                                   EAX=05091BB8 ECX=3FDBE6C5 EDX=001FE0F8 EBX=775D41B5 ESP=0032F81C EBP=0032F87C ESI=00000000 EDI=00530006 EFLAG=00000206
012DC163	POP      ECX                                              EAX=05091BB8 ECX=3FDBE6C5 EDX=001FE0F8 EBX=775D41B5 ESP=0032F81C EBP=0032F87C ESI=00000000 EDI=00530006 EFLAG=00000202
012DC164	PUSH     EDI                                              EAX=05091BB8 ECX=00000001 EDX=001FE0F8 EBX=775D41B5 ESP=0032F820 EBP=0032F87C ESI=00000000 EDI=00530006 EFLAG=00000202
012DC165	PUSH     ESP                                              EAX=05091BB8 ECX=00000001 EDX=001FE0F8 EBX=775D41B5 ESP=0032F81C EBP=0032F87C ESI=00000000 EDI=00530006 EFLAG=00000202
012DC166	POP      EDI                                              EAX=05091BB8 ECX=00000001 EDX=001FE0F8 EBX=775D41B5 ESP=0032F818 EBP=0032F87C ESI=00000000 EDI=00530006 EFLAG=00000202
012DC167	PUSH     EDX                                              EAX=05091BB8 ECX=00000001 EDX=001FE0F8 EBX=775D41B5 ESP=0032F81C EBP=0032F87C ESI=00000000 EDI=0032F81C EFLAG=00000202
012DC168	MOV      EDX, 0x70dfcee7                                  EAX=05091BB8 ECX=00000001 EDX=001FE0F8 EBX=775D41B5 ESP=0032F818 EBP=0032F87C ESI=00000000 EDI=0032F81C EFLAG=00000202
012DC16D	NEG      EDX                                              EAX=05091BB8 ECX=00000001 EDX=70DFCEE7 EBX=775D41B5 ESP=0032F818 EBP=0032F87C ESI=00000000 EDI=0032F81C EFLAG=00000202
012DC16F	XOR      EDX, 0x7fbc93d2                                  EAX=05091BB8 ECX=00000001 EDX=8F203119 EBX=775D41B5 ESP=0032F818 EBP=0032F87C ESI=00000000 EDI=0032F81C EFLAG=00000293
012DC175	XOR      EDX, 0x3efd6dc                                   EAX=05091BB8 ECX=00000001 EDX=F09CA2CB EBX=775D41B5 ESP=0032F818 EBP=0032F87C ESI=00000000 EDI=0032F81C EFLAG=00000282
012DC17B	XOR      EDX, 0x3bcc9bd5                                  EAX=05091BB8 ECX=00000001 EDX=F3737417 EBX=775D41B5 ESP=0032F818 EBP=0032F87C ESI=00000000 EDI=0032F81C EFLAG=00000286
012DC181	XOR      EDX, 0xc8bfefc6                                  EAX=05091BB8 ECX=00000001 EDX=C8BFEFC2 EBX=775D41B5 ESP=0032F818 EBP=0032F87C ESI=00000000 EDI=0032F81C EFLAG=00000282
012DC187	ADD      EDI, 0x6b7e0f65                                  EAX=05091BB8 ECX=00000001 EDX=00000004 EBX=775D41B5 ESP=0032F818 EBP=0032F87C ESI=00000000 EDI=0032F81C EFLAG=00000202
012DC18D	ADD      EDI, EDX                                         EAX=05091BB8 ECX=00000001 EDX=00000004 EBX=775D41B5 ESP=0032F818 EBP=0032F87C ESI=00000000 EDI=6BB10781 EFLAG=00000216
012DC18F	SUB      EDI, 0x6b7e0f65                                  EAX=05091BB8 ECX=00000001 EDX=00000004 EBX=775D41B5 ESP=0032F818 EBP=0032F87C ESI=00000000 EDI=6BB10785 EFLAG=00000202
012DC195	POP      EDX                                              EAX=05091BB8 ECX=00000001 EDX=00000004 EBX=775D41B5 ESP=0032F818 EBP=0032F87C ESI=00000000 EDI=0032F820 EFLAG=00000202
012DC196	SUB      EDI, 0x4                                         EAX=05091BB8 ECX=00000001 EDX=001FE0F8 EBX=775D41B5 ESP=0032F81C EBP=0032F87C ESI=00000000 EDI=0032F820 EFLAG=00000202
012DC19C	XCHG     [ESP], EDI                                       EAX=05091BB8 ECX=00000001 EDX=001FE0F8 EBX=775D41B5 ESP=0032F81C EBP=0032F87C ESI=00000000 EDI=0032F81C EFLAG=00000212
012DC19F	POP      ESP                                              EAX=05091BB8 ECX=00000001 EDX=001FE0F8 EBX=775D41B5 ESP=0032F81C EBP=0032F87C ESI=00000000 EDI=00530006 EFLAG=00000212
012DC1A0	MOV      [ESP], EAX                                       EAX=05091BB8 ECX=00000001 EDX=001FE0F8 EBX=775D41B5 ESP=0032F81C EBP=0032F87C ESI=00000000 EDI=00530006 EFLAG=00000212
012DC1A3	PUSH     ESI                                              EAX=05091BB8 ECX=00000001 EDX=001FE0F8 EBX=775D41B5 ESP=0032F81C EBP=0032F87C ESI=00000000 EDI=00530006 EFLAG=00000212
012DC1A4	MOV      ESI, ESP                                         EAX=05091BB8 ECX=00000001 EDX=001FE0F8 EBX=775D41B5 ESP=0032F818 EBP=0032F87C ESI=00000000 EDI=00530006 EFLAG=00000212
012DC1A6	PUSH     ECX                                              EAX=05091BB8 ECX=00000001 EDX=001FE0F8 EBX=775D41B5 ESP=0032F818 EBP=0032F87C ESI=0032F818 EDI=00530006 EFLAG=00000212
012DC1A7	MOV      ECX, 0x4                                         EAX=05091BB8 ECX=00000001 EDX=001FE0F8 EBX=775D41B5 ESP=0032F814 EBP=0032F87C ESI=0032F818 EDI=00530006 EFLAG=00000212
012DC1AC	ADD      ESI, ECX                                         EAX=05091BB8 ECX=00000004 EDX=001FE0F8 EBX=775D41B5 ESP=0032F814 EBP=0032F87C ESI=0032F818 EDI=00530006 EFLAG=00000212
012DC1AE	POP      ECX                                              EAX=05091BB8 ECX=00000004 EDX=001FE0F8 EBX=775D41B5 ESP=0032F814 EBP=0032F87C ESI=0032F81C EDI=00530006 EFLAG=00000202
012DC1AF	SUB      ESI, 0x4                                         EAX=05091BB8 ECX=00000001 EDX=001FE0F8 EBX=775D41B5 ESP=0032F818 EBP=0032F87C ESI=0032F81C EDI=00530006 EFLAG=00000202
012DC1B2	XCHG     [ESP], ESI                                       EAX=05091BB8 ECX=00000001 EDX=001FE0F8 EBX=775D41B5 ESP=0032F818 EBP=0032F87C ESI=0032F818 EDI=00530006 EFLAG=00000206
012DC1B5	POP      ESP                                              EAX=05091BB8 ECX=00000001 EDX=001FE0F8 EBX=775D41B5 ESP=0032F818 EBP=0032F87C ESI=00000000 EDI=00530006 EFLAG=00000206
012DC1B6	MOV      [ESP], EBX                                       EAX=05091BB8 ECX=00000001 EDX=001FE0F8 EBX=775D41B5 ESP=0032F818 EBP=0032F87C ESI=00000000 EDI=00530006 EFLAG=00000206
012DC1B9	MOV      [ESP], EBP                                       EAX=05091BB8 ECX=00000001 EDX=001FE0F8 EBX=775D41B5 ESP=0032F818 EBP=0032F87C ESI=00000000 EDI=00530006 EFLAG=00000206
012DC1BC	MOV      [ESP], EBX                                       EAX=05091BB8 ECX=00000001 EDX=001FE0F8 EBX=775D41B5 ESP=0032F818 EBP=0032F87C ESI=00000000 EDI=00530006 EFLAG=00000206
012DC1BF	PUSH     DWORD [ESP+0x10]                                 EAX=05091BB8 ECX=00000001 EDX=001FE0F8 EBX=775D41B5 ESP=0032F818 EBP=0032F87C ESI=00000000 EDI=00530006 EFLAG=00000206
012DC1C3	PUSH     DWORD [ESP]                                      EAX=05091BB8 ECX=00000001 EDX=001FE0F8 EBX=775D41B5 ESP=0032F814 EBP=0032F87C ESI=00000000 EDI=00530006 EFLAG=00000206
012DC1C6	POP      EAX                                              EAX=05091BB8 ECX=00000001 EDX=001FE0F8 EBX=775D41B5 ESP=0032F810 EBP=0032F87C ESI=00000000 EDI=00530006 EFLAG=00000206
012DC1C7	PUSH     EDX                                              EAX=00000202 ECX=00000001 EDX=001FE0F8 EBX=775D41B5 ESP=0032F814 EBP=0032F87C ESI=00000000 EDI=00530006 EFLAG=00000206
012DC1C8	MOV      EDX, ESP                                         EAX=00000202 ECX=00000001 EDX=001FE0F8 EBX=775D41B5 ESP=0032F810 EBP=0032F87C ESI=00000000 EDI=00530006 EFLAG=00000206
012DC1CA	ADD      EDX, 0x4                                         EAX=00000202 ECX=00000001 EDX=0032F810 EBX=775D41B5 ESP=0032F810 EBP=0032F87C ESI=00000000 EDI=00530006 EFLAG=00000206
012DC1D0	ADD      EDX, 0x4                                         EAX=00000202 ECX=00000001 EDX=0032F814 EBX=775D41B5 ESP=0032F810 EBP=0032F87C ESI=00000000 EDI=00530006 EFLAG=00000206
012DC1D3	XCHG     [ESP], EDX                                       EAX=00000202 ECX=00000001 EDX=0032F818 EBX=775D41B5 ESP=0032F810 EBP=0032F87C ESI=00000000 EDI=00530006 EFLAG=00000206
012DC1D6	MOV      ESP, [ESP]                                       EAX=00000202 ECX=00000001 EDX=001FE0F8 EBX=775D41B5 ESP=0032F810 EBP=0032F87C ESI=00000000 EDI=00530006 EFLAG=00000206
012DC1D9	PUSH     DWORD [ESP+0x8]                                  EAX=00000202 ECX=00000001 EDX=001FE0F8 EBX=775D41B5 ESP=0032F818 EBP=0032F87C ESI=00000000 EDI=00530006 EFLAG=00000206
012DC1DD	PUSH     DWORD [ESP]                                      EAX=00000202 ECX=00000001 EDX=001FE0F8 EBX=775D41B5 ESP=0032F814 EBP=0032F87C ESI=00000000 EDI=00530006 EFLAG=00000206
012DC1E0	POP      EBX                                              EAX=00000202 ECX=00000001 EDX=001FE0F8 EBX=775D41B5 ESP=0032F810 EBP=0032F87C ESI=00000000 EDI=00530006 EFLAG=00000206
012DC1E1	PUSH     ECX                                              EAX=00000202 ECX=00000001 EDX=001FE0F8 EBX=0012BB01 ESP=0032F814 EBP=0032F87C ESI=00000000 EDI=00530006 EFLAG=00000206
012DC1E2	PUSH     ESP                                              EAX=00000202 ECX=00000001 EDX=001FE0F8 EBX=0012BB01 ESP=0032F810 EBP=0032F87C ESI=00000000 EDI=00530006 EFLAG=00000206
012DC1E3	POP      ECX                                              EAX=00000202 ECX=00000001 EDX=001FE0F8 EBX=0012BB01 ESP=0032F80C EBP=0032F87C ESI=00000000 EDI=00530006 EFLAG=00000206
012DC1E4	ADD      ECX, 0x4                                         EAX=00000202 ECX=0032F810 EDX=001FE0F8 EBX=0012BB01 ESP=0032F810 EBP=0032F87C ESI=00000000 EDI=00530006 EFLAG=00000206
012DC1EA	ADD      ECX, 0x4                                         EAX=00000202 ECX=0032F814 EDX=001FE0F8 EBX=0012BB01 ESP=0032F810 EBP=0032F87C ESI=00000000 EDI=00530006 EFLAG=00000206
012DC1F0	XCHG     [ESP], ECX                                       EAX=00000202 ECX=0032F818 EDX=001FE0F8 EBX=0012BB01 ESP=0032F810 EBP=0032F87C ESI=00000000 EDI=00530006 EFLAG=00000206
012DC1F3	POP      ESP                                              EAX=00000202 ECX=00000001 EDX=001FE0F8 EBX=0012BB01 ESP=0032F810 EBP=0032F87C ESI=00000000 EDI=00530006 EFLAG=00000206
012DC1F4	MOV      [ESP+0x8], EAX                                   EAX=00000202 ECX=00000001 EDX=001FE0F8 EBX=0012BB01 ESP=0032F818 EBP=0032F87C ESI=00000000 EDI=00530006 EFLAG=00000206
012DC1F8	MOV      [ESP+0x10], EBX                                  EAX=00000202 ECX=00000001 EDX=001FE0F8 EBX=0012BB01 ESP=0032F818 EBP=0032F87C ESI=00000000 EDI=00530006 EFLAG=00000206
012DC1FC	MOV      EBX, [ESP]                                       EAX=00000202 ECX=00000001 EDX=001FE0F8 EBX=0012BB01 ESP=0032F818 EBP=0032F87C ESI=00000000 EDI=00530006 EFLAG=00000206
012DC1FF	PUSH     EBX                                              EAX=00000202 ECX=00000001 EDX=001FE0F8 EBX=775D41B5 ESP=0032F818 EBP=0032F87C ESI=00000000 EDI=00530006 EFLAG=00000206
012DC200	PUSH     ESP                                              EAX=00000202 ECX=00000001 EDX=001FE0F8 EBX=775D41B5 ESP=0032F814 EBP=0032F87C ESI=00000000 EDI=00530006 EFLAG=00000206
012DC201	MOV      EBX, [ESP]                                       EAX=00000202 ECX=00000001 EDX=001FE0F8 EBX=775D41B5 ESP=0032F810 EBP=0032F87C ESI=00000000 EDI=00530006 EFLAG=00000206
012DC204	ADD      ESP, 0x4                                         EAX=00000202 ECX=00000001 EDX=001FE0F8 EBX=0032F814 ESP=0032F810 EBP=0032F87C ESI=00000000 EDI=00530006 EFLAG=00000206
012DC207	ADD      EBX, 0x4                                         EAX=00000202 ECX=00000001 EDX=001FE0F8 EBX=0032F814 ESP=0032F814 EBP=0032F87C ESI=00000000 EDI=00530006 EFLAG=00000206
012DC20D	ADD      EBX, 0x4                                         EAX=00000202 ECX=00000001 EDX=001FE0F8 EBX=0032F818 ESP=0032F814 EBP=0032F87C ESI=00000000 EDI=00530006 EFLAG=00000206
012DC210	PUSH     EBX                                              EAX=00000202 ECX=00000001 EDX=001FE0F8 EBX=0032F81C ESP=0032F814 EBP=0032F87C ESI=00000000 EDI=00530006 EFLAG=00000202
012DC211	PUSH     DWORD [ESP+0x4]                                  EAX=00000202 ECX=00000001 EDX=001FE0F8 EBX=0032F81C ESP=0032F810 EBP=0032F87C ESI=00000000 EDI=00530006 EFLAG=00000202
012DC215	POP      EBX                                              EAX=00000202 ECX=00000001 EDX=001FE0F8 EBX=0032F81C ESP=0032F80C EBP=0032F87C ESI=00000000 EDI=00530006 EFLAG=00000202
012DC216	POP      DWORD [ESP]                                      EAX=00000202 ECX=00000001 EDX=001FE0F8 EBX=775D41B5 ESP=0032F810 EBP=0032F87C ESI=00000000 EDI=00530006 EFLAG=00000202
012DC219	POP      ESP                                              EAX=00000202 ECX=00000001 EDX=001FE0F8 EBX=775D41B5 ESP=0032F814 EBP=0032F87C ESI=00000000 EDI=00530006 EFLAG=00000202
012DC21A	MOV      EAX, [ESP]                                       EAX=00000202 ECX=00000001 EDX=001FE0F8 EBX=775D41B5 ESP=0032F81C EBP=0032F87C ESI=00000000 EDI=00530006 EFLAG=00000202
012DC21D	PUSH     EBP                                              EAX=05091BB8 ECX=00000001 EDX=001FE0F8 EBX=775D41B5 ESP=0032F81C EBP=0032F87C ESI=00000000 EDI=00530006 EFLAG=00000202
012DC21E	PUSH     ESP                                              EAX=05091BB8 ECX=00000001 EDX=001FE0F8 EBX=775D41B5 ESP=0032F818 EBP=0032F87C ESI=00000000 EDI=00530006 EFLAG=00000202
012DC21F	MOV      EBP, [ESP]                                       EAX=05091BB8 ECX=00000001 EDX=001FE0F8 EBX=775D41B5 ESP=0032F814 EBP=0032F87C ESI=00000000 EDI=00530006 EFLAG=00000202
012DC222	ADD      ESP, 0x4                                         EAX=05091BB8 ECX=00000001 EDX=001FE0F8 EBX=775D41B5 ESP=0032F814 EBP=0032F818 ESI=00000000 EDI=00530006 EFLAG=00000202
012DC225	PUSH     EAX                                              EAX=05091BB8 ECX=00000001 EDX=001FE0F8 EBX=775D41B5 ESP=0032F818 EBP=0032F818 ESI=00000000 EDI=00530006 EFLAG=00000206
012DC226	MOV      EAX, 0x4                                         EAX=05091BB8 ECX=00000001 EDX=001FE0F8 EBX=775D41B5 ESP=0032F814 EBP=0032F818 ESI=00000000 EDI=00530006 EFLAG=00000206
012DC22B	ADD      EBP, EAX                                         EAX=00000004 ECX=00000001 EDX=001FE0F8 EBX=775D41B5 ESP=0032F814 EBP=0032F818 ESI=00000000 EDI=00530006 EFLAG=00000206
012DC22D	POP      EAX                                              EAX=00000004 ECX=00000001 EDX=001FE0F8 EBX=775D41B5 ESP=0032F814 EBP=0032F81C ESI=00000000 EDI=00530006 EFLAG=00000202
012DC22E	ADD      EBP, 0x4                                         EAX=05091BB8 ECX=00000001 EDX=001FE0F8 EBX=775D41B5 ESP=0032F818 EBP=0032F81C ESI=00000000 EDI=00530006 EFLAG=00000202
012DC234	XCHG     [ESP], EBP                                       EAX=05091BB8 ECX=00000001 EDX=001FE0F8 EBX=775D41B5 ESP=0032F818 EBP=0032F820 ESI=00000000 EDI=00530006 EFLAG=00000212
012DC237	POP      ESP                                              EAX=05091BB8 ECX=00000001 EDX=001FE0F8 EBX=775D41B5 ESP=0032F818 EBP=0032F87C ESI=00000000 EDI=00530006 EFLAG=00000212
012DC238	JMP      0x11e89d8                                        EAX=05091BB8 ECX=00000001 EDX=001FE0F8 EBX=775D41B5 ESP=0032F820 EBP=0032F87C ESI=00000000 EDI=00530006 EFLAG=00000212
011E89D8	PUSHA                                                     EAX=05091BB8 ECX=00000001 EDX=001FE0F8 EBX=775D41B5 ESP=0032F820 EBP=0032F87C ESI=00000000 EDI=00530006 EFLAG=00000212
011E89D9	PUSHA                                                     EAX=05091BB8 ECX=00000001 EDX=001FE0F8 EBX=775D41B5 ESP=0032F800 EBP=0032F87C ESI=00000000 EDI=00530006 EFLAG=00000212
011E89DA	JG       0x11e89e0                                        EAX=05091BB8 ECX=00000001 EDX=001FE0F8 EBX=775D41B5 ESP=0032F7E0 EBP=0032F87C ESI=00000000 EDI=00530006 EFLAG=00000212
011E89E0	JP       0x11e89e6                                        EAX=05091BB8 ECX=00000001 EDX=001FE0F8 EBX=775D41B5 ESP=0032F7E0 EBP=0032F87C ESI=00000000 EDI=00530006 EFLAG=00000212
011E89E6	PUSH     EDI                                              EAX=05091BB8 ECX=00000001 EDX=001FE0F8 EBX=775D41B5 ESP=0032F7E0 EBP=0032F87C ESI=00000000 EDI=00530006 EFLAG=00000212
011E89E7	POP      EDI                                              EAX=05091BB8 ECX=00000001 EDX=001FE0F8 EBX=775D41B5 ESP=0032F7DC EBP=0032F87C ESI=00000000 EDI=00530006 EFLAG=00000212
011E89E8	POPA                                                      EAX=05091BB8 ECX=00000001 EDX=001FE0F8 EBX=775D41B5 ESP=0032F7E0 EBP=0032F87C ESI=00000000 EDI=00530006 EFLAG=00000212
011E89E9	PUSH     EBX                                              EAX=05091BB8 ECX=00000001 EDX=001FE0F8 EBX=775D41B5 ESP=0032F800 EBP=0032F87C ESI=00000000 EDI=00530006 EFLAG=00000212
011E89EA	JO       0x11e89f0                                        EAX=05091BB8 ECX=00000001 EDX=001FE0F8 EBX=775D41B5 ESP=0032F7FC EBP=0032F87C ESI=00000000 EDI=00530006 EFLAG=00000212
011E89F0	POP      EBX                                              EAX=05091BB8 ECX=00000001 EDX=001FE0F8 EBX=775D41B5 ESP=0032F7FC EBP=0032F87C ESI=00000000 EDI=00530006 EFLAG=00000212
011E89F1	JMP      0x11e89ff                                        EAX=05091BB8 ECX=00000001 EDX=001FE0F8 EBX=775D41B5 ESP=0032F800 EBP=0032F87C ESI=00000000 EDI=00530006 EFLAG=00000212
011E89FF	POPA                                                      EAX=05091BB8 ECX=00000001 EDX=001FE0F8 EBX=775D41B5 ESP=0032F800 EBP=0032F87C ESI=00000000 EDI=00530006 EFLAG=00000212
011E8A00	PUSH     DWORD 0x5240                                     EAX=05091BB8 ECX=00000001 EDX=001FE0F8 EBX=775D41B5 ESP=0032F820 EBP=0032F87C ESI=00000000 EDI=00530006 EFLAG=00000212
011E8A05	MOV      [ESP], EAX                                       EAX=05091BB8 ECX=00000001 EDX=001FE0F8 EBX=775D41B5 ESP=0032F81C EBP=0032F87C ESI=00000000 EDI=00530006 EFLAG=00000212
011E8A08	PUSH     DWORD 0x3a88                                     EAX=05091BB8 ECX=00000001 EDX=001FE0F8 EBX=775D41B5 ESP=0032F81C EBP=0032F87C ESI=00000000 EDI=00530006 EFLAG=00000212
011E8A0D	MOV      [ESP], ECX                                       EAX=05091BB8 ECX=00000001 EDX=001FE0F8 EBX=775D41B5 ESP=0032F818 EBP=0032F87C ESI=00000000 EDI=00530006 EFLAG=00000212
011E8A10	PUSH     DWORD 0x7eca                                     EAX=05091BB8 ECX=00000001 EDX=001FE0F8 EBX=775D41B5 ESP=0032F818 EBP=0032F87C ESI=00000000 EDI=00530006 EFLAG=00000212
011E8A15	MOV      [ESP], EAX                                       EAX=05091BB8 ECX=00000001 EDX=001FE0F8 EBX=775D41B5 ESP=0032F814 EBP=0032F87C ESI=00000000 EDI=00530006 EFLAG=00000212
011E8A18	MOV      [ESP], ECX                                       EAX=05091BB8 ECX=00000001 EDX=001FE0F8 EBX=775D41B5 ESP=0032F814 EBP=0032F87C ESI=00000000 EDI=00530006 EFLAG=00000212
011E8A1B	SUB      ESP, 0x4                                         EAX=05091BB8 ECX=00000001 EDX=001FE0F8 EBX=775D41B5 ESP=0032F814 EBP=0032F87C ESI=00000000 EDI=00530006 EFLAG=00000212
011E8A1E	MOV      [ESP], ESP                                       EAX=05091BB8 ECX=00000001 EDX=001FE0F8 EBX=775D41B5 ESP=0032F810 EBP=0032F87C ESI=00000000 EDI=00530006 EFLAG=00000202
011E8A21	ADD      DWORD [ESP], 0x4                                 EAX=05091BB8 ECX=00000001 EDX=001FE0F8 EBX=775D41B5 ESP=0032F810 EBP=0032F87C ESI=00000000 EDI=00530006 EFLAG=00000202
011E8A28	POP      ECX                                              EAX=05091BB8 ECX=00000001 EDX=001FE0F8 EBX=775D41B5 ESP=0032F810 EBP=0032F87C ESI=00000000 EDI=00530006 EFLAG=00000206
011E8A29	ADD      ECX, 0x4                                         EAX=05091BB8 ECX=0032F814 EDX=001FE0F8 EBX=775D41B5 ESP=0032F814 EBP=0032F87C ESI=00000000 EDI=00530006 EFLAG=00000206
011E8A2F	PUSH     EBX                                              EAX=05091BB8 ECX=0032F818 EDX=001FE0F8 EBX=775D41B5 ESP=0032F814 EBP=0032F87C ESI=00000000 EDI=00530006 EFLAG=00000206
011E8A30	MOV      [ESP], EBP                                       EAX=05091BB8 ECX=0032F818 EDX=001FE0F8 EBX=775D41B5 ESP=0032F810 EBP=0032F87C ESI=00000000 EDI=00530006 EFLAG=00000206
011E8A33	PUSH     DWORD 0x45367415                                 EAX=05091BB8 ECX=0032F818 EDX=001FE0F8 EBX=775D41B5 ESP=0032F810 EBP=0032F87C ESI=00000000 EDI=00530006 EFLAG=00000206
011E8A38	MOV      EBP, [ESP]                                       EAX=05091BB8 ECX=0032F818 EDX=001FE0F8 EBX=775D41B5 ESP=0032F80C EBP=0032F87C ESI=00000000 EDI=00530006 EFLAG=00000206
011E8A3B	ADD      ESP, 0x4                                         EAX=05091BB8 ECX=0032F818 EDX=001FE0F8 EBX=775D41B5 ESP=0032F80C EBP=45367415 ESI=00000000 EDI=00530006 EFLAG=00000206
011E8A41	SHR      EBP, 0x5                                         EAX=05091BB8 ECX=0032F818 EDX=001FE0F8 EBX=775D41B5 ESP=0032F810 EBP=45367415 ESI=00000000 EDI=00530006 EFLAG=00000212
011E8A44	PUSH     EBP                                              EAX=05091BB8 ECX=0032F818 EDX=001FE0F8 EBX=775D41B5 ESP=0032F810 EBP=0229B3A0 ESI=00000000 EDI=00530006 EFLAG=00000207
011E8A45	XCHG     [ESP], EBX                                       EAX=05091BB8 ECX=0032F818 EDX=001FE0F8 EBX=775D41B5 ESP=0032F80C EBP=0229B3A0 ESI=00000000 EDI=00530006 EFLAG=00000207
011E8A48	NOT      EBX                                              EAX=05091BB8 ECX=0032F818 EDX=001FE0F8 EBX=0229B3A0 ESP=0032F80C EBP=0229B3A0 ESI=00000000 EDI=00530006 EFLAG=00000207
011E8A4A	XCHG     [ESP], EBX                                       EAX=05091BB8 ECX=0032F818 EDX=001FE0F8 EBX=FDD64C5F ESP=0032F80C EBP=0229B3A0 ESI=00000000 EDI=00530006 EFLAG=00000207
011E8A4D	POP      EBP                                              EAX=05091BB8 ECX=0032F818 EDX=001FE0F8 EBX=775D41B5 ESP=0032F80C EBP=0229B3A0 ESI=00000000 EDI=00530006 EFLAG=00000207
011E8A4E	PUSH     EAX                                              EAX=05091BB8 ECX=0032F818 EDX=001FE0F8 EBX=775D41B5 ESP=0032F810 EBP=FDD64C5F ESI=00000000 EDI=00530006 EFLAG=00000207
011E8A4F	MOV      EAX, 0x1f5214f2                                  EAX=05091BB8 ECX=0032F818 EDX=001FE0F8 EBX=775D41B5 ESP=0032F80C EBP=FDD64C5F ESI=00000000 EDI=00530006 EFLAG=00000207
011E8A54	SHL      EAX, 0x3                                         EAX=1F5214F2 ECX=0032F818 EDX=001FE0F8 EBX=775D41B5 ESP=0032F80C EBP=FDD64C5F ESI=00000000 EDI=00530006 EFLAG=00000207
011E8A57	PUSH     EDI                                              EAX=FA90A790 ECX=0032F818 EDX=001FE0F8 EBX=775D41B5 ESP=0032F80C EBP=FDD64C5F ESI=00000000 EDI=00530006 EFLAG=00000A86
011E8A58	MOV      EDI, 0x8d134b3                                   EAX=FA90A790 ECX=0032F818 EDX=001FE0F8 EBX=775D41B5 ESP=0032F808 EBP=FDD64C5F ESI=00000000 EDI=00530006 EFLAG=00000A86
011E8A5D	SHR      EDI, 0x6                                         EAX=FA90A790 ECX=0032F818 EDX=001FE0F8 EBX=775D41B5 ESP=0032F808 EBP=FDD64C5F ESI=00000000 EDI=08D134B3 EFLAG=00000A86
011E8A60	SHL      EDI, 0x8                                         EAX=FA90A790 ECX=0032F818 EDX=001FE0F8 EBX=775D41B5 ESP=0032F808 EBP=FDD64C5F ESI=00000000 EDI=002344D2 EFLAG=00000207
011E8A63	DEC      EDI                                              EAX=FA90A790 ECX=0032F818 EDX=001FE0F8 EBX=775D41B5 ESP=0032F808 EBP=FDD64C5F ESI=00000000 EDI=2344D200 EFLAG=00000206
011E8A64	NOT      EDI                                              EAX=FA90A790 ECX=0032F818 EDX=001FE0F8 EBX=775D41B5 ESP=0032F808 EBP=FDD64C5F ESI=00000000 EDI=2344D1FF EFLAG=00000216
011E8A66	XOR      EDI, 0xce212b50                                  EAX=FA90A790 ECX=0032F818 EDX=001FE0F8 EBX=775D41B5 ESP=0032F808 EBP=FDD64C5F ESI=00000000 EDI=DCBB2E00 EFLAG=00000216
011E8A6C	XOR      EAX, EDI                                         EAX=FA90A790 ECX=0032F818 EDX=001FE0F8 EBX=775D41B5 ESP=0032F808 EBP=FDD64C5F ESI=00000000 EDI=129A0550 EFLAG=00000206
011E8A6E	MOV      EDI, [ESP]                                       EAX=E80AA2C0 ECX=0032F818 EDX=001FE0F8 EBX=775D41B5 ESP=0032F808 EBP=FDD64C5F ESI=00000000 EDI=129A0550 EFLAG=00000286
011E8A71	ADD      ESP, 0x4                                         EAX=E80AA2C0 ECX=0032F818 EDX=001FE0F8 EBX=775D41B5 ESP=0032F808 EBP=FDD64C5F ESI=00000000 EDI=00530006 EFLAG=00000286
011E8A74	ADD      EAX, 0x15cba99b                                  EAX=E80AA2C0 ECX=0032F818 EDX=001FE0F8 EBX=775D41B5 ESP=0032F80C EBP=FDD64C5F ESI=00000000 EDI=00530006 EFLAG=00000206
011E8A79	SUB      EBP, EAX                                         EAX=FDD64C5B ECX=0032F818 EDX=001FE0F8 EBX=775D41B5 ESP=0032F80C EBP=FDD64C5F ESI=00000000 EDI=00530006 EFLAG=00000282
011E8A7B	POP      EAX                                              EAX=FDD64C5B ECX=0032F818 EDX=001FE0F8 EBX=775D41B5 ESP=0032F80C EBP=00000004 ESI=00000000 EDI=00530006 EFLAG=00000202
011E8A7C	SUB      ECX, 0x19b817fa                                  EAX=05091BB8 ECX=0032F818 EDX=001FE0F8 EBX=775D41B5 ESP=0032F810 EBP=00000004 ESI=00000000 EDI=00530006 EFLAG=00000202
011E8A82	SUB      ECX, EBP                                         EAX=05091BB8 ECX=E67AE01E EDX=001FE0F8 EBX=775D41B5 ESP=0032F810 EBP=00000004 ESI=00000000 EDI=00530006 EFLAG=00000297
011E8A84	ADD      ECX, 0x19b817fa                                  EAX=05091BB8 ECX=E67AE01A EDX=001FE0F8 EBX=775D41B5 ESP=0032F810 EBP=00000004 ESI=00000000 EDI=00530006 EFLAG=00000282
011E8A8A	PUSH     DWORD [ESP]                                      EAX=05091BB8 ECX=0032F814 EDX=001FE0F8 EBX=775D41B5 ESP=0032F810 EBP=00000004 ESI=00000000 EDI=00530006 EFLAG=00000217
011E8A8D	MOV      EBP, [ESP]                                       EAX=05091BB8 ECX=0032F814 EDX=001FE0F8 EBX=775D41B5 ESP=0032F80C EBP=00000004 ESI=00000000 EDI=00530006 EFLAG=00000217
011E8A90	ADD      ESP, 0x4                                         EAX=05091BB8 ECX=0032F814 EDX=001FE0F8 EBX=775D41B5 ESP=0032F80C EBP=0032F87C ESI=00000000 EDI=00530006 EFLAG=00000217
011E8A96	ADD      ESP, 0x4                                         EAX=05091BB8 ECX=0032F814 EDX=001FE0F8 EBX=775D41B5 ESP=0032F810 EBP=0032F87C ESI=00000000 EDI=00530006 EFLAG=00000212
011E8A9C	XCHG     [ESP], ECX                                       EAX=05091BB8 ECX=0032F814 EDX=001FE0F8 EBX=775D41B5 ESP=0032F814 EBP=0032F87C ESI=00000000 EDI=00530006 EFLAG=00000206
011E8A9F	MOV      ESP, [ESP]                                       EAX=05091BB8 ECX=00000001 EDX=001FE0F8 EBX=775D41B5 ESP=0032F814 EBP=0032F87C ESI=00000000 EDI=00530006 EFLAG=00000206
011E8AA2	MOV      [ESP], EDX                                       EAX=05091BB8 ECX=00000001 EDX=001FE0F8 EBX=775D41B5 ESP=0032F814 EBP=0032F87C ESI=00000000 EDI=00530006 EFLAG=00000206
011E8AA5	PUSH     DWORD 0x1574                                     EAX=05091BB8 ECX=00000001 EDX=001FE0F8 EBX=775D41B5 ESP=0032F814 EBP=0032F87C ESI=00000000 EDI=00530006 EFLAG=00000206
011E8AAA	MOV      [ESP], EBX                                       EAX=05091BB8 ECX=00000001 EDX=001FE0F8 EBX=775D41B5 ESP=0032F810 EBP=0032F87C ESI=00000000 EDI=00530006 EFLAG=00000206
011E8AAD	PUSH     DWORD 0x236                                      EAX=05091BB8 ECX=00000001 EDX=001FE0F8 EBX=775D41B5 ESP=0032F810 EBP=0032F87C ESI=00000000 EDI=00530006 EFLAG=00000206
011E8AB2	MOV      [ESP], EBX                                       EAX=05091BB8 ECX=00000001 EDX=001FE0F8 EBX=775D41B5 ESP=0032F80C EBP=0032F87C ESI=00000000 EDI=00530006 EFLAG=00000206
011E8AB5	SUB      ESP, 0x4                                         EAX=05091BB8 ECX=00000001 EDX=001FE0F8 EBX=775D41B5 ESP=0032F80C EBP=0032F87C ESI=00000000 EDI=00530006 EFLAG=00000206
011E8AB8	MOV      [ESP], ESI                                       EAX=05091BB8 ECX=00000001 EDX=001FE0F8 EBX=775D41B5 ESP=0032F808 EBP=0032F87C ESI=00000000 EDI=00530006 EFLAG=00000202
011E8ABB	MOV      ESI, ESP                                         EAX=05091BB8 ECX=00000001 EDX=001FE0F8 EBX=775D41B5 ESP=0032F808 EBP=0032F87C ESI=00000000 EDI=00530006 EFLAG=00000202
011E8ABD	PUSH     EDI                                              EAX=05091BB8 ECX=00000001 EDX=001FE0F8 EBX=775D41B5 ESP=0032F808 EBP=0032F87C ESI=0032F808 EDI=00530006 EFLAG=00000202
011E8ABE	MOV      EDI, 0x34807fe8                                  EAX=05091BB8 ECX=00000001 EDX=001FE0F8 EBX=775D41B5 ESP=0032F804 EBP=0032F87C ESI=0032F808 EDI=00530006 EFLAG=00000202
011E8AC3	XOR      EDI, 0x5e195646                                  EAX=05091BB8 ECX=00000001 EDX=001FE0F8 EBX=775D41B5 ESP=0032F804 EBP=0032F87C ESI=0032F808 EDI=34807FE8 EFLAG=00000202
011E8AC9	XOR      EDI, 0x6b843c6                                   EAX=05091BB8 ECX=00000001 EDX=001FE0F8 EBX=775D41B5 ESP=0032F804 EBP=0032F87C ESI=0032F808 EDI=6A9929AE EFLAG=00000202
011E8ACF	SUB      EDI, 0x6c216a64                                  EAX=05091BB8 ECX=00000001 EDX=001FE0F8 EBX=775D41B5 ESP=0032F804 EBP=0032F87C ESI=0032F808 EDI=6C216A68 EFLAG=00000202
011E8AD5	ADD      ESI, EDI                                         EAX=05091BB8 ECX=00000001 EDX=001FE0F8 EBX=775D41B5 ESP=0032F804 EBP=0032F87C ESI=0032F808 EDI=00000004 EFLAG=00000202
011E8AD7	POP      EDI                                              EAX=05091BB8 ECX=00000001 EDX=001FE0F8 EBX=775D41B5 ESP=0032F804 EBP=0032F87C ESI=0032F80C EDI=00000004 EFLAG=00000206
011E8AD8	SUB      ESI, 0x4                                         EAX=05091BB8 ECX=00000001 EDX=001FE0F8 EBX=775D41B5 ESP=0032F808 EBP=0032F87C ESI=0032F80C EDI=00530006 EFLAG=00000206
011E8ADB	XCHG     [ESP], ESI                                       EAX=05091BB8 ECX=00000001 EDX=001FE0F8 EBX=775D41B5 ESP=0032F808 EBP=0032F87C ESI=0032F808 EDI=00530006 EFLAG=00000202
011E8ADE	POP      ESP                                              EAX=05091BB8 ECX=00000001 EDX=001FE0F8 EBX=775D41B5 ESP=0032F808 EBP=0032F87C ESI=00000000 EDI=00530006 EFLAG=00000202
011E8ADF	MOV      [ESP], EBP                                       EAX=05091BB8 ECX=00000001 EDX=001FE0F8 EBX=775D41B5 ESP=0032F808 EBP=0032F87C ESI=00000000 EDI=00530006 EFLAG=00000202
011E8AE2	MOV      EBP, ESP                                         EAX=05091BB8 ECX=00000001 EDX=001FE0F8 EBX=775D41B5 ESP=0032F808 EBP=0032F87C ESI=00000000 EDI=00530006 EFLAG=00000202
011E8AE4	PUSH     EDX                                              EAX=05091BB8 ECX=00000001 EDX=001FE0F8 EBX=775D41B5 ESP=0032F808 EBP=0032F808 ESI=00000000 EDI=00530006 EFLAG=00000202
011E8AE5	PUSH     ESI                                              EAX=05091BB8 ECX=00000001 EDX=001FE0F8 EBX=775D41B5 ESP=0032F804 EBP=0032F808 ESI=00000000 EDI=00530006 EFLAG=00000202
011E8AE6	MOV      ESI, 0x2864130f                                  EAX=05091BB8 ECX=00000001 EDX=001FE0F8 EBX=775D41B5 ESP=0032F800 EBP=0032F808 ESI=00000000 EDI=00530006 EFLAG=00000202
011E8AEB	NOT      ESI                                              EAX=05091BB8 ECX=00000001 EDX=001FE0F8 EBX=775D41B5 ESP=0032F800 EBP=0032F808 ESI=2864130F EDI=00530006 EFLAG=00000202
011E8AED	SHL      ESI, 0x7                                         EAX=05091BB8 ECX=00000001 EDX=001FE0F8 EBX=775D41B5 ESP=0032F800 EBP=0032F808 ESI=D79BECF0 EDI=00530006 EFLAG=00000202
011E8AF0	XOR      ESI, 0xcdf67804                                  EAX=05091BB8 ECX=00000001 EDX=001FE0F8 EBX=775D41B5 ESP=0032F800 EBP=0032F808 ESI=CDF67800 EDI=00530006 EFLAG=00000287
011E8AF6	PUSH     ESI                                              EAX=05091BB8 ECX=00000001 EDX=001FE0F8 EBX=775D41B5 ESP=0032F800 EBP=0032F808 ESI=00000004 EDI=00530006 EFLAG=00000202
011E8AF7	POP      EDX                                              EAX=05091BB8 ECX=00000001 EDX=001FE0F8 EBX=775D41B5 ESP=0032F7FC EBP=0032F808 ESI=00000004 EDI=00530006 EFLAG=00000202
011E8AF8	POP      ESI                                              EAX=05091BB8 ECX=00000001 EDX=00000004 EBX=775D41B5 ESP=0032F800 EBP=0032F808 ESI=00000004 EDI=00530006 EFLAG=00000202
011E8AF9	PUSH     EAX                                              EAX=05091BB8 ECX=00000001 EDX=00000004 EBX=775D41B5 ESP=0032F804 EBP=0032F808 ESI=00000000 EDI=00530006 EFLAG=00000202
011E8AFA	MOV      EAX, 0x2c8b6d66                                  EAX=05091BB8 ECX=00000001 EDX=00000004 EBX=775D41B5 ESP=0032F800 EBP=0032F808 ESI=00000000 EDI=00530006 EFLAG=00000202
011E8AFF	SUB      EAX, 0x761a5a41                                  EAX=2C8B6D66 ECX=00000001 EDX=00000004 EBX=775D41B5 ESP=0032F800 EBP=0032F808 ESI=00000000 EDI=00530006 EFLAG=00000202
011E8B04	SUB      EAX, 0x48fed8eb                                  EAX=B6711325 ECX=00000001 EDX=00000004 EBX=775D41B5 ESP=0032F800 EBP=0032F808 ESI=00000000 EDI=00530006 EFLAG=00000283
011E8B09	SUB      EBP, EAX                                         EAX=6D723A3A ECX=00000001 EDX=00000004 EBX=775D41B5 ESP=0032F800 EBP=0032F808 ESI=00000000 EDI=00530006 EFLAG=00000A16
011E8B0B	POP      EAX                                              EAX=6D723A3A ECX=00000001 EDX=00000004 EBX=775D41B5 ESP=0032F800 EBP=92C0BDCE ESI=00000000 EDI=00530006 EFLAG=00000293
011E8B0C	ADD      EBP, 0x3e8d217e                                  EAX=05091BB8 ECX=00000001 EDX=00000004 EBX=775D41B5 ESP=0032F804 EBP=92C0BDCE ESI=00000000 EDI=00530006 EFLAG=00000293
011E8B12	PUSH     EDI                                              EAX=05091BB8 ECX=00000001 EDX=00000004 EBX=775D41B5 ESP=0032F804 EBP=D14DDF4C ESI=00000000 EDI=00530006 EFLAG=00000292
011E8B13	MOV      EDI, 0x2b91f57                                   EAX=05091BB8 ECX=00000001 EDX=00000004 EBX=775D41B5 ESP=0032F800 EBP=D14DDF4C ESI=00000000 EDI=00530006 EFLAG=00000292
011E8B18	SUB      EBP, 0x51e37b22                                  EAX=05091BB8 ECX=00000001 EDX=00000004 EBX=775D41B5 ESP=0032F800 EBP=D14DDF4C ESI=00000000 EDI=02B91F57 EFLAG=00000292
011E8B1E	SUB      EBP, EDI                                         EAX=05091BB8 ECX=00000001 EDX=00000004 EBX=775D41B5 ESP=0032F800 EBP=7F6A642A ESI=00000000 EDI=02B91F57 EFLAG=00000A02
011E8B20	ADD      EBP, 0x51e37b22                                  EAX=05091BB8 ECX=00000001 EDX=00000004 EBX=775D41B5 ESP=0032F800 EBP=7CB144D3 ESI=00000000 EDI=02B91F57 EFLAG=00000202
011E8B26	POP      EDI                                              EAX=05091BB8 ECX=00000001 EDX=00000004 EBX=775D41B5 ESP=0032F800 EBP=CE94BFF5 ESI=00000000 EDI=02B91F57 EFLAG=00000A86
011E8B27	ADD      EBP, 0x232616ec                                  EAX=05091BB8 ECX=00000001 EDX=00000004 EBX=775D41B5 ESP=0032F804 EBP=CE94BFF5 ESI=00000000 EDI=00530006 EFLAG=00000A86
011E8B2D	ADD      EBP, EDX                                         EAX=05091BB8 ECX=00000001 EDX=00000004 EBX=775D41B5 ESP=0032F804 EBP=F1BAD6E1 ESI=00000000 EDI=00530006 EFLAG=00000296
011E8B2F	SUB      EBP, 0x232616ec                                  EAX=05091BB8 ECX=00000001 EDX=00000004 EBX=775D41B5 ESP=0032F804 EBP=F1BAD6E5 ESI=00000000 EDI=00530006 EFLAG=00000282
011E8B35	ADD      EBP, 0x2b91f57                                   EAX=05091BB8 ECX=00000001 EDX=00000004 EBX=775D41B5 ESP=0032F804 EBP=CE94BFF9 ESI=00000000 EDI=00530006 EFLAG=00000296
011E8B3B	PUSH     EBX                                              EAX=05091BB8 ECX=00000001 EDX=00000004 EBX=775D41B5 ESP=0032F804 EBP=D14DDF50 ESI=00000000 EDI=00530006 EFLAG=00000296
011E8B3C	PUSH     ECX                                              EAX=05091BB8 ECX=00000001 EDX=00000004 EBX=775D41B5 ESP=0032F800 EBP=D14DDF50 ESI=00000000 EDI=00530006 EFLAG=00000296
011E8B3D	MOV      ECX, 0x1c402240                                  EAX=05091BB8 ECX=00000001 EDX=00000004 EBX=775D41B5 ESP=0032F7FC EBP=D14DDF50 ESI=00000000 EDI=00530006 EFLAG=00000296
011E8B42	ADD      ECX, 0x30d6784b                                  EAX=05091BB8 ECX=1C402240 EDX=00000004 EBX=775D41B5 ESP=0032F7FC EBP=D14DDF50 ESI=00000000 EDI=00530006 EFLAG=00000296
011E8B48	ADD      ECX, 0xdd6bd148                                  EAX=05091BB8 ECX=4D169A8B EDX=00000004 EBX=775D41B5 ESP=0032F7FC EBP=D14DDF50 ESI=00000000 EDI=00530006 EFLAG=00000206
011E8B4E	MOV      EBX, ECX                                         EAX=05091BB8 ECX=2A826BD3 EDX=00000004 EBX=775D41B5 ESP=0032F7FC EBP=D14DDF50 ESI=00000000 EDI=00530006 EFLAG=00000213
011E8B50	POP      ECX                                              EAX=05091BB8 ECX=2A826BD3 EDX=00000004 EBX=2A826BD3 ESP=0032F7FC EBP=D14DDF50 ESI=00000000 EDI=00530006 EFLAG=00000213
011E8B51	OR       EBX, 0x350666e8                                  EAX=05091BB8 ECX=00000001 EDX=00000004 EBX=2A826BD3 ESP=0032F800 EBP=D14DDF50 ESI=00000000 EDI=00530006 EFLAG=00000213
011E8B57	SHL      EBX, 0x2                                         EAX=05091BB8 ECX=00000001 EDX=00000004 EBX=3F866FFB ESP=0032F800 EBP=D14DDF50 ESI=00000000 EDI=00530006 EFLAG=00000202
011E8B5A	ADD      EBX, 0x40736192                                  EAX=05091BB8 ECX=00000001 EDX=00000004 EBX=FE19BFEC ESP=0032F800 EBP=D14DDF50 ESI=00000000 EDI=00530006 EFLAG=00000A82
011E8B60	SUB      EBP, EBX                                         EAX=05091BB8 ECX=00000001 EDX=00000004 EBX=3E8D217E ESP=0032F800 EBP=D14DDF50 ESI=00000000 EDI=00530006 EFLAG=00000207
011E8B62	POP      EBX                                              EAX=05091BB8 ECX=00000001 EDX=00000004 EBX=3E8D217E ESP=0032F800 EBP=92C0BDD2 ESI=00000000 EDI=00530006 EFLAG=00000296
011E8B63	ADD      EBP, 0x6d723a3a                                  EAX=05091BB8 ECX=00000001 EDX=00000004 EBX=775D41B5 ESP=0032F804 EBP=92C0BDD2 ESI=00000000 EDI=00530006 EFLAG=00000296
011E8B69	MOV      EDX, [ESP]                                       EAX=05091BB8 ECX=00000001 EDX=00000004 EBX=775D41B5 ESP=0032F804 EBP=0032F80C ESI=00000000 EDI=00530006 EFLAG=00000207
011E8B6C	ADD      ESP, 0x4                                         EAX=05091BB8 ECX=00000001 EDX=001FE0F8 EBX=775D41B5 ESP=0032F804 EBP=0032F80C ESI=00000000 EDI=00530006 EFLAG=00000207
011E8B6F	SUB      EBP, 0x4                                         EAX=05091BB8 ECX=00000001 EDX=001FE0F8 EBX=775D41B5 ESP=0032F808 EBP=0032F80C ESI=00000000 EDI=00530006 EFLAG=00000202
011E8B72	XCHG     [ESP], EBP                                       EAX=05091BB8 ECX=00000001 EDX=001FE0F8 EBX=775D41B5 ESP=0032F808 EBP=0032F808 ESI=00000000 EDI=00530006 EFLAG=00000202
011E8B75	POP      ESP                                              EAX=05091BB8 ECX=00000001 EDX=001FE0F8 EBX=775D41B5 ESP=0032F808 EBP=0032F87C ESI=00000000 EDI=00530006 EFLAG=00000202
011E8B76	MOV      [ESP], EAX                                       EAX=05091BB8 ECX=00000001 EDX=001FE0F8 EBX=775D41B5 ESP=0032F808 EBP=0032F87C ESI=00000000 EDI=00530006 EFLAG=00000202
011E8B79	MOV      [ESP], EBP                                       EAX=05091BB8 ECX=00000001 EDX=001FE0F8 EBX=775D41B5 ESP=0032F808 EBP=0032F87C ESI=00000000 EDI=00530006 EFLAG=00000202
011E8B7C	PUSH     DWORD 0x7d0                                      EAX=05091BB8 ECX=00000001 EDX=001FE0F8 EBX=775D41B5 ESP=0032F808 EBP=0032F87C ESI=00000000 EDI=00530006 EFLAG=00000202
011E8B81	MOV      [ESP], EDX                                       EAX=05091BB8 ECX=00000001 EDX=001FE0F8 EBX=775D41B5 ESP=0032F804 EBP=0032F87C ESI=00000000 EDI=00530006 EFLAG=00000202
011E8B84	MOV      [ESP], ESI                                       EAX=05091BB8 ECX=00000001 EDX=001FE0F8 EBX=775D41B5 ESP=0032F804 EBP=0032F87C ESI=00000000 EDI=00530006 EFLAG=00000202
011E8B87	PUSH     DWORD 0x3398                                     EAX=05091BB8 ECX=00000001 EDX=001FE0F8 EBX=775D41B5 ESP=0032F804 EBP=0032F87C ESI=00000000 EDI=00530006 EFLAG=00000202
011E8B8C	MOV      [ESP], EDX                                       EAX=05091BB8 ECX=00000001 EDX=001FE0F8 EBX=775D41B5 ESP=0032F800 EBP=0032F87C ESI=00000000 EDI=00530006 EFLAG=00000202
011E8B8F	MOV      [ESP], EDI                                       EAX=05091BB8 ECX=00000001 EDX=001FE0F8 EBX=775D41B5 ESP=0032F800 EBP=0032F87C ESI=00000000 EDI=00530006 EFLAG=00000202
011E8B92	CALL     0x11e8b97                                        EAX=05091BB8 ECX=00000001 EDX=001FE0F8 EBX=775D41B5 ESP=0032F800 EBP=0032F87C ESI=00000000 EDI=00530006 EFLAG=00000202
011E8B97	MOV      ECX, [ESP]                                       EAX=05091BB8 ECX=00000001 EDX=001FE0F8 EBX=775D41B5 ESP=0032F7FC EBP=0032F87C ESI=00000000 EDI=00530006 EFLAG=00000202
011E8B9A	PUSH     ESI                                              EAX=05091BB8 ECX=011E8B97 EDX=001FE0F8 EBX=775D41B5 ESP=0032F7FC EBP=0032F87C ESI=00000000 EDI=00530006 EFLAG=00000202
011E8B9B	PUSH     EBX                                              EAX=05091BB8 ECX=011E8B97 EDX=001FE0F8 EBX=775D41B5 ESP=0032F7F8 EBP=0032F87C ESI=00000000 EDI=00530006 EFLAG=00000202
011E8B9C	MOV      [ESP], ESP                                       EAX=05091BB8 ECX=011E8B97 EDX=001FE0F8 EBX=775D41B5 ESP=0032F7F4 EBP=0032F87C ESI=00000000 EDI=00530006 EFLAG=00000202
011E8B9F	PUSH     EBP                                              EAX=05091BB8 ECX=011E8B97 EDX=001FE0F8 EBX=775D41B5 ESP=0032F7F4 EBP=0032F87C ESI=00000000 EDI=00530006 EFLAG=00000202
011E8BA0	MOV      EBP, 0x4                                         EAX=05091BB8 ECX=011E8B97 EDX=001FE0F8 EBX=775D41B5 ESP=0032F7F0 EBP=0032F87C ESI=00000000 EDI=00530006 EFLAG=00000202
011E8BA5	ADD      [ESP+0x4], EBP                                   EAX=05091BB8 ECX=011E8B97 EDX=001FE0F8 EBX=775D41B5 ESP=0032F7F0 EBP=00000004 ESI=00000000 EDI=00530006 EFLAG=00000202
011E8BA9	PUSH     DWORD [ESP]                                      EAX=05091BB8 ECX=011E8B97 EDX=001FE0F8 EBX=775D41B5 ESP=0032F7F0 EBP=00000004 ESI=00000000 EDI=00530006 EFLAG=00000202
011E8BAC	POP      EBP                                              EAX=05091BB8 ECX=011E8B97 EDX=001FE0F8 EBX=775D41B5 ESP=0032F7EC EBP=00000004 ESI=00000000 EDI=00530006 EFLAG=00000202
011E8BAD	ADD      ESP, 0x4                                         EAX=05091BB8 ECX=011E8B97 EDX=001FE0F8 EBX=775D41B5 ESP=0032F7F0 EBP=0032F87C ESI=00000000 EDI=00530006 EFLAG=00000202
011E8BB0	POP      ESI                                              EAX=05091BB8 ECX=011E8B97 EDX=001FE0F8 EBX=775D41B5 ESP=0032F7F4 EBP=0032F87C ESI=00000000 EDI=00530006 EFLAG=00000202
011E8BB1	PUSH     EAX                                              EAX=05091BB8 ECX=011E8B97 EDX=001FE0F8 EBX=775D41B5 ESP=0032F7F8 EBP=0032F87C ESI=0032F7F8 EDI=00530006 EFLAG=00000202
011E8BB2	MOV      EAX, 0x7fc033e                                   EAX=05091BB8 ECX=011E8B97 EDX=001FE0F8 EBX=775D41B5 ESP=0032F7F4 EBP=0032F87C ESI=0032F7F8 EDI=00530006 EFLAG=00000202
011E8BB7	PUSH     EAX                                              EAX=07FC033E ECX=011E8B97 EDX=001FE0F8 EBX=775D41B5 ESP=0032F7F4 EBP=0032F87C ESI=0032F7F8 EDI=00530006 EFLAG=00000202
011E8BB8	DEC      DWORD [ESP]                                      EAX=07FC033E ECX=011E8B97 EDX=001FE0F8 EBX=775D41B5 ESP=0032F7F0 EBP=0032F87C ESI=0032F7F8 EDI=00530006 EFLAG=00000202
011E8BBB	POP      EAX                                              EAX=07FC033E ECX=011E8B97 EDX=001FE0F8 EBX=775D41B5 ESP=0032F7F0 EBP=0032F87C ESI=0032F7F8 EDI=00530006 EFLAG=00000202
011E8BBC	NOT      EAX                                              EAX=07FC033D ECX=011E8B97 EDX=001FE0F8 EBX=775D41B5 ESP=0032F7F4 EBP=0032F87C ESI=0032F7F8 EDI=00530006 EFLAG=00000202
011E8BBE	SHL      EAX, 0x6                                         EAX=F803FCC2 ECX=011E8B97 EDX=001FE0F8 EBX=775D41B5 ESP=0032F7F4 EBP=0032F87C ESI=0032F7F8 EDI=00530006 EFLAG=00000202
011E8BC1	XCHG     ECX, EAX                                         EAX=00FF3080 ECX=011E8B97 EDX=001FE0F8 EBX=775D41B5 ESP=0032F7F4 EBP=0032F87C ESI=0032F7F8 EDI=00530006 EFLAG=00000202
011E8BC2	PUSH     DWORD 0x0                                        EAX=011E8B97 ECX=00FF3080 EDX=001FE0F8 EBX=775D41B5 ESP=0032F7F4 EBP=0032F87C ESI=0032F7F8 EDI=00530006 EFLAG=00000202
011E8BC7	SUB      [ESP], ECX                                       EAX=011E8B97 ECX=00FF3080 EDX=001FE0F8 EBX=775D41B5 ESP=0032F7F0 EBP=0032F87C ESI=0032F7F8 EDI=00530006 EFLAG=00000202
011E8BCA	MOV      ECX, [ESP]                                       EAX=011E8B97 ECX=00FF3080 EDX=001FE0F8 EBX=775D41B5 ESP=0032F7F0 EBP=0032F87C ESI=0032F7F8 EDI=00530006 EFLAG=00000283
011E8BCD	ADD      ESP, 0x4                                         EAX=011E8B97 ECX=FF00CF80 EDX=001FE0F8 EBX=775D41B5 ESP=0032F7F0 EBP=0032F87C ESI=0032F7F8 EDI=00530006 EFLAG=00000283
011E8BD0	XCHG     ECX, EAX                                         EAX=011E8B97 ECX=FF00CF80 EDX=001FE0F8 EBX=775D41B5 ESP=0032F7F4 EBP=0032F87C ESI=0032F7F8 EDI=00530006 EFLAG=00000202
011E8BD1	DEC      EAX                                              EAX=FF00CF80 ECX=011E8B97 EDX=001FE0F8 EBX=775D41B5 ESP=0032F7F4 EBP=0032F87C ESI=0032F7F8 EDI=00530006 EFLAG=00000202
011E8BD2	PUSH     ECX                                              EAX=FF00CF7F ECX=011E8B97 EDX=001FE0F8 EBX=775D41B5 ESP=0032F7F4 EBP=0032F87C ESI=0032F7F8 EDI=00530006 EFLAG=00000292
011E8BD3	MOV      ECX, 0x50330ddd                                  EAX=FF00CF7F ECX=011E8B97 EDX=001FE0F8 EBX=775D41B5 ESP=0032F7F0 EBP=0032F87C ESI=0032F7F8 EDI=00530006 EFLAG=00000292
011E8BD8	NEG      ECX                                              EAX=FF00CF7F ECX=50330DDD EDX=001FE0F8 EBX=775D41B5 ESP=0032F7F0 EBP=0032F87C ESI=0032F7F8 EDI=00530006 EFLAG=00000292
011E8BDA	SUB      ECX, 0x21234fff                                  EAX=FF00CF7F ECX=AFCCF223 EDX=001FE0F8 EBX=775D41B5 ESP=0032F7F0 EBP=0032F87C ESI=0032F7F8 EDI=00530006 EFLAG=00000293
011E8BE0	NEG      ECX                                              EAX=FF00CF7F ECX=8EA9A224 EDX=001FE0F8 EBX=775D41B5 ESP=0032F7F0 EBP=0032F87C ESI=0032F7F8 EDI=00530006 EFLAG=00000296
011E8BE2	SHL      ECX, 0x7                                         EAX=FF00CF7F ECX=71565DDC EDX=001FE0F8 EBX=775D41B5 ESP=0032F7F0 EBP=0032F87C ESI=0032F7F8 EDI=00530006 EFLAG=00000213
011E8BE5	PUSH     EBX                                              EAX=FF00CF7F ECX=AB2EEE00 EDX=001FE0F8 EBX=775D41B5 ESP=0032F7F0 EBP=0032F87C ESI=0032F7F8 EDI=00530006 EFLAG=00000A86
011E8BE6	MOV      EBX, 0x53d92906                                  EAX=FF00CF7F ECX=AB2EEE00 EDX=001FE0F8 EBX=775D41B5 ESP=0032F7EC EBP=0032F87C ESI=0032F7F8 EDI=00530006 EFLAG=00000A86
011E8BEB	SHR      EBX, 0x5                                         EAX=FF00CF7F ECX=AB2EEE00 EDX=001FE0F8 EBX=53D92906 ESP=0032F7EC EBP=0032F87C ESI=0032F7F8 EDI=00530006 EFLAG=00000A86
011E8BEE	ADD      EBX, 0x51331833                                  EAX=FF00CF7F ECX=AB2EEE00 EDX=001FE0F8 EBX=029EC948 ESP=0032F7EC EBP=0032F87C ESI=0032F7F8 EDI=00530006 EFLAG=00000206
011E8BF4	ADD      ECX, EBX                                         EAX=FF00CF7F ECX=AB2EEE00 EDX=001FE0F8 EBX=53D1E17B ESP=0032F7EC EBP=0032F87C ESI=0032F7F8 EDI=00530006 EFLAG=00000206
011E8BF6	POP      EBX                                              EAX=FF00CF7F ECX=FF00CF7B EDX=001FE0F8 EBX=53D1E17B ESP=0032F7EC EBP=0032F87C ESI=0032F7F8 EDI=00530006 EFLAG=00000286
011E8BF7	XOR      EAX, ECX                                         EAX=FF00CF7F ECX=FF00CF7B EDX=001FE0F8 EBX=775D41B5 ESP=0032F7F0 EBP=0032F87C ESI=0032F7F8 EDI=00530006 EFLAG=00000286
011E8BF9	MOV      ECX, [ESP]                                       EAX=00000004 ECX=FF00CF7B EDX=001FE0F8 EBX=775D41B5 ESP=0032F7F0 EBP=0032F87C ESI=0032F7F8 EDI=00530006 EFLAG=00000202
011E8BFC	ADD      ESP, 0x4                                         EAX=00000004 ECX=011E8B97 EDX=001FE0F8 EBX=775D41B5 ESP=0032F7F0 EBP=0032F87C ESI=0032F7F8 EDI=00530006 EFLAG=00000202
011E8C02	SUB      ESI, 0x4836636                                   EAX=00000004 ECX=011E8B97 EDX=001FE0F8 EBX=775D41B5 ESP=0032F7F4 EBP=0032F87C ESI=0032F7F8 EDI=00530006 EFLAG=00000202
011E8C08	ADD      ESI, EAX                                         EAX=00000004 ECX=011E8B97 EDX=001FE0F8 EBX=775D41B5 ESP=0032F7F4 EBP=0032F87C ESI=FBAF91C2 EDI=00530006 EFLAG=00000283
011E8C0A	ADD      ESI, 0x4836636                                   EAX=00000004 ECX=011E8B97 EDX=001FE0F8 EBX=775D41B5 ESP=0032F7F4 EBP=0032F87C ESI=FBAF91C6 EDI=00530006 EFLAG=00000286
011E8C10	POP      EAX                                              EAX=00000004 ECX=011E8B97 EDX=001FE0F8 EBX=775D41B5 ESP=0032F7F4 EBP=0032F87C ESI=0032F7FC EDI=00530006 EFLAG=00000207
011E8C11	PUSH     EAX                                              EAX=05091BB8 ECX=011E8B97 EDX=001FE0F8 EBX=775D41B5 ESP=0032F7F8 EBP=0032F87C ESI=0032F7FC EDI=00530006 EFLAG=00000207
011E8C12	MOV      EAX, 0x4                                         EAX=05091BB8 ECX=011E8B97 EDX=001FE0F8 EBX=775D41B5 ESP=0032F7F4 EBP=0032F87C ESI=0032F7FC EDI=00530006 EFLAG=00000207
011E8C17	ADD      ESI, EAX                                         EAX=00000004 ECX=011E8B97 EDX=001FE0F8 EBX=775D41B5 ESP=0032F7F4 EBP=0032F87C ESI=0032F7FC EDI=00530006 EFLAG=00000207
011E8C19	MOV      EAX, [ESP]                                       EAX=00000004 ECX=011E8B97 EDX=001FE0F8 EBX=775D41B5 ESP=0032F7F4 EBP=0032F87C ESI=0032F800 EDI=00530006 EFLAG=00000216
011E8C1C	ADD      ESP, 0x4                                         EAX=05091BB8 ECX=011E8B97 EDX=001FE0F8 EBX=775D41B5 ESP=0032F7F4 EBP=0032F87C ESI=0032F800 EDI=00530006 EFLAG=00000216
011E8C1F	XOR      ESI, [ESP]                                       EAX=05091BB8 ECX=011E8B97 EDX=001FE0F8 EBX=775D41B5 ESP=0032F7F8 EBP=0032F87C ESI=0032F800 EDI=00530006 EFLAG=00000202
011E8C22	XOR      [ESP], ESI                                       EAX=05091BB8 ECX=011E8B97 EDX=001FE0F8 EBX=775D41B5 ESP=0032F7F8 EBP=0032F87C ESI=0032F800 EDI=00530006 EFLAG=00000206
011E8C25	XOR      ESI, [ESP]                                       EAX=05091BB8 ECX=011E8B97 EDX=001FE0F8 EBX=775D41B5 ESP=0032F7F8 EBP=0032F87C ESI=0032F800 EDI=00530006 EFLAG=00000206
011E8C28	MOV      ESP, [ESP]                                       EAX=05091BB8 ECX=011E8B97 EDX=001FE0F8 EBX=775D41B5 ESP=0032F7F8 EBP=0032F87C ESI=00000000 EDI=00530006 EFLAG=00000246
011E8C2B	PUSH     ESI                                              EAX=05091BB8 ECX=011E8B97 EDX=001FE0F8 EBX=775D41B5 ESP=0032F800 EBP=0032F87C ESI=00000000 EDI=00530006 EFLAG=00000246
011E8C2C	PUSH     EAX                                              EAX=05091BB8 ECX=011E8B97 EDX=001FE0F8 EBX=775D41B5 ESP=0032F7FC EBP=0032F87C ESI=00000000 EDI=00530006 EFLAG=00000246
011E8C2D	MOV      [ESP], EBP                                       EAX=05091BB8 ECX=011E8B97 EDX=001FE0F8 EBX=775D41B5 ESP=0032F7F8 EBP=0032F87C ESI=00000000 EDI=00530006 EFLAG=00000246
011E8C30	MOV      EBP, 0x6aa91e82                                  EAX=05091BB8 ECX=011E8B97 EDX=001FE0F8 EBX=775D41B5 ESP=0032F7F8 EBP=0032F87C ESI=00000000 EDI=00530006 EFLAG=00000246
011E8C35	PUSH     ECX                                              EAX=05091BB8 ECX=011E8B97 EDX=001FE0F8 EBX=775D41B5 ESP=0032F7F8 EBP=6AA91E82 ESI=00000000 EDI=00530006 EFLAG=00000246
011E8C36	SUB      ESP, 0x4                                         EAX=05091BB8 ECX=011E8B97 EDX=001FE0F8 EBX=775D41B5 ESP=0032F7F4 EBP=6AA91E82 ESI=00000000 EDI=00530006 EFLAG=00000246
011E8C3C	MOV      [ESP], EBP                                       EAX=05091BB8 ECX=011E8B97 EDX=001FE0F8 EBX=775D41B5 ESP=0032F7F0 EBP=6AA91E82 ESI=00000000 EDI=00530006 EFLAG=00000206
011E8C3F	SUB      DWORD [ESP], 0x167253d5                          EAX=05091BB8 ECX=011E8B97 EDX=001FE0F8 EBX=775D41B5 ESP=0032F7F0 EBP=6AA91E82 ESI=00000000 EDI=00530006 EFLAG=00000206
011E8C46	POP      ECX                                              EAX=05091BB8 ECX=011E8B97 EDX=001FE0F8 EBX=775D41B5 ESP=0032F7F0 EBP=6AA91E82 ESI=00000000 EDI=00530006 EFLAG=00000212
011E8C47	ADD      ECX, 0x167253d5                                  EAX=05091BB8 ECX=5436CAAD EDX=001FE0F8 EBX=775D41B5 ESP=0032F7F4 EBP=6AA91E82 ESI=00000000 EDI=00530006 EFLAG=00000212
011E8C4D	PUSH     EDX                                              EAX=05091BB8 ECX=6AA91E82 EDX=001FE0F8 EBX=775D41B5 ESP=0032F7F4 EBP=6AA91E82 ESI=00000000 EDI=00530006 EFLAG=00000216
011E8C4E	MOV      EDX, ECX                                         EAX=05091BB8 ECX=6AA91E82 EDX=001FE0F8 EBX=775D41B5 ESP=0032F7F0 EBP=6AA91E82 ESI=00000000 EDI=00530006 EFLAG=00000216
011E8C50	MOV      ESI, EDX                                         EAX=05091BB8 ECX=6AA91E82 EDX=6AA91E82 EBX=775D41B5 ESP=0032F7F0 EBP=6AA91E82 ESI=00000000 EDI=00530006 EFLAG=00000216
011E8C52	POP      EDX                                              EAX=05091BB8 ECX=6AA91E82 EDX=6AA91E82 EBX=775D41B5 ESP=0032F7F0 EBP=6AA91E82 ESI=6AA91E82 EDI=00530006 EFLAG=00000216
011E8C53	POP      ECX                                              EAX=05091BB8 ECX=6AA91E82 EDX=001FE0F8 EBX=775D41B5 ESP=0032F7F4 EBP=6AA91E82 ESI=6AA91E82 EDI=00530006 EFLAG=00000216
011E8C54	POP      EBP                                              EAX=05091BB8 ECX=011E8B97 EDX=001FE0F8 EBX=775D41B5 ESP=0032F7F8 EBP=6AA91E82 ESI=6AA91E82 EDI=00530006 EFLAG=00000216
011E8C55	ADD      ESI, 0xffffffff                                  EAX=05091BB8 ECX=011E8B97 EDX=001FE0F8 EBX=775D41B5 ESP=0032F7FC EBP=0032F87C ESI=6AA91E82 EDI=00530006 EFLAG=00000216
011E8C5B	NOT      ESI                                              EAX=05091BB8 ECX=011E8B97 EDX=001FE0F8 EBX=775D41B5 ESP=0032F7FC EBP=0032F87C ESI=6AA91E81 EDI=00530006 EFLAG=00000217
011E8C5D	SUB      ESI, 0xffffffff                                  EAX=05091BB8 ECX=011E8B97 EDX=001FE0F8 EBX=775D41B5 ESP=0032F7FC EBP=0032F87C ESI=9556E17E EDI=00530006 EFLAG=00000217
011E8C63	PUSH     DWORD 0x45b1                                     EAX=05091BB8 ECX=011E8B97 EDX=001FE0F8 EBX=775D41B5 ESP=0032F7FC EBP=0032F87C ESI=9556E17F EDI=00530006 EFLAG=00000293
011E8C68	MOV      [ESP], EBX                                       EAX=05091BB8 ECX=011E8B97 EDX=001FE0F8 EBX=775D41B5 ESP=0032F7F8 EBP=0032F87C ESI=9556E17F EDI=00530006 EFLAG=00000293
011E8C6B	MOV      EBX, 0x64050482                                  EAX=05091BB8 ECX=011E8B97 EDX=001FE0F8 EBX=775D41B5 ESP=0032F7F8 EBP=0032F87C ESI=9556E17F EDI=00530006 EFLAG=00000293
011E8C70	PUSH     EDI                                              EAX=05091BB8 ECX=011E8B97 EDX=001FE0F8 EBX=64050482 ESP=0032F7F8 EBP=0032F87C ESI=9556E17F EDI=00530006 EFLAG=00000293
011E8C71	PUSH     EBP                                              EAX=05091BB8 ECX=011E8B97 EDX=001FE0F8 EBX=64050482 ESP=0032F7F4 EBP=0032F87C ESI=9556E17F EDI=00530006 EFLAG=00000293
011E8C72	MOV      EBP, 0x299312fb                                  EAX=05091BB8 ECX=011E8B97 EDX=001FE0F8 EBX=64050482 ESP=0032F7F0 EBP=0032F87C ESI=9556E17F EDI=00530006 EFLAG=00000293
011E8C77	MOV      EDI, EBP                                         EAX=05091BB8 ECX=011E8B97 EDX=001FE0F8 EBX=64050482 ESP=0032F7F0 EBP=299312FB ESI=9556E17F EDI=00530006 EFLAG=00000293
011E8C79	POP      EBP                                              EAX=05091BB8 ECX=011E8B97 EDX=001FE0F8 EBX=64050482 ESP=0032F7F0 EBP=299312FB ESI=9556E17F EDI=299312FB EFLAG=00000293
011E8C7A	SUB      EBX, EDI                                         EAX=05091BB8 ECX=011E8B97 EDX=001FE0F8 EBX=64050482 ESP=0032F7F4 EBP=0032F87C ESI=9556E17F EDI=299312FB EFLAG=00000293
011E8C7C	POP      EDI                                              EAX=05091BB8 ECX=011E8B97 EDX=001FE0F8 EBX=3A71F187 ESP=0032F7F4 EBP=0032F87C ESI=9556E17F EDI=299312FB EFLAG=00000216
011E8C7D	PUSH     EAX                                              EAX=05091BB8 ECX=011E8B97 EDX=001FE0F8 EBX=3A71F187 ESP=0032F7F8 EBP=0032F87C ESI=9556E17F EDI=00530006 EFLAG=00000216
011E8C7E	MOV      [ESP], EBP                                       EAX=05091BB8 ECX=011E8B97 EDX=001FE0F8 EBX=3A71F187 ESP=0032F7F4 EBP=0032F87C ESI=9556E17F EDI=00530006 EFLAG=00000216
011E8C81	MOV      EBP, 0x0                                         EAX=05091BB8 ECX=011E8B97 EDX=001FE0F8 EBX=3A71F187 ESP=0032F7F4 EBP=0032F87C ESI=9556E17F EDI=00530006 EFLAG=00000216
011E8C86	SUB      EBP, EBX                                         EAX=05091BB8 ECX=011E8B97 EDX=001FE0F8 EBX=3A71F187 ESP=0032F7F4 EBP=00000000 ESI=9556E17F EDI=00530006 EFLAG=00000216
011E8C88	XCHG     EBX, EBP                                         EAX=05091BB8 ECX=011E8B97 EDX=001FE0F8 EBX=3A71F187 ESP=0032F7F4 EBP=C58E0E79 ESI=9556E17F EDI=00530006 EFLAG=00000293
011E8C8A	POP      EBP                                              EAX=05091BB8 ECX=011E8B97 EDX=001FE0F8 EBX=C58E0E79 ESP=0032F7F4 EBP=3A71F187 ESI=9556E17F EDI=00530006 EFLAG=00000293
011E8C8B	OR       EBX, 0x53624c4c                                  EAX=05091BB8 ECX=011E8B97 EDX=001FE0F8 EBX=C58E0E79 ESP=0032F7F8 EBP=0032F87C ESI=9556E17F EDI=00530006 EFLAG=00000293
011E8C91	OR       EBX, 0x736f38d6                                  EAX=05091BB8 ECX=011E8B97 EDX=001FE0F8 EBX=D7EE4E7D ESP=0032F7F8 EBP=0032F87C ESI=9556E17F EDI=00530006 EFLAG=00000286
011E8C97	ADD      EBX, 0x1                                         EAX=05091BB8 ECX=011E8B97 EDX=001FE0F8 EBX=F7EF7EFF ESP=0032F7F8 EBP=0032F87C ESI=9556E17F EDI=00530006 EFLAG=00000286
011E8C9A	XOR      EBX, 0xb6ff2ce5                                  EAX=05091BB8 ECX=011E8B97 EDX=001FE0F8 EBX=F7EF7F00 ESP=0032F7F8 EBP=0032F87C ESI=9556E17F EDI=00530006 EFLAG=00000296
011E8CA0	XOR      ESI, EBX                                         EAX=05091BB8 ECX=011E8B97 EDX=001FE0F8 EBX=411053E5 ESP=0032F7F8 EBP=0032F87C ESI=9556E17F EDI=00530006 EFLAG=00000202
011E8CA2	MOV      EBX, [ESP]                                       EAX=05091BB8 ECX=011E8B97 EDX=001FE0F8 EBX=411053E5 ESP=0032F7F8 EBP=0032F87C ESI=D446B29A EDI=00530006 EFLAG=00000286
011E8CA5	ADD      ESP, 0x4                                         EAX=05091BB8 ECX=011E8B97 EDX=001FE0F8 EBX=775D41B5 ESP=0032F7F8 EBP=0032F87C ESI=D446B29A EDI=00530006 EFLAG=00000286
011E8CA8	PUSH     EBP                                              EAX=05091BB8 ECX=011E8B97 EDX=001FE0F8 EBX=775D41B5 ESP=0032F7FC EBP=0032F87C ESI=D446B29A EDI=00530006 EFLAG=00000206
011E8CA9	MOV      EBP, 0xd446b0db                                  EAX=05091BB8 ECX=011E8B97 EDX=001FE0F8 EBX=775D41B5 ESP=0032F7F8 EBP=0032F87C ESI=D446B29A EDI=00530006 EFLAG=00000206
011E8CAE	SUB      ESI, 0x1b2812f3                                  EAX=05091BB8 ECX=011E8B97 EDX=001FE0F8 EBX=775D41B5 ESP=0032F7F8 EBP=D446B0DB ESI=D446B29A EDI=00530006 EFLAG=00000206
011E8CB4	SUB      ESI, EBP                                         EAX=05091BB8 ECX=011E8B97 EDX=001FE0F8 EBX=775D41B5 ESP=0032F7F8 EBP=D446B0DB ESI=B91E9FA7 EDI=00530006 EFLAG=00000282
011E8CB6	ADD      ESI, 0x1b2812f3                                  EAX=05091BB8 ECX=011E8B97 EDX=001FE0F8 EBX=775D41B5 ESP=0032F7F8 EBP=D446B0DB ESI=E4D7EECC EDI=00530006 EFLAG=00000297
011E8CBC	POP      EBP                                              EAX=05091BB8 ECX=011E8B97 EDX=001FE0F8 EBX=775D41B5 ESP=0032F7F8 EBP=D446B0DB ESI=000001BF EDI=00530006 EFLAG=00000203
011E8CBD	ADD      ECX, 0xf8a5898                                   EAX=05091BB8 ECX=011E8B97 EDX=001FE0F8 EBX=775D41B5 ESP=0032F7FC EBP=0032F87C ESI=000001BF EDI=00530006 EFLAG=00000203
011E8CC3	SUB      ECX, ESI                                         EAX=05091BB8 ECX=10A8E42F EDX=001FE0F8 EBX=775D41B5 ESP=0032F7FC EBP=0032F87C ESI=000001BF EDI=00530006 EFLAG=00000202
011E8CC5	SUB      ECX, 0xf8a5898                                   EAX=05091BB8 ECX=10A8E270 EDX=001FE0F8 EBX=775D41B5 ESP=0032F7FC EBP=0032F87C ESI=000001BF EDI=00530006 EFLAG=00000202
011E8CCB	POP      ESI                                              EAX=05091BB8 ECX=011E89D8 EDX=001FE0F8 EBX=775D41B5 ESP=0032F7FC EBP=0032F87C ESI=000001BF EDI=00530006 EFLAG=00000216
011E8CCC	SUB      ESP, 0x4                                         EAX=05091BB8 ECX=011E89D8 EDX=001FE0F8 EBX=775D41B5 ESP=0032F800 EBP=0032F87C ESI=00000000 EDI=00530006 EFLAG=00000216
011E8CD2	MOV      [ESP], EBX                                       EAX=05091BB8 ECX=011E89D8 EDX=001FE0F8 EBX=775D41B5 ESP=0032F7FC EBP=0032F87C ESI=00000000 EDI=00530006 EFLAG=00000216
011E8CD5	PUSH     ECX                                              EAX=05091BB8 ECX=011E89D8 EDX=001FE0F8 EBX=775D41B5 ESP=0032F7FC EBP=0032F87C ESI=00000000 EDI=00530006 EFLAG=00000216
011E8CD6	MOV      ECX, 0x741d65b1                                  EAX=05091BB8 ECX=011E89D8 EDX=001FE0F8 EBX=775D41B5 ESP=0032F7F8 EBP=0032F87C ESI=00000000 EDI=00530006 EFLAG=00000216
011E8CDB	SHR      ECX, 0x3                                         EAX=05091BB8 ECX=741D65B1 EDX=001FE0F8 EBX=775D41B5 ESP=0032F7F8 EBP=0032F87C ESI=00000000 EDI=00530006 EFLAG=00000216
011E8CDE	SUB      ECX, 0xb6405a94                                  EAX=05091BB8 ECX=0E83ACB6 EDX=001FE0F8 EBX=775D41B5 ESP=0032F7F8 EBP=0032F87C ESI=00000000 EDI=00530006 EFLAG=00000202
011E8CE4	MOV      EBX, ECX                                         EAX=05091BB8 ECX=58435222 EDX=001FE0F8 EBX=775D41B5 ESP=0032F7F8 EBP=0032F87C ESI=00000000 EDI=00530006 EFLAG=00000207
011E8CE6	POP      ECX                                              EAX=05091BB8 ECX=58435222 EDX=001FE0F8 EBX=58435222 ESP=0032F7F8 EBP=0032F87C ESI=00000000 EDI=00530006 EFLAG=00000207
011E8CE7	PUSH     ESI                                              EAX=05091BB8 ECX=011E89D8 EDX=001FE0F8 EBX=58435222 ESP=0032F7FC EBP=0032F87C ESI=00000000 EDI=00530006 EFLAG=00000207
011E8CE8	PUSH     ECX                                              EAX=05091BB8 ECX=011E89D8 EDX=001FE0F8 EBX=58435222 ESP=0032F7F8 EBP=0032F87C ESI=00000000 EDI=00530006 EFLAG=00000207
011E8CE9	PUSH     DWORD 0x1f3b7926                                 EAX=05091BB8 ECX=011E89D8 EDX=001FE0F8 EBX=58435222 ESP=0032F7F4 EBP=0032F87C ESI=00000000 EDI=00530006 EFLAG=00000207
011E8CEE	POP      ECX                                              EAX=05091BB8 ECX=011E89D8 EDX=001FE0F8 EBX=58435222 ESP=0032F7F0 EBP=0032F87C ESI=00000000 EDI=00530006 EFLAG=00000207
011E8CEF	SUB      ECX, 0x239b0d51                                  EAX=05091BB8 ECX=1F3B7926 EDX=001FE0F8 EBX=58435222 ESP=0032F7F4 EBP=0032F87C ESI=00000000 EDI=00530006 EFLAG=00000207
011E8CF5	NEG      ECX                                              EAX=05091BB8 ECX=FBA06BD5 EDX=001FE0F8 EBX=58435222 ESP=0032F7F4 EBP=0032F87C ESI=00000000 EDI=00530006 EFLAG=00000283
011E8CF7	OR       ECX, 0x65ff15ef                                  EAX=05091BB8 ECX=045F942B EDX=001FE0F8 EBX=58435222 ESP=0032F7F4 EBP=0032F87C ESI=00000000 EDI=00530006 EFLAG=00000217
011E8CFD	XOR      ECX, 0x730da9bd                                  EAX=05091BB8 ECX=65FF95EF EDX=001FE0F8 EBX=58435222 ESP=0032F7F4 EBP=0032F87C ESI=00000000 EDI=00530006 EFLAG=00000202
011E8D03	PUSH     ECX                                              EAX=05091BB8 ECX=16F23C52 EDX=001FE0F8 EBX=58435222 ESP=0032F7F4 EBP=0032F87C ESI=00000000 EDI=00530006 EFLAG=00000202
011E8D04	POP      ESI                                              EAX=05091BB8 ECX=16F23C52 EDX=001FE0F8 EBX=58435222 ESP=0032F7F0 EBP=0032F87C ESI=00000000 EDI=00530006 EFLAG=00000202
011E8D05	MOV      ECX, [ESP]                                       EAX=05091BB8 ECX=16F23C52 EDX=001FE0F8 EBX=58435222 ESP=0032F7F4 EBP=0032F87C ESI=16F23C52 EDI=00530006 EFLAG=00000202
011E8D08	ADD      ESP, 0x4                                         EAX=05091BB8 ECX=011E89D8 EDX=001FE0F8 EBX=58435222 ESP=0032F7F4 EBP=0032F87C ESI=16F23C52 EDI=00530006 EFLAG=00000202
011E8D0B	SHL      ESI, 0x7                                         EAX=05091BB8 ECX=011E89D8 EDX=001FE0F8 EBX=58435222 ESP=0032F7F8 EBP=0032F87C ESI=16F23C52 EDI=00530006 EFLAG=00000202
011E8D0E	INC      ESI                                              EAX=05091BB8 ECX=011E89D8 EDX=001FE0F8 EBX=58435222 ESP=0032F7F8 EBP=0032F87C ESI=791E2900 EDI=00530006 EFLAG=00000A07
011E8D0F	PUSH     EBP                                              EAX=05091BB8 ECX=011E89D8 EDX=001FE0F8 EBX=58435222 ESP=0032F7F8 EBP=0032F87C ESI=791E2901 EDI=00530006 EFLAG=00000203
011E8D10	PUSH     EAX                                              EAX=05091BB8 ECX=011E89D8 EDX=001FE0F8 EBX=58435222 ESP=0032F7F4 EBP=0032F87C ESI=791E2901 EDI=00530006 EFLAG=00000203
011E8D11	MOV      [ESP], ESI                                       EAX=05091BB8 ECX=011E89D8 EDX=001FE0F8 EBX=58435222 ESP=0032F7F0 EBP=0032F87C ESI=791E2901 EDI=00530006 EFLAG=00000203
011E8D14	MOV      ESI, 0x3a43116f                                  EAX=05091BB8 ECX=011E89D8 EDX=001FE0F8 EBX=58435222 ESP=0032F7F0 EBP=0032F87C ESI=791E2901 EDI=00530006 EFLAG=00000203
011E8D19	MOV      EBP, ESI                                         EAX=05091BB8 ECX=011E89D8 EDX=001FE0F8 EBX=58435222 ESP=0032F7F0 EBP=0032F87C ESI=3A43116F EDI=00530006 EFLAG=00000203
011E8D1B	POP      ESI                                              EAX=05091BB8 ECX=011E89D8 EDX=001FE0F8 EBX=58435222 ESP=0032F7F0 EBP=3A43116F ESI=3A43116F EDI=00530006 EFLAG=00000203
011E8D1C	OR       ESI, EBP                                         EAX=05091BB8 ECX=011E89D8 EDX=001FE0F8 EBX=58435222 ESP=0032F7F4 EBP=3A43116F ESI=791E2901 EDI=00530006 EFLAG=00000203
011E8D1E	POP      EBP                                              EAX=05091BB8 ECX=011E89D8 EDX=001FE0F8 EBX=58435222 ESP=0032F7F4 EBP=3A43116F ESI=7B5F396F EDI=00530006 EFLAG=00000206
011E8D1F	XOR      ESI, 0x148a6d88                                  EAX=05091BB8 ECX=011E89D8 EDX=001FE0F8 EBX=58435222 ESP=0032F7F8 EBP=0032F87C ESI=7B5F396F EDI=00530006 EFLAG=00000206
011E8D25	DEC      ESI                                              EAX=05091BB8 ECX=011E89D8 EDX=001FE0F8 EBX=58435222 ESP=0032F7F8 EBP=0032F87C ESI=6FD554E7 EDI=00530006 EFLAG=00000206
011E8D26	XCHG     ESI, EDX                                         EAX=05091BB8 ECX=011E89D8 EDX=001FE0F8 EBX=58435222 ESP=0032F7F8 EBP=0032F87C ESI=6FD554E6 EDI=00530006 EFLAG=00000202
011E8D28	NOT      EDX                                              EAX=05091BB8 ECX=011E89D8 EDX=6FD554E6 EBX=58435222 ESP=0032F7F8 EBP=0032F87C ESI=001FE0F8 EDI=00530006 EFLAG=00000202
011E8D2A	XCHG     ESI, EDX                                         EAX=05091BB8 ECX=011E89D8 EDX=902AAB19 EBX=58435222 ESP=0032F7F8 EBP=0032F87C ESI=001FE0F8 EDI=00530006 EFLAG=00000202
011E8D2C	PUSH     EAX                                              EAX=05091BB8 ECX=011E89D8 EDX=001FE0F8 EBX=58435222 ESP=0032F7F8 EBP=0032F87C ESI=902AAB19 EDI=00530006 EFLAG=00000202
011E8D2D	MOV      [ESP], EBX                                       EAX=05091BB8 ECX=011E89D8 EDX=001FE0F8 EBX=58435222 ESP=0032F7F4 EBP=0032F87C ESI=902AAB19 EDI=00530006 EFLAG=00000202
011E8D30	MOV      EBX, 0xffffffff                                  EAX=05091BB8 ECX=011E89D8 EDX=001FE0F8 EBX=58435222 ESP=0032F7F4 EBP=0032F87C ESI=902AAB19 EDI=00530006 EFLAG=00000202
011E8D35	SUB      ESI, EBX                                         EAX=05091BB8 ECX=011E89D8 EDX=001FE0F8 EBX=FFFFFFFF ESP=0032F7F4 EBP=0032F87C ESI=902AAB19 EDI=00530006 EFLAG=00000202
011E8D37	POP      EBX                                              EAX=05091BB8 ECX=011E89D8 EDX=001FE0F8 EBX=FFFFFFFF ESP=0032F7F4 EBP=0032F87C ESI=902AAB1A EDI=00530006 EFLAG=00000293
011E8D38	DEC      ESI                                              EAX=05091BB8 ECX=011E89D8 EDX=001FE0F8 EBX=58435222 ESP=0032F7F8 EBP=0032F87C ESI=902AAB1A EDI=00530006 EFLAG=00000293
011E8D39	PUSH     EBX                                              EAX=05091BB8 ECX=011E89D8 EDX=001FE0F8 EBX=58435222 ESP=0032F7F8 EBP=0032F87C ESI=902AAB19 EDI=00530006 EFLAG=00000283
011E8D3A	PUSH     DWORD 0xe9b5f121                                 EAX=05091BB8 ECX=011E89D8 EDX=001FE0F8 EBX=58435222 ESP=0032F7F4 EBP=0032F87C ESI=902AAB19 EDI=00530006 EFLAG=00000283
011E8D3F	POP      EBX                                              EAX=05091BB8 ECX=011E89D8 EDX=001FE0F8 EBX=58435222 ESP=0032F7F0 EBP=0032F87C ESI=902AAB19 EDI=00530006 EFLAG=00000283
011E8D40	XOR      ESI, EBX                                         EAX=05091BB8 ECX=011E89D8 EDX=001FE0F8 EBX=E9B5F121 ESP=0032F7F4 EBP=0032F87C ESI=902AAB19 EDI=00530006 EFLAG=00000283
011E8D42	POP      EBX                                              EAX=05091BB8 ECX=011E89D8 EDX=001FE0F8 EBX=E9B5F121 ESP=0032F7F4 EBP=0032F87C ESI=799F5A38 EDI=00530006 EFLAG=00000202
011E8D43	SUB      EBX, ESI                                         EAX=05091BB8 ECX=011E89D8 EDX=001FE0F8 EBX=58435222 ESP=0032F7F8 EBP=0032F87C ESI=799F5A38 EDI=00530006 EFLAG=00000202
011E8D45	POP      ESI                                              EAX=05091BB8 ECX=011E89D8 EDX=001FE0F8 EBX=DEA3F7EA ESP=0032F7F8 EBP=0032F87C ESI=799F5A38 EDI=00530006 EFLAG=00000293
011E8D46	PUSH     EDI                                              EAX=05091BB8 ECX=011E89D8 EDX=001FE0F8 EBX=DEA3F7EA ESP=0032F7FC EBP=0032F87C ESI=00000000 EDI=00530006 EFLAG=00000293
011E8D47	MOV      EDI, 0x215f91ee                                  EAX=05091BB8 ECX=011E89D8 EDX=001FE0F8 EBX=DEA3F7EA ESP=0032F7F8 EBP=0032F87C ESI=00000000 EDI=00530006 EFLAG=00000293
011E8D4C	ADD      EBX, EDI                                         EAX=05091BB8 ECX=011E89D8 EDX=001FE0F8 EBX=DEA3F7EA ESP=0032F7F8 EBP=0032F87C ESI=00000000 EDI=215F91EE EFLAG=00000293
011E8D4E	MOV      EDI, [ESP]                                       EAX=05091BB8 ECX=011E89D8 EDX=001FE0F8 EBX=000389D8 ESP=0032F7F8 EBP=0032F87C ESI=00000000 EDI=215F91EE EFLAG=00000217
011E8D51	ADD      ESP, 0x4                                         EAX=05091BB8 ECX=011E89D8 EDX=001FE0F8 EBX=000389D8 ESP=0032F7F8 EBP=0032F87C ESI=00000000 EDI=00530006 EFLAG=00000217
011E8D57	SUB      ECX, EBX                                         EAX=05091BB8 ECX=011E89D8 EDX=001FE0F8 EBX=000389D8 ESP=0032F7FC EBP=0032F87C ESI=00000000 EDI=00530006 EFLAG=00000206
011E8D59	POP      EBX                                              EAX=05091BB8 ECX=011B0000 EDX=001FE0F8 EBX=000389D8 ESP=0032F7FC EBP=0032F87C ESI=00000000 EDI=00530006 EFLAG=00000206
011E8D5A	PUSH     EDI                                              EAX=05091BB8 ECX=011B0000 EDX=001FE0F8 EBX=775D41B5 ESP=0032F800 EBP=0032F87C ESI=00000000 EDI=00530006 EFLAG=00000206
011E8D5B	MOV      [ESP], EAX                                       EAX=05091BB8 ECX=011B0000 EDX=001FE0F8 EBX=775D41B5 ESP=0032F7FC EBP=0032F87C ESI=00000000 EDI=00530006 EFLAG=00000206
011E8D5E	PUSH     DWORD 0x14c02                                    EAX=05091BB8 ECX=011B0000 EDX=001FE0F8 EBX=775D41B5 ESP=0032F7FC EBP=0032F87C ESI=00000000 EDI=00530006 EFLAG=00000206
011E8D63	MOV      EAX, [ESP]                                       EAX=05091BB8 ECX=011B0000 EDX=001FE0F8 EBX=775D41B5 ESP=0032F7F8 EBP=0032F87C ESI=00000000 EDI=00530006 EFLAG=00000206
011E8D66	ADD      ESP, 0x4                                         EAX=00014C02 ECX=011B0000 EDX=001FE0F8 EBX=775D41B5 ESP=0032F7F8 EBP=0032F87C ESI=00000000 EDI=00530006 EFLAG=00000206
011E8D6C	MOV      EBP, EAX                                         EAX=00014C02 ECX=011B0000 EDX=001FE0F8 EBX=775D41B5 ESP=0032F7FC EBP=0032F87C ESI=00000000 EDI=00530006 EFLAG=00000206
011E8D6E	MOV      EAX, [ESP]                                       EAX=00014C02 ECX=011B0000 EDX=001FE0F8 EBX=775D41B5 ESP=0032F7FC EBP=00014C02 ESI=00000000 EDI=00530006 EFLAG=00000206
011E8D71	PUSH     DWORD 0x2446                                     EAX=05091BB8 ECX=011B0000 EDX=001FE0F8 EBX=775D41B5 ESP=0032F7FC EBP=00014C02 ESI=00000000 EDI=00530006 EFLAG=00000206
011E8D76	MOV      [ESP], EDI                                       EAX=05091BB8 ECX=011B0000 EDX=001FE0F8 EBX=775D41B5 ESP=0032F7F8 EBP=00014C02 ESI=00000000 EDI=00530006 EFLAG=00000206
011E8D79	PUSH     ESP                                              EAX=05091BB8 ECX=011B0000 EDX=001FE0F8 EBX=775D41B5 ESP=0032F7F8 EBP=00014C02 ESI=00000000 EDI=00530006 EFLAG=00000206
011E8D7A	MOV      EDI, [ESP]                                       EAX=05091BB8 ECX=011B0000 EDX=001FE0F8 EBX=775D41B5 ESP=0032F7F4 EBP=00014C02 ESI=00000000 EDI=00530006 EFLAG=00000206
011E8D7D	PUSH     ECX                                              EAX=05091BB8 ECX=011B0000 EDX=001FE0F8 EBX=775D41B5 ESP=0032F7F4 EBP=00014C02 ESI=00000000 EDI=0032F7F8 EFLAG=00000206
011E8D7E	PUSH     ESP                                              EAX=05091BB8 ECX=011B0000 EDX=001FE0F8 EBX=775D41B5 ESP=0032F7F0 EBP=00014C02 ESI=00000000 EDI=0032F7F8 EFLAG=00000206
011E8D7F	POP      ECX                                              EAX=05091BB8 ECX=011B0000 EDX=001FE0F8 EBX=775D41B5 ESP=0032F7EC EBP=00014C02 ESI=00000000 EDI=0032F7F8 EFLAG=00000206
011E8D80	ADD      ECX, 0x4                                         EAX=05091BB8 ECX=0032F7F0 EDX=001FE0F8 EBX=775D41B5 ESP=0032F7F0 EBP=00014C02 ESI=00000000 EDI=0032F7F8 EFLAG=00000206
011E8D86	ADD      ECX, 0x4                                         EAX=05091BB8 ECX=0032F7F4 EDX=001FE0F8 EBX=775D41B5 ESP=0032F7F0 EBP=00014C02 ESI=00000000 EDI=0032F7F8 EFLAG=00000202
011E8D89	XCHG     [ESP], ECX                                       EAX=05091BB8 ECX=0032F7F8 EDX=001FE0F8 EBX=775D41B5 ESP=0032F7F0 EBP=00014C02 ESI=00000000 EDI=0032F7F8 EFLAG=00000202
011E8D8C	POP      ESP                                              EAX=05091BB8 ECX=011B0000 EDX=001FE0F8 EBX=775D41B5 ESP=0032F7F0 EBP=00014C02 ESI=00000000 EDI=0032F7F8 EFLAG=00000202
011E8D8D	ADD      EDI, 0x4                                         EAX=05091BB8 ECX=011B0000 EDX=001FE0F8 EBX=775D41B5 ESP=0032F7F8 EBP=00014C02 ESI=00000000 EDI=0032F7F8 EFLAG=00000202
011E8D93	PUSH     ESI                                              EAX=05091BB8 ECX=011B0000 EDX=001FE0F8 EBX=775D41B5 ESP=0032F7F8 EBP=00014C02 ESI=00000000 EDI=0032F7FC EFLAG=00000206
011E8D94	PUSH     DWORD 0x4                                        EAX=05091BB8 ECX=011B0000 EDX=001FE0F8 EBX=775D41B5 ESP=0032F7F4 EBP=00014C02 ESI=00000000 EDI=0032F7FC EFLAG=00000206
011E8D99	POP      ESI                                              EAX=05091BB8 ECX=011B0000 EDX=001FE0F8 EBX=775D41B5 ESP=0032F7F0 EBP=00014C02 ESI=00000000 EDI=0032F7FC EFLAG=00000206
011E8D9A	ADD      EDI, 0x5da3c19                                   EAX=05091BB8 ECX=011B0000 EDX=001FE0F8 EBX=775D41B5 ESP=0032F7F4 EBP=00014C02 ESI=00000004 EDI=0032F7FC EFLAG=00000206
011E8DA0	ADD      EDI, 0x53215996                                  EAX=05091BB8 ECX=011B0000 EDX=001FE0F8 EBX=775D41B5 ESP=0032F7F4 EBP=00014C02 ESI=00000004 EDI=060D3415 EFLAG=00000212
011E8DA6	ADD      EDI, ESI                                         EAX=05091BB8 ECX=011B0000 EDX=001FE0F8 EBX=775D41B5 ESP=0032F7F4 EBP=00014C02 ESI=00000004 EDI=592E8DAB EFLAG=00000202
011E8DA8	SUB      EDI, 0x53215996                                  EAX=05091BB8 ECX=011B0000 EDX=001FE0F8 EBX=775D41B5 ESP=0032F7F4 EBP=00014C02 ESI=00000004 EDI=592E8DAF EFLAG=00000206
011E8DAE	PUSH     EAX                                              EAX=05091BB8 ECX=011B0000 EDX=001FE0F8 EBX=775D41B5 ESP=0032F7F4 EBP=00014C02 ESI=00000004 EDI=060D3419 EFLAG=00000202
011E8DAF	MOV      EAX, 0x5da3c19                                   EAX=05091BB8 ECX=011B0000 EDX=001FE0F8 EBX=775D41B5 ESP=0032F7F0 EBP=00014C02 ESI=00000004 EDI=060D3419 EFLAG=00000202
011E8DB4	ADD      EDI, 0x6ce57fe6                                  EAX=05DA3C19 ECX=011B0000 EDX=001FE0F8 EBX=775D41B5 ESP=0032F7F0 EBP=00014C02 ESI=00000004 EDI=060D3419 EFLAG=00000202
011E8DBA	SUB      EDI, EAX                                         EAX=05DA3C19 ECX=011B0000 EDX=001FE0F8 EBX=775D41B5 ESP=0032F7F0 EBP=00014C02 ESI=00000004 EDI=72F2B3FF EFLAG=00000206
011E8DBC	SUB      EDI, 0x6ce57fe6                                  EAX=05DA3C19 ECX=011B0000 EDX=001FE0F8 EBX=775D41B5 ESP=0032F7F0 EBP=00014C02 ESI=00000004 EDI=6D1877E6 EFLAG=00000202
011E8DC2	POP      EAX                                              EAX=05DA3C19 ECX=011B0000 EDX=001FE0F8 EBX=775D41B5 ESP=0032F7F0 EBP=00014C02 ESI=00000004 EDI=0032F800 EFLAG=00000206
011E8DC3	MOV      ESI, [ESP]                                       EAX=05091BB8 ECX=011B0000 EDX=001FE0F8 EBX=775D41B5 ESP=0032F7F4 EBP=00014C02 ESI=00000004 EDI=0032F800 EFLAG=00000206
011E8DC6	PUSH     ECX                                              EAX=05091BB8 ECX=011B0000 EDX=001FE0F8 EBX=775D41B5 ESP=0032F7F4 EBP=00014C02 ESI=00000000 EDI=0032F800 EFLAG=00000206
011E8DC7	MOV      ECX, ESP                                         EAX=05091BB8 ECX=011B0000 EDX=001FE0F8 EBX=775D41B5 ESP=0032F7F0 EBP=00014C02 ESI=00000000 EDI=0032F800 EFLAG=00000206
011E8DC9	ADD      ECX, 0x4                                         EAX=05091BB8 ECX=0032F7F0 EDX=001FE0F8 EBX=775D41B5 ESP=0032F7F0 EBP=00014C02 ESI=00000000 EDI=0032F800 EFLAG=00000206
011E8DCF	ADD      ECX, 0x4                                         EAX=05091BB8 ECX=0032F7F4 EDX=001FE0F8 EBX=775D41B5 ESP=0032F7F0 EBP=00014C02 ESI=00000000 EDI=0032F800 EFLAG=00000202
011E8DD2	XCHG     [ESP], ECX                                       EAX=05091BB8 ECX=0032F7F8 EDX=001FE0F8 EBX=775D41B5 ESP=0032F7F0 EBP=00014C02 ESI=00000000 EDI=0032F800 EFLAG=00000202
011E8DD5	POP      ESP                                              EAX=05091BB8 ECX=011B0000 EDX=001FE0F8 EBX=775D41B5 ESP=0032F7F0 EBP=00014C02 ESI=00000000 EDI=0032F800 EFLAG=00000202
011E8DD6	PUSH     EDI                                              EAX=05091BB8 ECX=011B0000 EDX=001FE0F8 EBX=775D41B5 ESP=0032F7F8 EBP=00014C02 ESI=00000000 EDI=0032F800 EFLAG=00000202
011E8DD7	PUSH     DWORD [ESP+0x4]                                  EAX=05091BB8 ECX=011B0000 EDX=001FE0F8 EBX=775D41B5 ESP=0032F7F4 EBP=00014C02 ESI=00000000 EDI=0032F800 EFLAG=00000202
011E8DDB	POP      EDI                                              EAX=05091BB8 ECX=011B0000 EDX=001FE0F8 EBX=775D41B5 ESP=0032F7F0 EBP=00014C02 ESI=00000000 EDI=0032F800 EFLAG=00000202
011E8DDC	POP      DWORD [ESP]                                      EAX=05091BB8 ECX=011B0000 EDX=001FE0F8 EBX=775D41B5 ESP=0032F7F4 EBP=00014C02 ESI=00000000 EDI=00530006 EFLAG=00000202
011E8DDF	POP      ESP                                              EAX=05091BB8 ECX=011B0000 EDX=001FE0F8 EBX=775D41B5 ESP=0032F7F8 EBP=00014C02 ESI=00000000 EDI=00530006 EFLAG=00000202
011E8DE0	PUSH     EDX                                              EAX=05091BB8 ECX=011B0000 EDX=001FE0F8 EBX=775D41B5 ESP=0032F800 EBP=00014C02 ESI=00000000 EDI=00530006 EFLAG=00000202
011E8DE1	MOV      EDX, ESP                                         EAX=05091BB8 ECX=011B0000 EDX=001FE0F8 EBX=775D41B5 ESP=0032F7FC EBP=00014C02 ESI=00000000 EDI=00530006 EFLAG=00000202
011E8DE3	ADD      EDX, 0x4                                         EAX=05091BB8 ECX=011B0000 EDX=0032F7FC EBX=775D41B5 ESP=0032F7FC EBP=00014C02 ESI=00000000 EDI=00530006 EFLAG=00000202
011E8DE9	PUSH     ESI                                              EAX=05091BB8 ECX=011B0000 EDX=0032F800 EBX=775D41B5 ESP=0032F7FC EBP=00014C02 ESI=00000000 EDI=00530006 EFLAG=00000216
011E8DEA	MOV      ESI, 0x4                                         EAX=05091BB8 ECX=011B0000 EDX=0032F800 EBX=775D41B5 ESP=0032F7F8 EBP=00014C02 ESI=00000000 EDI=00530006 EFLAG=00000216
011E8DEF	SUB      EDX, ESI                                         EAX=05091BB8 ECX=011B0000 EDX=0032F800 EBX=775D41B5 ESP=0032F7F8 EBP=00014C02 ESI=00000004 EDI=00530006 EFLAG=00000216
011E8DF1	POP      ESI                                              EAX=05091BB8 ECX=011B0000 EDX=0032F7FC EBX=775D41B5 ESP=0032F7F8 EBP=00014C02 ESI=00000004 EDI=00530006 EFLAG=00000216
011E8DF2	XCHG     [ESP], EDX                                       EAX=05091BB8 ECX=011B0000 EDX=0032F7FC EBX=775D41B5 ESP=0032F7FC EBP=00014C02 ESI=00000000 EDI=00530006 EFLAG=00000216
011E8DF5	POP      ESP                                              EAX=05091BB8 ECX=011B0000 EDX=001FE0F8 EBX=775D41B5 ESP=0032F7FC EBP=00014C02 ESI=00000000 EDI=00530006 EFLAG=00000216
011E8DF6	MOV      [ESP], EDI                                       EAX=05091BB8 ECX=011B0000 EDX=001FE0F8 EBX=775D41B5 ESP=0032F7FC EBP=00014C02 ESI=00000000 EDI=00530006 EFLAG=00000216
011E8DF9	PUSH     ESI                                              EAX=05091BB8 ECX=011B0000 EDX=001FE0F8 EBX=775D41B5 ESP=0032F7FC EBP=00014C02 ESI=00000000 EDI=00530006 EFLAG=00000216
011E8DFA	MOV      [ESP], EBP                                       EAX=05091BB8 ECX=011B0000 EDX=001FE0F8 EBX=775D41B5 ESP=0032F7F8 EBP=00014C02 ESI=00000000 EDI=00530006 EFLAG=00000216
011E8DFD	MOV      EBP, 0x1f0530a5                                  EAX=05091BB8 ECX=011B0000 EDX=001FE0F8 EBX=775D41B5 ESP=0032F7F8 EBP=00014C02 ESI=00000000 EDI=00530006 EFLAG=00000216
011E8E02	XOR      EBP, 0x1bb8609c                                  EAX=05091BB8 ECX=011B0000 EDX=001FE0F8 EBX=775D41B5 ESP=0032F7F8 EBP=1F0530A5 ESI=00000000 EDI=00530006 EFLAG=00000216
011E8E08	AND      EBP, 0x530a272a                                  EAX=05091BB8 ECX=011B0000 EDX=001FE0F8 EBX=775D41B5 ESP=0032F7F8 EBP=04BD5039 ESI=00000000 EDI=00530006 EFLAG=00000206
011E8E0E	PUSH     EAX                                              EAX=05091BB8 ECX=011B0000 EDX=001FE0F8 EBX=775D41B5 ESP=0032F7F8 EBP=00080028 ESI=00000000 EDI=00530006 EFLAG=00000206
011E8E0F	MOV      EAX, 0xa9745d3                                   EAX=05091BB8 ECX=011B0000 EDX=001FE0F8 EBX=775D41B5 ESP=0032F7F4 EBP=00080028 ESI=00000000 EDI=00530006 EFLAG=00000206
011E8E14	NEG      EAX                                              EAX=0A9745D3 ECX=011B0000 EDX=001FE0F8 EBX=775D41B5 ESP=0032F7F4 EBP=00080028 ESI=00000000 EDI=00530006 EFLAG=00000206
011E8E16	SUB      EAX, 0x2a4432c3                                  EAX=F568BA2D ECX=011B0000 EDX=001FE0F8 EBX=775D41B5 ESP=0032F7F4 EBP=00080028 ESI=00000000 EDI=00530006 EFLAG=00000297
011E8E1B	SHL      EAX, 0x4                                         EAX=CB24876A ECX=011B0000 EDX=001FE0F8 EBX=775D41B5 ESP=0032F7F4 EBP=00080028 ESI=00000000 EDI=00530006 EFLAG=00000286
011E8E1E	PUSH     EDI                                              EAX=B24876A0 ECX=011B0000 EDX=001FE0F8 EBX=775D41B5 ESP=0032F7F4 EBP=00080028 ESI=00000000 EDI=00530006 EFLAG=00000A86
011E8E1F	MOV      EDI, 0x43e92a07                                  EAX=B24876A0 ECX=011B0000 EDX=001FE0F8 EBX=775D41B5 ESP=0032F7F0 EBP=00080028 ESI=00000000 EDI=00530006 EFLAG=00000A86
011E8E24	ADD      EDI, 0x4f900910                                  EAX=B24876A0 ECX=011B0000 EDX=001FE0F8 EBX=775D41B5 ESP=0032F7F0 EBP=00080028 ESI=00000000 EDI=43E92A07 EFLAG=00000A86
011E8E2A	SUB      EAX, EDI                                         EAX=B24876A0 ECX=011B0000 EDX=001FE0F8 EBX=775D41B5 ESP=0032F7F0 EBP=00080028 ESI=00000000 EDI=93793317 EFLAG=00000A86
011E8E2C	POP      EDI                                              EAX=1ECF4389 ECX=011B0000 EDX=001FE0F8 EBX=775D41B5 ESP=0032F7F0 EBP=00080028 ESI=00000000 EDI=93793317 EFLAG=00000212
011E8E2D	XOR      EBP, EAX                                         EAX=1ECF4389 ECX=011B0000 EDX=001FE0F8 EBX=775D41B5 ESP=0032F7F4 EBP=00080028 ESI=00000000 EDI=00530006 EFLAG=00000212
011E8E2F	POP      EAX                                              EAX=1ECF4389 ECX=011B0000 EDX=001FE0F8 EBX=775D41B5 ESP=0032F7F4 EBP=1EC743A1 ESI=00000000 EDI=00530006 EFLAG=00000202
011E8E30	AND      EBP, 0x57ac63e4                                  EAX=05091BB8 ECX=011B0000 EDX=001FE0F8 EBX=775D41B5 ESP=0032F7F8 EBP=1EC743A1 ESI=00000000 EDI=00530006 EFLAG=00000202
011E8E36	ADD      EBP, 0x55d24018                                  EAX=05091BB8 ECX=011B0000 EDX=001FE0F8 EBX=775D41B5 ESP=0032F7F8 EBP=168443A0 ESI=00000000 EDI=00530006 EFLAG=00000206
011E8E3C	XOR      EBP, 0x486ca05a                                  EAX=05091BB8 ECX=011B0000 EDX=001FE0F8 EBX=775D41B5 ESP=0032F7F8 EBP=6C5683B8 ESI=00000000 EDI=00530006 EFLAG=00000206
011E8E42	MOV      EDI, EBP                                         EAX=05091BB8 ECX=011B0000 EDX=001FE0F8 EBX=775D41B5 ESP=0032F7F8 EBP=243A23E2 ESI=00000000 EDI=00530006 EFLAG=00000206
011E8E44	POP      EBP                                              EAX=05091BB8 ECX=011B0000 EDX=001FE0F8 EBX=775D41B5 ESP=0032F7F8 EBP=243A23E2 ESI=00000000 EDI=243A23E2 EFLAG=00000206
011E8E45	ADD      EBP, 0x1c482c51                                  EAX=05091BB8 ECX=011B0000 EDX=001FE0F8 EBX=775D41B5 ESP=0032F7FC EBP=00014C02 ESI=00000000 EDI=243A23E2 EFLAG=00000206
011E8E4B	ADD      EBP, EDI                                         EAX=05091BB8 ECX=011B0000 EDX=001FE0F8 EBX=775D41B5 ESP=0032F7FC EBP=1C497853 ESI=00000000 EDI=243A23E2 EFLAG=00000206
011E8E4D	PUSH     EBX                                              EAX=05091BB8 ECX=011B0000 EDX=001FE0F8 EBX=775D41B5 ESP=0032F7FC EBP=40839C35 ESI=00000000 EDI=243A23E2 EFLAG=00000206
011E8E4E	MOV      EBX, 0x3be404f4                                  EAX=05091BB8 ECX=011B0000 EDX=001FE0F8 EBX=775D41B5 ESP=0032F7F8 EBP=40839C35 ESI=00000000 EDI=243A23E2 EFLAG=00000206
011E8E53	XOR      EBX, 0x1bf24a27                                  EAX=05091BB8 ECX=011B0000 EDX=001FE0F8 EBX=3BE404F4 ESP=0032F7F8 EBP=40839C35 ESI=00000000 EDI=243A23E2 EFLAG=00000206
011E8E59	XOR      EBX, 0x3c5e6282                                  EAX=05091BB8 ECX=011B0000 EDX=001FE0F8 EBX=20164ED3 ESP=0032F7F8 EBP=40839C35 ESI=00000000 EDI=243A23E2 EFLAG=00000202
011E8E5F	SUB      EBP, EBX                                         EAX=05091BB8 ECX=011B0000 EDX=001FE0F8 EBX=1C482C51 ESP=0032F7F8 EBP=40839C35 ESI=00000000 EDI=243A23E2 EFLAG=00000202
011E8E61	POP      EBX                                              EAX=05091BB8 ECX=011B0000 EDX=001FE0F8 EBX=1C482C51 ESP=0032F7F8 EBP=243B6FE4 ESI=00000000 EDI=243A23E2 EFLAG=00000206
011E8E62	PUSH     DWORD [ESP]                                      EAX=05091BB8 ECX=011B0000 EDX=001FE0F8 EBX=775D41B5 ESP=0032F7FC EBP=243B6FE4 ESI=00000000 EDI=243A23E2 EFLAG=00000206
011E8E65	POP      EDI                                              EAX=05091BB8 ECX=011B0000 EDX=001FE0F8 EBX=775D41B5 ESP=0032F7F8 EBP=243B6FE4 ESI=00000000 EDI=243A23E2 EFLAG=00000206
011E8E66	PUSH     EDI                                              EAX=05091BB8 ECX=011B0000 EDX=001FE0F8 EBX=775D41B5 ESP=0032F7FC EBP=243B6FE4 ESI=00000000 EDI=00530006 EFLAG=00000206
011E8E67	MOV      EDI, ESP                                         EAX=05091BB8 ECX=011B0000 EDX=001FE0F8 EBX=775D41B5 ESP=0032F7F8 EBP=243B6FE4 ESI=00000000 EDI=00530006 EFLAG=00000206
011E8E69	ADD      EDI, 0x4                                         EAX=05091BB8 ECX=011B0000 EDX=001FE0F8 EBX=775D41B5 ESP=0032F7F8 EBP=243B6FE4 ESI=00000000 EDI=0032F7F8 EFLAG=00000206
011E8E6F	ADD      EDI, 0x4                                         EAX=05091BB8 ECX=011B0000 EDX=001FE0F8 EBX=775D41B5 ESP=0032F7F8 EBP=243B6FE4 ESI=00000000 EDI=0032F7FC EFLAG=00000206
011E8E72	XCHG     [ESP], EDI                                       EAX=05091BB8 ECX=011B0000 EDX=001FE0F8 EBX=775D41B5 ESP=0032F7F8 EBP=243B6FE4 ESI=00000000 EDI=0032F800 EFLAG=00000216
011E8E75	MOV      ESP, [ESP]                                       EAX=05091BB8 ECX=011B0000 EDX=001FE0F8 EBX=775D41B5 ESP=0032F7F8 EBP=243B6FE4 ESI=00000000 EDI=00530006 EFLAG=00000216
011E8E78	SUB      EBP, 0x314c216d                                  EAX=05091BB8 ECX=011B0000 EDX=001FE0F8 EBX=775D41B5 ESP=0032F800 EBP=243B6FE4 ESI=00000000 EDI=00530006 EFLAG=00000216
011E8E7E	PUSH     ECX                                              EAX=05091BB8 ECX=011B0000 EDX=001FE0F8 EBX=775D41B5 ESP=0032F800 EBP=F2EF4E77 ESI=00000000 EDI=00530006 EFLAG=00000297
011E8E7F	MOV      ECX, 0x52b43691                                  EAX=05091BB8 ECX=011B0000 EDX=001FE0F8 EBX=775D41B5 ESP=0032F7FC EBP=F2EF4E77 ESI=00000000 EDI=00530006 EFLAG=00000297
011E8E84	ADD      EBP, ECX                                         EAX=05091BB8 ECX=52B43691 EDX=001FE0F8 EBX=775D41B5 ESP=0032F7FC EBP=F2EF4E77 ESI=00000000 EDI=00530006 EFLAG=00000297
011E8E86	POP      ECX                                              EAX=05091BB8 ECX=52B43691 EDX=001FE0F8 EBX=775D41B5 ESP=0032F7FC EBP=45A38508 ESI=00000000 EDI=00530006 EFLAG=00000203
011E8E87	ADD      EBP, 0x73b52f2                                   EAX=05091BB8 ECX=011B0000 EDX=001FE0F8 EBX=775D41B5 ESP=0032F800 EBP=45A38508 ESI=00000000 EDI=00530006 EFLAG=00000203
011E8E8D	ADD      EBP, ECX                                         EAX=05091BB8 ECX=011B0000 EDX=001FE0F8 EBX=775D41B5 ESP=0032F800 EBP=4CDED7FA ESI=00000000 EDI=00530006 EFLAG=00000206
011E8E8F	SUB      EBP, 0x73b52f2                                   EAX=05091BB8 ECX=011B0000 EDX=001FE0F8 EBX=775D41B5 ESP=0032F800 EBP=4DF9D7FA ESI=00000000 EDI=00530006 EFLAG=00000206
011E8E95	SUB      EBP, 0x52b43691                                  EAX=05091BB8 ECX=011B0000 EDX=001FE0F8 EBX=775D41B5 ESP=0032F800 EBP=46BE8508 ESI=00000000 EDI=00530006 EFLAG=00000202
011E8E9B	ADD      EBP, 0x314c216d                                  EAX=05091BB8 ECX=011B0000 EDX=001FE0F8 EBX=775D41B5 ESP=0032F800 EBP=F40A4E77 ESI=00000000 EDI=00530006 EFLAG=00000287
011E8EA1	PUSH     EDI                                              EAX=05091BB8 ECX=011B0000 EDX=001FE0F8 EBX=775D41B5 ESP=0032F800 EBP=25566FE4 ESI=00000000 EDI=00530006 EFLAG=00000217
011E8EA2	MOV      EDI, 0x243a23e2                                  EAX=05091BB8 ECX=011B0000 EDX=001FE0F8 EBX=775D41B5 ESP=0032F7FC EBP=25566FE4 ESI=00000000 EDI=00530006 EFLAG=00000217
011E8EA7	SUB      EBP, EDI                                         EAX=05091BB8 ECX=011B0000 EDX=001FE0F8 EBX=775D41B5 ESP=0032F7FC EBP=25566FE4 ESI=00000000 EDI=243A23E2 EFLAG=00000217
011E8EA9	POP      EDI                                              EAX=05091BB8 ECX=011B0000 EDX=001FE0F8 EBX=775D41B5 ESP=0032F7FC EBP=011C4C02 ESI=00000000 EDI=243A23E2 EFLAG=00000202
011E8EAA	PUSH     DWORD 0x4992                                     EAX=05091BB8 ECX=011B0000 EDX=001FE0F8 EBX=775D41B5 ESP=0032F800 EBP=011C4C02 ESI=00000000 EDI=00530006 EFLAG=00000202
011E8EAF	MOV      [ESP], EDI                                       EAX=05091BB8 ECX=011B0000 EDX=001FE0F8 EBX=775D41B5 ESP=0032F7FC EBP=011C4C02 ESI=00000000 EDI=00530006 EFLAG=00000202
011E8EB2	MOV      [ESP], ECX                                       EAX=05091BB8 ECX=011B0000 EDX=001FE0F8 EBX=775D41B5 ESP=0032F7FC EBP=011C4C02 ESI=00000000 EDI=00530006 EFLAG=00000202
