000A1011	MOV      ESI, [0xa60e4]                                   EAX=00381C28 ECX=00000001 EDX=0025E028 EBX=760041B5 ESP=001DF9B4 EBP=001DF9D0 ESI=00000000 EDI=00000000 EFLAG=00000206
000A1017	PUSH     0x4                                              EAX=00381C28 ECX=00000001 EDX=0025E028 EBX=760041B5 ESP=001DF9B4 EBP=001DF9D0 ESI=7630FD1E EDI=00000000 EFLAG=00000206
000A1019	PUSH     DWORD 0xa7800                                    EAX=00381C28 ECX=00000001 EDX=0025E028 EBX=760041B5 ESP=001DF9B0 EBP=001DF9D0 ESI=7630FD1E EDI=00000000 EFLAG=00000206
000A101E	PUSH     DWORD 0xa7810                                    EAX=00381C28 ECX=00000001 EDX=0025E028 EBX=760041B5 ESP=001DF9AC EBP=001DF9D0 ESI=7630FD1E EDI=00000000 EFLAG=00000206
000A1023	XOR      EDI, EDI                                         EAX=00381C28 ECX=00000001 EDX=0025E028 EBX=760041B5 ESP=001DF9A8 EBP=001DF9D0 ESI=7630FD1E EDI=00000000 EFLAG=00000206
000A1025	PUSH     EDI                                              EAX=00381C28 ECX=00000001 EDX=0025E028 EBX=760041B5 ESP=001DF9A8 EBP=001DF9D0 ESI=7630FD1E EDI=00000000 EFLAG=00000246
000A1026	CALL     ESI                                              EAX=00381C28 ECX=00000001 EDX=0025E028 EBX=760041B5 ESP=001DF9A4 EBP=001DF9D0 ESI=7630FD1E EDI=00000000 EFLAG=00000246
000A1028	CMP      EAX, 0x6                                         EAX=00000006 ECX=005E04C0 EDX=00EE96E4 EBX=760041B5 ESP=001DF9B4 EBP=001DF9D0 ESI=7630FD1E EDI=00000000 EFLAG=00000246
000A102B	PUSH     0x10                                             EAX=00000006 ECX=005E04C0 EDX=00EE96E4 EBX=760041B5 ESP=001DF9B4 EBP=001DF9D0 ESI=7630FD1E EDI=00000000 EFLAG=00000246
000A102D	LEA      EAX, [EBP-0x10]                                  EAX=00000006 ECX=005E04C0 EDX=00EE96E4 EBX=760041B5 ESP=001DF9B0 EBP=001DF9D0 ESI=7630FD1E EDI=00000000 EFLAG=00000246
000A1030	PUSH     EAX                                              EAX=001DF9C0 ECX=005E04C0 EDX=00EE96E4 EBX=760041B5 ESP=001DF9B0 EBP=001DF9D0 ESI=7630FD1E EDI=00000000 EFLAG=00000246
000A1031	JNZ      0xa104f                                          EAX=001DF9C0 ECX=005E04C0 EDX=00EE96E4 EBX=760041B5 ESP=001DF9AC EBP=001DF9D0 ESI=7630FD1E EDI=00000000 EFLAG=00000246
000A1033	INC      DWORD [0xa8b20]                                  EAX=001DF9C0 ECX=005E04C0 EDX=00EE96E4 EBX=760041B5 ESP=001DF9AC EBP=001DF9D0 ESI=7630FD1E EDI=00000000 EFLAG=00000246
000A1039	PUSH     DWORD [0xa8b20]                                  EAX=001DF9C0 ECX=005E04C0 EDX=00EE96E4 EBX=760041B5 ESP=001DF9AC EBP=001DF9D0 ESI=7630FD1E EDI=00000000 EFLAG=00000202
000A103F	CALL     0xa5435                                          EAX=001DF9C0 ECX=005E04C0 EDX=00EE96E4 EBX=760041B5 ESP=001DF9A8 EBP=001DF9D0 ESI=7630FD1E EDI=00000000 EFLAG=00000202
000A5435	MOV      EDI, EDI                                         EAX=001DF9C0 ECX=005E04C0 EDX=00EE96E4 EBX=760041B5 ESP=001DF9A4 EBP=001DF9D0 ESI=7630FD1E EDI=00000000 EFLAG=00000202
000A5437	PUSH     EBP                                              EAX=001DF9C0 ECX=005E04C0 EDX=00EE96E4 EBX=760041B5 ESP=001DF9A4 EBP=001DF9D0 ESI=7630FD1E EDI=00000000 EFLAG=00000202
000A5438	MOV      EBP, ESP                                         EAX=001DF9C0 ECX=005E04C0 EDX=00EE96E4 EBX=760041B5 ESP=001DF9A0 EBP=001DF9D0 ESI=7630FD1E EDI=00000000 EFLAG=00000202
000A543A	CMP      DWORD [EBP+0x10], 0xa                            EAX=001DF9C0 ECX=005E04C0 EDX=00EE96E4 EBX=760041B5 ESP=001DF9A0 EBP=001DF9A0 ESI=7630FD1E EDI=00000000 EFLAG=00000202
000A543E	MOV      EAX, [EBP+0x8]                                   EAX=001DF9C0 ECX=005E04C0 EDX=00EE96E4 EBX=760041B5 ESP=001DF9A0 EBP=001DF9A0 ESI=7630FD1E EDI=00000000 EFLAG=00000216
000A5441	JNZ      0xa544d                                          EAX=12345679 ECX=005E04C0 EDX=00EE96E4 EBX=760041B5 ESP=001DF9A0 EBP=001DF9A0 ESI=7630FD1E EDI=00000000 EFLAG=00000216
000A544D	PUSH     0x0                                              EAX=12345679 ECX=005E04C0 EDX=00EE96E4 EBX=760041B5 ESP=001DF9A0 EBP=001DF9A0 ESI=7630FD1E EDI=00000000 EFLAG=00000216
000A544F	PUSH     DWORD [EBP+0x10]                                 EAX=12345679 ECX=005E04C0 EDX=00EE96E4 EBX=760041B5 ESP=001DF99C EBP=001DF9A0 ESI=7630FD1E EDI=00000000 EFLAG=00000216
000A5452	MOV      ECX, [EBP+0xc]                                   EAX=12345679 ECX=005E04C0 EDX=00EE96E4 EBX=760041B5 ESP=001DF998 EBP=001DF9A0 ESI=7630FD1E EDI=00000000 EFLAG=00000216
000A5455	CALL     0xa53f2                                          EAX=12345679 ECX=001DF9C0 EDX=00EE96E4 EBX=760041B5 ESP=001DF998 EBP=001DF9A0 ESI=7630FD1E EDI=00000000 EFLAG=00000216
000A53F2	MOV      EDI, EDI                                         EAX=12345679 ECX=001DF9C0 EDX=00EE96E4 EBX=760041B5 ESP=001DF994 EBP=001DF9A0 ESI=7630FD1E EDI=00000000 EFLAG=00000216
000A53F4	PUSH     EBP                                              EAX=12345679 ECX=001DF9C0 EDX=00EE96E4 EBX=760041B5 ESP=001DF994 EBP=001DF9A0 ESI=7630FD1E EDI=00000000 EFLAG=00000216
000A53F5	MOV      EBP, ESP                                         EAX=12345679 ECX=001DF9C0 EDX=00EE96E4 EBX=760041B5 ESP=001DF990 EBP=001DF9A0 ESI=7630FD1E EDI=00000000 EFLAG=00000216
000A53F7	CMP      DWORD [EBP+0xc], 0x0                             EAX=12345679 ECX=001DF9C0 EDX=00EE96E4 EBX=760041B5 ESP=001DF990 EBP=001DF990 ESI=7630FD1E EDI=00000000 EFLAG=00000216
000A53FB	JZ       0xa5403                                          EAX=12345679 ECX=001DF9C0 EDX=00EE96E4 EBX=760041B5 ESP=001DF990 EBP=001DF990 ESI=7630FD1E EDI=00000000 EFLAG=00000246
000A5403	PUSH     ESI                                              EAX=12345679 ECX=001DF9C0 EDX=00EE96E4 EBX=760041B5 ESP=001DF990 EBP=001DF990 ESI=7630FD1E EDI=00000000 EFLAG=00000246
000A5404	MOV      ESI, ECX                                         EAX=12345679 ECX=001DF9C0 EDX=00EE96E4 EBX=760041B5 ESP=001DF98C EBP=001DF990 ESI=7630FD1E EDI=00000000 EFLAG=00000246
000A5406	XOR      EDX, EDX                                         EAX=12345679 ECX=001DF9C0 EDX=00EE96E4 EBX=760041B5 ESP=001DF98C EBP=001DF990 ESI=001DF9C0 EDI=00000000 EFLAG=00000246
000A5408	DIV      DWORD [EBP+0x8]                                  EAX=12345679 ECX=001DF9C0 EDX=00000000 EBX=760041B5 ESP=001DF98C EBP=001DF990 ESI=001DF9C0 EDI=00000000 EFLAG=00000246
000A540B	CMP      EDX, 0x9                                         EAX=01234567 ECX=001DF9C0 EDX=00000009 EBX=760041B5 ESP=001DF98C EBP=001DF990 ESI=001DF9C0 EDI=00000000 EFLAG=00000246
000A540E	JBE      0xa5415                                          EAX=01234567 ECX=001DF9C0 EDX=00000009 EBX=760041B5 ESP=001DF98C EBP=001DF990 ESI=001DF9C0 EDI=00000000 EFLAG=00000246
000A5415	ADD      DL, 0x30                                         EAX=01234567 ECX=001DF9C0 EDX=00000009 EBX=760041B5 ESP=001DF98C EBP=001DF990 ESI=001DF9C0 EDI=00000000 EFLAG=00000246
000A5418	MOV      [ECX], DL                                        EAX=01234567 ECX=001DF9C0 EDX=00000039 EBX=760041B5 ESP=001DF98C EBP=001DF990 ESI=001DF9C0 EDI=00000000 EFLAG=00000206
000A541A	INC      ECX                                              EAX=01234567 ECX=001DF9C0 EDX=00000039 EBX=760041B5 ESP=001DF98C EBP=001DF990 ESI=001DF9C0 EDI=00000000 EFLAG=00000206
000A541B	TEST     EAX, EAX                                         EAX=01234567 ECX=001DF9C1 EDX=00000039 EBX=760041B5 ESP=001DF98C EBP=001DF990 ESI=001DF9C0 EDI=00000000 EFLAG=00000202
000A541D	JNZ      0xa5406                                          EAX=01234567 ECX=001DF9C1 EDX=00000039 EBX=760041B5 ESP=001DF98C EBP=001DF990 ESI=001DF9C0 EDI=00000000 EFLAG=00000202
000A5406	XOR      EDX, EDX                                         EAX=01234567 ECX=001DF9C1 EDX=00000039 EBX=760041B5 ESP=001DF98C EBP=001DF990 ESI=001DF9C0 EDI=00000000 EFLAG=00000202
000A5408	DIV      DWORD [EBP+0x8]                                  EAX=01234567 ECX=001DF9C1 EDX=00000000 EBX=760041B5 ESP=001DF98C EBP=001DF990 ESI=001DF9C0 EDI=00000000 EFLAG=00000246
000A540B	CMP      EDX, 0x9                                         EAX=00123456 ECX=001DF9C1 EDX=00000007 EBX=760041B5 ESP=001DF98C EBP=001DF990 ESI=001DF9C0 EDI=00000000 EFLAG=00000246
000A540E	JBE      0xa5415                                          EAX=00123456 ECX=001DF9C1 EDX=00000007 EBX=760041B5 ESP=001DF98C EBP=001DF990 ESI=001DF9C0 EDI=00000000 EFLAG=00000293
000A5415	ADD      DL, 0x30                                         EAX=00123456 ECX=001DF9C1 EDX=00000007 EBX=760041B5 ESP=001DF98C EBP=001DF990 ESI=001DF9C0 EDI=00000000 EFLAG=00000293
000A5418	MOV      [ECX], DL                                        EAX=00123456 ECX=001DF9C1 EDX=00000037 EBX=760041B5 ESP=001DF98C EBP=001DF990 ESI=001DF9C0 EDI=00000000 EFLAG=00000202
000A541A	INC      ECX                                              EAX=00123456 ECX=001DF9C1 EDX=00000037 EBX=760041B5 ESP=001DF98C EBP=001DF990 ESI=001DF9C0 EDI=00000000 EFLAG=00000202
000A541B	TEST     EAX, EAX                                         EAX=00123456 ECX=001DF9C2 EDX=00000037 EBX=760041B5 ESP=001DF98C EBP=001DF990 ESI=001DF9C0 EDI=00000000 EFLAG=00000202
000A541D	JNZ      0xa5406                                          EAX=00123456 ECX=001DF9C2 EDX=00000037 EBX=760041B5 ESP=001DF98C EBP=001DF990 ESI=001DF9C0 EDI=00000000 EFLAG=00000206
000A5406	XOR      EDX, EDX                                         EAX=00123456 ECX=001DF9C2 EDX=00000037 EBX=760041B5 ESP=001DF98C EBP=001DF990 ESI=001DF9C0 EDI=00000000 EFLAG=00000206
000A5408	DIV      DWORD [EBP+0x8]                                  EAX=00123456 ECX=001DF9C2 EDX=00000000 EBX=760041B5 ESP=001DF98C EBP=001DF990 ESI=001DF9C0 EDI=00000000 EFLAG=00000246
000A540B	CMP      EDX, 0x9                                         EAX=00012345 ECX=001DF9C2 EDX=00000006 EBX=760041B5 ESP=001DF98C EBP=001DF990 ESI=001DF9C0 EDI=00000000 EFLAG=00000246
000A540E	JBE      0xa5415                                          EAX=00012345 ECX=001DF9C2 EDX=00000006 EBX=760041B5 ESP=001DF98C EBP=001DF990 ESI=001DF9C0 EDI=00000000 EFLAG=00000293
000A5415	ADD      DL, 0x30                                         EAX=00012345 ECX=001DF9C2 EDX=00000006 EBX=760041B5 ESP=001DF98C EBP=001DF990 ESI=001DF9C0 EDI=00000000 EFLAG=00000293
000A5418	MOV      [ECX], DL                                        EAX=00012345 ECX=001DF9C2 EDX=00000036 EBX=760041B5 ESP=001DF98C EBP=001DF990 ESI=001DF9C0 EDI=00000000 EFLAG=00000206
000A541A	INC      ECX                                              EAX=00012345 ECX=001DF9C2 EDX=00000036 EBX=760041B5 ESP=001DF98C EBP=001DF990 ESI=001DF9C0 EDI=00000000 EFLAG=00000206
000A541B	TEST     EAX, EAX                                         EAX=00012345 ECX=001DF9C3 EDX=00000036 EBX=760041B5 ESP=001DF98C EBP=001DF990 ESI=001DF9C0 EDI=00000000 EFLAG=00000206
000A541D	JNZ      0xa5406                                          EAX=00012345 ECX=001DF9C3 EDX=00000036 EBX=760041B5 ESP=001DF98C EBP=001DF990 ESI=001DF9C0 EDI=00000000 EFLAG=00000202
000A5406	XOR      EDX, EDX                                         EAX=00012345 ECX=001DF9C3 EDX=00000036 EBX=760041B5 ESP=001DF98C EBP=001DF990 ESI=001DF9C0 EDI=00000000 EFLAG=00000202
000A5408	DIV      DWORD [EBP+0x8]                                  EAX=00012345 ECX=001DF9C3 EDX=00000000 EBX=760041B5 ESP=001DF98C EBP=001DF990 ESI=001DF9C0 EDI=00000000 EFLAG=00000246
000A540B	CMP      EDX, 0x9                                         EAX=00001234 ECX=001DF9C3 EDX=00000005 EBX=760041B5 ESP=001DF98C EBP=001DF990 ESI=001DF9C0 EDI=00000000 EFLAG=00000246
000A540E	JBE      0xa5415                                          EAX=00001234 ECX=001DF9C3 EDX=00000005 EBX=760041B5 ESP=001DF98C EBP=001DF990 ESI=001DF9C0 EDI=00000000 EFLAG=00000297
000A5415	ADD      DL, 0x30                                         EAX=00001234 ECX=001DF9C3 EDX=00000005 EBX=760041B5 ESP=001DF98C EBP=001DF990 ESI=001DF9C0 EDI=00000000 EFLAG=00000297
000A5418	MOV      [ECX], DL                                        EAX=00001234 ECX=001DF9C3 EDX=00000035 EBX=760041B5 ESP=001DF98C EBP=001DF990 ESI=001DF9C0 EDI=00000000 EFLAG=00000206
000A541A	INC      ECX                                              EAX=00001234 ECX=001DF9C3 EDX=00000035 EBX=760041B5 ESP=001DF98C EBP=001DF990 ESI=001DF9C0 EDI=00000000 EFLAG=00000206
000A541B	TEST     EAX, EAX                                         EAX=00001234 ECX=001DF9C4 EDX=00000035 EBX=760041B5 ESP=001DF98C EBP=001DF990 ESI=001DF9C0 EDI=00000000 EFLAG=00000202
000A541D	JNZ      0xa5406                                          EAX=00001234 ECX=001DF9C4 EDX=00000035 EBX=760041B5 ESP=001DF98C EBP=001DF990 ESI=001DF9C0 EDI=00000000 EFLAG=00000202
000A5406	XOR      EDX, EDX                                         EAX=00001234 ECX=001DF9C4 EDX=00000035 EBX=760041B5 ESP=001DF98C EBP=001DF990 ESI=001DF9C0 EDI=00000000 EFLAG=00000202
000A5408	DIV      DWORD [EBP+0x8]                                  EAX=00001234 ECX=001DF9C4 EDX=00000000 EBX=760041B5 ESP=001DF98C EBP=001DF990 ESI=001DF9C0 EDI=00000000 EFLAG=00000246
000A540B	CMP      EDX, 0x9                                         EAX=00000123 ECX=001DF9C4 EDX=00000004 EBX=760041B5 ESP=001DF98C EBP=001DF990 ESI=001DF9C0 EDI=00000000 EFLAG=00000246
000A540E	JBE      0xa5415                                          EAX=00000123 ECX=001DF9C4 EDX=00000004 EBX=760041B5 ESP=001DF98C EBP=001DF990 ESI=001DF9C0 EDI=00000000 EFLAG=00000293
000A5415	ADD      DL, 0x30                                         EAX=00000123 ECX=001DF9C4 EDX=00000004 EBX=760041B5 ESP=001DF98C EBP=001DF990 ESI=001DF9C0 EDI=00000000 EFLAG=00000293
000A5418	MOV      [ECX], DL                                        EAX=00000123 ECX=001DF9C4 EDX=00000034 EBX=760041B5 ESP=001DF98C EBP=001DF990 ESI=001DF9C0 EDI=00000000 EFLAG=00000202
000A541A	INC      ECX                                              EAX=00000123 ECX=001DF9C4 EDX=00000034 EBX=760041B5 ESP=001DF98C EBP=001DF990 ESI=001DF9C0 EDI=00000000 EFLAG=00000202
000A541B	TEST     EAX, EAX                                         EAX=00000123 ECX=001DF9C5 EDX=00000034 EBX=760041B5 ESP=001DF98C EBP=001DF990 ESI=001DF9C0 EDI=00000000 EFLAG=00000206
000A541D	JNZ      0xa5406                                          EAX=00000123 ECX=001DF9C5 EDX=00000034 EBX=760041B5 ESP=001DF98C EBP=001DF990 ESI=001DF9C0 EDI=00000000 EFLAG=00000202
000A5406	XOR      EDX, EDX                                         EAX=00000123 ECX=001DF9C5 EDX=00000034 EBX=760041B5 ESP=001DF98C EBP=001DF990 ESI=001DF9C0 EDI=00000000 EFLAG=00000202
000A5408	DIV      DWORD [EBP+0x8]                                  EAX=00000123 ECX=001DF9C5 EDX=00000000 EBX=760041B5 ESP=001DF98C EBP=001DF990 ESI=001DF9C0 EDI=00000000 EFLAG=00000246
000A540B	CMP      EDX, 0x9                                         EAX=00000012 ECX=001DF9C5 EDX=00000003 EBX=760041B5 ESP=001DF98C EBP=001DF990 ESI=001DF9C0 EDI=00000000 EFLAG=00000246
000A540E	JBE      0xa5415                                          EAX=00000012 ECX=001DF9C5 EDX=00000003 EBX=760041B5 ESP=001DF98C EBP=001DF990 ESI=001DF9C0 EDI=00000000 EFLAG=00000297
000A5415	ADD      DL, 0x30                                         EAX=00000012 ECX=001DF9C5 EDX=00000003 EBX=760041B5 ESP=001DF98C EBP=001DF990 ESI=001DF9C0 EDI=00000000 EFLAG=00000297
000A5418	MOV      [ECX], DL                                        EAX=00000012 ECX=001DF9C5 EDX=00000033 EBX=760041B5 ESP=001DF98C EBP=001DF990 ESI=001DF9C0 EDI=00000000 EFLAG=00000206
000A541A	INC      ECX                                              EAX=00000012 ECX=001DF9C5 EDX=00000033 EBX=760041B5 ESP=001DF98C EBP=001DF990 ESI=001DF9C0 EDI=00000000 EFLAG=00000206
000A541B	TEST     EAX, EAX                                         EAX=00000012 ECX=001DF9C6 EDX=00000033 EBX=760041B5 ESP=001DF98C EBP=001DF990 ESI=001DF9C0 EDI=00000000 EFLAG=00000206
000A541D	JNZ      0xa5406                                          EAX=00000012 ECX=001DF9C6 EDX=00000033 EBX=760041B5 ESP=001DF98C EBP=001DF990 ESI=001DF9C0 EDI=00000000 EFLAG=00000206
000A5406	XOR      EDX, EDX                                         EAX=00000012 ECX=001DF9C6 EDX=00000033 EBX=760041B5 ESP=001DF98C EBP=001DF990 ESI=001DF9C0 EDI=00000000 EFLAG=00000206
000A5408	DIV      DWORD [EBP+0x8]                                  EAX=00000012 ECX=001DF9C6 EDX=00000000 EBX=760041B5 ESP=001DF98C EBP=001DF990 ESI=001DF9C0 EDI=00000000 EFLAG=00000246
000A540B	CMP      EDX, 0x9                                         EAX=00000001 ECX=001DF9C6 EDX=00000002 EBX=760041B5 ESP=001DF98C EBP=001DF990 ESI=001DF9C0 EDI=00000000 EFLAG=00000246
000A540E	JBE      0xa5415                                          EAX=00000001 ECX=001DF9C6 EDX=00000002 EBX=760041B5 ESP=001DF98C EBP=001DF990 ESI=001DF9C0 EDI=00000000 EFLAG=00000297
000A5415	ADD      DL, 0x30                                         EAX=00000001 ECX=001DF9C6 EDX=00000002 EBX=760041B5 ESP=001DF98C EBP=001DF990 ESI=001DF9C0 EDI=00000000 EFLAG=00000297
000A5418	MOV      [ECX], DL                                        EAX=00000001 ECX=001DF9C6 EDX=00000032 EBX=760041B5 ESP=001DF98C EBP=001DF990 ESI=001DF9C0 EDI=00000000 EFLAG=00000202
000A541A	INC      ECX                                              EAX=00000001 ECX=001DF9C6 EDX=00000032 EBX=760041B5 ESP=001DF98C EBP=001DF990 ESI=001DF9C0 EDI=00000000 EFLAG=00000202
000A541B	TEST     EAX, EAX                                         EAX=00000001 ECX=001DF9C7 EDX=00000032 EBX=760041B5 ESP=001DF98C EBP=001DF990 ESI=001DF9C0 EDI=00000000 EFLAG=00000202
000A541D	JNZ      0xa5406                                          EAX=00000001 ECX=001DF9C7 EDX=00000032 EBX=760041B5 ESP=001DF98C EBP=001DF990 ESI=001DF9C0 EDI=00000000 EFLAG=00000202
000A5406	XOR      EDX, EDX                                         EAX=00000001 ECX=001DF9C7 EDX=00000032 EBX=760041B5 ESP=001DF98C EBP=001DF990 ESI=001DF9C0 EDI=00000000 EFLAG=00000202
000A5408	DIV      DWORD [EBP+0x8]                                  EAX=00000001 ECX=001DF9C7 EDX=00000000 EBX=760041B5 ESP=001DF98C EBP=001DF990 ESI=001DF9C0 EDI=00000000 EFLAG=00000246
000A540B	CMP      EDX, 0x9                                         EAX=00000000 ECX=001DF9C7 EDX=00000001 EBX=760041B5 ESP=001DF98C EBP=001DF990 ESI=001DF9C0 EDI=00000000 EFLAG=00000246
000A540E	JBE      0xa5415                                          EAX=00000000 ECX=001DF9C7 EDX=00000001 EBX=760041B5 ESP=001DF98C EBP=001DF990 ESI=001DF9C0 EDI=00000000 EFLAG=00000293
000A5415	ADD      DL, 0x30                                         EAX=00000000 ECX=001DF9C7 EDX=00000001 EBX=760041B5 ESP=001DF98C EBP=001DF990 ESI=001DF9C0 EDI=00000000 EFLAG=00000293
000A5418	MOV      [ECX], DL                                        EAX=00000000 ECX=001DF9C7 EDX=00000031 EBX=760041B5 ESP=001DF98C EBP=001DF990 ESI=001DF9C0 EDI=00000000 EFLAG=00000202
000A541A	INC      ECX                                              EAX=00000000 ECX=001DF9C7 EDX=00000031 EBX=760041B5 ESP=001DF98C EBP=001DF990 ESI=001DF9C0 EDI=00000000 EFLAG=00000202
000A541B	TEST     EAX, EAX                                         EAX=00000000 ECX=001DF9C8 EDX=00000031 EBX=760041B5 ESP=001DF98C EBP=001DF990 ESI=001DF9C0 EDI=00000000 EFLAG=00000202
000A541D	JNZ      0xa5406                                          EAX=00000000 ECX=001DF9C8 EDX=00000031 EBX=760041B5 ESP=001DF98C EBP=001DF990 ESI=001DF9C0 EDI=00000000 EFLAG=00000246
000A541F	MOV      [ECX], AL                                        EAX=00000000 ECX=001DF9C8 EDX=00000031 EBX=760041B5 ESP=001DF98C EBP=001DF990 ESI=001DF9C0 EDI=00000000 EFLAG=00000246
000A5421	DEC      ECX                                              EAX=00000000 ECX=001DF9C8 EDX=00000031 EBX=760041B5 ESP=001DF98C EBP=001DF990 ESI=001DF9C0 EDI=00000000 EFLAG=00000246
000A5422	MOV      DL, [ESI]                                        EAX=00000000 ECX=001DF9C7 EDX=00000031 EBX=760041B5 ESP=001DF98C EBP=001DF990 ESI=001DF9C0 EDI=00000000 EFLAG=00000202
000A5424	MOV      AL, [ECX]                                        EAX=00000000 ECX=001DF9C7 EDX=00000039 EBX=760041B5 ESP=001DF98C EBP=001DF990 ESI=001DF9C0 EDI=00000000 EFLAG=00000202
000A5426	MOV      [ECX], DL                                        EAX=00000031 ECX=001DF9C7 EDX=00000039 EBX=760041B5 ESP=001DF98C EBP=001DF990 ESI=001DF9C0 EDI=00000000 EFLAG=00000202
000A5428	DEC      ECX                                              EAX=00000031 ECX=001DF9C7 EDX=00000039 EBX=760041B5 ESP=001DF98C EBP=001DF990 ESI=001DF9C0 EDI=00000000 EFLAG=00000202
000A5429	MOV      [ESI], AL                                        EAX=00000031 ECX=001DF9C6 EDX=00000039 EBX=760041B5 ESP=001DF98C EBP=001DF990 ESI=001DF9C0 EDI=00000000 EFLAG=00000206
000A542B	INC      ESI                                              EAX=00000031 ECX=001DF9C6 EDX=00000039 EBX=760041B5 ESP=001DF98C EBP=001DF990 ESI=001DF9C0 EDI=00000000 EFLAG=00000206
000A542C	CMP      ESI, ECX                                         EAX=00000031 ECX=001DF9C6 EDX=00000039 EBX=760041B5 ESP=001DF98C EBP=001DF990 ESI=001DF9C1 EDI=00000000 EFLAG=00000202
000A542E	JB       0xa5422                                          EAX=00000031 ECX=001DF9C6 EDX=00000039 EBX=760041B5 ESP=001DF98C EBP=001DF990 ESI=001DF9C1 EDI=00000000 EFLAG=00000293
000A5422	MOV      DL, [ESI]                                        EAX=00000031 ECX=001DF9C6 EDX=00000039 EBX=760041B5 ESP=001DF98C EBP=001DF990 ESI=001DF9C1 EDI=00000000 EFLAG=00000293
000A5424	MOV      AL, [ECX]                                        EAX=00000031 ECX=001DF9C6 EDX=00000037 EBX=760041B5 ESP=001DF98C EBP=001DF990 ESI=001DF9C1 EDI=00000000 EFLAG=00000293
000A5426	MOV      [ECX], DL                                        EAX=00000032 ECX=001DF9C6 EDX=00000037 EBX=760041B5 ESP=001DF98C EBP=001DF990 ESI=001DF9C1 EDI=00000000 EFLAG=00000293
000A5428	DEC      ECX                                              EAX=00000032 ECX=001DF9C6 EDX=00000037 EBX=760041B5 ESP=001DF98C EBP=001DF990 ESI=001DF9C1 EDI=00000000 EFLAG=00000293
000A5429	MOV      [ESI], AL                                        EAX=00000032 ECX=001DF9C5 EDX=00000037 EBX=760041B5 ESP=001DF98C EBP=001DF990 ESI=001DF9C1 EDI=00000000 EFLAG=00000207
000A542B	INC      ESI                                              EAX=00000032 ECX=001DF9C5 EDX=00000037 EBX=760041B5 ESP=001DF98C EBP=001DF990 ESI=001DF9C1 EDI=00000000 EFLAG=00000207
000A542C	CMP      ESI, ECX                                         EAX=00000032 ECX=001DF9C5 EDX=00000037 EBX=760041B5 ESP=001DF98C EBP=001DF990 ESI=001DF9C2 EDI=00000000 EFLAG=00000203
000A542E	JB       0xa5422                                          EAX=00000032 ECX=001DF9C5 EDX=00000037 EBX=760041B5 ESP=001DF98C EBP=001DF990 ESI=001DF9C2 EDI=00000000 EFLAG=00000293
000A5422	MOV      DL, [ESI]                                        EAX=00000032 ECX=001DF9C5 EDX=00000037 EBX=760041B5 ESP=001DF98C EBP=001DF990 ESI=001DF9C2 EDI=00000000 EFLAG=00000293
000A5424	MOV      AL, [ECX]                                        EAX=00000032 ECX=001DF9C5 EDX=00000036 EBX=760041B5 ESP=001DF98C EBP=001DF990 ESI=001DF9C2 EDI=00000000 EFLAG=00000293
000A5426	MOV      [ECX], DL                                        EAX=00000033 ECX=001DF9C5 EDX=00000036 EBX=760041B5 ESP=001DF98C EBP=001DF990 ESI=001DF9C2 EDI=00000000 EFLAG=00000293
000A5428	DEC      ECX                                              EAX=00000033 ECX=001DF9C5 EDX=00000036 EBX=760041B5 ESP=001DF98C EBP=001DF990 ESI=001DF9C2 EDI=00000000 EFLAG=00000293
000A5429	MOV      [ESI], AL                                        EAX=00000033 ECX=001DF9C4 EDX=00000036 EBX=760041B5 ESP=001DF98C EBP=001DF990 ESI=001DF9C2 EDI=00000000 EFLAG=00000203
000A542B	INC      ESI                                              EAX=00000033 ECX=001DF9C4 EDX=00000036 EBX=760041B5 ESP=001DF98C EBP=001DF990 ESI=001DF9C2 EDI=00000000 EFLAG=00000203
000A542C	CMP      ESI, ECX                                         EAX=00000033 ECX=001DF9C4 EDX=00000036 EBX=760041B5 ESP=001DF98C EBP=001DF990 ESI=001DF9C3 EDI=00000000 EFLAG=00000207
000A542E	JB       0xa5422                                          EAX=00000033 ECX=001DF9C4 EDX=00000036 EBX=760041B5 ESP=001DF98C EBP=001DF990 ESI=001DF9C3 EDI=00000000 EFLAG=00000297
000A5422	MOV      DL, [ESI]                                        EAX=00000033 ECX=001DF9C4 EDX=00000036 EBX=760041B5 ESP=001DF98C EBP=001DF990 ESI=001DF9C3 EDI=00000000 EFLAG=00000297
000A5424	MOV      AL, [ECX]                                        EAX=00000033 ECX=001DF9C4 EDX=00000035 EBX=760041B5 ESP=001DF98C EBP=001DF990 ESI=001DF9C3 EDI=00000000 EFLAG=00000297
000A5426	MOV      [ECX], DL                                        EAX=00000034 ECX=001DF9C4 EDX=00000035 EBX=760041B5 ESP=001DF98C EBP=001DF990 ESI=001DF9C3 EDI=00000000 EFLAG=00000297
000A5428	DEC      ECX                                              EAX=00000034 ECX=001DF9C4 EDX=00000035 EBX=760041B5 ESP=001DF98C EBP=001DF990 ESI=001DF9C3 EDI=00000000 EFLAG=00000297
000A5429	MOV      [ESI], AL                                        EAX=00000034 ECX=001DF9C3 EDX=00000035 EBX=760041B5 ESP=001DF98C EBP=001DF990 ESI=001DF9C3 EDI=00000000 EFLAG=00000207
000A542B	INC      ESI                                              EAX=00000034 ECX=001DF9C3 EDX=00000035 EBX=760041B5 ESP=001DF98C EBP=001DF990 ESI=001DF9C3 EDI=00000000 EFLAG=00000207
000A542C	CMP      ESI, ECX                                         EAX=00000034 ECX=001DF9C3 EDX=00000035 EBX=760041B5 ESP=001DF98C EBP=001DF990 ESI=001DF9C4 EDI=00000000 EFLAG=00000203
000A542E	JB       0xa5422                                          EAX=00000034 ECX=001DF9C3 EDX=00000035 EBX=760041B5 ESP=001DF98C EBP=001DF990 ESI=001DF9C4 EDI=00000000 EFLAG=00000202
000A5430	POP      ESI                                              EAX=00000034 ECX=001DF9C3 EDX=00000035 EBX=760041B5 ESP=001DF98C EBP=001DF990 ESI=001DF9C4 EDI=00000000 EFLAG=00000202
000A5431	POP      EBP                                              EAX=00000034 ECX=001DF9C3 EDX=00000035 EBX=760041B5 ESP=001DF990 EBP=001DF990 ESI=7630FD1E EDI=00000000 EFLAG=00000202
000A5432	RET      0x8                                              EAX=00000034 ECX=001DF9C3 EDX=00000035 EBX=760041B5 ESP=001DF994 EBP=001DF9A0 ESI=7630FD1E EDI=00000000 EFLAG=00000202
000A545A	MOV      EAX, [EBP+0xc]                                   EAX=00000034 ECX=001DF9C3 EDX=00000035 EBX=760041B5 ESP=001DF9A0 EBP=001DF9A0 ESI=7630FD1E EDI=00000000 EFLAG=00000202
000A545D	POP      EBP                                              EAX=001DF9C0 ECX=001DF9C3 EDX=00000035 EBX=760041B5 ESP=001DF9A0 EBP=001DF9A0 ESI=7630FD1E EDI=00000000 EFLAG=00000202
000A545E	RET                                                       EAX=001DF9C0 ECX=001DF9C3 EDX=00000035 EBX=760041B5 ESP=001DF9A4 EBP=001DF9D0 ESI=7630FD1E EDI=00000000 EFLAG=00000202
000A1044	ADD      ESP, 0xc                                         EAX=001DF9C0 ECX=001DF9C3 EDX=00000035 EBX=760041B5 ESP=001DF9A8 EBP=001DF9D0 ESI=7630FD1E EDI=00000000 EFLAG=00000202
000A1047	PUSH     EDI                                              EAX=001DF9C0 ECX=001DF9C3 EDX=00000035 EBX=760041B5 ESP=001DF9B4 EBP=001DF9D0 ESI=7630FD1E EDI=00000000 EFLAG=00000216
000A1048	PUSH     DWORD 0xa7818                                    EAX=001DF9C0 ECX=001DF9C3 EDX=00000035 EBX=760041B5 ESP=001DF9B0 EBP=001DF9D0 ESI=7630FD1E EDI=00000000 EFLAG=00000216
000A104D	JMP      0xa1069                                          EAX=001DF9C0 ECX=001DF9C3 EDX=00000035 EBX=760041B5 ESP=001DF9AC EBP=001DF9D0 ESI=7630FD1E EDI=00000000 EFLAG=00000216
000A1069	LEA      EAX, [EBP-0x10]                                  EAX=001DF9C0 ECX=001DF9C3 EDX=00000035 EBX=760041B5 ESP=001DF9AC EBP=001DF9D0 ESI=7630FD1E EDI=00000000 EFLAG=00000216
000A106C	PUSH     EAX                                              EAX=001DF9C0 ECX=001DF9C3 EDX=00000035 EBX=760041B5 ESP=001DF9AC EBP=001DF9D0 ESI=7630FD1E EDI=00000000 EFLAG=00000216
000A106D	PUSH     EDI                                              EAX=001DF9C0 ECX=001DF9C3 EDX=00000035 EBX=760041B5 ESP=001DF9A8 EBP=001DF9D0 ESI=7630FD1E EDI=00000000 EFLAG=00000216
000A106E	CALL     ESI                                              EAX=001DF9C0 ECX=001DF9C3 EDX=00000035 EBX=760041B5 ESP=001DF9A4 EBP=001DF9D0 ESI=7630FD1E EDI=00000000 EFLAG=00000216
000A1070	CALL     EBX                                              EAX=00000001 ECX=FEEEFF2A EDX=FEEEFF29 EBX=760041B5 ESP=001DF9B4 EBP=001DF9D0 ESI=7630FD1E EDI=00000000 EFLAG=00000246
