012B1011	MOV      ESI, [0x12b60e4]                                 EAX=02D41C20 ECX=00000001 EDX=0025E1E8 EBX=760041B5 ESP=001DFA74 EBP=001DFA90 ESI=00000000 EDI=00000000 EFLAG=00000202
012B1017	PUSH     0x4                                              EAX=02D41C20 ECX=00000001 EDX=0025E1E8 EBX=760041B5 ESP=001DFA74 EBP=001DFA90 ESI=7630FD1E EDI=00000000 EFLAG=00000202
012B1019	PUSH     DWORD 0x12b7800                                  EAX=02D41C20 ECX=00000001 EDX=0025E1E8 EBX=760041B5 ESP=001DFA70 EBP=001DFA90 ESI=7630FD1E EDI=00000000 EFLAG=00000202
012B101E	PUSH     DWORD 0x12b7810                                  EAX=02D41C20 ECX=00000001 EDX=0025E1E8 EBX=760041B5 ESP=001DFA6C EBP=001DFA90 ESI=7630FD1E EDI=00000000 EFLAG=00000202
012B1023	XOR      EDI, EDI                                         EAX=02D41C20 ECX=00000001 EDX=0025E1E8 EBX=760041B5 ESP=001DFA68 EBP=001DFA90 ESI=7630FD1E EDI=00000000 EFLAG=00000202
012B1025	PUSH     EDI                                              EAX=02D41C20 ECX=00000001 EDX=0025E1E8 EBX=760041B5 ESP=001DFA68 EBP=001DFA90 ESI=7630FD1E EDI=00000000 EFLAG=00000246
012B1026	CALL     ESI                                              EAX=02D41C20 ECX=00000001 EDX=0025E1E8 EBX=760041B5 ESP=001DFA64 EBP=001DFA90 ESI=7630FD1E EDI=00000000 EFLAG=00000246
012B1028	CMP      EAX, 0x6                                         EAX=00000007 ECX=004E0470 EDX=00EE96E4 EBX=760041B5 ESP=001DFA74 EBP=001DFA90 ESI=7630FD1E EDI=00000000 EFLAG=00000246
012B102B	PUSH     0x10                                             EAX=00000007 ECX=004E0470 EDX=00EE96E4 EBX=760041B5 ESP=001DFA74 EBP=001DFA90 ESI=7630FD1E EDI=00000000 EFLAG=00000202
012B102D	LEA      EAX, [EBP-0x10]                                  EAX=00000007 ECX=004E0470 EDX=00EE96E4 EBX=760041B5 ESP=001DFA70 EBP=001DFA90 ESI=7630FD1E EDI=00000000 EFLAG=00000202
012B1030	PUSH     EAX                                              EAX=001DFA80 ECX=004E0470 EDX=00EE96E4 EBX=760041B5 ESP=001DFA70 EBP=001DFA90 ESI=7630FD1E EDI=00000000 EFLAG=00000202
012B1031	JNZ      0x12b104f                                        EAX=001DFA80 ECX=004E0470 EDX=00EE96E4 EBX=760041B5 ESP=001DFA6C EBP=001DFA90 ESI=7630FD1E EDI=00000000 EFLAG=00000202
012B104F	DEC      DWORD [0x12b8b20]                                EAX=001DFA80 ECX=004E0470 EDX=00EE96E4 EBX=760041B5 ESP=001DFA6C EBP=001DFA90 ESI=7630FD1E EDI=00000000 EFLAG=00000202
012B1055	PUSH     DWORD [0x12b8b20]                                EAX=001DFA80 ECX=004E0470 EDX=00EE96E4 EBX=760041B5 ESP=001DFA6C EBP=001DFA90 ESI=7630FD1E EDI=00000000 EFLAG=00000206
012B105B	CALL     0x12b5435                                        EAX=001DFA80 ECX=004E0470 EDX=00EE96E4 EBX=760041B5 ESP=001DFA68 EBP=001DFA90 ESI=7630FD1E EDI=00000000 EFLAG=00000206
012B5435	MOV      EDI, EDI                                         EAX=001DFA80 ECX=004E0470 EDX=00EE96E4 EBX=760041B5 ESP=001DFA64 EBP=001DFA90 ESI=7630FD1E EDI=00000000 EFLAG=00000206
012B5437	PUSH     EBP                                              EAX=001DFA80 ECX=004E0470 EDX=00EE96E4 EBX=760041B5 ESP=001DFA64 EBP=001DFA90 ESI=7630FD1E EDI=00000000 EFLAG=00000206
012B5438	MOV      EBP, ESP                                         EAX=001DFA80 ECX=004E0470 EDX=00EE96E4 EBX=760041B5 ESP=001DFA60 EBP=001DFA90 ESI=7630FD1E EDI=00000000 EFLAG=00000206
012B543A	CMP      DWORD [EBP+0x10], 0xa                            EAX=001DFA80 ECX=004E0470 EDX=00EE96E4 EBX=760041B5 ESP=001DFA60 EBP=001DFA60 ESI=7630FD1E EDI=00000000 EFLAG=00000206
012B543E	MOV      EAX, [EBP+0x8]                                   EAX=001DFA80 ECX=004E0470 EDX=00EE96E4 EBX=760041B5 ESP=001DFA60 EBP=001DFA60 ESI=7630FD1E EDI=00000000 EFLAG=00000216
012B5441	JNZ      0x12b544d                                        EAX=12345677 ECX=004E0470 EDX=00EE96E4 EBX=760041B5 ESP=001DFA60 EBP=001DFA60 ESI=7630FD1E EDI=00000000 EFLAG=00000216
012B544D	PUSH     0x0                                              EAX=12345677 ECX=004E0470 EDX=00EE96E4 EBX=760041B5 ESP=001DFA60 EBP=001DFA60 ESI=7630FD1E EDI=00000000 EFLAG=00000216
012B544F	PUSH     DWORD [EBP+0x10]                                 EAX=12345677 ECX=004E0470 EDX=00EE96E4 EBX=760041B5 ESP=001DFA5C EBP=001DFA60 ESI=7630FD1E EDI=00000000 EFLAG=00000216
012B5452	MOV      ECX, [EBP+0xc]                                   EAX=12345677 ECX=004E0470 EDX=00EE96E4 EBX=760041B5 ESP=001DFA58 EBP=001DFA60 ESI=7630FD1E EDI=00000000 EFLAG=00000216
012B5455	CALL     0x12b53f2                                        EAX=12345677 ECX=001DFA80 EDX=00EE96E4 EBX=760041B5 ESP=001DFA58 EBP=001DFA60 ESI=7630FD1E EDI=00000000 EFLAG=00000216
012B53F2	MOV      EDI, EDI                                         EAX=12345677 ECX=001DFA80 EDX=00EE96E4 EBX=760041B5 ESP=001DFA54 EBP=001DFA60 ESI=7630FD1E EDI=00000000 EFLAG=00000216
012B53F4	PUSH     EBP                                              EAX=12345677 ECX=001DFA80 EDX=00EE96E4 EBX=760041B5 ESP=001DFA54 EBP=001DFA60 ESI=7630FD1E EDI=00000000 EFLAG=00000216
012B53F5	MOV      EBP, ESP                                         EAX=12345677 ECX=001DFA80 EDX=00EE96E4 EBX=760041B5 ESP=001DFA50 EBP=001DFA60 ESI=7630FD1E EDI=00000000 EFLAG=00000216
012B53F7	CMP      DWORD [EBP+0xc], 0x0                             EAX=12345677 ECX=001DFA80 EDX=00EE96E4 EBX=760041B5 ESP=001DFA50 EBP=001DFA50 ESI=7630FD1E EDI=00000000 EFLAG=00000216
012B53FB	JZ       0x12b5403                                        EAX=12345677 ECX=001DFA80 EDX=00EE96E4 EBX=760041B5 ESP=001DFA50 EBP=001DFA50 ESI=7630FD1E EDI=00000000 EFLAG=00000246
012B5403	PUSH     ESI                                              EAX=12345677 ECX=001DFA80 EDX=00EE96E4 EBX=760041B5 ESP=001DFA50 EBP=001DFA50 ESI=7630FD1E EDI=00000000 EFLAG=00000246
012B5404	MOV      ESI, ECX                                         EAX=12345677 ECX=001DFA80 EDX=00EE96E4 EBX=760041B5 ESP=001DFA4C EBP=001DFA50 ESI=7630FD1E EDI=00000000 EFLAG=00000246
012B5406	XOR      EDX, EDX                                         EAX=12345677 ECX=001DFA80 EDX=00EE96E4 EBX=760041B5 ESP=001DFA4C EBP=001DFA50 ESI=001DFA80 EDI=00000000 EFLAG=00000246
012B5408	DIV      DWORD [EBP+0x8]                                  EAX=12345677 ECX=001DFA80 EDX=00000000 EBX=760041B5 ESP=001DFA4C EBP=001DFA50 ESI=001DFA80 EDI=00000000 EFLAG=00000246
012B540B	CMP      EDX, 0x9                                         EAX=01234567 ECX=001DFA80 EDX=00000007 EBX=760041B5 ESP=001DFA4C EBP=001DFA50 ESI=001DFA80 EDI=00000000 EFLAG=00000246
012B540E	JBE      0x12b5415                                        EAX=01234567 ECX=001DFA80 EDX=00000007 EBX=760041B5 ESP=001DFA4C EBP=001DFA50 ESI=001DFA80 EDI=00000000 EFLAG=00000293
012B5415	ADD      DL, 0x30                                         EAX=01234567 ECX=001DFA80 EDX=00000007 EBX=760041B5 ESP=001DFA4C EBP=001DFA50 ESI=001DFA80 EDI=00000000 EFLAG=00000293
012B5418	MOV      [ECX], DL                                        EAX=01234567 ECX=001DFA80 EDX=00000037 EBX=760041B5 ESP=001DFA4C EBP=001DFA50 ESI=001DFA80 EDI=00000000 EFLAG=00000202
012B541A	INC      ECX                                              EAX=01234567 ECX=001DFA80 EDX=00000037 EBX=760041B5 ESP=001DFA4C EBP=001DFA50 ESI=001DFA80 EDI=00000000 EFLAG=00000202
012B541B	TEST     EAX, EAX                                         EAX=01234567 ECX=001DFA81 EDX=00000037 EBX=760041B5 ESP=001DFA4C EBP=001DFA50 ESI=001DFA80 EDI=00000000 EFLAG=00000206
012B541D	JNZ      0x12b5406                                        EAX=01234567 ECX=001DFA81 EDX=00000037 EBX=760041B5 ESP=001DFA4C EBP=001DFA50 ESI=001DFA80 EDI=00000000 EFLAG=00000202
012B5406	XOR      EDX, EDX                                         EAX=01234567 ECX=001DFA81 EDX=00000037 EBX=760041B5 ESP=001DFA4C EBP=001DFA50 ESI=001DFA80 EDI=00000000 EFLAG=00000202
012B5408	DIV      DWORD [EBP+0x8]                                  EAX=01234567 ECX=001DFA81 EDX=00000000 EBX=760041B5 ESP=001DFA4C EBP=001DFA50 ESI=001DFA80 EDI=00000000 EFLAG=00000246
012B540B	CMP      EDX, 0x9                                         EAX=00123456 ECX=001DFA81 EDX=00000007 EBX=760041B5 ESP=001DFA4C EBP=001DFA50 ESI=001DFA80 EDI=00000000 EFLAG=00000246
012B540E	JBE      0x12b5415                                        EAX=00123456 ECX=001DFA81 EDX=00000007 EBX=760041B5 ESP=001DFA4C EBP=001DFA50 ESI=001DFA80 EDI=00000000 EFLAG=00000293
012B5415	ADD      DL, 0x30                                         EAX=00123456 ECX=001DFA81 EDX=00000007 EBX=760041B5 ESP=001DFA4C EBP=001DFA50 ESI=001DFA80 EDI=00000000 EFLAG=00000293
012B5418	MOV      [ECX], DL                                        EAX=00123456 ECX=001DFA81 EDX=00000037 EBX=760041B5 ESP=001DFA4C EBP=001DFA50 ESI=001DFA80 EDI=00000000 EFLAG=00000202
012B541A	INC      ECX                                              EAX=00123456 ECX=001DFA81 EDX=00000037 EBX=760041B5 ESP=001DFA4C EBP=001DFA50 ESI=001DFA80 EDI=00000000 EFLAG=00000202
012B541B	TEST     EAX, EAX                                         EAX=00123456 ECX=001DFA82 EDX=00000037 EBX=760041B5 ESP=001DFA4C EBP=001DFA50 ESI=001DFA80 EDI=00000000 EFLAG=00000206
012B541D	JNZ      0x12b5406                                        EAX=00123456 ECX=001DFA82 EDX=00000037 EBX=760041B5 ESP=001DFA4C EBP=001DFA50 ESI=001DFA80 EDI=00000000 EFLAG=00000206
012B5406	XOR      EDX, EDX                                         EAX=00123456 ECX=001DFA82 EDX=00000037 EBX=760041B5 ESP=001DFA4C EBP=001DFA50 ESI=001DFA80 EDI=00000000 EFLAG=00000206
012B5408	DIV      DWORD [EBP+0x8]                                  EAX=00123456 ECX=001DFA82 EDX=00000000 EBX=760041B5 ESP=001DFA4C EBP=001DFA50 ESI=001DFA80 EDI=00000000 EFLAG=00000246
012B540B	CMP      EDX, 0x9                                         EAX=00012345 ECX=001DFA82 EDX=00000006 EBX=760041B5 ESP=001DFA4C EBP=001DFA50 ESI=001DFA80 EDI=00000000 EFLAG=00000246
012B540E	JBE      0x12b5415                                        EAX=00012345 ECX=001DFA82 EDX=00000006 EBX=760041B5 ESP=001DFA4C EBP=001DFA50 ESI=001DFA80 EDI=00000000 EFLAG=00000293
012B5415	ADD      DL, 0x30                                         EAX=00012345 ECX=001DFA82 EDX=00000006 EBX=760041B5 ESP=001DFA4C EBP=001DFA50 ESI=001DFA80 EDI=00000000 EFLAG=00000293
012B5418	MOV      [ECX], DL                                        EAX=00012345 ECX=001DFA82 EDX=00000036 EBX=760041B5 ESP=001DFA4C EBP=001DFA50 ESI=001DFA80 EDI=00000000 EFLAG=00000206
012B541A	INC      ECX                                              EAX=00012345 ECX=001DFA82 EDX=00000036 EBX=760041B5 ESP=001DFA4C EBP=001DFA50 ESI=001DFA80 EDI=00000000 EFLAG=00000206
012B541B	TEST     EAX, EAX                                         EAX=00012345 ECX=001DFA83 EDX=00000036 EBX=760041B5 ESP=001DFA4C EBP=001DFA50 ESI=001DFA80 EDI=00000000 EFLAG=00000202
012B541D	JNZ      0x12b5406                                        EAX=00012345 ECX=001DFA83 EDX=00000036 EBX=760041B5 ESP=001DFA4C EBP=001DFA50 ESI=001DFA80 EDI=00000000 EFLAG=00000202
012B5406	XOR      EDX, EDX                                         EAX=00012345 ECX=001DFA83 EDX=00000036 EBX=760041B5 ESP=001DFA4C EBP=001DFA50 ESI=001DFA80 EDI=00000000 EFLAG=00000202
012B5408	DIV      DWORD [EBP+0x8]                                  EAX=00012345 ECX=001DFA83 EDX=00000000 EBX=760041B5 ESP=001DFA4C EBP=001DFA50 ESI=001DFA80 EDI=00000000 EFLAG=00000246
012B540B	CMP      EDX, 0x9                                         EAX=00001234 ECX=001DFA83 EDX=00000005 EBX=760041B5 ESP=001DFA4C EBP=001DFA50 ESI=001DFA80 EDI=00000000 EFLAG=00000246
012B540E	JBE      0x12b5415                                        EAX=00001234 ECX=001DFA83 EDX=00000005 EBX=760041B5 ESP=001DFA4C EBP=001DFA50 ESI=001DFA80 EDI=00000000 EFLAG=00000297
012B5415	ADD      DL, 0x30                                         EAX=00001234 ECX=001DFA83 EDX=00000005 EBX=760041B5 ESP=001DFA4C EBP=001DFA50 ESI=001DFA80 EDI=00000000 EFLAG=00000297
012B5418	MOV      [ECX], DL                                        EAX=00001234 ECX=001DFA83 EDX=00000035 EBX=760041B5 ESP=001DFA4C EBP=001DFA50 ESI=001DFA80 EDI=00000000 EFLAG=00000206
012B541A	INC      ECX                                              EAX=00001234 ECX=001DFA83 EDX=00000035 EBX=760041B5 ESP=001DFA4C EBP=001DFA50 ESI=001DFA80 EDI=00000000 EFLAG=00000206
012B541B	TEST     EAX, EAX                                         EAX=00001234 ECX=001DFA84 EDX=00000035 EBX=760041B5 ESP=001DFA4C EBP=001DFA50 ESI=001DFA80 EDI=00000000 EFLAG=00000206
012B541D	JNZ      0x12b5406                                        EAX=00001234 ECX=001DFA84 EDX=00000035 EBX=760041B5 ESP=001DFA4C EBP=001DFA50 ESI=001DFA80 EDI=00000000 EFLAG=00000202
012B5406	XOR      EDX, EDX                                         EAX=00001234 ECX=001DFA84 EDX=00000035 EBX=760041B5 ESP=001DFA4C EBP=001DFA50 ESI=001DFA80 EDI=00000000 EFLAG=00000202
012B5408	DIV      DWORD [EBP+0x8]                                  EAX=00001234 ECX=001DFA84 EDX=00000000 EBX=760041B5 ESP=001DFA4C EBP=001DFA50 ESI=001DFA80 EDI=00000000 EFLAG=00000246
012B540B	CMP      EDX, 0x9                                         EAX=00000123 ECX=001DFA84 EDX=00000004 EBX=760041B5 ESP=001DFA4C EBP=001DFA50 ESI=001DFA80 EDI=00000000 EFLAG=00000246
012B540E	JBE      0x12b5415                                        EAX=00000123 ECX=001DFA84 EDX=00000004 EBX=760041B5 ESP=001DFA4C EBP=001DFA50 ESI=001DFA80 EDI=00000000 EFLAG=00000293
012B5415	ADD      DL, 0x30                                         EAX=00000123 ECX=001DFA84 EDX=00000004 EBX=760041B5 ESP=001DFA4C EBP=001DFA50 ESI=001DFA80 EDI=00000000 EFLAG=00000293
012B5418	MOV      [ECX], DL                                        EAX=00000123 ECX=001DFA84 EDX=00000034 EBX=760041B5 ESP=001DFA4C EBP=001DFA50 ESI=001DFA80 EDI=00000000 EFLAG=00000202
012B541A	INC      ECX                                              EAX=00000123 ECX=001DFA84 EDX=00000034 EBX=760041B5 ESP=001DFA4C EBP=001DFA50 ESI=001DFA80 EDI=00000000 EFLAG=00000202
012B541B	TEST     EAX, EAX                                         EAX=00000123 ECX=001DFA85 EDX=00000034 EBX=760041B5 ESP=001DFA4C EBP=001DFA50 ESI=001DFA80 EDI=00000000 EFLAG=00000202
012B541D	JNZ      0x12b5406                                        EAX=00000123 ECX=001DFA85 EDX=00000034 EBX=760041B5 ESP=001DFA4C EBP=001DFA50 ESI=001DFA80 EDI=00000000 EFLAG=00000202
012B5406	XOR      EDX, EDX                                         EAX=00000123 ECX=001DFA85 EDX=00000034 EBX=760041B5 ESP=001DFA4C EBP=001DFA50 ESI=001DFA80 EDI=00000000 EFLAG=00000202
012B5408	DIV      DWORD [EBP+0x8]                                  EAX=00000123 ECX=001DFA85 EDX=00000000 EBX=760041B5 ESP=001DFA4C EBP=001DFA50 ESI=001DFA80 EDI=00000000 EFLAG=00000246
012B540B	CMP      EDX, 0x9                                         EAX=00000012 ECX=001DFA85 EDX=00000003 EBX=760041B5 ESP=001DFA4C EBP=001DFA50 ESI=001DFA80 EDI=00000000 EFLAG=00000246
012B540E	JBE      0x12b5415                                        EAX=00000012 ECX=001DFA85 EDX=00000003 EBX=760041B5 ESP=001DFA4C EBP=001DFA50 ESI=001DFA80 EDI=00000000 EFLAG=00000297
012B5415	ADD      DL, 0x30                                         EAX=00000012 ECX=001DFA85 EDX=00000003 EBX=760041B5 ESP=001DFA4C EBP=001DFA50 ESI=001DFA80 EDI=00000000 EFLAG=00000297
012B5418	MOV      [ECX], DL                                        EAX=00000012 ECX=001DFA85 EDX=00000033 EBX=760041B5 ESP=001DFA4C EBP=001DFA50 ESI=001DFA80 EDI=00000000 EFLAG=00000206
012B541A	INC      ECX                                              EAX=00000012 ECX=001DFA85 EDX=00000033 EBX=760041B5 ESP=001DFA4C EBP=001DFA50 ESI=001DFA80 EDI=00000000 EFLAG=00000206
012B541B	TEST     EAX, EAX                                         EAX=00000012 ECX=001DFA86 EDX=00000033 EBX=760041B5 ESP=001DFA4C EBP=001DFA50 ESI=001DFA80 EDI=00000000 EFLAG=00000202
012B541D	JNZ      0x12b5406                                        EAX=00000012 ECX=001DFA86 EDX=00000033 EBX=760041B5 ESP=001DFA4C EBP=001DFA50 ESI=001DFA80 EDI=00000000 EFLAG=00000206
012B5406	XOR      EDX, EDX                                         EAX=00000012 ECX=001DFA86 EDX=00000033 EBX=760041B5 ESP=001DFA4C EBP=001DFA50 ESI=001DFA80 EDI=00000000 EFLAG=00000206
012B5408	DIV      DWORD [EBP+0x8]                                  EAX=00000012 ECX=001DFA86 EDX=00000000 EBX=760041B5 ESP=001DFA4C EBP=001DFA50 ESI=001DFA80 EDI=00000000 EFLAG=00000246
012B540B	CMP      EDX, 0x9                                         EAX=00000001 ECX=001DFA86 EDX=00000002 EBX=760041B5 ESP=001DFA4C EBP=001DFA50 ESI=001DFA80 EDI=00000000 EFLAG=00000246
012B540E	JBE      0x12b5415                                        EAX=00000001 ECX=001DFA86 EDX=00000002 EBX=760041B5 ESP=001DFA4C EBP=001DFA50 ESI=001DFA80 EDI=00000000 EFLAG=00000297
012B5415	ADD      DL, 0x30                                         EAX=00000001 ECX=001DFA86 EDX=00000002 EBX=760041B5 ESP=001DFA4C EBP=001DFA50 ESI=001DFA80 EDI=00000000 EFLAG=00000297
012B5418	MOV      [ECX], DL                                        EAX=00000001 ECX=001DFA86 EDX=00000032 EBX=760041B5 ESP=001DFA4C EBP=001DFA50 ESI=001DFA80 EDI=00000000 EFLAG=00000202
012B541A	INC      ECX                                              EAX=00000001 ECX=001DFA86 EDX=00000032 EBX=760041B5 ESP=001DFA4C EBP=001DFA50 ESI=001DFA80 EDI=00000000 EFLAG=00000202
012B541B	TEST     EAX, EAX                                         EAX=00000001 ECX=001DFA87 EDX=00000032 EBX=760041B5 ESP=001DFA4C EBP=001DFA50 ESI=001DFA80 EDI=00000000 EFLAG=00000206
012B541D	JNZ      0x12b5406                                        EAX=00000001 ECX=001DFA87 EDX=00000032 EBX=760041B5 ESP=001DFA4C EBP=001DFA50 ESI=001DFA80 EDI=00000000 EFLAG=00000202
012B5406	XOR      EDX, EDX                                         EAX=00000001 ECX=001DFA87 EDX=00000032 EBX=760041B5 ESP=001DFA4C EBP=001DFA50 ESI=001DFA80 EDI=00000000 EFLAG=00000202
012B5408	DIV      DWORD [EBP+0x8]                                  EAX=00000001 ECX=001DFA87 EDX=00000000 EBX=760041B5 ESP=001DFA4C EBP=001DFA50 ESI=001DFA80 EDI=00000000 EFLAG=00000246
012B540B	CMP      EDX, 0x9                                         EAX=00000000 ECX=001DFA87 EDX=00000001 EBX=760041B5 ESP=001DFA4C EBP=001DFA50 ESI=001DFA80 EDI=00000000 EFLAG=00000246
012B540E	JBE      0x12b5415                                        EAX=00000000 ECX=001DFA87 EDX=00000001 EBX=760041B5 ESP=001DFA4C EBP=001DFA50 ESI=001DFA80 EDI=00000000 EFLAG=00000293
012B5415	ADD      DL, 0x30                                         EAX=00000000 ECX=001DFA87 EDX=00000001 EBX=760041B5 ESP=001DFA4C EBP=001DFA50 ESI=001DFA80 EDI=00000000 EFLAG=00000293
012B5418	MOV      [ECX], DL                                        EAX=00000000 ECX=001DFA87 EDX=00000031 EBX=760041B5 ESP=001DFA4C EBP=001DFA50 ESI=001DFA80 EDI=00000000 EFLAG=00000202
012B541A	INC      ECX                                              EAX=00000000 ECX=001DFA87 EDX=00000031 EBX=760041B5 ESP=001DFA4C EBP=001DFA50 ESI=001DFA80 EDI=00000000 EFLAG=00000202
012B541B	TEST     EAX, EAX                                         EAX=00000000 ECX=001DFA88 EDX=00000031 EBX=760041B5 ESP=001DFA4C EBP=001DFA50 ESI=001DFA80 EDI=00000000 EFLAG=00000206
012B541D	JNZ      0x12b5406                                        EAX=00000000 ECX=001DFA88 EDX=00000031 EBX=760041B5 ESP=001DFA4C EBP=001DFA50 ESI=001DFA80 EDI=00000000 EFLAG=00000246
012B541F	MOV      [ECX], AL                                        EAX=00000000 ECX=001DFA88 EDX=00000031 EBX=760041B5 ESP=001DFA4C EBP=001DFA50 ESI=001DFA80 EDI=00000000 EFLAG=00000246
012B5421	DEC      ECX                                              EAX=00000000 ECX=001DFA88 EDX=00000031 EBX=760041B5 ESP=001DFA4C EBP=001DFA50 ESI=001DFA80 EDI=00000000 EFLAG=00000246
012B5422	MOV      DL, [ESI]                                        EAX=00000000 ECX=001DFA87 EDX=00000031 EBX=760041B5 ESP=001DFA4C EBP=001DFA50 ESI=001DFA80 EDI=00000000 EFLAG=00000206
012B5424	MOV      AL, [ECX]                                        EAX=00000000 ECX=001DFA87 EDX=00000037 EBX=760041B5 ESP=001DFA4C EBP=001DFA50 ESI=001DFA80 EDI=00000000 EFLAG=00000206
012B5426	MOV      [ECX], DL                                        EAX=00000031 ECX=001DFA87 EDX=00000037 EBX=760041B5 ESP=001DFA4C EBP=001DFA50 ESI=001DFA80 EDI=00000000 EFLAG=00000206
012B5428	DEC      ECX                                              EAX=00000031 ECX=001DFA87 EDX=00000037 EBX=760041B5 ESP=001DFA4C EBP=001DFA50 ESI=001DFA80 EDI=00000000 EFLAG=00000206
012B5429	MOV      [ESI], AL                                        EAX=00000031 ECX=001DFA86 EDX=00000037 EBX=760041B5 ESP=001DFA4C EBP=001DFA50 ESI=001DFA80 EDI=00000000 EFLAG=00000202
012B542B	INC      ESI                                              EAX=00000031 ECX=001DFA86 EDX=00000037 EBX=760041B5 ESP=001DFA4C EBP=001DFA50 ESI=001DFA80 EDI=00000000 EFLAG=00000202
012B542C	CMP      ESI, ECX                                         EAX=00000031 ECX=001DFA86 EDX=00000037 EBX=760041B5 ESP=001DFA4C EBP=001DFA50 ESI=001DFA81 EDI=00000000 EFLAG=00000206
012B542E	JB       0x12b5422                                        EAX=00000031 ECX=001DFA86 EDX=00000037 EBX=760041B5 ESP=001DFA4C EBP=001DFA50 ESI=001DFA81 EDI=00000000 EFLAG=00000293
012B5422	MOV      DL, [ESI]                                        EAX=00000031 ECX=001DFA86 EDX=00000037 EBX=760041B5 ESP=001DFA4C EBP=001DFA50 ESI=001DFA81 EDI=00000000 EFLAG=00000293
012B5424	MOV      AL, [ECX]                                        EAX=00000031 ECX=001DFA86 EDX=00000037 EBX=760041B5 ESP=001DFA4C EBP=001DFA50 ESI=001DFA81 EDI=00000000 EFLAG=00000293
012B5426	MOV      [ECX], DL                                        EAX=00000032 ECX=001DFA86 EDX=00000037 EBX=760041B5 ESP=001DFA4C EBP=001DFA50 ESI=001DFA81 EDI=00000000 EFLAG=00000293
012B5428	DEC      ECX                                              EAX=00000032 ECX=001DFA86 EDX=00000037 EBX=760041B5 ESP=001DFA4C EBP=001DFA50 ESI=001DFA81 EDI=00000000 EFLAG=00000293
012B5429	MOV      [ESI], AL                                        EAX=00000032 ECX=001DFA85 EDX=00000037 EBX=760041B5 ESP=001DFA4C EBP=001DFA50 ESI=001DFA81 EDI=00000000 EFLAG=00000203
012B542B	INC      ESI                                              EAX=00000032 ECX=001DFA85 EDX=00000037 EBX=760041B5 ESP=001DFA4C EBP=001DFA50 ESI=001DFA81 EDI=00000000 EFLAG=00000203
012B542C	CMP      ESI, ECX                                         EAX=00000032 ECX=001DFA85 EDX=00000037 EBX=760041B5 ESP=001DFA4C EBP=001DFA50 ESI=001DFA82 EDI=00000000 EFLAG=00000207
012B542E	JB       0x12b5422                                        EAX=00000032 ECX=001DFA85 EDX=00000037 EBX=760041B5 ESP=001DFA4C EBP=001DFA50 ESI=001DFA82 EDI=00000000 EFLAG=00000293
012B5422	MOV      DL, [ESI]                                        EAX=00000032 ECX=001DFA85 EDX=00000037 EBX=760041B5 ESP=001DFA4C EBP=001DFA50 ESI=001DFA82 EDI=00000000 EFLAG=00000293
012B5424	MOV      AL, [ECX]                                        EAX=00000032 ECX=001DFA85 EDX=00000036 EBX=760041B5 ESP=001DFA4C EBP=001DFA50 ESI=001DFA82 EDI=00000000 EFLAG=00000293
012B5426	MOV      [ECX], DL                                        EAX=00000033 ECX=001DFA85 EDX=00000036 EBX=760041B5 ESP=001DFA4C EBP=001DFA50 ESI=001DFA82 EDI=00000000 EFLAG=00000293
012B5428	DEC      ECX                                              EAX=00000033 ECX=001DFA85 EDX=00000036 EBX=760041B5 ESP=001DFA4C EBP=001DFA50 ESI=001DFA82 EDI=00000000 EFLAG=00000293
012B5429	MOV      [ESI], AL                                        EAX=00000033 ECX=001DFA84 EDX=00000036 EBX=760041B5 ESP=001DFA4C EBP=001DFA50 ESI=001DFA82 EDI=00000000 EFLAG=00000207
012B542B	INC      ESI                                              EAX=00000033 ECX=001DFA84 EDX=00000036 EBX=760041B5 ESP=001DFA4C EBP=001DFA50 ESI=001DFA82 EDI=00000000 EFLAG=00000207
012B542C	CMP      ESI, ECX                                         EAX=00000033 ECX=001DFA84 EDX=00000036 EBX=760041B5 ESP=001DFA4C EBP=001DFA50 ESI=001DFA83 EDI=00000000 EFLAG=00000203
012B542E	JB       0x12b5422                                        EAX=00000033 ECX=001DFA84 EDX=00000036 EBX=760041B5 ESP=001DFA4C EBP=001DFA50 ESI=001DFA83 EDI=00000000 EFLAG=00000297
012B5422	MOV      DL, [ESI]                                        EAX=00000033 ECX=001DFA84 EDX=00000036 EBX=760041B5 ESP=001DFA4C EBP=001DFA50 ESI=001DFA83 EDI=00000000 EFLAG=00000297
012B5424	MOV      AL, [ECX]                                        EAX=00000033 ECX=001DFA84 EDX=00000035 EBX=760041B5 ESP=001DFA4C EBP=001DFA50 ESI=001DFA83 EDI=00000000 EFLAG=00000297
012B5426	MOV      [ECX], DL                                        EAX=00000034 ECX=001DFA84 EDX=00000035 EBX=760041B5 ESP=001DFA4C EBP=001DFA50 ESI=001DFA83 EDI=00000000 EFLAG=00000297
012B5428	DEC      ECX                                              EAX=00000034 ECX=001DFA84 EDX=00000035 EBX=760041B5 ESP=001DFA4C EBP=001DFA50 ESI=001DFA83 EDI=00000000 EFLAG=00000297
012B5429	MOV      [ESI], AL                                        EAX=00000034 ECX=001DFA83 EDX=00000035 EBX=760041B5 ESP=001DFA4C EBP=001DFA50 ESI=001DFA83 EDI=00000000 EFLAG=00000203
012B542B	INC      ESI                                              EAX=00000034 ECX=001DFA83 EDX=00000035 EBX=760041B5 ESP=001DFA4C EBP=001DFA50 ESI=001DFA83 EDI=00000000 EFLAG=00000203
012B542C	CMP      ESI, ECX                                         EAX=00000034 ECX=001DFA83 EDX=00000035 EBX=760041B5 ESP=001DFA4C EBP=001DFA50 ESI=001DFA84 EDI=00000000 EFLAG=00000207
012B542E	JB       0x12b5422                                        EAX=00000034 ECX=001DFA83 EDX=00000035 EBX=760041B5 ESP=001DFA4C EBP=001DFA50 ESI=001DFA84 EDI=00000000 EFLAG=00000202
012B5430	POP      ESI                                              EAX=00000034 ECX=001DFA83 EDX=00000035 EBX=760041B5 ESP=001DFA4C EBP=001DFA50 ESI=001DFA84 EDI=00000000 EFLAG=00000202
012B5431	POP      EBP                                              EAX=00000034 ECX=001DFA83 EDX=00000035 EBX=760041B5 ESP=001DFA50 EBP=001DFA50 ESI=7630FD1E EDI=00000000 EFLAG=00000202
012B5432	RET      0x8                                              EAX=00000034 ECX=001DFA83 EDX=00000035 EBX=760041B5 ESP=001DFA54 EBP=001DFA60 ESI=7630FD1E EDI=00000000 EFLAG=00000202
012B545A	MOV      EAX, [EBP+0xc]                                   EAX=00000034 ECX=001DFA83 EDX=00000035 EBX=760041B5 ESP=001DFA60 EBP=001DFA60 ESI=7630FD1E EDI=00000000 EFLAG=00000202
012B545D	POP      EBP                                              EAX=001DFA80 ECX=001DFA83 EDX=00000035 EBX=760041B5 ESP=001DFA60 EBP=001DFA60 ESI=7630FD1E EDI=00000000 EFLAG=00000202
012B545E	RET                                                       EAX=001DFA80 ECX=001DFA83 EDX=00000035 EBX=760041B5 ESP=001DFA64 EBP=001DFA90 ESI=7630FD1E EDI=00000000 EFLAG=00000202
012B1060	ADD      ESP, 0xc                                         EAX=001DFA80 ECX=001DFA83 EDX=00000035 EBX=760041B5 ESP=001DFA68 EBP=001DFA90 ESI=7630FD1E EDI=00000000 EFLAG=00000202
012B1063	PUSH     EDI                                              EAX=001DFA80 ECX=001DFA83 EDX=00000035 EBX=760041B5 ESP=001DFA74 EBP=001DFA90 ESI=7630FD1E EDI=00000000 EFLAG=00000216
012B1064	PUSH     DWORD 0x12b7820                                  EAX=001DFA80 ECX=001DFA83 EDX=00000035 EBX=760041B5 ESP=001DFA70 EBP=001DFA90 ESI=7630FD1E EDI=00000000 EFLAG=00000216
012B1069	LEA      EAX, [EBP-0x10]                                  EAX=001DFA80 ECX=001DFA83 EDX=00000035 EBX=760041B5 ESP=001DFA6C EBP=001DFA90 ESI=7630FD1E EDI=00000000 EFLAG=00000216
012B106C	PUSH     EAX                                              EAX=001DFA80 ECX=001DFA83 EDX=00000035 EBX=760041B5 ESP=001DFA6C EBP=001DFA90 ESI=7630FD1E EDI=00000000 EFLAG=00000216
012B106D	PUSH     EDI                                              EAX=001DFA80 ECX=001DFA83 EDX=00000035 EBX=760041B5 ESP=001DFA68 EBP=001DFA90 ESI=7630FD1E EDI=00000000 EFLAG=00000216
012B106E	CALL     ESI                                              EAX=001DFA80 ECX=001DFA83 EDX=00000035 EBX=760041B5 ESP=001DFA64 EBP=001DFA90 ESI=7630FD1E EDI=00000000 EFLAG=00000216
012B1070	CALL     EBX                                              EAX=00000001 ECX=FEEEFF2A EDX=FEEEFF29 EBX=760041B5 ESP=001DFA74 EBP=001DFA90 ESI=7630FD1E EDI=00000000 EFLAG=00000246
