01B3AA03	MOV      AX, 0x76a5                                       EAX=775533CA ECX=000000D4 EDX=01C20337 EBX=FFFDE000 ESP=0018FF8C EBP=0018FF94 ESI=00000000 EDI=00000000 EFLAG=00000A86
01B3AA07	BSR      EAX, EBX                                         EAX=775576A5 ECX=000000D4 EDX=01C20337 EBX=FFFDE000 ESP=0018FF8C EBP=0018FF94 ESI=00000000 EDI=00000000 EFLAG=00000A86
01B3A9D9	DEC      AH                                               EAX=0000001F ECX=000000D4 EDX=01C20337 EBX=FFFDE000 ESP=0018FF8C EBP=0018FF94 ESI=00000000 EDI=00000000 EFLAG=00000202
01B3A9DB	BTR      EAX, ESP                                         EAX=0000FF1F ECX=000000D4 EDX=01C20337 EBX=FFFDE000 ESP=0018FF8C EBP=0018FF94 ESI=00000000 EDI=00000000 EFLAG=00000296
01B3A9DE	ROR      EAX, CL                                          EAX=0000EF1F ECX=000000D4 EDX=01C20337 EBX=FFFDE000 ESP=0018FF8C EBP=0018FF94 ESI=00000000 EDI=00000000 EFLAG=00000297
01B3A9E6	PUSHA                                                     EAX=0EF1F000 ECX=000000D4 EDX=01C20337 EBX=FFFDE000 ESP=0018FF8C EBP=0018FF94 ESI=00000000 EDI=00000000 EFLAG=00000296
01B3A9E7	SUB      ESP, 0x1                                         EAX=0EF1F000 ECX=000000D4 EDX=01C20337 EBX=FFFDE000 ESP=0018FF6C EBP=0018FF94 ESI=00000000 EDI=00000000 EFLAG=00000296
01B3AA22	MOV      EAX, [ESP+0x1d]                                  EAX=0EF1F000 ECX=000000D4 EDX=01C20337 EBX=FFFDE000 ESP=0018FF6B EBP=0018FF94 ESI=00000000 EDI=00000000 EFLAG=00000202
01B3AA26	LEA      ESP, [ESP+0x1]                                   EAX=0EF1F000 ECX=000000D4 EDX=01C20337 EBX=FFFDE000 ESP=0018FF6B EBP=0018FF94 ESI=00000000 EDI=00000000 EFLAG=00000202
01B3AA2A	LEA      ESP, [ESP+0x20]                                  EAX=0EF1F000 ECX=000000D4 EDX=01C20337 EBX=FFFDE000 ESP=0018FF6C EBP=0018FF94 ESI=00000000 EDI=00000000 EFLAG=00000202
01B3AA2E	ADD      CL, DL                                           EAX=0EF1F000 ECX=000000D4 EDX=01C20337 EBX=FFFDE000 ESP=0018FF8C EBP=0018FF94 ESI=00000000 EDI=00000000 EFLAG=00000202
01B3AA30	LEA      EBX, [EDX*4+0x0]                                 EAX=0EF1F000 ECX=0000000B EDX=01C20337 EBX=FFFDE000 ESP=0018FF8C EBP=0018FF94 ESI=00000000 EDI=00000000 EFLAG=00000203
01B3AA37	XCHG     EBX, EAX                                         EAX=0EF1F000 ECX=0000000B EDX=01C20337 EBX=07080CDC ESP=0018FF8C EBP=0018FF94 ESI=00000000 EDI=00000000 EFLAG=00000203
01B3AA3F	SBB      BX, 0x9456                                       EAX=07080CDC ECX=0000000B EDX=01C20337 EBX=0EF1F000 ESP=0018FF8C EBP=0018FF94 ESI=00000000 EDI=00000000 EFLAG=00000203
01B3AA93	MOV      AH, [ESP]                                        EAX=07080CDC ECX=0000000B EDX=01C20337 EBX=0EF15BA9 ESP=0018FF8C EBP=0018FF94 ESI=00000000 EDI=00000000 EFLAG=00000216
01B3AA96	MOV      BL, CL                                           EAX=0708CADC ECX=0000000B EDX=01C20337 EBX=0EF15BA9 ESP=0018FF8C EBP=0018FF94 ESI=00000000 EDI=00000000 EFLAG=00000216
01B3AA4B	LEA      EAX, [ECX*4+0x0]                                 EAX=0708CADC ECX=0000000B EDX=01C20337 EBX=0EF15B0B ESP=0018FF8C EBP=0018FF94 ESI=00000000 EDI=00000000 EFLAG=00000216
01B3AA52	SUB      ESP, 0x14                                        EAX=0000002C ECX=0000000B EDX=01C20337 EBX=0EF15B0B ESP=0018FF8C EBP=0018FF94 ESI=00000000 EDI=00000000 EFLAG=00000216
01B3AA7D	SETAE    AH                                               EAX=0000002C ECX=0000000B EDX=01C20337 EBX=0EF15B0B ESP=0018FF78 EBP=0018FF94 ESI=00000000 EDI=00000000 EFLAG=00000206
01B3AA80	MOV      [ESP+0x8], BP                                    EAX=0000012C ECX=0000000B EDX=01C20337 EBX=0EF15B0B ESP=0018FF78 EBP=0018FF94 ESI=00000000 EDI=00000000 EFLAG=00000206
01B3AA85	LEA      EAX, [EDX+0x5c]                                  EAX=0000012C ECX=0000000B EDX=01C20337 EBX=0EF15B0B ESP=0018FF78 EBP=0018FF94 ESI=00000000 EDI=00000000 EFLAG=00000206
01B3AA88	CALL     0x1b3aa9a                                        EAX=01C20393 ECX=0000000B EDX=01C20337 EBX=0EF15B0B ESP=0018FF78 EBP=0018FF94 ESI=00000000 EDI=00000000 EFLAG=00000206
01B3AA9A	INC      AX                                               EAX=01C20393 ECX=0000000B EDX=01C20337 EBX=0EF15B0B ESP=0018FF74 EBP=0018FF94 ESI=00000000 EDI=00000000 EFLAG=00000206
01B3AAA0	LEA      ESP, [ESP+0x18]                                  EAX=01C20394 ECX=0000000B EDX=01C20337 EBX=0EF15B0B ESP=0018FF74 EBP=0018FF94 ESI=00000000 EDI=00000000 EFLAG=00000202
01B3AAA4	SUB      BL, 0x97                                         EAX=01C20394 ECX=0000000B EDX=01C20337 EBX=0EF15B0B ESP=0018FF8C EBP=0018FF94 ESI=00000000 EDI=00000000 EFLAG=00000202
01B3AAA7	MOV      AX, 0x5d25                                       EAX=01C20394 ECX=0000000B EDX=01C20337 EBX=0EF15B74 ESP=0018FF8C EBP=0018FF94 ESI=00000000 EDI=00000000 EFLAG=00000207
01B3AAC0	MOV      EAX, 0xff273cc6                                  EAX=01C25D25 ECX=0000000B EDX=01C20337 EBX=0EF15B74 ESP=0018FF8C EBP=0018FF94 ESI=00000000 EDI=00000000 EFLAG=00000207
01B3AAC5	SETAE    AL                                               EAX=FF273CC6 ECX=0000000B EDX=01C20337 EBX=0EF15B74 ESP=0018FF8C EBP=0018FF94 ESI=00000000 EDI=00000000 EFLAG=00000207
01B3AAC8	BSF      EAX, ESI                                         EAX=FF273C00 ECX=0000000B EDX=01C20337 EBX=0EF15B74 ESP=0018FF8C EBP=0018FF94 ESI=00000000 EDI=00000000 EFLAG=00000207
01B3AB38	JNZ      0x1b3aad8                                        EAX=FF273C00 ECX=0000000B EDX=01C20337 EBX=0EF15B74 ESP=0018FF8C EBP=0018FF94 ESI=00000000 EDI=00000000 EFLAG=00000247
01B3AB3A	MOV      AX, 0x698f                                       EAX=FF273C00 ECX=0000000B EDX=01C20337 EBX=0EF15B74 ESP=0018FF8C EBP=0018FF94 ESI=00000000 EDI=00000000 EFLAG=00000247
01B3AB3E	BTS      AX, CX                                           EAX=FF27698F ECX=0000000B EDX=01C20337 EBX=0EF15B74 ESP=0018FF8C EBP=0018FF94 ESI=00000000 EDI=00000000 EFLAG=00000247
01B3AB1E	MOV      AX, 0xdf51                                       EAX=FF27698F ECX=0000000B EDX=01C20337 EBX=0EF15B74 ESP=0018FF8C EBP=0018FF94 ESI=00000000 EDI=00000000 EFLAG=00000247
01B3AB22	SUB      ESP, 0x1a                                        EAX=FF27DF51 ECX=0000000B EDX=01C20337 EBX=0EF15B74 ESP=0018FF8C EBP=0018FF94 ESI=00000000 EDI=00000000 EFLAG=00000247
01B3AB25	LEA      ESP, [ESP+0x2]                                   EAX=FF27DF51 ECX=0000000B EDX=01C20337 EBX=0EF15B74 ESP=0018FF72 EBP=0018FF94 ESI=00000000 EDI=00000000 EFLAG=00000206
01B3AB08	LEA      ESP, [ESP+0x18]                                  EAX=FF27DF51 ECX=0000000B EDX=01C20337 EBX=0EF15B74 ESP=0018FF74 EBP=0018FF94 ESI=00000000 EDI=00000000 EFLAG=00000206
01B3AB0C	NEG      BL                                               EAX=FF27DF51 ECX=0000000B EDX=01C20337 EBX=0EF15B74 ESP=0018FF8C EBP=0018FF94 ESI=00000000 EDI=00000000 EFLAG=00000206
01B3AB0E	LEA      EAX, [EDX*4+0x0]                                 EAX=FF27DF51 ECX=0000000B EDX=01C20337 EBX=0EF15B8C ESP=0018FF8C EBP=0018FF94 ESI=00000000 EDI=00000000 EFLAG=00000293
01B3AB15	SHL      AH, 0x1                                          EAX=07080CDC ECX=0000000B EDX=01C20337 EBX=0EF15B8C ESP=0018FF8C EBP=0018FF94 ESI=00000000 EDI=00000000 EFLAG=00000293
01B3AB5A	CALL     0x1b3ab70                                        EAX=070818DC ECX=0000000B EDX=01C20337 EBX=0EF15B8C ESP=0018FF8C EBP=0018FF94 ESI=00000000 EDI=00000000 EFLAG=00000206
01B3AB70	MOV      AH, DH                                           EAX=070818DC ECX=0000000B EDX=01C20337 EBX=0EF15B8C ESP=0018FF88 EBP=0018FF94 ESI=00000000 EDI=00000000 EFLAG=00000206
01B3AB72	LEA      EAX, [0xffffffffb1b70670]                        EAX=070803DC ECX=0000000B EDX=01C20337 EBX=0EF15B8C ESP=0018FF88 EBP=0018FF94 ESI=00000000 EDI=00000000 EFLAG=00000206
01B3AB78	SETNZ    AH                                               EAX=B1B70670 ECX=0000000B EDX=01C20337 EBX=0EF15B8C ESP=0018FF88 EBP=0018FF94 ESI=00000000 EDI=00000000 EFLAG=00000206
01B3AB7B	SUB      ESP, 0x1c                                        EAX=B1B70170 ECX=0000000B EDX=01C20337 EBX=0EF15B8C ESP=0018FF88 EBP=0018FF94 ESI=00000000 EDI=00000000 EFLAG=00000206
01B3AC2A	MOV      EAX, 0x7427145a                                  EAX=B1B70170 ECX=0000000B EDX=01C20337 EBX=0EF15B8C ESP=0018FF6C EBP=0018FF94 ESI=00000000 EDI=00000000 EFLAG=00000216
01B3AC2F	CALL     0x1b3abe7                                        EAX=7427145A ECX=0000000B EDX=01C20337 EBX=0EF15B8C ESP=0018FF6C EBP=0018FF94 ESI=00000000 EDI=00000000 EFLAG=00000216
01B3ABE7	MOV      EAX, 0xfc4d20b2                                  EAX=7427145A ECX=0000000B EDX=01C20337 EBX=0EF15B8C ESP=0018FF68 EBP=0018FF94 ESI=00000000 EDI=00000000 EFLAG=00000216
01B3ABEC	XCHG     [ESP+0x1a], EAX                                  EAX=FC4D20B2 ECX=0000000B EDX=01C20337 EBX=0EF15B8C ESP=0018FF68 EBP=0018FF94 ESI=00000000 EDI=00000000 EFLAG=00000216
01B3ABF0	LEA      EAX, [EDX*4+0x0]                                 EAX=00000000 ECX=0000000B EDX=01C20337 EBX=0EF15B8C ESP=0018FF68 EBP=0018FF94 ESI=00000000 EDI=00000000 EFLAG=00000216
01B3ABF7	POP      DWORD [ESP+0x1b]                                 EAX=07080CDC ECX=0000000B EDX=01C20337 EBX=0EF15B8C ESP=0018FF68 EBP=0018FF94 ESI=00000000 EDI=00000000 EFLAG=00000216
01B3ABC3	LEA      ESP, [ESP+0x20]                                  EAX=07080CDC ECX=0000000B EDX=01C20337 EBX=0EF15B8C ESP=0018FF6C EBP=0018FF94 ESI=00000000 EDI=00000000 EFLAG=00000216
01B3ABC7	NOT      BL                                               EAX=07080CDC ECX=0000000B EDX=01C20337 EBX=0EF15B8C ESP=0018FF8C EBP=0018FF94 ESI=00000000 EDI=00000000 EFLAG=00000216
01B3ABC9	NEG      AL                                               EAX=07080CDC ECX=0000000B EDX=01C20337 EBX=0EF15B73 ESP=0018FF8C EBP=0018FF94 ESI=00000000 EDI=00000000 EFLAG=00000216
01B3ABCB	JNZ      0x1b3abad                                        EAX=07080C24 ECX=0000000B EDX=01C20337 EBX=0EF15B73 ESP=0018FF8C EBP=0018FF94 ESI=00000000 EDI=00000000 EFLAG=00000217
01B3ABAD	LEA      EAX, [EBP*4+0x0]                                 EAX=07080C24 ECX=0000000B EDX=01C20337 EBX=0EF15B73 ESP=0018FF8C EBP=0018FF94 ESI=00000000 EDI=00000000 EFLAG=00000217
01B3ABB4	SUB      ESP, 0x1c                                        EAX=0063FE50 ECX=0000000B EDX=01C20337 EBX=0EF15B73 ESP=0018FF8C EBP=0018FF94 ESI=00000000 EDI=00000000 EFLAG=00000217
01B3ABB7	XCHG     [ESP+0x1a], AH                                   EAX=0063FE50 ECX=0000000B EDX=01C20337 EBX=0EF15B73 ESP=0018FF70 EBP=0018FF94 ESI=00000000 EDI=00000000 EFLAG=00000202
01B3ABCF	XCHG     [ESP+0xd], AH                                    EAX=00630150 ECX=0000000B EDX=01C20337 EBX=0EF15B73 ESP=0018FF70 EBP=0018FF94 ESI=00000000 EDI=00000000 EFLAG=00000202
01B3ABD3	MOV      EAX, 0x50d133e5                                  EAX=0063E050 ECX=0000000B EDX=01C20337 EBX=0EF15B73 ESP=0018FF70 EBP=0018FF94 ESI=00000000 EDI=00000000 EFLAG=00000202
01B3ABD8	CLC                                                       EAX=50D133E5 ECX=0000000B EDX=01C20337 EBX=0EF15B73 ESP=0018FF70 EBP=0018FF94 ESI=00000000 EDI=00000000 EFLAG=00000202
01B3ABD9	BTR      EAX, ESI                                         EAX=50D133E5 ECX=0000000B EDX=01C20337 EBX=0EF15B73 ESP=0018FF70 EBP=0018FF94 ESI=00000000 EDI=00000000 EFLAG=00000202
01B3B0D2	ADD      ESP, 0x11                                        EAX=50D133E4 ECX=0000000B EDX=01C20337 EBX=0EF15B73 ESP=0018FF70 EBP=0018FF94 ESI=00000000 EDI=00000000 EFLAG=00000203
01B3B0D5	LEA      ESP, [ESP+0x3]                                   EAX=50D133E4 ECX=0000000B EDX=01C20337 EBX=0EF15B73 ESP=0018FF81 EBP=0018FF94 ESI=00000000 EDI=00000000 EFLAG=00000206
01B3AC5E	LEA      ESP, [ESP+0x8]                                   EAX=50D133E4 ECX=0000000B EDX=01C20337 EBX=0EF15B73 ESP=0018FF84 EBP=0018FF94 ESI=00000000 EDI=00000000 EFLAG=00000206
01B3AC62	DEC      BL                                               EAX=50D133E4 ECX=0000000B EDX=01C20337 EBX=0EF15B73 ESP=0018FF8C EBP=0018FF94 ESI=00000000 EDI=00000000 EFLAG=00000206
01B3AC64	NOT      EAX                                              EAX=50D133E4 ECX=0000000B EDX=01C20337 EBX=0EF15B72 ESP=0018FF8C EBP=0018FF94 ESI=00000000 EDI=00000000 EFLAG=00000206
01B3AC66	LEA      EAX, [ECX*4+0x0]                                 EAX=AF2ECC1B ECX=0000000B EDX=01C20337 EBX=0EF15B72 ESP=0018FF8C EBP=0018FF94 ESI=00000000 EDI=00000000 EFLAG=00000206
01B3AC6D	MOV      AX, 0x281f                                       EAX=0000002C ECX=0000000B EDX=01C20337 EBX=0EF15B72 ESP=0018FF8C EBP=0018FF94 ESI=00000000 EDI=00000000 EFLAG=00000206
01B3AC71	NOT      AL                                               EAX=0000281F ECX=0000000B EDX=01C20337 EBX=0EF15B72 ESP=0018FF8C EBP=0018FF94 ESI=00000000 EDI=00000000 EFLAG=00000206
01B3AC34	CLC                                                       EAX=000028E0 ECX=0000000B EDX=01C20337 EBX=0EF15B72 ESP=0018FF8C EBP=0018FF94 ESI=00000000 EDI=00000000 EFLAG=00000206
01B3AC99	MOV      EAX, 0x3ada9b06                                  EAX=000028E0 ECX=0000000B EDX=01C20337 EBX=0EF15B72 ESP=0018FF8C EBP=0018FF94 ESI=00000000 EDI=00000000 EFLAG=00000206
01B3AC9E	ROL      BL, 0x0                                          EAX=3ADA9B06 ECX=0000000B EDX=01C20337 EBX=0EF15B72 ESP=0018FF8C EBP=0018FF94 ESI=00000000 EDI=00000000 EFLAG=00000206
01B3AC3E	SETL     AL                                               EAX=3ADA9B06 ECX=0000000B EDX=01C20337 EBX=0EF15B72 ESP=0018FF8C EBP=0018FF94 ESI=00000000 EDI=00000000 EFLAG=00000206
01B3AC41	STC                                                       EAX=3ADA9B00 ECX=0000000B EDX=01C20337 EBX=0EF15B72 ESP=0018FF8C EBP=0018FF94 ESI=00000000 EDI=00000000 EFLAG=00000206
01B3AC75	JL       0x1b3ac48                                        EAX=3ADA9B00 ECX=0000000B EDX=01C20337 EBX=0EF15B72 ESP=0018FF8C EBP=0018FF94 ESI=00000000 EDI=00000000 EFLAG=00000207
01B3AC77	MOV      AL, BL                                           EAX=3ADA9B00 ECX=0000000B EDX=01C20337 EBX=0EF15B72 ESP=0018FF8C EBP=0018FF94 ESI=00000000 EDI=00000000 EFLAG=00000207
01B3AC79	MOV      AX, [ESP]                                        EAX=3ADA9B72 ECX=0000000B EDX=01C20337 EBX=0EF15B72 ESP=0018FF8C EBP=0018FF94 ESI=00000000 EDI=00000000 EFLAG=00000207
01B3AC83	LEA      EAX, [EBX+ESI]                                   EAX=3ADA33CA ECX=0000000B EDX=01C20337 EBX=0EF15B72 ESP=0018FF8C EBP=0018FF94 ESI=00000000 EDI=00000000 EFLAG=00000207
01B3AC86	INC      AX                                               EAX=0EF15B72 ECX=0000000B EDX=01C20337 EBX=0EF15B72 ESP=0018FF8C EBP=0018FF94 ESI=00000000 EDI=00000000 EFLAG=00000207
01B3AC88	MOV      AL, [ESP]                                        EAX=0EF15B73 ECX=0000000B EDX=01C20337 EBX=0EF15B72 ESP=0018FF8C EBP=0018FF94 ESI=00000000 EDI=00000000 EFLAG=00000203
01B3ACB9	MOV      EAX, 0x476054a9                                  EAX=0EF15BCA ECX=0000000B EDX=01C20337 EBX=0EF15B72 ESP=0018FF8C EBP=0018FF94 ESI=00000000 EDI=00000000 EFLAG=00000203
01B3ACBE	MOV      AL, 0x2c                                         EAX=476054A9 ECX=0000000B EDX=01C20337 EBX=0EF15B72 ESP=0018FF8C EBP=0018FF94 ESI=00000000 EDI=00000000 EFLAG=00000203
01B3ACC0	SETAE    AH                                               EAX=4760542C ECX=0000000B EDX=01C20337 EBX=0EF15B72 ESP=0018FF8C EBP=0018FF94 ESI=00000000 EDI=00000000 EFLAG=00000203
01B3ACC3	LEA      EAX, [EAX-0x247de743]                            EAX=4760002C ECX=0000000B EDX=01C20337 EBX=0EF15B72 ESP=0018FF8C EBP=0018FF94 ESI=00000000 EDI=00000000 EFLAG=00000203
01B3ACC9	RCR      AL, 0x7                                          EAX=22E218E9 ECX=0000000B EDX=01C20337 EBX=0EF15B72 ESP=0018FF8C EBP=0018FF94 ESI=00000000 EDI=00000000 EFLAG=00000203
01B3ACA3	SETS     AL                                               EAX=22E218A7 ECX=0000000B EDX=01C20337 EBX=0EF15B72 ESP=0018FF8C EBP=0018FF94 ESI=00000000 EDI=00000000 EFLAG=00000A03
01B3ACA6	MOV      AL, BL                                           EAX=22E21800 ECX=0000000B EDX=01C20337 EBX=0EF15B72 ESP=0018FF8C EBP=0018FF94 ESI=00000000 EDI=00000000 EFLAG=00000A03
01B3AD5D	ADD      DL, BL                                           EAX=22E21872 ECX=0000000B EDX=01C20337 EBX=0EF15B72 ESP=0018FF8C EBP=0018FF94 ESI=00000000 EDI=00000000 EFLAG=00000A03
01B3AD5F	SETO     BH                                               EAX=22E21872 ECX=0000000B EDX=01C203A9 EBX=0EF15B72 ESP=0018FF8C EBP=0018FF94 ESI=00000000 EDI=00000000 EFLAG=00000A86
01B3AD62	LEA      EBX, [ESP+EDI]                                   EAX=22E21872 ECX=0000000B EDX=01C203A9 EBX=0EF10172 ESP=0018FF8C EBP=0018FF94 ESI=00000000 EDI=00000000 EFLAG=00000A86
01B3AD65	MOV      BH, [ESP]                                        EAX=22E21872 ECX=0000000B EDX=01C203A9 EBX=0018FF8C ESP=0018FF8C EBP=0018FF94 ESI=00000000 EDI=00000000 EFLAG=00000A86
01B3AD68	LEA      EAX, [EAX*4+0x0]                                 EAX=22E21872 ECX=0000000B EDX=01C203A9 EBX=0018CA8C ESP=0018FF8C EBP=0018FF94 ESI=00000000 EDI=00000000 EFLAG=00000A86
01B3AD23	INC      EBP                                              EAX=8B8861C8 ECX=0000000B EDX=01C203A9 EBX=0018CA8C ESP=0018FF8C EBP=0018FF94 ESI=00000000 EDI=00000000 EFLAG=00000A86
01B3AD24	MOV      AL, 0x56                                         EAX=8B8861C8 ECX=0000000B EDX=01C203A9 EBX=0018CA8C ESP=0018FF8C EBP=0018FF95 ESI=00000000 EDI=00000000 EFLAG=00000206
01B3AD26	NEG      EAX                                              EAX=8B886156 ECX=0000000B EDX=01C203A9 EBX=0018CA8C ESP=0018FF8C EBP=0018FF95 ESI=00000000 EDI=00000000 EFLAG=00000206
01B3AD28	JNS      0x1b3acff                                        EAX=74779EAA ECX=0000000B EDX=01C203A9 EBX=0018CA8C ESP=0018FF8C EBP=0018FF95 ESI=00000000 EDI=00000000 EFLAG=00000217
01B3ACFF	XCHG     BL, AL                                           EAX=74779EAA ECX=0000000B EDX=01C203A9 EBX=0018CA8C ESP=0018FF8C EBP=0018FF95 ESI=00000000 EDI=00000000 EFLAG=00000217
01B3AD01	BSF      EAX, ECX                                         EAX=74779E8C ECX=0000000B EDX=01C203A9 EBX=0018CAAA ESP=0018FF8C EBP=0018FF95 ESI=00000000 EDI=00000000 EFLAG=00000217
01B3AD05	MOV      BH, [ESP]                                        EAX=74770000 ECX=0000000B EDX=01C203A9 EBX=0018CAAA ESP=0018FF8C EBP=0018FF95 ESI=00000000 EDI=00000000 EFLAG=00000206
01B3AD08	MOV      AH, 0xb3                                         EAX=74770000 ECX=0000000B EDX=01C203A9 EBX=0018CAAA ESP=0018FF8C EBP=0018FF95 ESI=00000000 EDI=00000000 EFLAG=00000206
01B3AD0A	INC      AX                                               EAX=7477B300 ECX=0000000B EDX=01C203A9 EBX=0018CAAA ESP=0018FF8C EBP=0018FF95 ESI=00000000 EDI=00000000 EFLAG=00000206
01B3AD0C	MOV      AH, 0xa0                                         EAX=7477B301 ECX=0000000B EDX=01C203A9 EBX=0018CAAA ESP=0018FF8C EBP=0018FF95 ESI=00000000 EDI=00000000 EFLAG=00000282
01B3AD0E	SUB      ESP, 0x4                                         EAX=7477A001 ECX=0000000B EDX=01C203A9 EBX=0018CAAA ESP=0018FF8C EBP=0018FF95 ESI=00000000 EDI=00000000 EFLAG=00000282
01B3AD87	MOV      AX, 0xdd87                                       EAX=7477A001 ECX=0000000B EDX=01C203A9 EBX=0018CAAA ESP=0018FF88 EBP=0018FF95 ESI=00000000 EDI=00000000 EFLAG=00000206
01B3AD8B	POP      AX                                               EAX=7477DD87 ECX=0000000B EDX=01C203A9 EBX=0018CAAA ESP=0018FF88 EBP=0018FF95 ESI=00000000 EDI=00000000 EFLAG=00000206
01B3AD8D	XCHG     BL, AL                                           EAX=7477B3AC ECX=0000000B EDX=01C203A9 EBX=0018CAAA ESP=0018FF8A EBP=0018FF95 ESI=00000000 EDI=00000000 EFLAG=00000206
01B3AD71	ADD      ESP, 0x0                                         EAX=7477B3AA ECX=0000000B EDX=01C203A9 EBX=0018CAAC ESP=0018FF8A EBP=0018FF95 ESI=00000000 EDI=00000000 EFLAG=00000206
01B3AD74	LEA      EAX, [EBP*4+0x0]                                 EAX=7477B3AA ECX=0000000B EDX=01C203A9 EBX=0018CAAC ESP=0018FF8A EBP=0018FF95 ESI=00000000 EDI=00000000 EFLAG=00000202
01B3AD7B	LEA      EAX, [EAX+EDX]                                   EAX=0063FE54 ECX=0000000B EDX=01C203A9 EBX=0018CAAC ESP=0018FF8A EBP=0018FF95 ESI=00000000 EDI=00000000 EFLAG=00000202
01B3B06E	LEA      ESP, [ESP+0x2]                                   EAX=022601FD ECX=0000000B EDX=01C203A9 EBX=0018CAAC ESP=0018FF8A EBP=0018FF95 ESI=00000000 EDI=00000000 EFLAG=00000202
01B3B072	ADD      CL, 0xbd                                         EAX=022601FD ECX=0000000B EDX=01C203A9 EBX=0018CAAC ESP=0018FF8C EBP=0018FF95 ESI=00000000 EDI=00000000 EFLAG=00000202
01B3B075	MOV      BX, [ESP]                                        EAX=022601FD ECX=000000C8 EDX=01C203A9 EBX=0018CAAC ESP=0018FF8C EBP=0018FF95 ESI=00000000 EDI=00000000 EFLAG=00000292
01B3B079	MOV      BL, 0x82                                         EAX=022601FD ECX=000000C8 EDX=01C203A9 EBX=001833CA ESP=0018FF8C EBP=0018FF95 ESI=00000000 EDI=00000000 EFLAG=00000292
01B3B07B	NEG      BL                                               EAX=022601FD ECX=000000C8 EDX=01C203A9 EBX=00183382 ESP=0018FF8C EBP=0018FF95 ESI=00000000 EDI=00000000 EFLAG=00000292
01B3AFEB	LEA      EBX, [ECX+EBP]                                   EAX=022601FD ECX=000000C8 EDX=01C203A9 EBX=0018337E ESP=0018FF8C EBP=0018FF95 ESI=00000000 EDI=00000000 EFLAG=00000217
01B3AFEE	BTS      EBX, EDX                                         EAX=022601FD ECX=000000C8 EDX=01C203A9 EBX=0019005D ESP=0018FF8C EBP=0018FF95 ESI=00000000 EDI=00000000 EFLAG=00000217
01B3AFF1	MOV      EAX, [ESP]                                       EAX=022601FD ECX=000000C8 EDX=01C203A9 EBX=0019025D ESP=0018FF8C EBP=0018FF95 ESI=00000000 EDI=00000000 EFLAG=00000216
01B3AFF4	NEG      EBX                                              EAX=775533CA ECX=000000C8 EDX=01C203A9 EBX=0019025D ESP=0018FF8C EBP=0018FF95 ESI=00000000 EDI=00000000 EFLAG=00000216
01B3AFF6	SETNP    AH                                               EAX=775533CA ECX=000000C8 EDX=01C203A9 EBX=FFE6FDA3 ESP=0018FF8C EBP=0018FF95 ESI=00000000 EDI=00000000 EFLAG=00000297
01B3AFF9	MOV      EBX, 0x69039223                                  EAX=775500CA ECX=000000C8 EDX=01C203A9 EBX=FFE6FDA3 ESP=0018FF8C EBP=0018FF95 ESI=00000000 EDI=00000000 EFLAG=00000297
01B3ADBB	MOV      EAX, 0x1ece4994                                  EAX=775500CA ECX=000000C8 EDX=01C203A9 EBX=69039223 ESP=0018FF8C EBP=0018FF95 ESI=00000000 EDI=00000000 EFLAG=00000297
01B3ADC0	BSWAP    EAX                                              EAX=1ECE4994 ECX=000000C8 EDX=01C203A9 EBX=69039223 ESP=0018FF8C EBP=0018FF95 ESI=00000000 EDI=00000000 EFLAG=00000297
01B3ADC2	NOT      AL                                               EAX=9449CE1E ECX=000000C8 EDX=01C203A9 EBX=69039223 ESP=0018FF8C EBP=0018FF95 ESI=00000000 EDI=00000000 EFLAG=00000297
01B3ADC4	CMC                                                       EAX=9449CEE1 ECX=000000C8 EDX=01C203A9 EBX=69039223 ESP=0018FF8C EBP=0018FF95 ESI=00000000 EDI=00000000 EFLAG=00000297
01B3ADDE	INC      CL                                               EAX=9449CEE1 ECX=000000C8 EDX=01C203A9 EBX=69039223 ESP=0018FF8C EBP=0018FF95 ESI=00000000 EDI=00000000 EFLAG=00000296
01B3ADE0	PUSHA                                                     EAX=9449CEE1 ECX=000000C9 EDX=01C203A9 EBX=69039223 ESP=0018FF8C EBP=0018FF95 ESI=00000000 EDI=00000000 EFLAG=00000286
01B3ADE1	LEA      EAX, [EBX+ESI]                                   EAX=9449CEE1 ECX=000000C9 EDX=01C203A9 EBX=69039223 ESP=0018FF6C EBP=0018FF95 ESI=00000000 EDI=00000000 EFLAG=00000286
01B3ADE4	SBB      BL, 0x8                                          EAX=69039223 ECX=000000C9 EDX=01C203A9 EBX=69039223 ESP=0018FF6C EBP=0018FF95 ESI=00000000 EDI=00000000 EFLAG=00000286
01B3ADE7	JA       0x1b3ae13                                        EAX=69039223 ECX=000000C9 EDX=01C203A9 EBX=6903921B ESP=0018FF6C EBP=0018FF95 ESI=00000000 EDI=00000000 EFLAG=00000216
01B3AE13	ADC      EBX, EAX                                         EAX=69039223 ECX=000000C9 EDX=01C203A9 EBX=6903921B ESP=0018FF6C EBP=0018FF95 ESI=00000000 EDI=00000000 EFLAG=00000216
01B3AE15	PUSH     ESP                                              EAX=69039223 ECX=000000C9 EDX=01C203A9 EBX=D207243E ESP=0018FF6C EBP=0018FF95 ESI=00000000 EDI=00000000 EFLAG=00000A82
01B3AE16	INC      EAX                                              EAX=69039223 ECX=000000C9 EDX=01C203A9 EBX=D207243E ESP=0018FF68 EBP=0018FF95 ESI=00000000 EDI=00000000 EFLAG=00000A82
01B3AE17	XCHG     [ESP+0xd], BL                                    EAX=69039224 ECX=000000C9 EDX=01C203A9 EBX=D207243E ESP=0018FF68 EBP=0018FF95 ESI=00000000 EDI=00000000 EFLAG=00000206
01B3AE1B	PUSH     EDI                                              EAX=69039224 ECX=000000C9 EDX=01C203A9 EBX=D20724FF ESP=0018FF68 EBP=0018FF95 ESI=00000000 EDI=00000000 EFLAG=00000206
01B3AE1C	CALL     0x1b3ae68                                        EAX=69039224 ECX=000000C9 EDX=01C203A9 EBX=D20724FF ESP=0018FF64 EBP=0018FF95 ESI=00000000 EDI=00000000 EFLAG=00000206
01B3AE68	XCHG     [ESP+0xb], BH                                    EAX=69039224 ECX=000000C9 EDX=01C203A9 EBX=D20724FF ESP=0018FF60 EBP=0018FF95 ESI=00000000 EDI=00000000 EFLAG=00000206
01B3AE6C	LEA      EAX, [EBX*4+0x0]                                 EAX=69039224 ECX=000000C9 EDX=01C203A9 EBX=D20700FF ESP=0018FF60 EBP=0018FF95 ESI=00000000 EDI=00000000 EFLAG=00000206
01B3AE73	CLC                                                       EAX=481C03FC ECX=000000C9 EDX=01C203A9 EBX=D20700FF ESP=0018FF60 EBP=0018FF95 ESI=00000000 EDI=00000000 EFLAG=00000206
01B3AE7A	JLE      0x1b3ae41                                        EAX=481C03FC ECX=000000C9 EDX=01C203A9 EBX=D20700FF ESP=0018FF60 EBP=0018FF95 ESI=00000000 EDI=00000000 EFLAG=00000206
01B3AE7C	JG       0x1b3ae41                                        EAX=481C03FC ECX=000000C9 EDX=01C203A9 EBX=D20700FF ESP=0018FF60 EBP=0018FF95 ESI=00000000 EDI=00000000 EFLAG=00000206
01B3AE41	LEA      ESP, [ESP+0x2c]                                  EAX=481C03FC ECX=000000C9 EDX=01C203A9 EBX=D20700FF ESP=0018FF60 EBP=0018FF95 ESI=00000000 EDI=00000000 EFLAG=00000206
01B3AE45	NOT      CL                                               EAX=481C03FC ECX=000000C9 EDX=01C203A9 EBX=D20700FF ESP=0018FF8C EBP=0018FF95 ESI=00000000 EDI=00000000 EFLAG=00000206
01B3AE47	MOV      AX, [ESP]                                        EAX=481C03FC ECX=00000036 EDX=01C203A9 EBX=D20700FF ESP=0018FF8C EBP=0018FF95 ESI=00000000 EDI=00000000 EFLAG=00000206
01B3AE4B	DEC      BH                                               EAX=481C33CA ECX=00000036 EDX=01C203A9 EBX=D20700FF ESP=0018FF8C EBP=0018FF95 ESI=00000000 EDI=00000000 EFLAG=00000206
01B3AECA	JO       0x1b3ae7e                                        EAX=481C33CA ECX=00000036 EDX=01C203A9 EBX=D207FFFF ESP=0018FF8C EBP=0018FF95 ESI=00000000 EDI=00000000 EFLAG=00000296
01B3AECC	PUSH     EDI                                              EAX=481C33CA ECX=00000036 EDX=01C203A9 EBX=D207FFFF ESP=0018FF8C EBP=0018FF95 ESI=00000000 EDI=00000000 EFLAG=00000296
01B3AECD	LEA      EAX, [EDI*4+0x0]                                 EAX=481C33CA ECX=00000036 EDX=01C203A9 EBX=D207FFFF ESP=0018FF88 EBP=0018FF95 ESI=00000000 EDI=00000000 EFLAG=00000296
01B3AE4F	MOV      AX, [ESP+0x3]                                    EAX=00000000 ECX=00000036 EDX=01C203A9 EBX=D207FFFF ESP=0018FF88 EBP=0018FF95 ESI=00000000 EDI=00000000 EFLAG=00000296
01B3AE54	RCR      AL, CL                                           EAX=0000CA00 ECX=00000036 EDX=01C203A9 EBX=D207FFFF ESP=0018FF88 EBP=0018FF95 ESI=00000000 EDI=00000000 EFLAG=00000296
01B3AE56	MOV      [ESP+0x1], AL                                    EAX=0000CA00 ECX=00000036 EDX=01C203A9 EBX=D207FFFF ESP=0018FF88 EBP=0018FF95 ESI=00000000 EDI=00000000 EFLAG=00000296
01B3AEA5	MOV      AX, [ESP+0x3]                                    EAX=0000CA00 ECX=00000036 EDX=01C203A9 EBX=D207FFFF ESP=0018FF88 EBP=0018FF95 ESI=00000000 EDI=00000000 EFLAG=00000296
01B3AEAA	INC      EAX                                              EAX=0000CA00 ECX=00000036 EDX=01C203A9 EBX=D207FFFF ESP=0018FF88 EBP=0018FF95 ESI=00000000 EDI=00000000 EFLAG=00000296
01B3AEB1	MOV      [ESP], EBP                                       EAX=0000CA01 ECX=00000036 EDX=01C203A9 EBX=D207FFFF ESP=0018FF88 EBP=0018FF95 ESI=00000000 EDI=00000000 EFLAG=00000202
01B3AEB4	LEA      ESP, [ESP+0x4]                                   EAX=0000CA01 ECX=00000036 EDX=01C203A9 EBX=D207FFFF ESP=0018FF88 EBP=0018FF95 ESI=00000000 EDI=00000000 EFLAG=00000202
01B3AEB8	NOT      CL                                               EAX=0000CA01 ECX=00000036 EDX=01C203A9 EBX=D207FFFF ESP=0018FF8C EBP=0018FF95 ESI=00000000 EDI=00000000 EFLAG=00000202
01B3AF08	RCL      BX, CL                                           EAX=0000CA01 ECX=000000C9 EDX=01C203A9 EBX=D207FFFF ESP=0018FF8C EBP=0018FF95 ESI=00000000 EDI=00000000 EFLAG=00000202
01B3AF0B	JNS      0x1b3aeef                                        EAX=0000CA01 ECX=000000C9 EDX=01C203A9 EBX=D207FEFF ESP=0018FF8C EBP=0018FF95 ESI=00000000 EDI=00000000 EFLAG=00000203
01B3AEEF	NOT      BX                                               EAX=0000CA01 ECX=000000C9 EDX=01C203A9 EBX=D207FEFF ESP=0018FF8C EBP=0018FF95 ESI=00000000 EDI=00000000 EFLAG=00000203
01B3AEF2	LEA      EAX, [EDI+EBP]                                   EAX=0000CA01 ECX=000000C9 EDX=01C203A9 EBX=D2070100 ESP=0018FF8C EBP=0018FF95 ESI=00000000 EDI=00000000 EFLAG=00000203
01B3AED9	MOV      AX, [ESP]                                        EAX=0018FF95 ECX=000000C9 EDX=01C203A9 EBX=D2070100 ESP=0018FF8C EBP=0018FF95 ESI=00000000 EDI=00000000 EFLAG=00000203
01B3AEDD	LEA      EBX, [EBX+EBP]                                   EAX=001833CA ECX=000000C9 EDX=01C203A9 EBX=D2070100 ESP=0018FF8C EBP=0018FF95 ESI=00000000 EDI=00000000 EFLAG=00000203
01B3AEE0	PUSH     EDI                                              EAX=001833CA ECX=000000C9 EDX=01C203A9 EBX=D2200095 ESP=0018FF8C EBP=0018FF95 ESI=00000000 EDI=00000000 EFLAG=00000203
01B3AF4E	BSF      EAX, ECX                                         EAX=001833CA ECX=000000C9 EDX=01C203A9 EBX=D2200095 ESP=0018FF88 EBP=0018FF95 ESI=00000000 EDI=00000000 EFLAG=00000203
01B3AF52	MOV      [ESP], DI                                        EAX=00180000 ECX=000000C9 EDX=01C203A9 EBX=D2200095 ESP=0018FF88 EBP=0018FF95 ESI=00000000 EDI=00000000 EFLAG=00000206
01B3AF56	LEA      EBX, [EBP*4+0x0]                                 EAX=00180000 ECX=000000C9 EDX=01C203A9 EBX=D2200095 ESP=0018FF88 EBP=0018FF95 ESI=00000000 EDI=00000000 EFLAG=00000206
01B3AF5D	CMP      EAX, 0x3e8d217c                                  EAX=00180000 ECX=000000C9 EDX=01C203A9 EBX=0063FE54 ESP=0018FF88 EBP=0018FF95 ESI=00000000 EDI=00000000 EFLAG=00000206
01B3AF62	JNO      0x1b3af33                                        EAX=00180000 ECX=000000C9 EDX=01C203A9 EBX=0063FE54 ESP=0018FF88 EBP=0018FF95 ESI=00000000 EDI=00000000 EFLAG=00000297
01B3AF33	MOV      BX, 0x12e5                                       EAX=00180000 ECX=000000C9 EDX=01C203A9 EBX=0063FE54 ESP=0018FF88 EBP=0018FF95 ESI=00000000 EDI=00000000 EFLAG=00000297
01B3AF37	MOV      BX, SP                                           EAX=00180000 ECX=000000C9 EDX=01C203A9 EBX=006312E5 ESP=0018FF88 EBP=0018FF95 ESI=00000000 EDI=00000000 EFLAG=00000297
01B3AF7C	LEA      ESP, [ESP+0x4]                                   EAX=00180000 ECX=000000C9 EDX=01C203A9 EBX=0063FF88 ESP=0018FF88 EBP=0018FF95 ESI=00000000 EDI=00000000 EFLAG=00000297
01B3AF80	INC      CL                                               EAX=00180000 ECX=000000C9 EDX=01C203A9 EBX=0063FF88 ESP=0018FF8C EBP=0018FF95 ESI=00000000 EDI=00000000 EFLAG=00000297
01B3AF82	LEA      EBX, [EBP+EBP+0x0]                               EAX=00180000 ECX=000000CA EDX=01C203A9 EBX=0063FF88 ESP=0018FF8C EBP=0018FF95 ESI=00000000 EDI=00000000 EFLAG=00000287
01B3AF86	STC                                                       EAX=00180000 ECX=000000CA EDX=01C203A9 EBX=0031FF2A ESP=0018FF8C EBP=0018FF95 ESI=00000000 EDI=00000000 EFLAG=00000287
01B3B103	INC      ESP                                              EAX=00180000 ECX=000000CA EDX=01C203A9 EBX=0031FF2A ESP=0018FF8C EBP=0018FF95 ESI=00000000 EDI=00000000 EFLAG=00000287
01B3B104	AND      AL, 0x3                                          EAX=00180000 ECX=000000CA EDX=01C203A9 EBX=0031FF2A ESP=0018FF8D EBP=0018FF95 ESI=00000000 EDI=00000000 EFLAG=00000207
01B3B106	MOV      AH, [ESP+0x3]                                    EAX=00180000 ECX=000000CA EDX=01C203A9 EBX=0031FF2A ESP=0018FF8D EBP=0018FF95 ESI=00000000 EDI=00000000 EFLAG=00000246
01B3B13B	PUSH     DWORD [ESP+0x1]                                  EAX=00180000 ECX=000000CA EDX=01C203A9 EBX=0031FF2A ESP=0018FF8D EBP=0018FF95 ESI=00000000 EDI=00000000 EFLAG=00000246
01B3B13F	SHL      EBX, 0x2                                         EAX=00180000 ECX=000000CA EDX=01C203A9 EBX=0031FF2A ESP=0018FF89 EBP=0018FF95 ESI=00000000 EDI=00000000 EFLAG=00000246
01B3B142	MOV      EAX, [ESP]                                       EAX=00180000 ECX=000000CA EDX=01C203A9 EBX=00C7FCA8 ESP=0018FF89 EBP=0018FF95 ESI=00000000 EDI=00000000 EFLAG=00000202
01B3B145	STC                                                       EAX=E0007755 ECX=000000CA EDX=01C203A9 EBX=00C7FCA8 ESP=0018FF89 EBP=0018FF95 ESI=00000000 EDI=00000000 EFLAG=00000202
01B3B146	JB       0x1b3b125                                        EAX=E0007755 ECX=000000CA EDX=01C203A9 EBX=00C7FCA8 ESP=0018FF89 EBP=0018FF95 ESI=00000000 EDI=00000000 EFLAG=00000203
01B3B152	SETS     AH                                               EAX=E0007755 ECX=000000CA EDX=01C203A9 EBX=00C7FCA8 ESP=0018FF89 EBP=0018FF95 ESI=00000000 EDI=00000000 EFLAG=00000203
01B3B155	SUB      ESP, 0xa                                         EAX=E0000055 ECX=000000CA EDX=01C203A9 EBX=00C7FCA8 ESP=0018FF89 EBP=0018FF95 ESI=00000000 EDI=00000000 EFLAG=00000203
01B3B158	LEA      ESP, [ESP+0x2]                                   EAX=E0000055 ECX=000000CA EDX=01C203A9 EBX=00C7FCA8 ESP=0018FF7F EBP=0018FF95 ESI=00000000 EDI=00000000 EFLAG=00000212
01B3A83C	ADD      EBX, 0xaf518971                                  EAX=E0000055 ECX=000000CA EDX=01C203A9 EBX=00C7FCA8 ESP=0018FF81 EBP=0018FF95 ESI=00000000 EDI=00000000 EFLAG=00000212
01B3B251	MOV      EBX, [EBX+0x52623329]                            EAX=E0000055 ECX=000000CA EDX=01C203A9 EBX=B0198619 ESP=0018FF81 EBP=0018FF95 ESI=00000000 EDI=00000000 EFLAG=00000282
01B3B257	LEA      EAX, [EBP*4+0x0]                                 EAX=E0000055 ECX=000000CA EDX=01C203A9 EBX=8B045089 ESP=0018FF81 EBP=0018FF95 ESI=00000000 EDI=00000000 EFLAG=00000282
01B3B25E	MOV      AX, [ESP]                                        EAX=0063FE54 ECX=000000CA EDX=01C203A9 EBX=8B045089 ESP=0018FF81 EBP=0018FF95 ESI=00000000 EDI=00000000 EFLAG=00000282
01B3B262	BSWAP    EAX                                              EAX=0063C203 ECX=000000CA EDX=01C203A9 EBX=8B045089 ESP=0018FF81 EBP=0018FF95 ESI=00000000 EDI=00000000 EFLAG=00000282
01B3B264	SUB      ESP, 0x10                                        EAX=03C26300 ECX=000000CA EDX=01C203A9 EBX=8B045089 ESP=0018FF81 EBP=0018FF95 ESI=00000000 EDI=00000000 EFLAG=00000282
01B3B219	ADD      EBX, 0x7ccb466e                                  EAX=03C26300 ECX=000000CA EDX=01C203A9 EBX=8B045089 ESP=0018FF71 EBP=0018FF95 ESI=00000000 EDI=00000000 EFLAG=00000206
01B3B1A8	SUB      ESP, 0x9                                         EAX=03C26300 ECX=000000CA EDX=01C203A9 EBX=07CF96F7 ESP=0018FF71 EBP=0018FF95 ESI=00000000 EDI=00000000 EFLAG=00000213
01B3B1AB	JB       0x1b3b18b                                        EAX=03C26300 ECX=000000CA EDX=01C203A9 EBX=07CF96F7 ESP=0018FF68 EBP=0018FF95 ESI=00000000 EDI=00000000 EFLAG=00000212
01B3B1AD	LEA      EAX, [EAX+EDX]                                   EAX=03C26300 ECX=000000CA EDX=01C203A9 EBX=07CF96F7 ESP=0018FF68 EBP=0018FF95 ESI=00000000 EDI=00000000 EFLAG=00000212
01B3B1B0	SUB      ESP, 0x18                                        EAX=058466A9 ECX=000000CA EDX=01C203A9 EBX=07CF96F7 ESP=0018FF68 EBP=0018FF95 ESI=00000000 EDI=00000000 EFLAG=00000212
01B3B1B3	XCHG     AL, AH                                           EAX=058466A9 ECX=000000CA EDX=01C203A9 EBX=07CF96F7 ESP=0018FF50 EBP=0018FF95 ESI=00000000 EDI=00000000 EFLAG=00000206
01B3B1B5	LEA      ESP, [ESP+0x1]                                   EAX=0584A966 ECX=000000CA EDX=01C203A9 EBX=07CF96F7 ESP=0018FF50 EBP=0018FF95 ESI=00000000 EDI=00000000 EFLAG=00000206
01B3B190	MOV      ESP, ESI                                         EAX=0584A966 ECX=000000CA EDX=01C203A9 EBX=07CF96F7 ESP=0018FF51 EBP=0018FF95 ESI=00000000 EDI=00000000 EFLAG=00000206
01B3B192	MOV      AX, 0x8074                                       EAX=0584A966 ECX=000000CA EDX=01C203A9 EBX=07CF96F7 ESP=00000000 EBP=0018FF95 ESI=00000000 EDI=00000000 EFLAG=00000206
01B3B196	NEG      EAX                                              EAX=05848074 ECX=000000CA EDX=01C203A9 EBX=07CF96F7 ESP=00000000 EBP=0018FF95 ESI=00000000 EDI=00000000 EFLAG=00000206
01B3B1BB	ROR      AX, 0xc                                          EAX=FA7B7F8C ECX=000000CA EDX=01C203A9 EBX=07CF96F7 ESP=00000000 EBP=0018FF95 ESI=00000000 EDI=00000000 EFLAG=00000293
01B3B1BF	SHL      EAX, 0x1d                                        EAX=FA7BF8C7 ECX=000000CA EDX=01C203A9 EBX=07CF96F7 ESP=00000000 EBP=0018FF95 ESI=00000000 EDI=00000000 EFLAG=00000293
01B3B1DB	PUSH     EBX                                              EAX=E0000000 ECX=000000CA EDX=01C203A9 EBX=07CF96F7 ESP=00000000 EBP=0018FF95 ESI=00000000 EDI=00000000 EFLAG=00000A86
01B3B1DC	RET                                                       EAX=E0000000 ECX=000000CA EDX=01C203A9 EBX=07CF96F7 ESP=FFFFFFFC EBP=0018FF95 ESI=00000000 EDI=00000000 EFLAG=00000A86
