0136F67E	PUSHF                                                     EAX=00581BB0 ECX=00000001 EDX=001ADCD8 EBX=775D41B5 ESP=002DF58C EBP=002DF5DC ESI=00000000 EDI=006B0006 EFLAG=00000287
0136F67F	PUSH     0x20                                             EAX=00581BB0 ECX=00000001 EDX=001ADCD8 EBX=775D41B5 ESP=002DF588 EBP=002DF5DC ESI=00000000 EDI=006B0006 EFLAG=00000287
0136F6A5	PUSH     DWORD 0x2eefd6                                   EAX=00000000 ECX=00000001 EDX=00000000 EBX=775D41B5 ESP=00000000 EBP=002DF5DC ESI=00000000 EDI=006B0006 EFLAG=00000000
0136F6E8	PUSH     EAX                                              EAX=00581BB0 ECX=00000001 EDX=001ADCD8 EBX=775D41B5 ESP=002DF580 EBP=002DF5DC ESI=00000000 EDI=006B0006 EFLAG=00000213
0136F700	PUSH     EBX                                              EAX=00581BB0 ECX=00000001 EDX=001ADCD8 EBX=775D41B5 ESP=002DF57C EBP=002DF5DC ESI=00000000 EDI=006B0006 EFLAG=00000213
0136F71B	MOV      EAX, [ESP+0x10]                                  EAX=00581BB0 ECX=00000001 EDX=001ADCD8 EBX=775D41B5 ESP=002DF578 EBP=002DF5DC ESI=00000000 EDI=006B0006 EFLAG=00000206
0136F73C	MOV      EBX, [ESP+0x8]                                   EAX=00000287 ECX=00000001 EDX=001ADCD8 EBX=775D41B5 ESP=002DF578 EBP=002DF5DC ESI=00000000 EDI=006B0006 EFLAG=00000206
0136F771	MOV      [ESP+0x8], EAX                                   EAX=00000287 ECX=00000001 EDX=001ADCD8 EBX=002EEFD6 ESP=002DF578 EBP=002DF5DC ESI=00000000 EDI=006B0006 EFLAG=00000206
0136F775	MOV      [ESP+0x10], EBX                                  EAX=00000287 ECX=00000001 EDX=001ADCD8 EBX=002EEFD6 ESP=002DF578 EBP=002DF5DC ESI=00000000 EDI=006B0006 EFLAG=00000206
0136F779	POP      EBX                                              EAX=00000287 ECX=00000001 EDX=001ADCD8 EBX=002EEFD6 ESP=002DF578 EBP=002DF5DC ESI=00000000 EDI=006B0006 EFLAG=00000206
0136F798	POP      EAX                                              EAX=00000287 ECX=00000001 EDX=001ADCD8 EBX=775D41B5 ESP=002DF57C EBP=002DF5DC ESI=00000000 EDI=006B0006 EFLAG=00000202
0127B85A	PUSH     EAX                                              EAX=00581BB0 ECX=00000001 EDX=001ADCD8 EBX=775D41B5 ESP=002DF580 EBP=002DF5DC ESI=00000000 EDI=006B0006 EFLAG=00000212
0127B8F0	PUSH     ECX                                              EAX=00581BB0 ECX=00000001 EDX=001ADCD8 EBX=775D41B5 ESP=002DF57C EBP=002DF5DC ESI=00000000 EDI=006B0006 EFLAG=00000212
0127B8F8	PUSH     EDX                                              EAX=00581BB0 ECX=00000001 EDX=001ADCD8 EBX=775D41B5 ESP=002DF578 EBP=002DF5DC ESI=00000000 EDI=006B0006 EFLAG=00000212
0127B9A4	PUSH     EBX                                              EAX=00581BB0 ECX=00000001 EDX=001ADCD8 EBX=775D41B5 ESP=002DF574 EBP=002DF5DC ESI=00000000 EDI=006B0006 EFLAG=00000217
0127B9AC	PUSH     EBX                                              EAX=00581BB0 ECX=00000001 EDX=001ADCD8 EBX=775D41B5 ESP=002DF570 EBP=002DF5DC ESI=00000000 EDI=006B0006 EFLAG=00000217
0127BA3D	PUSH     EBP                                              EAX=00581BB0 ECX=00000001 EDX=001ADCD8 EBX=775D41B5 ESP=002DF56C EBP=002DF5DC ESI=00000000 EDI=006B0006 EFLAG=00000207
0127BA45	PUSH     ESI                                              EAX=00581BB0 ECX=00000001 EDX=001ADCD8 EBX=775D41B5 ESP=002DF568 EBP=002DF5DC ESI=00000000 EDI=006B0006 EFLAG=00000207
0127BA4D	PUSH     EDI                                              EAX=00581BB0 ECX=00000001 EDX=001ADCD8 EBX=775D41B5 ESP=002DF564 EBP=002DF5DC ESI=00000000 EDI=006B0006 EFLAG=00000207
0127BAE4	CALL     0x127bae9                                        EAX=00581BB0 ECX=00000001 EDX=001ADCD8 EBX=775D41B5 ESP=002DF560 EBP=002DF5DC ESI=00000000 EDI=006B0006 EFLAG=00000202
0127BAE9	POP      ECX                                              EAX=00581BB0 ECX=00000001 EDX=001ADCD8 EBX=775D41B5 ESP=002DF55C EBP=002DF5DC ESI=00000000 EDI=006B0006 EFLAG=00000202
0127BBE6	SUB      ECX, 0x1fbae9                                    EAX=00581BB0 ECX=3F0E16F0 EDX=001ADCD8 EBX=775D41B5 ESP=002DF55C EBP=002DF5DC ESI=00000000 EDI=0000030A EFLAG=00000217
0127BCD6	PUSH     DWORD 0x1b91a3                                   EAX=00581BB0 ECX=01080000 EDX=001ADCD8 EBX=775D41B5 ESP=002DF560 EBP=002DF5DC ESI=00000000 EDI=006B0006 EFLAG=00000216
0127BCDB	MOV      EBP, [ESP]                                       EAX=00581BB0 ECX=01080000 EDX=001ADCD8 EBX=775D41B5 ESP=002DF55C EBP=002DF5DC ESI=00000000 EDI=006B0006 EFLAG=00000216
0127BDE6	ADD      EBP, ECX                                         EAX=00581BB0 ECX=01080000 EDX=001ADCD8 EBX=775D41B5 ESP=002DF560 EBP=21B80EEA ESI=00000000 EDI=006B0006 EFLAG=00000A12
0127BE23	PUSH     ECX                                              EAX=00581BB0 ECX=01080000 EDX=001ADCD8 EBX=775D41B5 ESP=002DF560 EBP=012391A3 ESI=00000000 EDI=006B0006 EFLAG=00000216
0127BE5E	MOV      ECX, 0x101                                       EAX=00581BB0 ECX=01080000 EDX=001ADCD8 EBX=00000001 ESP=002DF558 EBP=012391A3 ESI=00000000 EDI=006B0006 EFLAG=00000213
0127BEA6	PUSH     EBP                                              EAX=00581BB0 ECX=00000001 EDX=001ADCD8 EBX=775D41B5 ESP=002DF55C EBP=012391A3 ESI=00000000 EDI=006B0006 EFLAG=00000206
0127BEED	MOV      EBP, 0x2e                                        EAX=00581BB0 ECX=11FB7302 EDX=001ADCD8 EBX=775D41B5 ESP=002DF554 EBP=012391A3 ESI=00000000 EDI=006B0006 EFLAG=00000246
0127BF16	PUSH     ECX                                              EAX=00581BB0 ECX=00000001 EDX=001ADCD8 EBX=775D41B5 ESP=002DF558 EBP=0000002E ESI=00000000 EDI=006B0006 EFLAG=00000207
0127BF1A	MOV      ECX, EBP                                         EAX=00581BB0 ECX=00000001 EDX=001ADCD8 EBX=775D41B5 ESP=002DF554 EBP=0000002E ESI=00000000 EDI=006B0006 EFLAG=00000207
0127BF22	SUB      ECX, 0x45b61504                                  EAX=00581BB0 ECX=00000001 EDX=001ADCD8 EBX=775D41B5 ESP=002DF550 EBP=0000002E ESI=00000000 EDI=006B0006 EFLAG=00000207
0127BF2A	PUSH     DWORD 0x43db                                     EAX=00581BB0 ECX=BA49EB2A EDX=001ADCD8 EBX=775D41B5 ESP=002DF554 EBP=0000002E ESI=00000000 EDI=006B0006 EFLAG=00000283
0136F663	PUSH     ECX                                              EAX=00581BB0 ECX=00000001 EDX=001ADCD8 EBX=775D41B5 ESP=002DF58C EBP=002DF5DC ESI=00000000 EDI=006B0006 EFLAG=00000293
0136F67D	POP      ECX                                              EAX=00581BB0 ECX=00000001 EDX=001ADCD8 EBX=775D41B5 ESP=002DF588 EBP=002DF5DC ESI=00000000 EDI=006B0006 EFLAG=00000293
0136F67E	PUSHF                                                     EAX=00581BB0 ECX=00000001 EDX=001ADCD8 EBX=775D41B5 ESP=002DF58C EBP=002DF5DC ESI=00000000 EDI=006B0006 EFLAG=00000293
0136F67F	PUSH     EDI                                              EAX=00581BB0 ECX=00000001 EDX=001ADCD8 EBX=775D41B5 ESP=002DF588 EBP=002DF5DC ESI=00000000 EDI=006B0006 EFLAG=00000293
0136F680	MOV      EDI, ESP                                         EAX=00581BB0 ECX=00000001 EDX=001ADCD8 EBX=775D41B5 ESP=002DF584 EBP=002DF5DC ESI=00000000 EDI=006B0006 EFLAG=00000293
0136F68E	PUSH     EDI                                              EAX=00581BB0 ECX=00000001 EDX=001ADCD8 EBX=775D41B5 ESP=002DF584 EBP=002DF5DC ESI=00000000 EDI=002DF584 EFLAG=00000206
0136F692	MOV      EDI, [ESP+0x4]                                   EAX=00581BB0 ECX=00000001 EDX=001ADCD8 EBX=775D41B5 ESP=002DF580 EBP=002DF5DC ESI=00000000 EDI=002DF584 EFLAG=00000206
0136F697	POP      DWORD [ESP]                                      EAX=00581BB0 ECX=00000001 EDX=001ADCD8 EBX=775D41B5 ESP=002DF580 EBP=002DF5DC ESI=00000000 EDI=006B0006 EFLAG=00000206
0136F69A	POP      ESP                                              EAX=00581BB0 ECX=00000001 EDX=001ADCD8 EBX=775D41B5 ESP=002DF584 EBP=002DF5DC ESI=00000000 EDI=006B0006 EFLAG=00000206
0136F69E	MOV      DWORD [ESP], 0x20                                EAX=00581BB0 ECX=00000001 EDX=001ADCD8 EBX=775D41B5 ESP=002DF584 EBP=002DF5DC ESI=00000000 EDI=006B0006 EFLAG=00000206
0136F6A5	PUSH     ECX                                              EAX=00581BB0 ECX=00000001 EDX=001ADCD8 EBX=775D41B5 ESP=002DF584 EBP=002DF5DC ESI=00000000 EDI=006B0006 EFLAG=00000206
0136F6A6	MOV      ECX, ESP                                         EAX=00581BB0 ECX=00000001 EDX=001ADCD8 EBX=775D41B5 ESP=002DF580 EBP=002DF5DC ESI=00000000 EDI=006B0006 EFLAG=00000206
0136F6B4	XCHG     [ESP], ECX                                       EAX=00581BB0 ECX=002DF580 EDX=001ADCD8 EBX=775D41B5 ESP=002DF580 EBP=002DF5DC ESI=00000000 EDI=006B0006 EFLAG=00000202
0136F6B7	POP      ESP                                              EAX=00581BB0 ECX=00000001 EDX=001ADCD8 EBX=775D41B5 ESP=002DF580 EBP=002DF5DC ESI=00000000 EDI=006B0006 EFLAG=00000202
0136F6BB	MOV      DWORD [ESP], 0x40e4218f                          EAX=00581BB0 ECX=00000001 EDX=001ADCD8 EBX=775D41B5 ESP=002DF580 EBP=002DF5DC ESI=00000000 EDI=006B0006 EFLAG=00000202
0136F6C9	NEG      DWORD [ESP]                                      EAX=00581BB0 ECX=00000001 EDX=001ADCD8 EBX=775D41B5 ESP=002DF580 EBP=002DF5DC ESI=00000000 EDI=006B0006 EFLAG=00000202
0136F6CC	XOR      DWORD [ESP], 0x7f27207b                          EAX=00581BB0 ECX=00000001 EDX=001ADCD8 EBX=775D41B5 ESP=002DF580 EBP=002DF5DC ESI=00000000 EDI=006B0006 EFLAG=00000297
0136F6D3	AND      DWORD [ESP], 0x62172978                          EAX=00581BB0 ECX=00000001 EDX=001ADCD8 EBX=775D41B5 ESP=002DF580 EBP=002DF5DC ESI=00000000 EDI=006B0006 EFLAG=00000286
0136F6DA	SUB      DWORD [ESP], 0x3fe53832                          EAX=00581BB0 ECX=00000001 EDX=001ADCD8 EBX=775D41B5 ESP=002DF580 EBP=002DF5DC ESI=00000000 EDI=006B0006 EFLAG=00000202
0136F6E8	PUSH     DWORD 0x36c69dcb                                 EAX=00581BB0 ECX=00000001 EDX=001ADCD8 EBX=775D41B5 ESP=002DF580 EBP=002DF5DC ESI=00000000 EDI=006B0006 EFLAG=00000213
0136F6FD	MOV      [ESP], EAX                                       EAX=00581BB0 ECX=00000001 EDX=001ADCD8 EBX=775D41B5 ESP=002DF57C EBP=002DF5DC ESI=00000000 EDI=006B0006 EFLAG=00000213
0136F700	PUSH     EDX                                              EAX=00581BB0 ECX=00000001 EDX=001ADCD8 EBX=775D41B5 ESP=002DF57C EBP=002DF5DC ESI=00000000 EDI=006B0006 EFLAG=00000213
0136F701	MOV      EDX, ESP                                         EAX=00581BB0 ECX=00000001 EDX=001ADCD8 EBX=775D41B5 ESP=002DF578 EBP=002DF5DC ESI=00000000 EDI=006B0006 EFLAG=00000213
0136F70C	XCHG     [ESP], EDX                                       EAX=00581BB0 ECX=00000001 EDX=002DF578 EBX=775D41B5 ESP=002DF578 EBP=002DF5DC ESI=00000000 EDI=006B0006 EFLAG=00000206
0136F70F	MOV      ESP, [ESP]                                       EAX=00581BB0 ECX=00000001 EDX=001ADCD8 EBX=775D41B5 ESP=002DF578 EBP=002DF5DC ESI=00000000 EDI=006B0006 EFLAG=00000206
0136F718	MOV      [ESP], EBX                                       EAX=00581BB0 ECX=00000001 EDX=001ADCD8 EBX=775D41B5 ESP=002DF578 EBP=002DF5DC ESI=00000000 EDI=006B0006 EFLAG=00000206
0136F71B	PUSH     DWORD [ESP+0x10]                                 EAX=00581BB0 ECX=00000001 EDX=001ADCD8 EBX=775D41B5 ESP=002DF578 EBP=002DF5DC ESI=00000000 EDI=006B0006 EFLAG=00000206
0136F71F	MOV      EAX, [ESP]                                       EAX=00581BB0 ECX=00000001 EDX=001ADCD8 EBX=775D41B5 ESP=002DF574 EBP=002DF5DC ESI=00000000 EDI=006B0006 EFLAG=00000206
0136F722	PUSH     EAX                                              EAX=00000293 ECX=00000001 EDX=001ADCD8 EBX=775D41B5 ESP=002DF574 EBP=002DF5DC ESI=00000000 EDI=006B0006 EFLAG=00000206
0136F726	MOV      EAX, ESP                                         EAX=00000293 ECX=00000001 EDX=001ADCD8 EBX=775D41B5 ESP=002DF570 EBP=002DF5DC ESI=00000000 EDI=006B0006 EFLAG=00000206
0136F728	ADD      EAX, 0x8                                         EAX=002DF570 ECX=00000001 EDX=001ADCD8 EBX=775D41B5 ESP=002DF570 EBP=002DF5DC ESI=00000000 EDI=006B0006 EFLAG=00000206
0136F732	XCHG     [ESP], EAX                                       EAX=002DF578 ECX=00000001 EDX=001ADCD8 EBX=775D41B5 ESP=002DF570 EBP=002DF5DC ESI=00000000 EDI=006B0006 EFLAG=00000206
0136F73B	POP      ESP                                              EAX=00000293 ECX=00000001 EDX=001ADCD8 EBX=775D41B5 ESP=002DF570 EBP=002DF5DC ESI=00000000 EDI=006B0006 EFLAG=00000206
0136F73C	PUSH     DWORD [ESP+0x8]                                  EAX=00000293 ECX=00000001 EDX=001ADCD8 EBX=775D41B5 ESP=002DF578 EBP=002DF5DC ESI=00000000 EDI=006B0006 EFLAG=00000206
0136F740	MOV      EBX, [ESP]                                       EAX=00000293 ECX=00000001 EDX=001ADCD8 EBX=775D41B5 ESP=002DF574 EBP=002DF5DC ESI=00000000 EDI=006B0006 EFLAG=00000206
0136F743	PUSH     EAX                                              EAX=00000293 ECX=00000001 EDX=001ADCD8 EBX=002EEFD6 ESP=002DF574 EBP=002DF5DC ESI=00000000 EDI=006B0006 EFLAG=00000206
0136F74C	MOV      EAX, ESP                                         EAX=00000293 ECX=00000001 EDX=001ADCD8 EBX=002EEFD6 ESP=002DF570 EBP=002DF5DC ESI=00000000 EDI=006B0006 EFLAG=00000202
0136F74E	ADD      EAX, 0x4                                         EAX=002DF570 ECX=00000001 EDX=001ADCD8 EBX=002EEFD6 ESP=002DF570 EBP=002DF5DC ESI=00000000 EDI=006B0006 EFLAG=00000202
0136F753	PUSH     EBP                                              EAX=002DF574 ECX=00000001 EDX=001ADCD8 EBX=002EEFD6 ESP=002DF570 EBP=002DF5DC ESI=00000000 EDI=006B0006 EFLAG=00000206
0136F754	MOV      EBP, 0xe115182                                   EAX=002DF574 ECX=00000001 EDX=001ADCD8 EBX=002EEFD6 ESP=002DF56C EBP=002DF5DC ESI=00000000 EDI=006B0006 EFLAG=00000206
0136F75F	SHR      EBP, 0x7                                         EAX=002DF574 ECX=00000001 EDX=001ADCD8 EBX=002EEFD6 ESP=002DF56C EBP=0E115182 ESI=00000000 EDI=006B0006 EFLAG=00000206
0136F762	INC      EBP                                              EAX=002DF574 ECX=00000001 EDX=001ADCD8 EBX=002EEFD6 ESP=002DF56C EBP=001C22A3 ESI=00000000 EDI=006B0006 EFLAG=00000206
0136F763	INC      EBP                                              EAX=002DF574 ECX=00000001 EDX=001ADCD8 EBX=002EEFD6 ESP=002DF56C EBP=001C22A4 ESI=00000000 EDI=006B0006 EFLAG=00000202
0136F764	XOR      EBP, 0x1c22a1                                    EAX=002DF574 ECX=00000001 EDX=001ADCD8 EBX=002EEFD6 ESP=002DF56C EBP=001C22A5 ESI=00000000 EDI=006B0006 EFLAG=00000206
0136F76A	ADD      EAX, EBP                                         EAX=002DF574 ECX=00000001 EDX=001ADCD8 EBX=002EEFD6 ESP=002DF56C EBP=00000004 ESI=00000000 EDI=006B0006 EFLAG=00000202
0136F76C	POP      EBP                                              EAX=002DF578 ECX=00000001 EDX=001ADCD8 EBX=002EEFD6 ESP=002DF56C EBP=00000004 ESI=00000000 EDI=006B0006 EFLAG=00000206
0136F76D	XCHG     [ESP], EAX                                       EAX=002DF578 ECX=00000001 EDX=001ADCD8 EBX=002EEFD6 ESP=002DF570 EBP=002DF5DC ESI=00000000 EDI=006B0006 EFLAG=00000206
0136F770	POP      ESP                                              EAX=00000293 ECX=00000001 EDX=001ADCD8 EBX=002EEFD6 ESP=002DF570 EBP=002DF5DC ESI=00000000 EDI=006B0006 EFLAG=00000206
0136F771	MOV      [ESP+0x8], EAX                                   EAX=00000293 ECX=00000001 EDX=001ADCD8 EBX=002EEFD6 ESP=002DF578 EBP=002DF5DC ESI=00000000 EDI=006B0006 EFLAG=00000206
0136F775	MOV      [ESP+0x10], EBX                                  EAX=00000293 ECX=00000001 EDX=001ADCD8 EBX=002EEFD6 ESP=002DF578 EBP=002DF5DC ESI=00000000 EDI=006B0006 EFLAG=00000206
0136F779	MOV      EBX, [ESP]                                       EAX=00000293 ECX=00000001 EDX=001ADCD8 EBX=002EEFD6 ESP=002DF578 EBP=002DF5DC ESI=00000000 EDI=006B0006 EFLAG=00000206
0136F77C	PUSH     ESI                                              EAX=00000293 ECX=00000001 EDX=001ADCD8 EBX=775D41B5 ESP=002DF578 EBP=002DF5DC ESI=00000000 EDI=006B0006 EFLAG=00000206
0136F77D	PUSH     ESP                                              EAX=00000293 ECX=00000001 EDX=001ADCD8 EBX=775D41B5 ESP=002DF574 EBP=002DF5DC ESI=00000000 EDI=006B0006 EFLAG=00000206
0136F77E	MOV      ESI, [ESP]                                       EAX=00000293 ECX=00000001 EDX=001ADCD8 EBX=775D41B5 ESP=002DF570 EBP=002DF5DC ESI=00000000 EDI=006B0006 EFLAG=00000206
0136F782	ADD      ESP, 0x4                                         EAX=00000293 ECX=00000001 EDX=001ADCD8 EBX=775D41B5 ESP=002DF570 EBP=002DF5DC ESI=002DF574 EDI=006B0006 EFLAG=00000206
0136F788	ADD      ESI, 0x8                                         EAX=00000293 ECX=00000001 EDX=001ADCD8 EBX=775D41B5 ESP=002DF574 EBP=002DF5DC ESI=002DF574 EDI=006B0006 EFLAG=00000206
0136F794	XCHG     [ESP], ESI                                       EAX=00000293 ECX=00000001 EDX=001ADCD8 EBX=775D41B5 ESP=002DF574 EBP=002DF5DC ESI=002DF57C EDI=006B0006 EFLAG=00000202
0136F797	POP      ESP                                              EAX=00000293 ECX=00000001 EDX=001ADCD8 EBX=775D41B5 ESP=002DF574 EBP=002DF5DC ESI=00000000 EDI=006B0006 EFLAG=00000202
0136F798	MOV      EAX, [ESP]                                       EAX=00000293 ECX=00000001 EDX=001ADCD8 EBX=775D41B5 ESP=002DF57C EBP=002DF5DC ESI=00000000 EDI=006B0006 EFLAG=00000202
0136F79C	PUSH     EDI                                              EAX=00581BB0 ECX=00000001 EDX=001ADCD8 EBX=775D41B5 ESP=002DF57C EBP=002DF5DC ESI=00000000 EDI=006B0006 EFLAG=00000202
0136F79D	MOV      EDI, ESP                                         EAX=00581BB0 ECX=00000001 EDX=001ADCD8 EBX=775D41B5 ESP=002DF578 EBP=002DF5DC ESI=00000000 EDI=006B0006 EFLAG=00000202
0136F79F	PUSH     ECX                                              EAX=00581BB0 ECX=00000001 EDX=001ADCD8 EBX=775D41B5 ESP=002DF578 EBP=002DF5DC ESI=00000000 EDI=002DF578 EFLAG=00000202
0136F7A0	MOV      ECX, 0x4                                         EAX=00581BB0 ECX=00000001 EDX=001ADCD8 EBX=775D41B5 ESP=002DF574 EBP=002DF5DC ESI=00000000 EDI=002DF578 EFLAG=00000202
0136F7A5	ADD      EDI, ECX                                         EAX=00581BB0 ECX=00000004 EDX=001ADCD8 EBX=775D41B5 ESP=002DF574 EBP=002DF5DC ESI=00000000 EDI=002DF578 EFLAG=00000202
0136F7A7	POP      ECX                                              EAX=00581BB0 ECX=00000004 EDX=001ADCD8 EBX=775D41B5 ESP=002DF574 EBP=002DF5DC ESI=00000000 EDI=002DF57C EFLAG=00000202
0136F7A8	ADD      EDI, 0x4                                         EAX=00581BB0 ECX=00000001 EDX=001ADCD8 EBX=775D41B5 ESP=002DF578 EBP=002DF5DC ESI=00000000 EDI=002DF57C EFLAG=00000202
0136F7AB	XCHG     [ESP], EDI                                       EAX=00581BB0 ECX=00000001 EDX=001ADCD8 EBX=775D41B5 ESP=002DF578 EBP=002DF5DC ESI=00000000 EDI=002DF580 EFLAG=00000212
0136F7AE	POP      ESP                                              EAX=00581BB0 ECX=00000001 EDX=001ADCD8 EBX=775D41B5 ESP=002DF578 EBP=002DF5DC ESI=00000000 EDI=006B0006 EFLAG=00000212
0127B7DF	PUSHA                                                     EAX=00581BB0 ECX=00000001 EDX=001ADCD8 EBX=775D41B5 ESP=002DF580 EBP=002DF5DC ESI=00000000 EDI=006B0006 EFLAG=00000212
0127B7E0	PUSH     EBX                                              EAX=00581BB0 ECX=00000001 EDX=001ADCD8 EBX=775D41B5 ESP=002DF560 EBP=002DF5DC ESI=00000000 EDI=006B0006 EFLAG=00000212
0127B7E7	POP      EBX                                              EAX=00581BB0 ECX=00000001 EDX=001ADCD8 EBX=775D41B5 ESP=002DF55C EBP=002DF5DC ESI=00000000 EDI=006B0006 EFLAG=00000212
0127B7FD	PUSH     EAX                                              EAX=00581BB0 ECX=00000001 EDX=001ADCD8 EBX=775D41B5 ESP=002DF560 EBP=002DF5DC ESI=00000000 EDI=006B0006 EFLAG=00000212
0127B7FE	PUSH     EDX                                              EAX=00581BB0 ECX=00000001 EDX=001ADCD8 EBX=775D41B5 ESP=002DF55C EBP=002DF5DC ESI=00000000 EDI=006B0006 EFLAG=00000212
0127B801	POP      EDX                                              EAX=00000000 ECX=00000001 EDX=00000000 EBX=775D41B5 ESP=002DF558 EBP=002DF5DC ESI=00000000 EDI=006B0006 EFLAG=00000212
0127B802	POP      EAX                                              EAX=00000000 ECX=00000001 EDX=001ADCD8 EBX=775D41B5 ESP=002DF55C EBP=002DF5DC ESI=00000000 EDI=006B0006 EFLAG=00000212
0127B803	PUSHA                                                     EAX=00581BB0 ECX=00000001 EDX=001ADCD8 EBX=775D41B5 ESP=002DF560 EBP=002DF5DC ESI=00000000 EDI=006B0006 EFLAG=00000212
0127B804	POPA                                                      EAX=00581BB0 ECX=00000001 EDX=001ADCD8 EBX=775D41B5 ESP=002DF540 EBP=002DF5DC ESI=00000000 EDI=006B0006 EFLAG=00000212
0127B805	PUSHA                                                     EAX=00581BB0 ECX=00000001 EDX=001ADCD8 EBX=775D41B5 ESP=002DF560 EBP=002DF5DC ESI=00000000 EDI=006B0006 EFLAG=00000212
0127B806	PUSHA                                                     EAX=00581BB0 ECX=00000001 EDX=001ADCD8 EBX=775D41B5 ESP=002DF540 EBP=002DF5DC ESI=00000000 EDI=006B0006 EFLAG=00000212
0127B807	POPA                                                      EAX=00581BB0 ECX=00000001 EDX=001ADCD8 EBX=775D41B5 ESP=002DF520 EBP=002DF5DC ESI=00000000 EDI=006B0006 EFLAG=00000212
0127B819	POPA                                                      EAX=00581BB0 ECX=00000001 EDX=001ADCD8 EBX=775D41B5 ESP=002DF540 EBP=002DF5DC ESI=00000000 EDI=006B0006 EFLAG=00000212
0127B81A	POPA                                                      EAX=00581BB0 ECX=00000001 EDX=001ADCD8 EBX=775D41B5 ESP=002DF560 EBP=002DF5DC ESI=00000000 EDI=006B0006 EFLAG=00000212
0127B81B	PUSH     EAX                                              EAX=00581BB0 ECX=00000001 EDX=001ADCD8 EBX=775D41B5 ESP=002DF580 EBP=002DF5DC ESI=00000000 EDI=006B0006 EFLAG=00000212
0127B81C	PUSH     EDX                                              EAX=00581BB0 ECX=00000001 EDX=001ADCD8 EBX=775D41B5 ESP=002DF57C EBP=002DF5DC ESI=00000000 EDI=006B0006 EFLAG=00000212
0127B83F	PUSH     EAX                                              EAX=00000000 ECX=00000001 EDX=00000000 EBX=775D41B5 ESP=002DF578 EBP=002DF5DC ESI=00000000 EDI=006B0006 EFLAG=00000212
0127B840	PUSHA                                                     EAX=00000000 ECX=00000001 EDX=00000000 EBX=775D41B5 ESP=002DF574 EBP=002DF5DC ESI=00000000 EDI=006B0006 EFLAG=00000212
0127B841	POPA                                                      EAX=00000000 ECX=00000001 EDX=00000000 EBX=775D41B5 ESP=002DF554 EBP=002DF5DC ESI=00000000 EDI=006B0006 EFLAG=00000212
0127B851	POP      EAX                                              EAX=00000000 ECX=00000001 EDX=00000000 EBX=775D41B5 ESP=002DF574 EBP=002DF5DC ESI=00000000 EDI=006B0006 EFLAG=00000212
0127B852	PUSH     EDI                                              EAX=00000000 ECX=00000001 EDX=00000000 EBX=775D41B5 ESP=002DF578 EBP=002DF5DC ESI=00000000 EDI=006B0006 EFLAG=00000212
0127B853	PUSHA                                                     EAX=00000000 ECX=00000001 EDX=00000000 EBX=775D41B5 ESP=002DF574 EBP=002DF5DC ESI=00000000 EDI=006B0006 EFLAG=00000212
0127B854	POPA                                                      EAX=00000000 ECX=00000001 EDX=00000000 EBX=775D41B5 ESP=002DF554 EBP=002DF5DC ESI=00000000 EDI=006B0006 EFLAG=00000212
0127B857	POP      EDI                                              EAX=00000000 ECX=00000001 EDX=00000000 EBX=775D41B5 ESP=002DF574 EBP=002DF5DC ESI=00000000 EDI=006B0006 EFLAG=00000212
0127B858	POP      EDX                                              EAX=00000000 ECX=00000001 EDX=00000000 EBX=775D41B5 ESP=002DF578 EBP=002DF5DC ESI=00000000 EDI=006B0006 EFLAG=00000212
0127B859	POP      EAX                                              EAX=00000000 ECX=00000001 EDX=001ADCD8 EBX=775D41B5 ESP=002DF57C EBP=002DF5DC ESI=00000000 EDI=006B0006 EFLAG=00000212
0127B85A	PUSH     EBX                                              EAX=00581BB0 ECX=00000001 EDX=001ADCD8 EBX=775D41B5 ESP=002DF580 EBP=002DF5DC ESI=00000000 EDI=006B0006 EFLAG=00000212
0127B862	PUSH     ESP                                              EAX=00581BB0 ECX=00000001 EDX=001ADCD8 EBX=775D41B5 ESP=002DF57C EBP=002DF5DC ESI=00000000 EDI=006B0006 EFLAG=00000212
0127B86D	MOV      EBX, [ESP]                                       EAX=00581BB0 ECX=00000001 EDX=001ADCD8 EBX=775D41B5 ESP=002DF578 EBP=002DF5DC ESI=00000000 EDI=006B0006 EFLAG=00000202
0127B870	PUSH     EBX                                              EAX=00581BB0 ECX=00000001 EDX=001ADCD8 EBX=002DF57C ESP=002DF578 EBP=002DF5DC ESI=00000000 EDI=006B0006 EFLAG=00000202
0127B871	MOV      EBX, ESP                                         EAX=00581BB0 ECX=00000001 EDX=001ADCD8 EBX=002DF57C ESP=002DF574 EBP=002DF5DC ESI=00000000 EDI=006B0006 EFLAG=00000202
0127B873	ADD      EBX, 0x4                                         EAX=00581BB0 ECX=00000001 EDX=001ADCD8 EBX=002DF574 ESP=002DF574 EBP=002DF5DC ESI=00000000 EDI=006B0006 EFLAG=00000202
0127B879	PUSH     EDI                                              EAX=00581BB0 ECX=00000001 EDX=001ADCD8 EBX=002DF578 ESP=002DF574 EBP=002DF5DC ESI=00000000 EDI=006B0006 EFLAG=00000206
0127B87A	MOV      EDI, 0x67a535                                    EAX=00581BB0 ECX=00000001 EDX=001ADCD8 EBX=002DF578 ESP=002DF570 EBP=002DF5DC ESI=00000000 EDI=006B0006 EFLAG=00000206
0127B882	AND      EDI, 0x429d279a                                  EAX=00581BB0 ECX=00000001 EDX=001ADCD8 EBX=002DF578 ESP=002DF570 EBP=002DF5DC ESI=00000000 EDI=0067A535 EFLAG=00000206
0127B888	NOT      EDI                                              EAX=00581BB0 ECX=00000001 EDX=001ADCD8 EBX=002DF578 ESP=002DF570 EBP=002DF5DC ESI=00000000 EDI=00052510 EFLAG=00000202
0127B88A	SUB      EDI, 0xfffadaeb                                  EAX=00581BB0 ECX=00000001 EDX=001ADCD8 EBX=002DF578 ESP=002DF570 EBP=002DF5DC ESI=00000000 EDI=FFFADAEF EFLAG=00000202
0127B890	ADD      EBX, EDI                                         EAX=00581BB0 ECX=00000001 EDX=001ADCD8 EBX=002DF578 ESP=002DF570 EBP=002DF5DC ESI=00000000 EDI=00000004 EFLAG=00000202
0127B892	POP      EDI                                              EAX=00581BB0 ECX=00000001 EDX=001ADCD8 EBX=002DF57C ESP=002DF570 EBP=002DF5DC ESI=00000000 EDI=00000004 EFLAG=00000202
0127B893	PUSH     EBX                                              EAX=00581BB0 ECX=00000001 EDX=001ADCD8 EBX=002DF57C ESP=002DF574 EBP=002DF5DC ESI=00000000 EDI=006B0006 EFLAG=00000202
0127B899	MOV      EBX, [ESP+0x4]                                   EAX=00581BB0 ECX=00000001 EDX=001ADCD8 EBX=002DF57C ESP=002DF570 EBP=002DF5DC ESI=00000000 EDI=006B0006 EFLAG=00000202
0127B89E	POP      DWORD [ESP]                                      EAX=00581BB0 ECX=00000001 EDX=001ADCD8 EBX=002DF57C ESP=002DF570 EBP=002DF5DC ESI=00000000 EDI=006B0006 EFLAG=00000202
0127B8A1	POP      ESP                                              EAX=00581BB0 ECX=00000001 EDX=001ADCD8 EBX=002DF57C ESP=002DF574 EBP=002DF5DC ESI=00000000 EDI=006B0006 EFLAG=00000202
0127B8A2	PUSH     ESI                                              EAX=00581BB0 ECX=00000001 EDX=001ADCD8 EBX=002DF57C ESP=002DF57C EBP=002DF5DC ESI=00000000 EDI=006B0006 EFLAG=00000202
0127B8A3	MOV      ESI, 0x4                                         EAX=00581BB0 ECX=00000001 EDX=001ADCD8 EBX=002DF57C ESP=002DF578 EBP=002DF5DC ESI=00000000 EDI=006B0006 EFLAG=00000202
0127B8A8	ADD      EBX, ESI                                         EAX=00581BB0 ECX=00000001 EDX=001ADCD8 EBX=002DF57C ESP=002DF578 EBP=002DF5DC ESI=00000004 EDI=006B0006 EFLAG=00000202
0127B8AA	POP      ESI                                              EAX=00581BB0 ECX=00000001 EDX=001ADCD8 EBX=002DF580 ESP=002DF578 EBP=002DF5DC ESI=00000004 EDI=006B0006 EFLAG=00000212
0127B8AB	PUSH     EDX                                              EAX=00581BB0 ECX=00000001 EDX=001ADCD8 EBX=002DF580 ESP=002DF57C EBP=002DF5DC ESI=00000000 EDI=006B0006 EFLAG=00000212
0127B8AC	MOV      EDX, 0x4                                         EAX=00581BB0 ECX=00000001 EDX=001ADCD8 EBX=002DF580 ESP=002DF578 EBP=002DF5DC ESI=00000000 EDI=006B0006 EFLAG=00000212
0127B8B7	SUB      EBX, EDX                                         EAX=00581BB0 ECX=00000001 EDX=00000004 EBX=293B6344 ESP=002DF578 EBP=002DF5DC ESI=00000000 EDI=006B0006 EFLAG=00000206
0127B8BF	POP      EDX                                              EAX=00581BB0 ECX=00000001 EDX=00000004 EBX=002DF57C ESP=002DF578 EBP=002DF5DC ESI=00000000 EDI=006B0006 EFLAG=00000212
0127B8C0	XCHG     [ESP], EBX                                       EAX=00581BB0 ECX=00000001 EDX=001ADCD8 EBX=002DF57C ESP=002DF57C EBP=002DF5DC ESI=00000000 EDI=006B0006 EFLAG=00000212
0127B8C3	POP      ESP                                              EAX=00581BB0 ECX=00000001 EDX=001ADCD8 EBX=775D41B5 ESP=002DF57C EBP=002DF5DC ESI=00000000 EDI=006B0006 EFLAG=00000212
0127B8C4	MOV      [ESP], ESI                                       EAX=00581BB0 ECX=00000001 EDX=001ADCD8 EBX=775D41B5 ESP=002DF57C EBP=002DF5DC ESI=00000000 EDI=006B0006 EFLAG=00000212
0127B8C7	PUSH     ESP                                              EAX=00581BB0 ECX=00000001 EDX=001ADCD8 EBX=775D41B5 ESP=002DF57C EBP=002DF5DC ESI=00000000 EDI=006B0006 EFLAG=00000212
0127B8C8	POP      ESI                                              EAX=00581BB0 ECX=00000001 EDX=001ADCD8 EBX=775D41B5 ESP=002DF578 EBP=002DF5DC ESI=00000000 EDI=006B0006 EFLAG=00000212
0127B8D1	ADD      ESI, 0x4                                         EAX=00581BB0 ECX=00000001 EDX=001ADCD8 EBX=775D41B5 ESP=002DF57C EBP=002DF5DC ESI=002DF57C EDI=006B0006 EFLAG=00000202
0127B8D7	PUSH     EDI                                              EAX=00581BB0 ECX=00000001 EDX=001ADCD8 EBX=775D41B5 ESP=002DF57C EBP=002DF5DC ESI=002DF580 EDI=006B0006 EFLAG=00000212
0127B8DF	MOV      EDI, 0x4                                         EAX=00581BB0 ECX=00000001 EDX=001ADCD8 EBX=775D41B5 ESP=002DF578 EBP=002DF5DC ESI=002DF580 EDI=006B0006 EFLAG=00000212
0127B8E4	SUB      ESI, EDI                                         EAX=00581BB0 ECX=00000001 EDX=001ADCD8 EBX=775D41B5 ESP=002DF578 EBP=002DF5DC ESI=002DF580 EDI=00000004 EFLAG=00000212
0127B8E6	POP      EDI                                              EAX=00581BB0 ECX=00000001 EDX=001ADCD8 EBX=775D41B5 ESP=002DF578 EBP=002DF5DC ESI=002DF57C EDI=00000004 EFLAG=00000212
0127B8E7	XCHG     [ESP], ESI                                       EAX=00581BB0 ECX=00000001 EDX=001ADCD8 EBX=775D41B5 ESP=002DF57C EBP=002DF5DC ESI=002DF57C EDI=006B0006 EFLAG=00000212
0127B8EA	MOV      ESP, [ESP]                                       EAX=00581BB0 ECX=00000001 EDX=001ADCD8 EBX=775D41B5 ESP=002DF57C EBP=002DF5DC ESI=00000000 EDI=006B0006 EFLAG=00000212
0127B8ED	MOV      [ESP], EAX                                       EAX=00581BB0 ECX=00000001 EDX=001ADCD8 EBX=775D41B5 ESP=002DF57C EBP=002DF5DC ESI=00000000 EDI=006B0006 EFLAG=00000212
0127B8F0	PUSH     ECX                                              EAX=00581BB0 ECX=00000001 EDX=001ADCD8 EBX=775D41B5 ESP=002DF57C EBP=002DF5DC ESI=00000000 EDI=006B0006 EFLAG=00000212
0127B8F8	PUSH     EAX                                              EAX=00581BB0 ECX=00000001 EDX=001ADCD8 EBX=775D41B5 ESP=002DF578 EBP=002DF5DC ESI=00000000 EDI=006B0006 EFLAG=00000212
0127B900	MOV      EAX, ESP                                         EAX=00581BB0 ECX=00000001 EDX=001ADCD8 EBX=775D41B5 ESP=002DF574 EBP=002DF5DC ESI=00000000 EDI=006B0006 EFLAG=00000212
0127B902	PUSH     ESI                                              EAX=002DF574 ECX=00000001 EDX=001ADCD8 EBX=775D41B5 ESP=002DF574 EBP=002DF5DC ESI=00000000 EDI=006B0006 EFLAG=00000212
0127B90B	MOV      ESI, 0x43b30fc                                   EAX=002DF574 ECX=00000001 EDX=001ADCD8 EBX=775D41B5 ESP=002DF570 EBP=002DF5DC ESI=00000000 EDI=006B0006 EFLAG=00000202
0127B916	SHL      ESI, 0x2                                         EAX=002DF574 ECX=00000001 EDX=001ADCD8 EBX=775D41B5 ESP=002DF570 EBP=002DF5DC ESI=043B30FC EDI=006B0006 EFLAG=00000206
0127B919	NOT      ESI                                              EAX=002DF574 ECX=00000001 EDX=001ADCD8 EBX=775D41B5 ESP=002DF570 EBP=002DF5DC ESI=10ECC3F0 EDI=006B0006 EFLAG=00000206
0127B91B	PUSH     ECX                                              EAX=002DF574 ECX=00000001 EDX=001ADCD8 EBX=775D41B5 ESP=002DF570 EBP=002DF5DC ESI=EF133C0F EDI=006B0006 EFLAG=00000206
0127B921	MOV      ECX, 0x17336ef2                                  EAX=002DF574 ECX=00000001 EDX=001ADCD8 EBX=775D41B5 ESP=002DF56C EBP=002DF5DC ESI=EF133C0F EDI=006B0006 EFLAG=00000216
0127B92C	PUSH     EBP                                              EAX=002DF574 ECX=17336EF2 EDX=001ADCD8 EBX=775D41B5 ESP=002DF56C EBP=002DF5DC ESI=EF133C0F EDI=006B0006 EFLAG=00000202
0127B92D	MOV      EBP, 0xd7c760a                                   EAX=002DF574 ECX=17336EF2 EDX=001ADCD8 EBX=775D41B5 ESP=002DF568 EBP=002DF5DC ESI=EF133C0F EDI=006B0006 EFLAG=00000202
0127B933	PUSH     EBX                                              EAX=002DF574 ECX=17336EF2 EDX=001ADCD8 EBX=775D41B5 ESP=002DF568 EBP=0D7C760A ESI=EF133C0F EDI=006B0006 EFLAG=00000202
0127B939	MOV      EBX, 0x29ba2351                                  EAX=002DF574 ECX=17336EF2 EDX=001ADCD8 EBX=775D41B5 ESP=002DF564 EBP=0D7C760A ESI=EF133C0F EDI=006B0006 EFLAG=00000202
0127B93E	OR       EBP, EBX                                         EAX=002DF574 ECX=17336EF2 EDX=001ADCD8 EBX=29BA2351 ESP=002DF564 EBP=0D7C760A ESI=EF133C0F EDI=006B0006 EFLAG=00000202
0127B940	POP      EBX                                              EAX=002DF574 ECX=17336EF2 EDX=001ADCD8 EBX=29BA2351 ESP=002DF564 EBP=2DFE775B ESI=EF133C0F EDI=006B0006 EFLAG=00000202
0127B941	SHL      EBP, 0x1                                         EAX=002DF574 ECX=17336EF2 EDX=001ADCD8 EBX=775D41B5 ESP=002DF568 EBP=2DFE775B ESI=EF133C0F EDI=006B0006 EFLAG=00000202
0127B943	DEC      EBP                                              EAX=002DF574 ECX=17336EF2 EDX=001ADCD8 EBX=775D41B5 ESP=002DF568 EBP=5BFCEEB6 ESI=EF133C0F EDI=006B0006 EFLAG=00000202
0127B944	ADD      EBP, 0x4315bf9                                   EAX=002DF574 ECX=17336EF2 EDX=001ADCD8 EBX=775D41B5 ESP=002DF568 EBP=5BFCEEB5 ESI=EF133C0F EDI=006B0006 EFLAG=00000202
0127B94A	ADD      ECX, EBP                                         EAX=002DF574 ECX=17336EF2 EDX=001ADCD8 EBX=775D41B5 ESP=002DF568 EBP=602E4AAE ESI=EF133C0F EDI=006B0006 EFLAG=00000202
0127B94C	POP      EBP                                              EAX=002DF574 ECX=7761B9A0 EDX=001ADCD8 EBX=775D41B5 ESP=002DF568 EBP=602E4AAE ESI=EF133C0F EDI=006B0006 EFLAG=00000216
0127B94D	XOR      ECX, 0x49d467be                                  EAX=002DF574 ECX=7761B9A0 EDX=001ADCD8 EBX=775D41B5 ESP=002DF56C EBP=002DF5DC ESI=EF133C0F EDI=006B0006 EFLAG=00000216
0127B953	SHR      ECX, 0x3                                         EAX=002DF574 ECX=3EB5DE1E EDX=001ADCD8 EBX=775D41B5 ESP=002DF56C EBP=002DF5DC ESI=EF133C0F EDI=006B0006 EFLAG=00000206
0127B956	ADD      ECX, 0x9160832                                   EAX=002DF574 ECX=07D6BBC3 EDX=001ADCD8 EBX=775D41B5 ESP=002DF56C EBP=002DF5DC ESI=EF133C0F EDI=006B0006 EFLAG=00000207
0127B95C	ADD      ESI, ECX                                         EAX=002DF574 ECX=10ECC3F5 EDX=001ADCD8 EBX=775D41B5 ESP=002DF56C EBP=002DF5DC ESI=EF133C0F EDI=006B0006 EFLAG=00000206
0127B95E	MOV      ECX, [ESP]                                       EAX=002DF574 ECX=10ECC3F5 EDX=001ADCD8 EBX=775D41B5 ESP=002DF56C EBP=002DF5DC ESI=00000004 EDI=006B0006 EFLAG=00000213
0127B961	PUSH     EBP                                              EAX=002DF574 ECX=00000001 EDX=001ADCD8 EBX=775D41B5 ESP=002DF56C EBP=002DF5DC ESI=00000004 EDI=006B0006 EFLAG=00000213
0127B962	MOV      EBP, ESP                                         EAX=002DF574 ECX=00000001 EDX=001ADCD8 EBX=775D41B5 ESP=002DF568 EBP=002DF5DC ESI=00000004 EDI=006B0006 EFLAG=00000213
0127B964	ADD      EBP, 0x4                                         EAX=002DF574 ECX=00000001 EDX=001ADCD8 EBX=775D41B5 ESP=002DF568 EBP=002DF568 ESI=00000004 EDI=006B0006 EFLAG=00000213
0127B96A	PUSH     EAX                                              EAX=002DF574 ECX=00000001 EDX=001ADCD8 EBX=775D41B5 ESP=002DF568 EBP=002DF56C ESI=00000004 EDI=006B0006 EFLAG=00000206
0127B96B	MOV      EAX, 0x4                                         EAX=002DF574 ECX=00000001 EDX=001ADCD8 EBX=775D41B5 ESP=002DF564 EBP=002DF56C ESI=00000004 EDI=006B0006 EFLAG=00000206
0127B970	ADD      EBP, EAX                                         EAX=00000004 ECX=00000001 EDX=001ADCD8 EBX=775D41B5 ESP=002DF564 EBP=002DF56C ESI=00000004 EDI=006B0006 EFLAG=00000206
0127B972	POP      EAX                                              EAX=00000004 ECX=00000001 EDX=001ADCD8 EBX=775D41B5 ESP=002DF564 EBP=002DF570 ESI=00000004 EDI=006B0006 EFLAG=00000212
0127B973	XCHG     [ESP], EBP                                       EAX=002DF574 ECX=00000001 EDX=001ADCD8 EBX=775D41B5 ESP=002DF568 EBP=002DF570 ESI=00000004 EDI=006B0006 EFLAG=00000212
0127B976	POP      ESP                                              EAX=002DF574 ECX=00000001 EDX=001ADCD8 EBX=775D41B5 ESP=002DF568 EBP=002DF5DC ESI=00000004 EDI=006B0006 EFLAG=00000212
0127B97C	ADD      EAX, ESI                                         EAX=39F1247B ECX=00000001 EDX=001ADCD8 EBX=775D41B5 ESP=002DF570 EBP=002DF5DC ESI=00000004 EDI=006B0006 EFLAG=00000206
0127B983	POP      ESI                                              EAX=002DF578 ECX=00000001 EDX=001ADCD8 EBX=775D41B5 ESP=002DF570 EBP=002DF5DC ESI=00000004 EDI=006B0006 EFLAG=00000206
0127B984	PUSH     EBX                                              EAX=002DF578 ECX=00000001 EDX=001ADCD8 EBX=775D41B5 ESP=002DF574 EBP=002DF5DC ESI=00000000 EDI=006B0006 EFLAG=00000206
0127B985	MOV      EBX, 0x4                                         EAX=002DF578 ECX=00000001 EDX=001ADCD8 EBX=775D41B5 ESP=002DF570 EBP=002DF5DC ESI=00000000 EDI=006B0006 EFLAG=00000206
0127B98F	SUB      EAX, EBX                                         EAX=8492C7AA ECX=00000001 EDX=001ADCD8 EBX=00000004 ESP=002DF570 EBP=002DF5DC ESI=00000000 EDI=006B0006 EFLAG=00000297
0127B996	POP      EBX                                              EAX=002DF574 ECX=00000001 EDX=001ADCD8 EBX=00000004 ESP=002DF570 EBP=002DF5DC ESI=00000000 EDI=006B0006 EFLAG=00000217
0127B997	XCHG     [ESP], EAX                                       EAX=002DF574 ECX=00000001 EDX=001ADCD8 EBX=775D41B5 ESP=002DF574 EBP=002DF5DC ESI=00000000 EDI=006B0006 EFLAG=00000217
0127B99A	POP      ESP                                              EAX=00581BB0 ECX=00000001 EDX=001ADCD8 EBX=775D41B5 ESP=002DF574 EBP=002DF5DC ESI=00000000 EDI=006B0006 EFLAG=00000217
0127B9A1	MOV      [ESP], EDX                                       EAX=00581BB0 ECX=00000001 EDX=001ADCD8 EBX=775D41B5 ESP=002DF574 EBP=002DF5DC ESI=00000000 EDI=006B0006 EFLAG=00000217
0127B9A4	PUSH     EBX                                              EAX=00581BB0 ECX=00000001 EDX=001ADCD8 EBX=775D41B5 ESP=002DF574 EBP=002DF5DC ESI=00000000 EDI=006B0006 EFLAG=00000217
0127B9AC	PUSH     EAX                                              EAX=00581BB0 ECX=00000001 EDX=001ADCD8 EBX=775D41B5 ESP=002DF570 EBP=002DF5DC ESI=00000000 EDI=006B0006 EFLAG=00000217
0127B9B0	MOV      [ESP], ECX                                       EAX=00581BB0 ECX=00000001 EDX=001ADCD8 EBX=775D41B5 ESP=002DF56C EBP=002DF5DC ESI=00000000 EDI=006B0006 EFLAG=00000217
0127B9B3	MOV      ECX, ESP                                         EAX=00581BB0 ECX=00000001 EDX=001ADCD8 EBX=775D41B5 ESP=002DF56C EBP=002DF5DC ESI=00000000 EDI=006B0006 EFLAG=00000217
0127B9B5	ADD      ECX, 0x4                                         EAX=00581BB0 ECX=002DF56C EDX=001ADCD8 EBX=775D41B5 ESP=002DF56C EBP=002DF5DC ESI=00000000 EDI=006B0006 EFLAG=00000217
0127B9BB	PUSH     EBP                                              EAX=00581BB0 ECX=002DF570 EDX=001ADCD8 EBX=775D41B5 ESP=002DF56C EBP=002DF5DC ESI=00000000 EDI=006B0006 EFLAG=00000212
0127B9C3	MOV      EBP, 0x4                                         EAX=00581BB0 ECX=002DF570 EDX=001ADCD8 EBX=775D41B5 ESP=002DF568 EBP=002DF5DC ESI=00000000 EDI=006B0006 EFLAG=00000212
0127B9C8	PUSH     EDI                                              EAX=00581BB0 ECX=002DF570 EDX=001ADCD8 EBX=775D41B5 ESP=002DF568 EBP=00000004 ESI=00000000 EDI=006B0006 EFLAG=00000212
0127B9C9	MOV      EDI, 0x20bb64e9                                  EAX=00581BB0 ECX=002DF570 EDX=001ADCD8 EBX=775D41B5 ESP=002DF564 EBP=00000004 ESI=00000000 EDI=006B0006 EFLAG=00000212
0127B9CE	SUB      ECX, EDI                                         EAX=00581BB0 ECX=002DF570 EDX=001ADCD8 EBX=775D41B5 ESP=002DF564 EBP=00000004 ESI=00000000 EDI=20BB64E9 EFLAG=00000212
0127B9D0	POP      EDI                                              EAX=00581BB0 ECX=DF729087 EDX=001ADCD8 EBX=775D41B5 ESP=002DF564 EBP=00000004 ESI=00000000 EDI=20BB64E9 EFLAG=00000297
0127B9D7	SUB      ECX, EBP                                         EAX=00581BB0 ECX=8F186AA3 EDX=001ADCD8 EBX=775D41B5 ESP=002DF568 EBP=00000004 ESI=00000000 EDI=006B0006 EFLAG=00000286
0127B9DF	PUSH     EBX                                              EAX=00581BB0 ECX=DF729083 EDX=001ADCD8 EBX=775D41B5 ESP=002DF568 EBP=00000004 ESI=00000000 EDI=006B0006 EFLAG=00000292
0127B9E7	MOV      EBX, 0x9f12570                                   EAX=00581BB0 ECX=DF729083 EDX=001ADCD8 EBX=775D41B5 ESP=002DF564 EBP=00000004 ESI=00000000 EDI=006B0006 EFLAG=00000292
0127B9EC	PUSH     ECX                                              EAX=00581BB0 ECX=DF729083 EDX=001ADCD8 EBX=09F12570 ESP=002DF564 EBP=00000004 ESI=00000000 EDI=006B0006 EFLAG=00000292
0127B9ED	MOV      ECX, 0x13440a9c                                  EAX=00581BB0 ECX=DF729083 EDX=001ADCD8 EBX=09F12570 ESP=002DF560 EBP=00000004 ESI=00000000 EDI=006B0006 EFLAG=00000292
0127B9F2	ADD      EBX, ECX                                         EAX=00581BB0 ECX=13440A9C EDX=001ADCD8 EBX=09F12570 ESP=002DF560 EBP=00000004 ESI=00000000 EDI=006B0006 EFLAG=00000292
0127B9F4	POP      ECX                                              EAX=00581BB0 ECX=13440A9C EDX=001ADCD8 EBX=1D35300C ESP=002DF560 EBP=00000004 ESI=00000000 EDI=006B0006 EFLAG=00000206
0127B9F5	INC      EBX                                              EAX=00581BB0 ECX=DF729083 EDX=001ADCD8 EBX=1D35300C ESP=002DF564 EBP=00000004 ESI=00000000 EDI=006B0006 EFLAG=00000206
0127B9F8	NEG      EBX                                              EAX=00581BB0 ECX=DF729083 EDX=001ADCD8 EBX=1D35300D ESP=002DF564 EBP=00000004 ESI=00000000 EDI=006B0006 EFLAG=00000202
0127B9FA	AND      EBX, 0x357e1b25                                  EAX=00581BB0 ECX=DF729083 EDX=001ADCD8 EBX=E2CACFF3 ESP=002DF564 EBP=00000004 ESI=00000000 EDI=006B0006 EFLAG=00000297
0127BA00	PUSH     EDI                                              EAX=00581BB0 ECX=DF729083 EDX=001ADCD8 EBX=204A0B21 ESP=002DF564 EBP=00000004 ESI=00000000 EDI=006B0006 EFLAG=00000206
0127BA01	MOV      EDI, 0x10983668                                  EAX=00581BB0 ECX=DF729083 EDX=001ADCD8 EBX=204A0B21 ESP=002DF560 EBP=00000004 ESI=00000000 EDI=006B0006 EFLAG=00000206
0127BA06	OR       EBX, EDI                                         EAX=00581BB0 ECX=DF729083 EDX=001ADCD8 EBX=204A0B21 ESP=002DF560 EBP=00000004 ESI=00000000 EDI=10983668 EFLAG=00000206
0127BA08	POP      EDI                                              EAX=00581BB0 ECX=DF729083 EDX=001ADCD8 EBX=30DA3F69 ESP=002DF560 EBP=00000004 ESI=00000000 EDI=10983668 EFLAG=00000206
0127BA09	PUSH     EBP                                              EAX=00581BB0 ECX=DF729083 EDX=001ADCD8 EBX=30DA3F69 ESP=002DF564 EBP=00000004 ESI=00000000 EDI=006B0006 EFLAG=00000206
0127BA0A	PUSH     EDX                                              EAX=00581BB0 ECX=DF729083 EDX=001ADCD8 EBX=30DA3F69 ESP=002DF560 EBP=00000004 ESI=00000000 EDI=006B0006 EFLAG=00000206
0127BA0B	MOV      EDX, 0x21303270                                  EAX=00581BB0 ECX=DF729083 EDX=001ADCD8 EBX=30DA3F69 ESP=002DF55C EBP=00000004 ESI=00000000 EDI=006B0006 EFLAG=00000206
0127BA11	AND      EDX, 0x189103dd                                  EAX=00581BB0 ECX=DF729083 EDX=21303270 EBX=30DA3F69 ESP=002DF55C EBP=00000004 ESI=00000000 EDI=006B0006 EFLAG=00000206
0127BA17	SUB      EDX, 0xeff127d0                                  EAX=00581BB0 ECX=DF729083 EDX=00100250 EBX=30DA3F69 ESP=002DF55C EBP=00000004 ESI=00000000 EDI=006B0006 EFLAG=00000206
0127BA1D	MOV      EBP, EDX                                         EAX=00581BB0 ECX=DF729083 EDX=101EDA80 EBX=30DA3F69 ESP=002DF55C EBP=00000004 ESI=00000000 EDI=006B0006 EFLAG=00000203
0127BA1F	POP      EDX                                              EAX=00581BB0 ECX=DF729083 EDX=101EDA80 EBX=30DA3F69 ESP=002DF55C EBP=101EDA80 ESI=00000000 EDI=006B0006 EFLAG=00000203
0127BA20	SUB      EBX, EBP                                         EAX=00581BB0 ECX=DF729083 EDX=001ADCD8 EBX=30DA3F69 ESP=002DF560 EBP=101EDA80 ESI=00000000 EDI=006B0006 EFLAG=00000203
0127BA22	POP      EBP                                              EAX=00581BB0 ECX=DF729083 EDX=001ADCD8 EBX=20BB64E9 ESP=002DF560 EBP=101EDA80 ESI=00000000 EDI=006B0006 EFLAG=00000202
0127BA23	ADD      ECX, EBX                                         EAX=00581BB0 ECX=DF729083 EDX=001ADCD8 EBX=20BB64E9 ESP=002DF564 EBP=00000004 ESI=00000000 EDI=006B0006 EFLAG=00000202
0127BA25	POP      EBX                                              EAX=00581BB0 ECX=002DF56C EDX=001ADCD8 EBX=20BB64E9 ESP=002DF564 EBP=00000004 ESI=00000000 EDI=006B0006 EFLAG=00000207
0127BA26	POP      EBP                                              EAX=00581BB0 ECX=002DF56C EDX=001ADCD8 EBX=775D41B5 ESP=002DF568 EBP=00000004 ESI=00000000 EDI=006B0006 EFLAG=00000207
0127BA27	PUSH     ECX                                              EAX=00581BB0 ECX=002DF56C EDX=001ADCD8 EBX=775D41B5 ESP=002DF56C EBP=002DF5DC ESI=00000000 EDI=006B0006 EFLAG=00000207
0127BA2F	MOV      ECX, [ESP+0x4]                                   EAX=00581BB0 ECX=002DF56C EDX=001ADCD8 EBX=775D41B5 ESP=002DF568 EBP=002DF5DC ESI=00000000 EDI=006B0006 EFLAG=00000207
0127BA34	POP      DWORD [ESP]                                      EAX=00581BB0 ECX=00000001 EDX=001ADCD8 EBX=775D41B5 ESP=002DF568 EBP=002DF5DC ESI=00000000 EDI=006B0006 EFLAG=00000207
0127BA37	MOV      ESP, [ESP]                                       EAX=00581BB0 ECX=00000001 EDX=001ADCD8 EBX=775D41B5 ESP=002DF56C EBP=002DF5DC ESI=00000000 EDI=006B0006 EFLAG=00000207
0127BA3A	MOV      [ESP], EBX                                       EAX=00581BB0 ECX=00000001 EDX=001ADCD8 EBX=775D41B5 ESP=002DF56C EBP=002DF5DC ESI=00000000 EDI=006B0006 EFLAG=00000207
0127BA3D	PUSH     EBP                                              EAX=00581BB0 ECX=00000001 EDX=001ADCD8 EBX=775D41B5 ESP=002DF56C EBP=002DF5DC ESI=00000000 EDI=006B0006 EFLAG=00000207
0127BA45	PUSH     ESI                                              EAX=00581BB0 ECX=00000001 EDX=001ADCD8 EBX=775D41B5 ESP=002DF568 EBP=002DF5DC ESI=00000000 EDI=006B0006 EFLAG=00000207
0127BA4D	PUSH     EBP                                              EAX=00581BB0 ECX=00000001 EDX=001ADCD8 EBX=775D41B5 ESP=002DF564 EBP=002DF5DC ESI=00000000 EDI=006B0006 EFLAG=00000207
0127BA56	MOV      [ESP], EAX                                       EAX=00581BB0 ECX=00000001 EDX=001ADCD8 EBX=775D41B5 ESP=002DF560 EBP=002DF5DC ESI=00000000 EDI=006B0006 EFLAG=00000206
0127BA59	PUSH     EAX                                              EAX=00581BB0 ECX=00000001 EDX=001ADCD8 EBX=775D41B5 ESP=002DF560 EBP=002DF5DC ESI=00000000 EDI=006B0006 EFLAG=00000206
0127BA5A	MOV      EAX, ESP                                         EAX=00581BB0 ECX=00000001 EDX=001ADCD8 EBX=775D41B5 ESP=002DF55C EBP=002DF5DC ESI=00000000 EDI=006B0006 EFLAG=00000206
0127BA66	XCHG     [ESP], EAX                                       EAX=002DF55C ECX=00000001 EDX=001ADCD8 EBX=775D41B5 ESP=002DF55C EBP=002DF5DC ESI=00000000 EDI=006B0006 EFLAG=00000216
0127BA69	MOV      ESP, [ESP]                                       EAX=00581BB0 ECX=00000001 EDX=001ADCD8 EBX=775D41B5 ESP=002DF55C EBP=002DF5DC ESI=00000000 EDI=006B0006 EFLAG=00000216
0127BA6C	MOV      [ESP], ESP                                       EAX=00581BB0 ECX=00000001 EDX=001ADCD8 EBX=775D41B5 ESP=002DF55C EBP=002DF5DC ESI=00000000 EDI=006B0006 EFLAG=00000216
0127BA70	PUSH     EDI                                              EAX=00581BB0 ECX=00000001 EDX=001ADCD8 EBX=775D41B5 ESP=002DF55C EBP=002DF5DC ESI=00000000 EDI=006B0006 EFLAG=00000216
0127BA78	MOV      EDI, 0x4                                         EAX=00581BB0 ECX=00000001 EDX=001ADCD8 EBX=775D41B5 ESP=002DF558 EBP=002DF5DC ESI=00000000 EDI=006B0006 EFLAG=00000216
0127BA7D	ADD      [ESP+0x4], EDI                                   EAX=00581BB0 ECX=00000001 EDX=001ADCD8 EBX=775D41B5 ESP=002DF558 EBP=002DF5DC ESI=00000000 EDI=00000004 EFLAG=00000216
0127BA81	POP      EDI                                              EAX=00581BB0 ECX=00000001 EDX=001ADCD8 EBX=775D41B5 ESP=002DF558 EBP=002DF5DC ESI=00000000 EDI=00000004 EFLAG=00000216
0127BA82	POP      EAX                                              EAX=00581BB0 ECX=00000001 EDX=001ADCD8 EBX=775D41B5 ESP=002DF55C EBP=002DF5DC ESI=00000000 EDI=006B0006 EFLAG=00000216
0127BA83	ADD      EAX, 0x4                                         EAX=002DF560 ECX=00000001 EDX=001ADCD8 EBX=775D41B5 ESP=002DF560 EBP=002DF5DC ESI=00000000 EDI=006B0006 EFLAG=00000216
0127BA88	PUSH     ESI                                              EAX=002DF564 ECX=00000001 EDX=001ADCD8 EBX=775D41B5 ESP=002DF560 EBP=002DF5DC ESI=00000000 EDI=006B0006 EFLAG=00000202
0127BA8C	MOV      ESI, 0x4f1e2b92                                  EAX=002DF564 ECX=00000001 EDX=001ADCD8 EBX=775D41B5 ESP=002DF55C EBP=002DF5DC ESI=00000000 EDI=006B0006 EFLAG=00000202
0127BA92	PUSH     EDX                                              EAX=002DF564 ECX=00000001 EDX=001ADCD8 EBX=775D41B5 ESP=002DF55C EBP=002DF5DC ESI=4F1E2B92 EDI=006B0006 EFLAG=00000202
0127BA9A	MOV      EDX, 0x583918bd                                  EAX=002DF564 ECX=00000001 EDX=001ADCD8 EBX=775D41B5 ESP=002DF558 EBP=002DF5DC ESI=4F1E2B92 EDI=006B0006 EFLAG=00000202
0127BAA5	SUB      ESI, EDX                                         EAX=002DF564 ECX=00000001 EDX=583918BD EBX=775D41B5 ESP=002DF558 EBP=002DF5DC ESI=18830A35 EDI=006B0006 EFLAG=00000216
0127BAAD	POP      EDX                                              EAX=002DF564 ECX=00000001 EDX=583918BD EBX=775D41B5 ESP=002DF558 EBP=002DF5DC ESI=F6E512D5 EDI=006B0006 EFLAG=00000292
0127BAAE	SHL      ESI, 0x1                                         EAX=002DF564 ECX=00000001 EDX=001ADCD8 EBX=775D41B5 ESP=002DF55C EBP=002DF5DC ESI=F6E512D5 EDI=006B0006 EFLAG=00000292
0127BAB0	SUB      ESI, 0xab75de3f                                  EAX=002DF564 ECX=00000001 EDX=001ADCD8 EBX=775D41B5 ESP=002DF55C EBP=002DF5DC ESI=EDCA25AA EDI=006B0006 EFLAG=00000287
0127BAB6	SHL      ESI, 0x1                                         EAX=002DF564 ECX=00000001 EDX=001ADCD8 EBX=775D41B5 ESP=002DF55C EBP=002DF5DC ESI=4254476B EDI=006B0006 EFLAG=00000212
0127BAB8	INC      ESI                                              EAX=002DF564 ECX=00000001 EDX=001ADCD8 EBX=775D41B5 ESP=002DF55C EBP=002DF5DC ESI=84A88ED6 EDI=006B0006 EFLAG=00000A82
0127BAB9	OR       ESI, 0x4eb80f4d                                  EAX=002DF564 ECX=00000001 EDX=001ADCD8 EBX=775D41B5 ESP=002DF55C EBP=002DF5DC ESI=84A88ED7 EDI=006B0006 EFLAG=00000286
0127BABF	NOT      ESI                                              EAX=002DF564 ECX=00000001 EDX=001ADCD8 EBX=775D41B5 ESP=002DF55C EBP=002DF5DC ESI=CEB88FDF EDI=006B0006 EFLAG=00000282
0127BAC1	ADD      ESI, 0x549a7402                                  EAX=002DF564 ECX=00000001 EDX=001ADCD8 EBX=775D41B5 ESP=002DF55C EBP=002DF5DC ESI=31477020 EDI=006B0006 EFLAG=00000282
0127BAC7	XOR      ESI, 0x85e1e426                                  EAX=002DF564 ECX=00000001 EDX=001ADCD8 EBX=775D41B5 ESP=002DF55C EBP=002DF5DC ESI=85E1E422 EDI=006B0006 EFLAG=00000A86
0127BACD	SUB      EAX, ESI                                         EAX=002DF564 ECX=00000001 EDX=001ADCD8 EBX=775D41B5 ESP=002DF55C EBP=002DF5DC ESI=00000004 EDI=006B0006 EFLAG=00000202
0127BACF	POP      ESI                                              EAX=002DF560 ECX=00000001 EDX=001ADCD8 EBX=775D41B5 ESP=002DF55C EBP=002DF5DC ESI=00000004 EDI=006B0006 EFLAG=00000206
0127BAD5	XCHG     [ESP], EAX                                       EAX=002DF560 ECX=00000001 EDX=001ADCD8 EBX=775D41B5 ESP=002DF560 EBP=002DF5DC ESI=00000000 EDI=006B0006 EFLAG=00000216
0127BADE	MOV      ESP, [ESP]                                       EAX=00581BB0 ECX=00000001 EDX=001ADCD8 EBX=775D41B5 ESP=002DF560 EBP=002DF5DC ESI=00000000 EDI=006B0006 EFLAG=00000202
0127BAE1	MOV      [ESP], EDI                                       EAX=00581BB0 ECX=00000001 EDX=001ADCD8 EBX=775D41B5 ESP=002DF560 EBP=002DF5DC ESI=00000000 EDI=006B0006 EFLAG=00000202
0127BAE4	CALL     0x127bae9                                        EAX=00581BB0 ECX=00000001 EDX=001ADCD8 EBX=775D41B5 ESP=002DF560 EBP=002DF5DC ESI=00000000 EDI=006B0006 EFLAG=00000202
0127BAE9	PUSH     DWORD [ESP]                                      EAX=00581BB0 ECX=00000001 EDX=001ADCD8 EBX=775D41B5 ESP=002DF55C EBP=002DF5DC ESI=00000000 EDI=006B0006 EFLAG=00000202
0127BAEC	POP      ECX                                              EAX=00581BB0 ECX=00000001 EDX=001ADCD8 EBX=775D41B5 ESP=002DF558 EBP=002DF5DC ESI=00000000 EDI=006B0006 EFLAG=00000202
0127BAF5	PUSH     EAX                                              EAX=00581BB0 ECX=0127BAE9 EDX=001ADCD8 EBX=775D41B5 ESP=002DF55C EBP=002DF5DC ESI=00000000 EDI=006B0006 EFLAG=00000206
0127BAF6	PUSH     ESP                                              EAX=00581BB0 ECX=0127BAE9 EDX=001ADCD8 EBX=775D41B5 ESP=002DF558 EBP=002DF5DC ESI=00000000 EDI=006B0006 EFLAG=00000206
0127BAF7	POP      EAX                                              EAX=00581BB0 ECX=0127BAE9 EDX=001ADCD8 EBX=775D41B5 ESP=002DF554 EBP=002DF5DC ESI=00000000 EDI=006B0006 EFLAG=00000206
0127BAFD	PUSH     ESI                                              EAX=002DF558 ECX=0127BAE9 EDX=001ADCD8 EBX=775D41B5 ESP=002DF558 EBP=002DF5DC ESI=00000000 EDI=006B0006 EFLAG=00000202
0127BB05	MOV      ESI, 0x7b8625                                    EAX=002DF558 ECX=0127BAE9 EDX=001ADCD8 EBX=775D41B5 ESP=002DF554 EBP=002DF5DC ESI=00000000 EDI=006B0006 EFLAG=00000202
0127BB0D	NOT      ESI                                              EAX=002DF558 ECX=0127BAE9 EDX=001ADCD8 EBX=775D41B5 ESP=002DF554 EBP=002DF5DC ESI=007B8625 EDI=006B0006 EFLAG=00000203
0127BB0F	PUSH     EBX                                              EAX=002DF558 ECX=0127BAE9 EDX=001ADCD8 EBX=775D41B5 ESP=002DF554 EBP=002DF5DC ESI=FF8479DA EDI=006B0006 EFLAG=00000203
0127BB10	MOV      EBX, 0xffffffff                                  EAX=002DF558 ECX=0127BAE9 EDX=001ADCD8 EBX=775D41B5 ESP=002DF550 EBP=002DF5DC ESI=FF8479DA EDI=006B0006 EFLAG=00000203
0127BB15	ADD      ESI, EBX                                         EAX=002DF558 ECX=0127BAE9 EDX=001ADCD8 EBX=FFFFFFFF ESP=002DF550 EBP=002DF5DC ESI=FF8479DA EDI=006B0006 EFLAG=00000203
0127BB17	MOV      EBX, [ESP]                                       EAX=002DF558 ECX=0127BAE9 EDX=001ADCD8 EBX=FFFFFFFF ESP=002DF550 EBP=002DF5DC ESI=FF8479D9 EDI=006B0006 EFLAG=00000293
0127BB1A	PUSH     EBX                                              EAX=002DF558 ECX=0127BAE9 EDX=001ADCD8 EBX=775D41B5 ESP=002DF550 EBP=002DF5DC ESI=FF8479D9 EDI=006B0006 EFLAG=00000293
0127BB1B	MOV      EBX, ESP                                         EAX=002DF558 ECX=0127BAE9 EDX=001ADCD8 EBX=775D41B5 ESP=002DF54C EBP=002DF5DC ESI=FF8479D9 EDI=006B0006 EFLAG=00000293
0127BB1D	PUSH     ESI                                              EAX=002DF558 ECX=0127BAE9 EDX=001ADCD8 EBX=002DF54C ESP=002DF54C EBP=002DF5DC ESI=FF8479D9 EDI=006B0006 EFLAG=00000293
0127BB1E	MOV      ESI, 0x7a4b5961                                  EAX=002DF558 ECX=0127BAE9 EDX=001ADCD8 EBX=002DF54C ESP=002DF548 EBP=002DF5DC ESI=FF8479D9 EDI=006B0006 EFLAG=00000293
0127BB29	NEG      ESI                                              EAX=002DF558 ECX=0127BAE9 EDX=001ADCD8 EBX=002DF54C ESP=002DF548 EBP=002DF5DC ESI=7A4B5961 EDI=006B0006 EFLAG=00000202
0127BB2B	NOT      ESI                                              EAX=002DF558 ECX=0127BAE9 EDX=001ADCD8 EBX=002DF54C ESP=002DF548 EBP=002DF5DC ESI=85B4A69F EDI=006B0006 EFLAG=00000297
0127BB2D	ADD      ESI, 0x7677dfa                                   EAX=002DF558 ECX=0127BAE9 EDX=001ADCD8 EBX=002DF54C ESP=002DF548 EBP=002DF5DC ESI=7A4B5960 EDI=006B0006 EFLAG=00000297
0127BB33	INC      ESI                                              EAX=002DF558 ECX=0127BAE9 EDX=001ADCD8 EBX=002DF54C ESP=002DF548 EBP=002DF5DC ESI=81B2D75A EDI=006B0006 EFLAG=00000A86
0127BB34	XOR      ESI, 0x81b2d75f                                  EAX=002DF558 ECX=0127BAE9 EDX=001ADCD8 EBX=002DF54C ESP=002DF548 EBP=002DF5DC ESI=81B2D75B EDI=006B0006 EFLAG=00000282
0127BB3A	ADD      EBX, ESI                                         EAX=002DF558 ECX=0127BAE9 EDX=001ADCD8 EBX=002DF54C ESP=002DF548 EBP=002DF5DC ESI=00000004 EDI=006B0006 EFLAG=00000202
0127BB3C	POP      ESI                                              EAX=002DF558 ECX=0127BAE9 EDX=001ADCD8 EBX=002DF550 ESP=002DF548 EBP=002DF5DC ESI=00000004 EDI=006B0006 EFLAG=00000216
0127BB3D	PUSH     ECX                                              EAX=002DF558 ECX=0127BAE9 EDX=001ADCD8 EBX=002DF550 ESP=002DF54C EBP=002DF5DC ESI=FF8479D9 EDI=006B0006 EFLAG=00000216
0127BB3E	MOV      ECX, 0x4                                         EAX=002DF558 ECX=0127BAE9 EDX=001ADCD8 EBX=002DF550 ESP=002DF548 EBP=002DF5DC ESI=FF8479D9 EDI=006B0006 EFLAG=00000216
0127BB49	ADD      EBX, ECX                                         EAX=002DF558 ECX=00000004 EDX=001ADCD8 EBX=D799B042 ESP=002DF548 EBP=002DF5DC ESI=FF8479D9 EDI=006B0006 EFLAG=00000297
0127BB51	POP      ECX                                              EAX=002DF558 ECX=00000004 EDX=001ADCD8 EBX=002DF554 ESP=002DF548 EBP=002DF5DC ESI=FF8479D9 EDI=006B0006 EFLAG=00000213
0127BB5A	PUSH     EBX                                              EAX=002DF558 ECX=0127BAE9 EDX=001ADCD8 EBX=002DF554 ESP=002DF54C EBP=002DF5DC ESI=FF8479D9 EDI=006B0006 EFLAG=00000202
0127BB5B	MOV      EBX, [ESP+0x4]                                   EAX=002DF558 ECX=0127BAE9 EDX=001ADCD8 EBX=002DF554 ESP=002DF548 EBP=002DF5DC ESI=FF8479D9 EDI=006B0006 EFLAG=00000202
0127BB60	POP      DWORD [ESP]                                      EAX=002DF558 ECX=0127BAE9 EDX=001ADCD8 EBX=775D41B5 ESP=002DF548 EBP=002DF5DC ESI=FF8479D9 EDI=006B0006 EFLAG=00000202
0127BB63	POP      ESP                                              EAX=002DF558 ECX=0127BAE9 EDX=001ADCD8 EBX=775D41B5 ESP=002DF54C EBP=002DF5DC ESI=FF8479D9 EDI=006B0006 EFLAG=00000202
0127BB64	AND      ESI, 0x39e604b7                                  EAX=002DF558 ECX=0127BAE9 EDX=001ADCD8 EBX=775D41B5 ESP=002DF554 EBP=002DF5DC ESI=FF8479D9 EDI=006B0006 EFLAG=00000202
0127BB6A	ADD      ESI, 0xc67bff73                                  EAX=002DF558 ECX=0127BAE9 EDX=001ADCD8 EBX=775D41B5 ESP=002DF554 EBP=002DF5DC ESI=39840091 EDI=006B0006 EFLAG=00000202
0127BB70	ADD      EAX, ESI                                         EAX=002DF558 ECX=0127BAE9 EDX=001ADCD8 EBX=775D41B5 ESP=002DF554 EBP=002DF5DC ESI=00000004 EDI=006B0006 EFLAG=00000203
0127BB72	POP      ESI                                              EAX=002DF55C ECX=0127BAE9 EDX=001ADCD8 EBX=775D41B5 ESP=002DF554 EBP=002DF5DC ESI=00000004 EDI=006B0006 EFLAG=00000206
0127BB73	PUSH     EBP                                              EAX=002DF55C ECX=0127BAE9 EDX=001ADCD8 EBX=775D41B5 ESP=002DF558 EBP=002DF5DC ESI=00000000 EDI=006B0006 EFLAG=00000206
0127BB74	MOV      EBP, 0x4                                         EAX=002DF55C ECX=0127BAE9 EDX=001ADCD8 EBX=775D41B5 ESP=002DF554 EBP=002DF5DC ESI=00000000 EDI=006B0006 EFLAG=00000206
0127BB79	ADD      EAX, 0x3492afa                                   EAX=002DF55C ECX=0127BAE9 EDX=001ADCD8 EBX=775D41B5 ESP=002DF554 EBP=00000004 ESI=00000000 EDI=006B0006 EFLAG=00000206
0127BB83	ADD      EAX, EBP                                         EAX=03772056 ECX=0127BAE9 EDX=001ADCD8 EBX=775D41B5 ESP=002DF554 EBP=00000004 ESI=00000000 EDI=006B0006 EFLAG=00000217
0127BB85	SUB      EAX, 0x3492afa                                   EAX=0377205A ECX=0127BAE9 EDX=001ADCD8 EBX=775D41B5 ESP=002DF554 EBP=00000004 ESI=00000000 EDI=006B0006 EFLAG=00000206
0127BB8F	POP      EBP                                              EAX=002DF560 ECX=0127BAE9 EDX=001ADCD8 EBX=775D41B5 ESP=002DF554 EBP=00000004 ESI=00000000 EDI=006B0006 EFLAG=00000217
0127BB90	XCHG     [ESP], EAX                                       EAX=002DF560 ECX=0127BAE9 EDX=001ADCD8 EBX=775D41B5 ESP=002DF558 EBP=002DF5DC ESI=00000000 EDI=006B0006 EFLAG=00000217
0127BB93	POP      ESP                                              EAX=00581BB0 ECX=0127BAE9 EDX=001ADCD8 EBX=775D41B5 ESP=002DF558 EBP=002DF5DC ESI=00000000 EDI=006B0006 EFLAG=00000217
0127BB94	PUSH     EDI                                              EAX=00581BB0 ECX=0127BAE9 EDX=001ADCD8 EBX=775D41B5 ESP=002DF560 EBP=002DF5DC ESI=00000000 EDI=006B0006 EFLAG=00000217
0127BB9C	MOV      EDI, 0x48e53255                                  EAX=00581BB0 ECX=0127BAE9 EDX=001ADCD8 EBX=775D41B5 ESP=002DF55C EBP=002DF5DC ESI=00000000 EDI=006B0006 EFLAG=00000217
0127BBA1	PUSH     ESI                                              EAX=00581BB0 ECX=0127BAE9 EDX=001ADCD8 EBX=775D41B5 ESP=002DF55C EBP=002DF5DC ESI=00000000 EDI=48E53255 EFLAG=00000217
0127BBA5	MOV      ESI, 0x0                                         EAX=00581BB0 ECX=0127BAE9 EDX=001ADCD8 EBX=775D41B5 ESP=002DF558 EBP=002DF5DC ESI=00000000 EDI=48E53255 EFLAG=00000217
0127BBAA	SUB      ESI, EDI                                         EAX=00581BB0 ECX=0127BAE9 EDX=001ADCD8 EBX=775D41B5 ESP=002DF558 EBP=002DF5DC ESI=00000000 EDI=48E53255 EFLAG=00000217
0127BBAC	XCHG     EDI, ESI                                         EAX=00581BB0 ECX=0127BAE9 EDX=001ADCD8 EBX=775D41B5 ESP=002DF558 EBP=002DF5DC ESI=B71ACDAB EDI=48E53255 EFLAG=00000293
0127BBAE	POP      ESI                                              EAX=00581BB0 ECX=0127BAE9 EDX=001ADCD8 EBX=775D41B5 ESP=002DF558 EBP=002DF5DC ESI=48E53255 EDI=B71ACDAB EFLAG=00000293
0127BBAF	PUSH     EDX                                              EAX=00581BB0 ECX=0127BAE9 EDX=001ADCD8 EBX=775D41B5 ESP=002DF55C EBP=002DF5DC ESI=00000000 EDI=B71ACDAB EFLAG=00000293
0127BBB3	MOV      EDX, 0xebb3b583                                  EAX=00581BB0 ECX=0127BAE9 EDX=001ADCD8 EBX=775D41B5 ESP=002DF558 EBP=002DF5DC ESI=00000000 EDI=B71ACDAB EFLAG=00000293
0127BBBE	NOT      EDX                                              EAX=00581BB0 ECX=0127BAE9 EDX=EBB3B583 EBX=775D41B5 ESP=002DF558 EBP=002DF5DC ESI=00000000 EDI=B71ACDAB EFLAG=00000A82
0127BBC0	XOR      EDX, 0x58ed603c                                  EAX=00581BB0 ECX=0127BAE9 EDX=144C4A7C EBX=775D41B5 ESP=002DF558 EBP=002DF5DC ESI=00000000 EDI=B71ACDAB EFLAG=00000A82
0127BBC6	SUB      EDI, EDX                                         EAX=00581BB0 ECX=0127BAE9 EDX=4CA12A40 EBX=775D41B5 ESP=002DF558 EBP=002DF5DC ESI=00000000 EDI=B71ACDAB EFLAG=00000202
0127BBC8	POP      EDX                                              EAX=00581BB0 ECX=0127BAE9 EDX=4CA12A40 EBX=775D41B5 ESP=002DF558 EBP=002DF5DC ESI=00000000 EDI=6A79A36B EFLAG=00000A02
0127BBCE	ADD      EDI, 0x95865f9f                                  EAX=00581BB0 ECX=0127BAE9 EDX=001ADCD8 EBX=775D41B5 ESP=002DF55C EBP=002DF5DC ESI=00000000 EDI=6A79A36B EFLAG=00000206
0127BBD4	SUB      ECX, 0x24d606a3                                  EAX=00581BB0 ECX=0127BAE9 EDX=001ADCD8 EBX=775D41B5 ESP=002DF55C EBP=002DF5DC ESI=00000000 EDI=0000030A EFLAG=00000217
0127BBE6	SUB      ECX, EDI                                         EAX=00581BB0 ECX=3F0E16F0 EDX=001ADCD8 EBX=775D41B5 ESP=002DF55C EBP=002DF5DC ESI=00000000 EDI=0000030A EFLAG=00000217
0127BBEE	ADD      ECX, 0x2fff60e5                                  EAX=00581BB0 ECX=DC51B13C EDX=001ADCD8 EBX=775D41B5 ESP=002DF55C EBP=002DF5DC ESI=00000000 EDI=0000030A EFLAG=00000297
0127BBF4	PUSH     EAX                                              EAX=00581BB0 ECX=0C511221 EDX=001ADCD8 EBX=775D41B5 ESP=002DF55C EBP=002DF5DC ESI=00000000 EDI=0000030A EFLAG=00000217
0127BBF5	MOV      EAX, 0x3d58090f                                  EAX=00581BB0 ECX=0C511221 EDX=001ADCD8 EBX=775D41B5 ESP=002DF558 EBP=002DF5DC ESI=00000000 EDI=0000030A EFLAG=00000217
0127BBFA	PUSH     EBP                                              EAX=3D58090F ECX=0C511221 EDX=001ADCD8 EBX=775D41B5 ESP=002DF558 EBP=002DF5DC ESI=00000000 EDI=0000030A EFLAG=00000217
0127BBFB	MOV      EBP, 0xbb18e45d                                  EAX=3D58090F ECX=0C511221 EDX=001ADCD8 EBX=775D41B5 ESP=002DF554 EBP=002DF5DC ESI=00000000 EDI=0000030A EFLAG=00000217
0127BC02	NEG      EBP                                              EAX=3D58090F ECX=0C511221 EDX=001ADCD8 EBX=775D41B5 ESP=002DF554 EBP=BB18E45D ESI=00000000 EDI=0000030A EFLAG=00000217
0127BC04	PUSH     EDI                                              EAX=3D58090F ECX=0C511221 EDX=001ADCD8 EBX=775D41B5 ESP=002DF554 EBP=44E71BA3 ESI=00000000 EDI=0000030A EFLAG=00000217
0127BC05	MOV      EDI, 0xd09fc165                                  EAX=3D58090F ECX=0C511221 EDX=001ADCD8 EBX=775D41B5 ESP=002DF550 EBP=44E71BA3 ESI=00000000 EDI=0000030A EFLAG=00000217
0127BC10	SUB      EDI, 0x33682bbd                                  EAX=3D58090F ECX=0C511221 EDX=001ADCD8 EBX=775D41B5 ESP=002DF550 EBP=44E71BA3 ESI=00000000 EDI=D09FC165 EFLAG=00000A86
0127BC16	XOR      EDI, 0x5dbc3ec8                                  EAX=3D58090F ECX=0C511221 EDX=001ADCD8 EBX=775D41B5 ESP=002DF550 EBP=44E71BA3 ESI=00000000 EDI=9D3795A8 EFLAG=00000292
0127BC1C	XOR      EDI, 0x3cad8814                                  EAX=3D58090F ECX=0C511221 EDX=001ADCD8 EBX=775D41B5 ESP=002DF550 EBP=44E71BA3 ESI=00000000 EDI=C08BAB60 EFLAG=00000286
0127BC22	ADD      EBP, EDI                                         EAX=3D58090F ECX=0C511221 EDX=001ADCD8 EBX=775D41B5 ESP=002DF550 EBP=44E71BA3 ESI=00000000 EDI=FC262374 EFLAG=00000286
0127BC24	POP      EDI                                              EAX=3D58090F ECX=0C511221 EDX=001ADCD8 EBX=775D41B5 ESP=002DF550 EBP=410D3F17 ESI=00000000 EDI=FC262374 EFLAG=00000207
0127BC2A	AND      EAX, EBP                                         EAX=3D58090F ECX=0C511221 EDX=001ADCD8 EBX=775D41B5 ESP=002DF554 EBP=410D3F17 ESI=00000000 EDI=0000030A EFLAG=00000202
0127BC2C	POP      EBP                                              EAX=01080907 ECX=0C511221 EDX=001ADCD8 EBX=775D41B5 ESP=002DF554 EBP=410D3F17 ESI=00000000 EDI=0000030A EFLAG=00000202
0127BC35	PUSH     EBP                                              EAX=01080907 ECX=0C511221 EDX=001ADCD8 EBX=775D41B5 ESP=002DF558 EBP=002DF5DC ESI=00000000 EDI=0000030A EFLAG=00000202
0127BC36	MOV      EBP, 0x1                                         EAX=01080907 ECX=0C511221 EDX=001ADCD8 EBX=775D41B5 ESP=002DF554 EBP=002DF5DC ESI=00000000 EDI=0000030A EFLAG=00000202
0127BC3B	SUB      EAX, EBP                                         EAX=01080907 ECX=0C511221 EDX=001ADCD8 EBX=775D41B5 ESP=002DF554 EBP=00000001 ESI=00000000 EDI=0000030A EFLAG=00000202
0127BC3D	POP      EBP                                              EAX=01080906 ECX=0C511221 EDX=001ADCD8 EBX=775D41B5 ESP=002DF554 EBP=00000001 ESI=00000000 EDI=0000030A EFLAG=00000206
0127BC3E	PUSH     EBX                                              EAX=01080906 ECX=0C511221 EDX=001ADCD8 EBX=775D41B5 ESP=002DF558 EBP=002DF5DC ESI=00000000 EDI=0000030A EFLAG=00000206
0127BC3F	MOV      EBX, 0x76ff7fd6                                  EAX=01080906 ECX=0C511221 EDX=001ADCD8 EBX=775D41B5 ESP=002DF554 EBP=002DF5DC ESI=00000000 EDI=0000030A EFLAG=00000206
0127BC4A	DEC      EBX                                              EAX=01080906 ECX=0C511221 EDX=001ADCD8 EBX=76FF7FD6 ESP=002DF554 EBP=002DF5DC ESI=00000000 EDI=0000030A EFLAG=00000202
0127BC4B	SUB      EBX, 0x4ab97c4d                                  EAX=01080906 ECX=0C511221 EDX=001ADCD8 EBX=76FF7FD5 ESP=002DF554 EBP=002DF5DC ESI=00000000 EDI=0000030A EFLAG=00000202
0127BC51	OR       EAX, EBX                                         EAX=01080906 ECX=0C511221 EDX=001ADCD8 EBX=2C460388 ESP=002DF554 EBP=002DF5DC ESI=00000000 EDI=0000030A EFLAG=00000216
0127BC53	POP      EBX                                              EAX=2D4E0B8E ECX=0C511221 EDX=001ADCD8 EBX=2C460388 ESP=002DF554 EBP=002DF5DC ESI=00000000 EDI=0000030A EFLAG=00000206
0127BC54	NOT      EAX                                              EAX=2D4E0B8E ECX=0C511221 EDX=001ADCD8 EBX=775D41B5 ESP=002DF558 EBP=002DF5DC ESI=00000000 EDI=0000030A EFLAG=00000206
0127BC56	SHR      EAX, 0x5                                         EAX=D2B1F471 ECX=0C511221 EDX=001ADCD8 EBX=775D41B5 ESP=002DF558 EBP=002DF5DC ESI=00000000 EDI=0000030A EFLAG=00000206
0127BC59	SUB      EAX, 0xfb6c3561                                  EAX=06958FA3 ECX=0C511221 EDX=001ADCD8 EBX=775D41B5 ESP=002DF558 EBP=002DF5DC ESI=00000000 EDI=0000030A EFLAG=00000207
0127BC5E	SUB      ECX, EAX                                         EAX=0B295A42 ECX=0C511221 EDX=001ADCD8 EBX=775D41B5 ESP=002DF558 EBP=002DF5DC ESI=00000000 EDI=0000030A EFLAG=00000207
0127BC60	POP      EAX                                              EAX=0B295A42 ECX=0127B7DF EDX=001ADCD8 EBX=775D41B5 ESP=002DF558 EBP=002DF5DC ESI=00000000 EDI=0000030A EFLAG=00000212
0127BC61	POP      EDI                                              EAX=00581BB0 ECX=0127B7DF EDX=001ADCD8 EBX=775D41B5 ESP=002DF55C EBP=002DF5DC ESI=00000000 EDI=0000030A EFLAG=00000212
0127BC62	PUSH     EBX                                              EAX=00581BB0 ECX=0127B7DF EDX=001ADCD8 EBX=775D41B5 ESP=002DF560 EBP=002DF5DC ESI=00000000 EDI=006B0006 EFLAG=00000212
0127BC68	PUSH     EDX                                              EAX=00581BB0 ECX=0127B7DF EDX=001ADCD8 EBX=775D41B5 ESP=002DF55C EBP=002DF5DC ESI=00000000 EDI=006B0006 EFLAG=00000216
0127BC71	PUSH     ECX                                              EAX=00581BB0 ECX=0127B7DF EDX=001ADCD8 EBX=775D41B5 ESP=002DF558 EBP=002DF5DC ESI=00000000 EDI=006B0006 EFLAG=00000202
0127BC72	MOV      ECX, 0x167b0211                                  EAX=00581BB0 ECX=0127B7DF EDX=001ADCD8 EBX=775D41B5 ESP=002DF554 EBP=002DF5DC ESI=00000000 EDI=006B0006 EFLAG=00000202
0127BC78	NOT      ECX                                              EAX=00581BB0 ECX=167B0211 EDX=001ADCD8 EBX=775D41B5 ESP=002DF554 EBP=002DF5DC ESI=00000000 EDI=006B0006 EFLAG=00000202
0127BC7D	XOR      ECX, 0xc7c6b5db                                  EAX=00581BB0 ECX=E984FDEE EDX=001ADCD8 EBX=775D41B5 ESP=002DF554 EBP=002DF5DC ESI=00000000 EDI=006B0006 EFLAG=00000202
0127BC83	MOV      EDX, ECX                                         EAX=00581BB0 ECX=2E424835 EDX=001ADCD8 EBX=775D41B5 ESP=002DF554 EBP=002DF5DC ESI=00000000 EDI=006B0006 EFLAG=00000206
0127BC85	POP      ECX                                              EAX=00581BB0 ECX=2E424835 EDX=2E424835 EBX=775D41B5 ESP=002DF554 EBP=002DF5DC ESI=00000000 EDI=006B0006 EFLAG=00000206
0127BC86	DEC      EDX                                              EAX=00581BB0 ECX=0127B7DF EDX=2E424835 EBX=775D41B5 ESP=002DF558 EBP=002DF5DC ESI=00000000 EDI=006B0006 EFLAG=00000206
0127BC87	PUSH     EBP                                              EAX=00581BB0 ECX=0127B7DF EDX=2E424834 EBX=775D41B5 ESP=002DF558 EBP=002DF5DC ESI=00000000 EDI=006B0006 EFLAG=00000202
0127BC90	MOV      [ESP], EAX                                       EAX=00581BB0 ECX=0127B7DF EDX=2E424834 EBX=775D41B5 ESP=002DF554 EBP=002DF5DC ESI=00000000 EDI=006B0006 EFLAG=00000202
0127BC93	PUSH     EBX                                              EAX=00581BB0 ECX=0127B7DF EDX=2E424834 EBX=775D41B5 ESP=002DF554 EBP=002DF5DC ESI=00000000 EDI=006B0006 EFLAG=00000202
0127BC9B	MOV      EBX, 0x2ee33c26                                  EAX=00581BB0 ECX=0127B7DF EDX=2E424834 EBX=775D41B5 ESP=002DF550 EBP=002DF5DC ESI=00000000 EDI=006B0006 EFLAG=00000202
0127BCA0	MOV      EAX, 0xc0abd1                                    EAX=00581BB0 ECX=0127B7DF EDX=2E424834 EBX=2EE33C26 ESP=002DF550 EBP=002DF5DC ESI=00000000 EDI=006B0006 EFLAG=00000202
0127BCA5	SUB      EAX, EBX                                         EAX=00C0ABD1 ECX=0127B7DF EDX=2E424834 EBX=2EE33C26 ESP=002DF550 EBP=002DF5DC ESI=00000000 EDI=006B0006 EFLAG=00000202
0127BCA7	POP      EBX                                              EAX=D1DD6FAB ECX=0127B7DF EDX=2E424834 EBX=2EE33C26 ESP=002DF550 EBP=002DF5DC ESI=00000000 EDI=006B0006 EFLAG=00000293
0127BCA8	ADD      EDX, EAX                                         EAX=D1DD6FAB ECX=0127B7DF EDX=2E424834 EBX=775D41B5 ESP=002DF554 EBP=002DF5DC ESI=00000000 EDI=006B0006 EFLAG=00000293
0127BCAA	POP      EAX                                              EAX=D1DD6FAB ECX=0127B7DF EDX=001FB7DF EBX=775D41B5 ESP=002DF554 EBP=002DF5DC ESI=00000000 EDI=006B0006 EFLAG=00000203
0127BCB3	PUSH     EBX                                              EAX=00581BB0 ECX=0127B7DF EDX=001FB7DF EBX=775D41B5 ESP=002DF558 EBP=002DF5DC ESI=00000000 EDI=006B0006 EFLAG=00000202
0127BCB9	MOV      [ESP], ESI                                       EAX=00581BB0 ECX=0127B7DF EDX=001FB7DF EBX=775D41B5 ESP=002DF554 EBP=002DF5DC ESI=00000000 EDI=006B0006 EFLAG=00000202
0127BCBC	MOV      ESI, EDX                                         EAX=00581BB0 ECX=0127B7DF EDX=001FB7DF EBX=775D41B5 ESP=002DF554 EBP=002DF5DC ESI=00000000 EDI=006B0006 EFLAG=00000202
0127BCBE	MOV      EBX, ESI                                         EAX=00581BB0 ECX=0127B7DF EDX=001FB7DF EBX=775D41B5 ESP=002DF554 EBP=002DF5DC ESI=001FB7DF EDI=006B0006 EFLAG=00000202
0127BCC0	POP      ESI                                              EAX=00581BB0 ECX=0127B7DF EDX=001FB7DF EBX=001FB7DF ESP=002DF554 EBP=002DF5DC ESI=001FB7DF EDI=006B0006 EFLAG=00000202
0127BCC6	MOV      EDX, [ESP]                                       EAX=00581BB0 ECX=0127B7DF EDX=001FB7DF EBX=001FB7DF ESP=002DF558 EBP=002DF5DC ESI=00000000 EDI=006B0006 EFLAG=00000202
0127BCCA	ADD      ESP, 0x4                                         EAX=00581BB0 ECX=0127B7DF EDX=001ADCD8 EBX=001FB7DF ESP=002DF558 EBP=002DF5DC ESI=00000000 EDI=006B0006 EFLAG=00000202
0127BCCD	SUB      ECX, EBX                                         EAX=00581BB0 ECX=0127B7DF EDX=001ADCD8 EBX=001FB7DF ESP=002DF55C EBP=002DF5DC ESI=00000000 EDI=006B0006 EFLAG=00000206
0127BCCF	MOV      EBX, [ESP]                                       EAX=00581BB0 ECX=01080000 EDX=001ADCD8 EBX=001FB7DF ESP=002DF55C EBP=002DF5DC ESI=00000000 EDI=006B0006 EFLAG=00000206
0127BCD3	ADD      ESP, 0x4                                         EAX=00581BB0 ECX=01080000 EDX=001ADCD8 EBX=775D41B5 ESP=002DF55C EBP=002DF5DC ESI=00000000 EDI=006B0006 EFLAG=00000206
0127BCD6	PUSH     DWORD 0x1b91a3                                   EAX=00581BB0 ECX=01080000 EDX=001ADCD8 EBX=775D41B5 ESP=002DF560 EBP=002DF5DC ESI=00000000 EDI=006B0006 EFLAG=00000216
0127BCDB	PUSH     DWORD [ESP]                                      EAX=00581BB0 ECX=01080000 EDX=001ADCD8 EBX=775D41B5 ESP=002DF55C EBP=002DF5DC ESI=00000000 EDI=006B0006 EFLAG=00000216
0127BCDE	MOV      EBP, [ESP]                                       EAX=00581BB0 ECX=01080000 EDX=001ADCD8 EBX=775D41B5 ESP=002DF558 EBP=002DF5DC ESI=00000000 EDI=006B0006 EFLAG=00000216
0127BCE2	PUSH     EDX                                              EAX=00581BB0 ECX=01080000 EDX=001ADCD8 EBX=775D41B5 ESP=002DF558 EBP=001B91A3 ESI=00000000 EDI=006B0006 EFLAG=00000216
0127BCEA	MOV      EDX, ESP                                         EAX=00581BB0 ECX=01080000 EDX=001ADCD8 EBX=775D41B5 ESP=002DF554 EBP=001B91A3 ESI=00000000 EDI=006B0006 EFLAG=00000216
0127BCEC	PUSH     EBP                                              EAX=00581BB0 ECX=01080000 EDX=002DF554 EBX=775D41B5 ESP=002DF554 EBP=001B91A3 ESI=00000000 EDI=006B0006 EFLAG=00000216
0127BCF2	MOV      EBP, 0x25356461                                  EAX=00581BB0 ECX=01080000 EDX=002DF554 EBX=775D41B5 ESP=002DF550 EBP=001B91A3 ESI=00000000 EDI=006B0006 EFLAG=00000206
0127BCF7	XCHG     EBP, EAX                                         EAX=00581BB0 ECX=01080000 EDX=002DF554 EBX=775D41B5 ESP=002DF550 EBP=25356461 ESI=00000000 EDI=006B0006 EFLAG=00000206
0127BCF8	NOT      EAX                                              EAX=25356461 ECX=01080000 EDX=002DF554 EBX=775D41B5 ESP=002DF550 EBP=00581BB0 ESI=00000000 EDI=006B0006 EFLAG=00000206
0127BCFA	XCHG     EBP, EAX                                         EAX=DACA9B9E ECX=01080000 EDX=002DF554 EBX=775D41B5 ESP=002DF550 EBP=00581BB0 ESI=00000000 EDI=006B0006 EFLAG=00000206
0127BD00	DEC      EBP                                              EAX=00581BB0 ECX=01080000 EDX=002DF554 EBX=775D41B5 ESP=002DF550 EBP=DACA9B9E ESI=00000000 EDI=006B0006 EFLAG=00000282
0127BD01	SHL      EBP, 0x2                                         EAX=00581BB0 ECX=01080000 EDX=002DF554 EBX=775D41B5 ESP=002DF550 EBP=DACA9B9D ESI=00000000 EDI=006B0006 EFLAG=00000282
0127BD04	NEG      EBP                                              EAX=00581BB0 ECX=01080000 EDX=002DF554 EBX=775D41B5 ESP=002DF550 EBP=6B2A6E74 ESI=00000000 EDI=006B0006 EFLAG=00000A07
0127BD06	XOR      EBP, 0x94d59188                                  EAX=00581BB0 ECX=01080000 EDX=002DF554 EBX=775D41B5 ESP=002DF550 EBP=94D5918C ESI=00000000 EDI=006B0006 EFLAG=00000293
0127BD0C	PUSH     EDI                                              EAX=00581BB0 ECX=01080000 EDX=002DF554 EBX=775D41B5 ESP=002DF550 EBP=00000004 ESI=00000000 EDI=006B0006 EFLAG=00000202
0127BD0D	MOV      EDI, 0x11202407                                  EAX=00581BB0 ECX=01080000 EDX=002DF554 EBX=775D41B5 ESP=002DF54C EBP=00000004 ESI=00000000 EDI=006B0006 EFLAG=00000202
0127BD12	ADD      EDX, EDI                                         EAX=00581BB0 ECX=01080000 EDX=002DF554 EBX=775D41B5 ESP=002DF54C EBP=00000004 ESI=00000000 EDI=11202407 EFLAG=00000202
0127BD14	POP      EDI                                              EAX=00581BB0 ECX=01080000 EDX=114E195B EBX=775D41B5 ESP=002DF54C EBP=00000004 ESI=00000000 EDI=11202407 EFLAG=00000202
0127BD15	ADD      EDX, EBP                                         EAX=00581BB0 ECX=01080000 EDX=114E195B EBX=775D41B5 ESP=002DF550 EBP=00000004 ESI=00000000 EDI=006B0006 EFLAG=00000202
0127BD17	PUSH     EBP                                              EAX=00581BB0 ECX=01080000 EDX=114E195F EBX=775D41B5 ESP=002DF550 EBP=00000004 ESI=00000000 EDI=006B0006 EFLAG=00000206
0127BD18	MOV      EBP, 0x6ed05bb4                                  EAX=00581BB0 ECX=01080000 EDX=114E195F EBX=775D41B5 ESP=002DF54C EBP=00000004 ESI=00000000 EDI=006B0006 EFLAG=00000206
0127BD1E	AND      EBP, 0x537a39e1                                  EAX=00581BB0 ECX=01080000 EDX=114E195F EBX=775D41B5 ESP=002DF54C EBP=6ED05BB4 ESI=00000000 EDI=006B0006 EFLAG=00000206
0127BD24	NOT      EBP                                              EAX=00581BB0 ECX=01080000 EDX=114E195F EBX=775D41B5 ESP=002DF54C EBP=425019A0 ESI=00000000 EDI=006B0006 EFLAG=00000206
0127BD26	XOR      EBP, 0xac8fc258                                  EAX=00581BB0 ECX=01080000 EDX=114E195F EBX=775D41B5 ESP=002DF54C EBP=BDAFE65F ESI=00000000 EDI=006B0006 EFLAG=00000206
0127BD2C	SUB      EDX, EBP                                         EAX=00581BB0 ECX=01080000 EDX=114E195F EBX=775D41B5 ESP=002DF54C EBP=11202407 ESI=00000000 EDI=006B0006 EFLAG=00000202
0127BD2E	POP      EBP                                              EAX=00581BB0 ECX=01080000 EDX=002DF558 EBX=775D41B5 ESP=002DF54C EBP=11202407 ESI=00000000 EDI=006B0006 EFLAG=00000202
0127BD2F	PUSH     DWORD [ESP]                                      EAX=00581BB0 ECX=01080000 EDX=002DF558 EBX=775D41B5 ESP=002DF550 EBP=00000004 ESI=00000000 EDI=006B0006 EFLAG=00000202
0127BD32	POP      EBP                                              EAX=00581BB0 ECX=01080000 EDX=002DF558 EBX=775D41B5 ESP=002DF54C EBP=00000004 ESI=00000000 EDI=006B0006 EFLAG=00000202
0127BD38	ADD      ESP, 0x4                                         EAX=00581BB0 ECX=01080000 EDX=002DF558 EBX=775D41B5 ESP=002DF550 EBP=001B91A3 ESI=00000000 EDI=006B0006 EFLAG=00000216
0127BD3E	ADD      EDX, 0x4                                         EAX=00581BB0 ECX=01080000 EDX=002DF558 EBX=775D41B5 ESP=002DF554 EBP=001B91A3 ESI=00000000 EDI=006B0006 EFLAG=00000202
0127BD41	PUSH     EDX                                              EAX=00581BB0 ECX=01080000 EDX=002DF55C EBX=775D41B5 ESP=002DF554 EBP=001B91A3 ESI=00000000 EDI=006B0006 EFLAG=00000206
0127BD42	PUSH     DWORD [ESP+0x4]                                  EAX=00581BB0 ECX=01080000 EDX=002DF55C EBX=775D41B5 ESP=002DF550 EBP=001B91A3 ESI=00000000 EDI=006B0006 EFLAG=00000206
0127BD46	POP      EDX                                              EAX=00581BB0 ECX=01080000 EDX=002DF55C EBX=775D41B5 ESP=002DF54C EBP=001B91A3 ESI=00000000 EDI=006B0006 EFLAG=00000206
0127BD4C	POP      DWORD [ESP]                                      EAX=00581BB0 ECX=01080000 EDX=001ADCD8 EBX=775D41B5 ESP=002DF550 EBP=001B91A3 ESI=00000000 EDI=006B0006 EFLAG=00000216
0127BD4F	POP      ESP                                              EAX=00581BB0 ECX=01080000 EDX=001ADCD8 EBX=775D41B5 ESP=002DF554 EBP=001B91A3 ESI=00000000 EDI=006B0006 EFLAG=00000216
0127BD58	PUSH     EBX                                              EAX=00581BB0 ECX=01080000 EDX=001ADCD8 EBX=775D41B5 ESP=002DF560 EBP=001B91A3 ESI=00000000 EDI=006B0006 EFLAG=00000216
0127BD59	MOV      EBX, 0x4b7a24cb                                  EAX=00581BB0 ECX=01080000 EDX=001ADCD8 EBX=775D41B5 ESP=002DF55C EBP=001B91A3 ESI=00000000 EDI=006B0006 EFLAG=00000216
0127BD64	SUB      EBX, 0x25817f3d                                  EAX=00581BB0 ECX=01080000 EDX=001ADCD8 EBX=4B7A24CB ESP=002DF55C EBP=001B91A3 ESI=00000000 EDI=006B0006 EFLAG=00000202
0127BD6A	PUSH     EBP                                              EAX=00581BB0 ECX=01080000 EDX=001ADCD8 EBX=25F8A58E ESP=002DF55C EBP=001B91A3 ESI=00000000 EDI=006B0006 EFLAG=00000216
0127BD6B	MOV      EBP, 0x134d20b7                                  EAX=00581BB0 ECX=01080000 EDX=001ADCD8 EBX=25F8A58E ESP=002DF558 EBP=001B91A3 ESI=00000000 EDI=006B0006 EFLAG=00000216
0127BD71	OR       EBP, 0x1d8c3eca                                  EAX=00581BB0 ECX=01080000 EDX=001ADCD8 EBX=25F8A58E ESP=002DF558 EBP=134D20B7 ESI=00000000 EDI=006B0006 EFLAG=00000206
0127BD77	SUB      EBP, 0x1                                         EAX=00581BB0 ECX=01080000 EDX=001ADCD8 EBX=25F8A58E ESP=002DF558 EBP=1FCD3EFF ESI=00000000 EDI=006B0006 EFLAG=00000206
0127BD7D	PUSH     EDI                                              EAX=00581BB0 ECX=01080000 EDX=001ADCD8 EBX=25F8A58E ESP=002DF558 EBP=1FCD3EFE ESI=00000000 EDI=006B0006 EFLAG=00000202
0127BD7E	MOV      EDI, 0xd837991                                   EAX=00581BB0 ECX=01080000 EDX=001ADCD8 EBX=25F8A58E ESP=002DF554 EBP=1FCD3EFE ESI=00000000 EDI=006B0006 EFLAG=00000202
0127BD83	AND      EBP, EDI                                         EAX=00581BB0 ECX=01080000 EDX=001ADCD8 EBX=25F8A58E ESP=002DF554 EBP=1FCD3EFE ESI=00000000 EDI=0D837991 EFLAG=00000202
0127BD85	POP      EDI                                              EAX=00581BB0 ECX=01080000 EDX=001ADCD8 EBX=25F8A58E ESP=002DF554 EBP=0D813890 ESI=00000000 EDI=0D837991 EFLAG=00000206
0127BD86	SHL      EBP, 0x4                                         EAX=00581BB0 ECX=01080000 EDX=001ADCD8 EBX=25F8A58E ESP=002DF558 EBP=0D813890 ESI=00000000 EDI=006B0006 EFLAG=00000206
0127BD89	XOR      EBP, 0x91175d72                                  EAX=00581BB0 ECX=01080000 EDX=001ADCD8 EBX=25F8A58E ESP=002DF558 EBP=D8138900 ESI=00000000 EDI=006B0006 EFLAG=00000A86
0127BD95	ADD      EBX, EBP                                         EAX=00581BB0 ECX=01080000 EDX=001ADCD8 EBX=992B06E3 ESP=002DF558 EBP=4904D472 ESI=00000000 EDI=006B0006 EFLAG=00000A92
0127BD9D	MOV      EBP, [ESP]                                       EAX=00581BB0 ECX=01080000 EDX=001ADCD8 EBX=6EFD7A00 ESP=002DF558 EBP=4904D472 ESI=00000000 EDI=006B0006 EFLAG=00000A06
0127BDA0	PUSH     EAX                                              EAX=00581BB0 ECX=01080000 EDX=001ADCD8 EBX=6EFD7A00 ESP=002DF558 EBP=001B91A3 ESI=00000000 EDI=006B0006 EFLAG=00000A06
0127BDA1	MOV      EAX, ESP                                         EAX=00581BB0 ECX=01080000 EDX=001ADCD8 EBX=6EFD7A00 ESP=002DF554 EBP=001B91A3 ESI=00000000 EDI=006B0006 EFLAG=00000A06
0127BDA3	ADD      EAX, 0x8                                         EAX=002DF554 ECX=01080000 EDX=001ADCD8 EBX=6EFD7A00 ESP=002DF554 EBP=001B91A3 ESI=00000000 EDI=006B0006 EFLAG=00000A06
0127BDAB	XCHG     [ESP], EAX                                       EAX=002DF55C ECX=01080000 EDX=001ADCD8 EBX=6EFD7A00 ESP=002DF554 EBP=001B91A3 ESI=00000000 EDI=006B0006 EFLAG=00000206
0127BDAE	POP      ESP                                              EAX=00581BB0 ECX=01080000 EDX=001ADCD8 EBX=6EFD7A00 ESP=002DF554 EBP=001B91A3 ESI=00000000 EDI=006B0006 EFLAG=00000206
0127BDAF	ADD      EBP, EBX                                         EAX=00581BB0 ECX=01080000 EDX=001ADCD8 EBX=6EFD7A00 ESP=002DF55C EBP=001B91A3 ESI=00000000 EDI=006B0006 EFLAG=00000206
0127BDB1	POP      EBX                                              EAX=00581BB0 ECX=01080000 EDX=001ADCD8 EBX=6EFD7A00 ESP=002DF55C EBP=6F190BA3 ESI=00000000 EDI=006B0006 EFLAG=00000206
0127BDB2	PUSH     EAX                                              EAX=00581BB0 ECX=01080000 EDX=001ADCD8 EBX=775D41B5 ESP=002DF560 EBP=6F190BA3 ESI=00000000 EDI=006B0006 EFLAG=00000206
0127BDB3	MOV      EAX, 0x77d678a9                                  EAX=00581BB0 ECX=01080000 EDX=001ADCD8 EBX=775D41B5 ESP=002DF55C EBP=6F190BA3 ESI=00000000 EDI=006B0006 EFLAG=00000206
0127BDBD	ADD      EAX, 0xeec9b1ab                                  EAX=77D678A9 ECX=01080000 EDX=001ADCD8 EBX=775D41B5 ESP=002DF55C EBP=6F190BA3 ESI=00000000 EDI=006B0006 EFLAG=00000206
0127BDC2	SHR      EAX, 0x8                                         EAX=66A02A54 ECX=01080000 EDX=001ADCD8 EBX=775D41B5 ESP=002DF55C EBP=6F190BA3 ESI=00000000 EDI=006B0006 EFLAG=00000213
0127BDC5	PUSH     EBP                                              EAX=0066A02A ECX=01080000 EDX=001ADCD8 EBX=775D41B5 ESP=002DF55C EBP=6F190BA3 ESI=00000000 EDI=006B0006 EFLAG=00000202
0127BDC6	MOV      EBP, 0x42be2abe                                  EAX=0066A02A ECX=01080000 EDX=001ADCD8 EBX=775D41B5 ESP=002DF558 EBP=6F190BA3 ESI=00000000 EDI=006B0006 EFLAG=00000202
0127BDCB	SUB      EAX, EBP                                         EAX=0066A02A ECX=01080000 EDX=001ADCD8 EBX=775D41B5 ESP=002DF558 EBP=42BE2ABE ESI=00000000 EDI=006B0006 EFLAG=00000202
0127BDCD	POP      EBP                                              EAX=BDA8756C ECX=01080000 EDX=001ADCD8 EBX=775D41B5 ESP=002DF558 EBP=42BE2ABE ESI=00000000 EDI=006B0006 EFLAG=00000297
0127BDCE	NOT      EAX                                              EAX=BDA8756C ECX=01080000 EDX=001ADCD8 EBX=775D41B5 ESP=002DF55C EBP=6F190BA3 ESI=00000000 EDI=006B0006 EFLAG=00000297
0127BDD0	ADD      EAX, 0xdc9ccb90                                  EAX=42578A93 ECX=01080000 EDX=001ADCD8 EBX=775D41B5 ESP=002DF55C EBP=6F190BA3 ESI=00000000 EDI=006B0006 EFLAG=00000297
0127BDD5	ADD      EBP, EAX                                         EAX=1EF45623 ECX=01080000 EDX=001ADCD8 EBX=775D41B5 ESP=002DF55C EBP=6F190BA3 ESI=00000000 EDI=006B0006 EFLAG=00000203
0127BDD7	POP      EAX                                              EAX=1EF45623 ECX=01080000 EDX=001ADCD8 EBX=775D41B5 ESP=002DF55C EBP=8E0D61C6 ESI=00000000 EDI=006B0006 EFLAG=00000A86
0127BDE6	ADD      EBP, ECX                                         EAX=00581BB0 ECX=01080000 EDX=001ADCD8 EBX=775D41B5 ESP=002DF560 EBP=21B80EEA ESI=00000000 EDI=006B0006 EFLAG=00000A12
0127BDEE	SUB      EBP, 0x1ef45623                                  EAX=00581BB0 ECX=01080000 EDX=001ADCD8 EBX=775D41B5 ESP=002DF560 EBP=8F1561C6 ESI=00000000 EDI=006B0006 EFLAG=00000A96
0127BDF4	PUSH     ECX                                              EAX=00581BB0 ECX=01080000 EDX=001ADCD8 EBX=775D41B5 ESP=002DF560 EBP=70210BA3 ESI=00000000 EDI=006B0006 EFLAG=00000A06
0127BDFA	PUSH     EAX                                              EAX=00581BB0 ECX=01080000 EDX=001ADCD8 EBX=775D41B5 ESP=002DF55C EBP=70210BA3 ESI=00000000 EDI=006B0006 EFLAG=00000216
0127BDFB	MOV      EAX, 0x2dff5da1                                  EAX=00581BB0 ECX=01080000 EDX=001ADCD8 EBX=775D41B5 ESP=002DF558 EBP=70210BA3 ESI=00000000 EDI=006B0006 EFLAG=00000216
0127BE01	DEC      EAX                                              EAX=2DFF5DA1 ECX=01080000 EDX=001ADCD8 EBX=775D41B5 ESP=002DF558 EBP=70210BA3 ESI=00000000 EDI=006B0006 EFLAG=00000216
0127BE02	XOR      EAX, 0x16dc7341                                  EAX=2DFF5DA0 ECX=01080000 EDX=001ADCD8 EBX=775D41B5 ESP=002DF558 EBP=70210BA3 ESI=00000000 EDI=006B0006 EFLAG=00000206
0127BE07	MOV      ECX, EAX                                         EAX=3B232EE1 ECX=01080000 EDX=001ADCD8 EBX=775D41B5 ESP=002DF558 EBP=70210BA3 ESI=00000000 EDI=006B0006 EFLAG=00000206
0127BE09	POP      EAX                                              EAX=3B232EE1 ECX=3B232EE1 EDX=001ADCD8 EBX=775D41B5 ESP=002DF558 EBP=70210BA3 ESI=00000000 EDI=006B0006 EFLAG=00000206
0127BE0F	SUB      ECX, 0xcc25b4e1                                  EAX=00581BB0 ECX=3B232EE1 EDX=001ADCD8 EBX=775D41B5 ESP=002DF55C EBP=70210BA3 ESI=00000000 EDI=006B0006 EFLAG=00000206
0127BE1B	SUB      EBP, ECX                                         EAX=00581BB0 ECX=6EFD7A00 EDX=001ADCD8 EBX=775D41B5 ESP=002DF55C EBP=70210BA3 ESI=00000000 EDI=006B0006 EFLAG=00000207
0127BE1D	POP      ECX                                              EAX=00581BB0 ECX=6EFD7A00 EDX=001ADCD8 EBX=775D41B5 ESP=002DF55C EBP=012391A3 ESI=00000000 EDI=006B0006 EFLAG=00000206
0127BE23	PUSH     ECX                                              EAX=00581BB0 ECX=01080000 EDX=001ADCD8 EBX=775D41B5 ESP=002DF560 EBP=012391A3 ESI=00000000 EDI=006B0006 EFLAG=00000216
0127BE2B	PUSH     EBX                                              EAX=00581BB0 ECX=01080000 EDX=001ADCD8 EBX=775D41B5 ESP=002DF55C EBP=012391A3 ESI=00000000 EDI=006B0006 EFLAG=00000216
0127BE34	MOV      EBX, 0x698a43bf                                  EAX=00581BB0 ECX=01080000 EDX=001ADCD8 EBX=775D41B5 ESP=002DF558 EBP=012391A3 ESI=00000000 EDI=006B0006 EFLAG=00000202
0127BE39	PUSH     ESI                                              EAX=00581BB0 ECX=01080000 EDX=001ADCD8 EBX=698A43BF ESP=002DF558 EBP=012391A3 ESI=00000000 EDI=006B0006 EFLAG=00000202
0127BE42	MOV      [ESP], EBX                                       EAX=00581BB0 ECX=01080000 EDX=001ADCD8 EBX=698A43BF ESP=002DF554 EBP=012391A3 ESI=00000000 EDI=006B0006 EFLAG=00000202
0127BE45	INC      DWORD [ESP]                                      EAX=00581BB0 ECX=01080000 EDX=001ADCD8 EBX=698A43BF ESP=002DF554 EBP=012391A3 ESI=00000000 EDI=006B0006 EFLAG=00000202
0127BE48	POP      EBX                                              EAX=00581BB0 ECX=01080000 EDX=001ADCD8 EBX=698A43BF ESP=002DF554 EBP=012391A3 ESI=00000000 EDI=006B0006 EFLAG=00000216
0127BE49	ADD      EBX, -0x1                                        EAX=00581BB0 ECX=01080000 EDX=001ADCD8 EBX=698A43C0 ESP=002DF558 EBP=012391A3 ESI=00000000 EDI=006B0006 EFLAG=00000216
0127BE4C	PUSH     ECX                                              EAX=00581BB0 ECX=01080000 EDX=001ADCD8 EBX=698A43BF ESP=002DF558 EBP=012391A3 ESI=00000000 EDI=006B0006 EFLAG=00000203
0127BE4D	PUSH     EDI                                              EAX=00581BB0 ECX=01080000 EDX=001ADCD8 EBX=698A43BF ESP=002DF554 EBP=012391A3 ESI=00000000 EDI=006B0006 EFLAG=00000203
0127BE4E	MOV      EDI, 0x25d90b91                                  EAX=00581BB0 ECX=01080000 EDX=001ADCD8 EBX=698A43BF ESP=002DF550 EBP=012391A3 ESI=00000000 EDI=006B0006 EFLAG=00000203
0127BE53	MOV      ECX, 0xb3acb7d3                                  EAX=00581BB0 ECX=01080000 EDX=001ADCD8 EBX=698A43BF ESP=002DF550 EBP=012391A3 ESI=00000000 EDI=25D90B91 EFLAG=00000203
0127BE58	XOR      ECX, EDI                                         EAX=00581BB0 ECX=B3ACB7D3 EDX=001ADCD8 EBX=698A43BF ESP=002DF550 EBP=012391A3 ESI=00000000 EDI=25D90B91 EFLAG=00000203
0127BE5A	POP      EDI                                              EAX=00581BB0 ECX=9675BC42 EDX=001ADCD8 EBX=698A43BF ESP=002DF550 EBP=012391A3 ESI=00000000 EDI=25D90B91 EFLAG=00000286
0127BE5B	ADD      EBX, ECX                                         EAX=00581BB0 ECX=9675BC42 EDX=001ADCD8 EBX=698A43BF ESP=002DF554 EBP=012391A3 ESI=00000000 EDI=006B0006 EFLAG=00000286
0127BE5D	POP      ECX                                              EAX=00581BB0 ECX=9675BC42 EDX=001ADCD8 EBX=00000001 ESP=002DF554 EBP=012391A3 ESI=00000000 EDI=006B0006 EFLAG=00000213
0127BE5E	PUSH     ESI                                              EAX=00581BB0 ECX=01080000 EDX=001ADCD8 EBX=00000001 ESP=002DF558 EBP=012391A3 ESI=00000000 EDI=006B0006 EFLAG=00000213
0127BE5F	MOV      ESI, EBX                                         EAX=00581BB0 ECX=01080000 EDX=001ADCD8 EBX=00000001 ESP=002DF554 EBP=012391A3 ESI=00000000 EDI=006B0006 EFLAG=00000213
0127BE61	MOV      ECX, ESI                                         EAX=00581BB0 ECX=01080000 EDX=001ADCD8 EBX=00000001 ESP=002DF554 EBP=012391A3 ESI=00000001 EDI=006B0006 EFLAG=00000213
0127BE63	POP      ESI                                              EAX=00581BB0 ECX=00000001 EDX=001ADCD8 EBX=00000001 ESP=002DF554 EBP=012391A3 ESI=00000001 EDI=006B0006 EFLAG=00000213
0127BE69	MOV      EBX, [ESP]                                       EAX=00581BB0 ECX=00000001 EDX=001ADCD8 EBX=00000001 ESP=002DF558 EBP=012391A3 ESI=00000000 EDI=006B0006 EFLAG=00000202
0127BE6D	PUSH     EDX                                              EAX=00581BB0 ECX=00000001 EDX=001ADCD8 EBX=775D41B5 ESP=002DF558 EBP=012391A3 ESI=00000000 EDI=006B0006 EFLAG=00000202
0127BE75	MOV      [ESP], ESI                                       EAX=00581BB0 ECX=00000001 EDX=001ADCD8 EBX=775D41B5 ESP=002DF554 EBP=012391A3 ESI=00000000 EDI=006B0006 EFLAG=00000202
0127BE78	MOV      ESI, ESP                                         EAX=00581BB0 ECX=00000001 EDX=001ADCD8 EBX=775D41B5 ESP=002DF554 EBP=012391A3 ESI=00000000 EDI=006B0006 EFLAG=00000202
0127BE7A	PUSH     EBP                                              EAX=00581BB0 ECX=00000001 EDX=001ADCD8 EBX=775D41B5 ESP=002DF554 EBP=012391A3 ESI=002DF554 EDI=006B0006 EFLAG=00000202
0127BE7B	MOV      EBP, 0x4                                         EAX=00581BB0 ECX=00000001 EDX=001ADCD8 EBX=775D41B5 ESP=002DF550 EBP=012391A3 ESI=002DF554 EDI=006B0006 EFLAG=00000202
0127BE80	ADD      ESI, EBP                                         EAX=00581BB0 ECX=00000001 EDX=001ADCD8 EBX=775D41B5 ESP=002DF550 EBP=00000004 ESI=002DF554 EDI=006B0006 EFLAG=00000202
0127BE82	POP      EBP                                              EAX=00581BB0 ECX=00000001 EDX=001ADCD8 EBX=775D41B5 ESP=002DF550 EBP=00000004 ESI=002DF558 EDI=006B0006 EFLAG=00000202
0127BE83	PUSH     EDI                                              EAX=00581BB0 ECX=00000001 EDX=001ADCD8 EBX=775D41B5 ESP=002DF554 EBP=012391A3 ESI=002DF558 EDI=006B0006 EFLAG=00000202
0127BE84	PUSH     EAX                                              EAX=00581BB0 ECX=00000001 EDX=001ADCD8 EBX=775D41B5 ESP=002DF550 EBP=012391A3 ESI=002DF558 EDI=006B0006 EFLAG=00000202
0127BE85	MOV      EAX, 0x63f41923                                  EAX=00581BB0 ECX=00000001 EDX=001ADCD8 EBX=775D41B5 ESP=002DF54C EBP=012391A3 ESI=002DF558 EDI=006B0006 EFLAG=00000202
0127BE8B	SHR      EAX, 0x7                                         EAX=63F41923 ECX=00000001 EDX=001ADCD8 EBX=775D41B5 ESP=002DF54C EBP=012391A3 ESI=002DF558 EDI=006B0006 EFLAG=00000202
0127BE8E	OR       EAX, 0x578a36c4                                  EAX=00C7E832 ECX=00000001 EDX=001ADCD8 EBX=775D41B5 ESP=002DF54C EBP=012391A3 ESI=002DF558 EDI=006B0006 EFLAG=00000202
0127BE93	PUSH     ESI                                              EAX=57CFFEF6 ECX=00000001 EDX=001ADCD8 EBX=775D41B5 ESP=002DF54C EBP=012391A3 ESI=002DF558 EDI=006B0006 EFLAG=00000206
0127BE94	MOV      ESI, 0x57cffef2                                  EAX=57CFFEF6 ECX=00000001 EDX=001ADCD8 EBX=775D41B5 ESP=002DF548 EBP=012391A3 ESI=002DF558 EDI=006B0006 EFLAG=00000206
0127BE99	XOR      EAX, ESI                                         EAX=57CFFEF6 ECX=00000001 EDX=001ADCD8 EBX=775D41B5 ESP=002DF548 EBP=012391A3 ESI=57CFFEF2 EDI=006B0006 EFLAG=00000206
0127BE9B	POP      ESI                                              EAX=00000004 ECX=00000001 EDX=001ADCD8 EBX=775D41B5 ESP=002DF548 EBP=012391A3 ESI=57CFFEF2 EDI=006B0006 EFLAG=00000202
0127BE9C	MOV      EDI, EAX                                         EAX=00000004 ECX=00000001 EDX=001ADCD8 EBX=775D41B5 ESP=002DF54C EBP=012391A3 ESI=002DF558 EDI=006B0006 EFLAG=00000202
0127BE9E	POP      EAX                                              EAX=00000004 ECX=00000001 EDX=001ADCD8 EBX=775D41B5 ESP=002DF54C EBP=012391A3 ESI=002DF558 EDI=00000004 EFLAG=00000202
0127BE9F	ADD      ESI, EDI                                         EAX=00581BB0 ECX=00000001 EDX=001ADCD8 EBX=775D41B5 ESP=002DF550 EBP=012391A3 ESI=002DF558 EDI=00000004 EFLAG=00000202
0127BEA1	POP      EDI                                              EAX=00581BB0 ECX=00000001 EDX=001ADCD8 EBX=775D41B5 ESP=002DF550 EBP=012391A3 ESI=002DF55C EDI=00000004 EFLAG=00000206
0127BEA2	XCHG     [ESP], ESI                                       EAX=00581BB0 ECX=00000001 EDX=001ADCD8 EBX=775D41B5 ESP=002DF554 EBP=012391A3 ESI=002DF55C EDI=006B0006 EFLAG=00000206
0127BEA5	POP      ESP                                              EAX=00581BB0 ECX=00000001 EDX=001ADCD8 EBX=775D41B5 ESP=002DF554 EBP=012391A3 ESI=00000000 EDI=006B0006 EFLAG=00000206
0127BEA6	PUSH     ESI                                              EAX=00581BB0 ECX=00000001 EDX=001ADCD8 EBX=775D41B5 ESP=002DF55C EBP=012391A3 ESI=00000000 EDI=006B0006 EFLAG=00000206
0127BEA7	MOV      ESI, ESP                                         EAX=00581BB0 ECX=00000001 EDX=001ADCD8 EBX=775D41B5 ESP=002DF558 EBP=012391A3 ESI=00000000 EDI=006B0006 EFLAG=00000206
0127BEA9	PUSH     EDX                                              EAX=00581BB0 ECX=00000001 EDX=001ADCD8 EBX=775D41B5 ESP=002DF558 EBP=012391A3 ESI=002DF558 EDI=006B0006 EFLAG=00000206
0127BEAA	MOV      EDX, 0x4                                         EAX=00581BB0 ECX=00000001 EDX=001ADCD8 EBX=775D41B5 ESP=002DF554 EBP=012391A3 ESI=002DF558 EDI=006B0006 EFLAG=00000206
0127BEB5	ADD      ESI, EDX                                         EAX=00581BB0 ECX=00000001 EDX=00000004 EBX=775D41B5 ESP=002DF554 EBP=012391A3 ESI=002DF558 EDI=006B0006 EFLAG=00000202
0127BEB7	POP      EDX                                              EAX=00581BB0 ECX=00000001 EDX=00000004 EBX=775D41B5 ESP=002DF554 EBP=012391A3 ESI=002DF55C EDI=006B0006 EFLAG=00000206
0127BEB8	PUSH     EDX                                              EAX=00581BB0 ECX=00000001 EDX=001ADCD8 EBX=775D41B5 ESP=002DF558 EBP=012391A3 ESI=002DF55C EDI=006B0006 EFLAG=00000206
0127BEB9	MOV      EDX, 0xa68a867a                                  EAX=00581BB0 ECX=00000001 EDX=001ADCD8 EBX=775D41B5 ESP=002DF554 EBP=012391A3 ESI=002DF55C EDI=006B0006 EFLAG=00000206
0127BEC0	SUB      EDX, 0x26c824c1                                  EAX=00581BB0 ECX=00000001 EDX=A68A867A EBX=775D41B5 ESP=002DF554 EBP=012391A3 ESI=002DF55C EDI=006B0006 EFLAG=00000206
0127BECC	SHR      EDX, 0x7                                         EAX=00581BB0 ECX=00000001 EDX=7FC261B9 EBX=775D41B5 ESP=002DF554 EBP=012391A3 ESI=002DF55C EDI=006B0006 EFLAG=00000202
0127BECF	ADD      EDX, 0xff007b41                                  EAX=00581BB0 ECX=00000001 EDX=00FF84C3 EBX=775D41B5 ESP=002DF554 EBP=012391A3 ESI=002DF55C EDI=006B0006 EFLAG=00000206
0127BED5	SUB      ESI, EDX                                         EAX=00581BB0 ECX=00000001 EDX=00000004 EBX=775D41B5 ESP=002DF554 EBP=012391A3 ESI=002DF55C EDI=006B0006 EFLAG=00000203
0127BED7	POP      EDX                                              EAX=00581BB0 ECX=00000001 EDX=00000004 EBX=775D41B5 ESP=002DF554 EBP=012391A3 ESI=002DF558 EDI=006B0006 EFLAG=00000202
0127BED8	XCHG     [ESP], ESI                                       EAX=00581BB0 ECX=00000001 EDX=001ADCD8 EBX=775D41B5 ESP=002DF558 EBP=012391A3 ESI=002DF558 EDI=006B0006 EFLAG=00000202
0127BEE1	MOV      ESP, [ESP]                                       EAX=00581BB0 ECX=00000001 EDX=001ADCD8 EBX=775D41B5 ESP=002DF558 EBP=012391A3 ESI=00000000 EDI=006B0006 EFLAG=00000246
0127BEE4	MOV      [ESP], EBP                                       EAX=00581BB0 ECX=00000001 EDX=001ADCD8 EBX=775D41B5 ESP=002DF558 EBP=012391A3 ESI=00000000 EDI=006B0006 EFLAG=00000246
0127BEE7	PUSH     ECX                                              EAX=00581BB0 ECX=00000001 EDX=001ADCD8 EBX=775D41B5 ESP=002DF558 EBP=012391A3 ESI=00000000 EDI=006B0006 EFLAG=00000246
0127BEE8	MOV      ECX, 0x11fb7302                                  EAX=00581BB0 ECX=00000001 EDX=001ADCD8 EBX=775D41B5 ESP=002DF554 EBP=012391A3 ESI=00000000 EDI=006B0006 EFLAG=00000246
0127BEED	MOV      EBP, ECX                                         EAX=00581BB0 ECX=11FB7302 EDX=001ADCD8 EBX=775D41B5 ESP=002DF554 EBP=012391A3 ESI=00000000 EDI=006B0006 EFLAG=00000246
0127BEEF	POP      ECX                                              EAX=00581BB0 ECX=11FB7302 EDX=001ADCD8 EBX=775D41B5 ESP=002DF554 EBP=11FB7302 ESI=00000000 EDI=006B0006 EFLAG=00000246
0127BEF5	PUSH     EDI                                              EAX=00581BB0 ECX=00000001 EDX=001ADCD8 EBX=775D41B5 ESP=002DF558 EBP=11FB7302 ESI=00000000 EDI=006B0006 EFLAG=00000202
0127BEFB	MOV      EDI, 0x62cf6f45                                  EAX=00581BB0 ECX=00000001 EDX=001ADCD8 EBX=775D41B5 ESP=002DF554 EBP=11FB7302 ESI=00000000 EDI=006B0006 EFLAG=00000202
0127BF01	SUB      EDI, 0x50d3fc71                                  EAX=00581BB0 ECX=00000001 EDX=001ADCD8 EBX=775D41B5 ESP=002DF554 EBP=11FB7302 ESI=00000000 EDI=62CF6F45 EFLAG=00000202
0127BF0D	SUB      EBP, EDI                                         EAX=00581BB0 ECX=00000001 EDX=001ADCD8 EBX=775D41B5 ESP=002DF554 EBP=0E772D7F ESI=00000000 EDI=11FB72D4 EFLAG=00000212
0127BF15	POP      EDI                                              EAX=00581BB0 ECX=00000001 EDX=001ADCD8 EBX=775D41B5 ESP=002DF554 EBP=0000002E ESI=00000000 EDI=11FB72D4 EFLAG=00000207
0127BF16	PUSH     ECX                                              EAX=00581BB0 ECX=00000001 EDX=001ADCD8 EBX=775D41B5 ESP=002DF558 EBP=0000002E ESI=00000000 EDI=006B0006 EFLAG=00000207
0127BF1A	PUSH     EBP                                              EAX=00581BB0 ECX=00000001 EDX=001ADCD8 EBX=775D41B5 ESP=002DF554 EBP=0000002E ESI=00000000 EDI=006B0006 EFLAG=00000207
0127BF22	SUB      DWORD [ESP], 0x45b61504                          EAX=00581BB0 ECX=00000001 EDX=001ADCD8 EBX=775D41B5 ESP=002DF550 EBP=0000002E ESI=00000000 EDI=006B0006 EFLAG=00000207
0127BF29	POP      ECX                                              EAX=00581BB0 ECX=00000001 EDX=001ADCD8 EBX=775D41B5 ESP=002DF550 EBP=0000002E ESI=00000000 EDI=006B0006 EFLAG=00000283
0127BF2A	PUSH     DWORD 0x43db                                     EAX=00581BB0 ECX=BA49EB2A EDX=001ADCD8 EBX=775D41B5 ESP=002DF554 EBP=0000002E ESI=00000000 EDI=006B0006 EFLAG=00000283
0136F67E	PUSHF                                                     EAX=00581BB0 ECX=00000001 EDX=001ADCD8 EBX=775D41B5 ESP=002DF58C EBP=002DF5DC ESI=00000000 EDI=006B0006 EFLAG=00000293
0136F67F	PUSH     0x20                                             EAX=00581BB0 ECX=00000001 EDX=001ADCD8 EBX=775D41B5 ESP=002DF588 EBP=002DF5DC ESI=00000000 EDI=006B0006 EFLAG=00000293
0136F6A5	PUSH     DWORD 0x2eefd6                                   EAX=00581BB0 ECX=00000001 EDX=001ADCD8 EBX=775D41B5 ESP=00000000 EBP=002DF5DC ESI=00000000 EDI=006B0006 EFLAG=00000000
0136F6E8	PUSH     EAX                                              EAX=00581BB0 ECX=00000001 EDX=001ADCD8 EBX=775D41B5 ESP=002DF580 EBP=002DF5DC ESI=00000000 EDI=006B0006 EFLAG=00000213
0136F700	PUSH     EBX                                              EAX=00581BB0 ECX=00000001 EDX=001ADCD8 EBX=775D41B5 ESP=002DF57C EBP=002DF5DC ESI=00000000 EDI=006B0006 EFLAG=00000213
0136F71B	MOV      EAX, [ESP+0x10]                                  EAX=00581BB0 ECX=00000001 EDX=001ADCD8 EBX=775D41B5 ESP=002DF578 EBP=002DF5DC ESI=00000000 EDI=006B0006 EFLAG=00000206
0136F73C	MOV      EBX, [ESP+0x8]                                   EAX=00000293 ECX=00000001 EDX=001ADCD8 EBX=775D41B5 ESP=002DF578 EBP=002DF5DC ESI=00000000 EDI=006B0006 EFLAG=00000206
0136F771	MOV      [ESP+0x8], EAX                                   EAX=00000293 ECX=00000001 EDX=001ADCD8 EBX=002EEFD6 ESP=002DF578 EBP=002DF5DC ESI=00000000 EDI=006B0006 EFLAG=00000206
0136F775	MOV      [ESP+0x10], EBX                                  EAX=00000293 ECX=00000001 EDX=001ADCD8 EBX=002EEFD6 ESP=002DF578 EBP=002DF5DC ESI=00000000 EDI=006B0006 EFLAG=00000206
0136F779	POP      EBX                                              EAX=00000293 ECX=00000001 EDX=001ADCD8 EBX=002EEFD6 ESP=002DF578 EBP=002DF5DC ESI=00000000 EDI=006B0006 EFLAG=00000206
0136F798	POP      EAX                                              EAX=00000293 ECX=00000001 EDX=001ADCD8 EBX=775D41B5 ESP=002DF57C EBP=002DF5DC ESI=00000000 EDI=006B0006 EFLAG=00000202
0127B85A	PUSH     EAX                                              EAX=00581BB0 ECX=00000001 EDX=001ADCD8 EBX=775D41B5 ESP=00000000 EBP=002DF5DC ESI=00000000 EDI=006B0006 EFLAG=00000000
0127B8F0	PUSH     ECX                                              EAX=00581BB0 ECX=00000001 EDX=001ADCD8 EBX=775D41B5 ESP=002DF57C EBP=002DF5DC ESI=00000000 EDI=006B0006 EFLAG=00000212
0127B8F8	PUSH     EDX                                              EAX=00581BB0 ECX=00000001 EDX=001ADCD8 EBX=775D41B5 ESP=002DF578 EBP=002DF5DC ESI=00000000 EDI=006B0006 EFLAG=00000212
0127B9A4	PUSH     EBX                                              EAX=00581BB0 ECX=00000001 EDX=001ADCD8 EBX=775D41B5 ESP=002DF574 EBP=002DF5DC ESI=00000000 EDI=006B0006 EFLAG=00000217
0127B9AC	PUSH     EBX                                              EAX=00581BB0 ECX=00000001 EDX=001ADCD8 EBX=775D41B5 ESP=002DF570 EBP=002DF5DC ESI=00000000 EDI=006B0006 EFLAG=00000217
0127BA3D	PUSH     EBP                                              EAX=00581BB0 ECX=00000001 EDX=001ADCD8 EBX=775D41B5 ESP=002DF56C EBP=002DF5DC ESI=00000000 EDI=006B0006 EFLAG=00000207
0127BA45	PUSH     ESI                                              EAX=00581BB0 ECX=00000001 EDX=001ADCD8 EBX=775D41B5 ESP=002DF568 EBP=002DF5DC ESI=00000000 EDI=006B0006 EFLAG=00000207
0127BA4D	PUSH     EDI                                              EAX=00581BB0 ECX=00000001 EDX=001ADCD8 EBX=775D41B5 ESP=002DF564 EBP=002DF5DC ESI=00000000 EDI=006B0006 EFLAG=00000207
0127BAE4	CALL     0x127bae9                                        EAX=00581BB0 ECX=00000001 EDX=001ADCD8 EBX=775D41B5 ESP=002DF560 EBP=002DF5DC ESI=00000000 EDI=006B0006 EFLAG=00000202
0127BAE9	POP      ECX                                              EAX=00581BB0 ECX=00000001 EDX=001ADCD8 EBX=775D41B5 ESP=002DF55C EBP=002DF5DC ESI=00000000 EDI=006B0006 EFLAG=00000202
0127BBE6	SUB      ECX, 0x1fbae9                                    EAX=00581BB0 ECX=3F0E16F0 EDX=001ADCD8 EBX=775D41B5 ESP=002DF55C EBP=002DF5DC ESI=00000000 EDI=0000030A EFLAG=00000217
0127BCD6	PUSH     DWORD 0x1b91a3                                   EAX=00581BB0 ECX=01080000 EDX=001ADCD8 EBX=775D41B5 ESP=002DF560 EBP=002DF5DC ESI=00000000 EDI=006B0006 EFLAG=00000216
0127BCDB	MOV      EBP, [ESP]                                       EAX=00581BB0 ECX=01080000 EDX=001ADCD8 EBX=775D41B5 ESP=002DF55C EBP=002DF5DC ESI=00000000 EDI=006B0006 EFLAG=00000216
0127BDE6	ADD      EBP, ECX                                         EAX=00581BB0 ECX=01080000 EDX=001ADCD8 EBX=775D41B5 ESP=002DF560 EBP=21B80EEA ESI=00000000 EDI=006B0006 EFLAG=00000A12
0127BE23	PUSH     ECX                                              EAX=00581BB0 ECX=01080000 EDX=001ADCD8 EBX=775D41B5 ESP=002DF560 EBP=012391A3 ESI=00000000 EDI=006B0006 EFLAG=00000216
0127BE5E	MOV      ECX, 0x1                                         EAX=00581BB0 ECX=01080000 EDX=001ADCD8 EBX=00000001 ESP=002DF558 EBP=012391A3 ESI=00000000 EDI=006B0006 EFLAG=00000213
0127BEA6	PUSH     EBP                                              EAX=00581BB0 ECX=00000001 EDX=001ADCD8 EBX=775D41B5 ESP=002DF55C EBP=012391A3 ESI=00000000 EDI=006B0006 EFLAG=00000206
0127BEE7	MOV      EBP, 0x2e                                        EAX=00581BB0 ECX=00000001 EDX=001ADCD8 EBX=775D41B5 ESP=002DF558 EBP=012391A3 ESI=00000000 EDI=006B0006 EFLAG=00000246
0127BF16	PUSH     ECX                                              EAX=00581BB0 ECX=00000001 EDX=001ADCD8 EBX=775D41B5 ESP=002DF558 EBP=0000002E ESI=00000000 EDI=006B0006 EFLAG=00000207
0127BF1A	MOV      ECX, EBP                                         EAX=00581BB0 ECX=00000001 EDX=001ADCD8 EBX=775D41B5 ESP=002DF554 EBP=0000002E ESI=00000000 EDI=006B0006 EFLAG=00000207
0127BF22	SUB      ECX, 0x45b61504                                  EAX=00581BB0 ECX=00000001 EDX=001ADCD8 EBX=775D41B5 ESP=002DF550 EBP=0000002E ESI=00000000 EDI=006B0006 EFLAG=00000207
0127BF2A	PUSH     DWORD 0x43db                                     EAX=00581BB0 ECX=BA49EB2A EDX=001ADCD8 EBX=775D41B5 ESP=002DF554 EBP=0000002E ESI=00000000 EDI=006B0006 EFLAG=00000283
