0136F653	JA       0x136f663                                        EAX=00581BB0 ECX=00000001 EDX=001ADCD8 EBX=775D41B5 ESP=002DF58C EBP=002DF5DC ESI=00000000 EDI=006B0006 EFLAG=00000287
0136F659	JMP      0x136f663                                        EAX=00581BB0 ECX=00000001 EDX=001ADCD8 EBX=775D41B5 ESP=002DF58C EBP=002DF5DC ESI=00000000 EDI=006B0006 EFLAG=00000287
0136F663	PUSH     ECX                                              EAX=00581BB0 ECX=00000001 EDX=001ADCD8 EBX=775D41B5 ESP=002DF58C EBP=002DF5DC ESI=00000000 EDI=006B0006 EFLAG=00000287
0136F664	JMP      0x136f67d                                        EAX=00581BB0 ECX=00000001 EDX=001ADCD8 EBX=775D41B5 ESP=002DF588 EBP=002DF5DC ESI=00000000 EDI=006B0006 EFLAG=00000287
0136F67D	POP      ECX                                              EAX=00581BB0 ECX=00000001 EDX=001ADCD8 EBX=775D41B5 ESP=002DF588 EBP=002DF5DC ESI=00000000 EDI=006B0006 EFLAG=00000287
0136F67E	PUSHF                                                     EAX=00581BB0 ECX=00000001 EDX=001ADCD8 EBX=775D41B5 ESP=002DF58C EBP=002DF5DC ESI=00000000 EDI=006B0006 EFLAG=00000287
0136F67F	PUSH     EDI                                              EAX=00581BB0 ECX=00000001 EDX=001ADCD8 EBX=775D41B5 ESP=002DF588 EBP=002DF5DC ESI=00000000 EDI=006B0006 EFLAG=00000287
0136F680	MOV      EDI, ESP                                         EAX=00581BB0 ECX=00000001 EDX=001ADCD8 EBX=775D41B5 ESP=002DF584 EBP=002DF5DC ESI=00000000 EDI=006B0006 EFLAG=00000287
0136F68E	PUSH     EDI                                              EAX=00581BB0 ECX=00000001 EDX=001ADCD8 EBX=775D41B5 ESP=002DF584 EBP=002DF5DC ESI=00000000 EDI=002DF584 EFLAG=00000206
0136F692	MOV      EDI, [ESP+0x4]                                   EAX=00581BB0 ECX=00000001 EDX=001ADCD8 EBX=775D41B5 ESP=002DF580 EBP=002DF5DC ESI=00000000 EDI=002DF584 EFLAG=00000206
0136F697	POP      DWORD [ESP]                                      EAX=00581BB0 ECX=00000001 EDX=001ADCD8 EBX=775D41B5 ESP=002DF580 EBP=002DF5DC ESI=00000000 EDI=006B0006 EFLAG=00000206
0136F69A	POP      ESP                                              EAX=00581BB0 ECX=00000001 EDX=001ADCD8 EBX=775D41B5 ESP=002DF584 EBP=002DF5DC ESI=00000000 EDI=006B0006 EFLAG=00000206
0136F69E	MOV      DWORD [ESP], 0x20                                EAX=00581BB0 ECX=00000001 EDX=001ADCD8 EBX=775D41B5 ESP=002DF584 EBP=002DF5DC ESI=00000000 EDI=006B0006 EFLAG=00000206
0136F6A5	PUSH     ECX                                              EAX=00581BB0 ECX=00000001 EDX=001ADCD8 EBX=775D41B5 ESP=002DF584 EBP=002DF5DC ESI=00000000 EDI=006B0006 EFLAG=00000206
0136F6A6	MOV      ECX, ESP                                         EAX=00581BB0 ECX=00000001 EDX=001ADCD8 EBX=775D41B5 ESP=002DF580 EBP=002DF5DC ESI=00000000 EDI=006B0006 EFLAG=00000206
0136F6B4	XCHG     [ESP], ECX                                       EAX=00581BB0 ECX=002DF580 EDX=001ADCD8 EBX=775D41B5 ESP=002DF580 EBP=002DF5DC ESI=00000000 EDI=006B0006 EFLAG=00000202
0136F6B7	POP      ESP                                              EAX=00581BB0 ECX=00000001 EDX=001ADCD8 EBX=775D41B5 ESP=002DF580 EBP=002DF5DC ESI=00000000 EDI=006B0006 EFLAG=00000202
0136F6BB	MOV      DWORD [ESP], 0x40e4218f                          EAX=00581BB0 ECX=00000001 EDX=001ADCD8 EBX=775D41B5 ESP=002DF580 EBP=002DF5DC ESI=00000000 EDI=006B0006 EFLAG=00000202
0136F6C9	NEG      DWORD [ESP]                                      EAX=00581BB0 ECX=00000001 EDX=001ADCD8 EBX=775D41B5 ESP=002DF580 EBP=002DF5DC ESI=00000000 EDI=006B0006 EFLAG=00000202
0136F6CC	XOR      DWORD [ESP], 0x7f27207b                          EAX=00581BB0 ECX=00000001 EDX=001ADCD8 EBX=775D41B5 ESP=002DF580 EBP=002DF5DC ESI=00000000 EDI=006B0006 EFLAG=00000297
0136F6D3	AND      DWORD [ESP], 0x62172978                          EAX=00581BB0 ECX=00000001 EDX=001ADCD8 EBX=775D41B5 ESP=002DF580 EBP=002DF5DC ESI=00000000 EDI=006B0006 EFLAG=00000286
0136F6DA	SUB      DWORD [ESP], 0x3fe53832                          EAX=00581BB0 ECX=00000001 EDX=001ADCD8 EBX=775D41B5 ESP=002DF580 EBP=002DF5DC ESI=00000000 EDI=006B0006 EFLAG=00000202
0136F6E8	PUSH     DWORD 0x36c69dcb                                 EAX=00581BB0 ECX=00000001 EDX=001ADCD8 EBX=775D41B5 ESP=002DF580 EBP=002DF5DC ESI=00000000 EDI=006B0006 EFLAG=00000213
0136F6FD	MOV      [ESP], EAX                                       EAX=00581BB0 ECX=00000001 EDX=001ADCD8 EBX=775D41B5 ESP=002DF57C EBP=002DF5DC ESI=00000000 EDI=006B0006 EFLAG=00000213
0136F700	PUSH     EDX                                              EAX=00581BB0 ECX=00000001 EDX=001ADCD8 EBX=775D41B5 ESP=002DF57C EBP=002DF5DC ESI=00000000 EDI=006B0006 EFLAG=00000213
0136F701	MOV      EDX, ESP                                         EAX=00581BB0 ECX=00000001 EDX=001ADCD8 EBX=775D41B5 ESP=002DF578 EBP=002DF5DC ESI=00000000 EDI=006B0006 EFLAG=00000213
0136F70C	XCHG     [ESP], EDX                                       EAX=00581BB0 ECX=00000001 EDX=002DF578 EBX=775D41B5 ESP=002DF578 EBP=002DF5DC ESI=00000000 EDI=006B0006 EFLAG=00000206
0136F70F	MOV      ESP, [ESP]                                       EAX=00581BB0 ECX=00000001 EDX=001ADCD8 EBX=775D41B5 ESP=002DF578 EBP=002DF5DC ESI=00000000 EDI=006B0006 EFLAG=00000206
0136F718	MOV      [ESP], EBX                                       EAX=00581BB0 ECX=00000001 EDX=001ADCD8 EBX=775D41B5 ESP=002DF578 EBP=002DF5DC ESI=00000000 EDI=006B0006 EFLAG=00000206
0136F71B	PUSH     DWORD [ESP+0x10]                                 EAX=00581BB0 ECX=00000001 EDX=001ADCD8 EBX=775D41B5 ESP=002DF578 EBP=002DF5DC ESI=00000000 EDI=006B0006 EFLAG=00000206
0136F71F	MOV      EAX, [ESP]                                       EAX=00581BB0 ECX=00000001 EDX=001ADCD8 EBX=775D41B5 ESP=002DF574 EBP=002DF5DC ESI=00000000 EDI=006B0006 EFLAG=00000206
0136F722	PUSH     EAX                                              EAX=00000287 ECX=00000001 EDX=001ADCD8 EBX=775D41B5 ESP=002DF574 EBP=002DF5DC ESI=00000000 EDI=006B0006 EFLAG=00000206
0136F726	MOV      EAX, ESP                                         EAX=00000287 ECX=00000001 EDX=001ADCD8 EBX=775D41B5 ESP=002DF570 EBP=002DF5DC ESI=00000000 EDI=006B0006 EFLAG=00000206
0136F728	ADD      EAX, 0x8                                         EAX=002DF570 ECX=00000001 EDX=001ADCD8 EBX=775D41B5 ESP=002DF570 EBP=002DF5DC ESI=00000000 EDI=006B0006 EFLAG=00000206
0136F732	XCHG     [ESP], EAX                                       EAX=002DF578 ECX=00000001 EDX=001ADCD8 EBX=775D41B5 ESP=002DF570 EBP=002DF5DC ESI=00000000 EDI=006B0006 EFLAG=00000206
0136F73B	POP      ESP                                              EAX=00000287 ECX=00000001 EDX=001ADCD8 EBX=775D41B5 ESP=002DF570 EBP=002DF5DC ESI=00000000 EDI=006B0006 EFLAG=00000206
0136F73C	PUSH     DWORD [ESP+0x8]                                  EAX=00000287 ECX=00000001 EDX=001ADCD8 EBX=775D41B5 ESP=002DF578 EBP=002DF5DC ESI=00000000 EDI=006B0006 EFLAG=00000206
0136F740	MOV      EBX, [ESP]                                       EAX=00000287 ECX=00000001 EDX=001ADCD8 EBX=775D41B5 ESP=002DF574 EBP=002DF5DC ESI=00000000 EDI=006B0006 EFLAG=00000206
0136F743	PUSH     EAX                                              EAX=00000287 ECX=00000001 EDX=001ADCD8 EBX=002EEFD6 ESP=002DF574 EBP=002DF5DC ESI=00000000 EDI=006B0006 EFLAG=00000206
0136F74C	MOV      EAX, ESP                                         EAX=00000287 ECX=00000001 EDX=001ADCD8 EBX=002EEFD6 ESP=002DF570 EBP=002DF5DC ESI=00000000 EDI=006B0006 EFLAG=00000202
0136F74E	ADD      EAX, 0x4                                         EAX=002DF570 ECX=00000001 EDX=001ADCD8 EBX=002EEFD6 ESP=002DF570 EBP=002DF5DC ESI=00000000 EDI=006B0006 EFLAG=00000202
0136F753	PUSH     EBP                                              EAX=002DF574 ECX=00000001 EDX=001ADCD8 EBX=002EEFD6 ESP=002DF570 EBP=002DF5DC ESI=00000000 EDI=006B0006 EFLAG=00000206
0136F754	MOV      EBP, 0xe115182                                   EAX=002DF574 ECX=00000001 EDX=001ADCD8 EBX=002EEFD6 ESP=002DF56C EBP=002DF5DC ESI=00000000 EDI=006B0006 EFLAG=00000206
0136F75F	SHR      EBP, 0x7                                         EAX=002DF574 ECX=00000001 EDX=001ADCD8 EBX=002EEFD6 ESP=002DF56C EBP=0E115182 ESI=00000000 EDI=006B0006 EFLAG=00000206
0136F762	INC      EBP                                              EAX=002DF574 ECX=00000001 EDX=001ADCD8 EBX=002EEFD6 ESP=002DF56C EBP=001C22A3 ESI=00000000 EDI=006B0006 EFLAG=00000206
0136F763	INC      EBP                                              EAX=002DF574 ECX=00000001 EDX=001ADCD8 EBX=002EEFD6 ESP=002DF56C EBP=001C22A4 ESI=00000000 EDI=006B0006 EFLAG=00000202
0136F764	XOR      EBP, 0x1c22a1                                    EAX=002DF574 ECX=00000001 EDX=001ADCD8 EBX=002EEFD6 ESP=002DF56C EBP=001C22A5 ESI=00000000 EDI=006B0006 EFLAG=00000206
0136F76A	ADD      EAX, EBP                                         EAX=002DF574 ECX=00000001 EDX=001ADCD8 EBX=002EEFD6 ESP=002DF56C EBP=00000004 ESI=00000000 EDI=006B0006 EFLAG=00000202
0136F76C	POP      EBP                                              EAX=002DF578 ECX=00000001 EDX=001ADCD8 EBX=002EEFD6 ESP=002DF56C EBP=00000004 ESI=00000000 EDI=006B0006 EFLAG=00000206
0136F76D	XCHG     [ESP], EAX                                       EAX=002DF578 ECX=00000001 EDX=001ADCD8 EBX=002EEFD6 ESP=002DF570 EBP=002DF5DC ESI=00000000 EDI=006B0006 EFLAG=00000206
0136F770	POP      ESP                                              EAX=00000287 ECX=00000001 EDX=001ADCD8 EBX=002EEFD6 ESP=002DF570 EBP=002DF5DC ESI=00000000 EDI=006B0006 EFLAG=00000206
0136F771	MOV      [ESP+0x8], EAX                                   EAX=00000287 ECX=00000001 EDX=001ADCD8 EBX=002EEFD6 ESP=002DF578 EBP=002DF5DC ESI=00000000 EDI=006B0006 EFLAG=00000206
0136F775	MOV      [ESP+0x10], EBX                                  EAX=00000287 ECX=00000001 EDX=001ADCD8 EBX=002EEFD6 ESP=002DF578 EBP=002DF5DC ESI=00000000 EDI=006B0006 EFLAG=00000206
0136F779	MOV      EBX, [ESP]                                       EAX=00000287 ECX=00000001 EDX=001ADCD8 EBX=002EEFD6 ESP=002DF578 EBP=002DF5DC ESI=00000000 EDI=006B0006 EFLAG=00000206
0136F77C	PUSH     ESI                                              EAX=00000287 ECX=00000001 EDX=001ADCD8 EBX=775D41B5 ESP=002DF578 EBP=002DF5DC ESI=00000000 EDI=006B0006 EFLAG=00000206
0136F77D	PUSH     ESP                                              EAX=00000287 ECX=00000001 EDX=001ADCD8 EBX=775D41B5 ESP=002DF574 EBP=002DF5DC ESI=00000000 EDI=006B0006 EFLAG=00000206
0136F77E	MOV      ESI, [ESP]                                       EAX=00000287 ECX=00000001 EDX=001ADCD8 EBX=775D41B5 ESP=002DF570 EBP=002DF5DC ESI=00000000 EDI=006B0006 EFLAG=00000206
0136F782	ADD      ESP, 0x4                                         EAX=00000287 ECX=00000001 EDX=001ADCD8 EBX=775D41B5 ESP=002DF570 EBP=002DF5DC ESI=002DF574 EDI=006B0006 EFLAG=00000206
0136F788	ADD      ESI, 0x8                                         EAX=00000287 ECX=00000001 EDX=001ADCD8 EBX=775D41B5 ESP=002DF574 EBP=002DF5DC ESI=002DF574 EDI=006B0006 EFLAG=00000206
0136F794	XCHG     [ESP], ESI                                       EAX=00000287 ECX=00000001 EDX=001ADCD8 EBX=775D41B5 ESP=002DF574 EBP=002DF5DC ESI=002DF57C EDI=006B0006 EFLAG=00000202
0136F797	POP      ESP                                              EAX=00000287 ECX=00000001 EDX=001ADCD8 EBX=775D41B5 ESP=002DF574 EBP=002DF5DC ESI=00000000 EDI=006B0006 EFLAG=00000202
0136F798	MOV      EAX, [ESP]                                       EAX=00000287 ECX=00000001 EDX=001ADCD8 EBX=775D41B5 ESP=002DF57C EBP=002DF5DC ESI=00000000 EDI=006B0006 EFLAG=00000202
0136F79C	PUSH     EDI                                              EAX=00581BB0 ECX=00000001 EDX=001ADCD8 EBX=775D41B5 ESP=002DF57C EBP=002DF5DC ESI=00000000 EDI=006B0006 EFLAG=00000202
0136F79D	MOV      EDI, ESP                                         EAX=00581BB0 ECX=00000001 EDX=001ADCD8 EBX=775D41B5 ESP=002DF578 EBP=002DF5DC ESI=00000000 EDI=006B0006 EFLAG=00000202
0136F79F	PUSH     ECX                                              EAX=00581BB0 ECX=00000001 EDX=001ADCD8 EBX=775D41B5 ESP=002DF578 EBP=002DF5DC ESI=00000000 EDI=002DF578 EFLAG=00000202
0136F7A0	MOV      ECX, 0x4                                         EAX=00581BB0 ECX=00000001 EDX=001ADCD8 EBX=775D41B5 ESP=002DF574 EBP=002DF5DC ESI=00000000 EDI=002DF578 EFLAG=00000202
0136F7A5	ADD      EDI, ECX                                         EAX=00581BB0 ECX=00000004 EDX=001ADCD8 EBX=775D41B5 ESP=002DF574 EBP=002DF5DC ESI=00000000 EDI=002DF578 EFLAG=00000202
0136F7A7	POP      ECX                                              EAX=00581BB0 ECX=00000004 EDX=001ADCD8 EBX=775D41B5 ESP=002DF574 EBP=002DF5DC ESI=00000000 EDI=002DF57C EFLAG=00000202
0136F7A8	ADD      EDI, 0x4                                         EAX=00581BB0 ECX=00000001 EDX=001ADCD8 EBX=775D41B5 ESP=002DF578 EBP=002DF5DC ESI=00000000 EDI=002DF57C EFLAG=00000202
0136F7AB	XCHG     [ESP], EDI                                       EAX=00581BB0 ECX=00000001 EDX=001ADCD8 EBX=775D41B5 ESP=002DF578 EBP=002DF5DC ESI=00000000 EDI=002DF580 EFLAG=00000212
0136F7AE	POP      ESP                                              EAX=00581BB0 ECX=00000001 EDX=001ADCD8 EBX=775D41B5 ESP=002DF578 EBP=002DF5DC ESI=00000000 EDI=006B0006 EFLAG=00000212
0136F7AF	JMP      0x127b7df                                        EAX=00581BB0 ECX=00000001 EDX=001ADCD8 EBX=775D41B5 ESP=002DF580 EBP=002DF5DC ESI=00000000 EDI=006B0006 EFLAG=00000212
0127B7DF	PUSHA                                                     EAX=00581BB0 ECX=00000001 EDX=001ADCD8 EBX=775D41B5 ESP=002DF580 EBP=002DF5DC ESI=00000000 EDI=006B0006 EFLAG=00000212
0127B7E0	PUSH     EBX                                              EAX=00581BB0 ECX=00000001 EDX=001ADCD8 EBX=775D41B5 ESP=002DF560 EBP=002DF5DC ESI=00000000 EDI=006B0006 EFLAG=00000212
0127B7E1	JS       0x127b7e7                                        EAX=00581BB0 ECX=00000001 EDX=001ADCD8 EBX=775D41B5 ESP=002DF55C EBP=002DF5DC ESI=00000000 EDI=006B0006 EFLAG=00000212
0127B7E7	POP      EBX                                              EAX=00581BB0 ECX=00000001 EDX=001ADCD8 EBX=775D41B5 ESP=002DF55C EBP=002DF5DC ESI=00000000 EDI=006B0006 EFLAG=00000212
0127B7E8	JMP      0x127b7f7                                        EAX=00581BB0 ECX=00000001 EDX=001ADCD8 EBX=775D41B5 ESP=002DF560 EBP=002DF5DC ESI=00000000 EDI=006B0006 EFLAG=00000212
0127B7F7	JLE      0x127b805                                        EAX=00581BB0 ECX=00000001 EDX=001ADCD8 EBX=775D41B5 ESP=002DF560 EBP=002DF5DC ESI=00000000 EDI=006B0006 EFLAG=00000212
0127B7FD	PUSH     EAX                                              EAX=00581BB0 ECX=00000001 EDX=001ADCD8 EBX=775D41B5 ESP=002DF560 EBP=002DF5DC ESI=00000000 EDI=006B0006 EFLAG=00000212
0127B7FE	PUSH     EDX                                              EAX=00581BB0 ECX=00000001 EDX=001ADCD8 EBX=775D41B5 ESP=002DF55C EBP=002DF5DC ESI=00000000 EDI=006B0006 EFLAG=00000212
0127B801	POP      EDX                                              EAX=00000000 ECX=00000001 EDX=00000000 EBX=775D41B5 ESP=002DF558 EBP=002DF5DC ESI=00000000 EDI=006B0006 EFLAG=00000212
0127B802	POP      EAX                                              EAX=00000000 ECX=00000001 EDX=001ADCD8 EBX=775D41B5 ESP=002DF55C EBP=002DF5DC ESI=00000000 EDI=006B0006 EFLAG=00000212
0127B803	PUSHA                                                     EAX=00581BB0 ECX=00000001 EDX=001ADCD8 EBX=775D41B5 ESP=002DF560 EBP=002DF5DC ESI=00000000 EDI=006B0006 EFLAG=00000212
0127B804	POPA                                                      EAX=00581BB0 ECX=00000001 EDX=001ADCD8 EBX=775D41B5 ESP=002DF540 EBP=002DF5DC ESI=00000000 EDI=006B0006 EFLAG=00000212
0127B805	PUSHA                                                     EAX=00581BB0 ECX=00000001 EDX=001ADCD8 EBX=775D41B5 ESP=002DF560 EBP=002DF5DC ESI=00000000 EDI=006B0006 EFLAG=00000212
0127B806	PUSHA                                                     EAX=00581BB0 ECX=00000001 EDX=001ADCD8 EBX=775D41B5 ESP=002DF540 EBP=002DF5DC ESI=00000000 EDI=006B0006 EFLAG=00000212
0127B807	POPA                                                      EAX=00581BB0 ECX=00000001 EDX=001ADCD8 EBX=775D41B5 ESP=002DF520 EBP=002DF5DC ESI=00000000 EDI=006B0006 EFLAG=00000212
0127B808	JMP      0x127b815                                        EAX=00581BB0 ECX=00000001 EDX=001ADCD8 EBX=775D41B5 ESP=002DF540 EBP=002DF5DC ESI=00000000 EDI=006B0006 EFLAG=00000212
0127B819	POPA                                                      EAX=00581BB0 ECX=00000001 EDX=001ADCD8 EBX=775D41B5 ESP=002DF540 EBP=002DF5DC ESI=00000000 EDI=006B0006 EFLAG=00000212
0127B81A	POPA                                                      EAX=00581BB0 ECX=00000001 EDX=001ADCD8 EBX=775D41B5 ESP=002DF560 EBP=002DF5DC ESI=00000000 EDI=006B0006 EFLAG=00000212
0127B81B	PUSH     EAX                                              EAX=00581BB0 ECX=00000001 EDX=001ADCD8 EBX=775D41B5 ESP=002DF580 EBP=002DF5DC ESI=00000000 EDI=006B0006 EFLAG=00000212
0127B81C	PUSH     EDX                                              EAX=00581BB0 ECX=00000001 EDX=001ADCD8 EBX=775D41B5 ESP=002DF57C EBP=002DF5DC ESI=00000000 EDI=006B0006 EFLAG=00000212
0127B81D	JMP      0x127b828                                        EAX=00581BB0 ECX=00000001 EDX=001ADCD8 EBX=775D41B5 ESP=002DF578 EBP=002DF5DC ESI=00000000 EDI=006B0006 EFLAG=00000212
0127B828	JMP      0x127b83d                                        EAX=00581BB0 ECX=00000001 EDX=001ADCD8 EBX=775D41B5 ESP=002DF578 EBP=002DF5DC ESI=00000000 EDI=006B0006 EFLAG=00000212
0127B83F	PUSH     EAX                                              EAX=00000000 ECX=00000001 EDX=00000000 EBX=775D41B5 ESP=002DF578 EBP=002DF5DC ESI=00000000 EDI=006B0006 EFLAG=00000212
0127B840	PUSHA                                                     EAX=00000000 ECX=00000001 EDX=00000000 EBX=775D41B5 ESP=002DF574 EBP=002DF5DC ESI=00000000 EDI=006B0006 EFLAG=00000212
0127B841	POPA                                                      EAX=00000000 ECX=00000001 EDX=00000000 EBX=775D41B5 ESP=002DF554 EBP=002DF5DC ESI=00000000 EDI=006B0006 EFLAG=00000212
0127B842	JMP      0x127b851                                        EAX=00000000 ECX=00000001 EDX=00000000 EBX=775D41B5 ESP=002DF574 EBP=002DF5DC ESI=00000000 EDI=006B0006 EFLAG=00000212
0127B851	POP      EAX                                              EAX=00000000 ECX=00000001 EDX=00000000 EBX=775D41B5 ESP=002DF574 EBP=002DF5DC ESI=00000000 EDI=006B0006 EFLAG=00000212
0127B852	PUSH     EDI                                              EAX=00000000 ECX=00000001 EDX=00000000 EBX=775D41B5 ESP=002DF578 EBP=002DF5DC ESI=00000000 EDI=006B0006 EFLAG=00000212
0127B853	PUSHA                                                     EAX=00000000 ECX=00000001 EDX=00000000 EBX=775D41B5 ESP=002DF574 EBP=002DF5DC ESI=00000000 EDI=006B0006 EFLAG=00000212
0127B854	POPA                                                      EAX=00000000 ECX=00000001 EDX=00000000 EBX=775D41B5 ESP=002DF554 EBP=002DF5DC ESI=00000000 EDI=006B0006 EFLAG=00000212
0127B857	POP      EDI                                              EAX=00000000 ECX=00000001 EDX=00000000 EBX=775D41B5 ESP=002DF574 EBP=002DF5DC ESI=00000000 EDI=006B0006 EFLAG=00000212
0127B858	POP      EDX                                              EAX=00000000 ECX=00000001 EDX=00000000 EBX=775D41B5 ESP=002DF578 EBP=002DF5DC ESI=00000000 EDI=006B0006 EFLAG=00000212
0127B859	POP      EAX                                              EAX=00000000 ECX=00000001 EDX=001ADCD8 EBX=775D41B5 ESP=002DF57C EBP=002DF5DC ESI=00000000 EDI=006B0006 EFLAG=00000212
0127B85A	PUSH     EBX                                              EAX=00581BB0 ECX=00000001 EDX=001ADCD8 EBX=775D41B5 ESP=002DF580 EBP=002DF5DC ESI=00000000 EDI=006B0006 EFLAG=00000212
0127B862	PUSH     ESP                                              EAX=00581BB0 ECX=00000001 EDX=001ADCD8 EBX=775D41B5 ESP=002DF57C EBP=002DF5DC ESI=00000000 EDI=006B0006 EFLAG=00000212
0127B86D	MOV      EBX, [ESP]                                       EAX=00581BB0 ECX=00000001 EDX=001ADCD8 EBX=775D41B5 ESP=002DF578 EBP=002DF5DC ESI=00000000 EDI=006B0006 EFLAG=00000202
0127B870	PUSH     EBX                                              EAX=00581BB0 ECX=00000001 EDX=001ADCD8 EBX=002DF57C ESP=002DF578 EBP=002DF5DC ESI=00000000 EDI=006B0006 EFLAG=00000202
0127B871	MOV      EBX, ESP                                         EAX=00581BB0 ECX=00000001 EDX=001ADCD8 EBX=002DF57C ESP=002DF574 EBP=002DF5DC ESI=00000000 EDI=006B0006 EFLAG=00000202
0127B873	ADD      EBX, 0x4                                         EAX=00581BB0 ECX=00000001 EDX=001ADCD8 EBX=002DF574 ESP=002DF574 EBP=002DF5DC ESI=00000000 EDI=006B0006 EFLAG=00000202
0127B879	PUSH     EDI                                              EAX=00581BB0 ECX=00000001 EDX=001ADCD8 EBX=002DF578 ESP=002DF574 EBP=002DF5DC ESI=00000000 EDI=006B0006 EFLAG=00000206
0127B87A	MOV      EDI, 0x67a535                                    EAX=00581BB0 ECX=00000001 EDX=001ADCD8 EBX=002DF578 ESP=002DF570 EBP=002DF5DC ESI=00000000 EDI=006B0006 EFLAG=00000206
0127B882	AND      EDI, 0x429d279a                                  EAX=00581BB0 ECX=00000001 EDX=001ADCD8 EBX=002DF578 ESP=002DF570 EBP=002DF5DC ESI=00000000 EDI=0067A535 EFLAG=00000206
0127B888	NOT      EDI                                              EAX=00581BB0 ECX=00000001 EDX=001ADCD8 EBX=002DF578 ESP=002DF570 EBP=002DF5DC ESI=00000000 EDI=00052510 EFLAG=00000202
0127B88A	SUB      EDI, 0xfffadaeb                                  EAX=00581BB0 ECX=00000001 EDX=001ADCD8 EBX=002DF578 ESP=002DF570 EBP=002DF5DC ESI=00000000 EDI=FFFADAEF EFLAG=00000202
0127B890	ADD      EBX, EDI                                         EAX=00581BB0 ECX=00000001 EDX=001ADCD8 EBX=002DF578 ESP=002DF570 EBP=002DF5DC ESI=00000000 EDI=00000004 EFLAG=00000202
0127B892	POP      EDI                                              EAX=00581BB0 ECX=00000001 EDX=001ADCD8 EBX=002DF57C ESP=002DF570 EBP=002DF5DC ESI=00000000 EDI=00000004 EFLAG=00000202
0127B893	PUSH     EBX                                              EAX=00581BB0 ECX=00000001 EDX=001ADCD8 EBX=002DF57C ESP=002DF574 EBP=002DF5DC ESI=00000000 EDI=006B0006 EFLAG=00000202
0127B899	MOV      EBX, [ESP+0x4]                                   EAX=00581BB0 ECX=00000001 EDX=001ADCD8 EBX=002DF57C ESP=002DF570 EBP=002DF5DC ESI=00000000 EDI=006B0006 EFLAG=00000202
0127B89E	POP      DWORD [ESP]                                      EAX=00581BB0 ECX=00000001 EDX=001ADCD8 EBX=002DF57C ESP=002DF570 EBP=002DF5DC ESI=00000000 EDI=006B0006 EFLAG=00000202
0127B8A1	POP      ESP                                              EAX=00581BB0 ECX=00000001 EDX=001ADCD8 EBX=002DF57C ESP=002DF574 EBP=002DF5DC ESI=00000000 EDI=006B0006 EFLAG=00000202
0127B8A2	PUSH     ESI                                              EAX=00581BB0 ECX=00000001 EDX=001ADCD8 EBX=002DF57C ESP=002DF57C EBP=002DF5DC ESI=00000000 EDI=006B0006 EFLAG=00000202
0127B8A3	MOV      ESI, 0x4                                         EAX=00581BB0 ECX=00000001 EDX=001ADCD8 EBX=002DF57C ESP=002DF578 EBP=002DF5DC ESI=00000000 EDI=006B0006 EFLAG=00000202
0127B8A8	ADD      EBX, ESI                                         EAX=00581BB0 ECX=00000001 EDX=001ADCD8 EBX=002DF57C ESP=002DF578 EBP=002DF5DC ESI=00000004 EDI=006B0006 EFLAG=00000202
0127B8AA	POP      ESI                                              EAX=00581BB0 ECX=00000001 EDX=001ADCD8 EBX=002DF580 ESP=002DF578 EBP=002DF5DC ESI=00000004 EDI=006B0006 EFLAG=00000212
0127B8AB	PUSH     EDX                                              EAX=00581BB0 ECX=00000001 EDX=001ADCD8 EBX=002DF580 ESP=002DF57C EBP=002DF5DC ESI=00000000 EDI=006B0006 EFLAG=00000212
0127B8AC	MOV      EDX, 0x4                                         EAX=00581BB0 ECX=00000001 EDX=001ADCD8 EBX=002DF580 ESP=002DF578 EBP=002DF5DC ESI=00000000 EDI=006B0006 EFLAG=00000212
0127B8B7	SUB      EBX, EDX                                         EAX=00581BB0 ECX=00000001 EDX=00000004 EBX=293B6344 ESP=002DF578 EBP=002DF5DC ESI=00000000 EDI=006B0006 EFLAG=00000206
0127B8BF	POP      EDX                                              EAX=00581BB0 ECX=00000001 EDX=00000004 EBX=002DF57C ESP=002DF578 EBP=002DF5DC ESI=00000000 EDI=006B0006 EFLAG=00000212
0127B8C0	XCHG     [ESP], EBX                                       EAX=00581BB0 ECX=00000001 EDX=001ADCD8 EBX=002DF57C ESP=002DF57C EBP=002DF5DC ESI=00000000 EDI=006B0006 EFLAG=00000212
0127B8C3	POP      ESP                                              EAX=00581BB0 ECX=00000001 EDX=001ADCD8 EBX=775D41B5 ESP=002DF57C EBP=002DF5DC ESI=00000000 EDI=006B0006 EFLAG=00000212
0127B8C4	MOV      [ESP], ESI                                       EAX=00581BB0 ECX=00000001 EDX=001ADCD8 EBX=775D41B5 ESP=002DF57C EBP=002DF5DC ESI=00000000 EDI=006B0006 EFLAG=00000212
0127B8C7	PUSH     ESP                                              EAX=00581BB0 ECX=00000001 EDX=001ADCD8 EBX=775D41B5 ESP=002DF57C EBP=002DF5DC ESI=00000000 EDI=006B0006 EFLAG=00000212
0127B8C8	POP      ESI                                              EAX=00581BB0 ECX=00000001 EDX=001ADCD8 EBX=775D41B5 ESP=002DF578 EBP=002DF5DC ESI=00000000 EDI=006B0006 EFLAG=00000212
0127B8D1	ADD      ESI, 0x4                                         EAX=00581BB0 ECX=00000001 EDX=001ADCD8 EBX=775D41B5 ESP=002DF57C EBP=002DF5DC ESI=002DF57C EDI=006B0006 EFLAG=00000202
0127B8D7	PUSH     EDI                                              EAX=00581BB0 ECX=00000001 EDX=001ADCD8 EBX=775D41B5 ESP=002DF57C EBP=002DF5DC ESI=002DF580 EDI=006B0006 EFLAG=00000212
0127B8DF	MOV      EDI, 0x4                                         EAX=00581BB0 ECX=00000001 EDX=001ADCD8 EBX=775D41B5 ESP=002DF578 EBP=002DF5DC ESI=002DF580 EDI=006B0006 EFLAG=00000212
0127B8E4	SUB      ESI, EDI                                         EAX=00581BB0 ECX=00000001 EDX=001ADCD8 EBX=775D41B5 ESP=002DF578 EBP=002DF5DC ESI=002DF580 EDI=00000004 EFLAG=00000212
0127B8E6	POP      EDI                                              EAX=00581BB0 ECX=00000001 EDX=001ADCD8 EBX=775D41B5 ESP=002DF578 EBP=002DF5DC ESI=002DF57C EDI=00000004 EFLAG=00000212
0127B8E7	XCHG     [ESP], ESI                                       EAX=00581BB0 ECX=00000001 EDX=001ADCD8 EBX=775D41B5 ESP=002DF57C EBP=002DF5DC ESI=002DF57C EDI=006B0006 EFLAG=00000212
0127B8EA	MOV      ESP, [ESP]                                       EAX=00581BB0 ECX=00000001 EDX=001ADCD8 EBX=775D41B5 ESP=002DF57C EBP=002DF5DC ESI=00000000 EDI=006B0006 EFLAG=00000212
0127B8ED	MOV      [ESP], EAX                                       EAX=00581BB0 ECX=00000001 EDX=001ADCD8 EBX=775D41B5 ESP=002DF57C EBP=002DF5DC ESI=00000000 EDI=006B0006 EFLAG=00000212
0127B8F0	PUSH     ECX                                              EAX=00581BB0 ECX=00000001 EDX=001ADCD8 EBX=775D41B5 ESP=002DF57C EBP=002DF5DC ESI=00000000 EDI=006B0006 EFLAG=00000212
0127B8F8	PUSH     EAX                                              EAX=00581BB0 ECX=00000001 EDX=001ADCD8 EBX=775D41B5 ESP=002DF578 EBP=002DF5DC ESI=00000000 EDI=006B0006 EFLAG=00000212
0127B900	MOV      EAX, ESP                                         EAX=00581BB0 ECX=00000001 EDX=001ADCD8 EBX=775D41B5 ESP=002DF574 EBP=002DF5DC ESI=00000000 EDI=006B0006 EFLAG=00000212
0127B902	PUSH     ESI                                              EAX=002DF574 ECX=00000001 EDX=001ADCD8 EBX=775D41B5 ESP=002DF574 EBP=002DF5DC ESI=00000000 EDI=006B0006 EFLAG=00000212
0127B90B	MOV      ESI, 0x43b30fc                                   EAX=002DF574 ECX=00000001 EDX=001ADCD8 EBX=775D41B5 ESP=002DF570 EBP=002DF5DC ESI=00000000 EDI=006B0006 EFLAG=00000202
0127B916	SHL      ESI, 0x2                                         EAX=002DF574 ECX=00000001 EDX=001ADCD8 EBX=775D41B5 ESP=002DF570 EBP=002DF5DC ESI=043B30FC EDI=006B0006 EFLAG=00000206
0127B919	NOT      ESI                                              EAX=002DF574 ECX=00000001 EDX=001ADCD8 EBX=775D41B5 ESP=002DF570 EBP=002DF5DC ESI=10ECC3F0 EDI=006B0006 EFLAG=00000206
0127B91B	PUSH     ECX                                              EAX=002DF574 ECX=00000001 EDX=001ADCD8 EBX=775D41B5 ESP=002DF570 EBP=002DF5DC ESI=EF133C0F EDI=006B0006 EFLAG=00000206
0127B921	MOV      ECX, 0x17336ef2                                  EAX=002DF574 ECX=00000001 EDX=001ADCD8 EBX=775D41B5 ESP=002DF56C EBP=002DF5DC ESI=EF133C0F EDI=006B0006 EFLAG=00000216
0127B92C	PUSH     EBP                                              EAX=002DF574 ECX=17336EF2 EDX=001ADCD8 EBX=775D41B5 ESP=002DF56C EBP=002DF5DC ESI=EF133C0F EDI=006B0006 EFLAG=00000202
0127B92D	MOV      EBP, 0xd7c760a                                   EAX=002DF574 ECX=17336EF2 EDX=001ADCD8 EBX=775D41B5 ESP=002DF568 EBP=002DF5DC ESI=EF133C0F EDI=006B0006 EFLAG=00000202
0127B933	PUSH     EBX                                              EAX=002DF574 ECX=17336EF2 EDX=001ADCD8 EBX=775D41B5 ESP=002DF568 EBP=0D7C760A ESI=EF133C0F EDI=006B0006 EFLAG=00000202
0127B939	MOV      EBX, 0x29ba2351                                  EAX=002DF574 ECX=17336EF2 EDX=001ADCD8 EBX=775D41B5 ESP=002DF564 EBP=0D7C760A ESI=EF133C0F EDI=006B0006 EFLAG=00000202
0127B93E	OR       EBP, EBX                                         EAX=002DF574 ECX=17336EF2 EDX=001ADCD8 EBX=29BA2351 ESP=002DF564 EBP=0D7C760A ESI=EF133C0F EDI=006B0006 EFLAG=00000202
0127B940	POP      EBX                                              EAX=002DF574 ECX=17336EF2 EDX=001ADCD8 EBX=29BA2351 ESP=002DF564 EBP=2DFE775B ESI=EF133C0F EDI=006B0006 EFLAG=00000202
0127B941	SHL      EBP, 0x1                                         EAX=002DF574 ECX=17336EF2 EDX=001ADCD8 EBX=775D41B5 ESP=002DF568 EBP=2DFE775B ESI=EF133C0F EDI=006B0006 EFLAG=00000202
0127B943	DEC      EBP                                              EAX=002DF574 ECX=17336EF2 EDX=001ADCD8 EBX=775D41B5 ESP=002DF568 EBP=5BFCEEB6 ESI=EF133C0F EDI=006B0006 EFLAG=00000202
0127B944	ADD      EBP, 0x4315bf9                                   EAX=002DF574 ECX=17336EF2 EDX=001ADCD8 EBX=775D41B5 ESP=002DF568 EBP=5BFCEEB5 ESI=EF133C0F EDI=006B0006 EFLAG=00000202
0127B94A	ADD      ECX, EBP                                         EAX=002DF574 ECX=17336EF2 EDX=001ADCD8 EBX=775D41B5 ESP=002DF568 EBP=602E4AAE ESI=EF133C0F EDI=006B0006 EFLAG=00000202
0127B94C	POP      EBP                                              EAX=002DF574 ECX=7761B9A0 EDX=001ADCD8 EBX=775D41B5 ESP=002DF568 EBP=602E4AAE ESI=EF133C0F EDI=006B0006 EFLAG=00000216
0127B94D	XOR      ECX, 0x49d467be                                  EAX=002DF574 ECX=7761B9A0 EDX=001ADCD8 EBX=775D41B5 ESP=002DF56C EBP=002DF5DC ESI=EF133C0F EDI=006B0006 EFLAG=00000216
0127B953	SHR      ECX, 0x3                                         EAX=002DF574 ECX=3EB5DE1E EDX=001ADCD8 EBX=775D41B5 ESP=002DF56C EBP=002DF5DC ESI=EF133C0F EDI=006B0006 EFLAG=00000206
0127B956	ADD      ECX, 0x9160832                                   EAX=002DF574 ECX=07D6BBC3 EDX=001ADCD8 EBX=775D41B5 ESP=002DF56C EBP=002DF5DC ESI=EF133C0F EDI=006B0006 EFLAG=00000207
0127B95C	ADD      ESI, ECX                                         EAX=002DF574 ECX=10ECC3F5 EDX=001ADCD8 EBX=775D41B5 ESP=002DF56C EBP=002DF5DC ESI=EF133C0F EDI=006B0006 EFLAG=00000206
0127B95E	MOV      ECX, [ESP]                                       EAX=002DF574 ECX=10ECC3F5 EDX=001ADCD8 EBX=775D41B5 ESP=002DF56C EBP=002DF5DC ESI=00000004 EDI=006B0006 EFLAG=00000213
0127B961	PUSH     EBP                                              EAX=002DF574 ECX=00000001 EDX=001ADCD8 EBX=775D41B5 ESP=002DF56C EBP=002DF5DC ESI=00000004 EDI=006B0006 EFLAG=00000213
0127B962	MOV      EBP, ESP                                         EAX=002DF574 ECX=00000001 EDX=001ADCD8 EBX=775D41B5 ESP=002DF568 EBP=002DF5DC ESI=00000004 EDI=006B0006 EFLAG=00000213
0127B964	ADD      EBP, 0x4                                         EAX=002DF574 ECX=00000001 EDX=001ADCD8 EBX=775D41B5 ESP=002DF568 EBP=002DF568 ESI=00000004 EDI=006B0006 EFLAG=00000213
0127B96A	PUSH     EAX                                              EAX=002DF574 ECX=00000001 EDX=001ADCD8 EBX=775D41B5 ESP=002DF568 EBP=002DF56C ESI=00000004 EDI=006B0006 EFLAG=00000206
0127B96B	MOV      EAX, 0x4                                         EAX=002DF574 ECX=00000001 EDX=001ADCD8 EBX=775D41B5 ESP=002DF564 EBP=002DF56C ESI=00000004 EDI=006B0006 EFLAG=00000206
0127B970	ADD      EBP, EAX                                         EAX=00000004 ECX=00000001 EDX=001ADCD8 EBX=775D41B5 ESP=002DF564 EBP=002DF56C ESI=00000004 EDI=006B0006 EFLAG=00000206
0127B972	POP      EAX                                              EAX=00000004 ECX=00000001 EDX=001ADCD8 EBX=775D41B5 ESP=002DF564 EBP=002DF570 ESI=00000004 EDI=006B0006 EFLAG=00000212
0127B973	XCHG     [ESP], EBP                                       EAX=002DF574 ECX=00000001 EDX=001ADCD8 EBX=775D41B5 ESP=002DF568 EBP=002DF570 ESI=00000004 EDI=006B0006 EFLAG=00000212
0127B976	POP      ESP                                              EAX=002DF574 ECX=00000001 EDX=001ADCD8 EBX=775D41B5 ESP=002DF568 EBP=002DF5DC ESI=00000004 EDI=006B0006 EFLAG=00000212
0127B97C	ADD      EAX, ESI                                         EAX=39F1247B ECX=00000001 EDX=001ADCD8 EBX=775D41B5 ESP=002DF570 EBP=002DF5DC ESI=00000004 EDI=006B0006 EFLAG=00000206
0127B983	POP      ESI                                              EAX=002DF578 ECX=00000001 EDX=001ADCD8 EBX=775D41B5 ESP=002DF570 EBP=002DF5DC ESI=00000004 EDI=006B0006 EFLAG=00000206
0127B984	PUSH     EBX                                              EAX=002DF578 ECX=00000001 EDX=001ADCD8 EBX=775D41B5 ESP=002DF574 EBP=002DF5DC ESI=00000000 EDI=006B0006 EFLAG=00000206
0127B985	MOV      EBX, 0x4                                         EAX=002DF578 ECX=00000001 EDX=001ADCD8 EBX=775D41B5 ESP=002DF570 EBP=002DF5DC ESI=00000000 EDI=006B0006 EFLAG=00000206
0127B98F	SUB      EAX, EBX                                         EAX=8492C7AA ECX=00000001 EDX=001ADCD8 EBX=00000004 ESP=002DF570 EBP=002DF5DC ESI=00000000 EDI=006B0006 EFLAG=00000297
0127B996	POP      EBX                                              EAX=002DF574 ECX=00000001 EDX=001ADCD8 EBX=00000004 ESP=002DF570 EBP=002DF5DC ESI=00000000 EDI=006B0006 EFLAG=00000217
0127B997	XCHG     [ESP], EAX                                       EAX=002DF574 ECX=00000001 EDX=001ADCD8 EBX=775D41B5 ESP=002DF574 EBP=002DF5DC ESI=00000000 EDI=006B0006 EFLAG=00000217
0127B99A	POP      ESP                                              EAX=00581BB0 ECX=00000001 EDX=001ADCD8 EBX=775D41B5 ESP=002DF574 EBP=002DF5DC ESI=00000000 EDI=006B0006 EFLAG=00000217
0127B9A1	MOV      [ESP], EDX                                       EAX=00581BB0 ECX=00000001 EDX=001ADCD8 EBX=775D41B5 ESP=002DF574 EBP=002DF5DC ESI=00000000 EDI=006B0006 EFLAG=00000217
0127B9A4	PUSH     EBX                                              EAX=00581BB0 ECX=00000001 EDX=001ADCD8 EBX=775D41B5 ESP=002DF574 EBP=002DF5DC ESI=00000000 EDI=006B0006 EFLAG=00000217
0127B9AC	PUSH     EAX                                              EAX=00581BB0 ECX=00000001 EDX=001ADCD8 EBX=775D41B5 ESP=002DF570 EBP=002DF5DC ESI=00000000 EDI=006B0006 EFLAG=00000217
0127B9B0	MOV      [ESP], ECX                                       EAX=00581BB0 ECX=00000001 EDX=001ADCD8 EBX=775D41B5 ESP=002DF56C EBP=002DF5DC ESI=00000000 EDI=006B0006 EFLAG=00000217
0127B9B3	MOV      ECX, ESP                                         EAX=00581BB0 ECX=00000001 EDX=001ADCD8 EBX=775D41B5 ESP=002DF56C EBP=002DF5DC ESI=00000000 EDI=006B0006 EFLAG=00000217
0127B9B5	ADD      ECX, 0x4                                         EAX=00581BB0 ECX=002DF56C EDX=001ADCD8 EBX=775D41B5 ESP=002DF56C EBP=002DF5DC ESI=00000000 EDI=006B0006 EFLAG=00000217
0127B9BB	PUSH     EBP                                              EAX=00581BB0 ECX=002DF570 EDX=001ADCD8 EBX=775D41B5 ESP=002DF56C EBP=002DF5DC ESI=00000000 EDI=006B0006 EFLAG=00000212
0127B9C3	MOV      EBP, 0x4                                         EAX=00581BB0 ECX=002DF570 EDX=001ADCD8 EBX=775D41B5 ESP=002DF568 EBP=002DF5DC ESI=00000000 EDI=006B0006 EFLAG=00000212
0127B9C8	PUSH     EDI                                              EAX=00581BB0 ECX=002DF570 EDX=001ADCD8 EBX=775D41B5 ESP=002DF568 EBP=00000004 ESI=00000000 EDI=006B0006 EFLAG=00000212
0127B9C9	MOV      EDI, 0x20bb64e9                                  EAX=00581BB0 ECX=002DF570 EDX=001ADCD8 EBX=775D41B5 ESP=002DF564 EBP=00000004 ESI=00000000 EDI=006B0006 EFLAG=00000212
0127B9CE	SUB      ECX, EDI                                         EAX=00581BB0 ECX=002DF570 EDX=001ADCD8 EBX=775D41B5 ESP=002DF564 EBP=00000004 ESI=00000000 EDI=20BB64E9 EFLAG=00000212
0127B9D0	POP      EDI                                              EAX=00581BB0 ECX=DF729087 EDX=001ADCD8 EBX=775D41B5 ESP=002DF564 EBP=00000004 ESI=00000000 EDI=20BB64E9 EFLAG=00000297
0127B9D7	SUB      ECX, EBP                                         EAX=00581BB0 ECX=8F186AA3 EDX=001ADCD8 EBX=775D41B5 ESP=002DF568 EBP=00000004 ESI=00000000 EDI=006B0006 EFLAG=00000286
0127B9DF	PUSH     EBX                                              EAX=00581BB0 ECX=DF729083 EDX=001ADCD8 EBX=775D41B5 ESP=002DF568 EBP=00000004 ESI=00000000 EDI=006B0006 EFLAG=00000292
0127B9E7	MOV      EBX, 0x9f12570                                   EAX=00581BB0 ECX=DF729083 EDX=001ADCD8 EBX=775D41B5 ESP=002DF564 EBP=00000004 ESI=00000000 EDI=006B0006 EFLAG=00000292
0127B9EC	PUSH     ECX                                              EAX=00581BB0 ECX=DF729083 EDX=001ADCD8 EBX=09F12570 ESP=002DF564 EBP=00000004 ESI=00000000 EDI=006B0006 EFLAG=00000292
0127B9ED	MOV      ECX, 0x13440a9c                                  EAX=00581BB0 ECX=DF729083 EDX=001ADCD8 EBX=09F12570 ESP=002DF560 EBP=00000004 ESI=00000000 EDI=006B0006 EFLAG=00000292
0127B9F2	ADD      EBX, ECX                                         EAX=00581BB0 ECX=13440A9C EDX=001ADCD8 EBX=09F12570 ESP=002DF560 EBP=00000004 ESI=00000000 EDI=006B0006 EFLAG=00000292
0127B9F4	POP      ECX                                              EAX=00581BB0 ECX=13440A9C EDX=001ADCD8 EBX=1D35300C ESP=002DF560 EBP=00000004 ESI=00000000 EDI=006B0006 EFLAG=00000206
0127B9F5	INC      EBX                                              EAX=00581BB0 ECX=DF729083 EDX=001ADCD8 EBX=1D35300C ESP=002DF564 EBP=00000004 ESI=00000000 EDI=006B0006 EFLAG=00000206
0127B9F8	NEG      EBX                                              EAX=00581BB0 ECX=DF729083 EDX=001ADCD8 EBX=1D35300D ESP=002DF564 EBP=00000004 ESI=00000000 EDI=006B0006 EFLAG=00000202
0127B9FA	AND      EBX, 0x357e1b25                                  EAX=00581BB0 ECX=DF729083 EDX=001ADCD8 EBX=E2CACFF3 ESP=002DF564 EBP=00000004 ESI=00000000 EDI=006B0006 EFLAG=00000297
0127BA00	PUSH     EDI                                              EAX=00581BB0 ECX=DF729083 EDX=001ADCD8 EBX=204A0B21 ESP=002DF564 EBP=00000004 ESI=00000000 EDI=006B0006 EFLAG=00000206
0127BA01	MOV      EDI, 0x10983668                                  EAX=00581BB0 ECX=DF729083 EDX=001ADCD8 EBX=204A0B21 ESP=002DF560 EBP=00000004 ESI=00000000 EDI=006B0006 EFLAG=00000206
0127BA06	OR       EBX, EDI                                         EAX=00581BB0 ECX=DF729083 EDX=001ADCD8 EBX=204A0B21 ESP=002DF560 EBP=00000004 ESI=00000000 EDI=10983668 EFLAG=00000206
0127BA08	POP      EDI                                              EAX=00581BB0 ECX=DF729083 EDX=001ADCD8 EBX=30DA3F69 ESP=002DF560 EBP=00000004 ESI=00000000 EDI=10983668 EFLAG=00000206
0127BA09	PUSH     EBP                                              EAX=00581BB0 ECX=DF729083 EDX=001ADCD8 EBX=30DA3F69 ESP=002DF564 EBP=00000004 ESI=00000000 EDI=006B0006 EFLAG=00000206
0127BA0A	PUSH     EDX                                              EAX=00581BB0 ECX=DF729083 EDX=001ADCD8 EBX=30DA3F69 ESP=002DF560 EBP=00000004 ESI=00000000 EDI=006B0006 EFLAG=00000206
0127BA0B	MOV      EDX, 0x21303270                                  EAX=00581BB0 ECX=DF729083 EDX=001ADCD8 EBX=30DA3F69 ESP=002DF55C EBP=00000004 ESI=00000000 EDI=006B0006 EFLAG=00000206
0127BA11	AND      EDX, 0x189103dd                                  EAX=00581BB0 ECX=DF729083 EDX=21303270 EBX=30DA3F69 ESP=002DF55C EBP=00000004 ESI=00000000 EDI=006B0006 EFLAG=00000206
0127BA17	SUB      EDX, 0xeff127d0                                  EAX=00581BB0 ECX=DF729083 EDX=00100250 EBX=30DA3F69 ESP=002DF55C EBP=00000004 ESI=00000000 EDI=006B0006 EFLAG=00000206
0127BA1D	MOV      EBP, EDX                                         EAX=00581BB0 ECX=DF729083 EDX=101EDA80 EBX=30DA3F69 ESP=002DF55C EBP=00000004 ESI=00000000 EDI=006B0006 EFLAG=00000203
0127BA1F	POP      EDX                                              EAX=00581BB0 ECX=DF729083 EDX=101EDA80 EBX=30DA3F69 ESP=002DF55C EBP=101EDA80 ESI=00000000 EDI=006B0006 EFLAG=00000203
0127BA20	SUB      EBX, EBP                                         EAX=00581BB0 ECX=DF729083 EDX=001ADCD8 EBX=30DA3F69 ESP=002DF560 EBP=101EDA80 ESI=00000000 EDI=006B0006 EFLAG=00000203
0127BA22	POP      EBP                                              EAX=00581BB0 ECX=DF729083 EDX=001ADCD8 EBX=20BB64E9 ESP=002DF560 EBP=101EDA80 ESI=00000000 EDI=006B0006 EFLAG=00000202
0127BA23	ADD      ECX, EBX                                         EAX=00581BB0 ECX=DF729083 EDX=001ADCD8 EBX=20BB64E9 ESP=002DF564 EBP=00000004 ESI=00000000 EDI=006B0006 EFLAG=00000202
0127BA25	POP      EBX                                              EAX=00581BB0 ECX=002DF56C EDX=001ADCD8 EBX=20BB64E9 ESP=002DF564 EBP=00000004 ESI=00000000 EDI=006B0006 EFLAG=00000207
0127BA26	POP      EBP                                              EAX=00581BB0 ECX=002DF56C EDX=001ADCD8 EBX=775D41B5 ESP=002DF568 EBP=00000004 ESI=00000000 EDI=006B0006 EFLAG=00000207
0127BA27	PUSH     ECX                                              EAX=00581BB0 ECX=002DF56C EDX=001ADCD8 EBX=775D41B5 ESP=002DF56C EBP=002DF5DC ESI=00000000 EDI=006B0006 EFLAG=00000207
0127BA2F	MOV      ECX, [ESP+0x4]                                   EAX=00581BB0 ECX=002DF56C EDX=001ADCD8 EBX=775D41B5 ESP=002DF568 EBP=002DF5DC ESI=00000000 EDI=006B0006 EFLAG=00000207
0127BA34	POP      DWORD [ESP]                                      EAX=00581BB0 ECX=00000001 EDX=001ADCD8 EBX=775D41B5 ESP=002DF568 EBP=002DF5DC ESI=00000000 EDI=006B0006 EFLAG=00000207
0127BA37	MOV      ESP, [ESP]                                       EAX=00581BB0 ECX=00000001 EDX=001ADCD8 EBX=775D41B5 ESP=002DF56C EBP=002DF5DC ESI=00000000 EDI=006B0006 EFLAG=00000207
0127BA3A	MOV      [ESP], EBX                                       EAX=00581BB0 ECX=00000001 EDX=001ADCD8 EBX=775D41B5 ESP=002DF56C EBP=002DF5DC ESI=00000000 EDI=006B0006 EFLAG=00000207
0127BA3D	PUSH     EBP                                              EAX=00581BB0 ECX=00000001 EDX=001ADCD8 EBX=775D41B5 ESP=002DF56C EBP=002DF5DC ESI=00000000 EDI=006B0006 EFLAG=00000207
0127BA45	PUSH     ESI                                              EAX=00581BB0 ECX=00000001 EDX=001ADCD8 EBX=775D41B5 ESP=002DF568 EBP=002DF5DC ESI=00000000 EDI=006B0006 EFLAG=00000207
0127BA4D	PUSH     EBP                                              EAX=00581BB0 ECX=00000001 EDX=001ADCD8 EBX=775D41B5 ESP=002DF564 EBP=002DF5DC ESI=00000000 EDI=006B0006 EFLAG=00000207
0127BA56	MOV      [ESP], EAX                                       EAX=00581BB0 ECX=00000001 EDX=001ADCD8 EBX=775D41B5 ESP=002DF560 EBP=002DF5DC ESI=00000000 EDI=006B0006 EFLAG=00000206
0127BA59	PUSH     EAX                                              EAX=00581BB0 ECX=00000001 EDX=001ADCD8 EBX=775D41B5 ESP=002DF560 EBP=002DF5DC ESI=00000000 EDI=006B0006 EFLAG=00000206
0127BA5A	MOV      EAX, ESP                                         EAX=00581BB0 ECX=00000001 EDX=001ADCD8 EBX=775D41B5 ESP=002DF55C EBP=002DF5DC ESI=00000000 EDI=006B0006 EFLAG=00000206
0127BA66	XCHG     [ESP], EAX                                       EAX=002DF55C ECX=00000001 EDX=001ADCD8 EBX=775D41B5 ESP=002DF55C EBP=002DF5DC ESI=00000000 EDI=006B0006 EFLAG=00000216
0127BA69	MOV      ESP, [ESP]                                       EAX=00581BB0 ECX=00000001 EDX=001ADCD8 EBX=775D41B5 ESP=002DF55C EBP=002DF5DC ESI=00000000 EDI=006B0006 EFLAG=00000216
0127BA6C	MOV      [ESP], ESP                                       EAX=00581BB0 ECX=00000001 EDX=001ADCD8 EBX=775D41B5 ESP=002DF55C EBP=002DF5DC ESI=00000000 EDI=006B0006 EFLAG=00000216
0127BA70	PUSH     EDI                                              EAX=00581BB0 ECX=00000001 EDX=001ADCD8 EBX=775D41B5 ESP=002DF55C EBP=002DF5DC ESI=00000000 EDI=006B0006 EFLAG=00000216
0127BA78	MOV      EDI, 0x4                                         EAX=00581BB0 ECX=00000001 EDX=001ADCD8 EBX=775D41B5 ESP=002DF558 EBP=002DF5DC ESI=00000000 EDI=006B0006 EFLAG=00000216
0127BA7D	ADD      [ESP+0x4], EDI                                   EAX=00581BB0 ECX=00000001 EDX=001ADCD8 EBX=775D41B5 ESP=002DF558 EBP=002DF5DC ESI=00000000 EDI=00000004 EFLAG=00000216
0127BA81	POP      EDI                                              EAX=00581BB0 ECX=00000001 EDX=001ADCD8 EBX=775D41B5 ESP=002DF558 EBP=002DF5DC ESI=00000000 EDI=00000004 EFLAG=00000216
0127BA82	POP      EAX                                              EAX=00581BB0 ECX=00000001 EDX=001ADCD8 EBX=775D41B5 ESP=002DF55C EBP=002DF5DC ESI=00000000 EDI=006B0006 EFLAG=00000216
0127BA83	ADD      EAX, 0x4                                         EAX=002DF560 ECX=00000001 EDX=001ADCD8 EBX=775D41B5 ESP=002DF560 EBP=002DF5DC ESI=00000000 EDI=006B0006 EFLAG=00000216
0127BA88	PUSH     ESI                                              EAX=002DF564 ECX=00000001 EDX=001ADCD8 EBX=775D41B5 ESP=002DF560 EBP=002DF5DC ESI=00000000 EDI=006B0006 EFLAG=00000202
0127BA8C	MOV      ESI, 0x4f1e2b92                                  EAX=002DF564 ECX=00000001 EDX=001ADCD8 EBX=775D41B5 ESP=002DF55C EBP=002DF5DC ESI=00000000 EDI=006B0006 EFLAG=00000202
0127BA92	PUSH     EDX                                              EAX=002DF564 ECX=00000001 EDX=001ADCD8 EBX=775D41B5 ESP=002DF55C EBP=002DF5DC ESI=4F1E2B92 EDI=006B0006 EFLAG=00000202
0127BA9A	MOV      EDX, 0x583918bd                                  EAX=002DF564 ECX=00000001 EDX=001ADCD8 EBX=775D41B5 ESP=002DF558 EBP=002DF5DC ESI=4F1E2B92 EDI=006B0006 EFLAG=00000202
0127BAA5	SUB      ESI, EDX                                         EAX=002DF564 ECX=00000001 EDX=583918BD EBX=775D41B5 ESP=002DF558 EBP=002DF5DC ESI=18830A35 EDI=006B0006 EFLAG=00000216
0127BAAD	POP      EDX                                              EAX=002DF564 ECX=00000001 EDX=583918BD EBX=775D41B5 ESP=002DF558 EBP=002DF5DC ESI=F6E512D5 EDI=006B0006 EFLAG=00000292
0127BAAE	SHL      ESI, 0x1                                         EAX=002DF564 ECX=00000001 EDX=001ADCD8 EBX=775D41B5 ESP=002DF55C EBP=002DF5DC ESI=F6E512D5 EDI=006B0006 EFLAG=00000292
0127BAB0	SUB      ESI, 0xab75de3f                                  EAX=002DF564 ECX=00000001 EDX=001ADCD8 EBX=775D41B5 ESP=002DF55C EBP=002DF5DC ESI=EDCA25AA EDI=006B0006 EFLAG=00000287
0127BAB6	SHL      ESI, 0x1                                         EAX=002DF564 ECX=00000001 EDX=001ADCD8 EBX=775D41B5 ESP=002DF55C EBP=002DF5DC ESI=4254476B EDI=006B0006 EFLAG=00000212
0127BAB8	INC      ESI                                              EAX=002DF564 ECX=00000001 EDX=001ADCD8 EBX=775D41B5 ESP=002DF55C EBP=002DF5DC ESI=84A88ED6 EDI=006B0006 EFLAG=00000A82
0127BAB9	OR       ESI, 0x4eb80f4d                                  EAX=002DF564 ECX=00000001 EDX=001ADCD8 EBX=775D41B5 ESP=002DF55C EBP=002DF5DC ESI=84A88ED7 EDI=006B0006 EFLAG=00000286
0127BABF	NOT      ESI                                              EAX=002DF564 ECX=00000001 EDX=001ADCD8 EBX=775D41B5 ESP=002DF55C EBP=002DF5DC ESI=CEB88FDF EDI=006B0006 EFLAG=00000282
0127BAC1	ADD      ESI, 0x549a7402                                  EAX=002DF564 ECX=00000001 EDX=001ADCD8 EBX=775D41B5 ESP=002DF55C EBP=002DF5DC ESI=31477020 EDI=006B0006 EFLAG=00000282
0127BAC7	XOR      ESI, 0x85e1e426                                  EAX=002DF564 ECX=00000001 EDX=001ADCD8 EBX=775D41B5 ESP=002DF55C EBP=002DF5DC ESI=85E1E422 EDI=006B0006 EFLAG=00000A86
0127BACD	SUB      EAX, ESI                                         EAX=002DF564 ECX=00000001 EDX=001ADCD8 EBX=775D41B5 ESP=002DF55C EBP=002DF5DC ESI=00000004 EDI=006B0006 EFLAG=00000202
0127BACF	POP      ESI                                              EAX=002DF560 ECX=00000001 EDX=001ADCD8 EBX=775D41B5 ESP=002DF55C EBP=002DF5DC ESI=00000004 EDI=006B0006 EFLAG=00000206
0127BAD5	XCHG     [ESP], EAX                                       EAX=002DF560 ECX=00000001 EDX=001ADCD8 EBX=775D41B5 ESP=002DF560 EBP=002DF5DC ESI=00000000 EDI=006B0006 EFLAG=00000216
0127BADE	MOV      ESP, [ESP]                                       EAX=00581BB0 ECX=00000001 EDX=001ADCD8 EBX=775D41B5 ESP=002DF560 EBP=002DF5DC ESI=00000000 EDI=006B0006 EFLAG=00000202
0127BAE1	MOV      [ESP], EDI                                       EAX=00581BB0 ECX=00000001 EDX=001ADCD8 EBX=775D41B5 ESP=002DF560 EBP=002DF5DC ESI=00000000 EDI=006B0006 EFLAG=00000202
0127BAE4	CALL     0x127bae9                                        EAX=00581BB0 ECX=00000001 EDX=001ADCD8 EBX=775D41B5 ESP=002DF560 EBP=002DF5DC ESI=00000000 EDI=006B0006 EFLAG=00000202
0127BAE9	PUSH     DWORD [ESP]                                      EAX=00581BB0 ECX=00000001 EDX=001ADCD8 EBX=775D41B5 ESP=002DF55C EBP=002DF5DC ESI=00000000 EDI=006B0006 EFLAG=00000202
0127BAEC	POP      ECX                                              EAX=00581BB0 ECX=00000001 EDX=001ADCD8 EBX=775D41B5 ESP=002DF558 EBP=002DF5DC ESI=00000000 EDI=006B0006 EFLAG=00000202
0127BAF5	PUSH     EAX                                              EAX=00581BB0 ECX=0127BAE9 EDX=001ADCD8 EBX=775D41B5 ESP=002DF55C EBP=002DF5DC ESI=00000000 EDI=006B0006 EFLAG=00000206
0127BAF6	PUSH     ESP                                              EAX=00581BB0 ECX=0127BAE9 EDX=001ADCD8 EBX=775D41B5 ESP=002DF558 EBP=002DF5DC ESI=00000000 EDI=006B0006 EFLAG=00000206
0127BAF7	POP      EAX                                              EAX=00581BB0 ECX=0127BAE9 EDX=001ADCD8 EBX=775D41B5 ESP=002DF554 EBP=002DF5DC ESI=00000000 EDI=006B0006 EFLAG=00000206
0127BAFD	PUSH     ESI                                              EAX=002DF558 ECX=0127BAE9 EDX=001ADCD8 EBX=775D41B5 ESP=002DF558 EBP=002DF5DC ESI=00000000 EDI=006B0006 EFLAG=00000202
0127BB05	MOV      ESI, 0x7b8625                                    EAX=002DF558 ECX=0127BAE9 EDX=001ADCD8 EBX=775D41B5 ESP=002DF554 EBP=002DF5DC ESI=00000000 EDI=006B0006 EFLAG=00000202
0127BB0D	NOT      ESI                                              EAX=002DF558 ECX=0127BAE9 EDX=001ADCD8 EBX=775D41B5 ESP=002DF554 EBP=002DF5DC ESI=007B8625 EDI=006B0006 EFLAG=00000203
0127BB0F	PUSH     EBX                                              EAX=002DF558 ECX=0127BAE9 EDX=001ADCD8 EBX=775D41B5 ESP=002DF554 EBP=002DF5DC ESI=FF8479DA EDI=006B0006 EFLAG=00000203
0127BB10	MOV      EBX, 0xffffffff                                  EAX=002DF558 ECX=0127BAE9 EDX=001ADCD8 EBX=775D41B5 ESP=002DF550 EBP=002DF5DC ESI=FF8479DA EDI=006B0006 EFLAG=00000203
0127BB15	ADD      ESI, EBX                                         EAX=002DF558 ECX=0127BAE9 EDX=001ADCD8 EBX=FFFFFFFF ESP=002DF550 EBP=002DF5DC ESI=FF8479DA EDI=006B0006 EFLAG=00000203
0127BB17	MOV      EBX, [ESP]                                       EAX=002DF558 ECX=0127BAE9 EDX=001ADCD8 EBX=FFFFFFFF ESP=002DF550 EBP=002DF5DC ESI=FF8479D9 EDI=006B0006 EFLAG=00000293
0127BB1A	PUSH     EBX                                              EAX=002DF558 ECX=0127BAE9 EDX=001ADCD8 EBX=775D41B5 ESP=002DF550 EBP=002DF5DC ESI=FF8479D9 EDI=006B0006 EFLAG=00000293
0127BB1B	MOV      EBX, ESP                                         EAX=002DF558 ECX=0127BAE9 EDX=001ADCD8 EBX=775D41B5 ESP=002DF54C EBP=002DF5DC ESI=FF8479D9 EDI=006B0006 EFLAG=00000293
0127BB1D	PUSH     ESI                                              EAX=002DF558 ECX=0127BAE9 EDX=001ADCD8 EBX=002DF54C ESP=002DF54C EBP=002DF5DC ESI=FF8479D9 EDI=006B0006 EFLAG=00000293
0127BB1E	MOV      ESI, 0x7a4b5961                                  EAX=002DF558 ECX=0127BAE9 EDX=001ADCD8 EBX=002DF54C ESP=002DF548 EBP=002DF5DC ESI=FF8479D9 EDI=006B0006 EFLAG=00000293
0127BB29	NEG      ESI                                              EAX=002DF558 ECX=0127BAE9 EDX=001ADCD8 EBX=002DF54C ESP=002DF548 EBP=002DF5DC ESI=7A4B5961 EDI=006B0006 EFLAG=00000202
0127BB2B	NOT      ESI                                              EAX=002DF558 ECX=0127BAE9 EDX=001ADCD8 EBX=002DF54C ESP=002DF548 EBP=002DF5DC ESI=85B4A69F EDI=006B0006 EFLAG=00000297
0127BB2D	ADD      ESI, 0x7677dfa                                   EAX=002DF558 ECX=0127BAE9 EDX=001ADCD8 EBX=002DF54C ESP=002DF548 EBP=002DF5DC ESI=7A4B5960 EDI=006B0006 EFLAG=00000297
0127BB33	INC      ESI                                              EAX=002DF558 ECX=0127BAE9 EDX=001ADCD8 EBX=002DF54C ESP=002DF548 EBP=002DF5DC ESI=81B2D75A EDI=006B0006 EFLAG=00000A86
0127BB34	XOR      ESI, 0x81b2d75f                                  EAX=002DF558 ECX=0127BAE9 EDX=001ADCD8 EBX=002DF54C ESP=002DF548 EBP=002DF5DC ESI=81B2D75B EDI=006B0006 EFLAG=00000282
0127BB3A	ADD      EBX, ESI                                         EAX=002DF558 ECX=0127BAE9 EDX=001ADCD8 EBX=002DF54C ESP=002DF548 EBP=002DF5DC ESI=00000004 EDI=006B0006 EFLAG=00000202
0127BB3C	POP      ESI                                              EAX=002DF558 ECX=0127BAE9 EDX=001ADCD8 EBX=002DF550 ESP=002DF548 EBP=002DF5DC ESI=00000004 EDI=006B0006 EFLAG=00000216
0127BB3D	PUSH     ECX                                              EAX=002DF558 ECX=0127BAE9 EDX=001ADCD8 EBX=002DF550 ESP=002DF54C EBP=002DF5DC ESI=FF8479D9 EDI=006B0006 EFLAG=00000216
0127BB3E	MOV      ECX, 0x4                                         EAX=002DF558 ECX=0127BAE9 EDX=001ADCD8 EBX=002DF550 ESP=002DF548 EBP=002DF5DC ESI=FF8479D9 EDI=006B0006 EFLAG=00000216
0127BB49	ADD      EBX, ECX                                         EAX=002DF558 ECX=00000004 EDX=001ADCD8 EBX=D799B042 ESP=002DF548 EBP=002DF5DC ESI=FF8479D9 EDI=006B0006 EFLAG=00000297
0127BB51	POP      ECX                                              EAX=002DF558 ECX=00000004 EDX=001ADCD8 EBX=002DF554 ESP=002DF548 EBP=002DF5DC ESI=FF8479D9 EDI=006B0006 EFLAG=00000213
0127BB5A	PUSH     EBX                                              EAX=002DF558 ECX=0127BAE9 EDX=001ADCD8 EBX=002DF554 ESP=002DF54C EBP=002DF5DC ESI=FF8479D9 EDI=006B0006 EFLAG=00000202
0127BB5B	MOV      EBX, [ESP+0x4]                                   EAX=002DF558 ECX=0127BAE9 EDX=001ADCD8 EBX=002DF554 ESP=002DF548 EBP=002DF5DC ESI=FF8479D9 EDI=006B0006 EFLAG=00000202
0127BB60	POP      DWORD [ESP]                                      EAX=002DF558 ECX=0127BAE9 EDX=001ADCD8 EBX=775D41B5 ESP=002DF548 EBP=002DF5DC ESI=FF8479D9 EDI=006B0006 EFLAG=00000202
0127BB63	POP      ESP                                              EAX=002DF558 ECX=0127BAE9 EDX=001ADCD8 EBX=775D41B5 ESP=002DF54C EBP=002DF5DC ESI=FF8479D9 EDI=006B0006 EFLAG=00000202
0127BB64	AND      ESI, 0x39e604b7                                  EAX=002DF558 ECX=0127BAE9 EDX=001ADCD8 EBX=775D41B5 ESP=002DF554 EBP=002DF5DC ESI=FF8479D9 EDI=006B0006 EFLAG=00000202
0127BB6A	ADD      ESI, 0xc67bff73                                  EAX=002DF558 ECX=0127BAE9 EDX=001ADCD8 EBX=775D41B5 ESP=002DF554 EBP=002DF5DC ESI=39840091 EDI=006B0006 EFLAG=00000202
0127BB70	ADD      EAX, ESI                                         EAX=002DF558 ECX=0127BAE9 EDX=001ADCD8 EBX=775D41B5 ESP=002DF554 EBP=002DF5DC ESI=00000004 EDI=006B0006 EFLAG=00000203
0127BB72	POP      ESI                                              EAX=002DF55C ECX=0127BAE9 EDX=001ADCD8 EBX=775D41B5 ESP=002DF554 EBP=002DF5DC ESI=00000004 EDI=006B0006 EFLAG=00000206
0127BB73	PUSH     EBP                                              EAX=002DF55C ECX=0127BAE9 EDX=001ADCD8 EBX=775D41B5 ESP=002DF558 EBP=002DF5DC ESI=00000000 EDI=006B0006 EFLAG=00000206
0127BB74	MOV      EBP, 0x4                                         EAX=002DF55C ECX=0127BAE9 EDX=001ADCD8 EBX=775D41B5 ESP=002DF554 EBP=002DF5DC ESI=00000000 EDI=006B0006 EFLAG=00000206
0127BB79	ADD      EAX, 0x3492afa                                   EAX=002DF55C ECX=0127BAE9 EDX=001ADCD8 EBX=775D41B5 ESP=002DF554 EBP=00000004 ESI=00000000 EDI=006B0006 EFLAG=00000206
0127BB83	ADD      EAX, EBP                                         EAX=03772056 ECX=0127BAE9 EDX=001ADCD8 EBX=775D41B5 ESP=002DF554 EBP=00000004 ESI=00000000 EDI=006B0006 EFLAG=00000217
0127BB85	SUB      EAX, 0x3492afa                                   EAX=0377205A ECX=0127BAE9 EDX=001ADCD8 EBX=775D41B5 ESP=002DF554 EBP=00000004 ESI=00000000 EDI=006B0006 EFLAG=00000206
0127BB8F	POP      EBP                                              EAX=002DF560 ECX=0127BAE9 EDX=001ADCD8 EBX=775D41B5 ESP=002DF554 EBP=00000004 ESI=00000000 EDI=006B0006 EFLAG=00000217
0127BB90	XCHG     [ESP], EAX                                       EAX=002DF560 ECX=0127BAE9 EDX=001ADCD8 EBX=775D41B5 ESP=002DF558 EBP=002DF5DC ESI=00000000 EDI=006B0006 EFLAG=00000217
0127BB93	POP      ESP                                              EAX=00581BB0 ECX=0127BAE9 EDX=001ADCD8 EBX=775D41B5 ESP=002DF558 EBP=002DF5DC ESI=00000000 EDI=006B0006 EFLAG=00000217
0127BB94	PUSH     EDI                                              EAX=00581BB0 ECX=0127BAE9 EDX=001ADCD8 EBX=775D41B5 ESP=002DF560 EBP=002DF5DC ESI=00000000 EDI=006B0006 EFLAG=00000217
0127BB9C	MOV      EDI, 0x48e53255                                  EAX=00581BB0 ECX=0127BAE9 EDX=001ADCD8 EBX=775D41B5 ESP=002DF55C EBP=002DF5DC ESI=00000000 EDI=006B0006 EFLAG=00000217
0127BBA1	PUSH     ESI                                              EAX=00581BB0 ECX=0127BAE9 EDX=001ADCD8 EBX=775D41B5 ESP=002DF55C EBP=002DF5DC ESI=00000000 EDI=48E53255 EFLAG=00000217
0127BBA5	MOV      ESI, 0x0                                         EAX=00581BB0 ECX=0127BAE9 EDX=001ADCD8 EBX=775D41B5 ESP=002DF558 EBP=002DF5DC ESI=00000000 EDI=48E53255 EFLAG=00000217
0127BBAA	SUB      ESI, EDI                                         EAX=00581BB0 ECX=0127BAE9 EDX=001ADCD8 EBX=775D41B5 ESP=002DF558 EBP=002DF5DC ESI=00000000 EDI=48E53255 EFLAG=00000217
0127BBAC	XCHG     EDI, ESI                                         EAX=00581BB0 ECX=0127BAE9 EDX=001ADCD8 EBX=775D41B5 ESP=002DF558 EBP=002DF5DC ESI=B71ACDAB EDI=48E53255 EFLAG=00000293
0127BBAE	POP      ESI                                              EAX=00581BB0 ECX=0127BAE9 EDX=001ADCD8 EBX=775D41B5 ESP=002DF558 EBP=002DF5DC ESI=48E53255 EDI=B71ACDAB EFLAG=00000293
0127BBAF	PUSH     EDX                                              EAX=00581BB0 ECX=0127BAE9 EDX=001ADCD8 EBX=775D41B5 ESP=002DF55C EBP=002DF5DC ESI=00000000 EDI=B71ACDAB EFLAG=00000293
0127BBB3	MOV      EDX, 0xebb3b583                                  EAX=00581BB0 ECX=0127BAE9 EDX=001ADCD8 EBX=775D41B5 ESP=002DF558 EBP=002DF5DC ESI=00000000 EDI=B71ACDAB EFLAG=00000293
0127BBBE	NOT      EDX                                              EAX=00581BB0 ECX=0127BAE9 EDX=EBB3B583 EBX=775D41B5 ESP=002DF558 EBP=002DF5DC ESI=00000000 EDI=B71ACDAB EFLAG=00000A82
0127BBC0	XOR      EDX, 0x58ed603c                                  EAX=00581BB0 ECX=0127BAE9 EDX=144C4A7C EBX=775D41B5 ESP=002DF558 EBP=002DF5DC ESI=00000000 EDI=B71ACDAB EFLAG=00000A82
0127BBC6	SUB      EDI, EDX                                         EAX=00581BB0 ECX=0127BAE9 EDX=4CA12A40 EBX=775D41B5 ESP=002DF558 EBP=002DF5DC ESI=00000000 EDI=B71ACDAB EFLAG=00000202
0127BBC8	POP      EDX                                              EAX=00581BB0 ECX=0127BAE9 EDX=4CA12A40 EBX=775D41B5 ESP=002DF558 EBP=002DF5DC ESI=00000000 EDI=6A79A36B EFLAG=00000A02
0127BBCE	ADD      EDI, 0x95865f9f                                  EAX=00581BB0 ECX=0127BAE9 EDX=001ADCD8 EBX=775D41B5 ESP=002DF55C EBP=002DF5DC ESI=00000000 EDI=6A79A36B EFLAG=00000206
0127BBD4	SUB      ECX, 0x24d606a3                                  EAX=00581BB0 ECX=0127BAE9 EDX=001ADCD8 EBX=775D41B5 ESP=002DF55C EBP=002DF5DC ESI=00000000 EDI=0000030A EFLAG=00000217
0127BBE6	SUB      ECX, EDI                                         EAX=00581BB0 ECX=3F0E16F0 EDX=001ADCD8 EBX=775D41B5 ESP=002DF55C EBP=002DF5DC ESI=00000000 EDI=0000030A EFLAG=00000217
0127BBEE	ADD      ECX, 0x2fff60e5                                  EAX=00581BB0 ECX=DC51B13C EDX=001ADCD8 EBX=775D41B5 ESP=002DF55C EBP=002DF5DC ESI=00000000 EDI=0000030A EFLAG=00000297
0127BBF4	PUSH     EAX                                              EAX=00581BB0 ECX=0C511221 EDX=001ADCD8 EBX=775D41B5 ESP=002DF55C EBP=002DF5DC ESI=00000000 EDI=0000030A EFLAG=00000217
0127BBF5	MOV      EAX, 0x3d58090f                                  EAX=00581BB0 ECX=0C511221 EDX=001ADCD8 EBX=775D41B5 ESP=002DF558 EBP=002DF5DC ESI=00000000 EDI=0000030A EFLAG=00000217
0127BBFA	PUSH     EBP                                              EAX=3D58090F ECX=0C511221 EDX=001ADCD8 EBX=775D41B5 ESP=002DF558 EBP=002DF5DC ESI=00000000 EDI=0000030A EFLAG=00000217
0127BBFB	MOV      EBP, 0xbb18e45d                                  EAX=3D58090F ECX=0C511221 EDX=001ADCD8 EBX=775D41B5 ESP=002DF554 EBP=002DF5DC ESI=00000000 EDI=0000030A EFLAG=00000217
0127BC02	NEG      EBP                                              EAX=3D58090F ECX=0C511221 EDX=001ADCD8 EBX=775D41B5 ESP=002DF554 EBP=BB18E45D ESI=00000000 EDI=0000030A EFLAG=00000217
0127BC04	PUSH     EDI                                              EAX=3D58090F ECX=0C511221 EDX=001ADCD8 EBX=775D41B5 ESP=002DF554 EBP=44E71BA3 ESI=00000000 EDI=0000030A EFLAG=00000217
0127BC05	MOV      EDI, 0xd09fc165                                  EAX=3D58090F ECX=0C511221 EDX=001ADCD8 EBX=775D41B5 ESP=002DF550 EBP=44E71BA3 ESI=00000000 EDI=0000030A EFLAG=00000217
0127BC10	SUB      EDI, 0x33682bbd                                  EAX=3D58090F ECX=0C511221 EDX=001ADCD8 EBX=775D41B5 ESP=002DF550 EBP=44E71BA3 ESI=00000000 EDI=D09FC165 EFLAG=00000A86
0127BC16	XOR      EDI, 0x5dbc3ec8                                  EAX=3D58090F ECX=0C511221 EDX=001ADCD8 EBX=775D41B5 ESP=002DF550 EBP=44E71BA3 ESI=00000000 EDI=9D3795A8 EFLAG=00000292
0127BC1C	XOR      EDI, 0x3cad8814                                  EAX=3D58090F ECX=0C511221 EDX=001ADCD8 EBX=775D41B5 ESP=002DF550 EBP=44E71BA3 ESI=00000000 EDI=C08BAB60 EFLAG=00000286
0127BC22	ADD      EBP, EDI                                         EAX=3D58090F ECX=0C511221 EDX=001ADCD8 EBX=775D41B5 ESP=002DF550 EBP=44E71BA3 ESI=00000000 EDI=FC262374 EFLAG=00000286
0127BC24	POP      EDI                                              EAX=3D58090F ECX=0C511221 EDX=001ADCD8 EBX=775D41B5 ESP=002DF550 EBP=410D3F17 ESI=00000000 EDI=FC262374 EFLAG=00000207
0127BC2A	AND      EAX, EBP                                         EAX=3D58090F ECX=0C511221 EDX=001ADCD8 EBX=775D41B5 ESP=002DF554 EBP=410D3F17 ESI=00000000 EDI=0000030A EFLAG=00000202
0127BC2C	POP      EBP                                              EAX=01080907 ECX=0C511221 EDX=001ADCD8 EBX=775D41B5 ESP=002DF554 EBP=410D3F17 ESI=00000000 EDI=0000030A EFLAG=00000202
0127BC35	PUSH     EBP                                              EAX=01080907 ECX=0C511221 EDX=001ADCD8 EBX=775D41B5 ESP=002DF558 EBP=002DF5DC ESI=00000000 EDI=0000030A EFLAG=00000202
0127BC36	MOV      EBP, 0x1                                         EAX=01080907 ECX=0C511221 EDX=001ADCD8 EBX=775D41B5 ESP=002DF554 EBP=002DF5DC ESI=00000000 EDI=0000030A EFLAG=00000202
0127BC3B	SUB      EAX, EBP                                         EAX=01080907 ECX=0C511221 EDX=001ADCD8 EBX=775D41B5 ESP=002DF554 EBP=00000001 ESI=00000000 EDI=0000030A EFLAG=00000202
0127BC3D	POP      EBP                                              EAX=01080906 ECX=0C511221 EDX=001ADCD8 EBX=775D41B5 ESP=002DF554 EBP=00000001 ESI=00000000 EDI=0000030A EFLAG=00000206
0127BC3E	PUSH     EBX                                              EAX=01080906 ECX=0C511221 EDX=001ADCD8 EBX=775D41B5 ESP=002DF558 EBP=002DF5DC ESI=00000000 EDI=0000030A EFLAG=00000206
0127BC3F	MOV      EBX, 0x76ff7fd6                                  EAX=01080906 ECX=0C511221 EDX=001ADCD8 EBX=775D41B5 ESP=002DF554 EBP=002DF5DC ESI=00000000 EDI=0000030A EFLAG=00000206
0127BC4A	DEC      EBX                                              EAX=01080906 ECX=0C511221 EDX=001ADCD8 EBX=76FF7FD6 ESP=002DF554 EBP=002DF5DC ESI=00000000 EDI=0000030A EFLAG=00000202
0127BC4B	SUB      EBX, 0x4ab97c4d                                  EAX=01080906 ECX=0C511221 EDX=001ADCD8 EBX=76FF7FD5 ESP=002DF554 EBP=002DF5DC ESI=00000000 EDI=0000030A EFLAG=00000202
0127BC51	OR       EAX, EBX                                         EAX=01080906 ECX=0C511221 EDX=001ADCD8 EBX=2C460388 ESP=002DF554 EBP=002DF5DC ESI=00000000 EDI=0000030A EFLAG=00000216
0127BC53	POP      EBX                                              EAX=2D4E0B8E ECX=0C511221 EDX=001ADCD8 EBX=2C460388 ESP=002DF554 EBP=002DF5DC ESI=00000000 EDI=0000030A EFLAG=00000206
0127BC54	NOT      EAX                                              EAX=2D4E0B8E ECX=0C511221 EDX=001ADCD8 EBX=775D41B5 ESP=002DF558 EBP=002DF5DC ESI=00000000 EDI=0000030A EFLAG=00000206
0127BC56	SHR      EAX, 0x5                                         EAX=D2B1F471 ECX=0C511221 EDX=001ADCD8 EBX=775D41B5 ESP=002DF558 EBP=002DF5DC ESI=00000000 EDI=0000030A EFLAG=00000206
0127BC59	SUB      EAX, 0xfb6c3561                                  EAX=06958FA3 ECX=0C511221 EDX=001ADCD8 EBX=775D41B5 ESP=002DF558 EBP=002DF5DC ESI=00000000 EDI=0000030A EFLAG=00000207
0127BC5E	SUB      ECX, EAX                                         EAX=0B295A42 ECX=0C511221 EDX=001ADCD8 EBX=775D41B5 ESP=002DF558 EBP=002DF5DC ESI=00000000 EDI=0000030A EFLAG=00000207
0127BC60	POP      EAX                                              EAX=0B295A42 ECX=0127B7DF EDX=001ADCD8 EBX=775D41B5 ESP=002DF558 EBP=002DF5DC ESI=00000000 EDI=0000030A EFLAG=00000212
0127BC61	POP      EDI                                              EAX=00581BB0 ECX=0127B7DF EDX=001ADCD8 EBX=775D41B5 ESP=002DF55C EBP=002DF5DC ESI=00000000 EDI=0000030A EFLAG=00000212
0127BC62	PUSH     EBX                                              EAX=00581BB0 ECX=0127B7DF EDX=001ADCD8 EBX=775D41B5 ESP=002DF560 EBP=002DF5DC ESI=00000000 EDI=006B0006 EFLAG=00000212
0127BC68	PUSH     EDX                                              EAX=00581BB0 ECX=0127B7DF EDX=001ADCD8 EBX=775D41B5 ESP=002DF55C EBP=002DF5DC ESI=00000000 EDI=006B0006 EFLAG=00000216
0127BC71	PUSH     ECX                                              EAX=00581BB0 ECX=0127B7DF EDX=001ADCD8 EBX=775D41B5 ESP=002DF558 EBP=002DF5DC ESI=00000000 EDI=006B0006 EFLAG=00000202
0127BC72	MOV      ECX, 0x167b0211                                  EAX=00581BB0 ECX=0127B7DF EDX=001ADCD8 EBX=775D41B5 ESP=002DF554 EBP=002DF5DC ESI=00000000 EDI=006B0006 EFLAG=00000202
0127BC78	NOT      ECX                                              EAX=00581BB0 ECX=167B0211 EDX=001ADCD8 EBX=775D41B5 ESP=002DF554 EBP=002DF5DC ESI=00000000 EDI=006B0006 EFLAG=00000202
0127BC7D	XOR      ECX, 0xc7c6b5db                                  EAX=00581BB0 ECX=E984FDEE EDX=001ADCD8 EBX=775D41B5 ESP=002DF554 EBP=002DF5DC ESI=00000000 EDI=006B0006 EFLAG=00000202
0127BC83	MOV      EDX, ECX                                         EAX=00581BB0 ECX=2E424835 EDX=001ADCD8 EBX=775D41B5 ESP=002DF554 EBP=002DF5DC ESI=00000000 EDI=006B0006 EFLAG=00000206
0127BC85	POP      ECX                                              EAX=00581BB0 ECX=2E424835 EDX=2E424835 EBX=775D41B5 ESP=002DF554 EBP=002DF5DC ESI=00000000 EDI=006B0006 EFLAG=00000206
0127BC86	DEC      EDX                                              EAX=00581BB0 ECX=0127B7DF EDX=2E424835 EBX=775D41B5 ESP=002DF558 EBP=002DF5DC ESI=00000000 EDI=006B0006 EFLAG=00000206
0127BC87	PUSH     EBP                                              EAX=00581BB0 ECX=0127B7DF EDX=2E424834 EBX=775D41B5 ESP=002DF558 EBP=002DF5DC ESI=00000000 EDI=006B0006 EFLAG=00000202
0127BC90	MOV      [ESP], EAX                                       EAX=00581BB0 ECX=0127B7DF EDX=2E424834 EBX=775D41B5 ESP=002DF554 EBP=002DF5DC ESI=00000000 EDI=006B0006 EFLAG=00000202
0127BC93	PUSH     EBX                                              EAX=00581BB0 ECX=0127B7DF EDX=2E424834 EBX=775D41B5 ESP=002DF554 EBP=002DF5DC ESI=00000000 EDI=006B0006 EFLAG=00000202
0127BC9B	MOV      EBX, 0x2ee33c26                                  EAX=00581BB0 ECX=0127B7DF EDX=2E424834 EBX=775D41B5 ESP=002DF550 EBP=002DF5DC ESI=00000000 EDI=006B0006 EFLAG=00000202
0127BCA0	MOV      EAX, 0xc0abd1                                    EAX=00581BB0 ECX=0127B7DF EDX=2E424834 EBX=2EE33C26 ESP=002DF550 EBP=002DF5DC ESI=00000000 EDI=006B0006 EFLAG=00000202
0127BCA5	SUB      EAX, EBX                                         EAX=00C0ABD1 ECX=0127B7DF EDX=2E424834 EBX=2EE33C26 ESP=002DF550 EBP=002DF5DC ESI=00000000 EDI=006B0006 EFLAG=00000202
0127BCA7	POP      EBX                                              EAX=D1DD6FAB ECX=0127B7DF EDX=2E424834 EBX=2EE33C26 ESP=002DF550 EBP=002DF5DC ESI=00000000 EDI=006B0006 EFLAG=00000293
0127BCA8	ADD      EDX, EAX                                         EAX=D1DD6FAB ECX=0127B7DF EDX=2E424834 EBX=775D41B5 ESP=002DF554 EBP=002DF5DC ESI=00000000 EDI=006B0006 EFLAG=00000293
0127BCAA	POP      EAX                                              EAX=D1DD6FAB ECX=0127B7DF EDX=001FB7DF EBX=775D41B5 ESP=002DF554 EBP=002DF5DC ESI=00000000 EDI=006B0006 EFLAG=00000203
0127BCB3	PUSH     EBX                                              EAX=00581BB0 ECX=0127B7DF EDX=001FB7DF EBX=775D41B5 ESP=002DF558 EBP=002DF5DC ESI=00000000 EDI=006B0006 EFLAG=00000202
0127BCB9	MOV      [ESP], ESI                                       EAX=00581BB0 ECX=0127B7DF EDX=001FB7DF EBX=775D41B5 ESP=002DF554 EBP=002DF5DC ESI=00000000 EDI=006B0006 EFLAG=00000202
0127BCBC	MOV      ESI, EDX                                         EAX=00581BB0 ECX=0127B7DF EDX=001FB7DF EBX=775D41B5 ESP=002DF554 EBP=002DF5DC ESI=00000000 EDI=006B0006 EFLAG=00000202
0127BCBE	MOV      EBX, ESI                                         EAX=00581BB0 ECX=0127B7DF EDX=001FB7DF EBX=775D41B5 ESP=002DF554 EBP=002DF5DC ESI=001FB7DF EDI=006B0006 EFLAG=00000202
0127BCC0	POP      ESI                                              EAX=00581BB0 ECX=0127B7DF EDX=001FB7DF EBX=001FB7DF ESP=002DF554 EBP=002DF5DC ESI=001FB7DF EDI=006B0006 EFLAG=00000202
0127BCC6	MOV      EDX, [ESP]                                       EAX=00581BB0 ECX=0127B7DF EDX=001FB7DF EBX=001FB7DF ESP=002DF558 EBP=002DF5DC ESI=00000000 EDI=006B0006 EFLAG=00000202
0127BCCA	ADD      ESP, 0x4                                         EAX=00581BB0 ECX=0127B7DF EDX=001ADCD8 EBX=001FB7DF ESP=002DF558 EBP=002DF5DC ESI=00000000 EDI=006B0006 EFLAG=00000202
0127BCCD	SUB      ECX, EBX                                         EAX=00581BB0 ECX=0127B7DF EDX=001ADCD8 EBX=001FB7DF ESP=002DF55C EBP=002DF5DC ESI=00000000 EDI=006B0006 EFLAG=00000206
0127BCCF	MOV      EBX, [ESP]                                       EAX=00581BB0 ECX=01080000 EDX=001ADCD8 EBX=001FB7DF ESP=002DF55C EBP=002DF5DC ESI=00000000 EDI=006B0006 EFLAG=00000206
0127BCD3	ADD      ESP, 0x4                                         EAX=00581BB0 ECX=01080000 EDX=001ADCD8 EBX=775D41B5 ESP=002DF55C EBP=002DF5DC ESI=00000000 EDI=006B0006 EFLAG=00000206
0127BCD6	PUSH     DWORD 0x1b91a3                                   EAX=00581BB0 ECX=01080000 EDX=001ADCD8 EBX=775D41B5 ESP=002DF560 EBP=002DF5DC ESI=00000000 EDI=006B0006 EFLAG=00000216
0127BCDB	PUSH     DWORD [ESP]                                      EAX=00581BB0 ECX=01080000 EDX=001ADCD8 EBX=775D41B5 ESP=002DF55C EBP=002DF5DC ESI=00000000 EDI=006B0006 EFLAG=00000216
0127BCDE	MOV      EBP, [ESP]                                       EAX=00581BB0 ECX=01080000 EDX=001ADCD8 EBX=775D41B5 ESP=002DF558 EBP=002DF5DC ESI=00000000 EDI=006B0006 EFLAG=00000216
0127BCE2	PUSH     EDX                                              EAX=00581BB0 ECX=01080000 EDX=001ADCD8 EBX=775D41B5 ESP=002DF558 EBP=001B91A3 ESI=00000000 EDI=006B0006 EFLAG=00000216
0127BCEA	MOV      EDX, ESP                                         EAX=00581BB0 ECX=01080000 EDX=001ADCD8 EBX=775D41B5 ESP=002DF554 EBP=001B91A3 ESI=00000000 EDI=006B0006 EFLAG=00000216
0127BCEC	PUSH     EBP                                              EAX=00581BB0 ECX=01080000 EDX=002DF554 EBX=775D41B5 ESP=002DF554 EBP=001B91A3 ESI=00000000 EDI=006B0006 EFLAG=00000216
0127BCF2	MOV      EBP, 0x25356461                                  EAX=00581BB0 ECX=01080000 EDX=002DF554 EBX=775D41B5 ESP=002DF550 EBP=001B91A3 ESI=00000000 EDI=006B0006 EFLAG=00000206
0127BCF7	XCHG     EBP, EAX                                         EAX=00581BB0 ECX=01080000 EDX=002DF554 EBX=775D41B5 ESP=002DF550 EBP=25356461 ESI=00000000 EDI=006B0006 EFLAG=00000206
0127BCF8	NOT      EAX                                              EAX=25356461 ECX=01080000 EDX=002DF554 EBX=775D41B5 ESP=002DF550 EBP=00581BB0 ESI=00000000 EDI=006B0006 EFLAG=00000206
0127BCFA	XCHG     EBP, EAX                                         EAX=DACA9B9E ECX=01080000 EDX=002DF554 EBX=775D41B5 ESP=002DF550 EBP=00581BB0 ESI=00000000 EDI=006B0006 EFLAG=00000206
0127BD00	DEC      EBP                                              EAX=00581BB0 ECX=01080000 EDX=002DF554 EBX=775D41B5 ESP=002DF550 EBP=DACA9B9E ESI=00000000 EDI=006B0006 EFLAG=00000282
0127BD01	SHL      EBP, 0x2                                         EAX=00581BB0 ECX=01080000 EDX=002DF554 EBX=775D41B5 ESP=002DF550 EBP=DACA9B9D ESI=00000000 EDI=006B0006 EFLAG=00000282
0127BD04	NEG      EBP                                              EAX=00581BB0 ECX=01080000 EDX=002DF554 EBX=775D41B5 ESP=002DF550 EBP=6B2A6E74 ESI=00000000 EDI=006B0006 EFLAG=00000A07
0127BD06	XOR      EBP, 0x94d59188                                  EAX=00581BB0 ECX=01080000 EDX=002DF554 EBX=775D41B5 ESP=002DF550 EBP=94D5918C ESI=00000000 EDI=006B0006 EFLAG=00000293
0127BD0C	PUSH     EDI                                              EAX=00581BB0 ECX=01080000 EDX=002DF554 EBX=775D41B5 ESP=002DF550 EBP=00000004 ESI=00000000 EDI=006B0006 EFLAG=00000202
0127BD0D	MOV      EDI, 0x11202407                                  EAX=00581BB0 ECX=01080000 EDX=002DF554 EBX=775D41B5 ESP=002DF54C EBP=00000004 ESI=00000000 EDI=006B0006 EFLAG=00000202
0127BD12	ADD      EDX, EDI                                         EAX=00581BB0 ECX=01080000 EDX=002DF554 EBX=775D41B5 ESP=002DF54C EBP=00000004 ESI=00000000 EDI=11202407 EFLAG=00000202
0127BD14	POP      EDI                                              EAX=00581BB0 ECX=01080000 EDX=114E195B EBX=775D41B5 ESP=002DF54C EBP=00000004 ESI=00000000 EDI=11202407 EFLAG=00000202
0127BD15	ADD      EDX, EBP                                         EAX=00581BB0 ECX=01080000 EDX=114E195B EBX=775D41B5 ESP=002DF550 EBP=00000004 ESI=00000000 EDI=006B0006 EFLAG=00000202
0127BD17	PUSH     EBP                                              EAX=00581BB0 ECX=01080000 EDX=114E195F EBX=775D41B5 ESP=002DF550 EBP=00000004 ESI=00000000 EDI=006B0006 EFLAG=00000206
0127BD18	MOV      EBP, 0x6ed05bb4                                  EAX=00581BB0 ECX=01080000 EDX=114E195F EBX=775D41B5 ESP=002DF54C EBP=00000004 ESI=00000000 EDI=006B0006 EFLAG=00000206
0127BD1E	AND      EBP, 0x537a39e1                                  EAX=00581BB0 ECX=01080000 EDX=114E195F EBX=775D41B5 ESP=002DF54C EBP=6ED05BB4 ESI=00000000 EDI=006B0006 EFLAG=00000206
0127BD24	NOT      EBP                                              EAX=00581BB0 ECX=01080000 EDX=114E195F EBX=775D41B5 ESP=002DF54C EBP=425019A0 ESI=00000000 EDI=006B0006 EFLAG=00000206
0127BD26	XOR      EBP, 0xac8fc258                                  EAX=00581BB0 ECX=01080000 EDX=114E195F EBX=775D41B5 ESP=002DF54C EBP=BDAFE65F ESI=00000000 EDI=006B0006 EFLAG=00000206
0127BD2C	SUB      EDX, EBP                                         EAX=00581BB0 ECX=01080000 EDX=114E195F EBX=775D41B5 ESP=002DF54C EBP=11202407 ESI=00000000 EDI=006B0006 EFLAG=00000202
0127BD2E	POP      EBP                                              EAX=00581BB0 ECX=01080000 EDX=002DF558 EBX=775D41B5 ESP=002DF54C EBP=11202407 ESI=00000000 EDI=006B0006 EFLAG=00000202
0127BD2F	PUSH     DWORD [ESP]                                      EAX=00581BB0 ECX=01080000 EDX=002DF558 EBX=775D41B5 ESP=002DF550 EBP=00000004 ESI=00000000 EDI=006B0006 EFLAG=00000202
0127BD32	POP      EBP                                              EAX=00581BB0 ECX=01080000 EDX=002DF558 EBX=775D41B5 ESP=002DF54C EBP=00000004 ESI=00000000 EDI=006B0006 EFLAG=00000202
0127BD38	ADD      ESP, 0x4                                         EAX=00581BB0 ECX=01080000 EDX=002DF558 EBX=775D41B5 ESP=002DF550 EBP=001B91A3 ESI=00000000 EDI=006B0006 EFLAG=00000216
0127BD3E	ADD      EDX, 0x4                                         EAX=00581BB0 ECX=01080000 EDX=002DF558 EBX=775D41B5 ESP=002DF554 EBP=001B91A3 ESI=00000000 EDI=006B0006 EFLAG=00000202
0127BD41	PUSH     EDX                                              EAX=00581BB0 ECX=01080000 EDX=002DF55C EBX=775D41B5 ESP=002DF554 EBP=001B91A3 ESI=00000000 EDI=006B0006 EFLAG=00000206
0127BD42	PUSH     DWORD [ESP+0x4]                                  EAX=00581BB0 ECX=01080000 EDX=002DF55C EBX=775D41B5 ESP=002DF550 EBP=001B91A3 ESI=00000000 EDI=006B0006 EFLAG=00000206
0127BD46	POP      EDX                                              EAX=00581BB0 ECX=01080000 EDX=002DF55C EBX=775D41B5 ESP=002DF54C EBP=001B91A3 ESI=00000000 EDI=006B0006 EFLAG=00000206
0127BD4C	POP      DWORD [ESP]                                      EAX=00581BB0 ECX=01080000 EDX=001ADCD8 EBX=775D41B5 ESP=002DF550 EBP=001B91A3 ESI=00000000 EDI=006B0006 EFLAG=00000216
0127BD4F	POP      ESP                                              EAX=00581BB0 ECX=01080000 EDX=001ADCD8 EBX=775D41B5 ESP=002DF554 EBP=001B91A3 ESI=00000000 EDI=006B0006 EFLAG=00000216
0127BD58	PUSH     EBX                                              EAX=00581BB0 ECX=01080000 EDX=001ADCD8 EBX=775D41B5 ESP=002DF560 EBP=001B91A3 ESI=00000000 EDI=006B0006 EFLAG=00000216
0127BD59	MOV      EBX, 0x4b7a24cb                                  EAX=00581BB0 ECX=01080000 EDX=001ADCD8 EBX=775D41B5 ESP=002DF55C EBP=001B91A3 ESI=00000000 EDI=006B0006 EFLAG=00000216
0127BD64	SUB      EBX, 0x25817f3d                                  EAX=00581BB0 ECX=01080000 EDX=001ADCD8 EBX=4B7A24CB ESP=002DF55C EBP=001B91A3 ESI=00000000 EDI=006B0006 EFLAG=00000202
0127BD6A	PUSH     EBP                                              EAX=00581BB0 ECX=01080000 EDX=001ADCD8 EBX=25F8A58E ESP=002DF55C EBP=001B91A3 ESI=00000000 EDI=006B0006 EFLAG=00000216
0127BD6B	MOV      EBP, 0x134d20b7                                  EAX=00581BB0 ECX=01080000 EDX=001ADCD8 EBX=25F8A58E ESP=002DF558 EBP=001B91A3 ESI=00000000 EDI=006B0006 EFLAG=00000216
0127BD71	OR       EBP, 0x1d8c3eca                                  EAX=00581BB0 ECX=01080000 EDX=001ADCD8 EBX=25F8A58E ESP=002DF558 EBP=134D20B7 ESI=00000000 EDI=006B0006 EFLAG=00000206
0127BD77	SUB      EBP, 0x1                                         EAX=00581BB0 ECX=01080000 EDX=001ADCD8 EBX=25F8A58E ESP=002DF558 EBP=1FCD3EFF ESI=00000000 EDI=006B0006 EFLAG=00000206
0127BD7D	PUSH     EDI                                              EAX=00581BB0 ECX=01080000 EDX=001ADCD8 EBX=25F8A58E ESP=002DF558 EBP=1FCD3EFE ESI=00000000 EDI=006B0006 EFLAG=00000202
0127BD7E	MOV      EDI, 0xd837991                                   EAX=00581BB0 ECX=01080000 EDX=001ADCD8 EBX=25F8A58E ESP=002DF554 EBP=1FCD3EFE ESI=00000000 EDI=006B0006 EFLAG=00000202
0127BD83	AND      EBP, EDI                                         EAX=00581BB0 ECX=01080000 EDX=001ADCD8 EBX=25F8A58E ESP=002DF554 EBP=1FCD3EFE ESI=00000000 EDI=0D837991 EFLAG=00000202
0127BD85	POP      EDI                                              EAX=00581BB0 ECX=01080000 EDX=001ADCD8 EBX=25F8A58E ESP=002DF554 EBP=0D813890 ESI=00000000 EDI=0D837991 EFLAG=00000206
0127BD86	SHL      EBP, 0x4                                         EAX=00581BB0 ECX=01080000 EDX=001ADCD8 EBX=25F8A58E ESP=002DF558 EBP=0D813890 ESI=00000000 EDI=006B0006 EFLAG=00000206
0127BD89	XOR      EBP, 0x91175d72                                  EAX=00581BB0 ECX=01080000 EDX=001ADCD8 EBX=25F8A58E ESP=002DF558 EBP=D8138900 ESI=00000000 EDI=006B0006 EFLAG=00000A86
0127BD95	ADD      EBX, EBP                                         EAX=00581BB0 ECX=01080000 EDX=001ADCD8 EBX=992B06E3 ESP=002DF558 EBP=4904D472 ESI=00000000 EDI=006B0006 EFLAG=00000A92
0127BD9D	MOV      EBP, [ESP]                                       EAX=00581BB0 ECX=01080000 EDX=001ADCD8 EBX=6EFD7A00 ESP=002DF558 EBP=4904D472 ESI=00000000 EDI=006B0006 EFLAG=00000A06
0127BDA0	PUSH     EAX                                              EAX=00581BB0 ECX=01080000 EDX=001ADCD8 EBX=6EFD7A00 ESP=002DF558 EBP=001B91A3 ESI=00000000 EDI=006B0006 EFLAG=00000A06
0127BDA1	MOV      EAX, ESP                                         EAX=00581BB0 ECX=01080000 EDX=001ADCD8 EBX=6EFD7A00 ESP=002DF554 EBP=001B91A3 ESI=00000000 EDI=006B0006 EFLAG=00000A06
0127BDA3	ADD      EAX, 0x8                                         EAX=002DF554 ECX=01080000 EDX=001ADCD8 EBX=6EFD7A00 ESP=002DF554 EBP=001B91A3 ESI=00000000 EDI=006B0006 EFLAG=00000A06
0127BDAB	XCHG     [ESP], EAX                                       EAX=002DF55C ECX=01080000 EDX=001ADCD8 EBX=6EFD7A00 ESP=002DF554 EBP=001B91A3 ESI=00000000 EDI=006B0006 EFLAG=00000206
0127BDAE	POP      ESP                                              EAX=00581BB0 ECX=01080000 EDX=001ADCD8 EBX=6EFD7A00 ESP=002DF554 EBP=001B91A3 ESI=00000000 EDI=006B0006 EFLAG=00000206
0127BDAF	ADD      EBP, EBX                                         EAX=00581BB0 ECX=01080000 EDX=001ADCD8 EBX=6EFD7A00 ESP=002DF55C EBP=001B91A3 ESI=00000000 EDI=006B0006 EFLAG=00000206
0127BDB1	POP      EBX                                              EAX=00581BB0 ECX=01080000 EDX=001ADCD8 EBX=6EFD7A00 ESP=002DF55C EBP=6F190BA3 ESI=00000000 EDI=006B0006 EFLAG=00000206
0127BDB2	PUSH     EAX                                              EAX=00581BB0 ECX=01080000 EDX=001ADCD8 EBX=775D41B5 ESP=002DF560 EBP=6F190BA3 ESI=00000000 EDI=006B0006 EFLAG=00000206
0127BDB3	MOV      EAX, 0x77d678a9                                  EAX=00581BB0 ECX=01080000 EDX=001ADCD8 EBX=775D41B5 ESP=002DF55C EBP=6F190BA3 ESI=00000000 EDI=006B0006 EFLAG=00000206
0127BDBD	ADD      EAX, 0xeec9b1ab                                  EAX=77D678A9 ECX=01080000 EDX=001ADCD8 EBX=775D41B5 ESP=002DF55C EBP=6F190BA3 ESI=00000000 EDI=006B0006 EFLAG=00000206
0127BDC2	SHR      EAX, 0x8                                         EAX=66A02A54 ECX=01080000 EDX=001ADCD8 EBX=775D41B5 ESP=002DF55C EBP=6F190BA3 ESI=00000000 EDI=006B0006 EFLAG=00000213
0127BDC5	PUSH     EBP                                              EAX=0066A02A ECX=01080000 EDX=001ADCD8 EBX=775D41B5 ESP=002DF55C EBP=6F190BA3 ESI=00000000 EDI=006B0006 EFLAG=00000202
0127BDC6	MOV      EBP, 0x42be2abe                                  EAX=0066A02A ECX=01080000 EDX=001ADCD8 EBX=775D41B5 ESP=002DF558 EBP=6F190BA3 ESI=00000000 EDI=006B0006 EFLAG=00000202
0127BDCB	SUB      EAX, EBP                                         EAX=0066A02A ECX=01080000 EDX=001ADCD8 EBX=775D41B5 ESP=002DF558 EBP=42BE2ABE ESI=00000000 EDI=006B0006 EFLAG=00000202
0127BDCD	POP      EBP                                              EAX=BDA8756C ECX=01080000 EDX=001ADCD8 EBX=775D41B5 ESP=002DF558 EBP=42BE2ABE ESI=00000000 EDI=006B0006 EFLAG=00000297
0127BDCE	NOT      EAX                                              EAX=BDA8756C ECX=01080000 EDX=001ADCD8 EBX=775D41B5 ESP=002DF55C EBP=6F190BA3 ESI=00000000 EDI=006B0006 EFLAG=00000297
0127BDD0	ADD      EAX, 0xdc9ccb90                                  EAX=42578A93 ECX=01080000 EDX=001ADCD8 EBX=775D41B5 ESP=002DF55C EBP=6F190BA3 ESI=00000000 EDI=006B0006 EFLAG=00000297
0127BDD5	ADD      EBP, EAX                                         EAX=1EF45623 ECX=01080000 EDX=001ADCD8 EBX=775D41B5 ESP=002DF55C EBP=6F190BA3 ESI=00000000 EDI=006B0006 EFLAG=00000203
0127BDD7	POP      EAX                                              EAX=1EF45623 ECX=01080000 EDX=001ADCD8 EBX=775D41B5 ESP=002DF55C EBP=8E0D61C6 ESI=00000000 EDI=006B0006 EFLAG=00000A86
0127BDE6	ADD      EBP, ECX                                         EAX=00581BB0 ECX=01080000 EDX=001ADCD8 EBX=775D41B5 ESP=002DF560 EBP=21B80EEA ESI=00000000 EDI=006B0006 EFLAG=00000A12
0127BDEE	SUB      EBP, 0x1ef45623                                  EAX=00581BB0 ECX=01080000 EDX=001ADCD8 EBX=775D41B5 ESP=002DF560 EBP=8F1561C6 ESI=00000000 EDI=006B0006 EFLAG=00000A96
0127BDF4	PUSH     ECX                                              EAX=00581BB0 ECX=01080000 EDX=001ADCD8 EBX=775D41B5 ESP=002DF560 EBP=70210BA3 ESI=00000000 EDI=006B0006 EFLAG=00000A06
0127BDFA	PUSH     EAX                                              EAX=00581BB0 ECX=01080000 EDX=001ADCD8 EBX=775D41B5 ESP=002DF55C EBP=70210BA3 ESI=00000000 EDI=006B0006 EFLAG=00000216
0127BDFB	MOV      EAX, 0x2dff5da1                                  EAX=00581BB0 ECX=01080000 EDX=001ADCD8 EBX=775D41B5 ESP=002DF558 EBP=70210BA3 ESI=00000000 EDI=006B0006 EFLAG=00000216
0127BE01	DEC      EAX                                              EAX=2DFF5DA1 ECX=01080000 EDX=001ADCD8 EBX=775D41B5 ESP=002DF558 EBP=70210BA3 ESI=00000000 EDI=006B0006 EFLAG=00000216
0127BE02	XOR      EAX, 0x16dc7341                                  EAX=2DFF5DA0 ECX=01080000 EDX=001ADCD8 EBX=775D41B5 ESP=002DF558 EBP=70210BA3 ESI=00000000 EDI=006B0006 EFLAG=00000206
0127BE07	MOV      ECX, EAX                                         EAX=3B232EE1 ECX=01080000 EDX=001ADCD8 EBX=775D41B5 ESP=002DF558 EBP=70210BA3 ESI=00000000 EDI=006B0006 EFLAG=00000206
0127BE09	POP      EAX                                              EAX=3B232EE1 ECX=3B232EE1 EDX=001ADCD8 EBX=775D41B5 ESP=002DF558 EBP=70210BA3 ESI=00000000 EDI=006B0006 EFLAG=00000206
0127BE0F	SUB      ECX, 0xcc25b4e1                                  EAX=00581BB0 ECX=3B232EE1 EDX=001ADCD8 EBX=775D41B5 ESP=002DF55C EBP=70210BA3 ESI=00000000 EDI=006B0006 EFLAG=00000206
0127BE1B	SUB      EBP, ECX                                         EAX=00581BB0 ECX=6EFD7A00 EDX=001ADCD8 EBX=775D41B5 ESP=002DF55C EBP=70210BA3 ESI=00000000 EDI=006B0006 EFLAG=00000207
0127BE1D	POP      ECX                                              EAX=00581BB0 ECX=6EFD7A00 EDX=001ADCD8 EBX=775D41B5 ESP=002DF55C EBP=012391A3 ESI=00000000 EDI=006B0006 EFLAG=00000206
0127BE23	PUSH     ECX                                              EAX=00581BB0 ECX=01080000 EDX=001ADCD8 EBX=775D41B5 ESP=002DF560 EBP=012391A3 ESI=00000000 EDI=006B0006 EFLAG=00000216
0127BE2B	PUSH     EBX                                              EAX=00581BB0 ECX=01080000 EDX=001ADCD8 EBX=775D41B5 ESP=002DF55C EBP=012391A3 ESI=00000000 EDI=006B0006 EFLAG=00000216
0127BE34	MOV      EBX, 0x698a43bf                                  EAX=00581BB0 ECX=01080000 EDX=001ADCD8 EBX=775D41B5 ESP=002DF558 EBP=012391A3 ESI=00000000 EDI=006B0006 EFLAG=00000202
0127BE39	PUSH     ESI                                              EAX=00581BB0 ECX=01080000 EDX=001ADCD8 EBX=698A43BF ESP=002DF558 EBP=012391A3 ESI=00000000 EDI=006B0006 EFLAG=00000202
0127BE42	MOV      [ESP], EBX                                       EAX=00581BB0 ECX=01080000 EDX=001ADCD8 EBX=698A43BF ESP=002DF554 EBP=012391A3 ESI=00000000 EDI=006B0006 EFLAG=00000202
0127BE45	INC      DWORD [ESP]                                      EAX=00581BB0 ECX=01080000 EDX=001ADCD8 EBX=698A43BF ESP=002DF554 EBP=012391A3 ESI=00000000 EDI=006B0006 EFLAG=00000202
0127BE48	POP      EBX                                              EAX=00581BB0 ECX=01080000 EDX=001ADCD8 EBX=698A43BF ESP=002DF554 EBP=012391A3 ESI=00000000 EDI=006B0006 EFLAG=00000216
0127BE49	ADD      EBX, -0x1                                        EAX=00581BB0 ECX=01080000 EDX=001ADCD8 EBX=698A43C0 ESP=002DF558 EBP=012391A3 ESI=00000000 EDI=006B0006 EFLAG=00000216
0127BE4C	PUSH     ECX                                              EAX=00581BB0 ECX=01080000 EDX=001ADCD8 EBX=698A43BF ESP=002DF558 EBP=012391A3 ESI=00000000 EDI=006B0006 EFLAG=00000203
0127BE4D	PUSH     EDI                                              EAX=00581BB0 ECX=01080000 EDX=001ADCD8 EBX=698A43BF ESP=002DF554 EBP=012391A3 ESI=00000000 EDI=006B0006 EFLAG=00000203
0127BE4E	MOV      EDI, 0x25d90b91                                  EAX=00581BB0 ECX=01080000 EDX=001ADCD8 EBX=698A43BF ESP=002DF550 EBP=012391A3 ESI=00000000 EDI=006B0006 EFLAG=00000203
0127BE53	MOV      ECX, 0xb3acb7d3                                  EAX=00581BB0 ECX=01080000 EDX=001ADCD8 EBX=698A43BF ESP=002DF550 EBP=012391A3 ESI=00000000 EDI=25D90B91 EFLAG=00000203
0127BE58	XOR      ECX, EDI                                         EAX=00581BB0 ECX=B3ACB7D3 EDX=001ADCD8 EBX=698A43BF ESP=002DF550 EBP=012391A3 ESI=00000000 EDI=25D90B91 EFLAG=00000203
0127BE5A	POP      EDI                                              EAX=00581BB0 ECX=9675BC42 EDX=001ADCD8 EBX=698A43BF ESP=002DF550 EBP=012391A3 ESI=00000000 EDI=25D90B91 EFLAG=00000286
0127BE5B	ADD      EBX, ECX                                         EAX=00581BB0 ECX=9675BC42 EDX=001ADCD8 EBX=698A43BF ESP=002DF554 EBP=012391A3 ESI=00000000 EDI=006B0006 EFLAG=00000286
0127BE5D	POP      ECX                                              EAX=00581BB0 ECX=9675BC42 EDX=001ADCD8 EBX=00000001 ESP=002DF554 EBP=012391A3 ESI=00000000 EDI=006B0006 EFLAG=00000213
0127BE5E	PUSH     ESI                                              EAX=00581BB0 ECX=01080000 EDX=001ADCD8 EBX=00000001 ESP=002DF558 EBP=012391A3 ESI=00000000 EDI=006B0006 EFLAG=00000213
0127BE5F	MOV      ESI, EBX                                         EAX=00581BB0 ECX=01080000 EDX=001ADCD8 EBX=00000001 ESP=002DF554 EBP=012391A3 ESI=00000000 EDI=006B0006 EFLAG=00000213
0127BE61	MOV      ECX, ESI                                         EAX=00581BB0 ECX=01080000 EDX=001ADCD8 EBX=00000001 ESP=002DF554 EBP=012391A3 ESI=00000001 EDI=006B0006 EFLAG=00000213
0127BE63	POP      ESI                                              EAX=00581BB0 ECX=00000001 EDX=001ADCD8 EBX=00000001 ESP=002DF554 EBP=012391A3 ESI=00000001 EDI=006B0006 EFLAG=00000213
0127BE69	MOV      EBX, [ESP]                                       EAX=00581BB0 ECX=00000001 EDX=001ADCD8 EBX=00000001 ESP=002DF558 EBP=012391A3 ESI=00000000 EDI=006B0006 EFLAG=00000202
0127BE6D	PUSH     EDX                                              EAX=00581BB0 ECX=00000001 EDX=001ADCD8 EBX=775D41B5 ESP=002DF558 EBP=012391A3 ESI=00000000 EDI=006B0006 EFLAG=00000202
0127BE75	MOV      [ESP], ESI                                       EAX=00581BB0 ECX=00000001 EDX=001ADCD8 EBX=775D41B5 ESP=002DF554 EBP=012391A3 ESI=00000000 EDI=006B0006 EFLAG=00000202
0127BE78	MOV      ESI, ESP                                         EAX=00581BB0 ECX=00000001 EDX=001ADCD8 EBX=775D41B5 ESP=002DF554 EBP=012391A3 ESI=00000000 EDI=006B0006 EFLAG=00000202
0127BE7A	PUSH     EBP                                              EAX=00581BB0 ECX=00000001 EDX=001ADCD8 EBX=775D41B5 ESP=002DF554 EBP=012391A3 ESI=002DF554 EDI=006B0006 EFLAG=00000202
0127BE7B	MOV      EBP, 0x4                                         EAX=00581BB0 ECX=00000001 EDX=001ADCD8 EBX=775D41B5 ESP=002DF550 EBP=012391A3 ESI=002DF554 EDI=006B0006 EFLAG=00000202
0127BE80	ADD      ESI, EBP                                         EAX=00581BB0 ECX=00000001 EDX=001ADCD8 EBX=775D41B5 ESP=002DF550 EBP=00000004 ESI=002DF554 EDI=006B0006 EFLAG=00000202
0127BE82	POP      EBP                                              EAX=00581BB0 ECX=00000001 EDX=001ADCD8 EBX=775D41B5 ESP=002DF550 EBP=00000004 ESI=002DF558 EDI=006B0006 EFLAG=00000202
0127BE83	PUSH     EDI                                              EAX=00581BB0 ECX=00000001 EDX=001ADCD8 EBX=775D41B5 ESP=002DF554 EBP=012391A3 ESI=002DF558 EDI=006B0006 EFLAG=00000202
0127BE84	PUSH     EAX                                              EAX=00581BB0 ECX=00000001 EDX=001ADCD8 EBX=775D41B5 ESP=002DF550 EBP=012391A3 ESI=002DF558 EDI=006B0006 EFLAG=00000202
0127BE85	MOV      EAX, 0x63f41923                                  EAX=00581BB0 ECX=00000001 EDX=001ADCD8 EBX=775D41B5 ESP=002DF54C EBP=012391A3 ESI=002DF558 EDI=006B0006 EFLAG=00000202
0127BE8B	SHR      EAX, 0x7                                         EAX=63F41923 ECX=00000001 EDX=001ADCD8 EBX=775D41B5 ESP=002DF54C EBP=012391A3 ESI=002DF558 EDI=006B0006 EFLAG=00000202
0127BE8E	OR       EAX, 0x578a36c4                                  EAX=00C7E832 ECX=00000001 EDX=001ADCD8 EBX=775D41B5 ESP=002DF54C EBP=012391A3 ESI=002DF558 EDI=006B0006 EFLAG=00000202
0127BE93	PUSH     ESI                                              EAX=57CFFEF6 ECX=00000001 EDX=001ADCD8 EBX=775D41B5 ESP=002DF54C EBP=012391A3 ESI=002DF558 EDI=006B0006 EFLAG=00000206
0127BE94	MOV      ESI, 0x57cffef2                                  EAX=57CFFEF6 ECX=00000001 EDX=001ADCD8 EBX=775D41B5 ESP=002DF548 EBP=012391A3 ESI=002DF558 EDI=006B0006 EFLAG=00000206
0127BE99	XOR      EAX, ESI                                         EAX=57CFFEF6 ECX=00000001 EDX=001ADCD8 EBX=775D41B5 ESP=002DF548 EBP=012391A3 ESI=57CFFEF2 EDI=006B0006 EFLAG=00000206
0127BE9B	POP      ESI                                              EAX=00000004 ECX=00000001 EDX=001ADCD8 EBX=775D41B5 ESP=002DF548 EBP=012391A3 ESI=57CFFEF2 EDI=006B0006 EFLAG=00000202
0127BE9C	MOV      EDI, EAX                                         EAX=00000004 ECX=00000001 EDX=001ADCD8 EBX=775D41B5 ESP=002DF54C EBP=012391A3 ESI=002DF558 EDI=006B0006 EFLAG=00000202
0127BE9E	POP      EAX                                              EAX=00000004 ECX=00000001 EDX=001ADCD8 EBX=775D41B5 ESP=002DF54C EBP=012391A3 ESI=002DF558 EDI=00000004 EFLAG=00000202
0127BE9F	ADD      ESI, EDI                                         EAX=00581BB0 ECX=00000001 EDX=001ADCD8 EBX=775D41B5 ESP=002DF550 EBP=012391A3 ESI=002DF558 EDI=00000004 EFLAG=00000202
0127BEA1	POP      EDI                                              EAX=00581BB0 ECX=00000001 EDX=001ADCD8 EBX=775D41B5 ESP=002DF550 EBP=012391A3 ESI=002DF55C EDI=00000004 EFLAG=00000206
0127BEA2	XCHG     [ESP], ESI                                       EAX=00581BB0 ECX=00000001 EDX=001ADCD8 EBX=775D41B5 ESP=002DF554 EBP=012391A3 ESI=002DF55C EDI=006B0006 EFLAG=00000206
0127BEA5	POP      ESP                                              EAX=00581BB0 ECX=00000001 EDX=001ADCD8 EBX=775D41B5 ESP=002DF554 EBP=012391A3 ESI=00000000 EDI=006B0006 EFLAG=00000206
0127BEA6	PUSH     ESI                                              EAX=00581BB0 ECX=00000001 EDX=001ADCD8 EBX=775D41B5 ESP=002DF55C EBP=012391A3 ESI=00000000 EDI=006B0006 EFLAG=00000206
0127BEA7	MOV      ESI, ESP                                         EAX=00581BB0 ECX=00000001 EDX=001ADCD8 EBX=775D41B5 ESP=002DF558 EBP=012391A3 ESI=00000000 EDI=006B0006 EFLAG=00000206
0127BEA9	PUSH     EDX                                              EAX=00581BB0 ECX=00000001 EDX=001ADCD8 EBX=775D41B5 ESP=002DF558 EBP=012391A3 ESI=002DF558 EDI=006B0006 EFLAG=00000206
0127BEAA	MOV      EDX, 0x4                                         EAX=00581BB0 ECX=00000001 EDX=001ADCD8 EBX=775D41B5 ESP=002DF554 EBP=012391A3 ESI=002DF558 EDI=006B0006 EFLAG=00000206
0127BEB5	ADD      ESI, EDX                                         EAX=00581BB0 ECX=00000001 EDX=00000004 EBX=775D41B5 ESP=002DF554 EBP=012391A3 ESI=002DF558 EDI=006B0006 EFLAG=00000202
0127BEB7	POP      EDX                                              EAX=00581BB0 ECX=00000001 EDX=00000004 EBX=775D41B5 ESP=002DF554 EBP=012391A3 ESI=002DF55C EDI=006B0006 EFLAG=00000206
0127BEB8	PUSH     EDX                                              EAX=00581BB0 ECX=00000001 EDX=001ADCD8 EBX=775D41B5 ESP=002DF558 EBP=012391A3 ESI=002DF55C EDI=006B0006 EFLAG=00000206
0127BEB9	MOV      EDX, 0xa68a867a                                  EAX=00581BB0 ECX=00000001 EDX=001ADCD8 EBX=775D41B5 ESP=002DF554 EBP=012391A3 ESI=002DF55C EDI=006B0006 EFLAG=00000206
0127BEC0	SUB      EDX, 0x26c824c1                                  EAX=00581BB0 ECX=00000001 EDX=A68A867A EBX=775D41B5 ESP=002DF554 EBP=012391A3 ESI=002DF55C EDI=006B0006 EFLAG=00000206
0127BECC	SHR      EDX, 0x7                                         EAX=00581BB0 ECX=00000001 EDX=7FC261B9 EBX=775D41B5 ESP=002DF554 EBP=012391A3 ESI=002DF55C EDI=006B0006 EFLAG=00000202
0127BECF	ADD      EDX, 0xff007b41                                  EAX=00581BB0 ECX=00000001 EDX=00FF84C3 EBX=775D41B5 ESP=002DF554 EBP=012391A3 ESI=002DF55C EDI=006B0006 EFLAG=00000206
0127BED5	SUB      ESI, EDX                                         EAX=00581BB0 ECX=00000001 EDX=00000004 EBX=775D41B5 ESP=002DF554 EBP=012391A3 ESI=002DF55C EDI=006B0006 EFLAG=00000203
0127BED7	POP      EDX                                              EAX=00581BB0 ECX=00000001 EDX=00000004 EBX=775D41B5 ESP=002DF554 EBP=012391A3 ESI=002DF558 EDI=006B0006 EFLAG=00000202
0127BED8	XCHG     [ESP], ESI                                       EAX=00581BB0 ECX=00000001 EDX=001ADCD8 EBX=775D41B5 ESP=002DF558 EBP=012391A3 ESI=002DF558 EDI=006B0006 EFLAG=00000202
0127BEE1	MOV      ESP, [ESP]                                       EAX=00581BB0 ECX=00000001 EDX=001ADCD8 EBX=775D41B5 ESP=002DF558 EBP=012391A3 ESI=00000000 EDI=006B0006 EFLAG=00000246
0127BEE4	MOV      [ESP], EBP                                       EAX=00581BB0 ECX=00000001 EDX=001ADCD8 EBX=775D41B5 ESP=002DF558 EBP=012391A3 ESI=00000000 EDI=006B0006 EFLAG=00000246
0127BEE7	PUSH     ECX                                              EAX=00581BB0 ECX=00000001 EDX=001ADCD8 EBX=775D41B5 ESP=002DF558 EBP=012391A3 ESI=00000000 EDI=006B0006 EFLAG=00000246
0127BEE8	MOV      ECX, 0x11fb7302                                  EAX=00581BB0 ECX=00000001 EDX=001ADCD8 EBX=775D41B5 ESP=002DF554 EBP=012391A3 ESI=00000000 EDI=006B0006 EFLAG=00000246
0127BEED	MOV      EBP, ECX                                         EAX=00581BB0 ECX=11FB7302 EDX=001ADCD8 EBX=775D41B5 ESP=002DF554 EBP=012391A3 ESI=00000000 EDI=006B0006 EFLAG=00000246
0127BEEF	POP      ECX                                              EAX=00581BB0 ECX=11FB7302 EDX=001ADCD8 EBX=775D41B5 ESP=002DF554 EBP=11FB7302 ESI=00000000 EDI=006B0006 EFLAG=00000246
0127BEF5	PUSH     EDI                                              EAX=00581BB0 ECX=00000001 EDX=001ADCD8 EBX=775D41B5 ESP=002DF558 EBP=11FB7302 ESI=00000000 EDI=006B0006 EFLAG=00000202
0127BEFB	MOV      EDI, 0x62cf6f45                                  EAX=00581BB0 ECX=00000001 EDX=001ADCD8 EBX=775D41B5 ESP=002DF554 EBP=11FB7302 ESI=00000000 EDI=006B0006 EFLAG=00000202
0127BF01	SUB      EDI, 0x50d3fc71                                  EAX=00581BB0 ECX=00000001 EDX=001ADCD8 EBX=775D41B5 ESP=002DF554 EBP=11FB7302 ESI=00000000 EDI=62CF6F45 EFLAG=00000202
0127BF0D	SUB      EBP, EDI                                         EAX=00581BB0 ECX=00000001 EDX=001ADCD8 EBX=775D41B5 ESP=002DF554 EBP=0E772D7F ESI=00000000 EDI=11FB72D4 EFLAG=00000212
0127BF15	POP      EDI                                              EAX=00581BB0 ECX=00000001 EDX=001ADCD8 EBX=775D41B5 ESP=002DF554 EBP=0000002E ESI=00000000 EDI=11FB72D4 EFLAG=00000207
0127BF16	PUSH     ECX                                              EAX=00581BB0 ECX=00000001 EDX=001ADCD8 EBX=775D41B5 ESP=002DF558 EBP=0000002E ESI=00000000 EDI=006B0006 EFLAG=00000207
0127BF1A	PUSH     EBP                                              EAX=00581BB0 ECX=00000001 EDX=001ADCD8 EBX=775D41B5 ESP=002DF554 EBP=0000002E ESI=00000000 EDI=006B0006 EFLAG=00000207
0127BF22	SUB      DWORD [ESP], 0x45b61504                          EAX=00581BB0 ECX=00000001 EDX=001ADCD8 EBX=775D41B5 ESP=002DF550 EBP=0000002E ESI=00000000 EDI=006B0006 EFLAG=00000207
0127BF29	POP      ECX                                              EAX=00581BB0 ECX=00000001 EDX=001ADCD8 EBX=775D41B5 ESP=002DF550 EBP=0000002E ESI=00000000 EDI=006B0006 EFLAG=00000283
0127BF2A	PUSH     EDI                                              EAX=00581BB0 ECX=BA49EB2A EDX=001ADCD8 EBX=775D41B5 ESP=002DF554 EBP=0000002E ESI=00000000 EDI=006B0006 EFLAG=00000283
0127BF32	MOV      EDI, 0x6e0a2b26                                  EAX=00581BB0 ECX=BA49EB2A EDX=001ADCD8 EBX=775D41B5 ESP=002DF550 EBP=0000002E ESI=00000000 EDI=006B0006 EFLAG=00000283
0127BF3D	SUB      EDI, 0x28541622                                  EAX=00581BB0 ECX=BA49EB2A EDX=001ADCD8 EBX=775D41B5 ESP=002DF550 EBP=0000002E ESI=00000000 EDI=6E0A2B26 EFLAG=00000202
0127BF43	ADD      ECX, EDI                                         EAX=00581BB0 ECX=BA49EB2A EDX=001ADCD8 EBX=775D41B5 ESP=002DF550 EBP=0000002E ESI=00000000 EDI=45B61504 EFLAG=00000202
0127BF45	POP      EDI                                              EAX=00581BB0 ECX=0000002E EDX=001ADCD8 EBX=775D41B5 ESP=002DF550 EBP=0000002E ESI=00000000 EDI=45B61504 EFLAG=00000207
0127BF4E	MOV      EBX, ECX                                         EAX=00581BB0 ECX=0000002E EDX=001ADCD8 EBX=775D41B5 ESP=002DF554 EBP=0000002E ESI=00000000 EDI=006B0006 EFLAG=00000202
0127BF50	POP      ECX                                              EAX=00581BB0 ECX=0000002E EDX=001ADCD8 EBX=0000002E ESP=002DF554 EBP=0000002E ESI=00000000 EDI=006B0006 EFLAG=00000202
0127BF51	POP      EBP                                              EAX=00581BB0 ECX=00000001 EDX=001ADCD8 EBX=0000002E ESP=002DF558 EBP=0000002E ESI=00000000 EDI=006B0006 EFLAG=00000202
0127BF57	XOR      EAX, EAX                                         EAX=00581BB0 ECX=00000001 EDX=001ADCD8 EBX=0000002E ESP=002DF55C EBP=012391A3 ESI=00000000 EDI=006B0006 EFLAG=00000206
0127BF59	LOCK CMPXCHG [EBP+EBX+0x0], ECX                               EAX=00000000 ECX=00000001 EDX=001ADCD8 EBX=0000002E ESP=002DF55C EBP=012391A3 ESI=00000000 EDI=006B0006 EFLAG=00000246
0127BF5F	JZ       0x127bf6c                                        EAX=00000000 ECX=00000001 EDX=001ADCD8 EBX=0000002E ESP=002DF55C EBP=012391A3 ESI=00000000 EDI=006B0006 EFLAG=00000246
0127BF6C	PUSH     DWORD [ESP]                                      EAX=00000000 ECX=00000001 EDX=001ADCD8 EBX=0000002E ESP=002DF55C EBP=012391A3 ESI=00000000 EDI=006B0006 EFLAG=00000246
0127BF6F	POP      ECX                                              EAX=00000000 ECX=00000001 EDX=001ADCD8 EBX=0000002E ESP=002DF558 EBP=012391A3 ESI=00000000 EDI=006B0006 EFLAG=00000246
0127BF78	PUSH     EAX                                              EAX=00000000 ECX=01080000 EDX=001ADCD8 EBX=0000002E ESP=002DF55C EBP=012391A3 ESI=00000000 EDI=006B0006 EFLAG=00000206
0127BF80	PUSH     ESP                                              EAX=00000000 ECX=01080000 EDX=001ADCD8 EBX=0000002E ESP=002DF558 EBP=012391A3 ESI=00000000 EDI=006B0006 EFLAG=00000206
0127BF81	MOV      EAX, [ESP]                                       EAX=00000000 ECX=01080000 EDX=001ADCD8 EBX=0000002E ESP=002DF554 EBP=012391A3 ESI=00000000 EDI=006B0006 EFLAG=00000206
0127BF84	PUSH     ECX                                              EAX=002DF558 ECX=01080000 EDX=001ADCD8 EBX=0000002E ESP=002DF554 EBP=012391A3 ESI=00000000 EDI=006B0006 EFLAG=00000206
0127BF85	MOV      ECX, ESP                                         EAX=002DF558 ECX=01080000 EDX=001ADCD8 EBX=0000002E ESP=002DF550 EBP=012391A3 ESI=00000000 EDI=006B0006 EFLAG=00000206
0127BF87	ADD      ECX, 0x8                                         EAX=002DF558 ECX=002DF550 EDX=001ADCD8 EBX=0000002E ESP=002DF550 EBP=012391A3 ESI=00000000 EDI=006B0006 EFLAG=00000206
0127BF93	PUSH     ECX                                              EAX=002DF558 ECX=002DF558 EDX=001ADCD8 EBX=0000002E ESP=002DF550 EBP=012391A3 ESI=00000000 EDI=006B0006 EFLAG=00000202
0127BF94	MOV      ECX, [ESP+0x4]                                   EAX=002DF558 ECX=002DF558 EDX=001ADCD8 EBX=0000002E ESP=002DF54C EBP=012391A3 ESI=00000000 EDI=006B0006 EFLAG=00000202
0127BF99	POP      DWORD [ESP]                                      EAX=002DF558 ECX=01080000 EDX=001ADCD8 EBX=0000002E ESP=002DF54C EBP=012391A3 ESI=00000000 EDI=006B0006 EFLAG=00000202
0127BF9C	MOV      ESP, [ESP]                                       EAX=002DF558 ECX=01080000 EDX=001ADCD8 EBX=0000002E ESP=002DF550 EBP=012391A3 ESI=00000000 EDI=006B0006 EFLAG=00000202
0127BF9F	PUSH     EBP                                              EAX=002DF558 ECX=01080000 EDX=001ADCD8 EBX=0000002E ESP=002DF558 EBP=012391A3 ESI=00000000 EDI=006B0006 EFLAG=00000202
0127BFA0	PUSH     EDX                                              EAX=002DF558 ECX=01080000 EDX=001ADCD8 EBX=0000002E ESP=002DF554 EBP=012391A3 ESI=00000000 EDI=006B0006 EFLAG=00000202
0127BFA1	MOV      EDX, 0x8676d9e                                   EAX=002DF558 ECX=01080000 EDX=001ADCD8 EBX=0000002E ESP=002DF550 EBP=012391A3 ESI=00000000 EDI=006B0006 EFLAG=00000202
0127BFA6	PUSH     EDX                                              EAX=002DF558 ECX=01080000 EDX=08676D9E EBX=0000002E ESP=002DF550 EBP=012391A3 ESI=00000000 EDI=006B0006 EFLAG=00000202
0127BFAF	POP      EBP                                              EAX=002DF558 ECX=01080000 EDX=08676D9E EBX=0000002E ESP=002DF54C EBP=012391A3 ESI=00000000 EDI=006B0006 EFLAG=00000212
0127BFB0	POP      EDX                                              EAX=002DF558 ECX=01080000 EDX=08676D9E EBX=0000002E ESP=002DF550 EBP=08676D9E ESI=00000000 EDI=006B0006 EFLAG=00000212
0127BFB1	PUSH     ESI                                              EAX=002DF558 ECX=01080000 EDX=001ADCD8 EBX=0000002E ESP=002DF554 EBP=08676D9E ESI=00000000 EDI=006B0006 EFLAG=00000212
0127BFB2	MOV      ESI, 0x7b51578b                                  EAX=002DF558 ECX=01080000 EDX=001ADCD8 EBX=0000002E ESP=002DF550 EBP=08676D9E ESI=00000000 EDI=006B0006 EFLAG=00000212
0127BFBD	ADD      EBP, ESI                                         EAX=002DF558 ECX=01080000 EDX=001ADCD8 EBX=0000002E ESP=002DF550 EBP=DB5251B7 ESI=7B51578B EDI=006B0006 EFLAG=00000287
0127BFC5	POP      ESI                                              EAX=002DF558 ECX=01080000 EDX=001ADCD8 EBX=0000002E ESP=002DF550 EBP=83B8C529 ESI=7B51578B EDI=006B0006 EFLAG=00000A82
0127BFC6	XCHG     EBP, EDI                                         EAX=002DF558 ECX=01080000 EDX=001ADCD8 EBX=0000002E ESP=002DF554 EBP=83B8C529 ESI=00000000 EDI=006B0006 EFLAG=00000A82
0127BFC8	NOT      EDI                                              EAX=002DF558 ECX=01080000 EDX=001ADCD8 EBX=0000002E ESP=002DF554 EBP=006B0006 ESI=00000000 EDI=83B8C529 EFLAG=00000A82
0127BFCA	PUSH     EBP                                              EAX=002DF558 ECX=01080000 EDX=001ADCD8 EBX=0000002E ESP=002DF554 EBP=006B0006 ESI=00000000 EDI=7C473AD6 EFLAG=00000A82
0127BFCB	MOV      EBP, EDI                                         EAX=002DF558 ECX=01080000 EDX=001ADCD8 EBX=0000002E ESP=002DF550 EBP=006B0006 ESI=00000000 EDI=7C473AD6 EFLAG=00000A82
0127BFCD	POP      EDI                                              EAX=002DF558 ECX=01080000 EDX=001ADCD8 EBX=0000002E ESP=002DF550 EBP=7C473AD6 ESI=00000000 EDI=7C473AD6 EFLAG=00000A82
0127BFCE	XOR      EBP, 0x5793783e                                  EAX=002DF558 ECX=01080000 EDX=001ADCD8 EBX=0000002E ESP=002DF554 EBP=7C473AD6 ESI=00000000 EDI=006B0006 EFLAG=00000A82
0127BFD4	INC      EBP                                              EAX=002DF558 ECX=01080000 EDX=001ADCD8 EBX=0000002E ESP=002DF554 EBP=2BD442E8 ESI=00000000 EDI=006B0006 EFLAG=00000206
0127BFD5	XOR      EBP, 0x2bd442ed                                  EAX=002DF558 ECX=01080000 EDX=001ADCD8 EBX=0000002E ESP=002DF554 EBP=2BD442E9 ESI=00000000 EDI=006B0006 EFLAG=00000202
0127BFE0	ADD      EAX, EBP                                         EAX=A1348765 ECX=01080000 EDX=001ADCD8 EBX=0000002E ESP=002DF554 EBP=00000004 ESI=00000000 EDI=006B0006 EFLAG=00000287
0127BFE7	POP      EBP                                              EAX=002DF55C ECX=01080000 EDX=001ADCD8 EBX=0000002E ESP=002DF554 EBP=00000004 ESI=00000000 EDI=006B0006 EFLAG=00000207
0127BFE8	ADD      EAX, 0x4                                         EAX=002DF55C ECX=01080000 EDX=001ADCD8 EBX=0000002E ESP=002DF558 EBP=012391A3 ESI=00000000 EDI=006B0006 EFLAG=00000207
0127BFEB	XCHG     [ESP], EAX                                       EAX=002DF560 ECX=01080000 EDX=001ADCD8 EBX=0000002E ESP=002DF558 EBP=012391A3 ESI=00000000 EDI=006B0006 EFLAG=00000216
0127BFEE	POP      ESP                                              EAX=00000000 ECX=01080000 EDX=001ADCD8 EBX=0000002E ESP=002DF558 EBP=012391A3 ESI=00000000 EDI=006B0006 EFLAG=00000216
0127BFEF	PUSH     ESI                                              EAX=00000000 ECX=01080000 EDX=001ADCD8 EBX=0000002E ESP=002DF560 EBP=012391A3 ESI=00000000 EDI=006B0006 EFLAG=00000216
0127BFF7	MOV      ESI, 0x65264151                                  EAX=00000000 ECX=01080000 EDX=001ADCD8 EBX=0000002E ESP=002DF55C EBP=012391A3 ESI=00000000 EDI=006B0006 EFLAG=00000216
0127BFFD	SHR      ESI, 0x4                                         EAX=00000000 ECX=01080000 EDX=001ADCD8 EBX=0000002E ESP=002DF55C EBP=012391A3 ESI=65264151 EDI=006B0006 EFLAG=00000216
0127C000	PUSH     EBX                                              EAX=00000000 ECX=01080000 EDX=001ADCD8 EBX=0000002E ESP=002DF55C EBP=012391A3 ESI=06526415 EDI=006B0006 EFLAG=00000202
0127C008	MOV      EBX, 0x32317b43                                  EAX=00000000 ECX=01080000 EDX=001ADCD8 EBX=0000002E ESP=002DF558 EBP=012391A3 ESI=06526415 EDI=006B0006 EFLAG=00000202
0127C013	ADD      ESI, EBX                                         EAX=00000000 ECX=01080000 EDX=001ADCD8 EBX=32317B43 ESP=002DF558 EBP=012391A3 ESI=2A1EDD10 EDI=006B0006 EFLAG=00000212
0127C01B	POP      EBX                                              EAX=00000000 ECX=01080000 EDX=001ADCD8 EBX=32317B43 ESP=002DF558 EBP=012391A3 ESI=3883DF58 EDI=006B0006 EFLAG=00000212
0127C024	SUB      ESI, 0x14ec5773                                  EAX=00000000 ECX=01080000 EDX=001ADCD8 EBX=0000002E ESP=002DF55C EBP=012391A3 ESI=3883DF58 EDI=006B0006 EFLAG=00000206
0127C02A	XOR      ESI, 0x239787f5                                  EAX=00000000 ECX=01080000 EDX=001ADCD8 EBX=0000002E ESP=002DF55C EBP=012391A3 ESI=239787E5 EDI=006B0006 EFLAG=00000202
0127C030	PUSH     ESI                                              EAX=00000000 ECX=01080000 EDX=001ADCD8 EBX=0000002E ESP=002DF55C EBP=012391A3 ESI=00000010 EDI=006B0006 EFLAG=00000202
0127C031	PUSH     EDX                                              EAX=00000000 ECX=01080000 EDX=001ADCD8 EBX=0000002E ESP=002DF558 EBP=012391A3 ESI=00000010 EDI=006B0006 EFLAG=00000202
0127C035	PUSH     EAX                                              EAX=00000000 ECX=01080000 EDX=001ADCD8 EBX=0000002E ESP=002DF554 EBP=012391A3 ESI=00000010 EDI=006B0006 EFLAG=00000202
0127C03E	MOV      EAX, 0x196152b1                                  EAX=00000000 ECX=01080000 EDX=001ADCD8 EBX=0000002E ESP=002DF550 EBP=012391A3 ESI=00000010 EDI=006B0006 EFLAG=00000206
0127C043	MOV      EDX, 0x61ec1f2e                                  EAX=196152B1 ECX=01080000 EDX=001ADCD8 EBX=0000002E ESP=002DF550 EBP=012391A3 ESI=00000010 EDI=006B0006 EFLAG=00000206
0127C048	XOR      EDX, EAX                                         EAX=196152B1 ECX=01080000 EDX=61EC1F2E EBX=0000002E ESP=002DF550 EBP=012391A3 ESI=00000010 EDI=006B0006 EFLAG=00000206
0127C04A	POP      EAX                                              EAX=196152B1 ECX=01080000 EDX=788D4D9F EBX=0000002E ESP=002DF550 EBP=012391A3 ESI=00000010 EDI=006B0006 EFLAG=00000206
0127C04B	SUB      [ESP+0x4], EDX                                   EAX=00000000 ECX=01080000 EDX=788D4D9F EBX=0000002E ESP=002DF554 EBP=012391A3 ESI=00000010 EDI=006B0006 EFLAG=00000206
0127C04F	POP      EDX                                              EAX=00000000 ECX=01080000 EDX=788D4D9F EBX=0000002E ESP=002DF554 EBP=012391A3 ESI=00000010 EDI=006B0006 EFLAG=00000297
0127C050	POP      EBX                                              EAX=00000000 ECX=01080000 EDX=001ADCD8 EBX=0000002E ESP=002DF558 EBP=012391A3 ESI=00000010 EDI=006B0006 EFLAG=00000297
0127C051	PUSH     ESI                                              EAX=00000000 ECX=01080000 EDX=001ADCD8 EBX=8772B271 ESP=002DF55C EBP=012391A3 ESI=00000010 EDI=006B0006 EFLAG=00000297
0127C055	MOV      ESI, 0x3b5360a2                                  EAX=00000000 ECX=01080000 EDX=001ADCD8 EBX=8772B271 ESP=002DF558 EBP=012391A3 ESI=00000010 EDI=006B0006 EFLAG=00000297
0127C05A	PUSH     EDX                                              EAX=00000000 ECX=01080000 EDX=001ADCD8 EBX=8772B271 ESP=002DF558 EBP=012391A3 ESI=3B5360A2 EDI=006B0006 EFLAG=00000297
0127C05B	MOV      EDX, 0x5b7e1dff                                  EAX=00000000 ECX=01080000 EDX=001ADCD8 EBX=8772B271 ESP=002DF554 EBP=012391A3 ESI=3B5360A2 EDI=006B0006 EFLAG=00000297
0127C066	ADD      EDX, 0x5ed16fee                                  EAX=00000000 ECX=01080000 EDX=5B7E1DFF EBX=8772B271 ESP=002DF554 EBP=012391A3 ESI=3B5360A2 EDI=006B0006 EFLAG=00000206
0127C072	SUB      EDX, 0x1a04d20                                   EAX=00000000 ECX=01080000 EDX=BA4F8DED EBX=8772B271 ESP=002DF554 EBP=012391A3 ESI=3B5360A2 EDI=006B0006 EFLAG=00000296
0127C078	XOR      EDX, 0xd5f94a20                                  EAX=00000000 ECX=01080000 EDX=B8AF40CD EBX=8772B271 ESP=002DF554 EBP=012391A3 ESI=3B5360A2 EDI=006B0006 EFLAG=00000282
0127C07E	AND      ESI, EDX                                         EAX=00000000 ECX=01080000 EDX=6D560AED EBX=8772B271 ESP=002DF554 EBP=012391A3 ESI=3B5360A2 EDI=006B0006 EFLAG=00000206
0127C080	POP      EDX                                              EAX=00000000 ECX=01080000 EDX=6D560AED EBX=8772B271 ESP=002DF554 EBP=012391A3 ESI=295200A0 EDI=006B0006 EFLAG=00000206
0127C081	NOT      ESI                                              EAX=00000000 ECX=01080000 EDX=001ADCD8 EBX=8772B271 ESP=002DF558 EBP=012391A3 ESI=295200A0 EDI=006B0006 EFLAG=00000206
0127C083	XOR      ESI, 0x56542a3c                                  EAX=00000000 ECX=01080000 EDX=001ADCD8 EBX=8772B271 ESP=002DF558 EBP=012391A3 ESI=D6ADFF5F EDI=006B0006 EFLAG=00000206
0127C089	PUSH     EAX                                              EAX=00000000 ECX=01080000 EDX=001ADCD8 EBX=8772B271 ESP=002DF558 EBP=012391A3 ESI=80F9D563 EDI=006B0006 EFLAG=00000286
0127C08A	MOV      EAX, 0x38707616                                  EAX=00000000 ECX=01080000 EDX=001ADCD8 EBX=8772B271 ESP=002DF554 EBP=012391A3 ESI=80F9D563 EDI=006B0006 EFLAG=00000286
0127C08F	PUSH     EDI                                              EAX=38707616 ECX=01080000 EDX=001ADCD8 EBX=8772B271 ESP=002DF554 EBP=012391A3 ESI=80F9D563 EDI=006B0006 EFLAG=00000286
0127C090	MOV      EDI, 0x16e93ba1                                  EAX=38707616 ECX=01080000 EDX=001ADCD8 EBX=8772B271 ESP=002DF550 EBP=012391A3 ESI=80F9D563 EDI=006B0006 EFLAG=00000286
0127C096	DEC      EDI                                              EAX=38707616 ECX=01080000 EDX=001ADCD8 EBX=8772B271 ESP=002DF550 EBP=012391A3 ESI=80F9D563 EDI=16E93BA1 EFLAG=00000202
0127C097	ADD      EDI, 0x6e2e4c17                                  EAX=38707616 ECX=01080000 EDX=001ADCD8 EBX=8772B271 ESP=002DF550 EBP=012391A3 ESI=80F9D563 EDI=16E93BA0 EFLAG=00000206
0127C09D	NOT      EDI                                              EAX=38707616 ECX=01080000 EDX=001ADCD8 EBX=8772B271 ESP=002DF550 EBP=012391A3 ESI=80F9D563 EDI=851787B7 EFLAG=00000A86
0127C0A2	ADD      EDI, 0xaef7c3f6                                  EAX=38707616 ECX=01080000 EDX=001ADCD8 EBX=8772B271 ESP=002DF550 EBP=012391A3 ESI=80F9D563 EDI=7AE87848 EFLAG=00000A86
0127C0A8	SUB      EAX, EDI                                         EAX=38707616 ECX=01080000 EDX=001ADCD8 EBX=8772B271 ESP=002DF550 EBP=012391A3 ESI=80F9D563 EDI=29E03C3E EFLAG=00000203
0127C0AA	POP      EDI                                              EAX=0E9039D8 ECX=01080000 EDX=001ADCD8 EBX=8772B271 ESP=002DF550 EBP=012391A3 ESI=80F9D563 EDI=29E03C3E EFLAG=00000216
0127C0AB	SHR      EAX, 0x7                                         EAX=0E9039D8 ECX=01080000 EDX=001ADCD8 EBX=8772B271 ESP=002DF554 EBP=012391A3 ESI=80F9D563 EDI=006B0006 EFLAG=00000216
0127C0AE	SUB      EAX, 0xe9fef89c                                  EAX=001D2073 ECX=01080000 EDX=001ADCD8 EBX=8772B271 ESP=002DF554 EBP=012391A3 ESI=80F9D563 EDI=006B0006 EFLAG=00000203
0127C0B3	AND      ESI, EAX                                         EAX=161E27D7 ECX=01080000 EDX=001ADCD8 EBX=8772B271 ESP=002DF554 EBP=012391A3 ESI=80F9D563 EDI=006B0006 EFLAG=00000217
0127C0B5	POP      EAX                                              EAX=161E27D7 ECX=01080000 EDX=001ADCD8 EBX=8772B271 ESP=002DF554 EBP=012391A3 ESI=00180543 EDI=006B0006 EFLAG=00000202
0127C0B6	ADD      ESI, 0x3aa37a8c                                  EAX=00000000 ECX=01080000 EDX=001ADCD8 EBX=8772B271 ESP=002DF558 EBP=012391A3 ESI=00180543 EDI=006B0006 EFLAG=00000202
0127C0BC	XOR      ESI, 0x42363250                                  EAX=00000000 ECX=01080000 EDX=001ADCD8 EBX=8772B271 ESP=002DF558 EBP=012391A3 ESI=3ABB7FCF EDI=006B0006 EFLAG=00000206
0127C0C2	ADD      EBX, ESI                                         EAX=00000000 ECX=01080000 EDX=001ADCD8 EBX=8772B271 ESP=002DF558 EBP=012391A3 ESI=788D4D9F EDI=006B0006 EFLAG=00000206
0127C0C4	POP      ESI                                              EAX=00000000 ECX=01080000 EDX=001ADCD8 EBX=00000010 ESP=002DF558 EBP=012391A3 ESI=788D4D9F EDI=006B0006 EFLAG=00000213
0127C0C5	POP      ESI                                              EAX=00000000 ECX=01080000 EDX=001ADCD8 EBX=00000010 ESP=002DF55C EBP=012391A3 ESI=00000010 EDI=006B0006 EFLAG=00000213
0127C0CB	PUSH     EAX                                              EAX=00000000 ECX=01080000 EDX=001ADCD8 EBX=00000010 ESP=002DF560 EBP=012391A3 ESI=00000000 EDI=006B0006 EFLAG=00000216
0127C0D3	PUSH     ESI                                              EAX=00000000 ECX=01080000 EDX=001ADCD8 EBX=00000010 ESP=002DF55C EBP=012391A3 ESI=00000000 EDI=006B0006 EFLAG=00000216
0127C0D7	PUSH     ECX                                              EAX=00000000 ECX=01080000 EDX=001ADCD8 EBX=00000010 ESP=002DF558 EBP=012391A3 ESI=00000000 EDI=006B0006 EFLAG=00000216
0127C0D8	PUSH     EBX                                              EAX=00000000 ECX=01080000 EDX=001ADCD8 EBX=00000010 ESP=002DF554 EBP=012391A3 ESI=00000000 EDI=006B0006 EFLAG=00000216
0127C0D9	MOV      EBX, 0x518a5f70                                  EAX=00000000 ECX=01080000 EDX=001ADCD8 EBX=00000010 ESP=002DF550 EBP=012391A3 ESI=00000000 EDI=006B0006 EFLAG=00000216
0127C0DE	SUB      [ESP+0x4], EBX                                   EAX=00000000 ECX=01080000 EDX=001ADCD8 EBX=518A5F70 ESP=002DF550 EBP=012391A3 ESI=00000000 EDI=006B0006 EFLAG=00000216
0127C0E2	POP      EBX                                              EAX=00000000 ECX=01080000 EDX=001ADCD8 EBX=518A5F70 ESP=002DF550 EBP=012391A3 ESI=00000000 EDI=006B0006 EFLAG=00000287
0127C0E3	POP      ESI                                              EAX=00000000 ECX=01080000 EDX=001ADCD8 EBX=00000010 ESP=002DF554 EBP=012391A3 ESI=00000000 EDI=006B0006 EFLAG=00000287
0127C0E4	PUSH     EAX                                              EAX=00000000 ECX=01080000 EDX=001ADCD8 EBX=00000010 ESP=002DF558 EBP=012391A3 ESI=AF7DA090 EDI=006B0006 EFLAG=00000287
0127C0E5	MOV      EAX, 0x99a2df19                                  EAX=00000000 ECX=01080000 EDX=001ADCD8 EBX=00000010 ESP=002DF554 EBP=012391A3 ESI=AF7DA090 EDI=006B0006 EFLAG=00000287
0127C0EF	ADD      EAX, 0xb7e78057                                  EAX=99A2DF19 ECX=01080000 EDX=001ADCD8 EBX=00000010 ESP=002DF554 EBP=012391A3 ESI=AF7DA090 EDI=006B0006 EFLAG=00000A82
0127C0F9	ADD      ESI, EAX                                         EAX=518A5F70 ECX=01080000 EDX=001ADCD8 EBX=00000010 ESP=002DF554 EBP=012391A3 ESI=AF7DA090 EDI=006B0006 EFLAG=00000213
0127C0FB	POP      EAX                                              EAX=518A5F70 ECX=01080000 EDX=001ADCD8 EBX=00000010 ESP=002DF554 EBP=012391A3 ESI=01080000 EDI=006B0006 EFLAG=00000207
0127C0FC	PUSH     EBP                                              EAX=00000000 ECX=01080000 EDX=001ADCD8 EBX=00000010 ESP=002DF558 EBP=012391A3 ESI=01080000 EDI=006B0006 EFLAG=00000207
0127C100	MOV      EBP, ESI                                         EAX=00000000 ECX=01080000 EDX=001ADCD8 EBX=00000010 ESP=002DF554 EBP=012391A3 ESI=01080000 EDI=006B0006 EFLAG=00000207
0127C102	MOV      EAX, EBP                                         EAX=00000000 ECX=01080000 EDX=001ADCD8 EBX=00000010 ESP=002DF554 EBP=01080000 ESI=01080000 EDI=006B0006 EFLAG=00000207
0127C104	POP      EBP                                              EAX=01080000 ECX=01080000 EDX=001ADCD8 EBX=00000010 ESP=002DF554 EBP=01080000 ESI=01080000 EDI=006B0006 EFLAG=00000207
0127C105	POP      ESI                                              EAX=01080000 ECX=01080000 EDX=001ADCD8 EBX=00000010 ESP=002DF558 EBP=012391A3 ESI=01080000 EDI=006B0006 EFLAG=00000207
0127C106	PUSH     EAX                                              EAX=01080000 ECX=01080000 EDX=001ADCD8 EBX=00000010 ESP=002DF55C EBP=012391A3 ESI=00000000 EDI=006B0006 EFLAG=00000207
0127C10E	ADD      DWORD [ESP], 0x2be10e2f                          EAX=01080000 ECX=01080000 EDX=001ADCD8 EBX=00000010 ESP=002DF558 EBP=012391A3 ESI=00000000 EDI=006B0006 EFLAG=00000207
0127C115	POP      DWORD [EBP+EBX+0x0]                              EAX=01080000 ECX=01080000 EDX=001ADCD8 EBX=00000010 ESP=002DF558 EBP=012391A3 ESI=00000000 EDI=006B0006 EFLAG=00000202
0127C119	PUSH     EDI                                              EAX=01080000 ECX=01080000 EDX=001ADCD8 EBX=00000010 ESP=002DF55C EBP=012391A3 ESI=00000000 EDI=006B0006 EFLAG=00000202
0127C11A	MOV      EDI, ESP                                         EAX=01080000 ECX=01080000 EDX=001ADCD8 EBX=00000010 ESP=002DF558 EBP=012391A3 ESI=00000000 EDI=006B0006 EFLAG=00000202
0127C11C	ADD      EDI, 0x4                                         EAX=01080000 ECX=01080000 EDX=001ADCD8 EBX=00000010 ESP=002DF558 EBP=012391A3 ESI=00000000 EDI=002DF558 EFLAG=00000202
0127C122	PUSH     EBX                                              EAX=01080000 ECX=01080000 EDX=001ADCD8 EBX=00000010 ESP=002DF558 EBP=012391A3 ESI=00000000 EDI=002DF55C EFLAG=00000206
0127C123	MOV      EBX, 0x4                                         EAX=01080000 ECX=01080000 EDX=001ADCD8 EBX=00000010 ESP=002DF554 EBP=012391A3 ESI=00000000 EDI=002DF55C EFLAG=00000206
0127C128	SUB      EDI, EBX                                         EAX=01080000 ECX=01080000 EDX=001ADCD8 EBX=00000004 ESP=002DF554 EBP=012391A3 ESI=00000000 EDI=002DF55C EFLAG=00000206
0127C12A	POP      EBX                                              EAX=01080000 ECX=01080000 EDX=001ADCD8 EBX=00000004 ESP=002DF554 EBP=012391A3 ESI=00000000 EDI=002DF558 EFLAG=00000202
0127C12B	XCHG     [ESP], EDI                                       EAX=01080000 ECX=01080000 EDX=001ADCD8 EBX=00000010 ESP=002DF558 EBP=012391A3 ESI=00000000 EDI=002DF558 EFLAG=00000202
0127C12E	POP      ESP                                              EAX=01080000 ECX=01080000 EDX=001ADCD8 EBX=00000010 ESP=002DF558 EBP=012391A3 ESI=00000000 EDI=006B0006 EFLAG=00000202
0127C12F	MOV      [ESP], ECX                                       EAX=01080000 ECX=01080000 EDX=001ADCD8 EBX=00000010 ESP=002DF558 EBP=012391A3 ESI=00000000 EDI=006B0006 EFLAG=00000202
0127C132	PUSH     ESI                                              EAX=01080000 ECX=01080000 EDX=001ADCD8 EBX=00000010 ESP=002DF558 EBP=012391A3 ESI=00000000 EDI=006B0006 EFLAG=00000202
0127C136	MOV      ESI, 0x458c0436                                  EAX=01080000 ECX=01080000 EDX=001ADCD8 EBX=00000010 ESP=002DF554 EBP=012391A3 ESI=00000000 EDI=006B0006 EFLAG=00000202
0127C13C	ADD      ESI, 0xbcff7ac1                                  EAX=01080000 ECX=01080000 EDX=001ADCD8 EBX=00000010 ESP=002DF554 EBP=012391A3 ESI=458C0436 EDI=006B0006 EFLAG=00000202
0127C142	MOV      ECX, ESI                                         EAX=01080000 ECX=01080000 EDX=001ADCD8 EBX=00000010 ESP=002DF554 EBP=012391A3 ESI=028B7EF7 EDI=006B0006 EFLAG=00000203
0127C144	POP      ESI                                              EAX=01080000 ECX=028B7EF7 EDX=001ADCD8 EBX=00000010 ESP=002DF554 EBP=012391A3 ESI=028B7EF7 EDI=006B0006 EFLAG=00000203
0127C145	ADD      ECX, 0x2eb37172                                  EAX=01080000 ECX=028B7EF7 EDX=001ADCD8 EBX=00000010 ESP=002DF558 EBP=012391A3 ESI=00000000 EDI=006B0006 EFLAG=00000203
0127C14B	XOR      ECX, 0x32ea7687                                  EAX=01080000 ECX=313EF069 EDX=001ADCD8 EBX=00000010 ESP=002DF558 EBP=012391A3 ESI=00000000 EDI=006B0006 EFLAG=00000206
0127C151	OR       ECX, 0x66742930                                  EAX=01080000 ECX=03D486EE EDX=001ADCD8 EBX=00000010 ESP=002DF558 EBP=012391A3 ESI=00000000 EDI=006B0006 EFLAG=00000206
0127C157	OR       ECX, 0x68c1199e                                  EAX=01080000 ECX=67F4AFFE EDX=001ADCD8 EBX=00000010 ESP=002DF558 EBP=012391A3 ESI=00000000 EDI=006B0006 EFLAG=00000202
0127C15D	ADD      ECX, 0xbbeb4e31                                  EAX=01080000 ECX=6FF5BFFE EDX=001ADCD8 EBX=00000010 ESP=002DF558 EBP=012391A3 ESI=00000000 EDI=006B0006 EFLAG=00000202
0127C163	SUB      [EBP+EBX+0x0], ECX                               EAX=01080000 ECX=2BE10E2F EDX=001ADCD8 EBX=00000010 ESP=002DF558 EBP=012391A3 ESI=00000000 EDI=006B0006 EFLAG=00000203
0127C167	POP      ECX                                              EAX=01080000 ECX=2BE10E2F EDX=001ADCD8 EBX=00000010 ESP=002DF558 EBP=012391A3 ESI=00000000 EDI=006B0006 EFLAG=00000206
0127C16D	MOV      EAX, [ESP]                                       EAX=01080000 ECX=01080000 EDX=001ADCD8 EBX=00000010 ESP=002DF55C EBP=012391A3 ESI=00000000 EDI=006B0006 EFLAG=00000206
0127C171	ADD      ESP, 0x4                                         EAX=00000000 ECX=01080000 EDX=001ADCD8 EBX=00000010 ESP=002DF55C EBP=012391A3 ESI=00000000 EDI=006B0006 EFLAG=00000206
0127C177	PUSH     ECX                                              EAX=00000000 ECX=01080000 EDX=001ADCD8 EBX=00000010 ESP=002DF560 EBP=012391A3 ESI=00000000 EDI=006B0006 EFLAG=00000216
0127C17B	MOV      [ESP], EAX                                       EAX=00000000 ECX=01080000 EDX=001ADCD8 EBX=00000010 ESP=002DF55C EBP=012391A3 ESI=00000000 EDI=006B0006 EFLAG=00000216
0127C17E	PUSH     ECX                                              EAX=00000000 ECX=01080000 EDX=001ADCD8 EBX=00000010 ESP=002DF55C EBP=012391A3 ESI=00000000 EDI=006B0006 EFLAG=00000216
0127C182	MOV      ECX, 0x77428f9                                   EAX=00000000 ECX=01080000 EDX=001ADCD8 EBX=00000010 ESP=002DF558 EBP=012391A3 ESI=00000000 EDI=006B0006 EFLAG=00000216
0127C187	MOV      EAX, ECX                                         EAX=00000000 ECX=077428F9 EDX=001ADCD8 EBX=00000010 ESP=002DF558 EBP=012391A3 ESI=00000000 EDI=006B0006 EFLAG=00000216
0127C189	POP      ECX                                              EAX=077428F9 ECX=077428F9 EDX=001ADCD8 EBX=00000010 ESP=002DF558 EBP=012391A3 ESI=00000000 EDI=006B0006 EFLAG=00000216
0127C18A	PUSH     DWORD 0xf88bd731                                 EAX=077428F9 ECX=01080000 EDX=001ADCD8 EBX=00000010 ESP=002DF55C EBP=012391A3 ESI=00000000 EDI=006B0006 EFLAG=00000216
0127C18F	POP      EBX                                              EAX=077428F9 ECX=01080000 EDX=001ADCD8 EBX=00000010 ESP=002DF558 EBP=012391A3 ESI=00000000 EDI=006B0006 EFLAG=00000216
0127C19E	ADD      EBX, EAX                                         EAX=077428F9 ECX=01080000 EDX=001ADCD8 EBX=6B6C15DE ESP=002DF55C EBP=012391A3 ESI=00000000 EDI=006B0006 EFLAG=00000207
0127C1A6	MOV      EAX, [ESP]                                       EAX=077428F9 ECX=01080000 EDX=001ADCD8 EBX=0000002A ESP=002DF55C EBP=012391A3 ESI=00000000 EDI=006B0006 EFLAG=00000212
0127C1A9	PUSH     ECX                                              EAX=00000000 ECX=01080000 EDX=001ADCD8 EBX=0000002A ESP=002DF55C EBP=012391A3 ESI=00000000 EDI=006B0006 EFLAG=00000212
0127C1AD	MOV      ECX, ESP                                         EAX=00000000 ECX=01080000 EDX=001ADCD8 EBX=0000002A ESP=002DF558 EBP=012391A3 ESI=00000000 EDI=006B0006 EFLAG=00000212
0127C1AF	PUSH     EBP                                              EAX=00000000 ECX=002DF558 EDX=001ADCD8 EBX=0000002A ESP=002DF558 EBP=012391A3 ESI=00000000 EDI=006B0006 EFLAG=00000212
0127C1B7	MOV      EBP, 0x50825999                                  EAX=00000000 ECX=002DF558 EDX=001ADCD8 EBX=0000002A ESP=002DF554 EBP=012391A3 ESI=00000000 EDI=006B0006 EFLAG=00000212
0127C1BD	NEG      EBP                                              EAX=00000000 ECX=002DF558 EDX=001ADCD8 EBX=0000002A ESP=002DF554 EBP=50825999 ESI=00000000 EDI=006B0006 EFLAG=00000206
0127C1BF	XOR      EBP, 0xaf7da663                                  EAX=00000000 ECX=002DF558 EDX=001ADCD8 EBX=0000002A ESP=002DF554 EBP=AF7DA667 ESI=00000000 EDI=006B0006 EFLAG=00000293
0127C1C5	ADD      ECX, EBP                                         EAX=00000000 ECX=002DF558 EDX=001ADCD8 EBX=0000002A ESP=002DF554 EBP=00000004 ESI=00000000 EDI=006B0006 EFLAG=00000202
0127C1C7	MOV      EBP, [ESP]                                       EAX=00000000 ECX=002DF55C EDX=001ADCD8 EBX=0000002A ESP=002DF554 EBP=00000004 ESI=00000000 EDI=006B0006 EFLAG=00000206
0127C1CA	PUSH     EDX                                              EAX=00000000 ECX=002DF55C EDX=001ADCD8 EBX=0000002A ESP=002DF554 EBP=012391A3 ESI=00000000 EDI=006B0006 EFLAG=00000206
0127C1CB	MOV      EDX, ESP                                         EAX=00000000 ECX=002DF55C EDX=001ADCD8 EBX=0000002A ESP=002DF550 EBP=012391A3 ESI=00000000 EDI=006B0006 EFLAG=00000206
0127C1CD	PUSH     EDI                                              EAX=00000000 ECX=002DF55C EDX=002DF550 EBX=0000002A ESP=002DF550 EBP=012391A3 ESI=00000000 EDI=006B0006 EFLAG=00000206
0127C1CE	MOV      EDI, 0x4                                         EAX=00000000 ECX=002DF55C EDX=002DF550 EBX=0000002A ESP=002DF54C EBP=012391A3 ESI=00000000 EDI=006B0006 EFLAG=00000206
0127C1D3	ADD      EDX, EDI                                         EAX=00000000 ECX=002DF55C EDX=002DF550 EBX=0000002A ESP=002DF54C EBP=012391A3 ESI=00000000 EDI=00000004 EFLAG=00000206
0127C1D5	POP      EDI                                              EAX=00000000 ECX=002DF55C EDX=002DF554 EBX=0000002A ESP=002DF54C EBP=012391A3 ESI=00000000 EDI=00000004 EFLAG=00000202
0127C1D6	ADD      EDX, 0x4                                         EAX=00000000 ECX=002DF55C EDX=002DF554 EBX=0000002A ESP=002DF550 EBP=012391A3 ESI=00000000 EDI=006B0006 EFLAG=00000202
0127C1D9	PUSH     EDX                                              EAX=00000000 ECX=002DF55C EDX=002DF558 EBX=0000002A ESP=002DF550 EBP=012391A3 ESI=00000000 EDI=006B0006 EFLAG=00000202
0127C1DA	MOV      EDX, [ESP+0x4]                                   EAX=00000000 ECX=002DF55C EDX=002DF558 EBX=0000002A ESP=002DF54C EBP=012391A3 ESI=00000000 EDI=006B0006 EFLAG=00000202
0127C1DF	POP      DWORD [ESP]                                      EAX=00000000 ECX=002DF55C EDX=001ADCD8 EBX=0000002A ESP=002DF54C EBP=012391A3 ESI=00000000 EDI=006B0006 EFLAG=00000202
0127C1E2	POP      ESP                                              EAX=00000000 ECX=002DF55C EDX=001ADCD8 EBX=0000002A ESP=002DF550 EBP=012391A3 ESI=00000000 EDI=006B0006 EFLAG=00000202
0127C1E3	PUSH     EDI                                              EAX=00000000 ECX=002DF55C EDX=001ADCD8 EBX=0000002A ESP=002DF558 EBP=012391A3 ESI=00000000 EDI=006B0006 EFLAG=00000202
0127C1E4	MOV      EDI, 0x4                                         EAX=00000000 ECX=002DF55C EDX=001ADCD8 EBX=0000002A ESP=002DF554 EBP=012391A3 ESI=00000000 EDI=006B0006 EFLAG=00000202
0127C1EF	ADD      ECX, EDI                                         EAX=00000000 ECX=6FD50544 EDX=001ADCD8 EBX=0000002A ESP=002DF554 EBP=012391A3 ESI=00000000 EDI=00000004 EFLAG=00000216
0127C1F7	POP      EDI                                              EAX=00000000 ECX=002DF560 EDX=001ADCD8 EBX=0000002A ESP=002DF554 EBP=012391A3 ESI=00000000 EDI=00000004 EFLAG=00000206
0127C1F8	XCHG     [ESP], ECX                                       EAX=00000000 ECX=002DF560 EDX=001ADCD8 EBX=0000002A ESP=002DF558 EBP=012391A3 ESI=00000000 EDI=006B0006 EFLAG=00000206
0127C1FB	POP      ESP                                              EAX=00000000 ECX=01080000 EDX=001ADCD8 EBX=0000002A ESP=002DF558 EBP=012391A3 ESI=00000000 EDI=006B0006 EFLAG=00000206
0127C1FC	PUSH     EAX                                              EAX=00000000 ECX=01080000 EDX=001ADCD8 EBX=0000002A ESP=002DF560 EBP=012391A3 ESI=00000000 EDI=006B0006 EFLAG=00000206
0127C205	MOV      EAX, 0x400000                                    EAX=00000000 ECX=01080000 EDX=001ADCD8 EBX=0000002A ESP=002DF55C EBP=012391A3 ESI=00000000 EDI=006B0006 EFLAG=00000216
0127C20A	PUSH     EDX                                              EAX=00400000 ECX=01080000 EDX=001ADCD8 EBX=0000002A ESP=002DF55C EBP=012391A3 ESI=00000000 EDI=006B0006 EFLAG=00000216
0127C20B	PUSH     EBX                                              EAX=00400000 ECX=01080000 EDX=001ADCD8 EBX=0000002A ESP=002DF558 EBP=012391A3 ESI=00000000 EDI=006B0006 EFLAG=00000216
0127C20C	POP      EDX                                              EAX=00400000 ECX=01080000 EDX=001ADCD8 EBX=0000002A ESP=002DF554 EBP=012391A3 ESI=00000000 EDI=006B0006 EFLAG=00000216
0127C212	PUSH     EDI                                              EAX=00400000 ECX=01080000 EDX=0000002A EBX=0000002A ESP=002DF558 EBP=012391A3 ESI=00000000 EDI=006B0006 EFLAG=00000202
0127C213	MOV      EDI, 0x0                                         EAX=00400000 ECX=01080000 EDX=0000002A EBX=0000002A ESP=002DF554 EBP=012391A3 ESI=00000000 EDI=006B0006 EFLAG=00000202
0127C218	ADD      EDX, EDI                                         EAX=00400000 ECX=01080000 EDX=0000002A EBX=0000002A ESP=002DF554 EBP=012391A3 ESI=00000000 EDI=00000000 EFLAG=00000202
0127C21A	POP      EDI                                              EAX=00400000 ECX=01080000 EDX=0000002A EBX=0000002A ESP=002DF554 EBP=012391A3 ESI=00000000 EDI=00000000 EFLAG=00000202
0127C21B	ADD      EDX, 0x1e485af0                                  EAX=00400000 ECX=01080000 EDX=0000002A EBX=0000002A ESP=002DF558 EBP=012391A3 ESI=00000000 EDI=006B0006 EFLAG=00000202
0127C221	ADD      EDX, EBP                                         EAX=00400000 ECX=01080000 EDX=1E485B1A EBX=0000002A ESP=002DF558 EBP=012391A3 ESI=00000000 EDI=006B0006 EFLAG=00000202
0127C223	PUSH     EAX                                              EAX=00400000 ECX=01080000 EDX=1F6BECBD EBX=0000002A ESP=002DF558 EBP=012391A3 ESI=00000000 EDI=006B0006 EFLAG=00000206
0127C224	PUSH     EBP                                              EAX=00400000 ECX=01080000 EDX=1F6BECBD EBX=0000002A ESP=002DF554 EBP=012391A3 ESI=00000000 EDI=006B0006 EFLAG=00000206
0127C225	MOV      EBP, 0xce67ee1f                                  EAX=00400000 ECX=01080000 EDX=1F6BECBD EBX=0000002A ESP=002DF550 EBP=012391A3 ESI=00000000 EDI=006B0006 EFLAG=00000206
0127C230	XOR      EBP, 0x5cc95a73                                  EAX=00400000 ECX=01080000 EDX=1F6BECBD EBX=0000002A ESP=002DF550 EBP=CE67EE1F ESI=00000000 EDI=006B0006 EFLAG=00000293
0127C236	NEG      EBP                                              EAX=00400000 ECX=01080000 EDX=1F6BECBD EBX=0000002A ESP=002DF550 EBP=92AEB46C ESI=00000000 EDI=006B0006 EFLAG=00000286
0127C238	XOR      EBP, 0x52a80300                                  EAX=00400000 ECX=01080000 EDX=1F6BECBD EBX=0000002A ESP=002DF550 EBP=6D514B94 ESI=00000000 EDI=006B0006 EFLAG=00000213
0127C23E	OR       EBP, 0xf6d5ffe                                   EAX=00400000 ECX=01080000 EDX=1F6BECBD EBX=0000002A ESP=002DF550 EBP=3FF94894 ESI=00000000 EDI=006B0006 EFLAG=00000202
0127C244	XOR      EBP, 0x21b5050e                                  EAX=00400000 ECX=01080000 EDX=1F6BECBD EBX=0000002A ESP=002DF550 EBP=3FFD5FFE ESI=00000000 EDI=006B0006 EFLAG=00000202
0127C24A	MOV      EAX, EBP                                         EAX=00400000 ECX=01080000 EDX=1F6BECBD EBX=0000002A ESP=002DF550 EBP=1E485AF0 ESI=00000000 EDI=006B0006 EFLAG=00000206
0127C24C	POP      EBP                                              EAX=1E485AF0 ECX=01080000 EDX=1F6BECBD EBX=0000002A ESP=002DF550 EBP=1E485AF0 ESI=00000000 EDI=006B0006 EFLAG=00000206
0127C24D	SUB      EDX, EAX                                         EAX=1E485AF0 ECX=01080000 EDX=1F6BECBD EBX=0000002A ESP=002DF554 EBP=012391A3 ESI=00000000 EDI=006B0006 EFLAG=00000206
0127C24F	POP      EAX                                              EAX=1E485AF0 ECX=01080000 EDX=012391CD EBX=0000002A ESP=002DF554 EBP=012391A3 ESI=00000000 EDI=006B0006 EFLAG=00000202
0127C255	PUSH     EAX                                              EAX=00400000 ECX=01080000 EDX=012391CD EBX=0000002A ESP=002DF558 EBP=012391A3 ESI=00000000 EDI=006B0006 EFLAG=00000202
0127C259	POP      DWORD [EDX]                                      EAX=00400000 ECX=01080000 EDX=012391CD EBX=0000002A ESP=002DF554 EBP=012391A3 ESI=00000000 EDI=006B0006 EFLAG=00000202
0127C25B	MOV      EDX, [ESP]                                       EAX=00400000 ECX=01080000 EDX=012391CD EBX=0000002A ESP=002DF558 EBP=012391A3 ESI=00000000 EDI=006B0006 EFLAG=00000202
0127C25F	PUSH     EBP                                              EAX=00400000 ECX=01080000 EDX=001ADCD8 EBX=0000002A ESP=002DF558 EBP=012391A3 ESI=00000000 EDI=006B0006 EFLAG=00000202
0127C260	MOV      EBP, ESP                                         EAX=00400000 ECX=01080000 EDX=001ADCD8 EBX=0000002A ESP=002DF554 EBP=012391A3 ESI=00000000 EDI=006B0006 EFLAG=00000202
0127C262	PUSH     EBX                                              EAX=00400000 ECX=01080000 EDX=001ADCD8 EBX=0000002A ESP=002DF554 EBP=002DF554 ESI=00000000 EDI=006B0006 EFLAG=00000202
0127C26A	MOV      EBX, 0x4                                         EAX=00400000 ECX=01080000 EDX=001ADCD8 EBX=0000002A ESP=002DF550 EBP=002DF554 ESI=00000000 EDI=006B0006 EFLAG=00000202
0127C26F	ADD      EBP, EBX                                         EAX=00400000 ECX=01080000 EDX=001ADCD8 EBX=00000004 ESP=002DF550 EBP=002DF554 ESI=00000000 EDI=006B0006 EFLAG=00000202
0127C271	POP      EBX                                              EAX=00400000 ECX=01080000 EDX=001ADCD8 EBX=00000004 ESP=002DF550 EBP=002DF558 ESI=00000000 EDI=006B0006 EFLAG=00000202
0127C272	PUSH     EBX                                              EAX=00400000 ECX=01080000 EDX=001ADCD8 EBX=0000002A ESP=002DF554 EBP=002DF558 ESI=00000000 EDI=006B0006 EFLAG=00000202
0127C273	MOV      EBX, 0x4a868b                                    EAX=00400000 ECX=01080000 EDX=001ADCD8 EBX=0000002A ESP=002DF550 EBP=002DF558 ESI=00000000 EDI=006B0006 EFLAG=00000202
0127C27B	XOR      EBX, 0x4a868f                                    EAX=00400000 ECX=01080000 EDX=001ADCD8 EBX=004A868B ESP=002DF550 EBP=002DF558 ESI=00000000 EDI=006B0006 EFLAG=00000206
0127C281	ADD      EBP, EBX                                         EAX=00400000 ECX=01080000 EDX=001ADCD8 EBX=00000004 ESP=002DF550 EBP=002DF558 ESI=00000000 EDI=006B0006 EFLAG=00000202
0127C283	POP      EBX                                              EAX=00400000 ECX=01080000 EDX=001ADCD8 EBX=00000004 ESP=002DF550 EBP=002DF55C ESI=00000000 EDI=006B0006 EFLAG=00000206
0127C289	XCHG     [ESP], EBP                                       EAX=00400000 ECX=01080000 EDX=001ADCD8 EBX=0000002A ESP=002DF554 EBP=002DF55C ESI=00000000 EDI=006B0006 EFLAG=00000202
0127C28C	MOV      ESP, [ESP]                                       EAX=00400000 ECX=01080000 EDX=001ADCD8 EBX=0000002A ESP=002DF554 EBP=012391A3 ESI=00000000 EDI=006B0006 EFLAG=00000202
0127C28F	POP      EAX                                              EAX=00400000 ECX=01080000 EDX=001ADCD8 EBX=0000002A ESP=002DF55C EBP=012391A3 ESI=00000000 EDI=006B0006 EFLAG=00000202
0127C290	PUSH     EBP                                              EAX=00000000 ECX=01080000 EDX=001ADCD8 EBX=0000002A ESP=002DF560 EBP=012391A3 ESI=00000000 EDI=006B0006 EFLAG=00000202
0127C298	MOV      [ESP], EDI                                       EAX=00000000 ECX=01080000 EDX=001ADCD8 EBX=0000002A ESP=002DF55C EBP=012391A3 ESI=00000000 EDI=006B0006 EFLAG=00000202
0127C29B	PUSH     DWORD 0x412d0dc7                                 EAX=00000000 ECX=01080000 EDX=001ADCD8 EBX=0000002A ESP=002DF55C EBP=012391A3 ESI=00000000 EDI=006B0006 EFLAG=00000202
0127C2A0	POP      EDI                                              EAX=00000000 ECX=01080000 EDX=001ADCD8 EBX=0000002A ESP=002DF558 EBP=012391A3 ESI=00000000 EDI=006B0006 EFLAG=00000202
0127C2A9	PUSH     EDX                                              EAX=00000000 ECX=01080000 EDX=001ADCD8 EBX=0000002A ESP=002DF55C EBP=012391A3 ESI=00000000 EDI=412D0DC7 EFLAG=00000206
0127C2AA	MOV      EDX, 0xbed2f26f                                  EAX=00000000 ECX=01080000 EDX=001ADCD8 EBX=0000002A ESP=002DF558 EBP=012391A3 ESI=00000000 EDI=412D0DC7 EFLAG=00000206
0127C2B9	ADD      EDI, EDX                                         EAX=00000000 ECX=01080000 EDX=BED2F26F EBX=0000002A ESP=002DF558 EBP=012391A3 ESI=00000000 EDI=5A372D83 EFLAG=00000212
0127C2C1	MOV      EDX, [ESP]                                       EAX=00000000 ECX=01080000 EDX=BED2F26F EBX=0000002A ESP=002DF558 EBP=012391A3 ESI=00000000 EDI=00000036 EFLAG=00000216
0127C2C4	PUSH     EAX                                              EAX=00000000 ECX=01080000 EDX=001ADCD8 EBX=0000002A ESP=002DF558 EBP=012391A3 ESI=00000000 EDI=00000036 EFLAG=00000216
0127C2CA	MOV      EAX, ESP                                         EAX=00000000 ECX=01080000 EDX=001ADCD8 EBX=0000002A ESP=002DF554 EBP=012391A3 ESI=00000000 EDI=00000036 EFLAG=00000202
0127C2CC	ADD      EAX, 0x8                                         EAX=002DF554 ECX=01080000 EDX=001ADCD8 EBX=0000002A ESP=002DF554 EBP=012391A3 ESI=00000000 EDI=00000036 EFLAG=00000202
0127C2D6	XCHG     [ESP], EAX                                       EAX=002DF55C ECX=01080000 EDX=001ADCD8 EBX=0000002A ESP=002DF554 EBP=012391A3 ESI=00000000 EDI=00000036 EFLAG=00000206
0127C2D9	MOV      ESP, [ESP]                                       EAX=00000000 ECX=01080000 EDX=001ADCD8 EBX=0000002A ESP=002DF554 EBP=012391A3 ESI=00000000 EDI=00000036 EFLAG=00000206
0127C2DC	PUSH     EDI                                              EAX=00000000 ECX=01080000 EDX=001ADCD8 EBX=0000002A ESP=002DF55C EBP=012391A3 ESI=00000000 EDI=00000036 EFLAG=00000206
0127C2DD	SUB      DWORD [ESP], 0x4b21ef5                           EAX=00000000 ECX=01080000 EDX=001ADCD8 EBX=0000002A ESP=002DF558 EBP=012391A3 ESI=00000000 EDI=00000036 EFLAG=00000206
0127C2E4	MOV      EBX, [ESP]                                       EAX=00000000 ECX=01080000 EDX=001ADCD8 EBX=0000002A ESP=002DF558 EBP=012391A3 ESI=00000000 EDI=00000036 EFLAG=00000287
0127C2E8	ADD      ESP, 0x4                                         EAX=00000000 ECX=01080000 EDX=001ADCD8 EBX=FB4DE141 ESP=002DF558 EBP=012391A3 ESI=00000000 EDI=00000036 EFLAG=00000287
0127C2EB	PUSH     ECX                                              EAX=00000000 ECX=01080000 EDX=001ADCD8 EBX=FB4DE141 ESP=002DF55C EBP=012391A3 ESI=00000000 EDI=00000036 EFLAG=00000206
0127C2EC	MOV      ECX, 0x4b21ef5                                   EAX=00000000 ECX=01080000 EDX=001ADCD8 EBX=FB4DE141 ESP=002DF558 EBP=012391A3 ESI=00000000 EDI=00000036 EFLAG=00000206
0127C2F1	ADD      EBX, ECX                                         EAX=00000000 ECX=04B21EF5 EDX=001ADCD8 EBX=FB4DE141 ESP=002DF558 EBP=012391A3 ESI=00000000 EDI=00000036 EFLAG=00000206
0127C2F3	POP      ECX                                              EAX=00000000 ECX=04B21EF5 EDX=001ADCD8 EBX=00000036 ESP=002DF558 EBP=012391A3 ESI=00000000 EDI=00000036 EFLAG=00000207
0127C2F4	PUSH     DWORD [ESP]                                      EAX=00000000 ECX=01080000 EDX=001ADCD8 EBX=00000036 ESP=002DF55C EBP=012391A3 ESI=00000000 EDI=00000036 EFLAG=00000207
0127C2F7	MOV      EDI, [ESP]                                       EAX=00000000 ECX=01080000 EDX=001ADCD8 EBX=00000036 ESP=002DF558 EBP=012391A3 ESI=00000000 EDI=00000036 EFLAG=00000207
0127C2FA	PUSH     ESI                                              EAX=00000000 ECX=01080000 EDX=001ADCD8 EBX=00000036 ESP=002DF558 EBP=012391A3 ESI=00000000 EDI=006B0006 EFLAG=00000207
0127C2FB	MOV      ESI, ESP                                         EAX=00000000 ECX=01080000 EDX=001ADCD8 EBX=00000036 ESP=002DF554 EBP=012391A3 ESI=00000000 EDI=006B0006 EFLAG=00000207
0127C2FD	ADD      ESI, 0x8                                         EAX=00000000 ECX=01080000 EDX=001ADCD8 EBX=00000036 ESP=002DF554 EBP=012391A3 ESI=002DF554 EDI=006B0006 EFLAG=00000207
0127C309	XCHG     [ESP], ESI                                       EAX=00000000 ECX=01080000 EDX=001ADCD8 EBX=00000036 ESP=002DF554 EBP=012391A3 ESI=002DF55C EDI=006B0006 EFLAG=00000206
0127C30C	POP      ESP                                              EAX=00000000 ECX=01080000 EDX=001ADCD8 EBX=00000036 ESP=002DF554 EBP=012391A3 ESI=00000000 EDI=006B0006 EFLAG=00000206
0127C30D	ADD      ESP, 0x4                                         EAX=00000000 ECX=01080000 EDX=001ADCD8 EBX=00000036 ESP=002DF55C EBP=012391A3 ESI=00000000 EDI=006B0006 EFLAG=00000206
0127C313	PUSH     DWORD [ESP+0x28]                                 EAX=00000000 ECX=01080000 EDX=001ADCD8 EBX=00000036 ESP=002DF560 EBP=012391A3 ESI=00000000 EDI=006B0006 EFLAG=00000216
0127C317	MOV      EAX, [ESP]                                       EAX=00000000 ECX=01080000 EDX=001ADCD8 EBX=00000036 ESP=002DF55C EBP=012391A3 ESI=00000000 EDI=006B0006 EFLAG=00000216
0127C31A	PUSH     EAX                                              EAX=002EEFD6 ECX=01080000 EDX=001ADCD8 EBX=00000036 ESP=002DF55C EBP=012391A3 ESI=00000000 EDI=006B0006 EFLAG=00000216
0127C31E	MOV      EAX, ESP                                         EAX=002EEFD6 ECX=01080000 EDX=001ADCD8 EBX=00000036 ESP=002DF558 EBP=012391A3 ESI=00000000 EDI=006B0006 EFLAG=00000216
0127C320	PUSH     EBX                                              EAX=002DF558 ECX=01080000 EDX=001ADCD8 EBX=00000036 ESP=002DF558 EBP=012391A3 ESI=00000000 EDI=006B0006 EFLAG=00000216
0127C329	MOV      EBX, 0x4                                         EAX=002DF558 ECX=01080000 EDX=001ADCD8 EBX=00000036 ESP=002DF554 EBP=012391A3 ESI=00000000 EDI=006B0006 EFLAG=00000202
0127C32E	PUSH     EDX                                              EAX=002DF558 ECX=01080000 EDX=001ADCD8 EBX=00000004 ESP=002DF554 EBP=012391A3 ESI=00000000 EDI=006B0006 EFLAG=00000202
0127C32F	MOV      EDX, 0x1b64411                                   EAX=002DF558 ECX=01080000 EDX=001ADCD8 EBX=00000004 ESP=002DF550 EBP=012391A3 ESI=00000000 EDI=006B0006 EFLAG=00000202
0127C335	OR       EDX, 0x60590063                                  EAX=002DF558 ECX=01080000 EDX=01B64411 EBX=00000004 ESP=002DF550 EBP=012391A3 ESI=00000000 EDI=006B0006 EFLAG=00000206
0127C33B	XOR      EDX, 0xb28418d                                   EAX=002DF558 ECX=01080000 EDX=61FF4473 EBX=00000004 ESP=002DF550 EBP=012391A3 ESI=00000000 EDI=006B0006 EFLAG=00000202
0127C341	PUSH     EBP                                              EAX=002DF558 ECX=01080000 EDX=6AD705FE EBX=00000004 ESP=002DF550 EBP=012391A3 ESI=00000000 EDI=006B0006 EFLAG=00000202
0127C342	MOV      EBP, 0x6fea2f53                                  EAX=002DF558 ECX=01080000 EDX=6AD705FE EBX=00000004 ESP=002DF54C EBP=012391A3 ESI=00000000 EDI=006B0006 EFLAG=00000202
0127C34D	ADD      EDX, EBP                                         EAX=002DF558 ECX=01080000 EDX=56CACFD4 EBX=00000004 ESP=002DF54C EBP=6FEA2F53 ESI=00000000 EDI=006B0006 EFLAG=00000206
0127C355	POP      EBP                                              EAX=002DF558 ECX=01080000 EDX=DAC13551 EBX=00000004 ESP=002DF54C EBP=6FEA2F53 ESI=00000000 EDI=006B0006 EFLAG=00000292
0127C356	SUB      EDX, 0xc909c153                                  EAX=002DF558 ECX=01080000 EDX=DAC13551 EBX=00000004 ESP=002DF550 EBP=012391A3 ESI=00000000 EDI=006B0006 EFLAG=00000292
0127C35C	SUB      EAX, EDX                                         EAX=002DF558 ECX=01080000 EDX=11B773FE EBX=00000004 ESP=002DF550 EBP=012391A3 ESI=00000000 EDI=006B0006 EFLAG=00000212
0127C35E	POP      EDX                                              EAX=EE76815A ECX=01080000 EDX=11B773FE EBX=00000004 ESP=002DF550 EBP=012391A3 ESI=00000000 EDI=006B0006 EFLAG=00000297
0127C36C	ADD      EAX, EBX                                         EAX=33168F5A ECX=01080000 EDX=001ADCD8 EBX=00000004 ESP=002DF554 EBP=012391A3 ESI=00000000 EDI=006B0006 EFLAG=00000207
0127C373	PUSH     EDI                                              EAX=EE76815E ECX=01080000 EDX=001ADCD8 EBX=00000004 ESP=002DF554 EBP=012391A3 ESI=00000000 EDI=006B0006 EFLAG=00000283
0127C374	PUSH     ESI                                              EAX=EE76815E ECX=01080000 EDX=001ADCD8 EBX=00000004 ESP=002DF550 EBP=012391A3 ESI=00000000 EDI=006B0006 EFLAG=00000283
0127C375	MOV      ESI, 0x5656020a                                  EAX=EE76815E ECX=01080000 EDX=001ADCD8 EBX=00000004 ESP=002DF54C EBP=012391A3 ESI=00000000 EDI=006B0006 EFLAG=00000283
0127C37A	MOV      EDI, 0x3dd8669d                                  EAX=EE76815E ECX=01080000 EDX=001ADCD8 EBX=00000004 ESP=002DF54C EBP=012391A3 ESI=5656020A EDI=006B0006 EFLAG=00000283
0127C37F	XOR      EDI, ESI                                         EAX=EE76815E ECX=01080000 EDX=001ADCD8 EBX=00000004 ESP=002DF54C EBP=012391A3 ESI=5656020A EDI=3DD8669D EFLAG=00000283
0127C381	POP      ESI                                              EAX=EE76815E ECX=01080000 EDX=001ADCD8 EBX=00000004 ESP=002DF54C EBP=012391A3 ESI=5656020A EDI=6B8E6497 EFLAG=00000202
0127C382	AND      EDI, 0x1b810e19                                  EAX=EE76815E ECX=01080000 EDX=001ADCD8 EBX=00000004 ESP=002DF550 EBP=012391A3 ESI=00000000 EDI=6B8E6497 EFLAG=00000202
0127C388	OR       EDI, 0x664c3adb                                  EAX=EE76815E ECX=01080000 EDX=001ADCD8 EBX=00000004 ESP=002DF550 EBP=012391A3 ESI=00000000 EDI=0B800411 EFLAG=00000206
0127C38E	INC      EDI                                              EAX=EE76815E ECX=01080000 EDX=001ADCD8 EBX=00000004 ESP=002DF550 EBP=012391A3 ESI=00000000 EDI=6FCC3EDB EFLAG=00000206
0127C38F	NEG      EDI                                              EAX=EE76815E ECX=01080000 EDX=001ADCD8 EBX=00000004 ESP=002DF550 EBP=012391A3 ESI=00000000 EDI=6FCC3EDC EFLAG=00000202
0127C391	SUB      EDI, 0x585c2311                                  EAX=EE76815E ECX=01080000 EDX=001ADCD8 EBX=00000004 ESP=002DF550 EBP=012391A3 ESI=00000000 EDI=9033C124 EFLAG=00000297
0127C397	PUSH     EBP                                              EAX=EE76815E ECX=01080000 EDX=001ADCD8 EBX=00000004 ESP=002DF550 EBP=012391A3 ESI=00000000 EDI=37D79E13 EFLAG=00000A02
0127C398	MOV      EBP, 0x26202a15                                  EAX=EE76815E ECX=01080000 EDX=001ADCD8 EBX=00000004 ESP=002DF54C EBP=012391A3 ESI=00000000 EDI=37D79E13 EFLAG=00000A02
0127C39D	SUB      EDI, EBP                                         EAX=EE76815E ECX=01080000 EDX=001ADCD8 EBX=00000004 ESP=002DF54C EBP=26202A15 ESI=00000000 EDI=37D79E13 EFLAG=00000A02
0127C39F	POP      EBP                                              EAX=EE76815E ECX=01080000 EDX=001ADCD8 EBX=00000004 ESP=002DF54C EBP=26202A15 ESI=00000000 EDI=11B773FE EFLAG=00000212
0127C3A5	ADD      EAX, EDI                                         EAX=EE76815E ECX=01080000 EDX=001ADCD8 EBX=00000004 ESP=002DF550 EBP=012391A3 ESI=00000000 EDI=11B773FE EFLAG=00000216
0127C3A7	MOV      EDI, [ESP]                                       EAX=002DF55C ECX=01080000 EDX=001ADCD8 EBX=00000004 ESP=002DF550 EBP=012391A3 ESI=00000000 EDI=11B773FE EFLAG=00000217
0127C3AA	PUSH     ECX                                              EAX=002DF55C ECX=01080000 EDX=001ADCD8 EBX=00000004 ESP=002DF550 EBP=012391A3 ESI=00000000 EDI=006B0006 EFLAG=00000217
0127C3AB	MOV      ECX, ESP                                         EAX=002DF55C ECX=01080000 EDX=001ADCD8 EBX=00000004 ESP=002DF54C EBP=012391A3 ESI=00000000 EDI=006B0006 EFLAG=00000217
0127C3AD	ADD      ECX, 0x8                                         EAX=002DF55C ECX=002DF54C EDX=001ADCD8 EBX=00000004 ESP=002DF54C EBP=012391A3 ESI=00000000 EDI=006B0006 EFLAG=00000217
0127C3B9	XCHG     [ESP], ECX                                       EAX=002DF55C ECX=002DF554 EDX=001ADCD8 EBX=00000004 ESP=002DF54C EBP=012391A3 ESI=00000000 EDI=006B0006 EFLAG=00000202
0127C3BC	POP      ESP                                              EAX=002DF55C ECX=01080000 EDX=001ADCD8 EBX=00000004 ESP=002DF54C EBP=012391A3 ESI=00000000 EDI=006B0006 EFLAG=00000202
0127C3BD	POP      EBX                                              EAX=002DF55C ECX=01080000 EDX=001ADCD8 EBX=00000004 ESP=002DF554 EBP=012391A3 ESI=00000000 EDI=006B0006 EFLAG=00000202
0127C3BE	ADD      EAX, 0x4                                         EAX=002DF55C ECX=01080000 EDX=001ADCD8 EBX=00000036 ESP=002DF558 EBP=012391A3 ESI=00000000 EDI=006B0006 EFLAG=00000202
0127C3C1	XCHG     [ESP], EAX                                       EAX=002DF560 ECX=01080000 EDX=001ADCD8 EBX=00000036 ESP=002DF558 EBP=012391A3 ESI=00000000 EDI=006B0006 EFLAG=00000216
0127C3CA	POP      ESP                                              EAX=002EEFD6 ECX=01080000 EDX=001ADCD8 EBX=00000036 ESP=002DF558 EBP=012391A3 ESI=00000000 EDI=006B0006 EFLAG=00000202
0127C3CB	ADD      EAX, 0x76be877c                                  EAX=002EEFD6 ECX=01080000 EDX=001ADCD8 EBX=00000036 ESP=002DF560 EBP=012391A3 ESI=00000000 EDI=006B0006 EFLAG=00000202
0127C3D5	ADD      EAX, 0x708d04f3                                  EAX=76ED7752 ECX=01080000 EDX=001ADCD8 EBX=00000036 ESP=002DF560 EBP=012391A3 ESI=00000000 EDI=006B0006 EFLAG=00000212
0127C3DA	PUSH     EBP                                              EAX=E77A7C45 ECX=01080000 EDX=001ADCD8 EBX=00000036 ESP=002DF560 EBP=012391A3 ESI=00000000 EDI=006B0006 EFLAG=00000A82
0127C3DB	MOV      EBP, ESP                                         EAX=E77A7C45 ECX=01080000 EDX=001ADCD8 EBX=00000036 ESP=002DF55C EBP=012391A3 ESI=00000000 EDI=006B0006 EFLAG=00000A82
0127C3E6	XCHG     [ESP], EBP                                       EAX=E77A7C45 ECX=01080000 EDX=001ADCD8 EBX=00000036 ESP=002DF55C EBP=002DF55C ESI=00000000 EDI=006B0006 EFLAG=00000216
0127C3E9	POP      ESP                                              EAX=E77A7C45 ECX=01080000 EDX=001ADCD8 EBX=00000036 ESP=002DF55C EBP=012391A3 ESI=00000000 EDI=006B0006 EFLAG=00000216
0127C3EA	MOV      [ESP], EDI                                       EAX=E77A7C45 ECX=01080000 EDX=001ADCD8 EBX=00000036 ESP=002DF55C EBP=012391A3 ESI=00000000 EDI=006B0006 EFLAG=00000216
0127C3ED	PUSH     EBX                                              EAX=E77A7C45 ECX=01080000 EDX=001ADCD8 EBX=00000036 ESP=002DF55C EBP=012391A3 ESI=00000000 EDI=006B0006 EFLAG=00000216
0127C3EE	PUSH     EBP                                              EAX=E77A7C45 ECX=01080000 EDX=001ADCD8 EBX=00000036 ESP=002DF558 EBP=012391A3 ESI=00000000 EDI=006B0006 EFLAG=00000216
0127C3F2	PUSH     EDX                                              EAX=E77A7C45 ECX=01080000 EDX=001ADCD8 EBX=00000036 ESP=002DF554 EBP=012391A3 ESI=00000000 EDI=006B0006 EFLAG=00000216
0127C3F3	MOV      EDX, 0xee67f1c                                   EAX=E77A7C45 ECX=01080000 EDX=001ADCD8 EBX=00000036 ESP=002DF550 EBP=012391A3 ESI=00000000 EDI=006B0006 EFLAG=00000216
0127C3F9	DEC      EDX                                              EAX=E77A7C45 ECX=01080000 EDX=0EE67F1C EBX=00000036 ESP=002DF550 EBP=012391A3 ESI=00000000 EDI=006B0006 EFLAG=00000202
0127C3FA	INC      EDX                                              EAX=E77A7C45 ECX=01080000 EDX=0EE67F1B EBX=00000036 ESP=002DF550 EBP=012391A3 ESI=00000000 EDI=006B0006 EFLAG=00000206
0127C3FB	DEC      EDX                                              EAX=E77A7C45 ECX=01080000 EDX=0EE67F1C EBX=00000036 ESP=002DF550 EBP=012391A3 ESI=00000000 EDI=006B0006 EFLAG=00000202
0127C3FC	SUB      EDX, 0x9b2e7201                                  EAX=E77A7C45 ECX=01080000 EDX=0EE67F1B EBX=00000036 ESP=002DF550 EBP=012391A3 ESI=00000000 EDI=006B0006 EFLAG=00000206
0127C402	MOV      EBP, EDX                                         EAX=E77A7C45 ECX=01080000 EDX=73B80D1A EBX=00000036 ESP=002DF550 EBP=012391A3 ESI=00000000 EDI=006B0006 EFLAG=00000203
0127C404	POP      EDX                                              EAX=E77A7C45 ECX=01080000 EDX=73B80D1A EBX=00000036 ESP=002DF550 EBP=73B80D1A ESI=00000000 EDI=006B0006 EFLAG=00000203
0127C405	PUSH     EBX                                              EAX=E77A7C45 ECX=01080000 EDX=001ADCD8 EBX=00000036 ESP=002DF554 EBP=73B80D1A ESI=00000000 EDI=006B0006 EFLAG=00000203
0127C409	MOV      EBX, 0x60c50f70                                  EAX=E77A7C45 ECX=01080000 EDX=001ADCD8 EBX=00000036 ESP=002DF550 EBP=73B80D1A ESI=00000000 EDI=006B0006 EFLAG=00000203
0127C40E	OR       EBP, EBX                                         EAX=E77A7C45 ECX=01080000 EDX=001ADCD8 EBX=60C50F70 ESP=002DF550 EBP=73B80D1A ESI=00000000 EDI=006B0006 EFLAG=00000203
0127C410	POP      EBX                                              EAX=E77A7C45 ECX=01080000 EDX=001ADCD8 EBX=60C50F70 ESP=002DF550 EBP=73FD0F7A ESI=00000000 EDI=006B0006 EFLAG=00000202
0127C411	XOR      EBP, 0x4bfe22dd                                  EAX=E77A7C45 ECX=01080000 EDX=001ADCD8 EBX=00000036 ESP=002DF554 EBP=73FD0F7A ESI=00000000 EDI=006B0006 EFLAG=00000202
0127C417	MOV      EBX, EBP                                         EAX=E77A7C45 ECX=01080000 EDX=001ADCD8 EBX=00000036 ESP=002DF554 EBP=38032DA7 ESI=00000000 EDI=006B0006 EFLAG=00000202
0127C419	POP      EBP                                              EAX=E77A7C45 ECX=01080000 EDX=001ADCD8 EBX=38032DA7 ESP=002DF554 EBP=38032DA7 ESI=00000000 EDI=006B0006 EFLAG=00000202
0127C41A	DEC      EBX                                              EAX=E77A7C45 ECX=01080000 EDX=001ADCD8 EBX=38032DA7 ESP=002DF558 EBP=012391A3 ESI=00000000 EDI=006B0006 EFLAG=00000202
0127C41B	DEC      EBX                                              EAX=E77A7C45 ECX=01080000 EDX=001ADCD8 EBX=38032DA6 ESP=002DF558 EBP=012391A3 ESI=00000000 EDI=006B0006 EFLAG=00000206
0127C41C	PUSH     ESI                                              EAX=E77A7C45 ECX=01080000 EDX=001ADCD8 EBX=38032DA5 ESP=002DF558 EBP=012391A3 ESI=00000000 EDI=006B0006 EFLAG=00000206
0127C41D	MOV      ESI, 0x20070725                                  EAX=E77A7C45 ECX=01080000 EDX=001ADCD8 EBX=38032DA5 ESP=002DF554 EBP=012391A3 ESI=00000000 EDI=006B0006 EFLAG=00000206
0127C422	SUB      EBX, ESI                                         EAX=E77A7C45 ECX=01080000 EDX=001ADCD8 EBX=38032DA5 ESP=002DF554 EBP=012391A3 ESI=20070725 EDI=006B0006 EFLAG=00000206
0127C424	POP      ESI                                              EAX=E77A7C45 ECX=01080000 EDX=001ADCD8 EBX=17FC2680 ESP=002DF554 EBP=012391A3 ESI=20070725 EDI=006B0006 EFLAG=00000202
0127C425	XOR      EBX, 0x34d7e04                                   EAX=E77A7C45 ECX=01080000 EDX=001ADCD8 EBX=17FC2680 ESP=002DF558 EBP=012391A3 ESI=00000000 EDI=006B0006 EFLAG=00000202
0127C42B	MOV      EDI, EBX                                         EAX=E77A7C45 ECX=01080000 EDX=001ADCD8 EBX=14B15884 ESP=002DF558 EBP=012391A3 ESI=00000000 EDI=006B0006 EFLAG=00000206
0127C42D	POP      EBX                                              EAX=E77A7C45 ECX=01080000 EDX=001ADCD8 EBX=14B15884 ESP=002DF558 EBP=012391A3 ESI=00000000 EDI=14B15884 EFLAG=00000206
0127C436	PUSH     EDX                                              EAX=E77A7C45 ECX=01080000 EDX=001ADCD8 EBX=00000036 ESP=002DF55C EBP=012391A3 ESI=00000000 EDI=14B15884 EFLAG=00000206
0127C437	MOV      EDX, 0x133ac3c4                                  EAX=E77A7C45 ECX=01080000 EDX=001ADCD8 EBX=00000036 ESP=002DF558 EBP=012391A3 ESI=00000000 EDI=14B15884 EFLAG=00000206
0127C43C	PUSH     EDX                                              EAX=E77A7C45 ECX=01080000 EDX=133AC3C4 EBX=00000036 ESP=002DF558 EBP=012391A3 ESI=00000000 EDI=14B15884 EFLAG=00000206
0127C43D	MOV      EDX, 0x7b1322f3                                  EAX=E77A7C45 ECX=01080000 EDX=133AC3C4 EBX=00000036 ESP=002DF554 EBP=012391A3 ESI=00000000 EDI=14B15884 EFLAG=00000206
0127C443	SHR      EDX, 0x8                                         EAX=E77A7C45 ECX=01080000 EDX=7B1322F3 EBX=00000036 ESP=002DF554 EBP=012391A3 ESI=00000000 EDI=14B15884 EFLAG=00000206
0127C446	OR       EDX, 0x643e7ade                                  EAX=E77A7C45 ECX=01080000 EDX=007B1322 EBX=00000036 ESP=002DF554 EBP=012391A3 ESI=00000000 EDI=14B15884 EFLAG=00000207
0127C44C	SUB      EDX, 0x12b25e24                                  EAX=E77A7C45 ECX=01080000 EDX=647F7BFE EBX=00000036 ESP=002DF554 EBP=012391A3 ESI=00000000 EDI=14B15884 EFLAG=00000202
0127C452	SUB      EDI, EDX                                         EAX=E77A7C45 ECX=01080000 EDX=51CD1DDA EBX=00000036 ESP=002DF554 EBP=012391A3 ESI=00000000 EDI=14B15884 EFLAG=00000202
0127C454	POP      EDX                                              EAX=E77A7C45 ECX=01080000 EDX=51CD1DDA EBX=00000036 ESP=002DF554 EBP=012391A3 ESI=00000000 EDI=C2E43AAA EFLAG=00000297
0127C45B	ADD      EDI, EDX                                         EAX=E77A7C45 ECX=01080000 EDX=133AC3C4 EBX=00000036 ESP=002DF558 EBP=012391A3 ESI=00000000 EDI=43C718CA EFLAG=00000A06
0127C463	ADD      EDI, 0x51cd1dda                                  EAX=E77A7C45 ECX=01080000 EDX=133AC3C4 EBX=00000036 ESP=002DF558 EBP=012391A3 ESI=00000000 EDI=D61EFE6E EFLAG=00000A82
0127C469	POP      EDX                                              EAX=E77A7C45 ECX=01080000 EDX=133AC3C4 EBX=00000036 ESP=002DF558 EBP=012391A3 ESI=00000000 EDI=27EC1C48 EFLAG=00000217
0127C46A	ADD      EAX, EDI                                         EAX=E77A7C45 ECX=01080000 EDX=001ADCD8 EBX=00000036 ESP=002DF55C EBP=012391A3 ESI=00000000 EDI=27EC1C48 EFLAG=00000217
0127C46C	POP      EDI                                              EAX=0F66988D ECX=01080000 EDX=001ADCD8 EBX=00000036 ESP=002DF55C EBP=012391A3 ESI=00000000 EDI=27EC1C48 EFLAG=00000207
0127C46D	ADD      EAX, ECX                                         EAX=0F66988D ECX=01080000 EDX=001ADCD8 EBX=00000036 ESP=002DF560 EBP=012391A3 ESI=00000000 EDI=006B0006 EFLAG=00000207
0127C46F	SUB      EAX, 0x9879213b                                  EAX=106E988D ECX=01080000 EDX=001ADCD8 EBX=00000036 ESP=002DF560 EBP=012391A3 ESI=00000000 EDI=006B0006 EFLAG=00000206
0127C479	SUB      EAX, 0x76be877c                                  EAX=77F57752 ECX=01080000 EDX=001ADCD8 EBX=00000036 ESP=002DF560 EBP=012391A3 ESI=00000000 EDI=006B0006 EFLAG=00000A02
0127C483	PUSH     EAX                                              EAX=0136EFD6 ECX=01080000 EDX=001ADCD8 EBX=00000036 ESP=002DF560 EBP=012391A3 ESI=00000000 EDI=006B0006 EFLAG=00000212
0127C48B	PUSH     ECX                                              EAX=0136EFD6 ECX=01080000 EDX=001ADCD8 EBX=00000036 ESP=002DF55C EBP=012391A3 ESI=00000000 EDI=006B0006 EFLAG=00000212
0127C493	PUSH     ESI                                              EAX=0136EFD6 ECX=01080000 EDX=001ADCD8 EBX=00000036 ESP=002DF558 EBP=012391A3 ESI=00000000 EDI=006B0006 EFLAG=00000212
0127C497	PUSH     EBX                                              EAX=0136EFD6 ECX=01080000 EDX=001ADCD8 EBX=00000036 ESP=002DF554 EBP=012391A3 ESI=00000000 EDI=006B0006 EFLAG=00000212
0127C498	MOV      EBX, 0x387f30f4                                  EAX=0136EFD6 ECX=01080000 EDX=001ADCD8 EBX=00000036 ESP=002DF550 EBP=012391A3 ESI=00000000 EDI=006B0006 EFLAG=00000212
0127C4A3	INC      EBX                                              EAX=0136EFD6 ECX=01080000 EDX=001ADCD8 EBX=387F30F4 ESP=002DF550 EBP=012391A3 ESI=00000000 EDI=006B0006 EFLAG=00000202
0127C4A4	OR       EBX, 0x39f478f                                   EAX=0136EFD6 ECX=01080000 EDX=001ADCD8 EBX=387F30F5 ESP=002DF550 EBP=012391A3 ESI=00000000 EDI=006B0006 EFLAG=00000206
0127C4AA	DEC      EBX                                              EAX=0136EFD6 ECX=01080000 EDX=001ADCD8 EBX=3BFF77FF ESP=002DF550 EBP=012391A3 ESI=00000000 EDI=006B0006 EFLAG=00000206
0127C4AB	SUB      EBX, 0x28272413                                  EAX=0136EFD6 ECX=01080000 EDX=001ADCD8 EBX=3BFF77FE ESP=002DF550 EBP=012391A3 ESI=00000000 EDI=006B0006 EFLAG=00000202
0127C4B1	MOV      ESI, EBX                                         EAX=0136EFD6 ECX=01080000 EDX=001ADCD8 EBX=13D853EB ESP=002DF550 EBP=012391A3 ESI=00000000 EDI=006B0006 EFLAG=00000206
0127C4B3	POP      EBX                                              EAX=0136EFD6 ECX=01080000 EDX=001ADCD8 EBX=13D853EB ESP=002DF550 EBP=012391A3 ESI=13D853EB EDI=006B0006 EFLAG=00000206
0127C4B4	MOV      ECX, ESI                                         EAX=0136EFD6 ECX=01080000 EDX=001ADCD8 EBX=00000036 ESP=002DF554 EBP=012391A3 ESI=13D853EB EDI=006B0006 EFLAG=00000206
0127C4B6	POP      ESI                                              EAX=0136EFD6 ECX=13D853EB EDX=001ADCD8 EBX=00000036 ESP=002DF554 EBP=012391A3 ESI=13D853EB EDI=006B0006 EFLAG=00000206
0127C4B7	XOR      [ESP+0x4], ECX                                   EAX=0136EFD6 ECX=13D853EB EDX=001ADCD8 EBX=00000036 ESP=002DF558 EBP=012391A3 ESI=00000000 EDI=006B0006 EFLAG=00000206
0127C4BB	POP      ECX                                              EAX=0136EFD6 ECX=13D853EB EDX=001ADCD8 EBX=00000036 ESP=002DF558 EBP=012391A3 ESI=00000000 EDI=006B0006 EFLAG=00000202
0127C4C1	POP      DWORD [EBP+EBX+0x0]                              EAX=0136EFD6 ECX=01080000 EDX=001ADCD8 EBX=00000036 ESP=002DF55C EBP=012391A3 ESI=00000000 EDI=006B0006 EFLAG=00000206
0127C4C5	PUSH     ECX                                              EAX=0136EFD6 ECX=01080000 EDX=001ADCD8 EBX=00000036 ESP=002DF560 EBP=012391A3 ESI=00000000 EDI=006B0006 EFLAG=00000206
0127C4C9	PUSH     ESI                                              EAX=0136EFD6 ECX=01080000 EDX=001ADCD8 EBX=00000036 ESP=002DF55C EBP=012391A3 ESI=00000000 EDI=006B0006 EFLAG=00000206
0127C4CD	MOV      ESI, EBX                                         EAX=0136EFD6 ECX=01080000 EDX=001ADCD8 EBX=00000036 ESP=002DF558 EBP=012391A3 ESI=00000000 EDI=006B0006 EFLAG=00000206
0127C4CF	PUSH     EDI                                              EAX=0136EFD6 ECX=01080000 EDX=001ADCD8 EBX=00000036 ESP=002DF558 EBP=012391A3 ESI=00000036 EDI=006B0006 EFLAG=00000206
0127C4D0	MOV      EDI, ESI                                         EAX=0136EFD6 ECX=01080000 EDX=001ADCD8 EBX=00000036 ESP=002DF554 EBP=012391A3 ESI=00000036 EDI=006B0006 EFLAG=00000206
0127C4D2	MOV      ECX, EDI                                         EAX=0136EFD6 ECX=01080000 EDX=001ADCD8 EBX=00000036 ESP=002DF554 EBP=012391A3 ESI=00000036 EDI=00000036 EFLAG=00000206
0127C4D4	POP      EDI                                              EAX=0136EFD6 ECX=00000036 EDX=001ADCD8 EBX=00000036 ESP=002DF554 EBP=012391A3 ESI=00000036 EDI=00000036 EFLAG=00000206
0127C4D5	POP      ESI                                              EAX=0136EFD6 ECX=00000036 EDX=001ADCD8 EBX=00000036 ESP=002DF558 EBP=012391A3 ESI=00000036 EDI=006B0006 EFLAG=00000206
0127C4E7	ADD      ECX, EBP                                         EAX=0136EFD6 ECX=CFEFBCF7 EDX=001ADCD8 EBX=00000036 ESP=002DF55C EBP=012391A3 ESI=00000000 EDI=006B0006 EFLAG=00000293
0127C4EF	PUSH     EBX                                              EAX=0136EFD6 ECX=012391D9 EDX=001ADCD8 EBX=00000036 ESP=002DF55C EBP=012391A3 ESI=00000000 EDI=006B0006 EFLAG=00000213
0127C4F0	MOV      EBX, ECX                                         EAX=0136EFD6 ECX=012391D9 EDX=001ADCD8 EBX=00000036 ESP=002DF558 EBP=012391A3 ESI=00000000 EDI=006B0006 EFLAG=00000213
0127C4F7	XOR      DWORD [EBX], 0x13d853eb                          EAX=0136EFD6 ECX=012391D9 EDX=001ADCD8 EBX=012391D9 ESP=002DF558 EBP=012391A3 ESI=00000000 EDI=006B0006 EFLAG=00000202
0127C4FD	POP      EBX                                              EAX=0136EFD6 ECX=012391D9 EDX=001ADCD8 EBX=012391D9 ESP=002DF558 EBP=012391A3 ESI=00000000 EDI=006B0006 EFLAG=00000202
0127C4FE	POP      ECX                                              EAX=0136EFD6 ECX=012391D9 EDX=001ADCD8 EBX=00000036 ESP=002DF55C EBP=012391A3 ESI=00000000 EDI=006B0006 EFLAG=00000202
0127C504	PUSH     ESI                                              EAX=0136EFD6 ECX=01080000 EDX=001ADCD8 EBX=00000036 ESP=002DF560 EBP=012391A3 ESI=00000000 EDI=006B0006 EFLAG=00000216
0127C505	PUSH     EAX                                              EAX=0136EFD6 ECX=01080000 EDX=001ADCD8 EBX=00000036 ESP=002DF55C EBP=012391A3 ESI=00000000 EDI=006B0006 EFLAG=00000216
0127C50E	MOV      EAX, 0xa3911a1                                   EAX=0136EFD6 ECX=01080000 EDX=001ADCD8 EBX=00000036 ESP=002DF558 EBP=012391A3 ESI=00000000 EDI=006B0006 EFLAG=00000202
0127C513	PUSH     ESI                                              EAX=0A3911A1 ECX=01080000 EDX=001ADCD8 EBX=00000036 ESP=002DF558 EBP=012391A3 ESI=00000000 EDI=006B0006 EFLAG=00000202
0127C51B	MOV      ESI, 0x35d12481                                  EAX=0A3911A1 ECX=01080000 EDX=001ADCD8 EBX=00000036 ESP=002DF554 EBP=012391A3 ESI=00000000 EDI=006B0006 EFLAG=00000202
0127C520	AND      EAX, ESI                                         EAX=0A3911A1 ECX=01080000 EDX=001ADCD8 EBX=00000036 ESP=002DF554 EBP=012391A3 ESI=35D12481 EDI=006B0006 EFLAG=00000202
0127C522	POP      ESI                                              EAX=00110081 ECX=01080000 EDX=001ADCD8 EBX=00000036 ESP=002DF554 EBP=012391A3 ESI=35D12481 EDI=006B0006 EFLAG=00000206
0127C528	PUSH     EBX                                              EAX=00110081 ECX=01080000 EDX=001ADCD8 EBX=00000036 ESP=002DF558 EBP=012391A3 ESI=00000000 EDI=006B0006 EFLAG=00000202
0127C529	MOV      EBX, 0x1d5b6d70                                  EAX=00110081 ECX=01080000 EDX=001ADCD8 EBX=00000036 ESP=002DF554 EBP=012391A3 ESI=00000000 EDI=006B0006 EFLAG=00000202
0127C534	NOT      EBX                                              EAX=00110081 ECX=01080000 EDX=001ADCD8 EBX=1D5B6D70 ESP=002DF554 EBP=012391A3 ESI=00000000 EDI=006B0006 EFLAG=00000202
0127C536	ADD      EBX, 0x1d5b6d72                                  EAX=00110081 ECX=01080000 EDX=001ADCD8 EBX=E2A4928F ESP=002DF554 EBP=012391A3 ESI=00000000 EDI=006B0006 EFLAG=00000202
0127C53C	SUB      EAX, EBX                                         EAX=00110081 ECX=01080000 EDX=001ADCD8 EBX=00000001 ESP=002DF554 EBP=012391A3 ESI=00000000 EDI=006B0006 EFLAG=00000213
0127C53E	POP      EBX                                              EAX=00110080 ECX=01080000 EDX=001ADCD8 EBX=00000001 ESP=002DF554 EBP=012391A3 ESI=00000000 EDI=006B0006 EFLAG=00000202
0127C53F	PUSH     EBX                                              EAX=00110080 ECX=01080000 EDX=001ADCD8 EBX=00000036 ESP=002DF558 EBP=012391A3 ESI=00000000 EDI=006B0006 EFLAG=00000202
0127C547	MOV      EBX, 0x65eb1305                                  EAX=00110080 ECX=01080000 EDX=001ADCD8 EBX=00000036 ESP=002DF554 EBP=012391A3 ESI=00000000 EDI=006B0006 EFLAG=00000202
0127C54C	AND      EAX, EBX                                         EAX=00110080 ECX=01080000 EDX=001ADCD8 EBX=65EB1305 ESP=002DF554 EBP=012391A3 ESI=00000000 EDI=006B0006 EFLAG=00000202
0127C54E	POP      EBX                                              EAX=00010000 ECX=01080000 EDX=001ADCD8 EBX=65EB1305 ESP=002DF554 EBP=012391A3 ESI=00000000 EDI=006B0006 EFLAG=00000206
0127C54F	SHL      EAX, 0x7                                         EAX=00010000 ECX=01080000 EDX=001ADCD8 EBX=00000036 ESP=002DF558 EBP=012391A3 ESI=00000000 EDI=006B0006 EFLAG=00000206
0127C552	PUSH     EDI                                              EAX=00800000 ECX=01080000 EDX=001ADCD8 EBX=00000036 ESP=002DF558 EBP=012391A3 ESI=00000000 EDI=006B0006 EFLAG=00000206
0127C556	MOV      EDI, 0x5cae0324                                  EAX=00800000 ECX=01080000 EDX=001ADCD8 EBX=00000036 ESP=002DF554 EBP=012391A3 ESI=00000000 EDI=006B0006 EFLAG=00000206
0127C55B	OR       EAX, EDI                                         EAX=00800000 ECX=01080000 EDX=001ADCD8 EBX=00000036 ESP=002DF554 EBP=012391A3 ESI=00000000 EDI=5CAE0324 EFLAG=00000206
0127C55D	MOV      EDI, [ESP]                                       EAX=5CAE0324 ECX=01080000 EDX=001ADCD8 EBX=00000036 ESP=002DF554 EBP=012391A3 ESI=00000000 EDI=5CAE0324 EFLAG=00000206
0127C561	ADD      ESP, 0x4                                         EAX=5CAE0324 ECX=01080000 EDX=001ADCD8 EBX=00000036 ESP=002DF554 EBP=012391A3 ESI=00000000 EDI=006B0006 EFLAG=00000206
0127C567	PUSH     EBX                                              EAX=5CAE0324 ECX=01080000 EDX=001ADCD8 EBX=00000036 ESP=002DF558 EBP=012391A3 ESI=00000000 EDI=006B0006 EFLAG=00000202
0127C568	PUSH     ESI                                              EAX=5CAE0324 ECX=01080000 EDX=001ADCD8 EBX=00000036 ESP=002DF554 EBP=012391A3 ESI=00000000 EDI=006B0006 EFLAG=00000202
0127C569	MOV      ESI, 0x31fb2c99                                  EAX=5CAE0324 ECX=01080000 EDX=001ADCD8 EBX=00000036 ESP=002DF550 EBP=012391A3 ESI=00000000 EDI=006B0006 EFLAG=00000202
0127C574	XOR      ESI, 0x12d72faf                                  EAX=5CAE0324 ECX=01080000 EDX=001ADCD8 EBX=00000036 ESP=002DF550 EBP=012391A3 ESI=31FB2C99 EDI=006B0006 EFLAG=00000216
0127C57A	SUB      ESI, 0x284b2046                                  EAX=5CAE0324 ECX=01080000 EDX=001ADCD8 EBX=00000036 ESP=002DF550 EBP=012391A3 ESI=232C0336 EDI=006B0006 EFLAG=00000206
0127C580	MOV      EBX, ESI                                         EAX=5CAE0324 ECX=01080000 EDX=001ADCD8 EBX=00000036 ESP=002DF550 EBP=012391A3 ESI=FAE0E2F0 EDI=006B0006 EFLAG=00000287
0127C582	POP      ESI                                              EAX=5CAE0324 ECX=01080000 EDX=001ADCD8 EBX=FAE0E2F0 ESP=002DF550 EBP=012391A3 ESI=FAE0E2F0 EDI=006B0006 EFLAG=00000287
0127C588	SUB      EAX, EBX                                         EAX=8B3133A6 ECX=01080000 EDX=001ADCD8 EBX=FAE0E2F0 ESP=002DF554 EBP=012391A3 ESI=00000000 EDI=006B0006 EFLAG=00000A86
0127C58F	POP      EBX                                              EAX=61CD2034 ECX=01080000 EDX=001ADCD8 EBX=FAE0E2F0 ESP=002DF554 EBP=012391A3 ESI=00000000 EDI=006B0006 EFLAG=00000A02
0127C590	MOV      ESI, EAX                                         EAX=61CD2034 ECX=01080000 EDX=001ADCD8 EBX=00000036 ESP=002DF558 EBP=012391A3 ESI=00000000 EDI=006B0006 EFLAG=00000A02
0127C592	POP      EAX                                              EAX=61CD2034 ECX=01080000 EDX=001ADCD8 EBX=00000036 ESP=002DF558 EBP=012391A3 ESI=61CD2034 EDI=006B0006 EFLAG=00000A02
0127C598	XOR      ESI, 0x61d2970b                                  EAX=0136EFD6 ECX=01080000 EDX=001ADCD8 EBX=00000036 ESP=002DF55C EBP=012391A3 ESI=61CD2034 EDI=006B0006 EFLAG=00000206
0127C59E	MOV      EAX, ESI                                         EAX=0136EFD6 ECX=01080000 EDX=001ADCD8 EBX=00000036 ESP=002DF55C EBP=012391A3 ESI=001FB73F EDI=006B0006 EFLAG=00000206
0127C59F	XOR      EAX, 0x3cec37cd                                  EAX=0136EFD6 ECX=01080000 EDX=001ADCD8 EBX=00000036 ESP=002DF558 EBP=012391A3 ESI=001FB73F EDI=006B0006 EFLAG=00000206
0127C5A7	PUSH     EBP                                              EAX=3CF380F2 ECX=01080000 EDX=001ADCD8 EBX=00000036 ESP=002DF55C EBP=012391A3 ESI=001FB73F EDI=006B0006 EFLAG=00000202
0127C5A8	MOV      EBP, 0xaa40e86                                   EAX=3CF380F2 ECX=01080000 EDX=001ADCD8 EBX=00000036 ESP=002DF558 EBP=012391A3 ESI=001FB73F EDI=006B0006 EFLAG=00000202
0127C5AE	OR       EBP, 0x133e42ff                                  EAX=3CF380F2 ECX=01080000 EDX=001ADCD8 EBX=00000036 ESP=002DF558 EBP=0AA40E86 ESI=001FB73F EDI=006B0006 EFLAG=00000202
0127C5B4	SHR      EBP, 0x4                                         EAX=3CF380F2 ECX=01080000 EDX=001ADCD8 EBX=00000036 ESP=002DF558 EBP=1BBE4EFF ESI=001FB73F EDI=006B0006 EFLAG=00000206
0127C5B7	SUB      EBP, 0xc4cfad22                                  EAX=3CF380F2 ECX=01080000 EDX=001ADCD8 EBX=00000036 ESP=002DF558 EBP=01BBE4EF ESI=001FB73F EDI=006B0006 EFLAG=00000203
0127C5BD	XOR      EAX, EBP                                         EAX=3CF380F2 ECX=01080000 EDX=001ADCD8 EBX=00000036 ESP=002DF558 EBP=3CEC37CD ESI=001FB73F EDI=006B0006 EFLAG=00000203
0127C5BF	POP      EBP                                              EAX=001FB73F ECX=01080000 EDX=001ADCD8 EBX=00000036 ESP=002DF558 EBP=3CEC37CD ESI=001FB73F EDI=006B0006 EFLAG=00000206
0127C5C0	POP      ESI                                              EAX=001FB73F ECX=01080000 EDX=001ADCD8 EBX=00000036 ESP=002DF55C EBP=012391A3 ESI=001FB73F EDI=006B0006 EFLAG=00000206
0127C5C1	ADD      EAX, 0x17247e80                                  EAX=001FB73F ECX=01080000 EDX=001ADCD8 EBX=00000036 ESP=002DF560 EBP=012391A3 ESI=00000000 EDI=006B0006 EFLAG=00000206
0127C5C6	PUSH     ESI                                              EAX=174435BF ECX=01080000 EDX=001ADCD8 EBX=00000036 ESP=002DF560 EBP=012391A3 ESI=00000000 EDI=006B0006 EFLAG=00000202
0127C5C7	MOV      ESI, 0x798d7fa7                                  EAX=174435BF ECX=01080000 EDX=001ADCD8 EBX=00000036 ESP=002DF55C EBP=012391A3 ESI=00000000 EDI=006B0006 EFLAG=00000202
0127C5D2	NOT      ESI                                              EAX=174435BF ECX=01080000 EDX=001ADCD8 EBX=00000036 ESP=002DF55C EBP=012391A3 ESI=798D7FA7 EDI=006B0006 EFLAG=00000202
0127C5D4	INC      ESI                                              EAX=174435BF ECX=01080000 EDX=001ADCD8 EBX=00000036 ESP=002DF55C EBP=012391A3 ESI=86728058 EDI=006B0006 EFLAG=00000202
0127C5D5	SUB      ESI, 0x187a674b                                  EAX=174435BF ECX=01080000 EDX=001ADCD8 EBX=00000036 ESP=002DF55C EBP=012391A3 ESI=86728059 EDI=006B0006 EFLAG=00000286
0127C5DB	SHL      ESI, 0x1                                         EAX=174435BF ECX=01080000 EDX=001ADCD8 EBX=00000036 ESP=002DF55C EBP=012391A3 ESI=6DF8190E EDI=006B0006 EFLAG=00000A12
0127C5DD	NEG      ESI                                              EAX=174435BF ECX=01080000 EDX=001ADCD8 EBX=00000036 ESP=002DF55C EBP=012391A3 ESI=DBF0321C EDI=006B0006 EFLAG=00000A82
0127C5DF	SUB      ESI, 0xe4a6c8b1                                  EAX=174435BF ECX=01080000 EDX=001ADCD8 EBX=00000036 ESP=002DF55C EBP=012391A3 ESI=240FCDE4 EDI=006B0006 EFLAG=00000217
0127C5E5	SUB      EAX, ESI                                         EAX=174435BF ECX=01080000 EDX=001ADCD8 EBX=00000036 ESP=002DF55C EBP=012391A3 ESI=3F690533 EDI=006B0006 EFLAG=00000207
0127C5E7	POP      ESI                                              EAX=D7DB308C ECX=01080000 EDX=001ADCD8 EBX=00000036 ESP=002DF55C EBP=012391A3 ESI=3F690533 EDI=006B0006 EFLAG=00000283
0127C5F0	ADD      EAX, ECX                                         EAX=D7DB308C ECX=01080000 EDX=001ADCD8 EBX=00000036 ESP=002DF560 EBP=012391A3 ESI=00000000 EDI=006B0006 EFLAG=00000216
0127C5F2	ADD      EAX, 0x3f690533                                  EAX=D8E3308C ECX=01080000 EDX=001ADCD8 EBX=00000036 ESP=002DF560 EBP=012391A3 ESI=00000000 EDI=006B0006 EFLAG=00000282
0127C5F7	PUSH     EDI                                              EAX=184C35BF ECX=01080000 EDX=001ADCD8 EBX=00000036 ESP=002DF560 EBP=012391A3 ESI=00000000 EDI=006B0006 EFLAG=00000203
0127C5F8	PUSH     EDI                                              EAX=184C35BF ECX=01080000 EDX=001ADCD8 EBX=00000036 ESP=002DF55C EBP=012391A3 ESI=00000000 EDI=006B0006 EFLAG=00000203
0127C5FE	MOV      [ESP], EDX                                       EAX=184C35BF ECX=01080000 EDX=001ADCD8 EBX=00000036 ESP=002DF558 EBP=012391A3 ESI=00000000 EDI=006B0006 EFLAG=00000202
0127C601	MOV      EDX, 0x7de10628                                  EAX=184C35BF ECX=01080000 EDX=001ADCD8 EBX=00000036 ESP=002DF558 EBP=012391A3 ESI=00000000 EDI=006B0006 EFLAG=00000202
0127C607	SUB      EDX, 0xffffffff                                  EAX=184C35BF ECX=01080000 EDX=7DE10628 EBX=00000036 ESP=002DF558 EBP=012391A3 ESI=00000000 EDI=006B0006 EFLAG=00000202
0127C60D	OR       EDX, 0x5bc75e8d                                  EAX=184C35BF ECX=01080000 EDX=7DE10629 EBX=00000036 ESP=002DF558 EBP=012391A3 ESI=00000000 EDI=006B0006 EFLAG=00000213
0127C613	PUSH     EBP                                              EAX=184C35BF ECX=01080000 EDX=7FE75EAD EBX=00000036 ESP=002DF558 EBP=012391A3 ESI=00000000 EDI=006B0006 EFLAG=00000202
0127C614	MOV      EBP, 0x365e5d6                                   EAX=184C35BF ECX=01080000 EDX=7FE75EAD EBX=00000036 ESP=002DF554 EBP=012391A3 ESI=00000000 EDI=006B0006 EFLAG=00000202
0127C61C	NOT      EBP                                              EAX=184C35BF ECX=01080000 EDX=7FE75EAD EBX=00000036 ESP=002DF554 EBP=0365E5D6 ESI=00000000 EDI=006B0006 EFLAG=00000202
0127C61E	PUSH     EBX                                              EAX=184C35BF ECX=01080000 EDX=7FE75EAD EBX=00000036 ESP=002DF554 EBP=FC9A1A29 ESI=00000000 EDI=006B0006 EFLAG=00000202
0127C61F	MOV      EBX, 0x5426508a                                  EAX=184C35BF ECX=01080000 EDX=7FE75EAD EBX=00000036 ESP=002DF550 EBP=FC9A1A29 ESI=00000000 EDI=006B0006 EFLAG=00000202
0127C62A	ADD      EBX, 0x47dc2720                                  EAX=184C35BF ECX=01080000 EDX=7FE75EAD EBX=5426508A ESP=002DF550 EBP=FC9A1A29 ESI=00000000 EDI=006B0006 EFLAG=00000202
0127C630	XOR      EBX, 0x92fa508d                                  EAX=184C35BF ECX=01080000 EDX=7FE75EAD EBX=9C0277AA ESP=002DF550 EBP=FC9A1A29 ESI=00000000 EDI=006B0006 EFLAG=00000A86
0127C636	ADD      EBP, EBX                                         EAX=184C35BF ECX=01080000 EDX=7FE75EAD EBX=0EF82727 ESP=002DF550 EBP=FC9A1A29 ESI=00000000 EDI=006B0006 EFLAG=00000206
0127C638	POP      EBX                                              EAX=184C35BF ECX=01080000 EDX=7FE75EAD EBX=0EF82727 ESP=002DF550 EBP=0B924150 ESI=00000000 EDI=006B0006 EFLAG=00000217
0127C639	SHR      EBP, 0x5                                         EAX=184C35BF ECX=01080000 EDX=7FE75EAD EBX=00000036 ESP=002DF554 EBP=0B924150 ESI=00000000 EDI=006B0006 EFLAG=00000217
0127C63C	SHL      EBP, 0x1                                         EAX=184C35BF ECX=01080000 EDX=7FE75EAD EBX=00000036 ESP=002DF554 EBP=005C920A ESI=00000000 EDI=006B0006 EFLAG=00000207
0127C63E	SUB      EBP, 0xb92413                                    EAX=184C35BF ECX=01080000 EDX=7FE75EAD EBX=00000036 ESP=002DF554 EBP=00B92414 ESI=00000000 EDI=006B0006 EFLAG=00000206
0127C644	ADD      EDX, EBP                                         EAX=184C35BF ECX=01080000 EDX=7FE75EAD EBX=00000036 ESP=002DF554 EBP=00000001 ESI=00000000 EDI=006B0006 EFLAG=00000202
0127C646	POP      EBP                                              EAX=184C35BF ECX=01080000 EDX=7FE75EAE EBX=00000036 ESP=002DF554 EBP=00000001 ESI=00000000 EDI=006B0006 EFLAG=00000202
0127C647	XOR      EDX, 0x68c3202e                                  EAX=184C35BF ECX=01080000 EDX=7FE75EAE EBX=00000036 ESP=002DF558 EBP=012391A3 ESI=00000000 EDI=006B0006 EFLAG=00000202
0127C64D	MOV      EDI, EDX                                         EAX=184C35BF ECX=01080000 EDX=17247E80 EBX=00000036 ESP=002DF558 EBP=012391A3 ESI=00000000 EDI=006B0006 EFLAG=00000202
0127C64F	POP      EDX                                              EAX=184C35BF ECX=01080000 EDX=17247E80 EBX=00000036 ESP=002DF558 EBP=012391A3 ESI=00000000 EDI=17247E80 EFLAG=00000202
0127C658	PUSH     EBX                                              EAX=184C35BF ECX=01080000 EDX=001ADCD8 EBX=00000036 ESP=002DF55C EBP=012391A3 ESI=00000000 EDI=17247E80 EFLAG=00000206
0127C659	MOV      EBX, 0xf2a1816                                   EAX=184C35BF ECX=01080000 EDX=001ADCD8 EBX=00000036 ESP=002DF558 EBP=012391A3 ESI=00000000 EDI=17247E80 EFLAG=00000206
0127C663	SUB      EAX, EBX                                         EAX=B4A8296B ECX=01080000 EDX=001ADCD8 EBX=0F2A1816 ESP=002DF558 EBP=012391A3 ESI=00000000 EDI=17247E80 EFLAG=00000283
0127C66A	POP      EBX                                              EAX=09221DA9 ECX=01080000 EDX=001ADCD8 EBX=0F2A1816 ESP=002DF558 EBP=012391A3 ESI=00000000 EDI=17247E80 EFLAG=00000207
0127C673	SUB      EAX, EDI                                         EAX=09221DA9 ECX=01080000 EDX=001ADCD8 EBX=00000036 ESP=002DF55C EBP=012391A3 ESI=00000000 EDI=17247E80 EFLAG=00000206
0127C675	ADD      EAX, 0xf2a1816                                   EAX=F1FD9F29 ECX=01080000 EDX=001ADCD8 EBX=00000036 ESP=002DF55C EBP=012391A3 ESI=00000000 EDI=17247E80 EFLAG=00000283
0127C67A	POP      EDI                                              EAX=0127B73F ECX=01080000 EDX=001ADCD8 EBX=00000036 ESP=002DF55C EBP=012391A3 ESI=00000000 EDI=17247E80 EFLAG=00000207
0127C683	PUSH     EDI                                              EAX=0127B73F ECX=01080000 EDX=001ADCD8 EBX=00000036 ESP=002DF560 EBP=012391A3 ESI=00000000 EDI=006B0006 EFLAG=00000216
0127C684	PUSH     EBP                                              EAX=0127B73F ECX=01080000 EDX=001ADCD8 EBX=00000036 ESP=002DF55C EBP=012391A3 ESI=00000000 EDI=006B0006 EFLAG=00000216
0127C685	MOV      EBP, 0x7324667f                                  EAX=0127B73F ECX=01080000 EDX=001ADCD8 EBX=00000036 ESP=002DF558 EBP=012391A3 ESI=00000000 EDI=006B0006 EFLAG=00000216
0127C68B	XOR      EBP, 0x533c0cf9                                  EAX=0127B73F ECX=01080000 EDX=001ADCD8 EBX=00000036 ESP=002DF558 EBP=7324667F ESI=00000000 EDI=006B0006 EFLAG=00000216
0127C691	OR       EBP, 0x8c4515f                                   EAX=0127B73F ECX=01080000 EDX=001ADCD8 EBX=00000036 ESP=002DF558 EBP=20186A86 ESI=00000000 EDI=006B0006 EFLAG=00000202
0127C697	SUB      EBP, 0x3594f67                                   EAX=0127B73F ECX=01080000 EDX=001ADCD8 EBX=00000036 ESP=002DF558 EBP=28DC7BDF ESI=00000000 EDI=006B0006 EFLAG=00000202
0127C69D	XOR      EBP, 0x28f212e9                                  EAX=0127B73F ECX=01080000 EDX=001ADCD8 EBX=00000036 ESP=002DF558 EBP=25832C78 ESI=00000000 EDI=006B0006 EFLAG=00000206
0127C6A3	MOV      EDI, EBP                                         EAX=0127B73F ECX=01080000 EDX=001ADCD8 EBX=00000036 ESP=002DF558 EBP=0D713E91 ESI=00000000 EDI=006B0006 EFLAG=00000202
0127C6A5	POP      EBP                                              EAX=0127B73F ECX=01080000 EDX=001ADCD8 EBX=00000036 ESP=002DF558 EBP=0D713E91 ESI=00000000 EDI=0D713E91 EFLAG=00000202
0127C6AE	NEG      EDI                                              EAX=0127B73F ECX=01080000 EDX=001ADCD8 EBX=00000036 ESP=002DF55C EBP=012391A3 ESI=00000000 EDI=0D713E91 EFLAG=00000206
0127C6B0	SUB      EDI, 0xffffffff                                  EAX=0127B73F ECX=01080000 EDX=001ADCD8 EBX=00000036 ESP=002DF55C EBP=012391A3 ESI=00000000 EDI=F28EC16F EFLAG=00000297
0127C6B6	SHR      EDI, 0x5                                         EAX=0127B73F ECX=01080000 EDX=001ADCD8 EBX=00000036 ESP=002DF55C EBP=012391A3 ESI=00000000 EDI=F28EC170 EFLAG=00000283
0127C6B9	NEG      EDI                                              EAX=0127B73F ECX=01080000 EDX=001ADCD8 EBX=00000036 ESP=002DF55C EBP=012391A3 ESI=00000000 EDI=0794760B EFLAG=00000203
0127C6BB	ADD      EDI, 0x555976f8                                  EAX=0127B73F ECX=01080000 EDX=001ADCD8 EBX=00000036 ESP=002DF55C EBP=012391A3 ESI=00000000 EDI=F86B89F5 EFLAG=00000297
0127C6C1	MOV      EBX, EDI                                         EAX=0127B73F ECX=01080000 EDX=001ADCD8 EBX=00000036 ESP=002DF55C EBP=012391A3 ESI=00000000 EDI=4DC500ED EFLAG=00000207
0127C6C3	POP      EDI                                              EAX=0127B73F ECX=01080000 EDX=001ADCD8 EBX=4DC500ED ESP=002DF55C EBP=012391A3 ESI=00000000 EDI=4DC500ED EFLAG=00000207
0127C6C4	PUSH     ECX                                              EAX=0127B73F ECX=01080000 EDX=001ADCD8 EBX=4DC500ED ESP=002DF560 EBP=012391A3 ESI=00000000 EDI=006B0006 EFLAG=00000207
0127C6CC	MOV      ECX, 0x8421c40                                   EAX=0127B73F ECX=01080000 EDX=001ADCD8 EBX=4DC500ED ESP=002DF55C EBP=012391A3 ESI=00000000 EDI=006B0006 EFLAG=00000207
0127C6D7	PUSH     ESI                                              EAX=0127B73F ECX=08421C40 EDX=001ADCD8 EBX=4DC500ED ESP=002DF55C EBP=012391A3 ESI=00000000 EDI=006B0006 EFLAG=00000212
0127C6D8	MOV      ESI, 0x22342d0                                   EAX=0127B73F ECX=08421C40 EDX=001ADCD8 EBX=4DC500ED ESP=002DF558 EBP=012391A3 ESI=00000000 EDI=006B0006 EFLAG=00000212
0127C6E0	SUB      ESI, 0x24176d2b                                  EAX=0127B73F ECX=08421C40 EDX=001ADCD8 EBX=4DC500ED ESP=002DF558 EBP=012391A3 ESI=022342D0 EDI=006B0006 EFLAG=00000A03
0127C6E6	PUSH     EBP                                              EAX=0127B73F ECX=08421C40 EDX=001ADCD8 EBX=4DC500ED ESP=002DF558 EBP=012391A3 ESI=DE0BD5A5 EDI=006B0006 EFLAG=00000297
0127C6EF	MOV      [ESP], EDX                                       EAX=0127B73F ECX=08421C40 EDX=001ADCD8 EBX=4DC500ED ESP=002DF554 EBP=012391A3 ESI=DE0BD5A5 EDI=006B0006 EFLAG=00000202
0127C6F2	MOV      EDX, 0x9bf975ec                                  EAX=0127B73F ECX=08421C40 EDX=001ADCD8 EBX=4DC500ED ESP=002DF554 EBP=012391A3 ESI=DE0BD5A5 EDI=006B0006 EFLAG=00000202
0127C6F7	SUB      ESI, EDX                                         EAX=0127B73F ECX=08421C40 EDX=9BF975EC EBX=4DC500ED ESP=002DF554 EBP=012391A3 ESI=DE0BD5A5 EDI=006B0006 EFLAG=00000202
0127C6F9	POP      EDX                                              EAX=0127B73F ECX=08421C40 EDX=9BF975EC EBX=4DC500ED ESP=002DF554 EBP=012391A3 ESI=42125FB9 EDI=006B0006 EFLAG=00000212
0127C6FA	OR       ECX, ESI                                         EAX=0127B73F ECX=08421C40 EDX=001ADCD8 EBX=4DC500ED ESP=002DF558 EBP=012391A3 ESI=42125FB9 EDI=006B0006 EFLAG=00000212
0127C6FC	POP      ESI                                              EAX=0127B73F ECX=4A525FF9 EDX=001ADCD8 EBX=4DC500ED ESP=002DF558 EBP=012391A3 ESI=42125FB9 EDI=006B0006 EFLAG=00000206
0127C6FD	PUSH     ESI                                              EAX=0127B73F ECX=4A525FF9 EDX=001ADCD8 EBX=4DC500ED ESP=002DF55C EBP=012391A3 ESI=00000000 EDI=006B0006 EFLAG=00000206
0127C6FE	MOV      ESI, 0x7975f81                                   EAX=0127B73F ECX=4A525FF9 EDX=001ADCD8 EBX=4DC500ED ESP=002DF558 EBP=012391A3 ESI=00000000 EDI=006B0006 EFLAG=00000206
0127C703	XOR      ECX, ESI                                         EAX=0127B73F ECX=4A525FF9 EDX=001ADCD8 EBX=4DC500ED ESP=002DF558 EBP=012391A3 ESI=07975F81 EDI=006B0006 EFLAG=00000206
0127C705	POP      ESI                                              EAX=0127B73F ECX=4DC50078 EDX=001ADCD8 EBX=4DC500ED ESP=002DF558 EBP=012391A3 ESI=07975F81 EDI=006B0006 EFLAG=00000206
0127C706	SUB      EBX, 0x6f624c49                                  EAX=0127B73F ECX=4DC50078 EDX=001ADCD8 EBX=4DC500ED ESP=002DF55C EBP=012391A3 ESI=00000000 EDI=006B0006 EFLAG=00000206
0127C718	SUB      EBX, ECX                                         EAX=0127B73F ECX=4DC50078 EDX=001ADCD8 EBX=6808A77C ESP=002DF55C EBP=012391A3 ESI=00000000 EDI=006B0006 EFLAG=00000A12
0127C720	ADD      EBX, 0x3e754bbd                                  EAX=0127B73F ECX=4DC50078 EDX=001ADCD8 EBX=909DB42C ESP=002DF55C EBP=012391A3 ESI=00000000 EDI=006B0006 EFLAG=00000A82
0127C726	PUSH     EDX                                              EAX=0127B73F ECX=4DC50078 EDX=001ADCD8 EBX=CF12FFE9 ESP=002DF55C EBP=012391A3 ESI=00000000 EDI=006B0006 EFLAG=00000292
0127C727	MOV      EDX, 0x30ed008c                                  EAX=0127B73F ECX=4DC50078 EDX=001ADCD8 EBX=CF12FFE9 ESP=002DF558 EBP=012391A3 ESI=00000000 EDI=006B0006 EFLAG=00000292
0127C72C	ADD      EBX, EDX                                         EAX=0127B73F ECX=4DC50078 EDX=30ED008C EBX=CF12FFE9 ESP=002DF558 EBP=012391A3 ESI=00000000 EDI=006B0006 EFLAG=00000292
0127C72E	POP      EDX                                              EAX=0127B73F ECX=4DC50078 EDX=30ED008C EBX=00000075 ESP=002DF558 EBP=012391A3 ESI=00000000 EDI=006B0006 EFLAG=00000213
0127C72F	MOV      ECX, [ESP]                                       EAX=0127B73F ECX=4DC50078 EDX=001ADCD8 EBX=00000075 ESP=002DF55C EBP=012391A3 ESI=00000000 EDI=006B0006 EFLAG=00000213
0127C732	PUSH     EDI                                              EAX=0127B73F ECX=01080000 EDX=001ADCD8 EBX=00000075 ESP=002DF55C EBP=012391A3 ESI=00000000 EDI=006B0006 EFLAG=00000213
0127C733	MOV      EDI, ESP                                         EAX=0127B73F ECX=01080000 EDX=001ADCD8 EBX=00000075 ESP=002DF558 EBP=012391A3 ESI=00000000 EDI=006B0006 EFLAG=00000213
0127C735	ADD      EDI, 0x8                                         EAX=0127B73F ECX=01080000 EDX=001ADCD8 EBX=00000075 ESP=002DF558 EBP=012391A3 ESI=00000000 EDI=002DF558 EFLAG=00000213
0127C741	XCHG     [ESP], EDI                                       EAX=0127B73F ECX=01080000 EDX=001ADCD8 EBX=00000075 ESP=002DF558 EBP=012391A3 ESI=00000000 EDI=002DF560 EFLAG=00000216
0127C744	POP      ESP                                              EAX=0127B73F ECX=01080000 EDX=001ADCD8 EBX=00000075 ESP=002DF558 EBP=012391A3 ESI=00000000 EDI=006B0006 EFLAG=00000216
0127C745	PUSH     DWORD [EBP+EBX+0x0]                              EAX=0127B73F ECX=01080000 EDX=001ADCD8 EBX=00000075 ESP=002DF560 EBP=012391A3 ESI=00000000 EDI=006B0006 EFLAG=00000216
0127C749	PUSH     EBX                                              EAX=0127B73F ECX=01080000 EDX=001ADCD8 EBX=00000075 ESP=002DF55C EBP=012391A3 ESI=00000000 EDI=006B0006 EFLAG=00000216
0127C751	PUSH     EAX                                              EAX=0127B73F ECX=01080000 EDX=001ADCD8 EBX=00000075 ESP=002DF558 EBP=012391A3 ESI=00000000 EDI=006B0006 EFLAG=00000216
0127C752	PUSH     ESI                                              EAX=0127B73F ECX=01080000 EDX=001ADCD8 EBX=00000075 ESP=002DF554 EBP=012391A3 ESI=00000000 EDI=006B0006 EFLAG=00000216
0127C753	MOV      ESI, 0x7b2918d6                                  EAX=0127B73F ECX=01080000 EDX=001ADCD8 EBX=00000075 ESP=002DF550 EBP=012391A3 ESI=00000000 EDI=006B0006 EFLAG=00000216
0127C758	MOV      EAX, 0xf12074f1                                  EAX=0127B73F ECX=01080000 EDX=001ADCD8 EBX=00000075 ESP=002DF550 EBP=012391A3 ESI=7B2918D6 EDI=006B0006 EFLAG=00000216
0127C75D	SUB      EAX, ESI                                         EAX=F12074F1 ECX=01080000 EDX=001ADCD8 EBX=00000075 ESP=002DF550 EBP=012391A3 ESI=7B2918D6 EDI=006B0006 EFLAG=00000216
0127C75F	POP      ESI                                              EAX=75F75C1B ECX=01080000 EDX=001ADCD8 EBX=00000075 ESP=002DF550 EBP=012391A3 ESI=7B2918D6 EDI=006B0006 EFLAG=00000A16
0127C760	ADD      EAX, 0xc0a6bf6                                   EAX=75F75C1B ECX=01080000 EDX=001ADCD8 EBX=00000075 ESP=002DF554 EBP=012391A3 ESI=00000000 EDI=006B0006 EFLAG=00000A16
0127C765	PUSH     EBP                                              EAX=8201C811 ECX=01080000 EDX=001ADCD8 EBX=00000075 ESP=002DF554 EBP=012391A3 ESI=00000000 EDI=006B0006 EFLAG=00000A96
0127C766	MOV      EBP, 0xc8e3d0b                                   EAX=8201C811 ECX=01080000 EDX=001ADCD8 EBX=00000075 ESP=002DF550 EBP=012391A3 ESI=00000000 EDI=006B0006 EFLAG=00000A96
0127C76B	AND      EAX, EBP                                         EAX=8201C811 ECX=01080000 EDX=001ADCD8 EBX=00000075 ESP=002DF550 EBP=0C8E3D0B ESI=00000000 EDI=006B0006 EFLAG=00000A96
0127C76D	POP      EBP                                              EAX=00000801 ECX=01080000 EDX=001ADCD8 EBX=00000075 ESP=002DF550 EBP=0C8E3D0B ESI=00000000 EDI=006B0006 EFLAG=00000202
0127C76E	PUSH     EBX                                              EAX=00000801 ECX=01080000 EDX=001ADCD8 EBX=00000075 ESP=002DF554 EBP=012391A3 ESI=00000000 EDI=006B0006 EFLAG=00000202
0127C76F	MOV      EBX, 0x45d129b5                                  EAX=00000801 ECX=01080000 EDX=001ADCD8 EBX=00000075 ESP=002DF550 EBP=012391A3 ESI=00000000 EDI=006B0006 EFLAG=00000202
0127C774	SUB      EAX, EBX                                         EAX=00000801 ECX=01080000 EDX=001ADCD8 EBX=45D129B5 ESP=002DF550 EBP=012391A3 ESI=00000000 EDI=006B0006 EFLAG=00000202
0127C776	POP      EBX                                              EAX=BA2EDE4C ECX=01080000 EDX=001ADCD8 EBX=45D129B5 ESP=002DF550 EBP=012391A3 ESI=00000000 EDI=006B0006 EFLAG=00000293
0127C777	XCHG     EBP, EAX                                         EAX=BA2EDE4C ECX=01080000 EDX=001ADCD8 EBX=00000075 ESP=002DF554 EBP=012391A3 ESI=00000000 EDI=006B0006 EFLAG=00000293
0127C778	NOT      EBP                                              EAX=012391A3 ECX=01080000 EDX=001ADCD8 EBX=00000075 ESP=002DF554 EBP=BA2EDE4C ESI=00000000 EDI=006B0006 EFLAG=00000293
0127C77D	XCHG     EBP, EAX                                         EAX=012391A3 ECX=01080000 EDX=001ADCD8 EBX=00000075 ESP=002DF554 EBP=45D121B3 ESI=00000000 EDI=006B0006 EFLAG=00000293
0127C783	PUSH     EDI                                              EAX=45D121B3 ECX=01080000 EDX=001ADCD8 EBX=00000075 ESP=002DF554 EBP=012391A3 ESI=00000000 EDI=006B0006 EFLAG=00000202
0127C784	MOV      EDI, 0x48f295a                                   EAX=45D121B3 ECX=01080000 EDX=001ADCD8 EBX=00000075 ESP=002DF550 EBP=012391A3 ESI=00000000 EDI=006B0006 EFLAG=00000202
0127C78F	ADD      EAX, EDI                                         EAX=460F6290 ECX=01080000 EDX=001ADCD8 EBX=00000075 ESP=002DF550 EBP=012391A3 ESI=00000000 EDI=048F295A EFLAG=00000216
0127C796	POP      EDI                                              EAX=4A604B0D ECX=01080000 EDX=001ADCD8 EBX=00000075 ESP=002DF550 EBP=012391A3 ESI=00000000 EDI=048F295A EFLAG=00000212
0127C797	MOV      EBX, EAX                                         EAX=4A604B0D ECX=01080000 EDX=001ADCD8 EBX=00000075 ESP=002DF554 EBP=012391A3 ESI=00000000 EDI=006B0006 EFLAG=00000212
0127C799	POP      EAX                                              EAX=4A604B0D ECX=01080000 EDX=001ADCD8 EBX=4A604B0D ESP=002DF554 EBP=012391A3 ESI=00000000 EDI=006B0006 EFLAG=00000212
0127C79F	SUB      [ESP+0x4], EBX                                   EAX=0127B73F ECX=01080000 EDX=001ADCD8 EBX=4A604B0D ESP=002DF558 EBP=012391A3 ESI=00000000 EDI=006B0006 EFLAG=00000202
0127C7A3	MOV      EBX, [ESP]                                       EAX=0127B73F ECX=01080000 EDX=001ADCD8 EBX=4A604B0D ESP=002DF558 EBP=012391A3 ESI=00000000 EDI=006B0006 EFLAG=00000283
0127C7A7	ADD      ESP, 0x4                                         EAX=0127B73F ECX=01080000 EDX=001ADCD8 EBX=00000075 ESP=002DF558 EBP=012391A3 ESI=00000000 EDI=006B0006 EFLAG=00000283
0127C7AD	MOV      EDX, [ESP]                                       EAX=0127B73F ECX=01080000 EDX=001ADCD8 EBX=00000075 ESP=002DF55C EBP=012391A3 ESI=00000000 EDI=006B0006 EFLAG=00000206
0127C7B1	ADD      ESP, 0x4                                         EAX=0127B73F ECX=01080000 EDX=B6C76C32 EBX=00000075 ESP=002DF55C EBP=012391A3 ESI=00000000 EDI=006B0006 EFLAG=00000206
0127C7B4	PUSH     EBP                                              EAX=0127B73F ECX=01080000 EDX=B6C76C32 EBX=00000075 ESP=002DF560 EBP=012391A3 ESI=00000000 EDI=006B0006 EFLAG=00000216
0127C7B5	MOV      EBP, 0x4a604b0d                                  EAX=0127B73F ECX=01080000 EDX=B6C76C32 EBX=00000075 ESP=002DF55C EBP=012391A3 ESI=00000000 EDI=006B0006 EFLAG=00000216
0127C7C0	ADD      EDX, EBP                                         EAX=0127B73F ECX=01080000 EDX=2270A72E EBX=00000075 ESP=002DF55C EBP=4A604B0D ESI=00000000 EDI=006B0006 EFLAG=00000207
0127C7C8	POP      EBP                                              EAX=0127B73F ECX=01080000 EDX=0127B73F EBX=00000075 ESP=002DF55C EBP=4A604B0D ESI=00000000 EDI=006B0006 EFLAG=00000216
0127C7C9	CMP      EDX, EAX                                         EAX=0127B73F ECX=01080000 EDX=0127B73F EBX=00000075 ESP=002DF560 EBP=012391A3 ESI=00000000 EDI=006B0006 EFLAG=00000216
0127C7CB	JZ       0x127cbe5                                        EAX=0127B73F ECX=01080000 EDX=0127B73F EBX=00000075 ESP=002DF560 EBP=012391A3 ESI=00000000 EDI=006B0006 EFLAG=00000246
0127CBE5	PUSH     DWORD [ESP+0x24]                                 EAX=0127B73F ECX=01080000 EDX=0127B73F EBX=00000075 ESP=002DF560 EBP=012391A3 ESI=00000000 EDI=006B0006 EFLAG=00000246
0127CBE9	PUSH     DWORD [ESP]                                      EAX=0127B73F ECX=01080000 EDX=0127B73F EBX=00000075 ESP=002DF55C EBP=012391A3 ESI=00000000 EDI=006B0006 EFLAG=00000246
0127CBEC	MOV      EBX, [ESP]                                       EAX=0127B73F ECX=01080000 EDX=0127B73F EBX=00000075 ESP=002DF558 EBP=012391A3 ESI=00000000 EDI=006B0006 EFLAG=00000246
0127CBEF	PUSH     ESI                                              EAX=0127B73F ECX=01080000 EDX=0127B73F EBX=00000020 ESP=002DF558 EBP=012391A3 ESI=00000000 EDI=006B0006 EFLAG=00000246
0127CBF0	MOV      ESI, ESP                                         EAX=0127B73F ECX=01080000 EDX=0127B73F EBX=00000020 ESP=002DF554 EBP=012391A3 ESI=00000000 EDI=006B0006 EFLAG=00000246
0127CBF2	ADD      ESI, 0x8                                         EAX=0127B73F ECX=01080000 EDX=0127B73F EBX=00000020 ESP=002DF554 EBP=012391A3 ESI=002DF554 EDI=006B0006 EFLAG=00000246
0127CBFE	XCHG     [ESP], ESI                                       EAX=0127B73F ECX=01080000 EDX=0127B73F EBX=00000020 ESP=002DF554 EBP=012391A3 ESI=002DF55C EDI=006B0006 EFLAG=00000206
0127CC01	MOV      ESP, [ESP]                                       EAX=0127B73F ECX=01080000 EDX=0127B73F EBX=00000020 ESP=002DF554 EBP=012391A3 ESI=00000000 EDI=006B0006 EFLAG=00000206
0127CC04	PUSH     ECX                                              EAX=0127B73F ECX=01080000 EDX=0127B73F EBX=00000020 ESP=002DF55C EBP=012391A3 ESI=00000000 EDI=006B0006 EFLAG=00000206
0127CC05	MOV      ECX, ESP                                         EAX=0127B73F ECX=01080000 EDX=0127B73F EBX=00000020 ESP=002DF558 EBP=012391A3 ESI=00000000 EDI=006B0006 EFLAG=00000206
0127CC07	PUSH     EDI                                              EAX=0127B73F ECX=002DF558 EDX=0127B73F EBX=00000020 ESP=002DF558 EBP=012391A3 ESI=00000000 EDI=006B0006 EFLAG=00000206
0127CC08	MOV      EDI, 0x4                                         EAX=0127B73F ECX=002DF558 EDX=0127B73F EBX=00000020 ESP=002DF554 EBP=012391A3 ESI=00000000 EDI=006B0006 EFLAG=00000206
0127CC0D	ADD      ECX, EDI                                         EAX=0127B73F ECX=002DF558 EDX=0127B73F EBX=00000020 ESP=002DF554 EBP=012391A3 ESI=00000000 EDI=00000004 EFLAG=00000206
0127CC0F	POP      EDI                                              EAX=0127B73F ECX=002DF55C EDX=0127B73F EBX=00000020 ESP=002DF554 EBP=012391A3 ESI=00000000 EDI=00000004 EFLAG=00000206
0127CC10	PUSH     EBP                                              EAX=0127B73F ECX=002DF55C EDX=0127B73F EBX=00000020 ESP=002DF558 EBP=012391A3 ESI=00000000 EDI=006B0006 EFLAG=00000206
0127CC11	MOV      EBP, 0x92e26834                                  EAX=0127B73F ECX=002DF55C EDX=0127B73F EBX=00000020 ESP=002DF554 EBP=012391A3 ESI=00000000 EDI=006B0006 EFLAG=00000206
0127CC1C	AND      EBP, 0x34453bf3                                  EAX=0127B73F ECX=002DF55C EDX=0127B73F EBX=00000020 ESP=002DF554 EBP=92E26834 ESI=00000000 EDI=006B0006 EFLAG=00000A92
0127CC22	INC      EBP                                              EAX=0127B73F ECX=002DF55C EDX=0127B73F EBX=00000020 ESP=002DF554 EBP=10402830 ESI=00000000 EDI=006B0006 EFLAG=00000206
0127CC23	AND      EBP, 0x31e331ad                                  EAX=0127B73F ECX=002DF55C EDX=0127B73F EBX=00000020 ESP=002DF554 EBP=10402831 ESI=00000000 EDI=006B0006 EFLAG=00000202
0127CC29	INC      EBP                                              EAX=0127B73F ECX=002DF55C EDX=0127B73F EBX=00000020 ESP=002DF554 EBP=10402021 ESI=00000000 EDI=006B0006 EFLAG=00000206
0127CC2A	ADD      EBP, 0xfe6b0b7a                                  EAX=0127B73F ECX=002DF55C EDX=0127B73F EBX=00000020 ESP=002DF554 EBP=10402022 ESI=00000000 EDI=006B0006 EFLAG=00000206
0127CC30	SHR      EBP, 0x3                                         EAX=0127B73F ECX=002DF55C EDX=0127B73F EBX=00000020 ESP=002DF554 EBP=0EAB2B9C ESI=00000000 EDI=006B0006 EFLAG=00000207
0127CC33	AND      EBP, 0x4b7f5dbb                                  EAX=0127B73F ECX=002DF55C EDX=0127B73F EBX=00000020 ESP=002DF554 EBP=01D56573 ESI=00000000 EDI=006B0006 EFLAG=00000203
0127CC39	PUSH     EDX                                              EAX=0127B73F ECX=002DF55C EDX=0127B73F EBX=00000020 ESP=002DF554 EBP=01554533 ESI=00000000 EDI=006B0006 EFLAG=00000206
0127CC3D	MOV      EDX, 0x1f8e3fa1                                  EAX=0127B73F ECX=002DF55C EDX=0127B73F EBX=00000020 ESP=002DF550 EBP=01554533 ESI=00000000 EDI=006B0006 EFLAG=00000206
0127CC42	PUSH     EBP                                              EAX=0127B73F ECX=002DF55C EDX=1F8E3FA1 EBX=00000020 ESP=002DF550 EBP=01554533 ESI=00000000 EDI=006B0006 EFLAG=00000206
0127CC43	MOV      EBP, 0x14087af4                                  EAX=0127B73F ECX=002DF55C EDX=1F8E3FA1 EBX=00000020 ESP=002DF54C EBP=01554533 ESI=00000000 EDI=006B0006 EFLAG=00000206
0127CC4E	SHR      EBP, 0x4                                         EAX=0127B73F ECX=002DF55C EDX=1F8E3FA1 EBX=00000020 ESP=002DF54C EBP=14087AF4 ESI=00000000 EDI=006B0006 EFLAG=00000213
0127CC51	XOR      EBP, 0x1b16358a                                  EAX=0127B73F ECX=002DF55C EDX=1F8E3FA1 EBX=00000020 ESP=002DF54C EBP=014087AF ESI=00000000 EDI=006B0006 EFLAG=00000206
0127CC57	SHL      EBP, 0x8                                         EAX=0127B73F ECX=002DF55C EDX=1F8E3FA1 EBX=00000020 ESP=002DF54C EBP=1A56B225 ESI=00000000 EDI=006B0006 EFLAG=00000202
0127CC5A	XOR      EBP, 0x5f310762                                  EAX=0127B73F ECX=002DF55C EDX=1F8E3FA1 EBX=00000020 ESP=002DF54C EBP=56B22500 ESI=00000000 EDI=006B0006 EFLAG=00000206
0127CC60	XOR      EDX, EBP                                         EAX=0127B73F ECX=002DF55C EDX=1F8E3FA1 EBX=00000020 ESP=002DF54C EBP=09832262 ESI=00000000 EDI=006B0006 EFLAG=00000202
0127CC62	POP      EBP                                              EAX=0127B73F ECX=002DF55C EDX=160D1DC3 EBX=00000020 ESP=002DF54C EBP=09832262 ESI=00000000 EDI=006B0006 EFLAG=00000206
0127CC63	NEG      EDX                                              EAX=0127B73F ECX=002DF55C EDX=160D1DC3 EBX=00000020 ESP=002DF550 EBP=01554533 ESI=00000000 EDI=006B0006 EFLAG=00000206
0127CC65	SHR      EDX, 0x6                                         EAX=0127B73F ECX=002DF55C EDX=E9F2E23D EBX=00000020 ESP=002DF550 EBP=01554533 ESI=00000000 EDI=006B0006 EFLAG=00000293
0127CC68	XOR      EDX, 0x2f28ea7                                   EAX=0127B73F ECX=002DF55C EDX=03A7CB88 EBX=00000020 ESP=002DF550 EBP=01554533 ESI=00000000 EDI=006B0006 EFLAG=00000207
0127CC6E	ADD      EBP, 0x66672d26                                  EAX=0127B73F ECX=002DF55C EDX=0155452F EBX=00000020 ESP=002DF550 EBP=01554533 ESI=00000000 EDI=006B0006 EFLAG=00000202
0127CC74	SUB      EBP, EDX                                         EAX=0127B73F ECX=002DF55C EDX=0155452F EBX=00000020 ESP=002DF550 EBP=67BC7259 ESI=00000000 EDI=006B0006 EFLAG=00000206
0127CC76	PUSH     EDI                                              EAX=0127B73F ECX=002DF55C EDX=0155452F EBX=00000020 ESP=002DF550 EBP=66672D2A ESI=00000000 EDI=006B0006 EFLAG=00000212
0127CC77	MOV      EDI, 0x10260290                                  EAX=0127B73F ECX=002DF55C EDX=0155452F EBX=00000020 ESP=002DF54C EBP=66672D2A ESI=00000000 EDI=006B0006 EFLAG=00000212
0127CC82	XOR      EDI, 0x76412fb6                                  EAX=0127B73F ECX=002DF55C EDX=0155452F EBX=00000020 ESP=002DF54C EBP=66672D2A ESI=00000000 EDI=10260290 EFLAG=00000206
0127CC8E	SUB      EBP, EDI                                         EAX=0127B73F ECX=002DF55C EDX=0155452F EBX=00000020 ESP=002DF54C EBP=4361029A ESI=00000000 EDI=66672D26 EFLAG=00000206
0127CC96	POP      EDI                                              EAX=0127B73F ECX=002DF55C EDX=0155452F EBX=00000020 ESP=002DF54C EBP=00000004 ESI=00000000 EDI=66672D26 EFLAG=00000203
0127CC97	POP      EDX                                              EAX=0127B73F ECX=002DF55C EDX=0155452F EBX=00000020 ESP=002DF550 EBP=00000004 ESI=00000000 EDI=006B0006 EFLAG=00000203
0127CC98	ADD      ECX, EBP                                         EAX=0127B73F ECX=002DF55C EDX=0127B73F EBX=00000020 ESP=002DF554 EBP=00000004 ESI=00000000 EDI=006B0006 EFLAG=00000203
0127CC9A	MOV      EBP, [ESP]                                       EAX=0127B73F ECX=002DF560 EDX=0127B73F EBX=00000020 ESP=002DF554 EBP=00000004 ESI=00000000 EDI=006B0006 EFLAG=00000216
0127CC9E	ADD      ESP, 0x4                                         EAX=0127B73F ECX=002DF560 EDX=0127B73F EBX=00000020 ESP=002DF554 EBP=012391A3 ESI=00000000 EDI=006B0006 EFLAG=00000216
0127CCA1	XCHG     [ESP], ECX                                       EAX=0127B73F ECX=002DF560 EDX=0127B73F EBX=00000020 ESP=002DF558 EBP=012391A3 ESI=00000000 EDI=006B0006 EFLAG=00000202
0127CCA4	POP      ESP                                              EAX=0127B73F ECX=01080000 EDX=0127B73F EBX=00000020 ESP=002DF558 EBP=012391A3 ESI=00000000 EDI=006B0006 EFLAG=00000202
0127CCA5	SHL      EBX, 0x2                                         EAX=0127B73F ECX=01080000 EDX=0127B73F EBX=00000020 ESP=002DF560 EBP=012391A3 ESI=00000000 EDI=006B0006 EFLAG=00000202
0127CCA8	SUB      EAX, 0x11c5e744                                  EAX=0127B73F ECX=01080000 EDX=0127B73F EBX=00000080 ESP=002DF560 EBP=012391A3 ESI=00000000 EDI=006B0006 EFLAG=00000202
0127CCB2	ADD      EAX, 0x16cc1083                                  EAX=EF61CFFB ECX=01080000 EDX=0127B73F EBX=00000080 ESP=002DF560 EBP=012391A3 ESI=00000000 EDI=006B0006 EFLAG=00000282
0127CCB7	ADD      EAX, EBX                                         EAX=062DE07E ECX=01080000 EDX=0127B73F EBX=00000080 ESP=002DF560 EBP=012391A3 ESI=00000000 EDI=006B0006 EFLAG=00000207
0127CCB9	PUSH     ECX                                              EAX=062DE0FE ECX=01080000 EDX=0127B73F EBX=00000080 ESP=002DF560 EBP=012391A3 ESI=00000000 EDI=006B0006 EFLAG=00000202
0127CCBA	PUSH     EDX                                              EAX=062DE0FE ECX=01080000 EDX=0127B73F EBX=00000080 ESP=002DF55C EBP=012391A3 ESI=00000000 EDI=006B0006 EFLAG=00000202
0127CCBB	MOV      EDX, 0x6b797efa                                  EAX=062DE0FE ECX=01080000 EDX=0127B73F EBX=00000080 ESP=002DF558 EBP=012391A3 ESI=00000000 EDI=006B0006 EFLAG=00000202
0127CCC1	OR       EDX, 0x72ec0bc2                                  EAX=062DE0FE ECX=01080000 EDX=6B797EFA EBX=00000080 ESP=002DF558 EBP=012391A3 ESI=00000000 EDI=006B0006 EFLAG=00000202
0127CCC7	SUB      EDX, 0x6c804797                                  EAX=062DE0FE ECX=01080000 EDX=7BFD7FFA EBX=00000080 ESP=002DF558 EBP=012391A3 ESI=00000000 EDI=006B0006 EFLAG=00000206
0127CCD3	MOV      ECX, EDX                                         EAX=062DE0FE ECX=01080000 EDX=0F7D3863 EBX=00000080 ESP=002DF558 EBP=012391A3 ESI=00000000 EDI=006B0006 EFLAG=00000216
0127CCD5	POP      EDX                                              EAX=062DE0FE ECX=0F7D3863 EDX=0F7D3863 EBX=00000080 ESP=002DF558 EBP=012391A3 ESI=00000000 EDI=006B0006 EFLAG=00000216
0127CCD6	NOT      ECX                                              EAX=062DE0FE ECX=0F7D3863 EDX=0127B73F EBX=00000080 ESP=002DF55C EBP=012391A3 ESI=00000000 EDI=006B0006 EFLAG=00000216
0127CCD8	SHL      ECX, 0x6                                         EAX=062DE0FE ECX=F082C79C EDX=0127B73F EBX=00000080 ESP=002DF55C EBP=012391A3 ESI=00000000 EDI=006B0006 EFLAG=00000216
0127CCDB	XOR      ECX, 0x367df783                                  EAX=062DE0FE ECX=20B1E700 EDX=0127B73F EBX=00000080 ESP=002DF55C EBP=012391A3 ESI=00000000 EDI=006B0006 EFLAG=00000206
0127CCE1	SUB      EAX, ECX                                         EAX=062DE0FE ECX=16CC1083 EDX=0127B73F EBX=00000080 ESP=002DF55C EBP=012391A3 ESI=00000000 EDI=006B0006 EFLAG=00000202
0127CCE3	POP      ECX                                              EAX=EF61D07B ECX=16CC1083 EDX=0127B73F EBX=00000080 ESP=002DF55C EBP=012391A3 ESI=00000000 EDI=006B0006 EFLAG=00000287
0127CCE4	PUSH     EBX                                              EAX=EF61D07B ECX=01080000 EDX=0127B73F EBX=00000080 ESP=002DF560 EBP=012391A3 ESI=00000000 EDI=006B0006 EFLAG=00000287
0127CCE5	PUSH     EDX                                              EAX=EF61D07B ECX=01080000 EDX=0127B73F EBX=00000080 ESP=002DF55C EBP=012391A3 ESI=00000000 EDI=006B0006 EFLAG=00000287
0127CCE9	MOV      EDX, 0x4e163501                                  EAX=EF61D07B ECX=01080000 EDX=0127B73F EBX=00000080 ESP=002DF558 EBP=012391A3 ESI=00000000 EDI=006B0006 EFLAG=00000287
0127CCEE	MOV      EBX, EDX                                         EAX=EF61D07B ECX=01080000 EDX=4E163501 EBX=00000080 ESP=002DF558 EBP=012391A3 ESI=00000000 EDI=006B0006 EFLAG=00000287
0127CCF0	POP      EDX                                              EAX=EF61D07B ECX=01080000 EDX=4E163501 EBX=4E163501 ESP=002DF558 EBP=012391A3 ESI=00000000 EDI=006B0006 EFLAG=00000287
0127CCF6	PUSH     EDI                                              EAX=EF61D07B ECX=01080000 EDX=0127B73F EBX=4E163501 ESP=002DF55C EBP=012391A3 ESI=00000000 EDI=006B0006 EFLAG=00000206
0127CCF7	MOV      EDI, 0x66a05208                                  EAX=EF61D07B ECX=01080000 EDX=0127B73F EBX=4E163501 ESP=002DF558 EBP=012391A3 ESI=00000000 EDI=006B0006 EFLAG=00000206
0127CCFC	PUSH     ECX                                              EAX=EF61D07B ECX=01080000 EDX=0127B73F EBX=4E163501 ESP=002DF558 EBP=012391A3 ESI=00000000 EDI=66A05208 EFLAG=00000206
0127CD05	PUSH     EBX                                              EAX=EF61D07B ECX=01080000 EDX=0127B73F EBX=4E163501 ESP=002DF554 EBP=012391A3 ESI=00000000 EDI=66A05208 EFLAG=00000202
0127CD06	MOV      EBX, 0x7b481c9f                                  EAX=EF61D07B ECX=01080000 EDX=0127B73F EBX=4E163501 ESP=002DF550 EBP=012391A3 ESI=00000000 EDI=66A05208 EFLAG=00000202
0127CD0B	MOV      ECX, 0x9eedffd1                                  EAX=EF61D07B ECX=01080000 EDX=0127B73F EBX=7B481C9F ESP=002DF550 EBP=012391A3 ESI=00000000 EDI=66A05208 EFLAG=00000202
0127CD10	ADD      ECX, EBX                                         EAX=EF61D07B ECX=9EEDFFD1 EDX=0127B73F EBX=7B481C9F ESP=002DF550 EBP=012391A3 ESI=00000000 EDI=66A05208 EFLAG=00000202
0127CD12	POP      EBX                                              EAX=EF61D07B ECX=1A361C70 EDX=0127B73F EBX=7B481C9F ESP=002DF550 EBP=012391A3 ESI=00000000 EDI=66A05208 EFLAG=00000213
0127CD13	XOR      EDI, ECX                                         EAX=EF61D07B ECX=1A361C70 EDX=0127B73F EBX=4E163501 ESP=002DF554 EBP=012391A3 ESI=00000000 EDI=66A05208 EFLAG=00000213
0127CD15	POP      ECX                                              EAX=EF61D07B ECX=1A361C70 EDX=0127B73F EBX=4E163501 ESP=002DF554 EBP=012391A3 ESI=00000000 EDI=7C964E78 EFLAG=00000206
0127CD1B	SUB      EDI, 0x5dc12663                                  EAX=EF61D07B ECX=01080000 EDX=0127B73F EBX=4E163501 ESP=002DF558 EBP=012391A3 ESI=00000000 EDI=7C964E78 EFLAG=00000202
0127CD21	SUB      EAX, 0x22c60611                                  EAX=EF61D07B ECX=01080000 EDX=0127B73F EBX=4E163501 ESP=002DF558 EBP=012391A3 ESI=00000000 EDI=1ED52815 EFLAG=00000202
0127CD26	SUB      EAX, EDI                                         EAX=CC9BCA6A ECX=01080000 EDX=0127B73F EBX=4E163501 ESP=002DF558 EBP=012391A3 ESI=00000000 EDI=1ED52815 EFLAG=00000286
0127CD28	PUSH     EBP                                              EAX=ADC6A255 ECX=01080000 EDX=0127B73F EBX=4E163501 ESP=002DF558 EBP=012391A3 ESI=00000000 EDI=1ED52815 EFLAG=00000286
0127CD29	MOV      EBP, 0x22c60611                                  EAX=ADC6A255 ECX=01080000 EDX=0127B73F EBX=4E163501 ESP=002DF554 EBP=012391A3 ESI=00000000 EDI=1ED52815 EFLAG=00000286
0127CD2E	ADD      EAX, EBP                                         EAX=ADC6A255 ECX=01080000 EDX=0127B73F EBX=4E163501 ESP=002DF554 EBP=22C60611 ESI=00000000 EDI=1ED52815 EFLAG=00000286
0127CD30	POP      EBP                                              EAX=D08CA866 ECX=01080000 EDX=0127B73F EBX=4E163501 ESP=002DF554 EBP=22C60611 ESI=00000000 EDI=1ED52815 EFLAG=00000286
0127CD31	POP      EDI                                              EAX=D08CA866 ECX=01080000 EDX=0127B73F EBX=4E163501 ESP=002DF558 EBP=012391A3 ESI=00000000 EDI=1ED52815 EFLAG=00000286
0127CD37	PUSH     EBX                                              EAX=D08CA866 ECX=01080000 EDX=0127B73F EBX=4E163501 ESP=002DF55C EBP=012391A3 ESI=00000000 EDI=006B0006 EFLAG=00000206
0127CD38	MOV      EBX, 0x1864148                                   EAX=D08CA866 ECX=01080000 EDX=0127B73F EBX=4E163501 ESP=002DF558 EBP=012391A3 ESI=00000000 EDI=006B0006 EFLAG=00000206
0127CD43	XOR      EBX, 0x65984873                                  EAX=D08CA866 ECX=01080000 EDX=0127B73F EBX=01864148 ESP=002DF558 EBP=012391A3 ESI=00000000 EDI=006B0006 EFLAG=00000206
0127CD49	SUB      EAX, EBX                                         EAX=D08CA866 ECX=01080000 EDX=0127B73F EBX=641E093B ESP=002DF558 EBP=012391A3 ESI=00000000 EDI=006B0006 EFLAG=00000202
0127CD4B	POP      EBX                                              EAX=6C6E9F2B ECX=01080000 EDX=0127B73F EBX=641E093B ESP=002DF558 EBP=012391A3 ESI=00000000 EDI=006B0006 EFLAG=00000A16
0127CD4C	SUB      EAX, EBX                                         EAX=6C6E9F2B ECX=01080000 EDX=0127B73F EBX=4E163501 ESP=002DF55C EBP=012391A3 ESI=00000000 EDI=006B0006 EFLAG=00000A16
0127CD4E	ADD      EAX, 0x82f33150                                  EAX=1E586A2A ECX=01080000 EDX=0127B73F EBX=4E163501 ESP=002DF55C EBP=012391A3 ESI=00000000 EDI=006B0006 EFLAG=00000202
0127CD58	POP      EBX                                              EAX=A14B9B7A ECX=01080000 EDX=0127B73F EBX=4E163501 ESP=002DF55C EBP=012391A3 ESI=00000000 EDI=006B0006 EFLAG=00000282
0127CD59	ADD      EAX, 0x5fdc1c45                                  EAX=A14B9B7A ECX=01080000 EDX=0127B73F EBX=00000080 ESP=002DF560 EBP=012391A3 ESI=00000000 EDI=006B0006 EFLAG=00000282
0127CD5E	JMP      DWORD [EAX]                                      EAX=0127B7BF ECX=01080000 EDX=0127B73F EBX=00000080 ESP=002DF560 EBP=012391A3 ESI=00000000 EDI=006B0006 EFLAG=00000203
01240CE1	JMP      0x126ed63                                        EAX=0127B7BF ECX=01080000 EDX=0127B73F EBX=00000080 ESP=002DF560 EBP=012391A3 ESI=00000000 EDI=006B0006 EFLAG=00000203
0126ED63	JMP      0x126ed6f                                        EAX=0127B7BF ECX=01080000 EDX=0127B73F EBX=00000080 ESP=002DF560 EBP=012391A3 ESI=00000000 EDI=006B0006 EFLAG=00000203
0126ED6F	PUSHF                                                     EAX=0127B7BF ECX=01080000 EDX=0127B73F EBX=00000080 ESP=002DF560 EBP=012391A3 ESI=00000000 EDI=006B0006 EFLAG=00000203
0126ED70	PUSH     ECX                                              EAX=0127B7BF ECX=01080000 EDX=0127B73F EBX=00000080 ESP=002DF55C EBP=012391A3 ESI=00000000 EDI=006B0006 EFLAG=00000203
0126ED71	PUSH     EBX                                              EAX=0127B7BF ECX=01080000 EDX=0127B73F EBX=00000080 ESP=002DF558 EBP=012391A3 ESI=00000000 EDI=006B0006 EFLAG=00000203
0126ED72	MOV      EBX, 0x7fffd6bb                                  EAX=0127B7BF ECX=01080000 EDX=0127B73F EBX=00000080 ESP=002DF554 EBP=012391A3 ESI=00000000 EDI=006B0006 EFLAG=00000203
0126ED7D	INC      EBX                                              EAX=0127B7BF ECX=01080000 EDX=0127B73F EBX=7FFFD6BB ESP=002DF554 EBP=012391A3 ESI=00000000 EDI=006B0006 EFLAG=00000206
0126ED7E	SUB      EBX, 0x39c475be                                  EAX=0127B7BF ECX=01080000 EDX=0127B73F EBX=7FFFD6BC ESP=002DF554 EBP=012391A3 ESI=00000000 EDI=006B0006 EFLAG=00000202
0126ED8A	MOV      [ESP+0x4], EBX                                   EAX=0127B7BF ECX=01080000 EDX=0127B73F EBX=463B60FE ESP=002DF554 EBP=012391A3 ESI=00000000 EDI=006B0006 EFLAG=00000203
0126ED8E	POP      EBX                                              EAX=0127B7BF ECX=01080000 EDX=0127B73F EBX=463B60FE ESP=002DF554 EBP=012391A3 ESI=00000000 EDI=006B0006 EFLAG=00000203
0126ED8F	PUSH     EDI                                              EAX=0127B7BF ECX=01080000 EDX=0127B73F EBX=00000080 ESP=002DF558 EBP=012391A3 ESI=00000000 EDI=006B0006 EFLAG=00000203
0126ED90	MOV      EDI, 0x463b5fdf                                  EAX=0127B7BF ECX=01080000 EDX=0127B73F EBX=00000080 ESP=002DF554 EBP=012391A3 ESI=00000000 EDI=006B0006 EFLAG=00000203
0126ED95	SUB      [ESP+0x4], EDI                                   EAX=0127B7BF ECX=01080000 EDX=0127B73F EBX=00000080 ESP=002DF554 EBP=012391A3 ESI=00000000 EDI=463B5FDF EFLAG=00000203
0126ED99	POP      EDI                                              EAX=0127B7BF ECX=01080000 EDX=0127B73F EBX=00000080 ESP=002DF554 EBP=012391A3 ESI=00000000 EDI=463B5FDF EFLAG=00000212
0126ED9A	PUSH     EAX                                              EAX=0127B7BF ECX=01080000 EDX=0127B73F EBX=00000080 ESP=002DF558 EBP=012391A3 ESI=00000000 EDI=006B0006 EFLAG=00000212
0126EDA5	MOV      DWORD [ESP], 0x2d67c88a                          EAX=0127B7BF ECX=01080000 EDX=0127B73F EBX=00000080 ESP=002DF554 EBP=012391A3 ESI=00000000 EDI=006B0006 EFLAG=00000212
0126EDAC	PUSH     EDX                                              EAX=0127B7BF ECX=01080000 EDX=0127B73F EBX=00000080 ESP=002DF554 EBP=012391A3 ESI=00000000 EDI=006B0006 EFLAG=00000212
0126EDAD	MOV      EDX, 0x2d48dea1                                  EAX=0127B7BF ECX=01080000 EDX=0127B73F EBX=00000080 ESP=002DF550 EBP=012391A3 ESI=00000000 EDI=006B0006 EFLAG=00000212
0126EDB2	SUB      [ESP+0x4], EDX                                   EAX=0127B7BF ECX=01080000 EDX=2D48DEA1 EBX=00000080 ESP=002DF550 EBP=012391A3 ESI=00000000 EDI=006B0006 EFLAG=00000212
0126EDB6	POP      EDX                                              EAX=0127B7BF ECX=01080000 EDX=2D48DEA1 EBX=00000080 ESP=002DF550 EBP=012391A3 ESI=00000000 EDI=006B0006 EFLAG=00000202
0126EDB7	PUSH     EBX                                              EAX=0127B7BF ECX=01080000 EDX=0127B73F EBX=00000080 ESP=002DF554 EBP=012391A3 ESI=00000000 EDI=006B0006 EFLAG=00000202
0126EDB8	PUSH     EDX                                              EAX=0127B7BF ECX=01080000 EDX=0127B73F EBX=00000080 ESP=002DF550 EBP=012391A3 ESI=00000000 EDI=006B0006 EFLAG=00000202
0126EDBC	MOV      EDX, 0x47d139c4                                  EAX=0127B7BF ECX=01080000 EDX=0127B73F EBX=00000080 ESP=002DF54C EBP=012391A3 ESI=00000000 EDI=006B0006 EFLAG=00000202
0126EDC1	MOV      [ESP+0x4], EDX                                   EAX=0127B7BF ECX=01080000 EDX=47D139C4 EBX=00000080 ESP=002DF54C EBP=012391A3 ESI=00000000 EDI=006B0006 EFLAG=00000202
0126EDC5	POP      EDX                                              EAX=0127B7BF ECX=01080000 EDX=47D139C4 EBX=00000080 ESP=002DF54C EBP=012391A3 ESI=00000000 EDI=006B0006 EFLAG=00000202
0126EDCE	MOV      [ESP], EAX                                       EAX=0127B7BF ECX=01080000 EDX=0127B73F EBX=00000080 ESP=002DF550 EBP=012391A3 ESI=00000000 EDI=006B0006 EFLAG=00000216
0126EDD1	PUSH     EBP                                              EAX=0127B7BF ECX=01080000 EDX=0127B73F EBX=00000080 ESP=002DF550 EBP=012391A3 ESI=00000000 EDI=006B0006 EFLAG=00000216
0126EDDA	MOV      EBP, ESP                                         EAX=0127B7BF ECX=01080000 EDX=0127B73F EBX=00000080 ESP=002DF54C EBP=012391A3 ESI=00000000 EDI=006B0006 EFLAG=00000212
0126EDDC	PUSH     EDI                                              EAX=0127B7BF ECX=01080000 EDX=0127B73F EBX=00000080 ESP=002DF54C EBP=002DF54C ESI=00000000 EDI=006B0006 EFLAG=00000212
0126EDDD	MOV      EDI, 0x334f8da                                   EAX=0127B7BF ECX=01080000 EDX=0127B73F EBX=00000080 ESP=002DF548 EBP=002DF54C ESI=00000000 EDI=006B0006 EFLAG=00000212
0126EDE8	DEC      EDI                                              EAX=0127B7BF ECX=01080000 EDX=0127B73F EBX=00000080 ESP=002DF548 EBP=002DF54C ESI=00000000 EDI=0334F8DA EFLAG=00000202
0126EDE9	XOR      EDI, 0x7dfbfb81                                  EAX=0127B7BF ECX=01080000 EDX=0127B73F EBX=00000080 ESP=002DF548 EBP=002DF54C ESI=00000000 EDI=0334F8D9 EFLAG=00000202
0126EDEF	SHL      EDI, 0x2                                         EAX=0127B7BF ECX=01080000 EDX=0127B73F EBX=00000080 ESP=002DF548 EBP=002DF54C ESI=00000000 EDI=7ECF0358 EFLAG=00000202
0126EDF2	SUB      EDI, 0xfb3c0d5c                                  EAX=0127B7BF ECX=01080000 EDX=0127B73F EBX=00000080 ESP=002DF548 EBP=002DF54C ESI=00000000 EDI=FB3C0D60 EFLAG=00000287
0126EDFE	ADD      EBP, EDI                                         EAX=0127B7BF ECX=01080000 EDX=0127B73F EBX=00000080 ESP=002DF548 EBP=B3365B74 ESI=00000000 EDI=00000004 EFLAG=00000287
0126EE06	POP      EDI                                              EAX=0127B7BF ECX=01080000 EDX=0127B73F EBX=00000080 ESP=002DF548 EBP=002DF550 ESI=00000000 EDI=00000004 EFLAG=00000217
0126EE07	SUB      EBP, 0x4                                         EAX=0127B7BF ECX=01080000 EDX=0127B73F EBX=00000080 ESP=002DF54C EBP=002DF550 ESI=00000000 EDI=006B0006 EFLAG=00000217
0126EE0A	XCHG     [ESP], EBP                                       EAX=0127B7BF ECX=01080000 EDX=0127B73F EBX=00000080 ESP=002DF54C EBP=002DF54C ESI=00000000 EDI=006B0006 EFLAG=00000212
0126EE0D	POP      ESP                                              EAX=0127B7BF ECX=01080000 EDX=0127B73F EBX=00000080 ESP=002DF54C EBP=012391A3 ESI=00000000 EDI=006B0006 EFLAG=00000212
0126EE0E	MOV      [ESP], EBX                                       EAX=0127B7BF ECX=01080000 EDX=0127B73F EBX=00000080 ESP=002DF54C EBP=012391A3 ESI=00000000 EDI=006B0006 EFLAG=00000212
0126EE11	PUSH     DWORD [ESP+0x10]                                 EAX=0127B7BF ECX=01080000 EDX=0127B73F EBX=00000080 ESP=002DF54C EBP=012391A3 ESI=00000000 EDI=006B0006 EFLAG=00000212
0126EE15	PUSH     DWORD [ESP]                                      EAX=0127B7BF ECX=01080000 EDX=0127B73F EBX=00000080 ESP=002DF548 EBP=012391A3 ESI=00000000 EDI=006B0006 EFLAG=00000212
0126EE18	MOV      EAX, [ESP]                                       EAX=0127B7BF ECX=01080000 EDX=0127B73F EBX=00000080 ESP=002DF544 EBP=012391A3 ESI=00000000 EDI=006B0006 EFLAG=00000212
0126EE1C	ADD      ESP, 0x8                                         EAX=00000203 ECX=01080000 EDX=0127B73F EBX=00000080 ESP=002DF544 EBP=012391A3 ESI=00000000 EDI=006B0006 EFLAG=00000212
0126EE22	PUSH     DWORD [ESP+0x8]                                  EAX=00000203 ECX=01080000 EDX=0127B73F EBX=00000080 ESP=002DF54C EBP=012391A3 ESI=00000000 EDI=006B0006 EFLAG=00000202
0126EE26	MOV      EBX, [ESP]                                       EAX=00000203 ECX=01080000 EDX=0127B73F EBX=00000080 ESP=002DF548 EBP=012391A3 ESI=00000000 EDI=006B0006 EFLAG=00000202
0126EE29	PUSH     EBX                                              EAX=00000203 ECX=01080000 EDX=0127B73F EBX=001EE9E9 ESP=002DF548 EBP=012391A3 ESI=00000000 EDI=006B0006 EFLAG=00000202
0126EE2F	MOV      [ESP], EBP                                       EAX=00000203 ECX=01080000 EDX=0127B73F EBX=001EE9E9 ESP=002DF544 EBP=012391A3 ESI=00000000 EDI=006B0006 EFLAG=00000206
0126EE32	MOV      EBP, ESP                                         EAX=00000203 ECX=01080000 EDX=0127B73F EBX=001EE9E9 ESP=002DF544 EBP=012391A3 ESI=00000000 EDI=006B0006 EFLAG=00000206
0126EE34	ADD      EBP, 0x8                                         EAX=00000203 ECX=01080000 EDX=0127B73F EBX=001EE9E9 ESP=002DF544 EBP=002DF544 ESI=00000000 EDI=006B0006 EFLAG=00000206
0126EE40	XCHG     [ESP], EBP                                       EAX=00000203 ECX=01080000 EDX=0127B73F EBX=001EE9E9 ESP=002DF544 EBP=002DF54C ESI=00000000 EDI=006B0006 EFLAG=00000202
0126EE43	POP      ESP                                              EAX=00000203 ECX=01080000 EDX=0127B73F EBX=001EE9E9 ESP=002DF544 EBP=012391A3 ESI=00000000 EDI=006B0006 EFLAG=00000202
0126EE44	MOV      [ESP+0x8], EAX                                   EAX=00000203 ECX=01080000 EDX=0127B73F EBX=001EE9E9 ESP=002DF54C EBP=012391A3 ESI=00000000 EDI=006B0006 EFLAG=00000202
0126EE48	MOV      [ESP+0x10], EBX                                  EAX=00000203 ECX=01080000 EDX=0127B73F EBX=001EE9E9 ESP=002DF54C EBP=012391A3 ESI=00000000 EDI=006B0006 EFLAG=00000202
0126EE4C	PUSH     DWORD [ESP]                                      EAX=00000203 ECX=01080000 EDX=0127B73F EBX=001EE9E9 ESP=002DF54C EBP=012391A3 ESI=00000000 EDI=006B0006 EFLAG=00000202
0126EE4F	MOV      EBX, [ESP]                                       EAX=00000203 ECX=01080000 EDX=0127B73F EBX=001EE9E9 ESP=002DF548 EBP=012391A3 ESI=00000000 EDI=006B0006 EFLAG=00000202
0126EE53	ADD      ESP, 0x4                                         EAX=00000203 ECX=01080000 EDX=0127B73F EBX=00000080 ESP=002DF548 EBP=012391A3 ESI=00000000 EDI=006B0006 EFLAG=00000202
0126EE59	PUSH     ESI                                              EAX=00000203 ECX=01080000 EDX=0127B73F EBX=00000080 ESP=002DF54C EBP=012391A3 ESI=00000000 EDI=006B0006 EFLAG=00000202
0126EE5A	MOV      ESI, ESP                                         EAX=00000203 ECX=01080000 EDX=0127B73F EBX=00000080 ESP=002DF548 EBP=012391A3 ESI=00000000 EDI=006B0006 EFLAG=00000202
0126EE5C	ADD      ESI, 0x8                                         EAX=00000203 ECX=01080000 EDX=0127B73F EBX=00000080 ESP=002DF548 EBP=012391A3 ESI=002DF548 EDI=006B0006 EFLAG=00000202
0126EE68	XCHG     [ESP], ESI                                       EAX=00000203 ECX=01080000 EDX=0127B73F EBX=00000080 ESP=002DF548 EBP=012391A3 ESI=002DF550 EDI=006B0006 EFLAG=00000216
0126EE6B	POP      ESP                                              EAX=00000203 ECX=01080000 EDX=0127B73F EBX=00000080 ESP=002DF548 EBP=012391A3 ESI=00000000 EDI=006B0006 EFLAG=00000216
0126EE6C	PUSH     DWORD [ESP]                                      EAX=00000203 ECX=01080000 EDX=0127B73F EBX=00000080 ESP=002DF550 EBP=012391A3 ESI=00000000 EDI=006B0006 EFLAG=00000216
0126EE6F	MOV      EAX, [ESP]                                       EAX=00000203 ECX=01080000 EDX=0127B73F EBX=00000080 ESP=002DF54C EBP=012391A3 ESI=00000000 EDI=006B0006 EFLAG=00000216
0126EE72	PUSH     EAX                                              EAX=0127B7BF ECX=01080000 EDX=0127B73F EBX=00000080 ESP=002DF54C EBP=012391A3 ESI=00000000 EDI=006B0006 EFLAG=00000216
0126EE76	MOV      EAX, ESP                                         EAX=0127B7BF ECX=01080000 EDX=0127B73F EBX=00000080 ESP=002DF548 EBP=012391A3 ESI=00000000 EDI=006B0006 EFLAG=00000216
0126EE78	ADD      EAX, 0x8                                         EAX=002DF548 ECX=01080000 EDX=0127B73F EBX=00000080 ESP=002DF548 EBP=012391A3 ESI=00000000 EDI=006B0006 EFLAG=00000216
0126EE82	XCHG     [ESP], EAX                                       EAX=002DF550 ECX=01080000 EDX=0127B73F EBX=00000080 ESP=002DF548 EBP=012391A3 ESI=00000000 EDI=006B0006 EFLAG=00000216
0126EE85	POP      ESP                                              EAX=0127B7BF ECX=01080000 EDX=0127B73F EBX=00000080 ESP=002DF548 EBP=012391A3 ESI=00000000 EDI=006B0006 EFLAG=00000216
0126EE86	ADD      ESP, 0x4                                         EAX=0127B7BF ECX=01080000 EDX=0127B73F EBX=00000080 ESP=002DF550 EBP=012391A3 ESI=00000000 EDI=006B0006 EFLAG=00000216
0126EE8C	JMP      0x1237f3d                                        EAX=0127B7BF ECX=01080000 EDX=0127B73F EBX=00000080 ESP=002DF554 EBP=012391A3 ESI=00000000 EDI=006B0006 EFLAG=00000202
01237F3D	JZ       0x1237f6b                                        EAX=0127B7BF ECX=01080000 EDX=0127B73F EBX=00000080 ESP=002DF554 EBP=012391A3 ESI=00000000 EDI=006B0006 EFLAG=00000202
01237F43	PUSH     EAX                                              EAX=0127B7BF ECX=01080000 EDX=0127B73F EBX=00000080 ESP=002DF554 EBP=012391A3 ESI=00000000 EDI=006B0006 EFLAG=00000202
01237F44	PUSH     EDX                                              EAX=0127B7BF ECX=01080000 EDX=0127B73F EBX=00000080 ESP=002DF550 EBP=012391A3 ESI=00000000 EDI=006B0006 EFLAG=00000202
01237F45	PUSHA                                                     EAX=0127B7BF ECX=01080000 EDX=0127B73F EBX=00000080 ESP=002DF54C EBP=012391A3 ESI=00000000 EDI=006B0006 EFLAG=00000202
01237F46	POPA                                                      EAX=0127B7BF ECX=01080000 EDX=0127B73F EBX=00000080 ESP=002DF52C EBP=012391A3 ESI=00000000 EDI=006B0006 EFLAG=00000202
01237F47	JMP      0x1237f5f                                        EAX=0127B7BF ECX=01080000 EDX=0127B73F EBX=00000080 ESP=002DF54C EBP=012391A3 ESI=00000000 EDI=006B0006 EFLAG=00000202
01237F61	PUSHA                                                     EAX=00000000 ECX=01080000 EDX=00000000 EBX=00000080 ESP=002DF54C EBP=012391A3 ESI=00000000 EDI=006B0006 EFLAG=00000202
01237F62	POPA                                                      EAX=00000000 ECX=01080000 EDX=00000000 EBX=00000080 ESP=002DF52C EBP=012391A3 ESI=00000000 EDI=006B0006 EFLAG=00000202
01237F63	JBE      0x1237f69                                        EAX=00000000 ECX=01080000 EDX=00000000 EBX=00000080 ESP=002DF54C EBP=012391A3 ESI=00000000 EDI=006B0006 EFLAG=00000202
01237F69	POP      EDX                                              EAX=00000000 ECX=01080000 EDX=00000000 EBX=00000080 ESP=002DF54C EBP=012391A3 ESI=00000000 EDI=006B0006 EFLAG=00000202
01237F6A	POP      EAX                                              EAX=00000000 ECX=01080000 EDX=0127B73F EBX=00000080 ESP=002DF550 EBP=012391A3 ESI=00000000 EDI=006B0006 EFLAG=00000202
01237F6B	PUSH     EAX                                              EAX=0127B7BF ECX=01080000 EDX=0127B73F EBX=00000080 ESP=002DF554 EBP=012391A3 ESI=00000000 EDI=006B0006 EFLAG=00000202
01237F73	PUSH     EAX                                              EAX=0127B7BF ECX=01080000 EDX=0127B73F EBX=00000080 ESP=002DF550 EBP=012391A3 ESI=00000000 EDI=006B0006 EFLAG=00000202
01237F79	MOV      [ESP], ESI                                       EAX=0127B7BF ECX=01080000 EDX=0127B73F EBX=00000080 ESP=002DF54C EBP=012391A3 ESI=00000000 EDI=006B0006 EFLAG=00000212
01237F7C	MOV      ESI, ESP                                         EAX=0127B7BF ECX=01080000 EDX=0127B73F EBX=00000080 ESP=002DF54C EBP=012391A3 ESI=00000000 EDI=006B0006 EFLAG=00000212
01237F7E	PUSH     EDI                                              EAX=0127B7BF ECX=01080000 EDX=0127B73F EBX=00000080 ESP=002DF54C EBP=012391A3 ESI=002DF54C EDI=006B0006 EFLAG=00000212
01237F86	MOV      EDI, 0x21800914                                  EAX=0127B7BF ECX=01080000 EDX=0127B73F EBX=00000080 ESP=002DF548 EBP=012391A3 ESI=002DF54C EDI=006B0006 EFLAG=00000212
01237F91	SUB      EDI, 0x21800910                                  EAX=0127B7BF ECX=01080000 EDX=0127B73F EBX=00000080 ESP=002DF548 EBP=012391A3 ESI=002DF54C EDI=21800914 EFLAG=00000206
01237F97	ADD      ESI, EDI                                         EAX=0127B7BF ECX=01080000 EDX=0127B73F EBX=00000080 ESP=002DF548 EBP=012391A3 ESI=002DF54C EDI=00000004 EFLAG=00000202
01237F99	POP      EDI                                              EAX=0127B7BF ECX=01080000 EDX=0127B73F EBX=00000080 ESP=002DF548 EBP=012391A3 ESI=002DF550 EDI=00000004 EFLAG=00000216
01237F9A	PUSH     ESI                                              EAX=0127B7BF ECX=01080000 EDX=0127B73F EBX=00000080 ESP=002DF54C EBP=012391A3 ESI=002DF550 EDI=006B0006 EFLAG=00000216
01237FA2	MOV      [ESP], EAX                                       EAX=0127B7BF ECX=01080000 EDX=0127B73F EBX=00000080 ESP=002DF548 EBP=012391A3 ESI=002DF550 EDI=006B0006 EFLAG=00000216
01237FA5	PUSH     ESI                                              EAX=0127B7BF ECX=01080000 EDX=0127B73F EBX=00000080 ESP=002DF548 EBP=012391A3 ESI=002DF550 EDI=006B0006 EFLAG=00000216
01237FA6	MOV      ESI, 0xc578a1b                                   EAX=0127B7BF ECX=01080000 EDX=0127B73F EBX=00000080 ESP=002DF544 EBP=012391A3 ESI=002DF550 EDI=006B0006 EFLAG=00000216
01237FAD	PUSH     EBX                                              EAX=0127B7BF ECX=01080000 EDX=0127B73F EBX=00000080 ESP=002DF544 EBP=012391A3 ESI=0C578A1B EDI=006B0006 EFLAG=00000207
01237FAE	MOV      EBX, 0xc578a17                                   EAX=0127B7BF ECX=01080000 EDX=0127B73F EBX=00000080 ESP=002DF540 EBP=012391A3 ESI=0C578A1B EDI=006B0006 EFLAG=00000207
01237FB3	SUB      ESI, EBX                                         EAX=0127B7BF ECX=01080000 EDX=0127B73F EBX=0C578A17 ESP=002DF540 EBP=012391A3 ESI=0C578A1B EDI=006B0006 EFLAG=00000207
01237FB5	POP      EBX                                              EAX=0127B7BF ECX=01080000 EDX=0127B73F EBX=0C578A17 ESP=002DF540 EBP=012391A3 ESI=00000004 EDI=006B0006 EFLAG=00000202
01237FB6	MOV      EAX, ESI                                         EAX=0127B7BF ECX=01080000 EDX=0127B73F EBX=00000080 ESP=002DF544 EBP=012391A3 ESI=00000004 EDI=006B0006 EFLAG=00000202
01237FB8	POP      ESI                                              EAX=00000004 ECX=01080000 EDX=0127B73F EBX=00000080 ESP=002DF544 EBP=012391A3 ESI=00000004 EDI=006B0006 EFLAG=00000202
01237FC1	SUB      ESI, EAX                                         EAX=00000004 ECX=01080000 EDX=0127B73F EBX=00000080 ESP=002DF548 EBP=012391A3 ESI=002DF550 EDI=006B0006 EFLAG=00000206
01237FC3	MOV      EAX, [ESP]                                       EAX=00000004 ECX=01080000 EDX=0127B73F EBX=00000080 ESP=002DF548 EBP=012391A3 ESI=002DF54C EDI=006B0006 EFLAG=00000212
01237FC7	PUSH     ESI                                              EAX=0127B7BF ECX=01080000 EDX=0127B73F EBX=00000080 ESP=002DF548 EBP=012391A3 ESI=002DF54C EDI=006B0006 EFLAG=00000212
01237FC8	MOV      ESI, ESP                                         EAX=0127B7BF ECX=01080000 EDX=0127B73F EBX=00000080 ESP=002DF544 EBP=012391A3 ESI=002DF54C EDI=006B0006 EFLAG=00000212
01237FCA	ADD      ESI, 0x8                                         EAX=0127B7BF ECX=01080000 EDX=0127B73F EBX=00000080 ESP=002DF544 EBP=012391A3 ESI=002DF544 EDI=006B0006 EFLAG=00000212
01237FD6	XCHG     [ESP], ESI                                       EAX=0127B7BF ECX=01080000 EDX=0127B73F EBX=00000080 ESP=002DF544 EBP=012391A3 ESI=002DF54C EDI=006B0006 EFLAG=00000202
01237FD9	MOV      ESP, [ESP]                                       EAX=0127B7BF ECX=01080000 EDX=0127B73F EBX=00000080 ESP=002DF544 EBP=012391A3 ESI=002DF54C EDI=006B0006 EFLAG=00000202
01237FDC	XCHG     [ESP], ESI                                       EAX=0127B7BF ECX=01080000 EDX=0127B73F EBX=00000080 ESP=002DF54C EBP=012391A3 ESI=002DF54C EDI=006B0006 EFLAG=00000202
01237FE5	MOV      ESP, [ESP]                                       EAX=0127B7BF ECX=01080000 EDX=0127B73F EBX=00000080 ESP=002DF54C EBP=012391A3 ESI=00000000 EDI=006B0006 EFLAG=00000246
01237FE8	MOV      [ESP], ECX                                       EAX=0127B7BF ECX=01080000 EDX=0127B73F EBX=00000080 ESP=002DF54C EBP=012391A3 ESI=00000000 EDI=006B0006 EFLAG=00000246
01237FEB	PUSH     EDX                                              EAX=0127B7BF ECX=01080000 EDX=0127B73F EBX=00000080 ESP=002DF54C EBP=012391A3 ESI=00000000 EDI=006B0006 EFLAG=00000246
01237FF3	PUSH     ECX                                              EAX=0127B7BF ECX=01080000 EDX=0127B73F EBX=00000080 ESP=002DF548 EBP=012391A3 ESI=00000000 EDI=006B0006 EFLAG=00000246
01237FFB	MOV      [ESP], EBX                                       EAX=0127B7BF ECX=01080000 EDX=0127B73F EBX=00000080 ESP=002DF544 EBP=012391A3 ESI=00000000 EDI=006B0006 EFLAG=00000246
01237FFE	PUSH     EBP                                              EAX=0127B7BF ECX=01080000 EDX=0127B73F EBX=00000080 ESP=002DF544 EBP=012391A3 ESI=00000000 EDI=006B0006 EFLAG=00000246
01238009	MOV      [ESP], EBX                                       EAX=0127B7BF ECX=01080000 EDX=0127B73F EBX=00000080 ESP=002DF540 EBP=012391A3 ESI=00000000 EDI=006B0006 EFLAG=00000246
0123800C	PUSH     EDX                                              EAX=0127B7BF ECX=01080000 EDX=0127B73F EBX=00000080 ESP=002DF540 EBP=012391A3 ESI=00000000 EDI=006B0006 EFLAG=00000246
0123800D	MOV      EDX, ESP                                         EAX=0127B7BF ECX=01080000 EDX=0127B73F EBX=00000080 ESP=002DF53C EBP=012391A3 ESI=00000000 EDI=006B0006 EFLAG=00000246
0123800F	PUSH     EBX                                              EAX=0127B7BF ECX=01080000 EDX=002DF53C EBX=00000080 ESP=002DF53C EBP=012391A3 ESI=00000000 EDI=006B0006 EFLAG=00000246
01238010	MOV      EBX, 0x4                                         EAX=0127B7BF ECX=01080000 EDX=002DF53C EBX=00000080 ESP=002DF538 EBP=012391A3 ESI=00000000 EDI=006B0006 EFLAG=00000246
0123801B	ADD      EDX, EBX                                         EAX=0127B7BF ECX=01080000 EDX=4F5830A5 EBX=00000004 ESP=002DF538 EBP=012391A3 ESI=00000000 EDI=006B0006 EFLAG=00000216
01238023	POP      EBX                                              EAX=0127B7BF ECX=01080000 EDX=002DF540 EBX=00000004 ESP=002DF538 EBP=012391A3 ESI=00000000 EDI=006B0006 EFLAG=00000202
01238024	SUB      EDX, 0x4                                         EAX=0127B7BF ECX=01080000 EDX=002DF540 EBX=00000080 ESP=002DF53C EBP=012391A3 ESI=00000000 EDI=006B0006 EFLAG=00000202
0123802A	XCHG     [ESP], EDX                                       EAX=0127B7BF ECX=01080000 EDX=002DF53C EBX=00000080 ESP=002DF53C EBP=012391A3 ESI=00000000 EDI=006B0006 EFLAG=00000216
0123802D	POP      ESP                                              EAX=0127B7BF ECX=01080000 EDX=0127B73F EBX=00000080 ESP=002DF53C EBP=012391A3 ESI=00000000 EDI=006B0006 EFLAG=00000216
01238031	MOV      [ESP], EAX                                       EAX=0127B7BF ECX=01080000 EDX=0127B73F EBX=00000080 ESP=002DF53C EBP=012391A3 ESI=00000000 EDI=006B0006 EFLAG=00000216
01238034	PUSH     ESP                                              EAX=0127B7BF ECX=01080000 EDX=0127B73F EBX=00000080 ESP=002DF53C EBP=012391A3 ESI=00000000 EDI=006B0006 EFLAG=00000216
01238035	POP      EAX                                              EAX=0127B7BF ECX=01080000 EDX=0127B73F EBX=00000080 ESP=002DF538 EBP=012391A3 ESI=00000000 EDI=006B0006 EFLAG=00000216
0123803E	PUSH     EDX                                              EAX=002DF53C ECX=01080000 EDX=0127B73F EBX=00000080 ESP=002DF53C EBP=012391A3 ESI=00000000 EDI=006B0006 EFLAG=00000206
01238042	MOV      EDX, 0x4                                         EAX=002DF53C ECX=01080000 EDX=0127B73F EBX=00000080 ESP=002DF538 EBP=012391A3 ESI=00000000 EDI=006B0006 EFLAG=00000206
01238047	ADD      EAX, EDX                                         EAX=002DF53C ECX=01080000 EDX=00000004 EBX=00000080 ESP=002DF538 EBP=012391A3 ESI=00000000 EDI=006B0006 EFLAG=00000206
01238049	POP      EDX                                              EAX=002DF540 ECX=01080000 EDX=00000004 EBX=00000080 ESP=002DF538 EBP=012391A3 ESI=00000000 EDI=006B0006 EFLAG=00000212
0123804A	PUSH     EBX                                              EAX=002DF540 ECX=01080000 EDX=0127B73F EBX=00000080 ESP=002DF53C EBP=012391A3 ESI=00000000 EDI=006B0006 EFLAG=00000212
01238052	PUSH     ESI                                              EAX=002DF540 ECX=01080000 EDX=0127B73F EBX=00000080 ESP=002DF538 EBP=012391A3 ESI=00000000 EDI=006B0006 EFLAG=00000212
01238053	MOV      ESI, 0x4                                         EAX=002DF540 ECX=01080000 EDX=0127B73F EBX=00000080 ESP=002DF534 EBP=012391A3 ESI=00000000 EDI=006B0006 EFLAG=00000212
01238058	MOV      EBX, ESI                                         EAX=002DF540 ECX=01080000 EDX=0127B73F EBX=00000080 ESP=002DF534 EBP=012391A3 ESI=00000004 EDI=006B0006 EFLAG=00000212
0123805A	POP      ESI                                              EAX=002DF540 ECX=01080000 EDX=0127B73F EBX=00000004 ESP=002DF534 EBP=012391A3 ESI=00000004 EDI=006B0006 EFLAG=00000212
01238068	SUB      EAX, EBX                                         EAX=959E85D1 ECX=01080000 EDX=0127B73F EBX=00000004 ESP=002DF538 EBP=012391A3 ESI=00000000 EDI=006B0006 EFLAG=00000297
0123806F	POP      EBX                                              EAX=002DF53C ECX=01080000 EDX=0127B73F EBX=00000004 ESP=002DF538 EBP=012391A3 ESI=00000000 EDI=006B0006 EFLAG=00000217
01238078	XCHG     [ESP], EAX                                       EAX=002DF53C ECX=01080000 EDX=0127B73F EBX=00000080 ESP=002DF53C EBP=012391A3 ESI=00000000 EDI=006B0006 EFLAG=00000206
01238081	MOV      ESP, [ESP]                                       EAX=0127B7BF ECX=01080000 EDX=0127B73F EBX=00000080 ESP=002DF53C EBP=012391A3 ESI=00000000 EDI=006B0006 EFLAG=00000202
01238084	MOV      [ESP], EBP                                       EAX=0127B7BF ECX=01080000 EDX=0127B73F EBX=00000080 ESP=002DF53C EBP=012391A3 ESI=00000000 EDI=006B0006 EFLAG=00000202
01238087	PUSH     ESI                                              EAX=0127B7BF ECX=01080000 EDX=0127B73F EBX=00000080 ESP=002DF53C EBP=012391A3 ESI=00000000 EDI=006B0006 EFLAG=00000202
0123808F	PUSH     EDI                                              EAX=0127B7BF ECX=01080000 EDX=0127B73F EBX=00000080 ESP=002DF538 EBP=012391A3 ESI=00000000 EDI=006B0006 EFLAG=00000202
01238097	CALL     0x123809c                                        EAX=0127B7BF ECX=01080000 EDX=0127B73F EBX=00000080 ESP=002DF534 EBP=012391A3 ESI=00000000 EDI=006B0006 EFLAG=00000202
0123809C	PUSH     DWORD [ESP]                                      EAX=0127B7BF ECX=01080000 EDX=0127B73F EBX=00000080 ESP=002DF530 EBP=012391A3 ESI=00000000 EDI=006B0006 EFLAG=00000202
0123809F	POP      ECX                                              EAX=0127B7BF ECX=01080000 EDX=0127B73F EBX=00000080 ESP=002DF52C EBP=012391A3 ESI=00000000 EDI=006B0006 EFLAG=00000202
012380A5	PUSH     EBP                                              EAX=0127B7BF ECX=0123809C EDX=0127B73F EBX=00000080 ESP=002DF530 EBP=012391A3 ESI=00000000 EDI=006B0006 EFLAG=00000216
012380AE	MOV      EBP, ESP                                         EAX=0127B7BF ECX=0123809C EDX=0127B73F EBX=00000080 ESP=002DF52C EBP=012391A3 ESI=00000000 EDI=006B0006 EFLAG=00000212
012380B0	PUSH     ECX                                              EAX=0127B7BF ECX=0123809C EDX=0127B73F EBX=00000080 ESP=002DF52C EBP=002DF52C ESI=00000000 EDI=006B0006 EFLAG=00000212
012380B4	MOV      [ESP], EBX                                       EAX=0127B7BF ECX=0123809C EDX=0127B73F EBX=00000080 ESP=002DF528 EBP=002DF52C ESI=00000000 EDI=006B0006 EFLAG=00000212
012380B7	PUSH     EDI                                              EAX=0127B7BF ECX=0123809C EDX=0127B73F EBX=00000080 ESP=002DF528 EBP=002DF52C ESI=00000000 EDI=006B0006 EFLAG=00000212
012380B8	MOV      EDI, 0x14993c3e                                  EAX=0127B7BF ECX=0123809C EDX=0127B73F EBX=00000080 ESP=002DF524 EBP=002DF52C ESI=00000000 EDI=006B0006 EFLAG=00000212
012380BE	PUSH     EAX                                              EAX=0127B7BF ECX=0123809C EDX=0127B73F EBX=00000080 ESP=002DF524 EBP=002DF52C ESI=00000000 EDI=14993C3E EFLAG=00000212
012380BF	MOV      EAX, 0xdc3194bb                                  EAX=0127B7BF ECX=0123809C EDX=0127B73F EBX=00000080 ESP=002DF520 EBP=002DF52C ESI=00000000 EDI=14993C3E EFLAG=00000212
012380C6	PUSH     EDI                                              EAX=DC3194BB ECX=0123809C EDX=0127B73F EBX=00000080 ESP=002DF520 EBP=002DF52C ESI=00000000 EDI=14993C3E EFLAG=00000212
012380C7	MOV      EDI, 0x3867a77f                                  EAX=DC3194BB ECX=0123809C EDX=0127B73F EBX=00000080 ESP=002DF51C EBP=002DF52C ESI=00000000 EDI=14993C3E EFLAG=00000212
012380CC	PUSH     EBP                                              EAX=DC3194BB ECX=0123809C EDX=0127B73F EBX=00000080 ESP=002DF51C EBP=002DF52C ESI=00000000 EDI=3867A77F EFLAG=00000212
012380CD	MOV      EBP, 0x8983c035                                  EAX=DC3194BB ECX=0123809C EDX=0127B73F EBX=00000080 ESP=002DF518 EBP=002DF52C ESI=00000000 EDI=3867A77F EFLAG=00000212
012380D4	SHL      EBP, 0x7                                         EAX=DC3194BB ECX=0123809C EDX=0127B73F EBX=00000080 ESP=002DF518 EBP=8983C035 ESI=00000000 EDI=3867A77F EFLAG=00000297
012380D7	INC      EBP                                              EAX=DC3194BB ECX=0123809C EDX=0127B73F EBX=00000080 ESP=002DF518 EBP=C1E01A80 ESI=00000000 EDI=3867A77F EFLAG=00000A82
012380D8	XOR      EBP, 0xd997b3a                                   EAX=DC3194BB ECX=0123809C EDX=0127B73F EBX=00000080 ESP=002DF518 EBP=C1E01A81 ESI=00000000 EDI=3867A77F EFLAG=00000286
012380DE	SUB      EBP, 0xb56d38ba                                  EAX=DC3194BB ECX=0123809C EDX=0127B73F EBX=00000080 ESP=002DF518 EBP=CC7961BB ESI=00000000 EDI=3867A77F EFLAG=00000286
012380E4	ADD      EAX, EBP                                         EAX=DC3194BB ECX=0123809C EDX=0127B73F EBX=00000080 ESP=002DF518 EBP=170C2901 ESI=00000000 EDI=3867A77F EFLAG=00000202
012380E6	POP      EBP                                              EAX=F33DBDBC ECX=0123809C EDX=0127B73F EBX=00000080 ESP=002DF518 EBP=170C2901 ESI=00000000 EDI=3867A77F EFLAG=00000282
012380E7	ADD      EAX, EDI                                         EAX=F33DBDBC ECX=0123809C EDX=0127B73F EBX=00000080 ESP=002DF51C EBP=002DF52C ESI=00000000 EDI=3867A77F EFLAG=00000282
012380E9	PUSH     ECX                                              EAX=2BA5653B ECX=0123809C EDX=0127B73F EBX=00000080 ESP=002DF51C EBP=002DF52C ESI=00000000 EDI=3867A77F EFLAG=00000213
012380EA	MOV      ECX, 0xa9b5ac92                                  EAX=2BA5653B ECX=0123809C EDX=0127B73F EBX=00000080 ESP=002DF518 EBP=002DF52C ESI=00000000 EDI=3867A77F EFLAG=00000213
012380F1	INC      ECX                                              EAX=2BA5653B ECX=A9B5AC92 EDX=0127B73F EBX=00000080 ESP=002DF518 EBP=002DF52C ESI=00000000 EDI=3867A77F EFLAG=00000293
012380F2	NEG      ECX                                              EAX=2BA5653B ECX=A9B5AC93 EDX=0127B73F EBX=00000080 ESP=002DF518 EBP=002DF52C ESI=00000000 EDI=3867A77F EFLAG=00000287
012380F4	ADD      ECX, 0xc0c1d594                                  EAX=2BA5653B ECX=564A536D EDX=0127B73F EBX=00000080 ESP=002DF518 EBP=002DF52C ESI=00000000 EDI=3867A77F EFLAG=00000213
012380FA	SUB      EAX, ECX                                         EAX=2BA5653B ECX=170C2901 EDX=0127B73F EBX=00000080 ESP=002DF518 EBP=002DF52C ESI=00000000 EDI=3867A77F EFLAG=00000213
012380FC	POP      ECX                                              EAX=14993C3A ECX=170C2901 EDX=0127B73F EBX=00000080 ESP=002DF518 EBP=002DF52C ESI=00000000 EDI=3867A77F EFLAG=00000206
012380FD	POP      EDI                                              EAX=14993C3A ECX=0123809C EDX=0127B73F EBX=00000080 ESP=002DF51C EBP=002DF52C ESI=00000000 EDI=3867A77F EFLAG=00000206
012380FE	XOR      EDI, EAX                                         EAX=14993C3A ECX=0123809C EDX=0127B73F EBX=00000080 ESP=002DF520 EBP=002DF52C ESI=00000000 EDI=14993C3E EFLAG=00000206
01238100	POP      EAX                                              EAX=14993C3A ECX=0123809C EDX=0127B73F EBX=00000080 ESP=002DF520 EBP=002DF52C ESI=00000000 EDI=00000004 EFLAG=00000202
01238101	MOV      EBX, EDI                                         EAX=0127B7BF ECX=0123809C EDX=0127B73F EBX=00000080 ESP=002DF524 EBP=002DF52C ESI=00000000 EDI=00000004 EFLAG=00000202
01238103	POP      EDI                                              EAX=0127B7BF ECX=0123809C EDX=0127B73F EBX=00000004 ESP=002DF524 EBP=002DF52C ESI=00000000 EDI=00000004 EFLAG=00000202
01238104	ADD      EBP, EBX                                         EAX=0127B7BF ECX=0123809C EDX=0127B73F EBX=00000004 ESP=002DF528 EBP=002DF52C ESI=00000000 EDI=006B0006 EFLAG=00000202
01238106	POP      EBX                                              EAX=0127B7BF ECX=0123809C EDX=0127B73F EBX=00000004 ESP=002DF528 EBP=002DF530 ESI=00000000 EDI=006B0006 EFLAG=00000216
0123810F	ADD      EBP, 0x4                                         EAX=0127B7BF ECX=0123809C EDX=0127B73F EBX=00000080 ESP=002DF52C EBP=002DF530 ESI=00000000 EDI=006B0006 EFLAG=00000202
01238112	PUSH     EBP                                              EAX=0127B7BF ECX=0123809C EDX=0127B73F EBX=00000080 ESP=002DF52C EBP=002DF534 ESI=00000000 EDI=006B0006 EFLAG=00000202
01238113	PUSH     DWORD [ESP+0x4]                                  EAX=0127B7BF ECX=0123809C EDX=0127B73F EBX=00000080 ESP=002DF528 EBP=002DF534 ESI=00000000 EDI=006B0006 EFLAG=00000202
01238117	POP      EBP                                              EAX=0127B7BF ECX=0123809C EDX=0127B73F EBX=00000080 ESP=002DF524 EBP=002DF534 ESI=00000000 EDI=006B0006 EFLAG=00000202
01238120	POP      DWORD [ESP]                                      EAX=0127B7BF ECX=0123809C EDX=0127B73F EBX=00000080 ESP=002DF528 EBP=012391A3 ESI=00000000 EDI=006B0006 EFLAG=00000206
01238123	MOV      ESP, [ESP]                                       EAX=0127B7BF ECX=0123809C EDX=0127B73F EBX=00000080 ESP=002DF52C EBP=012391A3 ESI=00000000 EDI=006B0006 EFLAG=00000206
01238126	PUSH     EBX                                              EAX=0127B7BF ECX=0123809C EDX=0127B73F EBX=00000080 ESP=002DF534 EBP=012391A3 ESI=00000000 EDI=006B0006 EFLAG=00000206
0123812A	PUSH     EBP                                              EAX=0127B7BF ECX=0123809C EDX=0127B73F EBX=00000080 ESP=002DF530 EBP=012391A3 ESI=00000000 EDI=006B0006 EFLAG=00000206
0123812E	PUSH     EDI                                              EAX=0127B7BF ECX=0123809C EDX=0127B73F EBX=00000080 ESP=002DF52C EBP=012391A3 ESI=00000000 EDI=006B0006 EFLAG=00000206
0123812F	MOV      EDI, 0x2cd9448d                                  EAX=0127B7BF ECX=0123809C EDX=0127B73F EBX=00000080 ESP=002DF528 EBP=012391A3 ESI=00000000 EDI=006B0006 EFLAG=00000206
01238135	DEC      EDI                                              EAX=0127B7BF ECX=0123809C EDX=0127B73F EBX=00000080 ESP=002DF528 EBP=012391A3 ESI=00000000 EDI=2CD9448D EFLAG=00000206
01238136	NOT      EDI                                              EAX=0127B7BF ECX=0123809C EDX=0127B73F EBX=00000080 ESP=002DF528 EBP=012391A3 ESI=00000000 EDI=2CD9448C EFLAG=00000202
01238138	PUSH     EBP                                              EAX=0127B7BF ECX=0123809C EDX=0127B73F EBX=00000080 ESP=002DF528 EBP=012391A3 ESI=00000000 EDI=D326BB73 EFLAG=00000202
01238139	MOV      EBP, 0x1                                         EAX=0127B7BF ECX=0123809C EDX=0127B73F EBX=00000080 ESP=002DF524 EBP=012391A3 ESI=00000000 EDI=D326BB73 EFLAG=00000202
0123813F	SUB      EDI, EBP                                         EAX=0127B7BF ECX=0123809C EDX=0127B73F EBX=00000080 ESP=002DF524 EBP=00000001 ESI=00000000 EDI=D326BB73 EFLAG=00000202
01238141	POP      EBP                                              EAX=0127B7BF ECX=0123809C EDX=0127B73F EBX=00000080 ESP=002DF524 EBP=00000001 ESI=00000000 EDI=D326BB72 EFLAG=00000286
01238142	PUSH     ESI                                              EAX=0127B7BF ECX=0123809C EDX=0127B73F EBX=00000080 ESP=002DF528 EBP=012391A3 ESI=00000000 EDI=D326BB72 EFLAG=00000286
01238148	MOV      ESI, 0xaa278fb7                                  EAX=0127B7BF ECX=0123809C EDX=0127B73F EBX=00000080 ESP=002DF524 EBP=012391A3 ESI=00000000 EDI=D326BB72 EFLAG=00000206
0123814D	ADD      EDI, ESI                                         EAX=0127B7BF ECX=0123809C EDX=0127B73F EBX=00000080 ESP=002DF524 EBP=012391A3 ESI=AA278FB7 EDI=D326BB72 EFLAG=00000206
0123814F	POP      ESI                                              EAX=0127B7BF ECX=0123809C EDX=0127B73F EBX=00000080 ESP=002DF524 EBP=012391A3 ESI=AA278FB7 EDI=7D4E4B29 EFLAG=00000A03
01238150	MOV      EBP, EDI                                         EAX=0127B7BF ECX=0123809C EDX=0127B73F EBX=00000080 ESP=002DF528 EBP=012391A3 ESI=00000000 EDI=7D4E4B29 EFLAG=00000A03
01238152	POP      EDI                                              EAX=0127B7BF ECX=0123809C EDX=0127B73F EBX=00000080 ESP=002DF528 EBP=7D4E4B29 ESI=00000000 EDI=7D4E4B29 EFLAG=00000A03
01238153	PUSH     ECX                                              EAX=0127B7BF ECX=0123809C EDX=0127B73F EBX=00000080 ESP=002DF52C EBP=7D4E4B29 ESI=00000000 EDI=006B0006 EFLAG=00000A03
01238154	MOV      ECX, 0x7d4e4a76                                  EAX=0127B7BF ECX=0123809C EDX=0127B73F EBX=00000080 ESP=002DF528 EBP=7D4E4B29 ESI=00000000 EDI=006B0006 EFLAG=00000A03
01238159	XOR      EBP, ECX                                         EAX=0127B7BF ECX=7D4E4A76 EDX=0127B73F EBX=00000080 ESP=002DF528 EBP=7D4E4B29 ESI=00000000 EDI=006B0006 EFLAG=00000A03
0123815B	POP      ECX                                              EAX=0127B7BF ECX=7D4E4A76 EDX=0127B73F EBX=00000080 ESP=002DF528 EBP=0000015F ESI=00000000 EDI=006B0006 EFLAG=00000206
0123815C	PUSH     EBP                                              EAX=0127B7BF ECX=0123809C EDX=0127B73F EBX=00000080 ESP=002DF52C EBP=0000015F ESI=00000000 EDI=006B0006 EFLAG=00000206
0123815D	MOV      EBX, [ESP]                                       EAX=0127B7BF ECX=0123809C EDX=0127B73F EBX=00000080 ESP=002DF528 EBP=0000015F ESI=00000000 EDI=006B0006 EFLAG=00000206
01238160	PUSH     ECX                                              EAX=0127B7BF ECX=0123809C EDX=0127B73F EBX=0000015F ESP=002DF528 EBP=0000015F ESI=00000000 EDI=006B0006 EFLAG=00000206
01238161	MOV      ECX, ESP                                         EAX=0127B7BF ECX=0123809C EDX=0127B73F EBX=0000015F ESP=002DF524 EBP=0000015F ESI=00000000 EDI=006B0006 EFLAG=00000206
01238163	ADD      ECX, 0x8                                         EAX=0127B7BF ECX=002DF524 EDX=0127B73F EBX=0000015F ESP=002DF524 EBP=0000015F ESI=00000000 EDI=006B0006 EFLAG=00000206
0123816C	XCHG     [ESP], ECX                                       EAX=0127B7BF ECX=002DF52C EDX=0127B73F EBX=0000015F ESP=002DF524 EBP=0000015F ESI=00000000 EDI=006B0006 EFLAG=00000202
0123816F	POP      ESP                                              EAX=0127B7BF ECX=0123809C EDX=0127B73F EBX=0000015F ESP=002DF524 EBP=0000015F ESI=00000000 EDI=006B0006 EFLAG=00000202
01238170	POP      EBP                                              EAX=0127B7BF ECX=0123809C EDX=0127B73F EBX=0000015F ESP=002DF52C EBP=0000015F ESI=00000000 EDI=006B0006 EFLAG=00000202
01238171	PUSH     ESI                                              EAX=0127B7BF ECX=0123809C EDX=0127B73F EBX=0000015F ESP=002DF530 EBP=012391A3 ESI=00000000 EDI=006B0006 EFLAG=00000202
01238172	MOV      ESI, 0x54c14b83                                  EAX=0127B7BF ECX=0123809C EDX=0127B73F EBX=0000015F ESP=002DF52C EBP=012391A3 ESI=00000000 EDI=006B0006 EFLAG=00000202
0123817E	ADD      ECX, ESI                                         EAX=0127B7BF ECX=42EBC98A EDX=0127B73F EBX=0000015F ESP=002DF52C EBP=012391A3 ESI=54C14B83 EDI=006B0006 EFLAG=00000212
01238186	POP      ESI                                              EAX=0127B7BF ECX=55E4CC1F EDX=0127B73F EBX=0000015F ESP=002DF52C EBP=012391A3 ESI=54C14B83 EDI=006B0006 EFLAG=00000A12
01238187	SUB      ECX, EBX                                         EAX=0127B7BF ECX=55E4CC1F EDX=0127B73F EBX=0000015F ESP=002DF530 EBP=012391A3 ESI=00000000 EDI=006B0006 EFLAG=00000A12
01238189	SUB      ECX, 0x54c14b83                                  EAX=0127B7BF ECX=55E4CAC0 EDX=0127B73F EBX=0000015F ESP=002DF530 EBP=012391A3 ESI=00000000 EDI=006B0006 EFLAG=00000206
0123818F	POP      EBX                                              EAX=0127B7BF ECX=01237F3D EDX=0127B73F EBX=0000015F ESP=002DF530 EBP=012391A3 ESI=00000000 EDI=006B0006 EFLAG=00000212
01238198	PUSH     EBX                                              EAX=0127B7BF ECX=01237F3D EDX=0127B73F EBX=00000080 ESP=002DF534 EBP=012391A3 ESI=00000000 EDI=006B0006 EFLAG=00000202
012381A1	MOV      [ESP], EDI                                       EAX=0127B7BF ECX=01237F3D EDX=0127B73F EBX=00000080 ESP=002DF530 EBP=012391A3 ESI=00000000 EDI=006B0006 EFLAG=00000206
012381A4	PUSH     EDI                                              EAX=0127B7BF ECX=01237F3D EDX=0127B73F EBX=00000080 ESP=002DF530 EBP=012391A3 ESI=00000000 EDI=006B0006 EFLAG=00000206
012381AC	MOV      [ESP], ESI                                       EAX=0127B7BF ECX=01237F3D EDX=0127B73F EBX=00000080 ESP=002DF52C EBP=012391A3 ESI=00000000 EDI=006B0006 EFLAG=00000206
012381AF	MOV      ESI, 0x1b7f3d                                    EAX=0127B7BF ECX=01237F3D EDX=0127B73F EBX=00000080 ESP=002DF52C EBP=012391A3 ESI=00000000 EDI=006B0006 EFLAG=00000206
012381B5	PUSH     ESI                                              EAX=0127B7BF ECX=01237F3D EDX=0127B73F EBX=00000080 ESP=002DF52C EBP=012391A3 ESI=001B7F3D EDI=006B0006 EFLAG=00000206
012381B6	MOV      EDI, [ESP]                                       EAX=0127B7BF ECX=01237F3D EDX=0127B73F EBX=00000080 ESP=002DF528 EBP=012391A3 ESI=001B7F3D EDI=006B0006 EFLAG=00000206
012381BA	ADD      ESP, 0x4                                         EAX=0127B7BF ECX=01237F3D EDX=0127B73F EBX=00000080 ESP=002DF528 EBP=012391A3 ESI=001B7F3D EDI=001B7F3D EFLAG=00000206
012381BD	MOV      ESI, [ESP]                                       EAX=0127B7BF ECX=01237F3D EDX=0127B73F EBX=00000080 ESP=002DF52C EBP=012391A3 ESI=001B7F3D EDI=001B7F3D EFLAG=00000202
012381C1	PUSH     EBP                                              EAX=0127B7BF ECX=01237F3D EDX=0127B73F EBX=00000080 ESP=002DF52C EBP=012391A3 ESI=00000000 EDI=001B7F3D EFLAG=00000202
012381C2	MOV      EBP, ESP                                         EAX=0127B7BF ECX=01237F3D EDX=0127B73F EBX=00000080 ESP=002DF528 EBP=012391A3 ESI=00000000 EDI=001B7F3D EFLAG=00000202
012381C4	PUSH     ESI                                              EAX=0127B7BF ECX=01237F3D EDX=0127B73F EBX=00000080 ESP=002DF528 EBP=002DF528 ESI=00000000 EDI=001B7F3D EFLAG=00000202
012381C5	MOV      ESI, 0xdd5ec200                                  EAX=0127B7BF ECX=01237F3D EDX=0127B73F EBX=00000080 ESP=002DF524 EBP=002DF528 ESI=00000000 EDI=001B7F3D EFLAG=00000202
012381CD	SUB      ESI, 0xdd5ec1fc                                  EAX=0127B7BF ECX=01237F3D EDX=0127B73F EBX=00000080 ESP=002DF524 EBP=002DF528 ESI=DD5EC200 EDI=001B7F3D EFLAG=00000A86
012381D9	ADD      EBP, ESI                                         EAX=0127B7BF ECX=01237F3D EDX=0127B73F EBX=00000080 ESP=002DF524 EBP=002DF528 ESI=00000004 EDI=001B7F3D EFLAG=00000202
012381DB	POP      ESI                                              EAX=0127B7BF ECX=01237F3D EDX=0127B73F EBX=00000080 ESP=002DF524 EBP=002DF52C ESI=00000004 EDI=001B7F3D EFLAG=00000202
012381DC	PUSH     EDI                                              EAX=0127B7BF ECX=01237F3D EDX=0127B73F EBX=00000080 ESP=002DF528 EBP=002DF52C ESI=00000000 EDI=001B7F3D EFLAG=00000202
012381DD	PUSH     EAX                                              EAX=0127B7BF ECX=01237F3D EDX=0127B73F EBX=00000080 ESP=002DF524 EBP=002DF52C ESI=00000000 EDI=001B7F3D EFLAG=00000202
012381DE	MOV      EAX, 0x4                                         EAX=0127B7BF ECX=01237F3D EDX=0127B73F EBX=00000080 ESP=002DF520 EBP=002DF52C ESI=00000000 EDI=001B7F3D EFLAG=00000202
012381E8	MOV      EDI, EAX                                         EAX=00000004 ECX=01237F3D EDX=0127B73F EBX=00000080 ESP=002DF520 EBP=002DF52C ESI=00000000 EDI=001B7F3D EFLAG=00000202
012381EE	POP      EAX                                              EAX=00000004 ECX=01237F3D EDX=0127B73F EBX=00000080 ESP=002DF520 EBP=002DF52C ESI=00000000 EDI=00000004 EFLAG=00000202
012381EF	ADD      EBP, EDI                                         EAX=0127B7BF ECX=01237F3D EDX=0127B73F EBX=00000080 ESP=002DF524 EBP=002DF52C ESI=00000000 EDI=00000004 EFLAG=00000202
012381F1	POP      EDI                                              EAX=0127B7BF ECX=01237F3D EDX=0127B73F EBX=00000080 ESP=002DF524 EBP=002DF530 ESI=00000000 EDI=00000004 EFLAG=00000216
012381F7	XCHG     [ESP], EBP                                       EAX=0127B7BF ECX=01237F3D EDX=0127B73F EBX=00000080 ESP=002DF528 EBP=002DF530 ESI=00000000 EDI=001B7F3D EFLAG=00000206
012381FA	POP      ESP                                              EAX=0127B7BF ECX=01237F3D EDX=0127B73F EBX=00000080 ESP=002DF528 EBP=012391A3 ESI=00000000 EDI=001B7F3D EFLAG=00000206
01238201	SUB      ECX, EDI                                         EAX=0127B7BF ECX=5D20C695 EDX=0127B73F EBX=00000080 ESP=002DF530 EBP=012391A3 ESI=00000000 EDI=001B7F3D EFLAG=00000216
01238209	POP      EDI                                              EAX=0127B7BF ECX=01080000 EDX=0127B73F EBX=00000080 ESP=002DF530 EBP=012391A3 ESI=00000000 EDI=001B7F3D EFLAG=00000206
0123820A	PUSH     DWORD 0x14b68                                    EAX=0127B7BF ECX=01080000 EDX=0127B73F EBX=00000080 ESP=002DF534 EBP=012391A3 ESI=00000000 EDI=006B0006 EFLAG=00000206
0123820F	PUSH     DWORD [ESP]                                      EAX=0127B7BF ECX=01080000 EDX=0127B73F EBX=00000080 ESP=002DF530 EBP=012391A3 ESI=00000000 EDI=006B0006 EFLAG=00000206
01238212	MOV      EBP, [ESP]                                       EAX=0127B7BF ECX=01080000 EDX=0127B73F EBX=00000080 ESP=002DF52C EBP=012391A3 ESI=00000000 EDI=006B0006 EFLAG=00000206
01238216	PUSH     EAX                                              EAX=0127B7BF ECX=01080000 EDX=0127B73F EBX=00000080 ESP=002DF52C EBP=00014B68 ESI=00000000 EDI=006B0006 EFLAG=00000206
0123821C	MOV      [ESP], EDX                                       EAX=0127B7BF ECX=01080000 EDX=0127B73F EBX=00000080 ESP=002DF528 EBP=00014B68 ESI=00000000 EDI=006B0006 EFLAG=00000206
0123821F	MOV      EDX, ESP                                         EAX=0127B7BF ECX=01080000 EDX=0127B73F EBX=00000080 ESP=002DF528 EBP=00014B68 ESI=00000000 EDI=006B0006 EFLAG=00000206
01238221	ADD      EDX, 0x8                                         EAX=0127B7BF ECX=01080000 EDX=002DF528 EBX=00000080 ESP=002DF528 EBP=00014B68 ESI=00000000 EDI=006B0006 EFLAG=00000206
0123822A	XCHG     [ESP], EDX                                       EAX=0127B7BF ECX=01080000 EDX=002DF530 EBX=00000080 ESP=002DF528 EBP=00014B68 ESI=00000000 EDI=006B0006 EFLAG=00000216
0123822D	MOV      ESP, [ESP]                                       EAX=0127B7BF ECX=01080000 EDX=0127B73F EBX=00000080 ESP=002DF528 EBP=00014B68 ESI=00000000 EDI=006B0006 EFLAG=00000216
01238230	PUSH     ESI                                              EAX=0127B7BF ECX=01080000 EDX=0127B73F EBX=00000080 ESP=002DF530 EBP=00014B68 ESI=00000000 EDI=006B0006 EFLAG=00000216
01238238	MOV      ESI, ESP                                         EAX=0127B7BF ECX=01080000 EDX=0127B73F EBX=00000080 ESP=002DF52C EBP=00014B68 ESI=00000000 EDI=006B0006 EFLAG=00000216
0123823A	PUSH     EBX                                              EAX=0127B7BF ECX=01080000 EDX=0127B73F EBX=00000080 ESP=002DF52C EBP=00014B68 ESI=002DF52C EDI=006B0006 EFLAG=00000216
0123823B	MOV      EBX, 0x4                                         EAX=0127B7BF ECX=01080000 EDX=0127B73F EBX=00000080 ESP=002DF528 EBP=00014B68 ESI=002DF52C EDI=006B0006 EFLAG=00000216
01238244	SUB      ESI, 0x36d016e                                   EAX=0127B7BF ECX=01080000 EDX=0127B73F EBX=00000004 ESP=002DF528 EBP=00014B68 ESI=002DF52C EDI=006B0006 EFLAG=00000216
0123824A	PUSH     ECX                                              EAX=0127B7BF ECX=01080000 EDX=0127B73F EBX=00000004 ESP=002DF528 EBP=00014B68 ESI=FCC0F3BE EDI=006B0006 EFLAG=00000297
0123824B	MOV      ECX, 0x49494a1f                                  EAX=0127B7BF ECX=01080000 EDX=0127B73F EBX=00000004 ESP=002DF524 EBP=00014B68 ESI=FCC0F3BE EDI=006B0006 EFLAG=00000297
01238251	XOR      ECX, 0xbfc03aa                                   EAX=0127B7BF ECX=49494A1F EDX=0127B73F EBX=00000004 ESP=002DF524 EBP=00014B68 ESI=FCC0F3BE EDI=006B0006 EFLAG=00000203
01238257	XOR      ECX, 0x58a35019                                  EAX=0127B7BF ECX=42B549B5 EDX=0127B73F EBX=00000004 ESP=002DF524 EBP=00014B68 ESI=FCC0F3BE EDI=006B0006 EFLAG=00000202
0123825D	SUB      ESI, ECX                                         EAX=0127B7BF ECX=1A1619AC EDX=0127B73F EBX=00000004 ESP=002DF524 EBP=00014B68 ESI=FCC0F3BE EDI=006B0006 EFLAG=00000206
0123825F	POP      ECX                                              EAX=0127B7BF ECX=1A1619AC EDX=0127B73F EBX=00000004 ESP=002DF524 EBP=00014B68 ESI=E2AADA12 EDI=006B0006 EFLAG=00000286
01238266	ADD      ESI, EBX                                         EAX=0127B7BF ECX=01080000 EDX=0127B73F EBX=00000004 ESP=002DF528 EBP=00014B68 ESI=477B0843 EDI=006B0006 EFLAG=00000203
0123826E	ADD      ESI, 0x1d831b1a                                  EAX=0127B7BF ECX=01080000 EDX=0127B73F EBX=00000004 ESP=002DF528 EBP=00014B68 ESI=E2AADA16 EDI=006B0006 EFLAG=00000283
0123827A	POP      EBX                                              EAX=0127B7BF ECX=01080000 EDX=0127B73F EBX=00000004 ESP=002DF528 EBP=00014B68 ESI=002DF530 EDI=006B0006 EFLAG=00000217
0123827B	PUSH     ECX                                              EAX=0127B7BF ECX=01080000 EDX=0127B73F EBX=00000080 ESP=002DF52C EBP=00014B68 ESI=002DF530 EDI=006B0006 EFLAG=00000217
0123827C	MOV      ECX, 0x4                                         EAX=0127B7BF ECX=01080000 EDX=0127B73F EBX=00000080 ESP=002DF528 EBP=00014B68 ESI=002DF530 EDI=006B0006 EFLAG=00000217
01238282	ADD      ESI, ECX                                         EAX=0127B7BF ECX=00000004 EDX=0127B73F EBX=00000080 ESP=002DF528 EBP=00014B68 ESI=002DF530 EDI=006B0006 EFLAG=00000217
01238284	POP      ECX                                              EAX=0127B7BF ECX=00000004 EDX=0127B73F EBX=00000080 ESP=002DF528 EBP=00014B68 ESI=002DF534 EDI=006B0006 EFLAG=00000202
01238285	XCHG     [ESP], ESI                                       EAX=0127B7BF ECX=01080000 EDX=0127B73F EBX=00000080 ESP=002DF52C EBP=00014B68 ESI=002DF534 EDI=006B0006 EFLAG=00000202
01238288	MOV      ESP, [ESP]                                       EAX=0127B7BF ECX=01080000 EDX=0127B73F EBX=00000080 ESP=002DF52C EBP=00014B68 ESI=00000000 EDI=006B0006 EFLAG=00000202
0123828B	PUSH     EAX                                              EAX=0127B7BF ECX=01080000 EDX=0127B73F EBX=00000080 ESP=002DF534 EBP=00014B68 ESI=00000000 EDI=006B0006 EFLAG=00000202
01238293	MOV      EAX, 0x22502b48                                  EAX=0127B7BF ECX=01080000 EDX=0127B73F EBX=00000080 ESP=002DF530 EBP=00014B68 ESI=00000000 EDI=006B0006 EFLAG=00000202
01238299	PUSH     ECX                                              EAX=22502B48 ECX=01080000 EDX=0127B73F EBX=00000080 ESP=002DF530 EBP=00014B68 ESI=00000000 EDI=006B0006 EFLAG=00000206
0123829A	MOV      ECX, 0x51166a56                                  EAX=22502B48 ECX=01080000 EDX=0127B73F EBX=00000080 ESP=002DF52C EBP=00014B68 ESI=00000000 EDI=006B0006 EFLAG=00000206
0123829F	OR       EAX, ECX                                         EAX=22502B48 ECX=51166A56 EDX=0127B73F EBX=00000080 ESP=002DF52C EBP=00014B68 ESI=00000000 EDI=006B0006 EFLAG=00000206
012382A1	POP      ECX                                              EAX=73566B5E ECX=51166A56 EDX=0127B73F EBX=00000080 ESP=002DF52C EBP=00014B68 ESI=00000000 EDI=006B0006 EFLAG=00000202
012382A2	SHR      EAX, 0x8                                         EAX=73566B5E ECX=01080000 EDX=0127B73F EBX=00000080 ESP=002DF530 EBP=00014B68 ESI=00000000 EDI=006B0006 EFLAG=00000202
012382A5	PUSH     EBP                                              EAX=0073566B ECX=01080000 EDX=0127B73F EBX=00000080 ESP=002DF530 EBP=00014B68 ESI=00000000 EDI=006B0006 EFLAG=00000202
012382A6	PUSH     EBX                                              EAX=0073566B ECX=01080000 EDX=0127B73F EBX=00000080 ESP=002DF52C EBP=00014B68 ESI=00000000 EDI=006B0006 EFLAG=00000202
012382AE	MOV      [ESP], EAX                                       EAX=0073566B ECX=01080000 EDX=0127B73F EBX=00000080 ESP=002DF528 EBP=00014B68 ESI=00000000 EDI=006B0006 EFLAG=00000202
012382B1	PUSH     EDI                                              EAX=0073566B ECX=01080000 EDX=0127B73F EBX=00000080 ESP=002DF528 EBP=00014B68 ESI=00000000 EDI=006B0006 EFLAG=00000202
012382B2	MOV      EDI, 0xeb23dabd                                  EAX=0073566B ECX=01080000 EDX=0127B73F EBX=00000080 ESP=002DF524 EBP=00014B68 ESI=00000000 EDI=006B0006 EFLAG=00000202
012382B9	ADD      EDI, 0x50d15f9e                                  EAX=0073566B ECX=01080000 EDX=0127B73F EBX=00000080 ESP=002DF524 EBP=00014B68 ESI=00000000 EDI=EB23DABD EFLAG=00000202
012382BF	SHR      EDI, 0x4                                         EAX=0073566B ECX=01080000 EDX=0127B73F EBX=00000080 ESP=002DF524 EBP=00014B68 ESI=00000000 EDI=3BF53A5B EFLAG=00000213
012382C2	ADD      EDI, 0x31ba7cb6                                  EAX=0073566B ECX=01080000 EDX=0127B73F EBX=00000080 ESP=002DF524 EBP=00014B68 ESI=00000000 EDI=03BF53A5 EFLAG=00000207
012382C8	XOR      EDI, 0x1d444e1a                                  EAX=0073566B ECX=01080000 EDX=0127B73F EBX=00000080 ESP=002DF524 EBP=00014B68 ESI=00000000 EDI=3579D05B EFLAG=00000202
012382CE	SUB      EDI, 0x94cf4b28                                  EAX=0073566B ECX=01080000 EDX=0127B73F EBX=00000080 ESP=002DF524 EBP=00014B68 ESI=00000000 EDI=283D9E41 EFLAG=00000206
012382D4	MOV      EAX, EDI                                         EAX=0073566B ECX=01080000 EDX=0127B73F EBX=00000080 ESP=002DF524 EBP=00014B68 ESI=00000000 EDI=936E5319 EFLAG=00000A93
012382D6	POP      EDI                                              EAX=936E5319 ECX=01080000 EDX=0127B73F EBX=00000080 ESP=002DF524 EBP=00014B68 ESI=00000000 EDI=936E5319 EFLAG=00000A93
012382D7	PUSH     EAX                                              EAX=936E5319 ECX=01080000 EDX=0127B73F EBX=00000080 ESP=002DF528 EBP=00014B68 ESI=00000000 EDI=006B0006 EFLAG=00000A93
012382DB	XOR      DWORD [ESP], 0x37b85682                          EAX=936E5319 ECX=01080000 EDX=0127B73F EBX=00000080 ESP=002DF524 EBP=00014B68 ESI=00000000 EDI=006B0006 EFLAG=00000A93
012382E2	POP      EBP                                              EAX=936E5319 ECX=01080000 EDX=0127B73F EBX=00000080 ESP=002DF524 EBP=00014B68 ESI=00000000 EDI=006B0006 EFLAG=00000282
012382E3	PUSH     EDI                                              EAX=936E5319 ECX=01080000 EDX=0127B73F EBX=00000080 ESP=002DF528 EBP=A4D6059B ESI=00000000 EDI=006B0006 EFLAG=00000282
012382EC	MOV      EDI, 0x37b85682                                  EAX=936E5319 ECX=01080000 EDX=0127B73F EBX=00000080 ESP=002DF524 EBP=A4D6059B ESI=00000000 EDI=006B0006 EFLAG=00000206
012382F1	XOR      EBP, EDI                                         EAX=936E5319 ECX=01080000 EDX=0127B73F EBX=00000080 ESP=002DF524 EBP=A4D6059B ESI=00000000 EDI=37B85682 EFLAG=00000206
012382F3	POP      EDI                                              EAX=936E5319 ECX=01080000 EDX=0127B73F EBX=00000080 ESP=002DF524 EBP=936E5319 ESI=00000000 EDI=37B85682 EFLAG=00000282
012382F4	POP      EAX                                              EAX=936E5319 ECX=01080000 EDX=0127B73F EBX=00000080 ESP=002DF528 EBP=936E5319 ESI=00000000 EDI=006B0006 EFLAG=00000282
012382F5	SUB      EAX, EBP                                         EAX=0073566B ECX=01080000 EDX=0127B73F EBX=00000080 ESP=002DF52C EBP=936E5319 ESI=00000000 EDI=006B0006 EFLAG=00000282
012382F7	POP      EBP                                              EAX=6D050352 ECX=01080000 EDX=0127B73F EBX=00000080 ESP=002DF52C EBP=936E5319 ESI=00000000 EDI=006B0006 EFLAG=00000203
012382F8	SUB      EBP, EAX                                         EAX=6D050352 ECX=01080000 EDX=0127B73F EBX=00000080 ESP=002DF530 EBP=00014B68 ESI=00000000 EDI=006B0006 EFLAG=00000203
012382FA	POP      EAX                                              EAX=6D050352 ECX=01080000 EDX=0127B73F EBX=00000080 ESP=002DF530 EBP=92FC4816 ESI=00000000 EDI=006B0006 EFLAG=00000283
012382FB	ADD      EBP, ECX                                         EAX=0127B7BF ECX=01080000 EDX=0127B73F EBX=00000080 ESP=002DF534 EBP=92FC4816 ESI=00000000 EDI=006B0006 EFLAG=00000283
012382FD	PUSH     EAX                                              EAX=0127B7BF ECX=01080000 EDX=0127B73F EBX=00000080 ESP=002DF534 EBP=94044816 ESI=00000000 EDI=006B0006 EFLAG=00000282
012382FE	PUSH     EBX                                              EAX=0127B7BF ECX=01080000 EDX=0127B73F EBX=00000080 ESP=002DF530 EBP=94044816 ESI=00000000 EDI=006B0006 EFLAG=00000282
01238304	MOV      [ESP], ECX                                       EAX=0127B7BF ECX=01080000 EDX=0127B73F EBX=00000080 ESP=002DF52C EBP=94044816 ESI=00000000 EDI=006B0006 EFLAG=00000212
01238307	MOV      ECX, 0x6d050352                                  EAX=0127B7BF ECX=01080000 EDX=0127B73F EBX=00000080 ESP=002DF52C EBP=94044816 ESI=00000000 EDI=006B0006 EFLAG=00000212
0123830C	MOV      EAX, ECX                                         EAX=0127B7BF ECX=6D050352 EDX=0127B73F EBX=00000080 ESP=002DF52C EBP=94044816 ESI=00000000 EDI=006B0006 EFLAG=00000212
0123830E	POP      ECX                                              EAX=6D050352 ECX=6D050352 EDX=0127B73F EBX=00000080 ESP=002DF52C EBP=94044816 ESI=00000000 EDI=006B0006 EFLAG=00000212
01238315	ADD      EBP, EAX                                         EAX=6D050352 ECX=01080000 EDX=0127B73F EBX=00000080 ESP=002DF530 EBP=25AD4022 ESI=00000000 EDI=006B0006 EFLAG=00000A06
0123831D	POP      EAX                                              EAX=6D050352 ECX=01080000 EDX=0127B73F EBX=00000080 ESP=002DF530 EBP=01094B68 ESI=00000000 EDI=006B0006 EFLAG=00000203
01238323	PUSH     EDI                                              EAX=0127B7BF ECX=01080000 EDX=0127B73F EBX=00000080 ESP=002DF534 EBP=01094B68 ESI=00000000 EDI=006B0006 EFLAG=00000202
0123832E	MOV      [ESP], ECX                                       EAX=0127B7BF ECX=01080000 EDX=0127B73F EBX=00000080 ESP=002DF530 EBP=01094B68 ESI=00000000 EDI=006B0006 EFLAG=00000202
01238331	PUSH     ESI                                              EAX=0127B7BF ECX=01080000 EDX=0127B73F EBX=00000080 ESP=002DF530 EBP=01094B68 ESI=00000000 EDI=006B0006 EFLAG=00000202
01238339	PUSH     DWORD 0x31fa3be7                                 EAX=0127B7BF ECX=01080000 EDX=0127B73F EBX=00000080 ESP=002DF52C EBP=01094B68 ESI=00000000 EDI=006B0006 EFLAG=00000202
0123833E	PUSH     DWORD [ESP]                                      EAX=0127B7BF ECX=01080000 EDX=0127B73F EBX=00000080 ESP=002DF528 EBP=01094B68 ESI=00000000 EDI=006B0006 EFLAG=00000202
01238341	MOV      ESI, [ESP]                                       EAX=0127B7BF ECX=01080000 EDX=0127B73F EBX=00000080 ESP=002DF524 EBP=01094B68 ESI=00000000 EDI=006B0006 EFLAG=00000202
01238345	ADD      ESP, 0x8                                         EAX=0127B7BF ECX=01080000 EDX=0127B73F EBX=00000080 ESP=002DF524 EBP=01094B68 ESI=31FA3BE7 EDI=006B0006 EFLAG=00000202
0123834E	PUSH     EDX                                              EAX=0127B7BF ECX=01080000 EDX=0127B73F EBX=00000080 ESP=002DF52C EBP=01094B68 ESI=31FA3BE7 EDI=006B0006 EFLAG=00000202
01238357	MOV      EDX, 0x45acb880                                  EAX=0127B7BF ECX=01080000 EDX=0127B73F EBX=00000080 ESP=002DF528 EBP=01094B68 ESI=31FA3BE7 EDI=006B0006 EFLAG=00000206
0123835F	PUSH     EBP                                              EAX=0127B7BF ECX=01080000 EDX=45ACB880 EBX=00000080 ESP=002DF528 EBP=01094B68 ESI=31FA3BE7 EDI=006B0006 EFLAG=00000202
01238360	MOV      EBP, 0x2030041                                   EAX=0127B7BF ECX=01080000 EDX=45ACB880 EBX=00000080 ESP=002DF524 EBP=01094B68 ESI=31FA3BE7 EDI=006B0006 EFLAG=00000202
0123836B	NEG      EBP                                              EAX=0127B7BF ECX=01080000 EDX=45ACB880 EBX=00000080 ESP=002DF524 EBP=02030041 ESI=31FA3BE7 EDI=006B0006 EFLAG=00000206
0123836D	PUSH     EAX                                              EAX=0127B7BF ECX=01080000 EDX=45ACB880 EBX=00000080 ESP=002DF524 EBP=FDFCFFBF ESI=31FA3BE7 EDI=006B0006 EFLAG=00000293
0123836E	MOV      EAX, 0x653189f                                   EAX=0127B7BF ECX=01080000 EDX=45ACB880 EBX=00000080 ESP=002DF520 EBP=FDFCFFBF ESI=31FA3BE7 EDI=006B0006 EFLAG=00000293
01238373	ADD      EBP, EAX                                         EAX=0653189F ECX=01080000 EDX=45ACB880 EBX=00000080 ESP=002DF520 EBP=FDFCFFBF ESI=31FA3BE7 EDI=006B0006 EFLAG=00000293
01238375	POP      EAX                                              EAX=0653189F ECX=01080000 EDX=45ACB880 EBX=00000080 ESP=002DF520 EBP=0450185E ESI=31FA3BE7 EDI=006B0006 EFLAG=00000213
01238376	AND      EBP, 0x7dc53279                                  EAX=0127B7BF ECX=01080000 EDX=45ACB880 EBX=00000080 ESP=002DF524 EBP=0450185E ESI=31FA3BE7 EDI=006B0006 EFLAG=00000213
0123837C	ADD      EBP, 0x8418fb42                                  EAX=0127B7BF ECX=01080000 EDX=45ACB880 EBX=00000080 ESP=002DF524 EBP=04401058 ESI=31FA3BE7 EDI=006B0006 EFLAG=00000202
01238382	ADD      EDX, EBP                                         EAX=0127B7BF ECX=01080000 EDX=45ACB880 EBX=00000080 ESP=002DF524 EBP=88590B9A ESI=31FA3BE7 EDI=006B0006 EFLAG=00000286
01238384	POP      EBP                                              EAX=0127B7BF ECX=01080000 EDX=CE05C41A EBX=00000080 ESP=002DF524 EBP=88590B9A ESI=31FA3BE7 EDI=006B0006 EFLAG=00000282
01238385	ADD      ESI, EDX                                         EAX=0127B7BF ECX=01080000 EDX=CE05C41A EBX=00000080 ESP=002DF528 EBP=01094B68 ESI=31FA3BE7 EDI=006B0006 EFLAG=00000282
01238387	MOV      EDX, [ESP]                                       EAX=0127B7BF ECX=01080000 EDX=CE05C41A EBX=00000080 ESP=002DF528 EBP=01094B68 ESI=00000001 EDI=006B0006 EFLAG=00000213
0123838B	ADD      ESP, 0x4                                         EAX=0127B7BF ECX=01080000 EDX=0127B73F EBX=00000080 ESP=002DF528 EBP=01094B68 ESI=00000001 EDI=006B0006 EFLAG=00000213
0123838E	PUSH     ESI                                              EAX=0127B7BF ECX=01080000 EDX=0127B73F EBX=00000080 ESP=002DF52C EBP=01094B68 ESI=00000001 EDI=006B0006 EFLAG=00000202
0123838F	MOV      ECX, [ESP]                                       EAX=0127B7BF ECX=01080000 EDX=0127B73F EBX=00000080 ESP=002DF528 EBP=01094B68 ESI=00000001 EDI=006B0006 EFLAG=00000202
01238392	PUSH     EBP                                              EAX=0127B7BF ECX=00000001 EDX=0127B73F EBX=00000080 ESP=002DF528 EBP=01094B68 ESI=00000001 EDI=006B0006 EFLAG=00000202
01238393	MOV      EBP, ESP                                         EAX=0127B7BF ECX=00000001 EDX=0127B73F EBX=00000080 ESP=002DF524 EBP=01094B68 ESI=00000001 EDI=006B0006 EFLAG=00000202
01238395	ADD      EBP, 0x8                                         EAX=0127B7BF ECX=00000001 EDX=0127B73F EBX=00000080 ESP=002DF524 EBP=002DF524 ESI=00000001 EDI=006B0006 EFLAG=00000202
012383A1	PUSH     EBP                                              EAX=0127B7BF ECX=00000001 EDX=0127B73F EBX=00000080 ESP=002DF524 EBP=002DF52C ESI=00000001 EDI=006B0006 EFLAG=00000202
012383A2	MOV      EBP, [ESP+0x4]                                   EAX=0127B7BF ECX=00000001 EDX=0127B73F EBX=00000080 ESP=002DF520 EBP=002DF52C ESI=00000001 EDI=006B0006 EFLAG=00000202
012383A7	POP      DWORD [ESP]                                      EAX=0127B7BF ECX=00000001 EDX=0127B73F EBX=00000080 ESP=002DF520 EBP=01094B68 ESI=00000001 EDI=006B0006 EFLAG=00000202
012383AA	POP      ESP                                              EAX=0127B7BF ECX=00000001 EDX=0127B73F EBX=00000080 ESP=002DF524 EBP=01094B68 ESI=00000001 EDI=006B0006 EFLAG=00000202
012383AB	MOV      ESI, [ESP]                                       EAX=0127B7BF ECX=00000001 EDX=0127B73F EBX=00000080 ESP=002DF52C EBP=01094B68 ESI=00000001 EDI=006B0006 EFLAG=00000202
012383AE	PUSH     ECX                                              EAX=0127B7BF ECX=00000001 EDX=0127B73F EBX=00000080 ESP=002DF52C EBP=01094B68 ESI=00000000 EDI=006B0006 EFLAG=00000202
012383AF	MOV      ECX, ESP                                         EAX=0127B7BF ECX=00000001 EDX=0127B73F EBX=00000080 ESP=002DF528 EBP=01094B68 ESI=00000000 EDI=006B0006 EFLAG=00000202
012383B1	ADD      ECX, 0x8                                         EAX=0127B7BF ECX=002DF528 EDX=0127B73F EBX=00000080 ESP=002DF528 EBP=01094B68 ESI=00000000 EDI=006B0006 EFLAG=00000202
012383BA	XCHG     [ESP], ECX                                       EAX=0127B7BF ECX=002DF530 EDX=0127B73F EBX=00000080 ESP=002DF528 EBP=01094B68 ESI=00000000 EDI=006B0006 EFLAG=00000216
012383C3	POP      ESP                                              EAX=0127B7BF ECX=00000001 EDX=0127B73F EBX=00000080 ESP=002DF528 EBP=01094B68 ESI=00000000 EDI=006B0006 EFLAG=00000202
012383C4	PUSH     ECX                                              EAX=0127B7BF ECX=00000001 EDX=0127B73F EBX=00000080 ESP=002DF530 EBP=01094B68 ESI=00000000 EDI=006B0006 EFLAG=00000202
012383CD	MOV      [ESP], EDI                                       EAX=0127B7BF ECX=00000001 EDX=0127B73F EBX=00000080 ESP=002DF52C EBP=01094B68 ESI=00000000 EDI=006B0006 EFLAG=00000212
012383D0	MOV      EDI, 0x2a4c326f                                  EAX=0127B7BF ECX=00000001 EDX=0127B73F EBX=00000080 ESP=002DF52C EBP=01094B68 ESI=00000000 EDI=006B0006 EFLAG=00000212
012383D5	PUSH     EBX                                              EAX=0127B7BF ECX=00000001 EDX=0127B73F EBX=00000080 ESP=002DF52C EBP=01094B68 ESI=00000000 EDI=2A4C326F EFLAG=00000212
012383DD	MOV      EBX, 0x2b5c74d2                                  EAX=0127B7BF ECX=00000001 EDX=0127B73F EBX=00000080 ESP=002DF528 EBP=01094B68 ESI=00000000 EDI=2A4C326F EFLAG=00000212
012383E8	ADD      EDI, EBX                                         EAX=0127B7BF ECX=00000001 EDX=0127B73F EBX=2B5C74D2 ESP=002DF528 EBP=01094B68 ESI=00000000 EDI=372C7A2F EFLAG=00000202
012383F0	POP      EBX                                              EAX=0127B7BF ECX=00000001 EDX=0127B73F EBX=2B5C74D2 ESP=002DF528 EBP=01094B68 ESI=00000000 EDI=55A8A741 EFLAG=00000206
012383F1	NOT      EDI                                              EAX=0127B7BF ECX=00000001 EDX=0127B73F EBX=00000080 ESP=002DF52C EBP=01094B68 ESI=00000000 EDI=55A8A741 EFLAG=00000206
012383F7	PUSH     EBP                                              EAX=0127B7BF ECX=00000001 EDX=0127B73F EBX=00000080 ESP=002DF52C EBP=01094B68 ESI=00000000 EDI=AA5758BE EFLAG=00000206
012383F8	MOV      EBP, 0xc62acd89                                  EAX=0127B7BF ECX=00000001 EDX=0127B73F EBX=00000080 ESP=002DF528 EBP=01094B68 ESI=00000000 EDI=AA5758BE EFLAG=00000206
012383FD	ADD      EDI, EBP                                         EAX=0127B7BF ECX=00000001 EDX=0127B73F EBX=00000080 ESP=002DF528 EBP=C62ACD89 ESI=00000000 EDI=AA5758BE EFLAG=00000206
012383FF	POP      EBP                                              EAX=0127B7BF ECX=00000001 EDX=0127B73F EBX=00000080 ESP=002DF528 EBP=C62ACD89 ESI=00000000 EDI=70822647 EFLAG=00000A17
01238408	XCHG     EDI, EDX                                         EAX=0127B7BF ECX=00000001 EDX=0127B73F EBX=00000080 ESP=002DF52C EBP=01094B68 ESI=00000000 EDI=70822647 EFLAG=00000202
0123840A	NOT      EDX                                              EAX=0127B7BF ECX=00000001 EDX=70822647 EBX=00000080 ESP=002DF52C EBP=01094B68 ESI=00000000 EDI=0127B73F EFLAG=00000202
01238410	XCHG     EDI, EDX                                         EAX=0127B7BF ECX=00000001 EDX=8F7DD9B8 EBX=00000080 ESP=002DF52C EBP=01094B68 ESI=00000000 EDI=0127B73F EFLAG=00000202
01238412	NOT      EDI                                              EAX=0127B7BF ECX=00000001 EDX=0127B73F EBX=00000080 ESP=002DF52C EBP=01094B68 ESI=00000000 EDI=8F7DD9B8 EFLAG=00000202
01238414	PUSH     EBX                                              EAX=0127B7BF ECX=00000001 EDX=0127B73F EBX=00000080 ESP=002DF52C EBP=01094B68 ESI=00000000 EDI=70822647 EFLAG=00000202
01238415	PUSH     ESI                                              EAX=0127B7BF ECX=00000001 EDX=0127B73F EBX=00000080 ESP=002DF528 EBP=01094B68 ESI=00000000 EDI=70822647 EFLAG=00000202
01238416	PUSH     EBX                                              EAX=0127B7BF ECX=00000001 EDX=0127B73F EBX=00000080 ESP=002DF524 EBP=01094B68 ESI=00000000 EDI=70822647 EFLAG=00000202
01238417	MOV      EBX, 0x63ed5a5f                                  EAX=0127B7BF ECX=00000001 EDX=0127B73F EBX=00000080 ESP=002DF520 EBP=01094B68 ESI=00000000 EDI=70822647 EFLAG=00000202
0123841C	MOV      ESI, 0x5c623f36                                  EAX=0127B7BF ECX=00000001 EDX=0127B73F EBX=63ED5A5F ESP=002DF520 EBP=01094B68 ESI=00000000 EDI=70822647 EFLAG=00000202
01238421	XOR      ESI, EBX                                         EAX=0127B7BF ECX=00000001 EDX=0127B73F EBX=63ED5A5F ESP=002DF520 EBP=01094B68 ESI=5C623F36 EDI=70822647 EFLAG=00000202
01238423	POP      EBX                                              EAX=0127B7BF ECX=00000001 EDX=0127B73F EBX=63ED5A5F ESP=002DF520 EBP=01094B68 ESI=3F8F6569 EDI=70822647 EFLAG=00000206
01238424	MOV      EBX, 0xa28b81c3                                  EAX=0127B7BF ECX=00000001 EDX=0127B73F EBX=00000080 ESP=002DF524 EBP=01094B68 ESI=3F8F6569 EDI=70822647 EFLAG=00000206
01238429	SUB      EBX, ESI                                         EAX=0127B7BF ECX=00000001 EDX=0127B73F EBX=A28B81C3 ESP=002DF524 EBP=01094B68 ESI=3F8F6569 EDI=70822647 EFLAG=00000206
0123842B	POP      ESI                                              EAX=0127B7BF ECX=00000001 EDX=0127B73F EBX=62FC1C5A ESP=002DF524 EBP=01094B68 ESI=3F8F6569 EDI=70822647 EFLAG=00000A16
0123842C	SHR      EBX, 0x6                                         EAX=0127B7BF ECX=00000001 EDX=0127B73F EBX=62FC1C5A ESP=002DF528 EBP=01094B68 ESI=00000000 EDI=70822647 EFLAG=00000A16
0123842F	INC      EBX                                              EAX=0127B7BF ECX=00000001 EDX=0127B73F EBX=018BF071 ESP=002DF528 EBP=01094B68 ESI=00000000 EDI=70822647 EFLAG=00000206
01238430	PUSH     EAX                                              EAX=0127B7BF ECX=00000001 EDX=0127B73F EBX=018BF072 ESP=002DF528 EBP=01094B68 ESI=00000000 EDI=70822647 EFLAG=00000206
01238431	MOV      EAX, 0xc734e8b8                                  EAX=0127B7BF ECX=00000001 EDX=0127B73F EBX=018BF072 ESP=002DF524 EBP=01094B68 ESI=00000000 EDI=70822647 EFLAG=00000206
0123843B	SHL      EAX, 0x2                                         EAX=C734E8B8 ECX=00000001 EDX=0127B73F EBX=018BF072 ESP=002DF524 EBP=01094B68 ESI=00000000 EDI=70822647 EFLAG=00000297
0123843E	INC      EAX                                              EAX=1CD3A2E0 ECX=00000001 EDX=0127B73F EBX=018BF072 ESP=002DF524 EBP=01094B68 ESI=00000000 EDI=70822647 EFLAG=00000A03
0123843F	OR       EAX, 0x4ac44126                                  EAX=1CD3A2E1 ECX=00000001 EDX=0127B73F EBX=018BF072 ESP=002DF524 EBP=01094B68 ESI=00000000 EDI=70822647 EFLAG=00000207
01238444	PUSH     EBP                                              EAX=5ED7E3E7 ECX=00000001 EDX=0127B73F EBX=018BF072 ESP=002DF524 EBP=01094B68 ESI=00000000 EDI=70822647 EFLAG=00000206
01238445	MOV      EBP, 0x409255e6                                  EAX=5ED7E3E7 ECX=00000001 EDX=0127B73F EBX=018BF072 ESP=002DF520 EBP=01094B68 ESI=00000000 EDI=70822647 EFLAG=00000206
0123844A	AND      EAX, EBP                                         EAX=5ED7E3E7 ECX=00000001 EDX=0127B73F EBX=018BF072 ESP=002DF520 EBP=409255E6 ESI=00000000 EDI=70822647 EFLAG=00000206
0123844C	MOV      EBP, [ESP]                                       EAX=409241E6 ECX=00000001 EDX=0127B73F EBX=018BF072 ESP=002DF520 EBP=409255E6 ESI=00000000 EDI=70822647 EFLAG=00000202
01238450	ADD      ESP, 0x4                                         EAX=409241E6 ECX=00000001 EDX=0127B73F EBX=018BF072 ESP=002DF520 EBP=01094B68 ESI=00000000 EDI=70822647 EFLAG=00000202
01238456	ADD      EAX, 0x4ac98a4d                                  EAX=409241E6 ECX=00000001 EDX=0127B73F EBX=018BF072 ESP=002DF524 EBP=01094B68 ESI=00000000 EDI=70822647 EFLAG=00000206
0123845B	SUB      EBX, EAX                                         EAX=8B5BCC33 ECX=00000001 EDX=0127B73F EBX=018BF072 ESP=002DF524 EBP=01094B68 ESI=00000000 EDI=70822647 EFLAG=00000A96
0123845D	POP      EAX                                              EAX=8B5BCC33 ECX=00000001 EDX=0127B73F EBX=7630243F ESP=002DF524 EBP=01094B68 ESI=00000000 EDI=70822647 EFLAG=00000217
0123845E	XOR      EDI, EBX                                         EAX=0127B7BF ECX=00000001 EDX=0127B73F EBX=7630243F ESP=002DF528 EBP=01094B68 ESI=00000000 EDI=70822647 EFLAG=00000217
01238460	POP      EBX                                              EAX=0127B7BF ECX=00000001 EDX=0127B73F EBX=7630243F ESP=002DF528 EBP=01094B68 ESI=00000000 EDI=06B20278 EFLAG=00000206
01238461	SHR      EDI, 0x7                                         EAX=0127B7BF ECX=00000001 EDX=0127B73F EBX=00000080 ESP=002DF52C EBP=01094B68 ESI=00000000 EDI=06B20278 EFLAG=00000206
01238464	SUB      EDI, 0xd63d5                                     EAX=0127B7BF ECX=00000001 EDX=0127B73F EBX=00000080 ESP=002DF52C EBP=01094B68 ESI=00000000 EDI=000D6404 EFLAG=00000203
0123846A	MOV      EBX, EDI                                         EAX=0127B7BF ECX=00000001 EDX=0127B73F EBX=00000080 ESP=002DF52C EBP=01094B68 ESI=00000000 EDI=0000002F EFLAG=00000212
0123846C	POP      EDI                                              EAX=0127B7BF ECX=00000001 EDX=0127B73F EBX=0000002F ESP=002DF52C EBP=01094B68 ESI=00000000 EDI=0000002F EFLAG=00000212
01238475	XOR      EAX, EAX                                         EAX=0127B7BF ECX=00000001 EDX=0127B73F EBX=0000002F ESP=002DF530 EBP=01094B68 ESI=00000000 EDI=006B0006 EFLAG=00000216
01238477	LOCK CMPXCHG [EBP+EBX+0x0], ECX                               EAX=00000000 ECX=00000001 EDX=0127B73F EBX=0000002F ESP=002DF530 EBP=01094B68 ESI=00000000 EDI=006B0006 EFLAG=00000246
0123847D	JZ       0x123848a                                        EAX=00000000 ECX=00000001 EDX=0127B73F EBX=0000002F ESP=002DF530 EBP=01094B68 ESI=00000000 EDI=006B0006 EFLAG=00000246
0123848A	PUSH     DWORD [ESP]                                      EAX=00000000 ECX=00000001 EDX=0127B73F EBX=0000002F ESP=002DF530 EBP=01094B68 ESI=00000000 EDI=006B0006 EFLAG=00000246
0123848D	MOV      ECX, [ESP]                                       EAX=00000000 ECX=00000001 EDX=0127B73F EBX=0000002F ESP=002DF52C EBP=01094B68 ESI=00000000 EDI=006B0006 EFLAG=00000246
01238490	PUSH     EDI                                              EAX=00000000 ECX=01080000 EDX=0127B73F EBX=0000002F ESP=002DF52C EBP=01094B68 ESI=00000000 EDI=006B0006 EFLAG=00000246
01238491	MOV      EDI, ESP                                         EAX=00000000 ECX=01080000 EDX=0127B73F EBX=0000002F ESP=002DF528 EBP=01094B68 ESI=00000000 EDI=006B0006 EFLAG=00000246
01238493	PUSH     EAX                                              EAX=00000000 ECX=01080000 EDX=0127B73F EBX=0000002F ESP=002DF528 EBP=01094B68 ESI=00000000 EDI=002DF528 EFLAG=00000246
01238494	MOV      EAX, 0x4                                         EAX=00000000 ECX=01080000 EDX=0127B73F EBX=0000002F ESP=002DF524 EBP=01094B68 ESI=00000000 EDI=002DF528 EFLAG=00000246
0123849E	ADD      EDI, EAX                                         EAX=00000004 ECX=01080000 EDX=0127B73F EBX=0000002F ESP=002DF524 EBP=01094B68 ESI=00000000 EDI=002DF528 EFLAG=00000213
012384A0	POP      EAX                                              EAX=00000004 ECX=01080000 EDX=0127B73F EBX=0000002F ESP=002DF524 EBP=01094B68 ESI=00000000 EDI=002DF52C EFLAG=00000202
012384A1	ADD      EDI, 0x4                                         EAX=00000000 ECX=01080000 EDX=0127B73F EBX=0000002F ESP=002DF528 EBP=01094B68 ESI=00000000 EDI=002DF52C EFLAG=00000202
012384A7	PUSH     EDI                                              EAX=00000000 ECX=01080000 EDX=0127B73F EBX=0000002F ESP=002DF528 EBP=01094B68 ESI=00000000 EDI=002DF530 EFLAG=00000216
012384B0	MOV      EDI, [ESP+0x4]                                   EAX=00000000 ECX=01080000 EDX=0127B73F EBX=0000002F ESP=002DF524 EBP=01094B68 ESI=00000000 EDI=002DF530 EFLAG=00000206
012384B5	POP      DWORD [ESP]                                      EAX=00000000 ECX=01080000 EDX=0127B73F EBX=0000002F ESP=002DF524 EBP=01094B68 ESI=00000000 EDI=006B0006 EFLAG=00000206
012384B8	MOV      ESP, [ESP]                                       EAX=00000000 ECX=01080000 EDX=0127B73F EBX=0000002F ESP=002DF528 EBP=01094B68 ESI=00000000 EDI=006B0006 EFLAG=00000206
012384BB	PUSH     ECX                                              EAX=00000000 ECX=01080000 EDX=0127B73F EBX=0000002F ESP=002DF530 EBP=01094B68 ESI=00000000 EDI=006B0006 EFLAG=00000206
012384BC	MOV      ECX, ESP                                         EAX=00000000 ECX=01080000 EDX=0127B73F EBX=0000002F ESP=002DF52C EBP=01094B68 ESI=00000000 EDI=006B0006 EFLAG=00000206
012384BE	PUSH     EBP                                              EAX=00000000 ECX=002DF52C EDX=0127B73F EBX=0000002F ESP=002DF52C EBP=01094B68 ESI=00000000 EDI=006B0006 EFLAG=00000206
012384BF	PUSH     EDX                                              EAX=00000000 ECX=002DF52C EDX=0127B73F EBX=0000002F ESP=002DF528 EBP=01094B68 ESI=00000000 EDI=006B0006 EFLAG=00000206
012384C7	MOV      EDX, 0x1b180c7a                                  EAX=00000000 ECX=002DF52C EDX=0127B73F EBX=0000002F ESP=002DF524 EBP=01094B68 ESI=00000000 EDI=006B0006 EFLAG=00000206
012384CC	PUSH     ECX                                              EAX=00000000 ECX=002DF52C EDX=1B180C7A EBX=0000002F ESP=002DF524 EBP=01094B68 ESI=00000000 EDI=006B0006 EFLAG=00000206
012384CD	MOV      ECX, 0x65936bd                                   EAX=00000000 ECX=002DF52C EDX=1B180C7A EBX=0000002F ESP=002DF520 EBP=01094B68 ESI=00000000 EDI=006B0006 EFLAG=00000206
012384D5	SHL      ECX, 0x7                                         EAX=00000000 ECX=065936BD EDX=1B180C7A EBX=0000002F ESP=002DF520 EBP=01094B68 ESI=00000000 EDI=006B0006 EFLAG=00000207
012384D8	PUSH     EBP                                              EAX=00000000 ECX=2C9B5E80 EDX=1B180C7A EBX=0000002F ESP=002DF520 EBP=01094B68 ESI=00000000 EDI=006B0006 EFLAG=00000A03
012384D9	MOV      EBP, 0x7d0c3b10                                  EAX=00000000 ECX=2C9B5E80 EDX=1B180C7A EBX=0000002F ESP=002DF51C EBP=01094B68 ESI=00000000 EDI=006B0006 EFLAG=00000A03
012384DF	SUB      EBP, 0x105f1e21                                  EAX=00000000 ECX=2C9B5E80 EDX=1B180C7A EBX=0000002F ESP=002DF51C EBP=7D0C3B10 ESI=00000000 EDI=006B0006 EFLAG=00000203
012384E5	ADD      ECX, EBP                                         EAX=00000000 ECX=2C9B5E80 EDX=1B180C7A EBX=0000002F ESP=002DF51C EBP=6CAD1CEF ESI=00000000 EDI=006B0006 EFLAG=00000212
012384E7	POP      EBP                                              EAX=00000000 ECX=99487B6F EDX=1B180C7A EBX=0000002F ESP=002DF51C EBP=6CAD1CEF ESI=00000000 EDI=006B0006 EFLAG=00000A86
012384F0	SUB      ECX, 0x5b4a47b8                                  EAX=00000000 ECX=99487B6F EDX=1B180C7A EBX=0000002F ESP=002DF520 EBP=01094B68 ESI=00000000 EDI=006B0006 EFLAG=00000212
012384F6	SUB      EDX, ECX                                         EAX=00000000 ECX=3DFE33B7 EDX=1B180C7A EBX=0000002F ESP=002DF520 EBP=01094B68 ESI=00000000 EDI=006B0006 EFLAG=00000A06
012384F8	POP      ECX                                              EAX=00000000 ECX=3DFE33B7 EDX=DD19D8C3 EBX=0000002F ESP=002DF520 EBP=01094B68 ESI=00000000 EDI=006B0006 EFLAG=00000287
012384F9	SUB      EDX, 0xdd19d8bf                                  EAX=00000000 ECX=002DF52C EDX=DD19D8C3 EBX=0000002F ESP=002DF524 EBP=01094B68 ESI=00000000 EDI=006B0006 EFLAG=00000287
012384FF	MOV      EBP, EDX                                         EAX=00000000 ECX=002DF52C EDX=00000004 EBX=0000002F ESP=002DF524 EBP=01094B68 ESI=00000000 EDI=006B0006 EFLAG=00000212
01238505	POP      EDX                                              EAX=00000000 ECX=002DF52C EDX=00000004 EBX=0000002F ESP=002DF524 EBP=00000004 ESI=00000000 EDI=006B0006 EFLAG=00000212
01238506	ADD      ECX, EBP                                         EAX=00000000 ECX=002DF52C EDX=0127B73F EBX=0000002F ESP=002DF528 EBP=00000004 ESI=00000000 EDI=006B0006 EFLAG=00000212
01238508	POP      EBP                                              EAX=00000000 ECX=002DF530 EDX=0127B73F EBX=0000002F ESP=002DF528 EBP=00000004 ESI=00000000 EDI=006B0006 EFLAG=00000216
01238509	PUSH     ESI                                              EAX=00000000 ECX=002DF530 EDX=0127B73F EBX=0000002F ESP=002DF52C EBP=01094B68 ESI=00000000 EDI=006B0006 EFLAG=00000216
0123850A	MOV      ESI, 0x4                                         EAX=00000000 ECX=002DF530 EDX=0127B73F EBX=0000002F ESP=002DF528 EBP=01094B68 ESI=00000000 EDI=006B0006 EFLAG=00000216
01238515	ADD      ECX, ESI                                         EAX=00000000 ECX=9A38D00B EDX=0127B73F EBX=0000002F ESP=002DF528 EBP=01094B68 ESI=00000004 EDI=006B0006 EFLAG=00000293
0123851D	POP      ESI                                              EAX=00000000 ECX=002DF534 EDX=0127B73F EBX=0000002F ESP=002DF528 EBP=01094B68 ESI=00000004 EDI=006B0006 EFLAG=00000213
0123851E	XCHG     [ESP], ECX                                       EAX=00000000 ECX=002DF534 EDX=0127B73F EBX=0000002F ESP=002DF52C EBP=01094B68 ESI=00000000 EDI=006B0006 EFLAG=00000213
01238527	POP      ESP                                              EAX=00000000 ECX=01080000 EDX=0127B73F EBX=0000002F ESP=002DF52C EBP=01094B68 ESI=00000000 EDI=006B0006 EFLAG=00000206
01238528	PUSH     EAX                                              EAX=00000000 ECX=01080000 EDX=0127B73F EBX=0000002F ESP=002DF534 EBP=01094B68 ESI=00000000 EDI=006B0006 EFLAG=00000206
01238529	MOV      EAX, 0x21                                        EAX=00000000 ECX=01080000 EDX=0127B73F EBX=0000002F ESP=002DF530 EBP=01094B68 ESI=00000000 EDI=006B0006 EFLAG=00000206
0123852F	PUSH     EAX                                              EAX=00000021 ECX=01080000 EDX=0127B73F EBX=0000002F ESP=002DF530 EBP=01094B68 ESI=00000000 EDI=006B0006 EFLAG=00000206
01238537	XOR      DWORD [ESP], 0x57f857c1                          EAX=00000021 ECX=01080000 EDX=0127B73F EBX=0000002F ESP=002DF52C EBP=01094B68 ESI=00000000 EDI=006B0006 EFLAG=00000206
0123853E	POP      EBX                                              EAX=00000021 ECX=01080000 EDX=0127B73F EBX=0000002F ESP=002DF52C EBP=01094B68 ESI=00000000 EDI=006B0006 EFLAG=00000202
0123853F	PUSH     EAX                                              EAX=00000021 ECX=01080000 EDX=0127B73F EBX=57F857E0 ESP=002DF530 EBP=01094B68 ESI=00000000 EDI=006B0006 EFLAG=00000202
01238540	PUSH     DWORD 0x8020b9e                                  EAX=00000021 ECX=01080000 EDX=0127B73F EBX=57F857E0 ESP=002DF52C EBP=01094B68 ESI=00000000 EDI=006B0006 EFLAG=00000202
01238545	POP      EAX                                              EAX=00000021 ECX=01080000 EDX=0127B73F EBX=57F857E0 ESP=002DF528 EBP=01094B68 ESI=00000000 EDI=006B0006 EFLAG=00000202
0123854B	DEC      EAX                                              EAX=08020B9E ECX=01080000 EDX=0127B73F EBX=57F857E0 ESP=002DF52C EBP=01094B68 ESI=00000000 EDI=006B0006 EFLAG=00000202
0123854E	PUSH     ECX                                              EAX=08020B9D ECX=01080000 EDX=0127B73F EBX=57F857E0 ESP=002DF52C EBP=01094B68 ESI=00000000 EDI=006B0006 EFLAG=00000202
0123854F	PUSH     EBX                                              EAX=08020B9D ECX=01080000 EDX=0127B73F EBX=57F857E0 ESP=002DF528 EBP=01094B68 ESI=00000000 EDI=006B0006 EFLAG=00000202
01238553	MOV      EBX, 0x4ff64c24                                  EAX=08020B9D ECX=01080000 EDX=0127B73F EBX=57F857E0 ESP=002DF524 EBP=01094B68 ESI=00000000 EDI=006B0006 EFLAG=00000202
01238558	MOV      ECX, EBX                                         EAX=08020B9D ECX=01080000 EDX=0127B73F EBX=4FF64C24 ESP=002DF524 EBP=01094B68 ESI=00000000 EDI=006B0006 EFLAG=00000202
0123855A	POP      EBX                                              EAX=08020B9D ECX=4FF64C24 EDX=0127B73F EBX=4FF64C24 ESP=002DF524 EBP=01094B68 ESI=00000000 EDI=006B0006 EFLAG=00000202
01238560	ADD      EAX, ECX                                         EAX=08020B9D ECX=4FF64C24 EDX=0127B73F EBX=57F857E0 ESP=002DF528 EBP=01094B68 ESI=00000000 EDI=006B0006 EFLAG=00000206
01238562	POP      ECX                                              EAX=57F857C1 ECX=4FF64C24 EDX=0127B73F EBX=57F857E0 ESP=002DF528 EBP=01094B68 ESI=00000000 EDI=006B0006 EFLAG=00000212
01238563	XOR      EBX, EAX                                         EAX=57F857C1 ECX=01080000 EDX=0127B73F EBX=57F857E0 ESP=002DF52C EBP=01094B68 ESI=00000000 EDI=006B0006 EFLAG=00000212
01238565	POP      EAX                                              EAX=57F857C1 ECX=01080000 EDX=0127B73F EBX=00000021 ESP=002DF52C EBP=01094B68 ESI=00000000 EDI=006B0006 EFLAG=00000206
01238566	PUSH     DWORD [ESP]                                      EAX=00000021 ECX=01080000 EDX=0127B73F EBX=00000021 ESP=002DF530 EBP=01094B68 ESI=00000000 EDI=006B0006 EFLAG=00000206
01238569	MOV      EAX, [ESP]                                       EAX=00000021 ECX=01080000 EDX=0127B73F EBX=00000021 ESP=002DF52C EBP=01094B68 ESI=00000000 EDI=006B0006 EFLAG=00000206
0123856C	PUSH     EDI                                              EAX=00000000 ECX=01080000 EDX=0127B73F EBX=00000021 ESP=002DF52C EBP=01094B68 ESI=00000000 EDI=006B0006 EFLAG=00000206
0123856D	MOV      EDI, ESP                                         EAX=00000000 ECX=01080000 EDX=0127B73F EBX=00000021 ESP=002DF528 EBP=01094B68 ESI=00000000 EDI=006B0006 EFLAG=00000206
0123856F	ADD      EDI, 0x8                                         EAX=00000000 ECX=01080000 EDX=0127B73F EBX=00000021 ESP=002DF528 EBP=01094B68 ESI=00000000 EDI=002DF528 EFLAG=00000206
0123857B	XCHG     [ESP], EDI                                       EAX=00000000 ECX=01080000 EDX=0127B73F EBX=00000021 ESP=002DF528 EBP=01094B68 ESI=00000000 EDI=002DF530 EFLAG=00000216
0123857E	MOV      ESP, [ESP]                                       EAX=00000000 ECX=01080000 EDX=0127B73F EBX=00000021 ESP=002DF528 EBP=01094B68 ESI=00000000 EDI=006B0006 EFLAG=00000216
01238581	PUSH     EDX                                              EAX=00000000 ECX=01080000 EDX=0127B73F EBX=00000021 ESP=002DF530 EBP=01094B68 ESI=00000000 EDI=006B0006 EFLAG=00000216
01238582	MOV      EDX, ESP                                         EAX=00000000 ECX=01080000 EDX=0127B73F EBX=00000021 ESP=002DF52C EBP=01094B68 ESI=00000000 EDI=006B0006 EFLAG=00000216
01238584	ADD      EDX, 0x8                                         EAX=00000000 ECX=01080000 EDX=002DF52C EBX=00000021 ESP=002DF52C EBP=01094B68 ESI=00000000 EDI=006B0006 EFLAG=00000216
01238590	XCHG     [ESP], EDX                                       EAX=00000000 ECX=01080000 EDX=002DF534 EBX=00000021 ESP=002DF52C EBP=01094B68 ESI=00000000 EDI=006B0006 EFLAG=00000202
01238593	POP      ESP                                              EAX=00000000 ECX=01080000 EDX=0127B73F EBX=00000021 ESP=002DF52C EBP=01094B68 ESI=00000000 EDI=006B0006 EFLAG=00000202
01238594	PUSH     ECX                                              EAX=00000000 ECX=01080000 EDX=0127B73F EBX=00000021 ESP=002DF534 EBP=01094B68 ESI=00000000 EDI=006B0006 EFLAG=00000202
0123859C	POP      DWORD [EBP+EBX+0x0]                              EAX=00000000 ECX=01080000 EDX=0127B73F EBX=00000021 ESP=002DF530 EBP=01094B68 ESI=00000000 EDI=006B0006 EFLAG=00000202
012385A0	PUSH     EBP                                              EAX=00000000 ECX=01080000 EDX=0127B73F EBX=00000021 ESP=002DF534 EBP=01094B68 ESI=00000000 EDI=006B0006 EFLAG=00000202
012385A8	PUSH     DWORD 0xb175f31                                  EAX=00000000 ECX=01080000 EDX=0127B73F EBX=00000021 ESP=002DF530 EBP=01094B68 ESI=00000000 EDI=006B0006 EFLAG=00000202
012385AD	PUSH     DWORD [ESP]                                      EAX=00000000 ECX=01080000 EDX=0127B73F EBX=00000021 ESP=002DF52C EBP=01094B68 ESI=00000000 EDI=006B0006 EFLAG=00000202
012385B0	MOV      EBP, [ESP]                                       EAX=00000000 ECX=01080000 EDX=0127B73F EBX=00000021 ESP=002DF528 EBP=01094B68 ESI=00000000 EDI=006B0006 EFLAG=00000202
012385B4	PUSH     EDX                                              EAX=00000000 ECX=01080000 EDX=0127B73F EBX=00000021 ESP=002DF528 EBP=0B175F31 ESI=00000000 EDI=006B0006 EFLAG=00000202
012385BC	MOV      [ESP], EAX                                       EAX=00000000 ECX=01080000 EDX=0127B73F EBX=00000021 ESP=002DF524 EBP=0B175F31 ESI=00000000 EDI=006B0006 EFLAG=00000202
012385BF	PUSH     EBX                                              EAX=00000000 ECX=01080000 EDX=0127B73F EBX=00000021 ESP=002DF524 EBP=0B175F31 ESI=00000000 EDI=006B0006 EFLAG=00000202
012385C0	MOV      EBX, ESP                                         EAX=00000000 ECX=01080000 EDX=0127B73F EBX=00000021 ESP=002DF520 EBP=0B175F31 ESI=00000000 EDI=006B0006 EFLAG=00000202
012385CE	XCHG     [ESP], EBX                                       EAX=00000000 ECX=01080000 EDX=0127B73F EBX=002DF520 ESP=002DF520 EBP=0B175F31 ESI=00000000 EDI=006B0006 EFLAG=00000202
012385D1	POP      ESP                                              EAX=00000000 ECX=01080000 EDX=0127B73F EBX=00000021 ESP=002DF520 EBP=0B175F31 ESI=00000000 EDI=006B0006 EFLAG=00000202
012385D2	MOV      [ESP], ESP                                       EAX=00000000 ECX=01080000 EDX=0127B73F EBX=00000021 ESP=002DF520 EBP=0B175F31 ESI=00000000 EDI=006B0006 EFLAG=00000202
012385D5	ADD      DWORD [ESP], 0x4                                 EAX=00000000 ECX=01080000 EDX=0127B73F EBX=00000021 ESP=002DF520 EBP=0B175F31 ESI=00000000 EDI=006B0006 EFLAG=00000202
012385DC	POP      EAX                                              EAX=00000000 ECX=01080000 EDX=0127B73F EBX=00000021 ESP=002DF520 EBP=0B175F31 ESI=00000000 EDI=006B0006 EFLAG=00000206
012385DD	ADD      EAX, 0x8                                         EAX=002DF524 ECX=01080000 EDX=0127B73F EBX=00000021 ESP=002DF524 EBP=0B175F31 ESI=00000000 EDI=006B0006 EFLAG=00000206
012385E5	XCHG     [ESP], EAX                                       EAX=002DF52C ECX=01080000 EDX=0127B73F EBX=00000021 ESP=002DF524 EBP=0B175F31 ESI=00000000 EDI=006B0006 EFLAG=00000202
012385EE	MOV      ESP, [ESP]                                       EAX=00000000 ECX=01080000 EDX=0127B73F EBX=00000021 ESP=002DF524 EBP=0B175F31 ESI=00000000 EDI=006B0006 EFLAG=00000246
012385F1	PUSH     EBX                                              EAX=00000000 ECX=01080000 EDX=0127B73F EBX=00000021 ESP=002DF52C EBP=0B175F31 ESI=00000000 EDI=006B0006 EFLAG=00000246
012385F2	MOV      EBX, ESP                                         EAX=00000000 ECX=01080000 EDX=0127B73F EBX=00000021 ESP=002DF528 EBP=0B175F31 ESI=00000000 EDI=006B0006 EFLAG=00000246
012385F4	ADD      EBX, 0x8                                         EAX=00000000 ECX=01080000 EDX=0127B73F EBX=002DF528 ESP=002DF528 EBP=0B175F31 ESI=00000000 EDI=006B0006 EFLAG=00000246
012385FD	XCHG     [ESP], EBX                                       EAX=00000000 ECX=01080000 EDX=0127B73F EBX=002DF530 ESP=002DF528 EBP=0B175F31 ESI=00000000 EDI=006B0006 EFLAG=00000216
01238600	POP      ESP                                              EAX=00000000 ECX=01080000 EDX=0127B73F EBX=00000021 ESP=002DF528 EBP=0B175F31 ESI=00000000 EDI=006B0006 EFLAG=00000216
01238601	PUSH     EDX                                              EAX=00000000 ECX=01080000 EDX=0127B73F EBX=00000021 ESP=002DF530 EBP=0B175F31 ESI=00000000 EDI=006B0006 EFLAG=00000216
01238602	MOV      EDX, 0xb175efe                                   EAX=00000000 ECX=01080000 EDX=0127B73F EBX=00000021 ESP=002DF52C EBP=0B175F31 ESI=00000000 EDI=006B0006 EFLAG=00000216
01238607	SUB      EBP, EDX                                         EAX=00000000 ECX=01080000 EDX=0B175EFE EBX=00000021 ESP=002DF52C EBP=0B175F31 ESI=00000000 EDI=006B0006 EFLAG=00000216
01238609	POP      EDX                                              EAX=00000000 ECX=01080000 EDX=0B175EFE EBX=00000021 ESP=002DF52C EBP=00000033 ESI=00000000 EDI=006B0006 EFLAG=00000216
0123860A	PUSH     EDI                                              EAX=00000000 ECX=01080000 EDX=0127B73F EBX=00000021 ESP=002DF530 EBP=00000033 ESI=00000000 EDI=006B0006 EFLAG=00000216
01238612	MOV      EDI, EBP                                         EAX=00000000 ECX=01080000 EDX=0127B73F EBX=00000021 ESP=002DF52C EBP=00000033 ESI=00000000 EDI=006B0006 EFLAG=00000216
01238613	XOR      EDI, 0x56034bbd                                  EAX=00000000 ECX=01080000 EDX=0127B73F EBX=00000021 ESP=002DF528 EBP=00000033 ESI=00000000 EDI=006B0006 EFLAG=00000216
0123861B	XOR      EDI, 0x56034bbd                                  EAX=00000000 ECX=01080000 EDX=0127B73F EBX=00000021 ESP=002DF52C EBP=00000033 ESI=00000000 EDI=56034B8E EFLAG=00000206
01238621	MOV      EBX, EDI                                         EAX=00000000 ECX=01080000 EDX=0127B73F EBX=00000021 ESP=002DF52C EBP=00000033 ESI=00000000 EDI=00000033 EFLAG=00000206
01238623	POP      EDI                                              EAX=00000000 ECX=01080000 EDX=0127B73F EBX=00000033 ESP=002DF52C EBP=00000033 ESI=00000000 EDI=00000033 EFLAG=00000206
01238624	POP      EBP                                              EAX=00000000 ECX=01080000 EDX=0127B73F EBX=00000033 ESP=002DF530 EBP=00000033 ESI=00000000 EDI=006B0006 EFLAG=00000206
01238625	PUSH     EAX                                              EAX=00000000 ECX=01080000 EDX=0127B73F EBX=00000033 ESP=002DF534 EBP=01094B68 ESI=00000000 EDI=006B0006 EFLAG=00000206
01238626	MOV      EAX, 0xd406f977                                  EAX=00000000 ECX=01080000 EDX=0127B73F EBX=00000033 ESP=002DF530 EBP=01094B68 ESI=00000000 EDI=006B0006 EFLAG=00000206
0123862D	NOT      EAX                                              EAX=D406F977 ECX=01080000 EDX=0127B73F EBX=00000033 ESP=002DF530 EBP=01094B68 ESI=00000000 EDI=006B0006 EFLAG=00000206
0123862F	NOT      EAX                                              EAX=2BF90688 ECX=01080000 EDX=0127B73F EBX=00000033 ESP=002DF530 EBP=01094B68 ESI=00000000 EDI=006B0006 EFLAG=00000206
01238633	PUSH     EDI                                              EAX=D406F977 ECX=01080000 EDX=0127B73F EBX=00000033 ESP=002DF530 EBP=01094B68 ESI=00000000 EDI=006B0006 EFLAG=00000206
01238634	MOV      EDI, 0x4c3029d9                                  EAX=D406F977 ECX=01080000 EDX=0127B73F EBX=00000033 ESP=002DF52C EBP=01094B68 ESI=00000000 EDI=006B0006 EFLAG=00000206
01238644	SUB      EAX, EDI                                         EAX=867CE446 ECX=01080000 EDX=0127B73F EBX=00000033 ESP=002DF52C EBP=01094B68 ESI=00000000 EDI=4C3029D9 EFLAG=00000282
0123864B	POP      EDI                                              EAX=87D6CF9E ECX=01080000 EDX=0127B73F EBX=00000033 ESP=002DF52C EBP=01094B68 ESI=00000000 EDI=4C3029D9 EFLAG=00000A82
01238654	PUSH     EDX                                              EAX=87D6CF9E ECX=01080000 EDX=0127B73F EBX=00000033 ESP=002DF530 EBP=01094B68 ESI=00000000 EDI=006B0006 EFLAG=00000216
01238655	MOV      EDX, 0x7e1c5240                                  EAX=87D6CF9E ECX=01080000 EDX=0127B73F EBX=00000033 ESP=002DF52C EBP=01094B68 ESI=00000000 EDI=006B0006 EFLAG=00000216
0123865A	ADD      EAX, EDX                                         EAX=87D6CF9E ECX=01080000 EDX=7E1C5240 EBX=00000033 ESP=002DF52C EBP=01094B68 ESI=00000000 EDI=006B0006 EFLAG=00000216
0123865C	POP      EDX                                              EAX=05F321DE ECX=01080000 EDX=7E1C5240 EBX=00000033 ESP=002DF52C EBP=01094B68 ESI=00000000 EDI=006B0006 EFLAG=00000207
0123865D	PUSH     EAX                                              EAX=05F321DE ECX=01080000 EDX=0127B73F EBX=00000033 ESP=002DF530 EBP=01094B68 ESI=00000000 EDI=006B0006 EFLAG=00000207
01238665	POP      DWORD [EBP+EBX+0x0]                              EAX=05F321DE ECX=01080000 EDX=0127B73F EBX=00000033 ESP=002DF52C EBP=01094B68 ESI=00000000 EDI=006B0006 EFLAG=00000207
01238669	POP      EAX                                              EAX=05F321DE ECX=01080000 EDX=0127B73F EBX=00000033 ESP=002DF530 EBP=01094B68 ESI=00000000 EDI=006B0006 EFLAG=00000207
0123866A	NOT      DWORD [EBP+EBX+0x0]                              EAX=00000000 ECX=01080000 EDX=0127B73F EBX=00000033 ESP=002DF534 EBP=01094B68 ESI=00000000 EDI=006B0006 EFLAG=00000207
0123866E	SHL      DWORD [EBP+EBX+0x0], 0x3                         EAX=00000000 ECX=01080000 EDX=0127B73F EBX=00000033 ESP=002DF534 EBP=01094B68 ESI=00000000 EDI=006B0006 EFLAG=00000207
01238673	ADD      DWORD [EBP+EBX+0x0], 0x3172524                   EAX=00000000 ECX=01080000 EDX=0127B73F EBX=00000033 ESP=002DF534 EBP=01094B68 ESI=00000000 EDI=006B0006 EFLAG=00000283
0123867B	PUSH     ECX                                              EAX=00000000 ECX=01080000 EDX=0127B73F EBX=00000033 ESP=002DF534 EBP=01094B68 ESI=00000000 EDI=006B0006 EFLAG=00000282
0123867C	MOV      ECX, EBX                                         EAX=00000000 ECX=01080000 EDX=0127B73F EBX=00000033 ESP=002DF530 EBP=01094B68 ESI=00000000 EDI=006B0006 EFLAG=00000282
01238684	ADD      ECX, EBP                                         EAX=00000000 ECX=00000033 EDX=0127B73F EBX=00000033 ESP=002DF530 EBP=01094B68 ESI=00000000 EDI=006B0006 EFLAG=00000206
01238686	PUSH     ESI                                              EAX=00000000 ECX=01094B9B EDX=0127B73F EBX=00000033 ESP=002DF530 EBP=01094B68 ESI=00000000 EDI=006B0006 EFLAG=00000202
0123868E	MOV      ESI, 0xd33e162c                                  EAX=00000000 ECX=01094B9B EDX=0127B73F EBX=00000033 ESP=002DF52C EBP=01094B68 ESI=00000000 EDI=006B0006 EFLAG=00000202
01238693	XOR      [ECX], ESI                                       EAX=00000000 ECX=01094B9B EDX=0127B73F EBX=00000033 ESP=002DF52C EBP=01094B68 ESI=D33E162C EDI=006B0006 EFLAG=00000202
01238695	POP      ESI                                              EAX=00000000 ECX=01094B9B EDX=0127B73F EBX=00000033 ESP=002DF52C EBP=01094B68 ESI=D33E162C EDI=006B0006 EFLAG=00000206
01238696	MOV      ECX, [ESP]                                       EAX=00000000 ECX=01094B9B EDX=0127B73F EBX=00000033 ESP=002DF530 EBP=01094B68 ESI=00000000 EDI=006B0006 EFLAG=00000206
01238699	PUSH     EDX                                              EAX=00000000 ECX=01080000 EDX=0127B73F EBX=00000033 ESP=002DF530 EBP=01094B68 ESI=00000000 EDI=006B0006 EFLAG=00000206
0123869A	PUSH     ESP                                              EAX=00000000 ECX=01080000 EDX=0127B73F EBX=00000033 ESP=002DF52C EBP=01094B68 ESI=00000000 EDI=006B0006 EFLAG=00000206
012386A2	POP      EDX                                              EAX=00000000 ECX=01080000 EDX=0127B73F EBX=00000033 ESP=002DF528 EBP=01094B68 ESI=00000000 EDI=006B0006 EFLAG=00000202
012386A8	ADD      EDX, 0x4                                         EAX=00000000 ECX=01080000 EDX=002DF52C EBX=00000033 ESP=002DF52C EBP=01094B68 ESI=00000000 EDI=006B0006 EFLAG=00000202
012386AE	PUSH     EDI                                              EAX=00000000 ECX=01080000 EDX=002DF530 EBX=00000033 ESP=002DF52C EBP=01094B68 ESI=00000000 EDI=006B0006 EFLAG=00000216
012386AF	MOV      EDI, 0x4                                         EAX=00000000 ECX=01080000 EDX=002DF530 EBX=00000033 ESP=002DF528 EBP=01094B68 ESI=00000000 EDI=006B0006 EFLAG=00000216
012386B4	ADD      EDX, EDI                                         EAX=00000000 ECX=01080000 EDX=002DF530 EBX=00000033 ESP=002DF528 EBP=01094B68 ESI=00000000 EDI=00000004 EFLAG=00000216
012386B6	POP      EDI                                              EAX=00000000 ECX=01080000 EDX=002DF534 EBX=00000033 ESP=002DF528 EBP=01094B68 ESI=00000000 EDI=00000004 EFLAG=00000202
012386B7	PUSH     EDX                                              EAX=00000000 ECX=01080000 EDX=002DF534 EBX=00000033 ESP=002DF52C EBP=01094B68 ESI=00000000 EDI=006B0006 EFLAG=00000202
012386BF	MOV      EDX, [ESP+0x4]                                   EAX=00000000 ECX=01080000 EDX=002DF534 EBX=00000033 ESP=002DF528 EBP=01094B68 ESI=00000000 EDI=006B0006 EFLAG=00000202
012386C4	POP      DWORD [ESP]                                      EAX=00000000 ECX=01080000 EDX=0127B73F EBX=00000033 ESP=002DF528 EBP=01094B68 ESI=00000000 EDI=006B0006 EFLAG=00000202
012386C7	POP      ESP                                              EAX=00000000 ECX=01080000 EDX=0127B73F EBX=00000033 ESP=002DF52C EBP=01094B68 ESI=00000000 EDI=006B0006 EFLAG=00000202
012386C8	PUSH     EDI                                              EAX=00000000 ECX=01080000 EDX=0127B73F EBX=00000033 ESP=002DF534 EBP=01094B68 ESI=00000000 EDI=006B0006 EFLAG=00000202
012386D0	MOV      [ESP], EAX                                       EAX=00000000 ECX=01080000 EDX=0127B73F EBX=00000033 ESP=002DF530 EBP=01094B68 ESI=00000000 EDI=006B0006 EFLAG=00000202
012386D3	PUSH     ECX                                              EAX=00000000 ECX=01080000 EDX=0127B73F EBX=00000033 ESP=002DF530 EBP=01094B68 ESI=00000000 EDI=006B0006 EFLAG=00000202
012386D4	MOV      ECX, 0x3b                                        EAX=00000000 ECX=01080000 EDX=0127B73F EBX=00000033 ESP=002DF52C EBP=01094B68 ESI=00000000 EDI=006B0006 EFLAG=00000202
012386D9	MOV      EAX, ECX                                         EAX=00000000 ECX=0000003B EDX=0127B73F EBX=00000033 ESP=002DF52C EBP=01094B68 ESI=00000000 EDI=006B0006 EFLAG=00000202
012386DB	MOV      ECX, [ESP]                                       EAX=0000003B ECX=0000003B EDX=0127B73F EBX=00000033 ESP=002DF52C EBP=01094B68 ESI=00000000 EDI=006B0006 EFLAG=00000202
012386DE	PUSH     EDI                                              EAX=0000003B ECX=01080000 EDX=0127B73F EBX=00000033 ESP=002DF52C EBP=01094B68 ESI=00000000 EDI=006B0006 EFLAG=00000202
012386DF	MOV      EDI, ESP                                         EAX=0000003B ECX=01080000 EDX=0127B73F EBX=00000033 ESP=002DF528 EBP=01094B68 ESI=00000000 EDI=006B0006 EFLAG=00000202
012386E1	ADD      EDI, 0x8                                         EAX=0000003B ECX=01080000 EDX=0127B73F EBX=00000033 ESP=002DF528 EBP=01094B68 ESI=00000000 EDI=002DF528 EFLAG=00000202
012386EA	XCHG     [ESP], EDI                                       EAX=0000003B ECX=01080000 EDX=0127B73F EBX=00000033 ESP=002DF528 EBP=01094B68 ESI=00000000 EDI=002DF530 EFLAG=00000216
012386ED	POP      ESP                                              EAX=0000003B ECX=01080000 EDX=0127B73F EBX=00000033 ESP=002DF528 EBP=01094B68 ESI=00000000 EDI=006B0006 EFLAG=00000216
012386EE	PUSH     EAX                                              EAX=0000003B ECX=01080000 EDX=0127B73F EBX=00000033 ESP=002DF530 EBP=01094B68 ESI=00000000 EDI=006B0006 EFLAG=00000216
012386F2	ADD      DWORD [ESP], 0x23a92720                          EAX=0000003B ECX=01080000 EDX=0127B73F EBX=00000033 ESP=002DF52C EBP=01094B68 ESI=00000000 EDI=006B0006 EFLAG=00000216
012386F9	PUSH     DWORD [ESP]                                      EAX=0000003B ECX=01080000 EDX=0127B73F EBX=00000033 ESP=002DF52C EBP=01094B68 ESI=00000000 EDI=006B0006 EFLAG=00000202
012386FC	MOV      EBX, [ESP]                                       EAX=0000003B ECX=01080000 EDX=0127B73F EBX=00000033 ESP=002DF528 EBP=01094B68 ESI=00000000 EDI=006B0006 EFLAG=00000202
012386FF	PUSH     ECX                                              EAX=0000003B ECX=01080000 EDX=0127B73F EBX=23A9275B ESP=002DF528 EBP=01094B68 ESI=00000000 EDI=006B0006 EFLAG=00000202
01238703	MOV      ECX, ESP                                         EAX=0000003B ECX=01080000 EDX=0127B73F EBX=23A9275B ESP=002DF524 EBP=01094B68 ESI=00000000 EDI=006B0006 EFLAG=00000202
01238705	PUSH     EAX                                              EAX=0000003B ECX=002DF524 EDX=0127B73F EBX=23A9275B ESP=002DF524 EBP=01094B68 ESI=00000000 EDI=006B0006 EFLAG=00000202
01238706	MOV      EAX, 0x183017cb                                  EAX=0000003B ECX=002DF524 EDX=0127B73F EBX=23A9275B ESP=002DF520 EBP=01094B68 ESI=00000000 EDI=006B0006 EFLAG=00000202
0123870E	PUSH     EDI                                              EAX=183017CB ECX=002DF524 EDX=0127B73F EBX=23A9275B ESP=002DF520 EBP=01094B68 ESI=00000000 EDI=006B0006 EFLAG=00000203
01238712	MOV      EDI, 0x45ec2301                                  EAX=183017CB ECX=002DF524 EDX=0127B73F EBX=23A9275B ESP=002DF51C EBP=01094B68 ESI=00000000 EDI=006B0006 EFLAG=00000203
01238717	XOR      EAX, EDI                                         EAX=183017CB ECX=002DF524 EDX=0127B73F EBX=23A9275B ESP=002DF51C EBP=01094B68 ESI=00000000 EDI=45EC2301 EFLAG=00000203
01238719	POP      EDI                                              EAX=5DDC34CA ECX=002DF524 EDX=0127B73F EBX=23A9275B ESP=002DF51C EBP=01094B68 ESI=00000000 EDI=45EC2301 EFLAG=00000206
0123871A	AND      EAX, 0x4ab6352c                                  EAX=5DDC34CA ECX=002DF524 EDX=0127B73F EBX=23A9275B ESP=002DF520 EBP=01094B68 ESI=00000000 EDI=006B0006 EFLAG=00000206
0123871F	DEC      EAX                                              EAX=48943408 ECX=002DF524 EDX=0127B73F EBX=23A9275B ESP=002DF520 EBP=01094B68 ESI=00000000 EDI=006B0006 EFLAG=00000202
01238720	SUB      EAX, 0x48943403                                  EAX=48943407 ECX=002DF524 EDX=0127B73F EBX=23A9275B ESP=002DF520 EBP=01094B68 ESI=00000000 EDI=006B0006 EFLAG=00000202
0123872B	ADD      ECX, EAX                                         EAX=00000004 ECX=79D244AE EDX=0127B73F EBX=23A9275B ESP=002DF520 EBP=01094B68 ESI=00000000 EDI=006B0006 EFLAG=00000202
01238733	POP      EAX                                              EAX=00000004 ECX=002DF528 EDX=0127B73F EBX=23A9275B ESP=002DF520 EBP=01094B68 ESI=00000000 EDI=006B0006 EFLAG=00000216
01238734	ADD      ECX, 0x4                                         EAX=0000003B ECX=002DF528 EDX=0127B73F EBX=23A9275B ESP=002DF524 EBP=01094B68 ESI=00000000 EDI=006B0006 EFLAG=00000216
01238737	XCHG     [ESP], ECX                                       EAX=0000003B ECX=002DF52C EDX=0127B73F EBX=23A9275B ESP=002DF524 EBP=01094B68 ESI=00000000 EDI=006B0006 EFLAG=00000202
0123873A	POP      ESP                                              EAX=0000003B ECX=01080000 EDX=0127B73F EBX=23A9275B ESP=002DF524 EBP=01094B68 ESI=00000000 EDI=006B0006 EFLAG=00000202
0123873B	PUSH     ESI                                              EAX=0000003B ECX=01080000 EDX=0127B73F EBX=23A9275B ESP=002DF52C EBP=01094B68 ESI=00000000 EDI=006B0006 EFLAG=00000202
0123873C	MOV      ESI, ESP                                         EAX=0000003B ECX=01080000 EDX=0127B73F EBX=23A9275B ESP=002DF528 EBP=01094B68 ESI=00000000 EDI=006B0006 EFLAG=00000202
0123873E	ADD      ESI, 0x8                                         EAX=0000003B ECX=01080000 EDX=0127B73F EBX=23A9275B ESP=002DF528 EBP=01094B68 ESI=002DF528 EDI=006B0006 EFLAG=00000202
01238747	XCHG     [ESP], ESI                                       EAX=0000003B ECX=01080000 EDX=0127B73F EBX=23A9275B ESP=002DF528 EBP=01094B68 ESI=002DF530 EDI=006B0006 EFLAG=00000216
0123874A	MOV      ESP, [ESP]                                       EAX=0000003B ECX=01080000 EDX=0127B73F EBX=23A9275B ESP=002DF528 EBP=01094B68 ESI=00000000 EDI=006B0006 EFLAG=00000216
0123874D	SUB      EBX, 0x23a92720                                  EAX=0000003B ECX=01080000 EDX=0127B73F EBX=23A9275B ESP=002DF530 EBP=01094B68 ESI=00000000 EDI=006B0006 EFLAG=00000216
01238753	POP      EAX                                              EAX=0000003B ECX=01080000 EDX=0127B73F EBX=0000003B ESP=002DF530 EBP=01094B68 ESI=00000000 EDI=006B0006 EFLAG=00000202
01238754	PUSH     DWORD [ESP+0x28]                                 EAX=00000000 ECX=01080000 EDX=0127B73F EBX=0000003B ESP=002DF534 EBP=01094B68 ESI=00000000 EDI=006B0006 EFLAG=00000202
01238758	MOV      EAX, [ESP]                                       EAX=00000000 ECX=01080000 EDX=0127B73F EBX=0000003B ESP=002DF530 EBP=01094B68 ESI=00000000 EDI=006B0006 EFLAG=00000202
0123875C	PUSH     EDI                                              EAX=001EE9E9 ECX=01080000 EDX=0127B73F EBX=0000003B ESP=002DF530 EBP=01094B68 ESI=00000000 EDI=006B0006 EFLAG=00000202
01238764	PUSH     ESP                                              EAX=001EE9E9 ECX=01080000 EDX=0127B73F EBX=0000003B ESP=002DF52C EBP=01094B68 ESI=00000000 EDI=006B0006 EFLAG=00000202
0123876F	POP      EDI                                              EAX=001EE9E9 ECX=01080000 EDX=0127B73F EBX=0000003B ESP=002DF528 EBP=01094B68 ESI=00000000 EDI=006B0006 EFLAG=00000202
01238778	PUSH     ESI                                              EAX=001EE9E9 ECX=01080000 EDX=0127B73F EBX=0000003B ESP=002DF52C EBP=01094B68 ESI=00000000 EDI=002DF52C EFLAG=00000202
01238779	MOV      ESI, 0x63bb1aeb                                  EAX=001EE9E9 ECX=01080000 EDX=0127B73F EBX=0000003B ESP=002DF528 EBP=01094B68 ESI=00000000 EDI=002DF52C EFLAG=00000202
0123877E	PUSH     EDI                                              EAX=001EE9E9 ECX=01080000 EDX=0127B73F EBX=0000003B ESP=002DF528 EBP=01094B68 ESI=63BB1AEB EDI=002DF52C EFLAG=00000202
0123877F	MOV      EDI, 0x52ec3dbc                                  EAX=001EE9E9 ECX=01080000 EDX=0127B73F EBX=0000003B ESP=002DF524 EBP=01094B68 ESI=63BB1AEB EDI=002DF52C EFLAG=00000202
01238784	AND      ESI, EDI                                         EAX=001EE9E9 ECX=01080000 EDX=0127B73F EBX=0000003B ESP=002DF524 EBP=01094B68 ESI=63BB1AEB EDI=52EC3DBC EFLAG=00000202
01238786	POP      EDI                                              EAX=001EE9E9 ECX=01080000 EDX=0127B73F EBX=0000003B ESP=002DF524 EBP=01094B68 ESI=42A818A8 EDI=52EC3DBC EFLAG=00000202
01238787	NOT      ESI                                              EAX=001EE9E9 ECX=01080000 EDX=0127B73F EBX=0000003B ESP=002DF528 EBP=01094B68 ESI=42A818A8 EDI=002DF52C EFLAG=00000202
01238790	SUB      ESI, -0x1                                        EAX=001EE9E9 ECX=01080000 EDX=0127B73F EBX=0000003B ESP=002DF528 EBP=01094B68 ESI=BD57E757 EDI=002DF52C EFLAG=00000202
01238793	NEG      ESI                                              EAX=001EE9E9 ECX=01080000 EDX=0127B73F EBX=0000003B ESP=002DF528 EBP=01094B68 ESI=BD57E758 EDI=002DF52C EFLAG=00000293
01238795	SUB      ESI, 0x42a818a4                                  EAX=001EE9E9 ECX=01080000 EDX=0127B73F EBX=0000003B ESP=002DF528 EBP=01094B68 ESI=42A818A8 EDI=002DF52C EFLAG=00000213
0123879B	ADD      EDI, ESI                                         EAX=001EE9E9 ECX=01080000 EDX=0127B73F EBX=0000003B ESP=002DF528 EBP=01094B68 ESI=00000004 EDI=002DF52C EFLAG=00000202
0123879D	MOV      ESI, [ESP]                                       EAX=001EE9E9 ECX=01080000 EDX=0127B73F EBX=0000003B ESP=002DF528 EBP=01094B68 ESI=00000004 EDI=002DF530 EFLAG=00000216
012387A1	PUSH     EAX                                              EAX=001EE9E9 ECX=01080000 EDX=0127B73F EBX=0000003B ESP=002DF528 EBP=01094B68 ESI=00000000 EDI=002DF530 EFLAG=00000216
012387A2	MOV      EAX, ESP                                         EAX=001EE9E9 ECX=01080000 EDX=0127B73F EBX=0000003B ESP=002DF524 EBP=01094B68 ESI=00000000 EDI=002DF530 EFLAG=00000216
012387A4	PUSH     ECX                                              EAX=002DF524 ECX=01080000 EDX=0127B73F EBX=0000003B ESP=002DF524 EBP=01094B68 ESI=00000000 EDI=002DF530 EFLAG=00000216
012387A5	MOV      ECX, 0x614401e3                                  EAX=002DF524 ECX=01080000 EDX=0127B73F EBX=0000003B ESP=002DF520 EBP=01094B68 ESI=00000000 EDI=002DF530 EFLAG=00000216
012387AA	PUSH     EAX                                              EAX=002DF524 ECX=614401E3 EDX=0127B73F EBX=0000003B ESP=002DF520 EBP=01094B68 ESI=00000000 EDI=002DF530 EFLAG=00000216
012387AB	MOV      EAX, 0x49cd7d99                                  EAX=002DF524 ECX=614401E3 EDX=0127B73F EBX=0000003B ESP=002DF51C EBP=01094B68 ESI=00000000 EDI=002DF530 EFLAG=00000216
012387B5	OR       EAX, 0x64e97328                                  EAX=49CD7D99 ECX=614401E3 EDX=0127B73F EBX=0000003B ESP=002DF51C EBP=01094B68 ESI=00000000 EDI=002DF530 EFLAG=00000216
012387BA	SUB      EAX, 0x30020b92                                  EAX=6DED7FB9 ECX=614401E3 EDX=0127B73F EBX=0000003B ESP=002DF51C EBP=01094B68 ESI=00000000 EDI=002DF530 EFLAG=00000202
012387BF	SHR      EAX, 0x1                                         EAX=3DEB7427 ECX=614401E3 EDX=0127B73F EBX=0000003B ESP=002DF51C EBP=01094B68 ESI=00000000 EDI=002DF530 EFLAG=00000206
012387C1	XOR      EAX, 0x15d3e710                                  EAX=1EF5BA13 ECX=614401E3 EDX=0127B73F EBX=0000003B ESP=002DF51C EBP=01094B68 ESI=00000000 EDI=002DF530 EFLAG=00000203
012387C6	AND      ECX, EAX                                         EAX=0B265D03 ECX=614401E3 EDX=0127B73F EBX=0000003B ESP=002DF51C EBP=01094B68 ESI=00000000 EDI=002DF530 EFLAG=00000206
012387C8	POP      EAX                                              EAX=0B265D03 ECX=01040103 EDX=0127B73F EBX=0000003B ESP=002DF51C EBP=01094B68 ESI=00000000 EDI=002DF530 EFLAG=00000206
012387C9	SHL      ECX, 0x5                                         EAX=002DF524 ECX=01040103 EDX=0127B73F EBX=0000003B ESP=002DF520 EBP=01094B68 ESI=00000000 EDI=002DF530 EFLAG=00000206
012387CC	ADD      ECX, 0x64064086                                  EAX=002DF524 ECX=20802060 EDX=0127B73F EBX=0000003B ESP=002DF520 EBP=01094B68 ESI=00000000 EDI=002DF530 EFLAG=00000206
012387D2	DEC      ECX                                              EAX=002DF524 ECX=848660E6 EDX=0127B73F EBX=0000003B ESP=002DF520 EBP=01094B68 ESI=00000000 EDI=002DF530 EFLAG=00000A82
012387D3	XOR      ECX, 0x848660e1                                  EAX=002DF524 ECX=848660E5 EDX=0127B73F EBX=0000003B ESP=002DF520 EBP=01094B68 ESI=00000000 EDI=002DF530 EFLAG=00000282
012387D9	ADD      EAX, ECX                                         EAX=002DF524 ECX=00000004 EDX=0127B73F EBX=0000003B ESP=002DF520 EBP=01094B68 ESI=00000000 EDI=002DF530 EFLAG=00000202
012387DB	POP      ECX                                              EAX=002DF528 ECX=00000004 EDX=0127B73F EBX=0000003B ESP=002DF520 EBP=01094B68 ESI=00000000 EDI=002DF530 EFLAG=00000206
012387DC	ADD      EAX, 0x4                                         EAX=002DF528 ECX=01080000 EDX=0127B73F EBX=0000003B ESP=002DF524 EBP=01094B68 ESI=00000000 EDI=002DF530 EFLAG=00000206
012387E1	XCHG     [ESP], EAX                                       EAX=002DF52C ECX=01080000 EDX=0127B73F EBX=0000003B ESP=002DF524 EBP=01094B68 ESI=00000000 EDI=002DF530 EFLAG=00000202
012387E4	POP      ESP                                              EAX=001EE9E9 ECX=01080000 EDX=0127B73F EBX=0000003B ESP=002DF524 EBP=01094B68 ESI=00000000 EDI=002DF530 EFLAG=00000202
012387E5	ADD      EDI, 0x4                                         EAX=001EE9E9 ECX=01080000 EDX=0127B73F EBX=0000003B ESP=002DF52C EBP=01094B68 ESI=00000000 EDI=002DF530 EFLAG=00000202
012387EB	XCHG     [ESP], EDI                                       EAX=001EE9E9 ECX=01080000 EDX=0127B73F EBX=0000003B ESP=002DF52C EBP=01094B68 ESI=00000000 EDI=002DF534 EFLAG=00000202
012387F4	MOV      ESP, [ESP]                                       EAX=001EE9E9 ECX=01080000 EDX=0127B73F EBX=0000003B ESP=002DF52C EBP=01094B68 ESI=00000000 EDI=006B0006 EFLAG=00000206
012387F7	ADD      EAX, 0x6c4f4f78                                  EAX=001EE9E9 ECX=01080000 EDX=0127B73F EBX=0000003B ESP=002DF534 EBP=01094B68 ESI=00000000 EDI=006B0006 EFLAG=00000206
012387FC	PUSH     EDI                                              EAX=6C6E3961 ECX=01080000 EDX=0127B73F EBX=0000003B ESP=002DF534 EBP=01094B68 ESI=00000000 EDI=006B0006 EFLAG=00000212
01238804	PUSH     ECX                                              EAX=6C6E3961 ECX=01080000 EDX=0127B73F EBX=0000003B ESP=002DF530 EBP=01094B68 ESI=00000000 EDI=006B0006 EFLAG=00000212
0123880D	PUSH     DWORD 0x107b3c95                                 EAX=6C6E3961 ECX=01080000 EDX=0127B73F EBX=0000003B ESP=002DF52C EBP=01094B68 ESI=00000000 EDI=006B0006 EFLAG=00000212
01238812	POP      ECX                                              EAX=6C6E3961 ECX=01080000 EDX=0127B73F EBX=0000003B ESP=002DF528 EBP=01094B68 ESI=00000000 EDI=006B0006 EFLAG=00000212
0123881B	ADD      ECX, 0xffffffff                                  EAX=6C6E3961 ECX=107B3C95 EDX=0127B73F EBX=0000003B ESP=002DF52C EBP=01094B68 ESI=00000000 EDI=006B0006 EFLAG=00000202
01238821	SHL      ECX, 0x4                                         EAX=6C6E3961 ECX=107B3C94 EDX=0127B73F EBX=0000003B ESP=002DF52C EBP=01094B68 ESI=00000000 EDI=006B0006 EFLAG=00000213
01238824	SUB      ECX, 0xde8391d5                                  EAX=6C6E3961 ECX=07B3C940 EDX=0127B73F EBX=0000003B ESP=002DF52C EBP=01094B68 ESI=00000000 EDI=006B0006 EFLAG=00000A03
0123882A	MOV      EDI, ECX                                         EAX=6C6E3961 ECX=2930376B EDX=0127B73F EBX=0000003B ESP=002DF52C EBP=01094B68 ESI=00000000 EDI=006B0006 EFLAG=00000213
0123882C	POP      ECX                                              EAX=6C6E3961 ECX=2930376B EDX=0127B73F EBX=0000003B ESP=002DF52C EBP=01094B68 ESI=00000000 EDI=2930376B EFLAG=00000213
0123882D	ADD      EAX, EDI                                         EAX=6C6E3961 ECX=01080000 EDX=0127B73F EBX=0000003B ESP=002DF530 EBP=01094B68 ESI=00000000 EDI=2930376B EFLAG=00000213
0123882F	MOV      EDI, [ESP]                                       EAX=959E70CC ECX=01080000 EDX=0127B73F EBX=0000003B ESP=002DF530 EBP=01094B68 ESI=00000000 EDI=2930376B EFLAG=00000A86
01238833	ADD      ESP, 0x4                                         EAX=959E70CC ECX=01080000 EDX=0127B73F EBX=0000003B ESP=002DF530 EBP=01094B68 ESI=00000000 EDI=006B0006 EFLAG=00000A86
01238836	PUSH     ESI                                              EAX=959E70CC ECX=01080000 EDX=0127B73F EBX=0000003B ESP=002DF534 EBP=01094B68 ESI=00000000 EDI=006B0006 EFLAG=00000202
0123883E	MOV      ESI, 0x71932aa                                   EAX=959E70CC ECX=01080000 EDX=0127B73F EBX=0000003B ESP=002DF530 EBP=01094B68 ESI=00000000 EDI=006B0006 EFLAG=00000202
01238843	ADD      EAX, ESI                                         EAX=959E70CC ECX=01080000 EDX=0127B73F EBX=0000003B ESP=002DF530 EBP=01094B68 ESI=071932AA EDI=006B0006 EFLAG=00000202
01238845	POP      ESI                                              EAX=9CB7A376 ECX=01080000 EDX=0127B73F EBX=0000003B ESP=002DF530 EBP=01094B68 ESI=071932AA EDI=006B0006 EFLAG=00000292
01238846	PUSH     ECX                                              EAX=9CB7A376 ECX=01080000 EDX=0127B73F EBX=0000003B ESP=002DF534 EBP=01094B68 ESI=00000000 EDI=006B0006 EFLAG=00000292
01238847	MOV      ECX, 0x1d5267c1                                  EAX=9CB7A376 ECX=01080000 EDX=0127B73F EBX=0000003B ESP=002DF530 EBP=01094B68 ESI=00000000 EDI=006B0006 EFLAG=00000292
0123884C	SUB      EAX, ECX                                         EAX=9CB7A376 ECX=1D5267C1 EDX=0127B73F EBX=0000003B ESP=002DF530 EBP=01094B68 ESI=00000000 EDI=006B0006 EFLAG=00000292
0123884E	POP      ECX                                              EAX=7F653BB5 ECX=1D5267C1 EDX=0127B73F EBX=0000003B ESP=002DF530 EBP=01094B68 ESI=00000000 EDI=006B0006 EFLAG=00000A02
01238854	ADD      EAX, ECX                                         EAX=69D0F9C5 ECX=01080000 EDX=0127B73F EBX=0000003B ESP=002DF534 EBP=01094B68 ESI=00000000 EDI=006B0006 EFLAG=00000206
0123885B	ADD      EAX, 0x16393517                                  EAX=806D3BB5 ECX=01080000 EDX=0127B73F EBX=0000003B ESP=002DF534 EBP=01094B68 ESI=00000000 EDI=006B0006 EFLAG=00000A82
01238865	SUB      EAX, 0x2930376b                                  EAX=96A670CC ECX=01080000 EDX=0127B73F EBX=0000003B ESP=002DF534 EBP=01094B68 ESI=00000000 EDI=006B0006 EFLAG=00000296
0123886A	PUSH     EBP                                              EAX=6D763961 ECX=01080000 EDX=0127B73F EBX=0000003B ESP=002DF534 EBP=01094B68 ESI=00000000 EDI=006B0006 EFLAG=00000A02
0123886B	MOV      EBP, 0x6c4f4f78                                  EAX=6D763961 ECX=01080000 EDX=0127B73F EBX=0000003B ESP=002DF530 EBP=01094B68 ESI=00000000 EDI=006B0006 EFLAG=00000A02
01238875	SUB      EAX, EBP                                         EAX=DF8D6E51 ECX=01080000 EDX=0127B73F EBX=0000003B ESP=002DF530 EBP=6C4F4F78 ESI=00000000 EDI=006B0006 EFLAG=00000A82
0123887C	POP      EBP                                              EAX=0126E9E9 ECX=01080000 EDX=0127B73F EBX=0000003B ESP=002DF530 EBP=6C4F4F78 ESI=00000000 EDI=006B0006 EFLAG=00000202
01238882	PUSH     EAX                                              EAX=0126E9E9 ECX=01080000 EDX=0127B73F EBX=0000003B ESP=002DF534 EBP=01094B68 ESI=00000000 EDI=006B0006 EFLAG=00000202
01238886	PUSH     EAX                                              EAX=0126E9E9 ECX=01080000 EDX=0127B73F EBX=0000003B ESP=002DF530 EBP=01094B68 ESI=00000000 EDI=006B0006 EFLAG=00000202
0123888E	MOV      EAX, 0x41026195                                  EAX=0126E9E9 ECX=01080000 EDX=0127B73F EBX=0000003B ESP=002DF52C EBP=01094B68 ESI=00000000 EDI=006B0006 EFLAG=00000202
01238894	XOR      [ESP+0x4], EAX                                   EAX=41026195 ECX=01080000 EDX=0127B73F EBX=0000003B ESP=002DF52C EBP=01094B68 ESI=00000000 EDI=006B0006 EFLAG=00000202
01238898	MOV      EAX, [ESP]                                       EAX=41026195 ECX=01080000 EDX=0127B73F EBX=0000003B ESP=002DF52C EBP=01094B68 ESI=00000000 EDI=006B0006 EFLAG=00000202
0123889B	PUSH     EBX                                              EAX=0126E9E9 ECX=01080000 EDX=0127B73F EBX=0000003B ESP=002DF52C EBP=01094B68 ESI=00000000 EDI=006B0006 EFLAG=00000202
0123889C	MOV      EBX, ESP                                         EAX=0126E9E9 ECX=01080000 EDX=0127B73F EBX=0000003B ESP=002DF528 EBP=01094B68 ESI=00000000 EDI=006B0006 EFLAG=00000202
0123889E	PUSH     EDI                                              EAX=0126E9E9 ECX=01080000 EDX=0127B73F EBX=002DF528 ESP=002DF528 EBP=01094B68 ESI=00000000 EDI=006B0006 EFLAG=00000202
0123889F	PUSH     ECX                                              EAX=0126E9E9 ECX=01080000 EDX=0127B73F EBX=002DF528 ESP=002DF524 EBP=01094B68 ESI=00000000 EDI=006B0006 EFLAG=00000202
012388A0	MOV      ECX, 0x76c23e2                                   EAX=0126E9E9 ECX=01080000 EDX=0127B73F EBX=002DF528 ESP=002DF520 EBP=01094B68 ESI=00000000 EDI=006B0006 EFLAG=00000202
012388A5	MOV      EDI, ECX                                         EAX=0126E9E9 ECX=076C23E2 EDX=0127B73F EBX=002DF528 ESP=002DF520 EBP=01094B68 ESI=00000000 EDI=006B0006 EFLAG=00000202
012388A7	POP      ECX                                              EAX=0126E9E9 ECX=076C23E2 EDX=0127B73F EBX=002DF528 ESP=002DF520 EBP=01094B68 ESI=00000000 EDI=076C23E2 EFLAG=00000202
012388AD	ADD      EDI, -0x1                                        EAX=0126E9E9 ECX=01080000 EDX=0127B73F EBX=002DF528 ESP=002DF524 EBP=01094B68 ESI=00000000 EDI=076C23E2 EFLAG=00000206
012388B0	PUSH     EAX                                              EAX=0126E9E9 ECX=01080000 EDX=0127B73F EBX=002DF528 ESP=002DF524 EBP=01094B68 ESI=00000000 EDI=076C23E1 EFLAG=00000217
012388B1	MOV      EAX, 0x43311dd8                                  EAX=0126E9E9 ECX=01080000 EDX=0127B73F EBX=002DF528 ESP=002DF520 EBP=01094B68 ESI=00000000 EDI=076C23E1 EFLAG=00000217
012388B6	AND      EDI, EAX                                         EAX=43311DD8 ECX=01080000 EDX=0127B73F EBX=002DF528 ESP=002DF520 EBP=01094B68 ESI=00000000 EDI=076C23E1 EFLAG=00000217
012388B8	POP      EAX                                              EAX=43311DD8 ECX=01080000 EDX=0127B73F EBX=002DF528 ESP=002DF520 EBP=01094B68 ESI=00000000 EDI=032001C0 EFLAG=00000206
012388B9	SUB      EDI, 0x162c7caa                                  EAX=0126E9E9 ECX=01080000 EDX=0127B73F EBX=002DF528 ESP=002DF524 EBP=01094B68 ESI=00000000 EDI=032001C0 EFLAG=00000206
012388BF	PUSH     ECX                                              EAX=0126E9E9 ECX=01080000 EDX=0127B73F EBX=002DF528 ESP=002DF524 EBP=01094B68 ESI=00000000 EDI=ECF38516 EFLAG=00000293
012388C7	MOV      ECX, 0x341a5749                                  EAX=0126E9E9 ECX=01080000 EDX=0127B73F EBX=002DF528 ESP=002DF520 EBP=01094B68 ESI=00000000 EDI=ECF38516 EFLAG=00000293
012388CD	XOR      ECX, 0xd8e9d25b                                  EAX=0126E9E9 ECX=341A5749 EDX=0127B73F EBX=002DF528 ESP=002DF520 EBP=01094B68 ESI=00000000 EDI=ECF38516 EFLAG=00000203
012388D3	XOR      EDI, ECX                                         EAX=0126E9E9 ECX=ECF38512 EDX=0127B73F EBX=002DF528 ESP=002DF520 EBP=01094B68 ESI=00000000 EDI=ECF38516 EFLAG=00000286
012388D5	POP      ECX                                              EAX=0126E9E9 ECX=ECF38512 EDX=0127B73F EBX=002DF528 ESP=002DF520 EBP=01094B68 ESI=00000000 EDI=00000004 EFLAG=00000202
012388D6	ADD      EBX, EDI                                         EAX=0126E9E9 ECX=01080000 EDX=0127B73F EBX=002DF528 ESP=002DF524 EBP=01094B68 ESI=00000000 EDI=00000004 EFLAG=00000202
012388D8	MOV      EDI, [ESP]                                       EAX=0126E9E9 ECX=01080000 EDX=0127B73F EBX=002DF52C ESP=002DF524 EBP=01094B68 ESI=00000000 EDI=00000004 EFLAG=00000202
012388DC	PUSH     EAX                                              EAX=0126E9E9 ECX=01080000 EDX=0127B73F EBX=002DF52C ESP=002DF524 EBP=01094B68 ESI=00000000 EDI=006B0006 EFLAG=00000202
012388DD	MOV      EAX, ESP                                         EAX=0126E9E9 ECX=01080000 EDX=0127B73F EBX=002DF52C ESP=002DF520 EBP=01094B68 ESI=00000000 EDI=006B0006 EFLAG=00000202
012388DF	ADD      EAX, 0x8                                         EAX=002DF520 ECX=01080000 EDX=0127B73F EBX=002DF52C ESP=002DF520 EBP=01094B68 ESI=00000000 EDI=006B0006 EFLAG=00000202
012388E9	XCHG     [ESP], EAX                                       EAX=002DF528 ECX=01080000 EDX=0127B73F EBX=002DF52C ESP=002DF520 EBP=01094B68 ESI=00000000 EDI=006B0006 EFLAG=00000206
012388EC	POP      ESP                                              EAX=0126E9E9 ECX=01080000 EDX=0127B73F EBX=002DF52C ESP=002DF520 EBP=01094B68 ESI=00000000 EDI=006B0006 EFLAG=00000206
012388ED	ADD      EBX, 0x4                                         EAX=0126E9E9 ECX=01080000 EDX=0127B73F EBX=002DF52C ESP=002DF528 EBP=01094B68 ESI=00000000 EDI=006B0006 EFLAG=00000206
012388F0	PUSH     EBX                                              EAX=0126E9E9 ECX=01080000 EDX=0127B73F EBX=002DF530 ESP=002DF528 EBP=01094B68 ESI=00000000 EDI=006B0006 EFLAG=00000216
012388F1	MOV      EBX, [ESP+0x4]                                   EAX=0126E9E9 ECX=01080000 EDX=0127B73F EBX=002DF530 ESP=002DF524 EBP=01094B68 ESI=00000000 EDI=006B0006 EFLAG=00000216
012388F6	POP      DWORD [ESP]                                      EAX=0126E9E9 ECX=01080000 EDX=0127B73F EBX=0000003B ESP=002DF524 EBP=01094B68 ESI=00000000 EDI=006B0006 EFLAG=00000216
012388F9	MOV      ESP, [ESP]                                       EAX=0126E9E9 ECX=01080000 EDX=0127B73F EBX=0000003B ESP=002DF528 EBP=01094B68 ESI=00000000 EDI=006B0006 EFLAG=00000216
012388FC	POP      DWORD [EBP+EBX+0x0]                              EAX=0126E9E9 ECX=01080000 EDX=0127B73F EBX=0000003B ESP=002DF530 EBP=01094B68 ESI=00000000 EDI=006B0006 EFLAG=00000216
01238900	XOR      DWORD [EBP+EBX+0x0], 0x41026195                  EAX=0126E9E9 ECX=01080000 EDX=0127B73F EBX=0000003B ESP=002DF534 EBP=01094B68 ESI=00000000 EDI=006B0006 EFLAG=00000216
01238908	PUSH     EBP                                              EAX=0126E9E9 ECX=01080000 EDX=0127B73F EBX=0000003B ESP=002DF534 EBP=01094B68 ESI=00000000 EDI=006B0006 EFLAG=00000202
01238910	PUSH     DWORD 0x45e069de                                 EAX=0126E9E9 ECX=01080000 EDX=0127B73F EBX=0000003B ESP=002DF530 EBP=01094B68 ESI=00000000 EDI=006B0006 EFLAG=00000202
01238915	MOV      EBP, [ESP]                                       EAX=0126E9E9 ECX=01080000 EDX=0127B73F EBX=0000003B ESP=002DF52C EBP=01094B68 ESI=00000000 EDI=006B0006 EFLAG=00000202
01238918	PUSH     EDX                                              EAX=0126E9E9 ECX=01080000 EDX=0127B73F EBX=0000003B ESP=002DF52C EBP=45E069DE ESI=00000000 EDI=006B0006 EFLAG=00000202
01238919	PUSH     ESP                                              EAX=0126E9E9 ECX=01080000 EDX=0127B73F EBX=0000003B ESP=002DF528 EBP=45E069DE ESI=00000000 EDI=006B0006 EFLAG=00000202
0123891E	SUB      DWORD [ESP], 0x4                                 EAX=0126E9E9 ECX=01080000 EDX=0127B73F EBX=0000003B ESP=002DF524 EBP=45E069DE ESI=00000000 EDI=006B0006 EFLAG=00000202
01238921	PUSH     EAX                                              EAX=0126E9E9 ECX=01080000 EDX=0127B73F EBX=0000003B ESP=002DF524 EBP=45E069DE ESI=00000000 EDI=006B0006 EFLAG=00000202
01238922	PUSH     ECX                                              EAX=0126E9E9 ECX=01080000 EDX=0127B73F EBX=0000003B ESP=002DF520 EBP=45E069DE ESI=00000000 EDI=006B0006 EFLAG=00000202
01238923	MOV      ECX, 0x4                                         EAX=0126E9E9 ECX=01080000 EDX=0127B73F EBX=0000003B ESP=002DF51C EBP=45E069DE ESI=00000000 EDI=006B0006 EFLAG=00000202
0123892E	MOV      EAX, ECX                                         EAX=0126E9E9 ECX=00000004 EDX=0127B73F EBX=0000003B ESP=002DF51C EBP=45E069DE ESI=00000000 EDI=006B0006 EFLAG=00000202
01238930	POP      ECX                                              EAX=00000004 ECX=00000004 EDX=0127B73F EBX=0000003B ESP=002DF51C EBP=45E069DE ESI=00000000 EDI=006B0006 EFLAG=00000202
01238931	ADD      [ESP+0x4], EAX                                   EAX=00000004 ECX=01080000 EDX=0127B73F EBX=0000003B ESP=002DF520 EBP=45E069DE ESI=00000000 EDI=006B0006 EFLAG=00000202
01238935	MOV      EAX, [ESP]                                       EAX=00000004 ECX=01080000 EDX=0127B73F EBX=0000003B ESP=002DF520 EBP=45E069DE ESI=00000000 EDI=006B0006 EFLAG=00000206
01238938	PUSH     EDI                                              EAX=0126E9E9 ECX=01080000 EDX=0127B73F EBX=0000003B ESP=002DF520 EBP=45E069DE ESI=00000000 EDI=006B0006 EFLAG=00000206
01238939	MOV      EDI, ESP                                         EAX=0126E9E9 ECX=01080000 EDX=0127B73F EBX=0000003B ESP=002DF51C EBP=45E069DE ESI=00000000 EDI=006B0006 EFLAG=00000206
0123893B	ADD      EDI, 0x8                                         EAX=0126E9E9 ECX=01080000 EDX=0127B73F EBX=0000003B ESP=002DF51C EBP=45E069DE ESI=00000000 EDI=002DF51C EFLAG=00000206
01238947	XCHG     [ESP], EDI                                       EAX=0126E9E9 ECX=01080000 EDX=0127B73F EBX=0000003B ESP=002DF51C EBP=45E069DE ESI=00000000 EDI=002DF524 EFLAG=00000206
0123894A	POP      ESP                                              EAX=0126E9E9 ECX=01080000 EDX=0127B73F EBX=0000003B ESP=002DF51C EBP=45E069DE ESI=00000000 EDI=006B0006 EFLAG=00000206
0123894B	POP      EDX                                              EAX=0126E9E9 ECX=01080000 EDX=0127B73F EBX=0000003B ESP=002DF524 EBP=45E069DE ESI=00000000 EDI=006B0006 EFLAG=00000206
0123894C	ADD      EDX, 0x8                                         EAX=0126E9E9 ECX=01080000 EDX=002DF528 EBX=0000003B ESP=002DF528 EBP=45E069DE ESI=00000000 EDI=006B0006 EFLAG=00000206
01238958	XCHG     [ESP], EDX                                       EAX=0126E9E9 ECX=01080000 EDX=002DF530 EBX=0000003B ESP=002DF528 EBP=45E069DE ESI=00000000 EDI=006B0006 EFLAG=00000216
0123895B	MOV      ESP, [ESP]                                       EAX=0126E9E9 ECX=01080000 EDX=0127B73F EBX=0000003B ESP=002DF528 EBP=45E069DE ESI=00000000 EDI=006B0006 EFLAG=00000216
0123895E	PUSH     EAX                                              EAX=0126E9E9 ECX=01080000 EDX=0127B73F EBX=0000003B ESP=002DF530 EBP=45E069DE ESI=00000000 EDI=006B0006 EFLAG=00000216
0123895F	MOV      EAX, 0x69856730                                  EAX=0126E9E9 ECX=01080000 EDX=0127B73F EBX=0000003B ESP=002DF52C EBP=45E069DE ESI=00000000 EDI=006B0006 EFLAG=00000216
01238969	XOR      EAX, 0xd3bf997f                                  EAX=69856730 ECX=01080000 EDX=0127B73F EBX=0000003B ESP=002DF52C EBP=45E069DE ESI=00000000 EDI=006B0006 EFLAG=00000206
0123896E	ADD      EBP, EAX                                         EAX=BA3AFE4F ECX=01080000 EDX=0127B73F EBX=0000003B ESP=002DF52C EBP=45E069DE ESI=00000000 EDI=006B0006 EFLAG=00000282
01238970	POP      EAX                                              EAX=BA3AFE4F ECX=01080000 EDX=0127B73F EBX=0000003B ESP=002DF52C EBP=001B682D ESI=00000000 EDI=006B0006 EFLAG=00000217
01238971	PUSH     EDX                                              EAX=0126E9E9 ECX=01080000 EDX=0127B73F EBX=0000003B ESP=002DF530 EBP=001B682D ESI=00000000 EDI=006B0006 EFLAG=00000217
01238972	MOV      EDX, ESP                                         EAX=0126E9E9 ECX=01080000 EDX=0127B73F EBX=0000003B ESP=002DF52C EBP=001B682D ESI=00000000 EDI=006B0006 EFLAG=00000217
01238980	XCHG     [ESP], EDX                                       EAX=0126E9E9 ECX=01080000 EDX=002DF52C EBX=0000003B ESP=002DF52C EBP=001B682D ESI=00000000 EDI=006B0006 EFLAG=00000212
01238989	POP      ESP                                              EAX=0126E9E9 ECX=01080000 EDX=0127B73F EBX=0000003B ESP=002DF52C EBP=001B682D ESI=00000000 EDI=006B0006 EFLAG=00000206
0123898A	MOV      [ESP], EBP                                       EAX=0126E9E9 ECX=01080000 EDX=0127B73F EBX=0000003B ESP=002DF52C EBP=001B682D ESI=00000000 EDI=006B0006 EFLAG=00000206
0123898D	POP      EAX                                              EAX=0126E9E9 ECX=01080000 EDX=0127B73F EBX=0000003B ESP=002DF52C EBP=001B682D ESI=00000000 EDI=006B0006 EFLAG=00000206
01238996	MOV      EBP, [ESP]                                       EAX=001B682D ECX=01080000 EDX=0127B73F EBX=0000003B ESP=002DF530 EBP=001B682D ESI=00000000 EDI=006B0006 EFLAG=00000216
0123899A	ADD      ESP, 0x4                                         EAX=001B682D ECX=01080000 EDX=0127B73F EBX=0000003B ESP=002DF530 EBP=01094B68 ESI=00000000 EDI=006B0006 EFLAG=00000216
012389A0	PUSH     ECX                                              EAX=001B682D ECX=01080000 EDX=0127B73F EBX=0000003B ESP=002DF534 EBP=01094B68 ESI=00000000 EDI=006B0006 EFLAG=00000202
012389A1	PUSH     EDX                                              EAX=001B682D ECX=01080000 EDX=0127B73F EBX=0000003B ESP=002DF530 EBP=01094B68 ESI=00000000 EDI=006B0006 EFLAG=00000202
012389A5	PUSH     EBP                                              EAX=001B682D ECX=01080000 EDX=0127B73F EBX=0000003B ESP=002DF52C EBP=01094B68 ESI=00000000 EDI=006B0006 EFLAG=00000202
012389A6	MOV      EBP, 0x60965365                                  EAX=001B682D ECX=01080000 EDX=0127B73F EBX=0000003B ESP=002DF528 EBP=01094B68 ESI=00000000 EDI=006B0006 EFLAG=00000202
012389AF	INC      EBP                                              EAX=001B682D ECX=01080000 EDX=0127B73F EBX=0000003B ESP=002DF528 EBP=60965365 ESI=00000000 EDI=006B0006 EFLAG=00000202
012389B0	NEG      EBP                                              EAX=001B682D ECX=01080000 EDX=0127B73F EBX=0000003B ESP=002DF528 EBP=60965366 ESI=00000000 EDI=006B0006 EFLAG=00000206
012389B2	AND      EBP, 0x4d9b7f0a                                  EAX=001B682D ECX=01080000 EDX=0127B73F EBX=0000003B ESP=002DF528 EBP=9F69AC9A ESI=00000000 EDI=006B0006 EFLAG=00000297
012389B8	INC      EBP                                              EAX=001B682D ECX=01080000 EDX=0127B73F EBX=0000003B ESP=002DF528 EBP=0D092C0A ESI=00000000 EDI=006B0006 EFLAG=00000206
012389B9	ADD      EBP, 0x2b9240b4                                  EAX=001B682D ECX=01080000 EDX=0127B73F EBX=0000003B ESP=002DF528 EBP=0D092C0B ESI=00000000 EDI=006B0006 EFLAG=00000202
012389BF	SHR      EBP, 0x4                                         EAX=001B682D ECX=01080000 EDX=0127B73F EBX=0000003B ESP=002DF528 EBP=389B6CBF ESI=00000000 EDI=006B0006 EFLAG=00000202
012389C2	PUSH     ESI                                              EAX=001B682D ECX=01080000 EDX=0127B73F EBX=0000003B ESP=002DF528 EBP=0389B6CB ESI=00000000 EDI=006B0006 EFLAG=00000203
012389C3	MOV      ESI, 0x6f74bdab                                  EAX=001B682D ECX=01080000 EDX=0127B73F EBX=0000003B ESP=002DF524 EBP=0389B6CB ESI=00000000 EDI=006B0006 EFLAG=00000203
012389C8	ADD      EBP, ESI                                         EAX=001B682D ECX=01080000 EDX=0127B73F EBX=0000003B ESP=002DF524 EBP=0389B6CB ESI=6F74BDAB EDI=006B0006 EFLAG=00000203
012389CA	POP      ESI                                              EAX=001B682D ECX=01080000 EDX=0127B73F EBX=0000003B ESP=002DF524 EBP=72FE7476 ESI=6F74BDAB EDI=006B0006 EFLAG=00000212
012389CB	MOV      EDX, EBP                                         EAX=001B682D ECX=01080000 EDX=0127B73F EBX=0000003B ESP=002DF528 EBP=72FE7476 ESI=00000000 EDI=006B0006 EFLAG=00000212
012389CD	POP      EBP                                              EAX=001B682D ECX=01080000 EDX=72FE7476 EBX=0000003B ESP=002DF528 EBP=72FE7476 ESI=00000000 EDI=006B0006 EFLAG=00000212
012389CE	ADD      EDX, -0x1                                        EAX=001B682D ECX=01080000 EDX=72FE7476 EBX=0000003B ESP=002DF52C EBP=01094B68 ESI=00000000 EDI=006B0006 EFLAG=00000212
012389D1	PUSH     EBX                                              EAX=001B682D ECX=01080000 EDX=72FE7475 EBX=0000003B ESP=002DF52C EBP=01094B68 ESI=00000000 EDI=006B0006 EFLAG=00000213
012389D2	MOV      EBX, 0x3f7459                                    EAX=001B682D ECX=01080000 EDX=72FE7475 EBX=0000003B ESP=002DF528 EBP=01094B68 ESI=00000000 EDI=006B0006 EFLAG=00000213
012389DA	ADD      EBX, 0x3f37a23c                                  EAX=001B682D ECX=01080000 EDX=72FE7475 EBX=003F7459 ESP=002DF528 EBP=01094B68 ESI=00000000 EDI=006B0006 EFLAG=00000207
012389E0	ADD      EDX, EBX                                         EAX=001B682D ECX=01080000 EDX=72FE7475 EBX=3F771695 ESP=002DF528 EBP=01094B68 ESI=00000000 EDI=006B0006 EFLAG=00000216
012389E2	POP      EBX                                              EAX=001B682D ECX=01080000 EDX=B2758B0A EBX=3F771695 ESP=002DF528 EBP=01094B68 ESI=00000000 EDI=006B0006 EFLAG=00000A86
012389E3	INC      EDX                                              EAX=001B682D ECX=01080000 EDX=B2758B0A EBX=0000003B ESP=002DF52C EBP=01094B68 ESI=00000000 EDI=006B0006 EFLAG=00000A86
012389E4	OR       EDX, 0x35883399                                  EAX=001B682D ECX=01080000 EDX=B2758B0B EBX=0000003B ESP=002DF52C EBP=01094B68 ESI=00000000 EDI=006B0006 EFLAG=00000282
012389EA	SHL      EDX, 0x3                                         EAX=001B682D ECX=01080000 EDX=B7FDBB9B EBX=0000003B ESP=002DF52C EBP=01094B68 ESI=00000000 EDI=006B0006 EFLAG=00000282
012389ED	SUB      EDX, 0x867c956a                                  EAX=001B682D ECX=01080000 EDX=BFEDDCD8 EBX=0000003B ESP=002DF52C EBP=01094B68 ESI=00000000 EDI=006B0006 EFLAG=00000287
012389F3	MOV      ECX, EDX                                         EAX=001B682D ECX=01080000 EDX=3971476E EBX=0000003B ESP=002DF52C EBP=01094B68 ESI=00000000 EDI=006B0006 EFLAG=00000212
012389F5	POP      EDX                                              EAX=001B682D ECX=3971476E EDX=3971476E EBX=0000003B ESP=002DF52C EBP=01094B68 ESI=00000000 EDI=006B0006 EFLAG=00000212
012389F6	NOT      ECX                                              EAX=001B682D ECX=3971476E EDX=0127B73F EBX=0000003B ESP=002DF530 EBP=01094B68 ESI=00000000 EDI=006B0006 EFLAG=00000212
012389F8	AND      ECX, 0x76526463                                  EAX=001B682D ECX=C68EB891 EDX=0127B73F EBX=0000003B ESP=002DF530 EBP=01094B68 ESI=00000000 EDI=006B0006 EFLAG=00000212
012389FE	PUSH     ESI                                              EAX=001B682D ECX=46022001 EDX=0127B73F EBX=0000003B ESP=002DF530 EBP=01094B68 ESI=00000000 EDI=006B0006 EFLAG=00000202
012389FF	PUSH     EBX                                              EAX=001B682D ECX=46022001 EDX=0127B73F EBX=0000003B ESP=002DF52C EBP=01094B68 ESI=00000000 EDI=006B0006 EFLAG=00000202
01238A00	PUSH     EDX                                              EAX=001B682D ECX=46022001 EDX=0127B73F EBX=0000003B ESP=002DF528 EBP=01094B68 ESI=00000000 EDI=006B0006 EFLAG=00000202
01238A01	MOV      EDX, 0x71b01d60                                  EAX=001B682D ECX=46022001 EDX=0127B73F EBX=0000003B ESP=002DF524 EBP=01094B68 ESI=00000000 EDI=006B0006 EFLAG=00000202
01238A07	DEC      EDX                                              EAX=001B682D ECX=46022001 EDX=71B01D60 EBX=0000003B ESP=002DF524 EBP=01094B68 ESI=00000000 EDI=006B0006 EFLAG=00000202
01238A08	SHL      EDX, 0x5                                         EAX=001B682D ECX=46022001 EDX=71B01D5F EBX=0000003B ESP=002DF524 EBP=01094B68 ESI=00000000 EDI=006B0006 EFLAG=00000216
01238A0B	SUB      EDX, 0x7eba3d7                                   EAX=001B682D ECX=46022001 EDX=3603ABE0 EBX=0000003B ESP=002DF524 EBP=01094B68 ESI=00000000 EDI=006B0006 EFLAG=00000202
01238A11	MOV      EBX, EDX                                         EAX=001B682D ECX=46022001 EDX=2E180809 EBX=0000003B ESP=002DF524 EBP=01094B68 ESI=00000000 EDI=006B0006 EFLAG=00000216
01238A13	POP      EDX                                              EAX=001B682D ECX=46022001 EDX=2E180809 EBX=2E180809 ESP=002DF524 EBP=01094B68 ESI=00000000 EDI=006B0006 EFLAG=00000216
01238A14	PUSH     EBX                                              EAX=001B682D ECX=46022001 EDX=0127B73F EBX=2E180809 ESP=002DF528 EBP=01094B68 ESI=00000000 EDI=006B0006 EFLAG=00000216
01238A15	MOV      EBX, 0x9ca0812c                                  EAX=001B682D ECX=46022001 EDX=0127B73F EBX=2E180809 ESP=002DF524 EBP=01094B68 ESI=00000000 EDI=006B0006 EFLAG=00000216
01238A20	MOV      ESI, EBX                                         EAX=001B682D ECX=46022001 EDX=0127B73F EBX=9CA0812C ESP=002DF524 EBP=01094B68 ESI=00000000 EDI=006B0006 EFLAG=00000A82
01238A22	POP      EBX                                              EAX=001B682D ECX=46022001 EDX=0127B73F EBX=9CA0812C ESP=002DF524 EBP=01094B68 ESI=9CA0812C EDI=006B0006 EFLAG=00000A82
01238A23	SUB      ESI, EBX                                         EAX=001B682D ECX=46022001 EDX=0127B73F EBX=2E180809 ESP=002DF528 EBP=01094B68 ESI=9CA0812C EDI=006B0006 EFLAG=00000A82
01238A25	POP      EBX                                              EAX=001B682D ECX=46022001 EDX=0127B73F EBX=2E180809 ESP=002DF528 EBP=01094B68 ESI=6E887923 EDI=006B0006 EFLAG=00000A02
01238A26	SUB      ECX, ESI                                         EAX=001B682D ECX=46022001 EDX=0127B73F EBX=0000003B ESP=002DF52C EBP=01094B68 ESI=6E887923 EDI=006B0006 EFLAG=00000A02
01238A28	POP      ESI                                              EAX=001B682D ECX=D779A6DE EDX=0127B73F EBX=0000003B ESP=002DF52C EBP=01094B68 ESI=6E887923 EDI=006B0006 EFLAG=00000297
01238A29	PUSH     ESI                                              EAX=001B682D ECX=D779A6DE EDX=0127B73F EBX=0000003B ESP=002DF530 EBP=01094B68 ESI=00000000 EDI=006B0006 EFLAG=00000297
01238A2A	MOV      ESI, 0xbb0f84f6                                  EAX=001B682D ECX=D779A6DE EDX=0127B73F EBX=0000003B ESP=002DF52C EBP=01094B68 ESI=00000000 EDI=006B0006 EFLAG=00000297
01238A2F	XOR      ECX, ESI                                         EAX=001B682D ECX=D779A6DE EDX=0127B73F EBX=0000003B ESP=002DF52C EBP=01094B68 ESI=BB0F84F6 EDI=006B0006 EFLAG=00000297
01238A31	POP      ESI                                              EAX=001B682D ECX=6C762228 EDX=0127B73F EBX=0000003B ESP=002DF52C EBP=01094B68 ESI=BB0F84F6 EDI=006B0006 EFLAG=00000206
01238A37	SUB      EAX, ECX                                         EAX=FDC106E5 ECX=6C762228 EDX=0127B73F EBX=0000003B ESP=002DF530 EBP=01094B68 ESI=00000000 EDI=006B0006 EFLAG=00000283
01238A3E	POP      ECX                                              EAX=93A54605 ECX=6C762228 EDX=0127B73F EBX=0000003B ESP=002DF530 EBP=01094B68 ESI=00000000 EDI=006B0006 EFLAG=00000296
01238A3F	ADD      EAX, ECX                                         EAX=93A54605 ECX=01080000 EDX=0127B73F EBX=0000003B ESP=002DF534 EBP=01094B68 ESI=00000000 EDI=006B0006 EFLAG=00000296
01238A41	ADD      EAX, 0x6c762228                                  EAX=94AD4605 ECX=01080000 EDX=0127B73F EBX=0000003B ESP=002DF534 EBP=01094B68 ESI=00000000 EDI=006B0006 EFLAG=00000286
01238A46	PUSH     EBP                                              EAX=0123682D ECX=01080000 EDX=0127B73F EBX=0000003B ESP=002DF534 EBP=01094B68 ESI=00000000 EDI=006B0006 EFLAG=00000207
01238A47	MOV      EBP, 0x1e044193                                  EAX=0123682D ECX=01080000 EDX=0127B73F EBX=0000003B ESP=002DF530 EBP=01094B68 ESI=00000000 EDI=006B0006 EFLAG=00000207
01238A4D	PUSH     ESI                                              EAX=0123682D ECX=01080000 EDX=0127B73F EBX=0000003B ESP=002DF530 EBP=1E044193 ESI=00000000 EDI=006B0006 EFLAG=00000207
01238A4E	MOV      ESI, 0x6bd54093                                  EAX=0123682D ECX=01080000 EDX=0127B73F EBX=0000003B ESP=002DF52C EBP=1E044193 ESI=00000000 EDI=006B0006 EFLAG=00000207
01238A53	OR       EBP, ESI                                         EAX=0123682D ECX=01080000 EDX=0127B73F EBX=0000003B ESP=002DF52C EBP=1E044193 ESI=6BD54093 EDI=006B0006 EFLAG=00000207
01238A55	POP      ESI                                              EAX=0123682D ECX=01080000 EDX=0127B73F EBX=0000003B ESP=002DF52C EBP=7FD54193 ESI=6BD54093 EDI=006B0006 EFLAG=00000206
01238A56	SHL      EBP, 0x2                                         EAX=0123682D ECX=01080000 EDX=0127B73F EBX=0000003B ESP=002DF530 EBP=7FD54193 ESI=00000000 EDI=006B0006 EFLAG=00000206
01238A59	PUSH     EAX                                              EAX=0123682D ECX=01080000 EDX=0127B73F EBX=0000003B ESP=002DF530 EBP=FF55064C ESI=00000000 EDI=006B0006 EFLAG=00000283
01238A62	PUSH     ECX                                              EAX=0123682D ECX=01080000 EDX=0127B73F EBX=0000003B ESP=002DF52C EBP=FF55064C ESI=00000000 EDI=006B0006 EFLAG=00000212
01238A63	PUSH     EAX                                              EAX=0123682D ECX=01080000 EDX=0127B73F EBX=0000003B ESP=002DF528 EBP=FF55064C ESI=00000000 EDI=006B0006 EFLAG=00000212
01238A64	MOV      EAX, 0x876628c                                   EAX=0123682D ECX=01080000 EDX=0127B73F EBX=0000003B ESP=002DF524 EBP=FF55064C ESI=00000000 EDI=006B0006 EFLAG=00000212
01238A69	MOV      ECX, 0x19fcd4fb                                  EAX=0876628C ECX=01080000 EDX=0127B73F EBX=0000003B ESP=002DF524 EBP=FF55064C ESI=00000000 EDI=006B0006 EFLAG=00000212
01238A6E	SUB      ECX, EAX                                         EAX=0876628C ECX=19FCD4FB EDX=0127B73F EBX=0000003B ESP=002DF524 EBP=FF55064C ESI=00000000 EDI=006B0006 EFLAG=00000212
01238A70	POP      EAX                                              EAX=0876628C ECX=1186726F EDX=0127B73F EBX=0000003B ESP=002DF524 EBP=FF55064C ESI=00000000 EDI=006B0006 EFLAG=00000216
01238A71	ADD      ECX, 0xffffffff                                  EAX=0123682D ECX=1186726F EDX=0127B73F EBX=0000003B ESP=002DF528 EBP=FF55064C ESI=00000000 EDI=006B0006 EFLAG=00000216
01238A77	NEG      ECX                                              EAX=0123682D ECX=1186726E EDX=0127B73F EBX=0000003B ESP=002DF528 EBP=FF55064C ESI=00000000 EDI=006B0006 EFLAG=00000213
01238A79	AND      ECX, 0x67ed1750                                  EAX=0123682D ECX=EE798D92 EDX=0127B73F EBX=0000003B ESP=002DF528 EBP=FF55064C ESI=00000000 EDI=006B0006 EFLAG=00000293
01238A7F	PUSH     ESI                                              EAX=0123682D ECX=66690510 EDX=0127B73F EBX=0000003B ESP=002DF528 EBP=FF55064C ESI=00000000 EDI=006B0006 EFLAG=00000202
01238A80	MOV      ESI, 0x3e025d6f                                  EAX=0123682D ECX=66690510 EDX=0127B73F EBX=0000003B ESP=002DF524 EBP=FF55064C ESI=00000000 EDI=006B0006 EFLAG=00000202
01238A8B	NOT      ESI                                              EAX=0123682D ECX=66690510 EDX=0127B73F EBX=0000003B ESP=002DF524 EBP=FF55064C ESI=3E025D6F EDI=006B0006 EFLAG=00000206
01238A91	OR       ESI, 0x2008138c                                  EAX=0123682D ECX=66690510 EDX=0127B73F EBX=0000003B ESP=002DF524 EBP=FF55064C ESI=C1FDA290 EDI=006B0006 EFLAG=00000206
01238A97	ADD      ESI, 0x78f6e4f2                                  EAX=0123682D ECX=66690510 EDX=0127B73F EBX=0000003B ESP=002DF524 EBP=FF55064C ESI=E1FDB39C EDI=006B0006 EFLAG=00000286
01238A9D	SUB      ECX, ESI                                         EAX=0123682D ECX=66690510 EDX=0127B73F EBX=0000003B ESP=002DF524 EBP=FF55064C ESI=5AF4988E EDI=006B0006 EFLAG=00000207
01238A9F	POP      ESI                                              EAX=0123682D ECX=0B746C82 EDX=0127B73F EBX=0000003B ESP=002DF524 EBP=FF55064C ESI=5AF4988E EDI=006B0006 EFLAG=00000216
01238AA0	MOV      EAX, ECX                                         EAX=0123682D ECX=0B746C82 EDX=0127B73F EBX=0000003B ESP=002DF528 EBP=FF55064C ESI=00000000 EDI=006B0006 EFLAG=00000216
01238AA2	POP      ECX                                              EAX=0B746C82 ECX=0B746C82 EDX=0127B73F EBX=0000003B ESP=002DF528 EBP=FF55064C ESI=00000000 EDI=006B0006 EFLAG=00000216
01238AA3	ADD      EAX, 0x7b351324                                  EAX=0B746C82 ECX=01080000 EDX=0127B73F EBX=0000003B ESP=002DF52C EBP=FF55064C ESI=00000000 EDI=006B0006 EFLAG=00000216
01238AA8	PUSH     ESI                                              EAX=86A97FA6 ECX=01080000 EDX=0127B73F EBX=0000003B ESP=002DF52C EBP=FF55064C ESI=00000000 EDI=006B0006 EFLAG=00000A86
01238AA9	MOV      ESI, 0x574023e8                                  EAX=86A97FA6 ECX=01080000 EDX=0127B73F EBX=0000003B ESP=002DF528 EBP=FF55064C ESI=00000000 EDI=006B0006 EFLAG=00000A86
01238AAE	PUSH     EBP                                              EAX=86A97FA6 ECX=01080000 EDX=0127B73F EBX=0000003B ESP=002DF528 EBP=FF55064C ESI=574023E8 EDI=006B0006 EFLAG=00000A86
01238AAF	MOV      EBP, 0x42b51159                                  EAX=86A97FA6 ECX=01080000 EDX=0127B73F EBX=0000003B ESP=002DF524 EBP=FF55064C ESI=574023E8 EDI=006B0006 EFLAG=00000A86
01238ABA	OR       ESI, EBP                                         EAX=86A97FA6 ECX=01080000 EDX=0127B73F EBX=0000003B ESP=002DF524 EBP=42B51159 ESI=574023E8 EDI=006B0006 EFLAG=00000216
01238ABC	POP      EBP                                              EAX=86A97FA6 ECX=01080000 EDX=0127B73F EBX=0000003B ESP=002DF524 EBP=42B51159 ESI=57F533F9 EDI=006B0006 EFLAG=00000206
01238ABD	SUB      ESI, 0xda522cd9                                  EAX=86A97FA6 ECX=01080000 EDX=0127B73F EBX=0000003B ESP=002DF528 EBP=FF55064C ESI=57F533F9 EDI=006B0006 EFLAG=00000206
01238AC3	OR       EAX, ESI                                         EAX=86A97FA6 ECX=01080000 EDX=0127B73F EBX=0000003B ESP=002DF528 EBP=FF55064C ESI=7DA30720 EDI=006B0006 EFLAG=00000203
01238AC5	POP      ESI                                              EAX=FFAB7FA6 ECX=01080000 EDX=0127B73F EBX=0000003B ESP=002DF528 EBP=FF55064C ESI=7DA30720 EDI=006B0006 EFLAG=00000286
01238AC6	SUB      EAX, 0x3c884997                                  EAX=FFAB7FA6 ECX=01080000 EDX=0127B73F EBX=0000003B ESP=002DF52C EBP=FF55064C ESI=00000000 EDI=006B0006 EFLAG=00000286
01238ACB	PUSH     ECX                                              EAX=C323360F ECX=01080000 EDX=0127B73F EBX=0000003B ESP=002DF52C EBP=FF55064C ESI=00000000 EDI=006B0006 EFLAG=00000296
01238ACF	MOV      ECX, 0x79ec7c15                                  EAX=C323360F ECX=01080000 EDX=0127B73F EBX=0000003B ESP=002DF528 EBP=FF55064C ESI=00000000 EDI=006B0006 EFLAG=00000296
01238AD7	DEC      ECX                                              EAX=C323360F ECX=79EC7C15 EDX=0127B73F EBX=0000003B ESP=002DF528 EBP=FF55064C ESI=00000000 EDI=006B0006 EFLAG=00000213
01238AD8	SUB      ECX, 0x35270078                                  EAX=C323360F ECX=79EC7C14 EDX=0127B73F EBX=0000003B ESP=002DF528 EBP=FF55064C ESI=00000000 EDI=006B0006 EFLAG=00000207
01238ADE	NOT      ECX                                              EAX=C323360F ECX=44C57B9C EDX=0127B73F EBX=0000003B ESP=002DF528 EBP=FF55064C ESI=00000000 EDI=006B0006 EFLAG=00000216
01238AE0	XOR      ECX, 0x3ad10c82                                  EAX=C323360F ECX=BB3A8463 EDX=0127B73F EBX=0000003B ESP=002DF528 EBP=FF55064C ESI=00000000 EDI=006B0006 EFLAG=00000216
01238AE6	ADD      ECX, 0x41e2a6f2                                  EAX=C323360F ECX=81EB88E1 EDX=0127B73F EBX=0000003B ESP=002DF528 EBP=FF55064C ESI=00000000 EDI=006B0006 EFLAG=00000286
01238AEC	SUB      EAX, 0x4eb61417                                  EAX=C323360F ECX=C3CE2FD3 EDX=0127B73F EBX=0000003B ESP=002DF528 EBP=FF55064C ESI=00000000 EDI=006B0006 EFLAG=00000282
01238AF6	SUB      EAX, ECX                                         EAX=746D21F8 ECX=C3CE2FD3 EDX=0127B73F EBX=0000003B ESP=002DF528 EBP=FF55064C ESI=00000000 EDI=006B0006 EFLAG=00000A02
01238AF8	ADD      EAX, 0x4eb61417                                  EAX=B09EF225 ECX=C3CE2FD3 EDX=0127B73F EBX=0000003B ESP=002DF528 EBP=FF55064C ESI=00000000 EDI=006B0006 EFLAG=00000A83
01238B02	POP      ECX                                              EAX=FF55063C ECX=C3CE2FD3 EDX=0127B73F EBX=0000003B ESP=002DF528 EBP=FF55064C ESI=00000000 EDI=006B0006 EFLAG=00000297
01238B03	SUB      EBP, EAX                                         EAX=FF55063C ECX=01080000 EDX=0127B73F EBX=0000003B ESP=002DF52C EBP=FF55064C ESI=00000000 EDI=006B0006 EFLAG=00000297
01238B05	POP      EAX                                              EAX=FF55063C ECX=01080000 EDX=0127B73F EBX=0000003B ESP=002DF52C EBP=00000010 ESI=00000000 EDI=006B0006 EFLAG=00000202
01238B06	MOV      EBX, EBP                                         EAX=0123682D ECX=01080000 EDX=0127B73F EBX=0000003B ESP=002DF530 EBP=00000010 ESI=00000000 EDI=006B0006 EFLAG=00000202
01238B08	POP      EBP                                              EAX=0123682D ECX=01080000 EDX=0127B73F EBX=00000010 ESP=002DF530 EBP=00000010 ESI=00000000 EDI=006B0006 EFLAG=00000202
01238B11	PUSH     DWORD [EBP+EBX+0x0]                              EAX=0123682D ECX=01080000 EDX=0127B73F EBX=00000010 ESP=002DF534 EBP=01094B68 ESI=00000000 EDI=006B0006 EFLAG=00000202
01238B15	PUSH     DWORD [ESP]                                      EAX=0123682D ECX=01080000 EDX=0127B73F EBX=00000010 ESP=002DF530 EBP=01094B68 ESI=00000000 EDI=006B0006 EFLAG=00000202
01238B18	POP      EDX                                              EAX=0123682D ECX=01080000 EDX=0127B73F EBX=00000010 ESP=002DF52C EBP=01094B68 ESI=00000000 EDI=006B0006 EFLAG=00000202
01238B1E	PUSH     EBX                                              EAX=0123682D ECX=01080000 EDX=0123682D EBX=00000010 ESP=002DF530 EBP=01094B68 ESI=00000000 EDI=006B0006 EFLAG=00000216
01238B26	PUSH     ESP                                              EAX=0123682D ECX=01080000 EDX=0123682D EBX=00000010 ESP=002DF52C EBP=01094B68 ESI=00000000 EDI=006B0006 EFLAG=00000216
01238B27	POP      EBX                                              EAX=0123682D ECX=01080000 EDX=0123682D EBX=00000010 ESP=002DF528 EBP=01094B68 ESI=00000000 EDI=006B0006 EFLAG=00000216
01238B2D	ADD      EBX, 0x4                                         EAX=0123682D ECX=01080000 EDX=0123682D EBX=002DF52C ESP=002DF52C EBP=01094B68 ESI=00000000 EDI=006B0006 EFLAG=00000202
01238B33	PUSH     ECX                                              EAX=0123682D ECX=01080000 EDX=0123682D EBX=002DF530 ESP=002DF52C EBP=01094B68 ESI=00000000 EDI=006B0006 EFLAG=00000216
01238B34	PUSH     EBP                                              EAX=0123682D ECX=01080000 EDX=0123682D EBX=002DF530 ESP=002DF528 EBP=01094B68 ESI=00000000 EDI=006B0006 EFLAG=00000216
01238B38	MOV      EBP, 0x1d2d21e3                                  EAX=0123682D ECX=01080000 EDX=0123682D EBX=002DF530 ESP=002DF524 EBP=01094B68 ESI=00000000 EDI=006B0006 EFLAG=00000216
01238B3D	MOV      ECX, EBP                                         EAX=0123682D ECX=01080000 EDX=0123682D EBX=002DF530 ESP=002DF524 EBP=1D2D21E3 ESI=00000000 EDI=006B0006 EFLAG=00000216
01238B3F	POP      EBP                                              EAX=0123682D ECX=1D2D21E3 EDX=0123682D EBX=002DF530 ESP=002DF524 EBP=1D2D21E3 ESI=00000000 EDI=006B0006 EFLAG=00000216
01238B40	XOR      ECX, 0x59693c41                                  EAX=0123682D ECX=1D2D21E3 EDX=0123682D EBX=002DF530 ESP=002DF528 EBP=01094B68 ESI=00000000 EDI=006B0006 EFLAG=00000216
01238B46	PUSH     EDI                                              EAX=0123682D ECX=44441DA2 EDX=0123682D EBX=002DF530 ESP=002DF528 EBP=01094B68 ESI=00000000 EDI=006B0006 EFLAG=00000202
01238B47	MOV      EDI, 0x39401bc2                                  EAX=0123682D ECX=44441DA2 EDX=0123682D EBX=002DF530 ESP=002DF524 EBP=01094B68 ESI=00000000 EDI=006B0006 EFLAG=00000202
01238B4C	SUB      ECX, EDI                                         EAX=0123682D ECX=44441DA2 EDX=0123682D EBX=002DF530 ESP=002DF524 EBP=01094B68 ESI=00000000 EDI=39401BC2 EFLAG=00000202
01238B4E	POP      EDI                                              EAX=0123682D ECX=0B0401E0 EDX=0123682D EBX=002DF530 ESP=002DF524 EBP=01094B68 ESI=00000000 EDI=39401BC2 EFLAG=00000202
01238B4F	PUSH     ESI                                              EAX=0123682D ECX=0B0401E0 EDX=0123682D EBX=002DF530 ESP=002DF528 EBP=01094B68 ESI=00000000 EDI=006B0006 EFLAG=00000202
01238B50	MOV      ESI, 0x46674513                                  EAX=0123682D ECX=0B0401E0 EDX=0123682D EBX=002DF530 ESP=002DF524 EBP=01094B68 ESI=00000000 EDI=006B0006 EFLAG=00000202
01238B55	ADD      ECX, ESI                                         EAX=0123682D ECX=0B0401E0 EDX=0123682D EBX=002DF530 ESP=002DF524 EBP=01094B68 ESI=46674513 EDI=006B0006 EFLAG=00000202
01238B57	MOV      ESI, [ESP]                                       EAX=0123682D ECX=516B46F3 EDX=0123682D EBX=002DF530 ESP=002DF524 EBP=01094B68 ESI=46674513 EDI=006B0006 EFLAG=00000206
01238B5A	PUSH     ECX                                              EAX=0123682D ECX=516B46F3 EDX=0123682D EBX=002DF530 ESP=002DF524 EBP=01094B68 ESI=00000000 EDI=006B0006 EFLAG=00000206
01238B5B	MOV      ECX, ESP                                         EAX=0123682D ECX=516B46F3 EDX=0123682D EBX=002DF530 ESP=002DF520 EBP=01094B68 ESI=00000000 EDI=006B0006 EFLAG=00000206
01238B5D	ADD      ECX, 0x8                                         EAX=0123682D ECX=002DF520 EDX=0123682D EBX=002DF530 ESP=002DF520 EBP=01094B68 ESI=00000000 EDI=006B0006 EFLAG=00000206
01238B69	XCHG     [ESP], ECX                                       EAX=0123682D ECX=002DF528 EDX=0123682D EBX=002DF530 ESP=002DF520 EBP=01094B68 ESI=00000000 EDI=006B0006 EFLAG=00000206
01238B6C	POP      ESP                                              EAX=0123682D ECX=516B46F3 EDX=0123682D EBX=002DF530 ESP=002DF520 EBP=01094B68 ESI=00000000 EDI=006B0006 EFLAG=00000206
01238B6D	OR       ECX, 0x12115f79                                  EAX=0123682D ECX=516B46F3 EDX=0123682D EBX=002DF530 ESP=002DF528 EBP=01094B68 ESI=00000000 EDI=006B0006 EFLAG=00000206
01238B73	PUSH     EDX                                              EAX=0123682D ECX=537B5FFB EDX=0123682D EBX=002DF530 ESP=002DF528 EBP=01094B68 ESI=00000000 EDI=006B0006 EFLAG=00000202
01238B74	MOV      EDX, 0x35ab43b4                                  EAX=0123682D ECX=537B5FFB EDX=0123682D EBX=002DF530 ESP=002DF524 EBP=01094B68 ESI=00000000 EDI=006B0006 EFLAG=00000202
01238B79	SUB      ECX, EDX                                         EAX=0123682D ECX=537B5FFB EDX=35AB43B4 EBX=002DF530 ESP=002DF524 EBP=01094B68 ESI=00000000 EDI=006B0006 EFLAG=00000202
01238B7B	POP      EDX                                              EAX=0123682D ECX=1DD01C47 EDX=35AB43B4 EBX=002DF530 ESP=002DF524 EBP=01094B68 ESI=00000000 EDI=006B0006 EFLAG=00000206
01238B7C	PUSH     EDI                                              EAX=0123682D ECX=1DD01C47 EDX=0123682D EBX=002DF530 ESP=002DF528 EBP=01094B68 ESI=00000000 EDI=006B0006 EFLAG=00000206
01238B7D	MOV      EDI, 0x9a71f46                                   EAX=0123682D ECX=1DD01C47 EDX=0123682D EBX=002DF530 ESP=002DF524 EBP=01094B68 ESI=00000000 EDI=006B0006 EFLAG=00000206
01238B82	OR       ECX, EDI                                         EAX=0123682D ECX=1DD01C47 EDX=0123682D EBX=002DF530 ESP=002DF524 EBP=01094B68 ESI=00000000 EDI=09A71F46 EFLAG=00000206
01238B84	POP      EDI                                              EAX=0123682D ECX=1DF71F47 EDX=0123682D EBX=002DF530 ESP=002DF524 EBP=01094B68 ESI=00000000 EDI=09A71F46 EFLAG=00000206
01238B85	XOR      ECX, 0x251d3b5e                                  EAX=0123682D ECX=1DF71F47 EDX=0123682D EBX=002DF530 ESP=002DF528 EBP=01094B68 ESI=00000000 EDI=006B0006 EFLAG=00000206
01238B8B	SHL      ECX, 0x4                                         EAX=0123682D ECX=38EA2419 EDX=0123682D EBX=002DF530 ESP=002DF528 EBP=01094B68 ESI=00000000 EDI=006B0006 EFLAG=00000202
01238B8E	SUB      ECX, 0x8ea2418c                                  EAX=0123682D ECX=8EA24190 EDX=0123682D EBX=002DF530 ESP=002DF528 EBP=01094B68 ESI=00000000 EDI=006B0006 EFLAG=00000287
01238B94	ADD      EBX, ECX                                         EAX=0123682D ECX=00000004 EDX=0123682D EBX=002DF530 ESP=002DF528 EBP=01094B68 ESI=00000000 EDI=006B0006 EFLAG=00000212
01238B96	POP      ECX                                              EAX=0123682D ECX=00000004 EDX=0123682D EBX=002DF534 ESP=002DF528 EBP=01094B68 ESI=00000000 EDI=006B0006 EFLAG=00000202
01238B97	PUSH     EBX                                              EAX=0123682D ECX=01080000 EDX=0123682D EBX=002DF534 ESP=002DF52C EBP=01094B68 ESI=00000000 EDI=006B0006 EFLAG=00000202
01238B9F	MOV      EBX, [ESP+0x4]                                   EAX=0123682D ECX=01080000 EDX=0123682D EBX=002DF534 ESP=002DF528 EBP=01094B68 ESI=00000000 EDI=006B0006 EFLAG=00000202
01238BA4	POP      DWORD [ESP]                                      EAX=0123682D ECX=01080000 EDX=0123682D EBX=00000010 ESP=002DF528 EBP=01094B68 ESI=00000000 EDI=006B0006 EFLAG=00000202
01238BA7	POP      ESP                                              EAX=0123682D ECX=01080000 EDX=0123682D EBX=00000010 ESP=002DF52C EBP=01094B68 ESI=00000000 EDI=006B0006 EFLAG=00000202
01238BA8	CMP      EDX, EAX                                         EAX=0123682D ECX=01080000 EDX=0123682D EBX=00000010 ESP=002DF534 EBP=01094B68 ESI=00000000 EDI=006B0006 EFLAG=00000202
01238BAA	JZ       0x1239031                                        EAX=0123682D ECX=01080000 EDX=0123682D EBX=00000010 ESP=002DF534 EBP=01094B68 ESI=00000000 EDI=006B0006 EFLAG=00000246
01239031	PUSH     DWORD [ESP+0x24]                                 EAX=0123682D ECX=01080000 EDX=0123682D EBX=00000010 ESP=002DF534 EBP=01094B68 ESI=00000000 EDI=006B0006 EFLAG=00000246
01239035	PUSH     DWORD [ESP]                                      EAX=0123682D ECX=01080000 EDX=0123682D EBX=00000010 ESP=002DF530 EBP=01094B68 ESI=00000000 EDI=006B0006 EFLAG=00000246
01239038	MOV      EBX, [ESP]                                       EAX=0123682D ECX=01080000 EDX=0123682D EBX=00000010 ESP=002DF52C EBP=01094B68 ESI=00000000 EDI=006B0006 EFLAG=00000246
0123903B	PUSH     EBX                                              EAX=0123682D ECX=01080000 EDX=0123682D EBX=0000011F ESP=002DF52C EBP=01094B68 ESI=00000000 EDI=006B0006 EFLAG=00000246
01239043	PUSH     ESP                                              EAX=0123682D ECX=01080000 EDX=0123682D EBX=0000011F ESP=002DF528 EBP=01094B68 ESI=00000000 EDI=006B0006 EFLAG=00000246
01239044	MOV      EBX, [ESP]                                       EAX=0123682D ECX=01080000 EDX=0123682D EBX=0000011F ESP=002DF524 EBP=01094B68 ESI=00000000 EDI=006B0006 EFLAG=00000246
01239047	PUSH     EBP                                              EAX=0123682D ECX=01080000 EDX=0123682D EBX=002DF528 ESP=002DF524 EBP=01094B68 ESI=00000000 EDI=006B0006 EFLAG=00000246
01239048	MOV      EBP, ESP                                         EAX=0123682D ECX=01080000 EDX=0123682D EBX=002DF528 ESP=002DF520 EBP=01094B68 ESI=00000000 EDI=006B0006 EFLAG=00000246
0123904A	ADD      EBP, 0x8                                         EAX=0123682D ECX=01080000 EDX=0123682D EBX=002DF528 ESP=002DF520 EBP=002DF520 ESI=00000000 EDI=006B0006 EFLAG=00000246
01239053	XCHG     [ESP], EBP                                       EAX=0123682D ECX=01080000 EDX=0123682D EBX=002DF528 ESP=002DF520 EBP=002DF528 ESI=00000000 EDI=006B0006 EFLAG=00000206
01239056	POP      ESP                                              EAX=0123682D ECX=01080000 EDX=0123682D EBX=002DF528 ESP=002DF520 EBP=01094B68 ESI=00000000 EDI=006B0006 EFLAG=00000206
01239057	PUSH     ESI                                              EAX=0123682D ECX=01080000 EDX=0123682D EBX=002DF528 ESP=002DF528 EBP=01094B68 ESI=00000000 EDI=006B0006 EFLAG=00000206
01239058	MOV      ESI, 0x9d6286ff                                  EAX=0123682D ECX=01080000 EDX=0123682D EBX=002DF528 ESP=002DF524 EBP=01094B68 ESI=00000000 EDI=006B0006 EFLAG=00000206
01239063	AND      ESI, 0x135f327a                                  EAX=0123682D ECX=01080000 EDX=0123682D EBX=002DF528 ESP=002DF524 EBP=01094B68 ESI=9D6286FF EDI=006B0006 EFLAG=00000A86
01239069	NOT      ESI                                              EAX=0123682D ECX=01080000 EDX=0123682D EBX=002DF528 ESP=002DF524 EBP=01094B68 ESI=1142027A EDI=006B0006 EFLAG=00000202
0123906B	XOR      ESI, 0x46cd01f5                                  EAX=0123682D ECX=01080000 EDX=0123682D EBX=002DF528 ESP=002DF524 EBP=01094B68 ESI=EEBDFD85 EDI=006B0006 EFLAG=00000202
01239071	SUB      ESI, 0xa870fc6c                                  EAX=0123682D ECX=01080000 EDX=0123682D EBX=002DF528 ESP=002DF524 EBP=01094B68 ESI=A870FC70 EDI=006B0006 EFLAG=00000282
01239077	ADD      EBX, ESI                                         EAX=0123682D ECX=01080000 EDX=0123682D EBX=002DF528 ESP=002DF524 EBP=01094B68 ESI=00000004 EDI=006B0006 EFLAG=00000212
01239079	POP      ESI                                              EAX=0123682D ECX=01080000 EDX=0123682D EBX=002DF52C ESP=002DF524 EBP=01094B68 ESI=00000004 EDI=006B0006 EFLAG=00000202
0123907A	PUSH     EDI                                              EAX=0123682D ECX=01080000 EDX=0123682D EBX=002DF52C ESP=002DF528 EBP=01094B68 ESI=00000000 EDI=006B0006 EFLAG=00000202
0123907B	MOV      EDI, 0x4                                         EAX=0123682D ECX=01080000 EDX=0123682D EBX=002DF52C ESP=002DF524 EBP=01094B68 ESI=00000000 EDI=006B0006 EFLAG=00000202
01239084	ADD      EBX, EDI                                         EAX=0123682D ECX=01080000 EDX=0123682D EBX=002DF52C ESP=002DF524 EBP=01094B68 ESI=00000000 EDI=00000004 EFLAG=00000202
01239086	POP      EDI                                              EAX=0123682D ECX=01080000 EDX=0123682D EBX=002DF530 ESP=002DF524 EBP=01094B68 ESI=00000000 EDI=00000004 EFLAG=00000216
01239087	PUSH     EBX                                              EAX=0123682D ECX=01080000 EDX=0123682D EBX=002DF530 ESP=002DF528 EBP=01094B68 ESI=00000000 EDI=006B0006 EFLAG=00000216
01239088	MOV      EBX, [ESP+0x4]                                   EAX=0123682D ECX=01080000 EDX=0123682D EBX=002DF530 ESP=002DF524 EBP=01094B68 ESI=00000000 EDI=006B0006 EFLAG=00000216
0123908D	POP      DWORD [ESP]                                      EAX=0123682D ECX=01080000 EDX=0123682D EBX=0000011F ESP=002DF524 EBP=01094B68 ESI=00000000 EDI=006B0006 EFLAG=00000216
01239090	POP      ESP                                              EAX=0123682D ECX=01080000 EDX=0123682D EBX=0000011F ESP=002DF528 EBP=01094B68 ESI=00000000 EDI=006B0006 EFLAG=00000216
01239091	PUSH     ECX                                              EAX=0123682D ECX=01080000 EDX=0123682D EBX=0000011F ESP=002DF530 EBP=01094B68 ESI=00000000 EDI=006B0006 EFLAG=00000216
01239092	MOV      ECX, ESP                                         EAX=0123682D ECX=01080000 EDX=0123682D EBX=0000011F ESP=002DF52C EBP=01094B68 ESI=00000000 EDI=006B0006 EFLAG=00000216
01239094	PUSH     EDI                                              EAX=0123682D ECX=002DF52C EDX=0123682D EBX=0000011F ESP=002DF52C EBP=01094B68 ESI=00000000 EDI=006B0006 EFLAG=00000216
01239095	MOV      EDI, 0x5ed826c0                                  EAX=0123682D ECX=002DF52C EDX=0123682D EBX=0000011F ESP=002DF528 EBP=01094B68 ESI=00000000 EDI=006B0006 EFLAG=00000216
0123909D	ADD      EDI, 0xa127d944                                  EAX=0123682D ECX=002DF52C EDX=0123682D EBX=0000011F ESP=002DF528 EBP=01094B68 ESI=00000000 EDI=5ED826C0 EFLAG=00000206
012390A9	ADD      ECX, EDI                                         EAX=0123682D ECX=002DF52C EDX=0123682D EBX=0000011F ESP=002DF528 EBP=01094B68 ESI=00000000 EDI=00000004 EFLAG=00000203
012390AB	POP      EDI                                              EAX=0123682D ECX=002DF530 EDX=0123682D EBX=0000011F ESP=002DF528 EBP=01094B68 ESI=00000000 EDI=00000004 EFLAG=00000216
012390B4	ADD      ECX, 0x4                                         EAX=0123682D ECX=002DF530 EDX=0123682D EBX=0000011F ESP=002DF52C EBP=01094B68 ESI=00000000 EDI=006B0006 EFLAG=00000202
012390B7	PUSH     ECX                                              EAX=0123682D ECX=002DF534 EDX=0123682D EBX=0000011F ESP=002DF52C EBP=01094B68 ESI=00000000 EDI=006B0006 EFLAG=00000202
012390B8	MOV      ECX, [ESP+0x4]                                   EAX=0123682D ECX=002DF534 EDX=0123682D EBX=0000011F ESP=002DF528 EBP=01094B68 ESI=00000000 EDI=006B0006 EFLAG=00000202
012390BD	POP      DWORD [ESP]                                      EAX=0123682D ECX=01080000 EDX=0123682D EBX=0000011F ESP=002DF528 EBP=01094B68 ESI=00000000 EDI=006B0006 EFLAG=00000202
012390C0	MOV      ESP, [ESP]                                       EAX=0123682D ECX=01080000 EDX=0123682D EBX=0000011F ESP=002DF52C EBP=01094B68 ESI=00000000 EDI=006B0006 EFLAG=00000202
012390C3	SHL      EBX, 0x2                                         EAX=0123682D ECX=01080000 EDX=0123682D EBX=0000011F ESP=002DF534 EBP=01094B68 ESI=00000000 EDI=006B0006 EFLAG=00000202
012390C6	PUSH     ESI                                              EAX=0123682D ECX=01080000 EDX=0123682D EBX=0000047C ESP=002DF534 EBP=01094B68 ESI=00000000 EDI=006B0006 EFLAG=00000202
012390CE	PUSH     EDX                                              EAX=0123682D ECX=01080000 EDX=0123682D EBX=0000047C ESP=002DF530 EBP=01094B68 ESI=00000000 EDI=006B0006 EFLAG=00000202
012390CF	MOV      EDX, 0x6ce14a15                                  EAX=0123682D ECX=01080000 EDX=0123682D EBX=0000047C ESP=002DF52C EBP=01094B68 ESI=00000000 EDI=006B0006 EFLAG=00000202
012390DA	XOR      EDX, 0x5c3031b3                                  EAX=0123682D ECX=01080000 EDX=6CE14A15 EBX=0000047C ESP=002DF52C EBP=01094B68 ESI=00000000 EDI=006B0006 EFLAG=00000202
012390E0	NEG      EDX                                              EAX=0123682D ECX=01080000 EDX=30D17BA6 EBX=0000047C ESP=002DF52C EBP=01094B68 ESI=00000000 EDI=006B0006 EFLAG=00000206
012390E9	PUSH     EBX                                              EAX=0123682D ECX=01080000 EDX=CF2E845A EBX=0000047C ESP=002DF52C EBP=01094B68 ESI=00000000 EDI=006B0006 EFLAG=00000297
012390EA	MOV      EBX, 0x759f62ca                                  EAX=0123682D ECX=01080000 EDX=CF2E845A EBX=0000047C ESP=002DF528 EBP=01094B68 ESI=00000000 EDI=006B0006 EFLAG=00000297
012390EF	ADD      EDX, EBX                                         EAX=0123682D ECX=01080000 EDX=CF2E845A EBX=759F62CA ESP=002DF528 EBP=01094B68 ESI=00000000 EDI=006B0006 EFLAG=00000297
012390F1	POP      EBX                                              EAX=0123682D ECX=01080000 EDX=44CDE724 EBX=759F62CA ESP=002DF528 EBP=01094B68 ESI=00000000 EDI=006B0006 EFLAG=00000217
012390F2	XOR      EDX, 0x4117981c                                  EAX=0123682D ECX=01080000 EDX=44CDE724 EBX=0000047C ESP=002DF52C EBP=01094B68 ESI=00000000 EDI=006B0006 EFLAG=00000217
012390F8	MOV      ESI, EDX                                         EAX=0123682D ECX=01080000 EDX=05DA7F38 EBX=0000047C ESP=002DF52C EBP=01094B68 ESI=00000000 EDI=006B0006 EFLAG=00000202
012390FA	POP      EDX                                              EAX=0123682D ECX=01080000 EDX=05DA7F38 EBX=0000047C ESP=002DF52C EBP=01094B68 ESI=05DA7F38 EDI=006B0006 EFLAG=00000202
01239103	INC      ESI                                              EAX=0123682D ECX=01080000 EDX=0123682D EBX=0000047C ESP=002DF530 EBP=01094B68 ESI=05DA7F38 EDI=006B0006 EFLAG=00000216
01239104	OR       ESI, 0x3a0f1f70                                  EAX=0123682D ECX=01080000 EDX=0123682D EBX=0000047C ESP=002DF530 EBP=01094B68 ESI=05DA7F39 EDI=006B0006 EFLAG=00000206
0123910A	XOR      ESI, 0x8114359                                   EAX=0123682D ECX=01080000 EDX=0123682D EBX=0000047C ESP=002DF530 EBP=01094B68 ESI=3FDF7F79 EDI=006B0006 EFLAG=00000202
01239110	DEC      ESI                                              EAX=0123682D ECX=01080000 EDX=0123682D EBX=0000047C ESP=002DF530 EBP=01094B68 ESI=37CE3C20 EDI=006B0006 EFLAG=00000202
01239111	NOT      ESI                                              EAX=0123682D ECX=01080000 EDX=0123682D EBX=0000047C ESP=002DF530 EBP=01094B68 ESI=37CE3C1F EDI=006B0006 EFLAG=00000212
01239117	NEG      ESI                                              EAX=0123682D ECX=01080000 EDX=0123682D EBX=0000047C ESP=002DF530 EBP=01094B68 ESI=C831C3E0 EDI=006B0006 EFLAG=00000212
01239119	SUB      ESI, 0xfd8823c7                                  EAX=0123682D ECX=01080000 EDX=0123682D EBX=0000047C ESP=002DF530 EBP=01094B68 ESI=37CE3C20 EDI=006B0006 EFLAG=00000203
0123911F	ADD      EAX, ESI                                         EAX=0123682D ECX=01080000 EDX=0123682D EBX=0000047C ESP=002DF530 EBP=01094B68 ESI=3A461859 EDI=006B0006 EFLAG=00000217
01239121	MOV      ESI, [ESP]                                       EAX=3B698086 ECX=01080000 EDX=0123682D EBX=0000047C ESP=002DF530 EBP=01094B68 ESI=3A461859 EDI=006B0006 EFLAG=00000212
01239124	PUSH     EDX                                              EAX=3B698086 ECX=01080000 EDX=0123682D EBX=0000047C ESP=002DF530 EBP=01094B68 ESI=00000000 EDI=006B0006 EFLAG=00000212
01239125	MOV      EDX, ESP                                         EAX=3B698086 ECX=01080000 EDX=0123682D EBX=0000047C ESP=002DF52C EBP=01094B68 ESI=00000000 EDI=006B0006 EFLAG=00000212
01239127	ADD      EDX, 0x8                                         EAX=3B698086 ECX=01080000 EDX=002DF52C EBX=0000047C ESP=002DF52C EBP=01094B68 ESI=00000000 EDI=006B0006 EFLAG=00000212
01239133	XCHG     [ESP], EDX                                       EAX=3B698086 ECX=01080000 EDX=002DF534 EBX=0000047C ESP=002DF52C EBP=01094B68 ESI=00000000 EDI=006B0006 EFLAG=00000202
01239136	POP      ESP                                              EAX=3B698086 ECX=01080000 EDX=0123682D EBX=0000047C ESP=002DF52C EBP=01094B68 ESI=00000000 EDI=006B0006 EFLAG=00000202
01239137	PUSH     EBP                                              EAX=3B698086 ECX=01080000 EDX=0123682D EBX=0000047C ESP=002DF534 EBP=01094B68 ESI=00000000 EDI=006B0006 EFLAG=00000202
01239138	PUSH     EBX                                              EAX=3B698086 ECX=01080000 EDX=0123682D EBX=0000047C ESP=002DF530 EBP=01094B68 ESI=00000000 EDI=006B0006 EFLAG=00000202
01239139	MOV      EBX, 0xef1a0180                                  EAX=3B698086 ECX=01080000 EDX=0123682D EBX=0000047C ESP=002DF52C EBP=01094B68 ESI=00000000 EDI=006B0006 EFLAG=00000202
01239141	SUB      EBX, 0x1ee13f88                                  EAX=3B698086 ECX=01080000 EDX=0123682D EBX=EF1A0180 ESP=002DF52C EBP=01094B68 ESI=00000000 EDI=006B0006 EFLAG=00000A82
01239147	INC      EBX                                              EAX=3B698086 ECX=01080000 EDX=0123682D EBX=D038C1F8 ESP=002DF52C EBP=01094B68 ESI=00000000 EDI=006B0006 EFLAG=00000292
01239148	PUSH     EDI                                              EAX=3B698086 ECX=01080000 EDX=0123682D EBX=D038C1F9 ESP=002DF52C EBP=01094B68 ESI=00000000 EDI=006B0006 EFLAG=00000286
01239149	MOV      EDI, 0x2518dcc8                                  EAX=3B698086 ECX=01080000 EDX=0123682D EBX=D038C1F9 ESP=002DF528 EBP=01094B68 ESI=00000000 EDI=006B0006 EFLAG=00000286
01239151	OR       EDI, 0x5c33752e                                  EAX=3B698086 ECX=01080000 EDX=0123682D EBX=D038C1F9 ESP=002DF528 EBP=01094B68 ESI=00000000 EDI=2518DCC8 EFLAG=00000A03
01239157	OR       EDI, 0x54a05ba8                                  EAX=3B698086 ECX=01080000 EDX=0123682D EBX=D038C1F9 ESP=002DF528 EBP=01094B68 ESI=00000000 EDI=7D3BFDEE EFLAG=00000206
0123915D	NOT      EDI                                              EAX=3B698086 ECX=01080000 EDX=0123682D EBX=D038C1F9 ESP=002DF528 EBP=01094B68 ESI=00000000 EDI=7DBBFFEE EFLAG=00000206
0123915F	NEG      EDI                                              EAX=3B698086 ECX=01080000 EDX=0123682D EBX=D038C1F9 ESP=002DF528 EBP=01094B68 ESI=00000000 EDI=82440011 EFLAG=00000206
01239161	ADD      EDI, 0xa67a6118                                  EAX=3B698086 ECX=01080000 EDX=0123682D EBX=D038C1F9 ESP=002DF528 EBP=01094B68 ESI=00000000 EDI=7DBBFFEF EFLAG=00000213
01239167	XOR      EBX, EDI                                         EAX=3B698086 ECX=01080000 EDX=0123682D EBX=D038C1F9 ESP=002DF528 EBP=01094B68 ESI=00000000 EDI=24366107 EFLAG=00000213
01239169	POP      EDI                                              EAX=3B698086 ECX=01080000 EDX=0123682D EBX=F40EA0FE ESP=002DF528 EBP=01094B68 ESI=00000000 EDI=24366107 EFLAG=00000282
0123916A	ADD      EBX, 0x27048c5d                                  EAX=3B698086 ECX=01080000 EDX=0123682D EBX=F40EA0FE ESP=002DF52C EBP=01094B68 ESI=00000000 EDI=006B0006 EFLAG=00000282
01239170	MOV      EBP, EBX                                         EAX=3B698086 ECX=01080000 EDX=0123682D EBX=1B132D5B ESP=002DF52C EBP=01094B68 ESI=00000000 EDI=006B0006 EFLAG=00000213
01239172	POP      EBX                                              EAX=3B698086 ECX=01080000 EDX=0123682D EBX=1B132D5B ESP=002DF52C EBP=1B132D5B ESI=00000000 EDI=006B0006 EFLAG=00000213
01239173	INC      EBP                                              EAX=3B698086 ECX=01080000 EDX=0123682D EBX=0000047C ESP=002DF530 EBP=1B132D5B ESI=00000000 EDI=006B0006 EFLAG=00000213
01239174	OR       EBP, 0x5ee36d06                                  EAX=3B698086 ECX=01080000 EDX=0123682D EBX=0000047C ESP=002DF530 EBP=1B132D5C ESI=00000000 EDI=006B0006 EFLAG=00000207
0123917A	OR       EBP, 0x49004269                                  EAX=3B698086 ECX=01080000 EDX=0123682D EBX=0000047C ESP=002DF530 EBP=5FF36D5E ESI=00000000 EDI=006B0006 EFLAG=00000202
01239180	XOR      EBP, 0x14d111ac                                  EAX=3B698086 ECX=01080000 EDX=0123682D EBX=0000047C ESP=002DF530 EBP=5FF36F7F ESI=00000000 EDI=006B0006 EFLAG=00000202
01239186	XOR      EBP, 0x31d118c8                                  EAX=3B698086 ECX=01080000 EDX=0123682D EBX=0000047C ESP=002DF530 EBP=4B227ED3 ESI=00000000 EDI=006B0006 EFLAG=00000202
0123918C	ADD      EBP, 0xae58ae40                                  EAX=3B698086 ECX=01080000 EDX=0123682D EBX=0000047C ESP=002DF530 EBP=7AF3661B ESI=00000000 EDI=006B0006 EFLAG=00000206
01239192	ADD      EAX, EBP                                         EAX=3B698086 ECX=01080000 EDX=0123682D EBX=0000047C ESP=002DF530 EBP=294C145B ESI=00000000 EDI=006B0006 EFLAG=00000203
01239194	POP      EBP                                              EAX=64B594E1 ECX=01080000 EDX=0123682D EBX=0000047C ESP=002DF530 EBP=294C145B ESI=00000000 EDI=006B0006 EFLAG=00000216
01239195	ADD      EAX, EBX                                         EAX=64B594E1 ECX=01080000 EDX=0123682D EBX=0000047C ESP=002DF534 EBP=01094B68 ESI=00000000 EDI=006B0006 EFLAG=00000216
01239197	SUB      EAX, 0x63922cb4                                  EAX=64B5995D ECX=01080000 EDX=0123682D EBX=0000047C ESP=002DF534 EBP=01094B68 ESI=00000000 EDI=006B0006 EFLAG=00000202
012391A1	JMP      DWORD [EAX]                                      EAX=01236CA9 ECX=01080000 EDX=0123682D EBX=0000047C ESP=002DF534 EBP=01094B68 ESI=00000000 EDI=006B0006 EFLAG=00000216
010E66ED	MOV      EDX, EBP                                         EAX=01236CA9 ECX=01080000 EDX=0123682D EBX=0000047C ESP=002DF534 EBP=01094B68 ESI=00000000 EDI=006B0006 EFLAG=00000216
010E66EF	ADD      EDX, 0x68                                        EAX=01236CA9 ECX=01080000 EDX=01094B68 EBX=0000047C ESP=002DF534 EBP=01094B68 ESI=00000000 EDI=006B0006 EFLAG=00000216
010E66F5	MOV      DWORD [EDX], 0x0                                 EAX=01236CA9 ECX=01080000 EDX=01094BD0 EBX=0000047C ESP=002DF534 EBP=01094B68 ESI=00000000 EDI=006B0006 EFLAG=00000212
010E66FB	MOV      EDI, 0x0                                         EAX=01236CA9 ECX=01080000 EDX=01094BD0 EBX=0000047C ESP=002DF534 EBP=01094B68 ESI=00000000 EDI=006B0006 EFLAG=00000212
010E6700	MOV      EAX, EBP                                         EAX=01236CA9 ECX=01080000 EDX=01094BD0 EBX=0000047C ESP=002DF534 EBP=01094B68 ESI=00000000 EDI=00000000 EFLAG=00000212
010E6702	ADD      EAX, 0x3b                                        EAX=01094B68 ECX=01080000 EDX=01094BD0 EBX=0000047C ESP=002DF534 EBP=01094B68 ESI=00000000 EDI=00000000 EFLAG=00000212
010E6707	MOV      EAX, [EAX]                                       EAX=01094BA3 ECX=01080000 EDX=01094BD0 EBX=0000047C ESP=002DF534 EBP=01094B68 ESI=00000000 EDI=00000000 EFLAG=00000216
010E670E	MOV      DI, [EAX]                                        EAX=0126E9E9 ECX=01080000 EDX=01094BD0 EBX=0000047C ESP=002DF534 EBP=01094B68 ESI=00000000 EDI=00000000 EFLAG=00000202
010E6711	SHL      EDI, 0x2                                         EAX=0126E9E9 ECX=01080000 EDX=01094BD0 EBX=0000047C ESP=002DF534 EBP=01094B68 ESI=00000000 EDI=00000416 EFLAG=00000202
010E6714	MOV      EDX, EBP                                         EAX=0126E9E9 ECX=01080000 EDX=01094BD0 EBX=0000047C ESP=002DF534 EBP=01094B68 ESI=00000000 EDI=00001058 EFLAG=00000202
010E6716	ADD      EDX, 0x10                                        EAX=0126E9E9 ECX=01080000 EDX=01094B68 EBX=0000047C ESP=002DF534 EBP=01094B68 ESI=00000000 EDI=00001058 EFLAG=00000202
010E671C	MOV      ESI, [EDX]                                       EAX=0126E9E9 ECX=01080000 EDX=01094B78 EBX=0000047C ESP=002DF534 EBP=01094B68 ESI=00000000 EDI=00001058 EFLAG=00000206
010E671E	ADD      ESI, EDI                                         EAX=0126E9E9 ECX=01080000 EDX=01094B78 EBX=0000047C ESP=002DF534 EBP=01094B68 ESI=0123682D EDI=00001058 EFLAG=00000206
010E6720	MOV      EBX, [ESI]                                       EAX=0126E9E9 ECX=01080000 EDX=01094B78 EBX=0000047C ESP=002DF534 EBP=01094B68 ESI=01237885 EDI=00001058 EFLAG=00000212
010E6722	MOV      ECX, EBP                                         EAX=0126E9E9 ECX=01080000 EDX=01094B78 EBX=011BEF66 ESP=002DF534 EBP=01094B68 ESI=01237885 EDI=00001058 EFLAG=00000212
010E6724	ADD      ECX, 0x3b                                        EAX=0126E9E9 ECX=01094B68 EDX=01094B78 EBX=011BEF66 ESP=002DF534 EBP=01094B68 ESI=01237885 EDI=00001058 EFLAG=00000212
010E672A	ADD      DWORD [ECX], 0x4                                 EAX=0126E9E9 ECX=01094BA3 EDX=01094B78 EBX=011BEF66 ESP=002DF534 EBP=01094B68 ESI=01237885 EDI=00001058 EFLAG=00000216
010E6730	JMP      EBX                                              EAX=0126E9E9 ECX=01094BA3 EDX=01094B78 EBX=011BEF66 ESP=002DF534 EBP=01094B68 ESI=01237885 EDI=00001058 EFLAG=00000206
011BEF66	MOV      EDX, EBP                                         EAX=0126E9E9 ECX=01094BA3 EDX=01094B78 EBX=011BEF66 ESP=002DF534 EBP=01094B68 ESI=01237885 EDI=00001058 EFLAG=00000206
011BEF68	ADD      EDX, 0x9c                                        EAX=0126E9E9 ECX=01094BA3 EDX=01094B68 EBX=011BEF66 ESP=002DF534 EBP=01094B68 ESI=01237885 EDI=00001058 EFLAG=00000206
011BEF6E	MOV      DWORD [EDX], 0x0                                 EAX=0126E9E9 ECX=01094BA3 EDX=01094C04 EBX=011BEF66 ESP=002DF534 EBP=01094B68 ESI=01237885 EDI=00001058 EFLAG=00000212
011BEF74	MOV      ESI, EBP                                         EAX=0126E9E9 ECX=01094BA3 EDX=01094C04 EBX=011BEF66 ESP=002DF534 EBP=01094B68 ESI=01237885 EDI=00001058 EFLAG=00000212
011BEF76	ADD      ESI, 0x78                                        EAX=0126E9E9 ECX=01094BA3 EDX=01094C04 EBX=011BEF66 ESP=002DF534 EBP=01094B68 ESI=01094B68 EDI=00001058 EFLAG=00000212
011BEF7C	MOV      DWORD [ESI], 0x0                                 EAX=0126E9E9 ECX=01094BA3 EDX=01094C04 EBX=011BEF66 ESP=002DF534 EBP=01094B68 ESI=01094BE0 EDI=00001058 EFLAG=00000212
011BEF82	MOV      EBX, EBP                                         EAX=0126E9E9 ECX=01094BA3 EDX=01094C04 EBX=011BEF66 ESP=002DF534 EBP=01094B68 ESI=01094BE0 EDI=00001058 EFLAG=00000212
011BEF84	ADD      EBX, 0x84                                        EAX=0126E9E9 ECX=01094BA3 EDX=01094C04 EBX=01094B68 ESP=002DF534 EBP=01094B68 ESI=01094BE0 EDI=00001058 EFLAG=00000212
011BEF8A	MOV      DWORD [EBX], 0x0                                 EAX=0126E9E9 ECX=01094BA3 EDX=01094C04 EBX=01094BEC ESP=002DF534 EBP=01094B68 ESI=01094BE0 EDI=00001058 EFLAG=00000202
011BEF90	MOV      EDX, EBP                                         EAX=0126E9E9 ECX=01094BA3 EDX=01094C04 EBX=01094BEC ESP=002DF534 EBP=01094B68 ESI=01094BE0 EDI=00001058 EFLAG=00000202
011BEF92	ADD      EDX, 0x8c                                        EAX=0126E9E9 ECX=01094BA3 EDX=01094B68 EBX=01094BEC ESP=002DF534 EBP=01094B68 ESI=01094BE0 EDI=00001058 EFLAG=00000202
011BEF98	MOV      DWORD [EDX], 0x0                                 EAX=0126E9E9 ECX=01094BA3 EDX=01094BF4 EBX=01094BEC ESP=002DF534 EBP=01094B68 ESI=01094BE0 EDI=00001058 EFLAG=00000212
011BEF9E	MOV      EDX, EBP                                         EAX=0126E9E9 ECX=01094BA3 EDX=01094BF4 EBX=01094BEC ESP=002DF534 EBP=01094B68 ESI=01094BE0 EDI=00001058 EFLAG=00000212
011BEFA0	ADD      EDX, 0x14                                        EAX=0126E9E9 ECX=01094BA3 EDX=01094B68 EBX=01094BEC ESP=002DF534 EBP=01094B68 ESI=01094BE0 EDI=00001058 EFLAG=00000212
011BEFA6	MOV      DWORD [EDX], 0x0                                 EAX=0126E9E9 ECX=01094BA3 EDX=01094B7C EBX=01094BEC ESP=002DF534 EBP=01094B68 ESI=01094BE0 EDI=00001058 EFLAG=00000202
011BEFAC	MOV      ESI, EBP                                         EAX=0126E9E9 ECX=01094BA3 EDX=01094B7C EBX=01094BEC ESP=002DF534 EBP=01094B68 ESI=01094BE0 EDI=00001058 EFLAG=00000202
011BEFAE	ADD      ESI, 0x29                                        EAX=0126E9E9 ECX=01094BA3 EDX=01094B7C EBX=01094BEC ESP=002DF534 EBP=01094B68 ESI=01094B68 EDI=00001058 EFLAG=00000202
011BEFB4	MOV      WORD [ESI], 0x0                                  EAX=0126E9E9 ECX=01094BA3 EDX=01094B7C EBX=01094BEC ESP=002DF534 EBP=01094B68 ESI=01094B91 EDI=00001058 EFLAG=00000212
011BEFB9	MOV      ECX, EBP                                         EAX=0126E9E9 ECX=01094BA3 EDX=01094B7C EBX=01094BEC ESP=002DF534 EBP=01094B68 ESI=01094B91 EDI=00001058 EFLAG=00000212
011BEFBB	ADD      ECX, 0x3f                                        EAX=0126E9E9 ECX=01094B68 EDX=01094B7C EBX=01094BEC ESP=002DF534 EBP=01094B68 ESI=01094B91 EDI=00001058 EFLAG=00000212
011BEFC1	MOV      WORD [ECX], 0x0                                  EAX=0126E9E9 ECX=01094BA7 EDX=01094B7C EBX=01094BEC ESP=002DF534 EBP=01094B68 ESI=01094B91 EDI=00001058 EFLAG=00000212
011BEFC6	MOV      EDX, EBP                                         EAX=0126E9E9 ECX=01094BA7 EDX=01094B7C EBX=01094BEC ESP=002DF534 EBP=01094B68 ESI=01094B91 EDI=00001058 EFLAG=00000212
011BEFC8	ADD      EDX, 0x45                                        EAX=0126E9E9 ECX=01094BA7 EDX=01094B68 EBX=01094BEC ESP=002DF534 EBP=01094B68 ESI=01094B91 EDI=00001058 EFLAG=00000212
011BEFCE	MOV      WORD [EDX], 0x0                                  EAX=0126E9E9 ECX=01094BA7 EDX=01094BAD EBX=01094BEC ESP=002DF534 EBP=01094B68 ESI=01094B91 EDI=00001058 EFLAG=00000202
011BEFD3	MOV      EDX, EBP                                         EAX=0126E9E9 ECX=01094BA7 EDX=01094BAD EBX=01094BEC ESP=002DF534 EBP=01094B68 ESI=01094B91 EDI=00001058 EFLAG=00000202
011BEFD5	ADD      EDX, 0x54                                        EAX=0126E9E9 ECX=01094BA7 EDX=01094B68 EBX=01094BEC ESP=002DF534 EBP=01094B68 ESI=01094B91 EDI=00001058 EFLAG=00000202
011BEFDB	MOV      DWORD [EDX], 0x0                                 EAX=0126E9E9 ECX=01094BA7 EDX=01094BBC EBX=01094BEC ESP=002DF534 EBP=01094B68 ESI=01094B91 EDI=00001058 EFLAG=00000202
011BEFE1	MOV      ECX, EBP                                         EAX=0126E9E9 ECX=01094BA7 EDX=01094BBC EBX=01094BEC ESP=002DF534 EBP=01094B68 ESI=01094B91 EDI=00001058 EFLAG=00000202
011BEFE3	ADD      ECX, 0xc                                         EAX=0126E9E9 ECX=01094B68 EDX=01094BBC EBX=01094BEC ESP=002DF534 EBP=01094B68 ESI=01094B91 EDI=00001058 EFLAG=00000202
011BEFE9	MOV      DWORD [ECX], 0x0                                 EAX=0126E9E9 ECX=01094B74 EDX=01094BBC EBX=01094BEC ESP=002DF534 EBP=01094B68 ESI=01094B91 EDI=00001058 EFLAG=00000216
011BEFEF	MOV      EAX, 0x0                                         EAX=0126E9E9 ECX=01094B74 EDX=01094BBC EBX=01094BEC ESP=002DF534 EBP=01094B68 ESI=01094B91 EDI=00001058 EFLAG=00000216
011BEFF4	MOV      ESI, EBP                                         EAX=00000000 ECX=01094B74 EDX=01094BBC EBX=01094BEC ESP=002DF534 EBP=01094B68 ESI=01094B91 EDI=00001058 EFLAG=00000216
011BEFF6	ADD      ESI, 0x3b                                        EAX=00000000 ECX=01094B74 EDX=01094BBC EBX=01094BEC ESP=002DF534 EBP=01094B68 ESI=01094B68 EDI=00001058 EFLAG=00000216
011BEFFC	MOV      ESI, [ESI]                                       EAX=00000000 ECX=01094B74 EDX=01094BBC EBX=01094BEC ESP=002DF534 EBP=01094B68 ESI=01094BA3 EDI=00001058 EFLAG=00000216
011BF004	MOV      AX, [ESI]                                        EAX=00000000 ECX=01094B74 EDX=01094BBC EBX=01094BEC ESP=002DF534 EBP=01094B68 ESI=0126E9ED EDI=00001058 EFLAG=00000206
011BF007	SHL      EAX, 0x2                                         EAX=00000150 ECX=01094B74 EDX=01094BBC EBX=01094BEC ESP=002DF534 EBP=01094B68 ESI=0126E9ED EDI=00001058 EFLAG=00000206
011BF00A	MOV      ESI, EBP                                         EAX=00000540 ECX=01094B74 EDX=01094BBC EBX=01094BEC ESP=002DF534 EBP=01094B68 ESI=0126E9ED EDI=00001058 EFLAG=00000202
011BF00C	ADD      ESI, 0x10                                        EAX=00000540 ECX=01094B74 EDX=01094BBC EBX=01094BEC ESP=002DF534 EBP=01094B68 ESI=01094B68 EDI=00001058 EFLAG=00000202
011BF012	MOV      EDI, [ESI]                                       EAX=00000540 ECX=01094B74 EDX=01094BBC EBX=01094BEC ESP=002DF534 EBP=01094B68 ESI=01094B78 EDI=00001058 EFLAG=00000206
011BF014	ADD      EDI, EAX                                         EAX=00000540 ECX=01094B74 EDX=01094BBC EBX=01094BEC ESP=002DF534 EBP=01094B68 ESI=01094B78 EDI=0123682D EFLAG=00000206
011BF016	MOV      EDX, [EDI]                                       EAX=00000540 ECX=01094B74 EDX=01094BBC EBX=01094BEC ESP=002DF534 EBP=01094B68 ESI=01094B78 EDI=01236D6D EFLAG=00000202
011BF018	MOV      EBX, EBP                                         EAX=00000540 ECX=01094B74 EDX=010F4972 EBX=01094BEC ESP=002DF534 EBP=01094B68 ESI=01094B78 EDI=01236D6D EFLAG=00000202
011BF01A	ADD      EBX, 0x3b                                        EAX=00000540 ECX=01094B74 EDX=010F4972 EBX=01094B68 ESP=002DF534 EBP=01094B68 ESI=01094B78 EDI=01236D6D EFLAG=00000202
011BF020	ADD      DWORD [EBX], 0x2                                 EAX=00000540 ECX=01094B74 EDX=010F4972 EBX=01094BA3 ESP=002DF534 EBP=01094B68 ESI=01094B78 EDI=01236D6D EFLAG=00000216
011BF026	JMP      EDX                                              EAX=00000540 ECX=01094B74 EDX=010F4972 EBX=01094BA3 ESP=002DF534 EBP=01094B68 ESI=01094B78 EDI=01236D6D EFLAG=00000202
010F4972	MOV      EBX, EBP                                         EAX=00000540 ECX=01094B74 EDX=010F4972 EBX=01094BA3 ESP=002DF534 EBP=01094B68 ESI=01094B78 EDI=01236D6D EFLAG=00000202
010F4974	ADD      EBX, 0x3b                                        EAX=00000540 ECX=01094B74 EDX=010F4972 EBX=01094B68 ESP=002DF534 EBP=01094B68 ESI=01094B78 EDI=01236D6D EFLAG=00000202
010F497A	MOV      EBX, [EBX]                                       EAX=00000540 ECX=01094B74 EDX=010F4972 EBX=01094BA3 ESP=002DF534 EBP=01094B68 ESI=01094B78 EDI=01236D6D EFLAG=00000216
010F497C	ADD      EBX, 0x2                                         EAX=00000540 ECX=01094B74 EDX=010F4972 EBX=0126E9EF ESP=002DF534 EBP=01094B68 ESI=01094B78 EDI=01236D6D EFLAG=00000216
010F4982	MOVZX    ESI, WORD [EBX]                                  EAX=00000540 ECX=01094B74 EDX=010F4972 EBX=0126E9F1 ESP=002DF534 EBP=01094B68 ESI=01094B78 EDI=01236D6D EFLAG=00000212
010F4985	ADD      ESI, EBP                                         EAX=00000540 ECX=01094B74 EDX=010F4972 EBX=0126E9F1 ESP=002DF534 EBP=01094B68 ESI=000000A7 EDI=01236D6D EFLAG=00000212
010F4987	MOV      [ESI], ESP                                       EAX=00000540 ECX=01094B74 EDX=010F4972 EBX=0126E9F1 ESP=002DF534 EBP=01094B68 ESI=01094C0F EDI=01236D6D EFLAG=00000206
010F4989	MOV      ECX, 0x0                                         EAX=00000540 ECX=01094B74 EDX=010F4972 EBX=0126E9F1 ESP=002DF534 EBP=01094B68 ESI=01094C0F EDI=01236D6D EFLAG=00000206
010F498E	MOV      EBX, EBP                                         EAX=00000540 ECX=00000000 EDX=010F4972 EBX=0126E9F1 ESP=002DF534 EBP=01094B68 ESI=01094C0F EDI=01236D6D EFLAG=00000206
010F4990	ADD      EBX, 0x3b                                        EAX=00000540 ECX=00000000 EDX=010F4972 EBX=01094B68 ESP=002DF534 EBP=01094B68 ESI=01094C0F EDI=01236D6D EFLAG=00000206
010F4996	MOV      EBX, [EBX]                                       EAX=00000540 ECX=00000000 EDX=010F4972 EBX=01094BA3 ESP=002DF534 EBP=01094B68 ESI=01094C0F EDI=01236D6D EFLAG=00000216
010F499E	MOV      CX, [EBX]                                        EAX=00000540 ECX=00000000 EDX=010F4972 EBX=0126E9EF ESP=002DF534 EBP=01094B68 ESI=01094C0F EDI=01236D6D EFLAG=00000202
010F49A1	SHL      ECX, 0x2                                         EAX=00000540 ECX=000000DF EDX=010F4972 EBX=0126E9EF ESP=002DF534 EBP=01094B68 ESI=01094C0F EDI=01236D6D EFLAG=00000202
010F49A4	MOV      EDI, EBP                                         EAX=00000540 ECX=0000037C EDX=010F4972 EBX=0126E9EF ESP=002DF534 EBP=01094B68 ESI=01094C0F EDI=01236D6D EFLAG=00000202
010F49A6	ADD      EDI, 0x10                                        EAX=00000540 ECX=0000037C EDX=010F4972 EBX=0126E9EF ESP=002DF534 EBP=01094B68 ESI=01094C0F EDI=01094B68 EFLAG=00000202
010F49AC	MOV      EBX, [EDI]                                       EAX=00000540 ECX=0000037C EDX=010F4972 EBX=0126E9EF ESP=002DF534 EBP=01094B68 ESI=01094C0F EDI=01094B78 EFLAG=00000206
010F49AE	ADD      EBX, ECX                                         EAX=00000540 ECX=0000037C EDX=010F4972 EBX=0123682D ESP=002DF534 EBP=01094B68 ESI=01094C0F EDI=01094B78 EFLAG=00000206
010F49B0	MOV      EDX, [EBX]                                       EAX=00000540 ECX=0000037C EDX=010F4972 EBX=01236BA9 ESP=002DF534 EBP=01094B68 ESI=01094C0F EDI=01094B78 EFLAG=00000216
010F49B2	MOV      EDI, EBP                                         EAX=00000540 ECX=0000037C EDX=010D37DE EBX=01236BA9 ESP=002DF534 EBP=01094B68 ESI=01094C0F EDI=01094B78 EFLAG=00000216
010F49B4	ADD      EDI, 0x3b                                        EAX=00000540 ECX=0000037C EDX=010D37DE EBX=01236BA9 ESP=002DF534 EBP=01094B68 ESI=01094C0F EDI=01094B68 EFLAG=00000216
010F49BA	ADD      DWORD [EDI], 0x4                                 EAX=00000540 ECX=0000037C EDX=010D37DE EBX=01236BA9 ESP=002DF534 EBP=01094B68 ESI=01094C0F EDI=01094BA3 EFLAG=00000216
010F49C0	JMP      EDX                                              EAX=00000540 ECX=0000037C EDX=010D37DE EBX=01236BA9 ESP=002DF534 EBP=01094B68 ESI=01094C0F EDI=01094BA3 EFLAG=00000216
010D37DE	MOV      ECX, EBP                                         EAX=00000540 ECX=0000037C EDX=010D37DE EBX=01236BA9 ESP=002DF534 EBP=01094B68 ESI=01094C0F EDI=01094BA3 EFLAG=00000216
010D37E0	ADD      ECX, 0x3b                                        EAX=00000540 ECX=01094B68 EDX=010D37DE EBX=01236BA9 ESP=002DF534 EBP=01094B68 ESI=01094C0F EDI=01094BA3 EFLAG=00000216
010D37E6	MOV      ECX, [ECX]                                       EAX=00000540 ECX=01094BA3 EDX=010D37DE EBX=01236BA9 ESP=002DF534 EBP=01094B68 ESI=01094C0F EDI=01094BA3 EFLAG=00000216
010D37E8	ADD      ECX, 0x10                                        EAX=00000540 ECX=0126E9F3 EDX=010D37DE EBX=01236BA9 ESP=002DF534 EBP=01094B68 ESI=01094C0F EDI=01094BA3 EFLAG=00000216
010D37EE	MOVZX    EDX, WORD [ECX]                                  EAX=00000540 ECX=0126EA03 EDX=010D37DE EBX=01236BA9 ESP=002DF534 EBP=01094B68 ESI=01094C0F EDI=01094BA3 EFLAG=00000206
010D37F1	MOV      ESI, EBP                                         EAX=00000540 ECX=0126EA03 EDX=0000C254 EBX=01236BA9 ESP=002DF534 EBP=01094B68 ESI=01094C0F EDI=01094BA3 EFLAG=00000206
010D37F3	ADD      ESI, 0x9c                                        EAX=00000540 ECX=0126EA03 EDX=0000C254 EBX=01236BA9 ESP=002DF534 EBP=01094B68 ESI=01094B68 EDI=01094BA3 EFLAG=00000206
010D37F9	XOR      EDX, [ESI]                                       EAX=00000540 ECX=0126EA03 EDX=0000C254 EBX=01236BA9 ESP=002DF534 EBP=01094B68 ESI=01094C04 EDI=01094BA3 EFLAG=00000212
010D37FB	MOV      EAX, EBP                                         EAX=00000540 ECX=0126EA03 EDX=0000C254 EBX=01236BA9 ESP=002DF534 EBP=01094B68 ESI=01094C04 EDI=01094BA3 EFLAG=00000202
010D37FD	ADD      EAX, 0x3b                                        EAX=01094B68 ECX=0126EA03 EDX=0000C254 EBX=01236BA9 ESP=002DF534 EBP=01094B68 ESI=01094C04 EDI=01094BA3 EFLAG=00000202
010D3802	MOV      EAX, [EAX]                                       EAX=01094BA3 ECX=0126EA03 EDX=0000C254 EBX=01236BA9 ESP=002DF534 EBP=01094B68 ESI=01094C04 EDI=01094BA3 EFLAG=00000216
010D3804	ADD      EAX, 0xa                                         EAX=0126E9F3 ECX=0126EA03 EDX=0000C254 EBX=01236BA9 ESP=002DF534 EBP=01094B68 ESI=01094C04 EDI=01094BA3 EFLAG=00000216
010D3809	MOV      ESI, [EAX]                                       EAX=0126E9FD ECX=0126EA03 EDX=0000C254 EBX=01236BA9 ESP=002DF534 EBP=01094B68 ESI=01094C04 EDI=01094BA3 EFLAG=00000202
010D380B	MOV      EBX, EBP                                         EAX=0126E9FD ECX=0126EA03 EDX=0000C254 EBX=01236BA9 ESP=002DF534 EBP=01094B68 ESI=6F5AA2A1 EDI=01094BA3 EFLAG=00000202
010D380D	ADD      EBX, 0x9c                                        EAX=0126E9FD ECX=0126EA03 EDX=0000C254 EBX=01094B68 ESP=002DF534 EBP=01094B68 ESI=6F5AA2A1 EDI=01094BA3 EFLAG=00000202
010D3813	AND      [EBX], ESI                                       EAX=0126E9FD ECX=0126EA03 EDX=0000C254 EBX=01094C04 ESP=002DF534 EBP=01094B68 ESI=6F5AA2A1 EDI=01094BA3 EFLAG=00000212
010D3815	MOV      EBX, EBP                                         EAX=0126E9FD ECX=0126EA03 EDX=0000C254 EBX=01094C04 ESP=002DF534 EBP=01094B68 ESI=6F5AA2A1 EDI=01094BA3 EFLAG=00000246
010D3817	ADD      EBX, 0x3b                                        EAX=0126E9FD ECX=0126EA03 EDX=0000C254 EBX=01094B68 ESP=002DF534 EBP=01094B68 ESI=6F5AA2A1 EDI=01094BA3 EFLAG=00000246
010D381D	MOV      EBX, [EBX]                                       EAX=0126E9FD ECX=0126EA03 EDX=0000C254 EBX=01094BA3 ESP=002DF534 EBP=01094B68 ESI=6F5AA2A1 EDI=01094BA3 EFLAG=00000216
010D3825	MOV      EDI, [EBX]                                       EAX=0126E9FD ECX=0126EA03 EDX=0000C254 EBX=0126E9F3 ESP=002DF534 EBP=01094B68 ESI=6F5AA2A1 EDI=01094BA3 EFLAG=00000206
010D3827	MOV      EDX, EBP                                         EAX=0126E9FD ECX=0126EA03 EDX=0000C254 EBX=0126E9F3 ESP=002DF534 EBP=01094B68 ESI=6F5AA2A1 EDI=5D64082D EFLAG=00000206
010D3829	ADD      EDX, 0x9c                                        EAX=0126E9FD ECX=0126EA03 EDX=01094B68 EBX=0126E9F3 ESP=002DF534 EBP=01094B68 ESI=6F5AA2A1 EDI=5D64082D EFLAG=00000206
010D382F	AND      [EDX], EDI                                       EAX=0126E9FD ECX=0126EA03 EDX=01094C04 EBX=0126E9F3 ESP=002DF534 EBP=01094B68 ESI=6F5AA2A1 EDI=5D64082D EFLAG=00000212
010D3831	MOV      ESI, EBP                                         EAX=0126E9FD ECX=0126EA03 EDX=01094C04 EBX=0126E9F3 ESP=002DF534 EBP=01094B68 ESI=6F5AA2A1 EDI=5D64082D EFLAG=00000246
010D3833	ADD      ESI, 0x3b                                        EAX=0126E9FD ECX=0126EA03 EDX=01094C04 EBX=0126E9F3 ESP=002DF534 EBP=01094B68 ESI=01094B68 EDI=5D64082D EFLAG=00000246
010D3839	MOV      ESI, [ESI]                                       EAX=0126E9FD ECX=0126EA03 EDX=01094C04 EBX=0126E9F3 ESP=002DF534 EBP=01094B68 ESI=01094BA3 EDI=5D64082D EFLAG=00000216
010D383B	ADD      ESI, 0x12                                        EAX=0126E9FD ECX=0126EA03 EDX=01094C04 EBX=0126E9F3 ESP=002DF534 EBP=01094B68 ESI=0126E9F3 EDI=5D64082D EFLAG=00000216
010D3841	MOV      EAX, [ESI]                                       EAX=0126E9FD ECX=0126EA03 EDX=01094C04 EBX=0126E9F3 ESP=002DF534 EBP=01094B68 ESI=0126EA05 EDI=5D64082D EFLAG=00000206
010D3843	MOV      ESI, EBP                                         EAX=77C295D1 ECX=0126EA03 EDX=01094C04 EBX=0126E9F3 ESP=002DF534 EBP=01094B68 ESI=0126EA05 EDI=5D64082D EFLAG=00000206
010D3845	ADD      ESI, 0x9c                                        EAX=77C295D1 ECX=0126EA03 EDX=01094C04 EBX=0126E9F3 ESP=002DF534 EBP=01094B68 ESI=01094B68 EDI=5D64082D EFLAG=00000206
010D384B	AND      [ESI], EAX                                       EAX=77C295D1 ECX=0126EA03 EDX=01094C04 EBX=0126E9F3 ESP=002DF534 EBP=01094B68 ESI=01094C04 EDI=5D64082D EFLAG=00000212
010D384D	MOV      EDI, EBP                                         EAX=77C295D1 ECX=0126EA03 EDX=01094C04 EBX=0126E9F3 ESP=002DF534 EBP=01094B68 ESI=01094C04 EDI=5D64082D EFLAG=00000246
010D384F	OR       ESI, EDI                                         EAX=77C295D1 ECX=0126EA03 EDX=01094C04 EBX=0126E9F3 ESP=002DF534 EBP=01094B68 ESI=01094C04 EDI=01094B68 EFLAG=00000246
010D3851	AND      EAX, 0x28                                        EAX=77C295D1 ECX=0126EA03 EDX=01094C04 EBX=0126E9F3 ESP=002DF534 EBP=01094B68 ESI=01094F6C EDI=01094B68 EFLAG=00000206
010D3856	MOV      EBX, EAX                                         EAX=00000000 ECX=0126EA03 EDX=01094C04 EBX=0126E9F3 ESP=002DF534 EBP=01094B68 ESI=01094F6C EDI=01094B68 EFLAG=00000246
010D3858	ADD      EDI, 0x3b                                        EAX=00000000 ECX=0126EA03 EDX=01094C04 EBX=00000000 ESP=002DF534 EBP=01094B68 ESI=01094F6C EDI=01094B68 EFLAG=00000246
010D385E	OR       EAX, 0x4                                         EAX=00000000 ECX=0126EA03 EDX=01094C04 EBX=00000000 ESP=002DF534 EBP=01094B68 ESI=01094F6C EDI=01094BA3 EFLAG=00000216
010D3863	MOV      EBX, 0xa                                         EAX=00000004 ECX=0126EA03 EDX=01094C04 EBX=00000000 ESP=002DF534 EBP=01094B68 ESI=01094F6C EDI=01094BA3 EFLAG=00000202
010D3868	OR       ECX, 0x400                                       EAX=00000004 ECX=0126EA03 EDX=01094C04 EBX=0000000A ESP=002DF534 EBP=01094B68 ESI=01094F6C EDI=01094BA3 EFLAG=00000202
010D386E	MOV      EDI, [EDI]                                       EAX=00000004 ECX=0126EE03 EDX=01094C04 EBX=0000000A ESP=002DF534 EBP=01094B68 ESI=01094F6C EDI=01094BA3 EFLAG=00000206
010D3870	OR       EAX, 0x28                                        EAX=00000004 ECX=0126EE03 EDX=01094C04 EBX=0000000A ESP=002DF534 EBP=01094B68 ESI=01094F6C EDI=0126E9F3 EFLAG=00000206
010D3875	ADD      EAX, 0xffff                                      EAX=0000002C ECX=0126EE03 EDX=01094C04 EBX=0000000A ESP=002DF534 EBP=01094B68 ESI=01094F6C EDI=0126E9F3 EFLAG=00000202
010D387A	ADD      EDI, 0x10                                        EAX=0001002B ECX=0126EE03 EDX=01094C04 EBX=0000000A ESP=002DF534 EBP=01094B68 ESI=01094F6C EDI=0126E9F3 EFLAG=00000216
010D3880	ADD      EAX, ESI                                         EAX=0001002B ECX=0126EE03 EDX=01094C04 EBX=0000000A ESP=002DF534 EBP=01094B68 ESI=01094F6C EDI=0126EA03 EFLAG=00000206
010D3882	MOVZX    EBX, WORD [EDI]                                  EAX=010A4F97 ECX=0126EE03 EDX=01094C04 EBX=0000000A ESP=002DF534 EBP=01094B68 ESI=01094F6C EDI=0126EA03 EFLAG=00000212
010D3885	MOV      EDI, EBP                                         EAX=010A4F97 ECX=0126EE03 EDX=01094C04 EBX=0000C254 ESP=002DF534 EBP=01094B68 ESI=01094F6C EDI=0126EA03 EFLAG=00000212
010D3887	ADD      EDI, 0x9c                                        EAX=010A4F97 ECX=0126EE03 EDX=01094C04 EBX=0000C254 ESP=002DF534 EBP=01094B68 ESI=01094F6C EDI=01094B68 EFLAG=00000212
010D388D	XOR      ECX, 0x7fffffff                                  EAX=010A4F97 ECX=0126EE03 EDX=01094C04 EBX=0000C254 ESP=002DF534 EBP=01094B68 ESI=01094F6C EDI=01094C04 EFLAG=00000212
010D3893	AND      ESI, EAX                                         EAX=010A4F97 ECX=7ED911FC EDX=01094C04 EBX=0000C254 ESP=002DF534 EBP=01094B68 ESI=01094F6C EDI=01094C04 EFLAG=00000206
010D3895	AND      EAX, 0x7fffffff                                  EAX=010A4F97 ECX=7ED911FC EDX=01094C04 EBX=0000C254 ESP=002DF534 EBP=01094B68 ESI=01084F04 EDI=01094C04 EFLAG=00000202
010D389F	MOV      ESI, 0xa                                         EAX=010A4F97 ECX=7ED911FC EDX=01094C04 EBX=0000C254 ESP=002DF534 EBP=01094B68 ESI=00000200 EDI=01094C04 EFLAG=00000202
010D38A4	SUB      EBX, [EDI]                                       EAX=010A4F97 ECX=7ED911FC EDX=01094C04 EBX=0000C254 ESP=002DF534 EBP=01094B68 ESI=0000000A EDI=01094C04 EFLAG=00000202
010D38A6	MOV      EDI, ECX                                         EAX=010A4F97 ECX=7ED911FC EDX=01094C04 EBX=0000C254 ESP=002DF534 EBP=01094B68 ESI=0000000A EDI=01094C04 EFLAG=00000202
010D38A8	MOV      ESI, EBP                                         EAX=010A4F97 ECX=7ED911FC EDX=01094C04 EBX=0000C254 ESP=002DF534 EBP=01094B68 ESI=0000000A EDI=7ED911FC EFLAG=00000202
010D38AA	ADD      ESI, 0x54                                        EAX=010A4F97 ECX=7ED911FC EDX=01094C04 EBX=0000C254 ESP=002DF534 EBP=01094B68 ESI=01094B68 EDI=7ED911FC EFLAG=00000202
010D38B0	MOV      EDX, 0x1                                         EAX=010A4F97 ECX=7ED911FC EDX=01094C04 EBX=0000C254 ESP=002DF534 EBP=01094B68 ESI=01094BBC EDI=7ED911FC EFLAG=00000202
010D38B5	OR       EDI, 0x80000000                                  EAX=010A4F97 ECX=7ED911FC EDX=00000001 EBX=0000C254 ESP=002DF534 EBP=01094B68 ESI=01094BBC EDI=7ED911FC EFLAG=00000202
010D38BB	AND      EDI, EBX                                         EAX=010A4F97 ECX=7ED911FC EDX=00000001 EBX=0000C254 ESP=002DF534 EBP=01094B68 ESI=01094BBC EDI=FED911FC EFLAG=00000286
010D38BD	ADD      EAX, ESI                                         EAX=010A4F97 ECX=7ED911FC EDX=00000001 EBX=0000C254 ESP=002DF534 EBP=01094B68 ESI=01094BBC EDI=00000054 EFLAG=00000202
010D38BF	MOV      EAX, EDX                                         EAX=02139B53 ECX=7ED911FC EDX=00000001 EBX=0000C254 ESP=002DF534 EBP=01094B68 ESI=01094BBC EDI=00000054 EFLAG=00000216
010D38C1	SUB      EBX, [ESI]                                       EAX=00000001 ECX=7ED911FC EDX=00000001 EBX=0000C254 ESP=002DF534 EBP=01094B68 ESI=01094BBC EDI=00000054 EFLAG=00000216
010D38C3	AND      ECX, EDX                                         EAX=00000001 ECX=7ED911FC EDX=00000001 EBX=0000C254 ESP=002DF534 EBP=01094B68 ESI=01094BBC EDI=00000054 EFLAG=00000202
010D38C5	SUB      EAX, 0xffff                                      EAX=00000001 ECX=00000000 EDX=00000001 EBX=0000C254 ESP=002DF534 EBP=01094B68 ESI=01094BBC EDI=00000054 EFLAG=00000246
010D38CA	MOV      ESI, EBP                                         EAX=FFFF0002 ECX=00000000 EDX=00000001 EBX=0000C254 ESP=002DF534 EBP=01094B68 ESI=01094BBC EDI=00000054 EFLAG=00000293
010D38CC	SUB      EDX, EBX                                         EAX=FFFF0002 ECX=00000000 EDX=00000001 EBX=0000C254 ESP=002DF534 EBP=01094B68 ESI=01094B68 EDI=00000054 EFLAG=00000293
010D38CE	AND      EDI, 0x1c                                        EAX=FFFF0002 ECX=00000000 EDX=FFFF3DAD EBX=0000C254 ESP=002DF534 EBP=01094B68 ESI=01094B68 EDI=00000054 EFLAG=00000293
010D38D4	AND      ECX, ECX                                         EAX=FFFF0002 ECX=00000000 EDX=FFFF3DAD EBX=0000C254 ESP=002DF534 EBP=01094B68 ESI=01094B68 EDI=00000014 EFLAG=00000206
010D38D6	OR       EDX, 0xffff                                      EAX=FFFF0002 ECX=00000000 EDX=FFFF3DAD EBX=0000C254 ESP=002DF534 EBP=01094B68 ESI=01094B68 EDI=00000014 EFLAG=00000246
010D38DC	ADD      ESI, 0x9c                                        EAX=FFFF0002 ECX=00000000 EDX=FFFFFFFF EBX=0000C254 ESP=002DF534 EBP=01094B68 ESI=01094B68 EDI=00000014 EFLAG=00000286
010D38E2	MOV      EAX, 0x200                                       EAX=FFFF0002 ECX=00000000 EDX=FFFFFFFF EBX=0000C254 ESP=002DF534 EBP=01094B68 ESI=01094C04 EDI=00000014 EFLAG=00000212
010D38E7	MOV      EDX, 0x400                                       EAX=00000200 ECX=00000000 EDX=FFFFFFFF EBX=0000C254 ESP=002DF534 EBP=01094B68 ESI=01094C04 EDI=00000014 EFLAG=00000212
010D38EC	OR       ECX, EAX                                         EAX=00000200 ECX=00000000 EDX=00000400 EBX=0000C254 ESP=002DF534 EBP=01094B68 ESI=01094C04 EDI=00000014 EFLAG=00000212
010D38EE	AND      [ESI], EBX                                       EAX=00000200 ECX=00000200 EDX=00000400 EBX=0000C254 ESP=002DF534 EBP=01094B68 ESI=01094C04 EDI=00000014 EFLAG=00000206
010D38F0	MOV      ESI, 0x1                                         EAX=00000200 ECX=00000200 EDX=00000400 EBX=0000C254 ESP=002DF534 EBP=01094B68 ESI=01094C04 EDI=00000014 EFLAG=00000246
010D38F5	ADD      EDI, EAX                                         EAX=00000200 ECX=00000200 EDX=00000400 EBX=0000C254 ESP=002DF534 EBP=01094B68 ESI=00000001 EDI=00000014 EFLAG=00000246
010D38F7	SUB      ESI, EDI                                         EAX=00000200 ECX=00000200 EDX=00000400 EBX=0000C254 ESP=002DF534 EBP=01094B68 ESI=00000001 EDI=00000214 EFLAG=00000206
010D38F9	MOV      ECX, EBP                                         EAX=00000200 ECX=00000200 EDX=00000400 EBX=0000C254 ESP=002DF534 EBP=01094B68 ESI=FFFFFDED EDI=00000214 EFLAG=00000297
010D38FB	SUB      EDI, ECX                                         EAX=00000200 ECX=01094B68 EDX=00000400 EBX=0000C254 ESP=002DF534 EBP=01094B68 ESI=FFFFFDED EDI=00000214 EFLAG=00000297
010D38FD	SUB      ESI, EDX                                         EAX=00000200 ECX=01094B68 EDX=00000400 EBX=0000C254 ESP=002DF534 EBP=01094B68 ESI=FFFFFDED EDI=FEF6B6AC EFLAG=00000297
010D38FF	SUB      EDX, 0xffff                                      EAX=00000200 ECX=01094B68 EDX=00000400 EBX=0000C254 ESP=002DF534 EBP=01094B68 ESI=FFFFF9ED EDI=FEF6B6AC EFLAG=00000286
010D3905	ADD      ECX, 0x78                                        EAX=00000200 ECX=01094B68 EDX=FFFF0401 EBX=0000C254 ESP=002DF534 EBP=01094B68 ESI=FFFFF9ED EDI=FEF6B6AC EFLAG=00000293
010D390B	ADD      EDX, 0x80                                        EAX=00000200 ECX=01094BE0 EDX=FFFF0401 EBX=0000C254 ESP=002DF534 EBP=01094B68 ESI=FFFFF9ED EDI=FEF6B6AC EFLAG=00000212
010D3911	ADD      DWORD [ECX], 0x86e149e                           EAX=00000200 ECX=01094BE0 EDX=FFFF0481 EBX=0000C254 ESP=002DF534 EBP=01094B68 ESI=FFFFF9ED EDI=FEF6B6AC EFLAG=00000286
010D3917	MOV      EDI, EBP                                         EAX=00000200 ECX=01094BE0 EDX=FFFF0481 EBX=0000C254 ESP=002DF534 EBP=01094B68 ESI=FFFFF9ED EDI=FEF6B6AC EFLAG=00000202
010D3919	ADD      EDI, 0x3f                                        EAX=00000200 ECX=01094BE0 EDX=FFFF0481 EBX=0000C254 ESP=002DF534 EBP=01094B68 ESI=FFFFF9ED EDI=01094B68 EFLAG=00000202
010D391F	ADD      EAX, 0x1c                                        EAX=00000200 ECX=01094BE0 EDX=FFFF0481 EBX=0000C254 ESP=002DF534 EBP=01094B68 ESI=FFFFF9ED EDI=01094BA7 EFLAG=00000212
010D3924	ADD      [EDI], BX                                        EAX=0000021C ECX=01094BE0 EDX=FFFF0481 EBX=0000C254 ESP=002DF534 EBP=01094B68 ESI=FFFFF9ED EDI=01094BA7 EFLAG=00000202
010D3927	MOV      EBX, 0x72a056a8                                  EAX=0000021C ECX=01094BE0 EDX=FFFF0481 EBX=0000C254 ESP=002DF534 EBP=01094B68 ESI=FFFFF9ED EDI=01094BA7 EFLAG=00000282
010D392C	MOV      EDI, 0x72a056a8                                  EAX=0000021C ECX=01094BE0 EDX=FFFF0481 EBX=72A056A8 ESP=002DF534 EBP=01094B68 ESI=FFFFF9ED EDI=01094BA7 EFLAG=00000282
010D3931	MOV      ESI, EBP                                         EAX=0000021C ECX=01094BE0 EDX=FFFF0481 EBX=72A056A8 ESP=002DF534 EBP=01094B68 ESI=FFFFF9ED EDI=72A056A8 EFLAG=00000282
010D3933	ADD      ESI, 0x78                                        EAX=0000021C ECX=01094BE0 EDX=FFFF0481 EBX=72A056A8 ESP=002DF534 EBP=01094B68 ESI=01094B68 EDI=72A056A8 EFLAG=00000282
010D3939	MOV      EAX, EBP                                         EAX=0000021C ECX=01094BE0 EDX=FFFF0481 EBX=72A056A8 ESP=002DF534 EBP=01094B68 ESI=01094BE0 EDI=72A056A8 EFLAG=00000212
010D393B	ADD      EAX, 0x9c                                        EAX=01094B68 ECX=01094BE0 EDX=FFFF0481 EBX=72A056A8 ESP=002DF534 EBP=01094B68 ESI=01094BE0 EDI=72A056A8 EFLAG=00000212
010D3940	XOR      [ESI], EBX                                       EAX=01094C04 ECX=01094BE0 EDX=FFFF0481 EBX=72A056A8 ESP=002DF534 EBP=01094B68 ESI=01094BE0 EDI=72A056A8 EFLAG=00000212
010D3942	XOR      [EAX], EDI                                       EAX=01094C04 ECX=01094BE0 EDX=FFFF0481 EBX=72A056A8 ESP=002DF534 EBP=01094B68 ESI=01094BE0 EDI=72A056A8 EFLAG=00000206
010D3944	MOV      EDX, EBP                                         EAX=01094C04 ECX=01094BE0 EDX=FFFF0481 EBX=72A056A8 ESP=002DF534 EBP=01094B68 ESI=01094BE0 EDI=72A056A8 EFLAG=00000202
010D3946	ADD      EDX, 0x3b                                        EAX=01094C04 ECX=01094BE0 EDX=01094B68 EBX=72A056A8 ESP=002DF534 EBP=01094B68 ESI=01094BE0 EDI=72A056A8 EFLAG=00000202
010D394C	MOV      ESI, EBP                                         EAX=01094C04 ECX=01094BE0 EDX=01094BA3 EBX=72A056A8 ESP=002DF534 EBP=01094B68 ESI=01094BE0 EDI=72A056A8 EFLAG=00000216
010D394E	MOV      EDX, [EDX]                                       EAX=01094C04 ECX=01094BE0 EDX=01094BA3 EBX=72A056A8 ESP=002DF534 EBP=01094B68 ESI=01094B68 EDI=72A056A8 EFLAG=00000216
010D3950	ADD      EDX, 0x6                                         EAX=01094C04 ECX=01094BE0 EDX=0126E9F3 EBX=72A056A8 ESP=002DF534 EBP=01094B68 ESI=01094B68 EDI=72A056A8 EFLAG=00000216
010D3956	MOVZX    EAX, WORD [EDX]                                  EAX=01094C04 ECX=01094BE0 EDX=0126E9F9 EBX=72A056A8 ESP=002DF534 EBP=01094B68 ESI=01094B68 EDI=72A056A8 EFLAG=00000206
010D3959	ADD      EAX, EBP                                         EAX=00000098 ECX=01094BE0 EDX=0126E9F9 EBX=72A056A8 ESP=002DF534 EBP=01094B68 ESI=01094B68 EDI=72A056A8 EFLAG=00000206
010D395B	ADD      ESI, 0x3b                                        EAX=01094C00 ECX=01094BE0 EDX=0126E9F9 EBX=72A056A8 ESP=002DF534 EBP=01094B68 ESI=01094B68 EDI=72A056A8 EFLAG=00000216
010D3961	MOV      EAX, [EAX]                                       EAX=01094C00 ECX=01094BE0 EDX=0126E9F9 EBX=72A056A8 ESP=002DF534 EBP=01094B68 ESI=01094BA3 EDI=72A056A8 EFLAG=00000216
010D3963	MOV      ESI, [ESI]                                       EAX=006B0000 ECX=01094BE0 EDX=0126E9F9 EBX=72A056A8 ESP=002DF534 EBP=01094B68 ESI=01094BA3 EDI=72A056A8 EFLAG=00000216
010D3965	XOR      EBX, EAX                                         EAX=006B0000 ECX=01094BE0 EDX=0126E9F9 EBX=72A056A8 ESP=002DF534 EBP=01094B68 ESI=0126E9F3 EDI=72A056A8 EFLAG=00000216
010D3967	ADD      ESI, 0x4                                         EAX=006B0000 ECX=01094BE0 EDX=0126E9F9 EBX=72CB56A8 ESP=002DF534 EBP=01094B68 ESI=0126E9F3 EDI=72A056A8 EFLAG=00000202
010D396D	MOVZX    EDX, WORD [ESI]                                  EAX=006B0000 ECX=01094BE0 EDX=0126E9F9 EBX=72CB56A8 ESP=002DF534 EBP=01094B68 ESI=0126E9F7 EDI=72A056A8 EFLAG=00000202
010D3970	ADD      EDX, EBP                                         EAX=006B0000 ECX=01094BE0 EDX=00000025 EBX=72CB56A8 ESP=002DF534 EBP=01094B68 ESI=0126E9F7 EDI=72A056A8 EFLAG=00000202
010D3972	MOV      EDX, [EDX]                                       EAX=006B0000 ECX=01094BE0 EDX=01094B8D EBX=72CB56A8 ESP=002DF534 EBP=01094B68 ESI=0126E9F7 EDI=72A056A8 EFLAG=00000206
010D3974	XOR      ESI, EDX                                         EAX=006B0000 ECX=01094BE0 EDX=006B0006 EBX=72CB56A8 ESP=002DF534 EBP=01094B68 ESI=0126E9F7 EDI=72A056A8 EFLAG=00000206
010D3976	MOV      ESI, 0x6a3b9dd4                                  EAX=006B0000 ECX=01094BE0 EDX=006B0006 EBX=72CB56A8 ESP=002DF534 EBP=01094B68 ESI=014DE9F1 EDI=72A056A8 EFLAG=00000202
010D397B	MOV      EDX, EBP                                         EAX=006B0000 ECX=01094BE0 EDX=006B0006 EBX=72CB56A8 ESP=002DF534 EBP=01094B68 ESI=6A3B9DD4 EDI=72A056A8 EFLAG=00000202
010D397D	MOV      EDI, EBP                                         EAX=006B0000 ECX=01094BE0 EDX=01094B68 EBX=72CB56A8 ESP=002DF534 EBP=01094B68 ESI=6A3B9DD4 EDI=72A056A8 EFLAG=00000202
010D397F	ADD      EDI, 0x9c                                        EAX=006B0000 ECX=01094BE0 EDX=01094B68 EBX=72CB56A8 ESP=002DF534 EBP=01094B68 ESI=6A3B9DD4 EDI=01094B68 EFLAG=00000202
010D3985	ADD      EDX, 0x3f                                        EAX=006B0000 ECX=01094BE0 EDX=01094B68 EBX=72CB56A8 ESP=002DF534 EBP=01094B68 ESI=6A3B9DD4 EDI=01094C04 EFLAG=00000212
010D398B	MOVZX    EBX, WORD [EDX]                                  EAX=006B0000 ECX=01094BE0 EDX=01094BA7 EBX=72CB56A8 ESP=002DF534 EBP=01094B68 ESI=6A3B9DD4 EDI=01094C04 EFLAG=00000212
010D398E	AND      [EDI], ESI                                       EAX=006B0000 ECX=01094BE0 EDX=01094BA7 EBX=0000C254 ESP=002DF534 EBP=01094B68 ESI=6A3B9DD4 EDI=01094C04 EFLAG=00000212
010D3990	SUB      BX, 0xc22f                                       EAX=006B0000 ECX=01094BE0 EDX=01094BA7 EBX=0000C254 ESP=002DF534 EBP=01094B68 ESI=6A3B9DD4 EDI=01094C04 EFLAG=00000202
010D3995	ADD      EBX, EBP                                         EAX=006B0000 ECX=01094BE0 EDX=01094BA7 EBX=00000025 ESP=002DF534 EBP=01094B68 ESI=6A3B9DD4 EDI=01094C04 EFLAG=00000212
010D3997	POP      DWORD [EBX]                                      EAX=006B0000 ECX=01094BE0 EDX=01094BA7 EBX=01094B8D ESP=002DF534 EBP=01094B68 ESI=6A3B9DD4 EDI=01094C04 EFLAG=00000206
010D3999	MOV      EDI, EBX                                         EAX=006B0000 ECX=01094BE0 EDX=01094BA7 EBX=01094B8D ESP=002DF538 EBP=01094B68 ESI=6A3B9DD4 EDI=01094C04 EFLAG=00000206
010D399B	MOV      EBX, 0x0                                         EAX=006B0000 ECX=01094BE0 EDX=01094BA7 EBX=01094B8D ESP=002DF538 EBP=01094B68 ESI=6A3B9DD4 EDI=01094B8D EFLAG=00000206
010D39A0	MOV      ECX, EBP                                         EAX=006B0000 ECX=01094BE0 EDX=01094BA7 EBX=00000000 ESP=002DF538 EBP=01094B68 ESI=6A3B9DD4 EDI=01094B8D EFLAG=00000206
010D39A2	ADD      ECX, 0x3b                                        EAX=006B0000 ECX=01094B68 EDX=01094BA7 EBX=00000000 ESP=002DF538 EBP=01094B68 ESI=6A3B9DD4 EDI=01094B8D EFLAG=00000206
010D39A8	MOV      ECX, [ECX]                                       EAX=006B0000 ECX=01094BA3 EDX=01094BA7 EBX=00000000 ESP=002DF538 EBP=01094B68 ESI=6A3B9DD4 EDI=01094B8D EFLAG=00000216
010D39AA	ADD      ECX, 0xe                                         EAX=006B0000 ECX=0126E9F3 EDX=01094BA7 EBX=00000000 ESP=002DF538 EBP=01094B68 ESI=6A3B9DD4 EDI=01094B8D EFLAG=00000216
010D39B0	MOV      BX, [ECX]                                        EAX=006B0000 ECX=0126EA01 EDX=01094BA7 EBX=00000000 ESP=002DF538 EBP=01094B68 ESI=6A3B9DD4 EDI=01094B8D EFLAG=00000212
010D39B3	ADD      EBX, EBP                                         EAX=006B0000 ECX=0126EA01 EDX=01094BA7 EBX=000000A7 ESP=002DF538 EBP=01094B68 ESI=6A3B9DD4 EDI=01094B8D EFLAG=00000212
010D39B5	CMP      EDI, EBX                                         EAX=006B0000 ECX=0126EA01 EDX=01094BA7 EBX=01094C0F ESP=002DF538 EBP=01094B68 ESI=6A3B9DD4 EDI=01094B8D EFLAG=00000206
010D39B7	JZ       0x10d39c3                                        EAX=006B0000 ECX=0126EA01 EDX=01094BA7 EBX=01094C0F ESP=002DF538 EBP=01094B68 ESI=6A3B9DD4 EDI=01094B8D EFLAG=00000297
010D39BD	ADD      DWORD [EBX], 0x4                                 EAX=006B0000 ECX=0126EA01 EDX=01094BA7 EBX=01094C0F ESP=002DF538 EBP=01094B68 ESI=6A3B9DD4 EDI=01094B8D EFLAG=00000297
010D39C3	MOV      EBX, EBP                                         EAX=006B0000 ECX=0126EA01 EDX=01094BA7 EBX=01094C0F ESP=002DF538 EBP=01094B68 ESI=6A3B9DD4 EDI=01094B8D EFLAG=00000202
010D39C5	ADD      EBX, 0x9c                                        EAX=006B0000 ECX=0126EA01 EDX=01094BA7 EBX=01094B68 ESP=002DF538 EBP=01094B68 ESI=6A3B9DD4 EDI=01094B8D EFLAG=00000202
010D39CB	MOV      ECX, EBX                                         EAX=006B0000 ECX=0126EA01 EDX=01094BA7 EBX=01094C04 ESP=002DF538 EBP=01094B68 ESI=6A3B9DD4 EDI=01094B8D EFLAG=00000212
010D39CD	MOV      EDI, EBP                                         EAX=006B0000 ECX=01094C04 EDX=01094BA7 EBX=01094C04 ESP=002DF538 EBP=01094B68 ESI=6A3B9DD4 EDI=01094B8D EFLAG=00000212
010D39CF	ADD      EDI, 0xc                                         EAX=006B0000 ECX=01094C04 EDX=01094BA7 EBX=01094C04 ESP=002DF538 EBP=01094B68 ESI=6A3B9DD4 EDI=01094B68 EFLAG=00000212
010D39D5	OR       EDX, [EDI]                                       EAX=006B0000 ECX=01094C04 EDX=01094BA7 EBX=01094C04 ESP=002DF538 EBP=01094B68 ESI=6A3B9DD4 EDI=01094B74 EFLAG=00000216
010D39D7	CMP      [ECX], EDX                                       EAX=006B0000 ECX=01094C04 EDX=01094BA7 EBX=01094C04 ESP=002DF538 EBP=01094B68 ESI=6A3B9DD4 EDI=01094B74 EFLAG=00000202
010D39D9	XOR      ESI, 0x28                                        EAX=006B0000 ECX=01094C04 EDX=01094BA7 EBX=01094C04 ESP=002DF538 EBP=01094B68 ESI=6A3B9DD4 EDI=01094B74 EFLAG=00000212
010D39DF	AND      ESI, 0x80000000                                  EAX=006B0000 ECX=01094C04 EDX=01094BA7 EBX=01094C04 ESP=002DF538 EBP=01094B68 ESI=6A3B9DFC EDI=01094B74 EFLAG=00000206
010D39E5	SUB      ESI, 0x800                                       EAX=006B0000 ECX=01094C04 EDX=01094BA7 EBX=01094C04 ESP=002DF538 EBP=01094B68 ESI=00000000 EDI=01094B74 EFLAG=00000246
010D39EB	MOV      EDI, EBP                                         EAX=006B0000 ECX=01094C04 EDX=01094BA7 EBX=01094C04 ESP=002DF538 EBP=01094B68 ESI=FFFFF800 EDI=01094B74 EFLAG=00000287
010D39ED	MOV      EDX, 0x1                                         EAX=006B0000 ECX=01094C04 EDX=01094BA7 EBX=01094C04 ESP=002DF538 EBP=01094B68 ESI=FFFFF800 EDI=01094B68 EFLAG=00000287
010D39F2	OR       EDX, EAX                                         EAX=006B0000 ECX=01094C04 EDX=00000001 EBX=01094C04 ESP=002DF538 EBP=01094B68 ESI=FFFFF800 EDI=01094B68 EFLAG=00000287
010D39F4	AND      ESI, EDX                                         EAX=006B0000 ECX=01094C04 EDX=006B0001 EBX=01094C04 ESP=002DF538 EBP=01094B68 ESI=FFFFF800 EDI=01094B68 EFLAG=00000202
010D39F6	ADD      ESI, 0xffff                                      EAX=006B0000 ECX=01094C04 EDX=006B0001 EBX=01094C04 ESP=002DF538 EBP=01094B68 ESI=006B0000 EDI=01094B68 EFLAG=00000206
010D39FC	ADD      EDI, 0x10                                        EAX=006B0000 ECX=01094C04 EDX=006B0001 EBX=01094C04 ESP=002DF538 EBP=01094B68 ESI=006BFFFF EDI=01094B68 EFLAG=00000206
010D3A02	OR       EDX, 0x800                                       EAX=006B0000 ECX=01094C04 EDX=006B0001 EBX=01094C04 ESP=002DF538 EBP=01094B68 ESI=006BFFFF EDI=01094B78 EFLAG=00000206
010D3A08	MOV      EDI, [EDI]                                       EAX=006B0000 ECX=01094C04 EDX=006B0801 EBX=01094C04 ESP=002DF538 EBP=01094B68 ESI=006BFFFF EDI=01094B78 EFLAG=00000202
010D3A0A	MOV      EBX, EAX                                         EAX=006B0000 ECX=01094C04 EDX=006B0801 EBX=01094C04 ESP=002DF538 EBP=01094B68 ESI=006BFFFF EDI=0123682D EFLAG=00000202
010D3A0C	MOV      ECX, EDX                                         EAX=006B0000 ECX=01094C04 EDX=006B0801 EBX=006B0000 ESP=002DF538 EBP=01094B68 ESI=006BFFFF EDI=0123682D EFLAG=00000202
010D3A0E	ADD      EDX, 0x80                                        EAX=006B0000 ECX=006B0801 EDX=006B0801 EBX=006B0000 ESP=002DF538 EBP=01094B68 ESI=006BFFFF EDI=0123682D EFLAG=00000202
010D3A14	MOV      EBX, EBP                                         EAX=006B0000 ECX=006B0801 EDX=006B0881 EBX=006B0000 ESP=002DF538 EBP=01094B68 ESI=006BFFFF EDI=0123682D EFLAG=00000206
010D3A16	SUB      ECX, 0x7fffffff                                  EAX=006B0000 ECX=006B0801 EDX=006B0881 EBX=01094B68 ESP=002DF538 EBP=01094B68 ESI=006BFFFF EDI=0123682D EFLAG=00000206
010D3A1C	ADD      ESI, EAX                                         EAX=006B0000 ECX=806B0802 EDX=006B0881 EBX=01094B68 ESP=002DF538 EBP=01094B68 ESI=006BFFFF EDI=0123682D EFLAG=00000293
010D3A1E	ADD      EBX, 0x3b                                        EAX=006B0000 ECX=806B0802 EDX=006B0881 EBX=01094B68 ESP=002DF538 EBP=01094B68 ESI=00D6FFFF EDI=0123682D EFLAG=00000206
010D3A24	ADD      EDX, EBX                                         EAX=006B0000 ECX=806B0802 EDX=006B0881 EBX=01094BA3 ESP=002DF538 EBP=01094B68 ESI=00D6FFFF EDI=0123682D EFLAG=00000216
010D3A26	MOV      EBX, [EBX]                                       EAX=006B0000 ECX=806B0802 EDX=01745424 EBX=01094BA3 ESP=002DF538 EBP=01094B68 ESI=00D6FFFF EDI=0123682D EFLAG=00000206
010D3A28	AND      EDX, ECX                                         EAX=006B0000 ECX=806B0802 EDX=01745424 EBX=0126E9F3 ESP=002DF538 EBP=01094B68 ESI=00D6FFFF EDI=0123682D EFLAG=00000206
010D3A2A	AND      ECX, ECX                                         EAX=006B0000 ECX=806B0802 EDX=00600000 EBX=0126E9F3 ESP=002DF538 EBP=01094B68 ESI=00D6FFFF EDI=0123682D EFLAG=00000206
010D3A2C	XOR      ESI, ECX                                         EAX=006B0000 ECX=806B0802 EDX=00600000 EBX=0126E9F3 ESP=002DF538 EBP=01094B68 ESI=00D6FFFF EDI=0123682D EFLAG=00000282
010D3A2E	ADD      EBX, 0x8                                         EAX=006B0000 ECX=806B0802 EDX=00600000 EBX=0126E9F3 ESP=002DF538 EBP=01094B68 ESI=80BDF7FD EDI=0123682D EFLAG=00000282
010D3A34	SUB      EDX, EDX                                         EAX=006B0000 ECX=806B0802 EDX=00600000 EBX=0126E9FB ESP=002DF538 EBP=01094B68 ESI=80BDF7FD EDI=0123682D EFLAG=00000202
010D3A36	MOVZX    EBX, WORD [EBX]                                  EAX=006B0000 ECX=806B0802 EDX=00000000 EBX=0126E9FB ESP=002DF538 EBP=01094B68 ESI=80BDF7FD EDI=0123682D EFLAG=00000246
010D3A39	AND      ECX, 0x80000000                                  EAX=006B0000 ECX=806B0802 EDX=00000000 EBX=0000621A ESP=002DF538 EBP=01094B68 ESI=80BDF7FD EDI=0123682D EFLAG=00000246
010D3A3F	ADD      EDX, 0x1                                         EAX=006B0000 ECX=80000000 EDX=00000000 EBX=0000621A ESP=002DF538 EBP=01094B68 ESI=80BDF7FD EDI=0123682D EFLAG=00000286
010D3A45	XOR      EDX, 0x80                                        EAX=006B0000 ECX=80000000 EDX=00000001 EBX=0000621A ESP=002DF538 EBP=01094B68 ESI=80BDF7FD EDI=0123682D EFLAG=00000202
010D3A4B	MOV      EAX, EBP                                         EAX=006B0000 ECX=80000000 EDX=00000081 EBX=0000621A ESP=002DF538 EBP=01094B68 ESI=80BDF7FD EDI=0123682D EFLAG=00000206
010D3A4D	XOR      ECX, 0x28                                        EAX=01094B68 ECX=80000000 EDX=00000081 EBX=0000621A ESP=002DF538 EBP=01094B68 ESI=80BDF7FD EDI=0123682D EFLAG=00000206
010D3A53	MOV      EDX, EDI                                         EAX=01094B68 ECX=80000028 EDX=00000081 EBX=0000621A ESP=002DF538 EBP=01094B68 ESI=80BDF7FD EDI=0123682D EFLAG=00000286
010D3A55	SUB      ECX, 0x7fffffff                                  EAX=01094B68 ECX=80000028 EDX=0123682D EBX=0000621A ESP=002DF538 EBP=01094B68 ESI=80BDF7FD EDI=0123682D EFLAG=00000286
010D3A5B	ADD      EAX, 0x9c                                        EAX=01094B68 ECX=00000029 EDX=0123682D EBX=0000621A ESP=002DF538 EBP=01094B68 ESI=80BDF7FD EDI=0123682D EFLAG=00000A12
010D3A60	MOV      EAX, 0x20                                        EAX=01094C04 ECX=00000029 EDX=0123682D EBX=0000621A ESP=002DF538 EBP=01094B68 ESI=80BDF7FD EDI=0123682D EFLAG=00000212
010D3A6A	SUB      EBX, 0x746d613b                                  EAX=00000020 ECX=00000029 EDX=0123682D EBX=0000621A ESP=002DF538 EBP=01094B68 ESI=80BDF7FD EDI=0123682D EFLAG=00000212
010D3A70	OR       ESI, 0x80000000                                  EAX=00000020 ECX=00000029 EDX=0123682D EBX=8B9300DF ESP=002DF538 EBP=01094B68 ESI=80BDF7FD EDI=0123682D EFLAG=00000293
010D3A76	AND      ESI, 0x7fffffff                                  EAX=00000020 ECX=00000029 EDX=0123682D EBX=8B9300DF ESP=002DF538 EBP=01094B68 ESI=80BDF7FD EDI=0123682D EFLAG=00000282
010D3A7C	ADD      ECX, 0x80                                        EAX=00000020 ECX=00000029 EDX=0123682D EBX=8B9300DF ESP=002DF538 EBP=01094B68 ESI=00BDF7FD EDI=0123682D EFLAG=00000202
010D3A82	MOV      ECX, EBP                                         EAX=00000020 ECX=000000A9 EDX=0123682D EBX=8B9300DF ESP=002DF538 EBP=01094B68 ESI=00BDF7FD EDI=0123682D EFLAG=00000206
010D3A84	ADD      EAX, EAX                                         EAX=00000020 ECX=01094B68 EDX=0123682D EBX=8B9300DF ESP=002DF538 EBP=01094B68 ESI=00BDF7FD EDI=0123682D EFLAG=00000206
010D3A86	OR       ESI, 0x400                                       EAX=00000040 ECX=01094B68 EDX=0123682D EBX=8B9300DF ESP=002DF538 EBP=01094B68 ESI=00BDF7FD EDI=0123682D EFLAG=00000202
010D3A8C	AND      ESI, 0x28                                        EAX=00000040 ECX=01094B68 EDX=0123682D EBX=8B9300DF ESP=002DF538 EBP=01094B68 ESI=00BDF7FD EDI=0123682D EFLAG=00000202
010D3A92	SUB      EAX, 0x80000000                                  EAX=00000040 ECX=01094B68 EDX=0123682D EBX=8B9300DF ESP=002DF538 EBP=01094B68 ESI=00000028 EDI=0123682D EFLAG=00000206
010D3A97	OR       ESI, 0x1                                         EAX=80000040 ECX=01094B68 EDX=0123682D EBX=8B9300DF ESP=002DF538 EBP=01094B68 ESI=00000028 EDI=0123682D EFLAG=00000A83
010D3A9D	ADD      ECX, 0x9c                                        EAX=80000040 ECX=01094B68 EDX=0123682D EBX=8B9300DF ESP=002DF538 EBP=01094B68 ESI=00000029 EDI=0123682D EFLAG=00000202
010D3AA3	SUB      ESI, 0x80                                        EAX=80000040 ECX=01094C04 EDX=0123682D EBX=8B9300DF ESP=002DF538 EBP=01094B68 ESI=00000029 EDI=0123682D EFLAG=00000212
010D3AA9	MOV      EAX, 0xa                                         EAX=80000040 ECX=01094C04 EDX=0123682D EBX=8B9300DF ESP=002DF538 EBP=01094B68 ESI=FFFFFFA9 EDI=0123682D EFLAG=00000287
010D3AAE	ADD      ESI, 0x7fffffff                                  EAX=0000000A ECX=01094C04 EDX=0123682D EBX=8B9300DF ESP=002DF538 EBP=01094B68 ESI=FFFFFFA9 EDI=0123682D EFLAG=00000287
010D3AB4	AND      EDX, ESI                                         EAX=0000000A ECX=01094C04 EDX=0123682D EBX=8B9300DF ESP=002DF538 EBP=01094B68 ESI=7FFFFFA8 EDI=0123682D EFLAG=00000213
010D3AB6	SUB      ESI, 0x28                                        EAX=0000000A ECX=01094C04 EDX=01236828 EBX=8B9300DF ESP=002DF538 EBP=01094B68 ESI=7FFFFFA8 EDI=0123682D EFLAG=00000206
010D3ABC	AND      [ECX], EBX                                       EAX=0000000A ECX=01094C04 EDX=01236828 EBX=8B9300DF ESP=002DF538 EBP=01094B68 ESI=7FFFFF80 EDI=0123682D EFLAG=00000202
010D3ABE	SUB      EAX, 0x80                                        EAX=0000000A ECX=01094C04 EDX=01236828 EBX=8B9300DF ESP=002DF538 EBP=01094B68 ESI=7FFFFF80 EDI=0123682D EFLAG=00000202
010D3AC3	AND      EBX, 0xffff                                      EAX=FFFFFF8A ECX=01094C04 EDX=01236828 EBX=8B9300DF ESP=002DF538 EBP=01094B68 ESI=7FFFFF80 EDI=0123682D EFLAG=00000283
010D3AC9	AND      EAX, 0x80000000                                  EAX=FFFFFF8A ECX=01094C04 EDX=01236828 EBX=000000DF ESP=002DF538 EBP=01094B68 ESI=7FFFFF80 EDI=0123682D EFLAG=00000202
010D3ACE	ADD      EDX, ECX                                         EAX=80000000 ECX=01094C04 EDX=01236828 EBX=000000DF ESP=002DF538 EBP=01094B68 ESI=7FFFFF80 EDI=0123682D EFLAG=00000286
010D3AD0	SHL      EBX, 0x2                                         EAX=80000000 ECX=01094C04 EDX=022CB42C EBX=000000DF ESP=002DF538 EBP=01094B68 ESI=7FFFFF80 EDI=0123682D EFLAG=00000202
010D3AD3	XOR      EDX, 0x1                                         EAX=80000000 ECX=01094C04 EDX=022CB42C EBX=0000037C ESP=002DF538 EBP=01094B68 ESI=7FFFFF80 EDI=0123682D EFLAG=00000202
010D3AD9	SUB      EDX, 0x80000000                                  EAX=80000000 ECX=01094C04 EDX=022CB42D EBX=0000037C ESP=002DF538 EBP=01094B68 ESI=7FFFFF80 EDI=0123682D EFLAG=00000206
010D3ADF	MOV      ESI, 0x1                                         EAX=80000000 ECX=01094C04 EDX=822CB42D EBX=0000037C ESP=002DF538 EBP=01094B68 ESI=7FFFFF80 EDI=0123682D EFLAG=00000A87
010D3AE4	MOV      EAX, 0xa                                         EAX=80000000 ECX=01094C04 EDX=822CB42D EBX=0000037C ESP=002DF538 EBP=01094B68 ESI=00000001 EDI=0123682D EFLAG=00000A87
010D3AE9	ADD      EDX, 0x1f                                        EAX=0000000A ECX=01094C04 EDX=822CB42D EBX=0000037C ESP=002DF538 EBP=01094B68 ESI=00000001 EDI=0123682D EFLAG=00000A87
010D3AEF	MOV      EDX, ECX                                         EAX=0000000A ECX=01094C04 EDX=822CB44C EBX=0000037C ESP=002DF538 EBP=01094B68 ESI=00000001 EDI=0123682D EFLAG=00000292
010D3AF1	ADD      EDI, EBX                                         EAX=0000000A ECX=01094C04 EDX=01094C04 EBX=0000037C ESP=002DF538 EBP=01094B68 ESI=00000001 EDI=0123682D EFLAG=00000292
010D3AF3	MOV      EAX, [EDI]                                       EAX=0000000A ECX=01094C04 EDX=01094C04 EBX=0000037C ESP=002DF538 EBP=01094B68 ESI=00000001 EDI=01236BA9 EFLAG=00000216
010D3AF5	XOR      EDX, ESI                                         EAX=010D37DE ECX=01094C04 EDX=01094C04 EBX=0000037C ESP=002DF538 EBP=01094B68 ESI=00000001 EDI=01236BA9 EFLAG=00000216
010D3AFC	MOV      ESI, EBP                                         EAX=010D37DE ECX=01094C04 EDX=01094C05 EBX=0000037C ESP=002DF538 EBP=01094B68 ESI=00000001 EDI=01236BA9 EFLAG=00000206
010D3AFE	SUB      EDX, 0x400                                       EAX=010D37DE ECX=01094C04 EDX=01094C05 EBX=0000037C ESP=002DF538 EBP=01094B68 ESI=01094B68 EDI=01236BA9 EFLAG=00000206
010D3B04	MOV      EDI, 0x7fffffff                                  EAX=010D37DE ECX=01094C04 EDX=01094805 EBX=0000037C ESP=002DF538 EBP=01094B68 ESI=01094B68 EDI=01236BA9 EFLAG=00000206
010D3B0F	ADD      ESI, 0x3b                                        EAX=010D37DE ECX=01094C04 EDX=01094805 EBX=0000037C ESP=002DF538 EBP=01094B68 ESI=01094B68 EDI=7FFFFFFF EFLAG=00000206
010D3B15	ADD      DWORD [ESI], 0x16                                EAX=010D37DE ECX=01094C04 EDX=01094805 EBX=0000037C ESP=002DF538 EBP=01094B68 ESI=01094BA3 EDI=7FFFFFFF EFLAG=00000216
010D3B1B	JMP      EAX                                              EAX=010D37DE ECX=01094C04 EDX=01094805 EBX=0000037C ESP=002DF538 EBP=01094B68 ESI=01094BA3 EDI=7FFFFFFF EFLAG=00000206
010D37DE	MOV      ECX, EBP                                         EAX=010D37DE ECX=01094C04 EDX=01094805 EBX=0000037C ESP=002DF538 EBP=01094B68 ESI=01094BA3 EDI=7FFFFFFF EFLAG=00000206
010D37E0	ADD      ECX, 0x3b                                        EAX=010D37DE ECX=01094B68 EDX=01094805 EBX=0000037C ESP=002DF538 EBP=01094B68 ESI=01094BA3 EDI=7FFFFFFF EFLAG=00000206
010D37E6	MOV      ECX, [ECX]                                       EAX=010D37DE ECX=01094BA3 EDX=01094805 EBX=0000037C ESP=002DF538 EBP=01094B68 ESI=01094BA3 EDI=7FFFFFFF EFLAG=00000216
010D37E8	ADD      ECX, 0x10                                        EAX=010D37DE ECX=0126EA09 EDX=01094805 EBX=0000037C ESP=002DF538 EBP=01094B68 ESI=01094BA3 EDI=7FFFFFFF EFLAG=00000216
010D37EE	MOVZX    EDX, WORD [ECX]                                  EAX=010D37DE ECX=0126EA19 EDX=01094805 EBX=0000037C ESP=002DF538 EBP=01094B68 ESI=01094BA3 EDI=7FFFFFFF EFLAG=00000202
010D37F1	MOV      ESI, EBP                                         EAX=010D37DE ECX=0126EA19 EDX=000000EF EBX=0000037C ESP=002DF538 EBP=01094B68 ESI=01094BA3 EDI=7FFFFFFF EFLAG=00000202
010D37F3	ADD      ESI, 0x9c                                        EAX=010D37DE ECX=0126EA19 EDX=000000EF EBX=0000037C ESP=002DF538 EBP=01094B68 ESI=01094B68 EDI=7FFFFFFF EFLAG=00000202
010D37F9	XOR      EDX, [ESI]                                       EAX=010D37DE ECX=0126EA19 EDX=000000EF EBX=0000037C ESP=002DF538 EBP=01094B68 ESI=01094C04 EDI=7FFFFFFF EFLAG=00000212
010D37FB	MOV      EAX, EBP                                         EAX=010D37DE ECX=0126EA19 EDX=0200006F EBX=0000037C ESP=002DF538 EBP=01094B68 ESI=01094C04 EDI=7FFFFFFF EFLAG=00000206
010D37FD	ADD      EAX, 0x3b                                        EAX=01094B68 ECX=0126EA19 EDX=0200006F EBX=0000037C ESP=002DF538 EBP=01094B68 ESI=01094C04 EDI=7FFFFFFF EFLAG=00000206
010D3802	MOV      EAX, [EAX]                                       EAX=01094BA3 ECX=0126EA19 EDX=0200006F EBX=0000037C ESP=002DF538 EBP=01094B68 ESI=01094C04 EDI=7FFFFFFF EFLAG=00000216
010D3804	ADD      EAX, 0xa                                         EAX=0126EA09 ECX=0126EA19 EDX=0200006F EBX=0000037C ESP=002DF538 EBP=01094B68 ESI=01094C04 EDI=7FFFFFFF EFLAG=00000216
010D3809	MOV      ESI, [EAX]                                       EAX=0126EA13 ECX=0126EA19 EDX=0200006F EBX=0000037C ESP=002DF538 EBP=01094B68 ESI=01094C04 EDI=7FFFFFFF EFLAG=00000212
010D380B	MOV      EBX, EBP                                         EAX=0126EA13 ECX=0126EA19 EDX=0200006F EBX=0000037C ESP=002DF538 EBP=01094B68 ESI=06D49EC9 EDI=7FFFFFFF EFLAG=00000212
010D380D	ADD      EBX, 0x9c                                        EAX=0126EA13 ECX=0126EA19 EDX=0200006F EBX=01094B68 ESP=002DF538 EBP=01094B68 ESI=06D49EC9 EDI=7FFFFFFF EFLAG=00000212
010D3813	AND      [EBX], ESI                                       EAX=0126EA13 ECX=0126EA19 EDX=0200006F EBX=01094C04 ESP=002DF538 EBP=01094B68 ESI=06D49EC9 EDI=7FFFFFFF EFLAG=00000212
010D3815	MOV      EBX, EBP                                         EAX=0126EA13 ECX=0126EA19 EDX=0200006F EBX=01094C04 ESP=002DF538 EBP=01094B68 ESI=06D49EC9 EDI=7FFFFFFF EFLAG=00000202
010D3817	ADD      EBX, 0x3b                                        EAX=0126EA13 ECX=0126EA19 EDX=0200006F EBX=01094B68 ESP=002DF538 EBP=01094B68 ESI=06D49EC9 EDI=7FFFFFFF EFLAG=00000202
010D381D	MOV      EBX, [EBX]                                       EAX=0126EA13 ECX=0126EA19 EDX=0200006F EBX=01094BA3 ESP=002DF538 EBP=01094B68 ESI=06D49EC9 EDI=7FFFFFFF EFLAG=00000216
010D3825	MOV      EDI, [EBX]                                       EAX=0126EA13 ECX=0126EA19 EDX=0200006F EBX=0126EA09 ESP=002DF538 EBP=01094B68 ESI=06D49EC9 EDI=7FFFFFFF EFLAG=00000206
010D3827	MOV      EDX, EBP                                         EAX=0126EA13 ECX=0126EA19 EDX=0200006F EBX=0126EA09 ESP=002DF538 EBP=01094B68 ESI=06D49EC9 EDI=753D12D3 EFLAG=00000206
010D3829	ADD      EDX, 0x9c                                        EAX=0126EA13 ECX=0126EA19 EDX=01094B68 EBX=0126EA09 ESP=002DF538 EBP=01094B68 ESI=06D49EC9 EDI=753D12D3 EFLAG=00000206
010D382F	AND      [EDX], EDI                                       EAX=0126EA13 ECX=0126EA19 EDX=01094C04 EBX=0126EA09 ESP=002DF538 EBP=01094B68 ESI=06D49EC9 EDI=753D12D3 EFLAG=00000212
010D3831	MOV      ESI, EBP                                         EAX=0126EA13 ECX=0126EA19 EDX=01094C04 EBX=0126EA09 ESP=002DF538 EBP=01094B68 ESI=06D49EC9 EDI=753D12D3 EFLAG=00000202
010D3833	ADD      ESI, 0x3b                                        EAX=0126EA13 ECX=0126EA19 EDX=01094C04 EBX=0126EA09 ESP=002DF538 EBP=01094B68 ESI=01094B68 EDI=753D12D3 EFLAG=00000202
010D3839	MOV      ESI, [ESI]                                       EAX=0126EA13 ECX=0126EA19 EDX=01094C04 EBX=0126EA09 ESP=002DF538 EBP=01094B68 ESI=01094BA3 EDI=753D12D3 EFLAG=00000216
010D383B	ADD      ESI, 0x12                                        EAX=0126EA13 ECX=0126EA19 EDX=01094C04 EBX=0126EA09 ESP=002DF538 EBP=01094B68 ESI=0126EA09 EDI=753D12D3 EFLAG=00000216
010D3841	MOV      EAX, [ESI]                                       EAX=0126EA13 ECX=0126EA19 EDX=01094C04 EBX=0126EA09 ESP=002DF538 EBP=01094B68 ESI=0126EA1B EDI=753D12D3 EFLAG=00000206
010D3843	MOV      ESI, EBP                                         EAX=4F320FC2 ECX=0126EA19 EDX=01094C04 EBX=0126EA09 ESP=002DF538 EBP=01094B68 ESI=0126EA1B EDI=753D12D3 EFLAG=00000206
010D3845	ADD      ESI, 0x9c                                        EAX=4F320FC2 ECX=0126EA19 EDX=01094C04 EBX=0126EA09 ESP=002DF538 EBP=01094B68 ESI=01094B68 EDI=753D12D3 EFLAG=00000206
010D384B	AND      [ESI], EAX                                       EAX=4F320FC2 ECX=0126EA19 EDX=01094C04 EBX=0126EA09 ESP=002DF538 EBP=01094B68 ESI=01094C04 EDI=753D12D3 EFLAG=00000212
010D384D	MOV      EDI, EBP                                         EAX=4F320FC2 ECX=0126EA19 EDX=01094C04 EBX=0126EA09 ESP=002DF538 EBP=01094B68 ESI=01094C04 EDI=753D12D3 EFLAG=00000202
010D384F	OR       ESI, EDI                                         EAX=4F320FC2 ECX=0126EA19 EDX=01094C04 EBX=0126EA09 ESP=002DF538 EBP=01094B68 ESI=01094C04 EDI=01094B68 EFLAG=00000202
010D3851	AND      EAX, 0x28                                        EAX=4F320FC2 ECX=0126EA19 EDX=01094C04 EBX=0126EA09 ESP=002DF538 EBP=01094B68 ESI=01094F6C EDI=01094B68 EFLAG=00000206
010D3856	MOV      EBX, EAX                                         EAX=00000000 ECX=0126EA19 EDX=01094C04 EBX=0126EA09 ESP=002DF538 EBP=01094B68 ESI=01094F6C EDI=01094B68 EFLAG=00000246
010D3858	ADD      EDI, 0x3b                                        EAX=00000000 ECX=0126EA19 EDX=01094C04 EBX=00000000 ESP=002DF538 EBP=01094B68 ESI=01094F6C EDI=01094B68 EFLAG=00000246
010D385E	OR       EAX, 0x4                                         EAX=00000000 ECX=0126EA19 EDX=01094C04 EBX=00000000 ESP=002DF538 EBP=01094B68 ESI=01094F6C EDI=01094BA3 EFLAG=00000216
010D3863	MOV      EBX, 0xa                                         EAX=00000004 ECX=0126EA19 EDX=01094C04 EBX=00000000 ESP=002DF538 EBP=01094B68 ESI=01094F6C EDI=01094BA3 EFLAG=00000202
010D3868	OR       ECX, 0x400                                       EAX=00000004 ECX=0126EA19 EDX=01094C04 EBX=0000000A ESP=002DF538 EBP=01094B68 ESI=01094F6C EDI=01094BA3 EFLAG=00000202
010D386E	MOV      EDI, [EDI]                                       EAX=00000004 ECX=0126EE19 EDX=01094C04 EBX=0000000A ESP=002DF538 EBP=01094B68 ESI=01094F6C EDI=01094BA3 EFLAG=00000202
010D3870	OR       EAX, 0x28                                        EAX=00000004 ECX=0126EE19 EDX=01094C04 EBX=0000000A ESP=002DF538 EBP=01094B68 ESI=01094F6C EDI=0126EA09 EFLAG=00000202
010D3875	ADD      EAX, 0xffff                                      EAX=0000002C ECX=0126EE19 EDX=01094C04 EBX=0000000A ESP=002DF538 EBP=01094B68 ESI=01094F6C EDI=0126EA09 EFLAG=00000202
010D387A	ADD      EDI, 0x10                                        EAX=0001002B ECX=0126EE19 EDX=01094C04 EBX=0000000A ESP=002DF538 EBP=01094B68 ESI=01094F6C EDI=0126EA09 EFLAG=00000216
010D3880	ADD      EAX, ESI                                         EAX=0001002B ECX=0126EE19 EDX=01094C04 EBX=0000000A ESP=002DF538 EBP=01094B68 ESI=01094F6C EDI=0126EA19 EFLAG=00000202
010D3882	MOVZX    EBX, WORD [EDI]                                  EAX=010A4F97 ECX=0126EE19 EDX=01094C04 EBX=0000000A ESP=002DF538 EBP=01094B68 ESI=01094F6C EDI=0126EA19 EFLAG=00000212
010D3885	MOV      EDI, EBP                                         EAX=010A4F97 ECX=0126EE19 EDX=01094C04 EBX=000000EF ESP=002DF538 EBP=01094B68 ESI=01094F6C EDI=0126EA19 EFLAG=00000212
010D3887	ADD      EDI, 0x9c                                        EAX=010A4F97 ECX=0126EE19 EDX=01094C04 EBX=000000EF ESP=002DF538 EBP=01094B68 ESI=01094F6C EDI=01094B68 EFLAG=00000212
010D388D	XOR      ECX, 0x7fffffff                                  EAX=010A4F97 ECX=0126EE19 EDX=01094C04 EBX=000000EF ESP=002DF538 EBP=01094B68 ESI=01094F6C EDI=01094C04 EFLAG=00000212
010D3893	AND      ESI, EAX                                         EAX=010A4F97 ECX=7ED911E6 EDX=01094C04 EBX=000000EF ESP=002DF538 EBP=01094B68 ESI=01094F6C EDI=01094C04 EFLAG=00000202
010D3895	AND      EAX, 0x7fffffff                                  EAX=010A4F97 ECX=7ED911E6 EDX=01094C04 EBX=000000EF ESP=002DF538 EBP=01094B68 ESI=01084F04 EDI=01094C04 EFLAG=00000202
010D389F	MOV      ESI, 0xa                                         EAX=010A4F97 ECX=7ED911E6 EDX=01094C04 EBX=000000EF ESP=002DF538 EBP=01094B68 ESI=00000200 EDI=01094C04 EFLAG=00000202
010D38A4	SUB      EBX, [EDI]                                       EAX=010A4F97 ECX=7ED911E6 EDX=01094C04 EBX=000000EF ESP=002DF538 EBP=01094B68 ESI=0000000A EDI=01094C04 EFLAG=00000202
010D38A6	MOV      EDI, ECX                                         EAX=010A4F97 ECX=7ED911E6 EDX=01094C04 EBX=0000006F ESP=002DF538 EBP=01094B68 ESI=0000000A EDI=01094C04 EFLAG=00000206
010D38A8	MOV      ESI, EBP                                         EAX=010A4F97 ECX=7ED911E6 EDX=01094C04 EBX=0000006F ESP=002DF538 EBP=01094B68 ESI=0000000A EDI=7ED911E6 EFLAG=00000206
010D38AA	ADD      ESI, 0x54                                        EAX=010A4F97 ECX=7ED911E6 EDX=01094C04 EBX=0000006F ESP=002DF538 EBP=01094B68 ESI=01094B68 EDI=7ED911E6 EFLAG=00000206
010D38B0	MOV      EDX, 0x1                                         EAX=010A4F97 ECX=7ED911E6 EDX=01094C04 EBX=0000006F ESP=002DF538 EBP=01094B68 ESI=01094BBC EDI=7ED911E6 EFLAG=00000202
010D38B5	OR       EDI, 0x80000000                                  EAX=010A4F97 ECX=7ED911E6 EDX=00000001 EBX=0000006F ESP=002DF538 EBP=01094B68 ESI=01094BBC EDI=7ED911E6 EFLAG=00000202
010D38BB	AND      EDI, EBX                                         EAX=010A4F97 ECX=7ED911E6 EDX=00000001 EBX=0000006F ESP=002DF538 EBP=01094B68 ESI=01094BBC EDI=FED911E6 EFLAG=00000282
010D38BD	ADD      EAX, ESI                                         EAX=010A4F97 ECX=7ED911E6 EDX=00000001 EBX=0000006F ESP=002DF538 EBP=01094B68 ESI=01094BBC EDI=00000066 EFLAG=00000206
010D38BF	MOV      EAX, EDX                                         EAX=02139B53 ECX=7ED911E6 EDX=00000001 EBX=0000006F ESP=002DF538 EBP=01094B68 ESI=01094BBC EDI=00000066 EFLAG=00000216
010D38C1	SUB      EBX, [ESI]                                       EAX=00000001 ECX=7ED911E6 EDX=00000001 EBX=0000006F ESP=002DF538 EBP=01094B68 ESI=01094BBC EDI=00000066 EFLAG=00000216
010D38C3	AND      ECX, EDX                                         EAX=00000001 ECX=7ED911E6 EDX=00000001 EBX=0000006F ESP=002DF538 EBP=01094B68 ESI=01094BBC EDI=00000066 EFLAG=00000206
010D38C5	SUB      EAX, 0xffff                                      EAX=00000001 ECX=00000000 EDX=00000001 EBX=0000006F ESP=002DF538 EBP=01094B68 ESI=01094BBC EDI=00000066 EFLAG=00000246
010D38CA	MOV      ESI, EBP                                         EAX=FFFF0002 ECX=00000000 EDX=00000001 EBX=0000006F ESP=002DF538 EBP=01094B68 ESI=01094BBC EDI=00000066 EFLAG=00000293
010D38CC	SUB      EDX, EBX                                         EAX=FFFF0002 ECX=00000000 EDX=00000001 EBX=0000006F ESP=002DF538 EBP=01094B68 ESI=01094B68 EDI=00000066 EFLAG=00000293
010D38CE	AND      EDI, 0x1c                                        EAX=FFFF0002 ECX=00000000 EDX=FFFFFF92 EBX=0000006F ESP=002DF538 EBP=01094B68 ESI=01094B68 EDI=00000066 EFLAG=00000293
010D38D4	AND      ECX, ECX                                         EAX=FFFF0002 ECX=00000000 EDX=FFFFFF92 EBX=0000006F ESP=002DF538 EBP=01094B68 ESI=01094B68 EDI=00000004 EFLAG=00000202
010D38D6	OR       EDX, 0xffff                                      EAX=FFFF0002 ECX=00000000 EDX=FFFFFF92 EBX=0000006F ESP=002DF538 EBP=01094B68 ESI=01094B68 EDI=00000004 EFLAG=00000246
010D38DC	ADD      ESI, 0x9c                                        EAX=FFFF0002 ECX=00000000 EDX=FFFFFFFF EBX=0000006F ESP=002DF538 EBP=01094B68 ESI=01094B68 EDI=00000004 EFLAG=00000286
010D38E2	MOV      EAX, 0x200                                       EAX=FFFF0002 ECX=00000000 EDX=FFFFFFFF EBX=0000006F ESP=002DF538 EBP=01094B68 ESI=01094C04 EDI=00000004 EFLAG=00000212
010D38E7	MOV      EDX, 0x400                                       EAX=00000200 ECX=00000000 EDX=FFFFFFFF EBX=0000006F ESP=002DF538 EBP=01094B68 ESI=01094C04 EDI=00000004 EFLAG=00000212
010D38EC	OR       ECX, EAX                                         EAX=00000200 ECX=00000000 EDX=00000400 EBX=0000006F ESP=002DF538 EBP=01094B68 ESI=01094C04 EDI=00000004 EFLAG=00000212
010D38EE	AND      [ESI], EBX                                       EAX=00000200 ECX=00000200 EDX=00000400 EBX=0000006F ESP=002DF538 EBP=01094B68 ESI=01094C04 EDI=00000004 EFLAG=00000206
010D38F0	MOV      ESI, 0x1                                         EAX=00000200 ECX=00000200 EDX=00000400 EBX=0000006F ESP=002DF538 EBP=01094B68 ESI=01094C04 EDI=00000004 EFLAG=00000246
010D38F5	ADD      EDI, EAX                                         EAX=00000200 ECX=00000200 EDX=00000400 EBX=0000006F ESP=002DF538 EBP=01094B68 ESI=00000001 EDI=00000004 EFLAG=00000246
010D38F7	SUB      ESI, EDI                                         EAX=00000200 ECX=00000200 EDX=00000400 EBX=0000006F ESP=002DF538 EBP=01094B68 ESI=00000001 EDI=00000204 EFLAG=00000202
010D38F9	MOV      ECX, EBP                                         EAX=00000200 ECX=00000200 EDX=00000400 EBX=0000006F ESP=002DF538 EBP=01094B68 ESI=FFFFFDFD EDI=00000204 EFLAG=00000293
010D38FB	SUB      EDI, ECX                                         EAX=00000200 ECX=01094B68 EDX=00000400 EBX=0000006F ESP=002DF538 EBP=01094B68 ESI=FFFFFDFD EDI=00000204 EFLAG=00000293
010D38FD	SUB      ESI, EDX                                         EAX=00000200 ECX=01094B68 EDX=00000400 EBX=0000006F ESP=002DF538 EBP=01094B68 ESI=FFFFFDFD EDI=FEF6B69C EFLAG=00000297
010D38FF	SUB      EDX, 0xffff                                      EAX=00000200 ECX=01094B68 EDX=00000400 EBX=0000006F ESP=002DF538 EBP=01094B68 ESI=FFFFF9FD EDI=FEF6B69C EFLAG=00000282
010D3905	ADD      ECX, 0x78                                        EAX=00000200 ECX=01094B68 EDX=FFFF0401 EBX=0000006F ESP=002DF538 EBP=01094B68 ESI=FFFFF9FD EDI=FEF6B69C EFLAG=00000293
010D390B	ADD      EDX, 0x80                                        EAX=00000200 ECX=01094BE0 EDX=FFFF0401 EBX=0000006F ESP=002DF538 EBP=01094B68 ESI=FFFFF9FD EDI=FEF6B69C EFLAG=00000212
010D3911	ADD      DWORD [ECX], 0x86e149e                           EAX=00000200 ECX=01094BE0 EDX=FFFF0481 EBX=0000006F ESP=002DF538 EBP=01094B68 ESI=FFFFF9FD EDI=FEF6B69C EFLAG=00000286
010D3917	MOV      EDI, EBP                                         EAX=00000200 ECX=01094BE0 EDX=FFFF0481 EBX=0000006F ESP=002DF538 EBP=01094B68 ESI=FFFFF9FD EDI=FEF6B69C EFLAG=00000A96
010D3919	ADD      EDI, 0x3f                                        EAX=00000200 ECX=01094BE0 EDX=FFFF0481 EBX=0000006F ESP=002DF538 EBP=01094B68 ESI=FFFFF9FD EDI=01094B68 EFLAG=00000A96
010D391F	ADD      EAX, 0x1c                                        EAX=00000200 ECX=01094BE0 EDX=FFFF0481 EBX=0000006F ESP=002DF538 EBP=01094B68 ESI=FFFFF9FD EDI=01094BA7 EFLAG=00000212
010D3924	ADD      [EDI], BX                                        EAX=0000021C ECX=01094BE0 EDX=FFFF0481 EBX=0000006F ESP=002DF538 EBP=01094B68 ESI=FFFFF9FD EDI=01094BA7 EFLAG=00000202
010D3927	MOV      EBX, 0x72a056a8                                  EAX=0000021C ECX=01094BE0 EDX=FFFF0481 EBX=0000006F ESP=002DF538 EBP=01094B68 ESI=FFFFF9FD EDI=01094BA7 EFLAG=00000296
010D392C	MOV      EDI, 0x72a056a8                                  EAX=0000021C ECX=01094BE0 EDX=FFFF0481 EBX=72A056A8 ESP=002DF538 EBP=01094B68 ESI=FFFFF9FD EDI=01094BA7 EFLAG=00000296
010D3931	MOV      ESI, EBP                                         EAX=0000021C ECX=01094BE0 EDX=FFFF0481 EBX=72A056A8 ESP=002DF538 EBP=01094B68 ESI=FFFFF9FD EDI=72A056A8 EFLAG=00000296
010D3933	ADD      ESI, 0x78                                        EAX=0000021C ECX=01094BE0 EDX=FFFF0481 EBX=72A056A8 ESP=002DF538 EBP=01094B68 ESI=01094B68 EDI=72A056A8 EFLAG=00000296
010D3939	MOV      EAX, EBP                                         EAX=0000021C ECX=01094BE0 EDX=FFFF0481 EBX=72A056A8 ESP=002DF538 EBP=01094B68 ESI=01094BE0 EDI=72A056A8 EFLAG=00000212
010D393B	ADD      EAX, 0x9c                                        EAX=01094B68 ECX=01094BE0 EDX=FFFF0481 EBX=72A056A8 ESP=002DF538 EBP=01094B68 ESI=01094BE0 EDI=72A056A8 EFLAG=00000212
010D3940	XOR      [ESI], EBX                                       EAX=01094C04 ECX=01094BE0 EDX=FFFF0481 EBX=72A056A8 ESP=002DF538 EBP=01094B68 ESI=01094BE0 EDI=72A056A8 EFLAG=00000212
010D3942	XOR      [EAX], EDI                                       EAX=01094C04 ECX=01094BE0 EDX=FFFF0481 EBX=72A056A8 ESP=002DF538 EBP=01094B68 ESI=01094BE0 EDI=72A056A8 EFLAG=00000282
010D3944	MOV      EDX, EBP                                         EAX=01094C04 ECX=01094BE0 EDX=FFFF0481 EBX=72A056A8 ESP=002DF538 EBP=01094B68 ESI=01094BE0 EDI=72A056A8 EFLAG=00000202
010D3946	ADD      EDX, 0x3b                                        EAX=01094C04 ECX=01094BE0 EDX=01094B68 EBX=72A056A8 ESP=002DF538 EBP=01094B68 ESI=01094BE0 EDI=72A056A8 EFLAG=00000202
010D394C	MOV      ESI, EBP                                         EAX=01094C04 ECX=01094BE0 EDX=01094BA3 EBX=72A056A8 ESP=002DF538 EBP=01094B68 ESI=01094BE0 EDI=72A056A8 EFLAG=00000216
010D394E	MOV      EDX, [EDX]                                       EAX=01094C04 ECX=01094BE0 EDX=01094BA3 EBX=72A056A8 ESP=002DF538 EBP=01094B68 ESI=01094B68 EDI=72A056A8 EFLAG=00000216
010D3950	ADD      EDX, 0x6                                         EAX=01094C04 ECX=01094BE0 EDX=0126EA09 EBX=72A056A8 ESP=002DF538 EBP=01094B68 ESI=01094B68 EDI=72A056A8 EFLAG=00000216
010D3956	MOVZX    EAX, WORD [EDX]                                  EAX=01094C04 ECX=01094BE0 EDX=0126EA0F EBX=72A056A8 ESP=002DF538 EBP=01094B68 ESI=01094B68 EDI=72A056A8 EFLAG=00000206
010D3959	ADD      EAX, EBP                                         EAX=00000098 ECX=01094BE0 EDX=0126EA0F EBX=72A056A8 ESP=002DF538 EBP=01094B68 ESI=01094B68 EDI=72A056A8 EFLAG=00000206
010D395B	ADD      ESI, 0x3b                                        EAX=01094C00 ECX=01094BE0 EDX=0126EA0F EBX=72A056A8 ESP=002DF538 EBP=01094B68 ESI=01094B68 EDI=72A056A8 EFLAG=00000216
010D3961	MOV      EAX, [EAX]                                       EAX=01094C00 ECX=01094BE0 EDX=0126EA0F EBX=72A056A8 ESP=002DF538 EBP=01094B68 ESI=01094BA3 EDI=72A056A8 EFLAG=00000216
010D3963	MOV      ESI, [ESI]                                       EAX=006B0000 ECX=01094BE0 EDX=0126EA0F EBX=72A056A8 ESP=002DF538 EBP=01094B68 ESI=01094BA3 EDI=72A056A8 EFLAG=00000216
010D3965	XOR      EBX, EAX                                         EAX=006B0000 ECX=01094BE0 EDX=0126EA0F EBX=72A056A8 ESP=002DF538 EBP=01094B68 ESI=0126EA09 EDI=72A056A8 EFLAG=00000216
010D3967	ADD      ESI, 0x4                                         EAX=006B0000 ECX=01094BE0 EDX=0126EA0F EBX=72CB56A8 ESP=002DF538 EBP=01094B68 ESI=0126EA09 EDI=72A056A8 EFLAG=00000202
010D396D	MOVZX    EDX, WORD [ESI]                                  EAX=006B0000 ECX=01094BE0 EDX=0126EA0F EBX=72CB56A8 ESP=002DF538 EBP=01094B68 ESI=0126EA0D EDI=72A056A8 EFLAG=00000202
010D3970	ADD      EDX, EBP                                         EAX=006B0000 ECX=01094BE0 EDX=00000018 EBX=72CB56A8 ESP=002DF538 EBP=01094B68 ESI=0126EA0D EDI=72A056A8 EFLAG=00000202
010D3972	MOV      EDX, [EDX]                                       EAX=006B0000 ECX=01094BE0 EDX=01094B80 EBX=72CB56A8 ESP=002DF538 EBP=01094B68 ESI=0126EA0D EDI=72A056A8 EFLAG=00000212
010D3974	XOR      ESI, EDX                                         EAX=006B0000 ECX=01094BE0 EDX=77540000 EBX=72CB56A8 ESP=002DF538 EBP=01094B68 ESI=0126EA0D EDI=72A056A8 EFLAG=00000212
010D3976	MOV      ESI, 0x6a3b9dd4                                  EAX=006B0000 ECX=01094BE0 EDX=77540000 EBX=72CB56A8 ESP=002DF538 EBP=01094B68 ESI=7672EA0D EDI=72A056A8 EFLAG=00000202
010D397B	MOV      EDX, EBP                                         EAX=006B0000 ECX=01094BE0 EDX=77540000 EBX=72CB56A8 ESP=002DF538 EBP=01094B68 ESI=6A3B9DD4 EDI=72A056A8 EFLAG=00000202
010D397D	MOV      EDI, EBP                                         EAX=006B0000 ECX=01094BE0 EDX=01094B68 EBX=72CB56A8 ESP=002DF538 EBP=01094B68 ESI=6A3B9DD4 EDI=72A056A8 EFLAG=00000202
010D397F	ADD      EDI, 0x9c                                        EAX=006B0000 ECX=01094BE0 EDX=01094B68 EBX=72CB56A8 ESP=002DF538 EBP=01094B68 ESI=6A3B9DD4 EDI=01094B68 EFLAG=00000202
010D3985	ADD      EDX, 0x3f                                        EAX=006B0000 ECX=01094BE0 EDX=01094B68 EBX=72CB56A8 ESP=002DF538 EBP=01094B68 ESI=6A3B9DD4 EDI=01094C04 EFLAG=00000212
010D398B	MOVZX    EBX, WORD [EDX]                                  EAX=006B0000 ECX=01094BE0 EDX=01094BA7 EBX=72CB56A8 ESP=002DF538 EBP=01094B68 ESI=6A3B9DD4 EDI=01094C04 EFLAG=00000212
010D398E	AND      [EDI], ESI                                       EAX=006B0000 ECX=01094BE0 EDX=01094BA7 EBX=0000C2C3 ESP=002DF538 EBP=01094B68 ESI=6A3B9DD4 EDI=01094C04 EFLAG=00000212
010D3990	SUB      BX, 0xc22f                                       EAX=006B0000 ECX=01094BE0 EDX=01094BA7 EBX=0000C2C3 ESP=002DF538 EBP=01094B68 ESI=6A3B9DD4 EDI=01094C04 EFLAG=00000202
010D3995	ADD      EBX, EBP                                         EAX=006B0000 ECX=01094BE0 EDX=01094BA7 EBX=00000094 ESP=002DF538 EBP=01094B68 ESI=6A3B9DD4 EDI=01094C04 EFLAG=00000212
010D3997	POP      DWORD [EBX]                                      EAX=006B0000 ECX=01094BE0 EDX=01094BA7 EBX=01094BFC ESP=002DF538 EBP=01094B68 ESI=6A3B9DD4 EDI=01094C04 EFLAG=00000206
010D3999	MOV      EDI, EBX                                         EAX=006B0000 ECX=01094BE0 EDX=01094BA7 EBX=01094BFC ESP=002DF53C EBP=01094B68 ESI=6A3B9DD4 EDI=01094C04 EFLAG=00000206
010D399B	MOV      EBX, 0x0                                         EAX=006B0000 ECX=01094BE0 EDX=01094BA7 EBX=01094BFC ESP=002DF53C EBP=01094B68 ESI=6A3B9DD4 EDI=01094BFC EFLAG=00000206
010D39A0	MOV      ECX, EBP                                         EAX=006B0000 ECX=01094BE0 EDX=01094BA7 EBX=00000000 ESP=002DF53C EBP=01094B68 ESI=6A3B9DD4 EDI=01094BFC EFLAG=00000206
010D39A2	ADD      ECX, 0x3b                                        EAX=006B0000 ECX=01094B68 EDX=01094BA7 EBX=00000000 ESP=002DF53C EBP=01094B68 ESI=6A3B9DD4 EDI=01094BFC EFLAG=00000206
010D39A8	MOV      ECX, [ECX]                                       EAX=006B0000 ECX=01094BA3 EDX=01094BA7 EBX=00000000 ESP=002DF53C EBP=01094B68 ESI=6A3B9DD4 EDI=01094BFC EFLAG=00000216
010D39AA	ADD      ECX, 0xe                                         EAX=006B0000 ECX=0126EA09 EDX=01094BA7 EBX=00000000 ESP=002DF53C EBP=01094B68 ESI=6A3B9DD4 EDI=01094BFC EFLAG=00000216
010D39B0	MOV      BX, [ECX]                                        EAX=006B0000 ECX=0126EA17 EDX=01094BA7 EBX=00000000 ESP=002DF53C EBP=01094B68 ESI=6A3B9DD4 EDI=01094BFC EFLAG=00000216
010D39B3	ADD      EBX, EBP                                         EAX=006B0000 ECX=0126EA17 EDX=01094BA7 EBX=000000A7 ESP=002DF53C EBP=01094B68 ESI=6A3B9DD4 EDI=01094BFC EFLAG=00000216
010D39B5	CMP      EDI, EBX                                         EAX=006B0000 ECX=0126EA17 EDX=01094BA7 EBX=01094C0F ESP=002DF53C EBP=01094B68 ESI=6A3B9DD4 EDI=01094BFC EFLAG=00000206
010D39B7	JZ       0x10d39c3                                        EAX=006B0000 ECX=0126EA17 EDX=01094BA7 EBX=01094C0F ESP=002DF53C EBP=01094B68 ESI=6A3B9DD4 EDI=01094BFC EFLAG=00000297
010D39BD	ADD      DWORD [EBX], 0x4                                 EAX=006B0000 ECX=0126EA17 EDX=01094BA7 EBX=01094C0F ESP=002DF53C EBP=01094B68 ESI=6A3B9DD4 EDI=01094BFC EFLAG=00000297
010D39C3	MOV      EBX, EBP                                         EAX=006B0000 ECX=0126EA17 EDX=01094BA7 EBX=01094C0F ESP=002DF53C EBP=01094B68 ESI=6A3B9DD4 EDI=01094BFC EFLAG=00000206
010D39C5	ADD      EBX, 0x9c                                        EAX=006B0000 ECX=0126EA17 EDX=01094BA7 EBX=01094B68 ESP=002DF53C EBP=01094B68 ESI=6A3B9DD4 EDI=01094BFC EFLAG=00000206
010D39CB	MOV      ECX, EBX                                         EAX=006B0000 ECX=0126EA17 EDX=01094BA7 EBX=01094C04 ESP=002DF53C EBP=01094B68 ESI=6A3B9DD4 EDI=01094BFC EFLAG=00000212
010D39CD	MOV      EDI, EBP                                         EAX=006B0000 ECX=01094C04 EDX=01094BA7 EBX=01094C04 ESP=002DF53C EBP=01094B68 ESI=6A3B9DD4 EDI=01094BFC EFLAG=00000212
010D39CF	ADD      EDI, 0xc                                         EAX=006B0000 ECX=01094C04 EDX=01094BA7 EBX=01094C04 ESP=002DF53C EBP=01094B68 ESI=6A3B9DD4 EDI=01094B68 EFLAG=00000212
010D39D5	OR       EDX, [EDI]                                       EAX=006B0000 ECX=01094C04 EDX=01094BA7 EBX=01094C04 ESP=002DF53C EBP=01094B68 ESI=6A3B9DD4 EDI=01094B74 EFLAG=00000216
010D39D7	CMP      [ECX], EDX                                       EAX=006B0000 ECX=01094C04 EDX=01094BA7 EBX=01094C04 ESP=002DF53C EBP=01094B68 ESI=6A3B9DD4 EDI=01094B74 EFLAG=00000202
010D39D9	XOR      ESI, 0x28                                        EAX=006B0000 ECX=01094C04 EDX=01094BA7 EBX=01094C04 ESP=002DF53C EBP=01094B68 ESI=6A3B9DD4 EDI=01094B74 EFLAG=00000212
010D39DF	AND      ESI, 0x80000000                                  EAX=006B0000 ECX=01094C04 EDX=01094BA7 EBX=01094C04 ESP=002DF53C EBP=01094B68 ESI=6A3B9DFC EDI=01094B74 EFLAG=00000206
010D39E5	SUB      ESI, 0x800                                       EAX=006B0000 ECX=01094C04 EDX=01094BA7 EBX=01094C04 ESP=002DF53C EBP=01094B68 ESI=00000000 EDI=01094B74 EFLAG=00000246
010D39EB	MOV      EDI, EBP                                         EAX=006B0000 ECX=01094C04 EDX=01094BA7 EBX=01094C04 ESP=002DF53C EBP=01094B68 ESI=FFFFF800 EDI=01094B74 EFLAG=00000287
010D39ED	MOV      EDX, 0x1                                         EAX=006B0000 ECX=01094C04 EDX=01094BA7 EBX=01094C04 ESP=002DF53C EBP=01094B68 ESI=FFFFF800 EDI=01094B68 EFLAG=00000287
010D39F2	OR       EDX, EAX                                         EAX=006B0000 ECX=01094C04 EDX=00000001 EBX=01094C04 ESP=002DF53C EBP=01094B68 ESI=FFFFF800 EDI=01094B68 EFLAG=00000287
010D39F4	AND      ESI, EDX                                         EAX=006B0000 ECX=01094C04 EDX=006B0001 EBX=01094C04 ESP=002DF53C EBP=01094B68 ESI=FFFFF800 EDI=01094B68 EFLAG=00000202
010D39F6	ADD      ESI, 0xffff                                      EAX=006B0000 ECX=01094C04 EDX=006B0001 EBX=01094C04 ESP=002DF53C EBP=01094B68 ESI=006B0000 EDI=01094B68 EFLAG=00000206
010D39FC	ADD      EDI, 0x10                                        EAX=006B0000 ECX=01094C04 EDX=006B0001 EBX=01094C04 ESP=002DF53C EBP=01094B68 ESI=006BFFFF EDI=01094B68 EFLAG=00000206
010D3A02	OR       EDX, 0x800                                       EAX=006B0000 ECX=01094C04 EDX=006B0001 EBX=01094C04 ESP=002DF53C EBP=01094B68 ESI=006BFFFF EDI=01094B78 EFLAG=00000206
010D3A08	MOV      EDI, [EDI]                                       EAX=006B0000 ECX=01094C04 EDX=006B0801 EBX=01094C04 ESP=002DF53C EBP=01094B68 ESI=006BFFFF EDI=01094B78 EFLAG=00000202
010D3A0A	MOV      EBX, EAX                                         EAX=006B0000 ECX=01094C04 EDX=006B0801 EBX=01094C04 ESP=002DF53C EBP=01094B68 ESI=006BFFFF EDI=0123682D EFLAG=00000202
010D3A0C	MOV      ECX, EDX                                         EAX=006B0000 ECX=01094C04 EDX=006B0801 EBX=006B0000 ESP=002DF53C EBP=01094B68 ESI=006BFFFF EDI=0123682D EFLAG=00000202
010D3A0E	ADD      EDX, 0x80                                        EAX=006B0000 ECX=006B0801 EDX=006B0801 EBX=006B0000 ESP=002DF53C EBP=01094B68 ESI=006BFFFF EDI=0123682D EFLAG=00000202
010D3A14	MOV      EBX, EBP                                         EAX=006B0000 ECX=006B0801 EDX=006B0881 EBX=006B0000 ESP=002DF53C EBP=01094B68 ESI=006BFFFF EDI=0123682D EFLAG=00000206
010D3A16	SUB      ECX, 0x7fffffff                                  EAX=006B0000 ECX=006B0801 EDX=006B0881 EBX=01094B68 ESP=002DF53C EBP=01094B68 ESI=006BFFFF EDI=0123682D EFLAG=00000206
010D3A1C	ADD      ESI, EAX                                         EAX=006B0000 ECX=806B0802 EDX=006B0881 EBX=01094B68 ESP=002DF53C EBP=01094B68 ESI=006BFFFF EDI=0123682D EFLAG=00000293
010D3A1E	ADD      EBX, 0x3b                                        EAX=006B0000 ECX=806B0802 EDX=006B0881 EBX=01094B68 ESP=002DF53C EBP=01094B68 ESI=00D6FFFF EDI=0123682D EFLAG=00000206
010D3A24	ADD      EDX, EBX                                         EAX=006B0000 ECX=806B0802 EDX=006B0881 EBX=01094BA3 ESP=002DF53C EBP=01094B68 ESI=00D6FFFF EDI=0123682D EFLAG=00000216
010D3A26	MOV      EBX, [EBX]                                       EAX=006B0000 ECX=806B0802 EDX=01745424 EBX=01094BA3 ESP=002DF53C EBP=01094B68 ESI=00D6FFFF EDI=0123682D EFLAG=00000206
010D3A28	AND      EDX, ECX                                         EAX=006B0000 ECX=806B0802 EDX=01745424 EBX=0126EA09 ESP=002DF53C EBP=01094B68 ESI=00D6FFFF EDI=0123682D EFLAG=00000206
010D3A2A	AND      ECX, ECX                                         EAX=006B0000 ECX=806B0802 EDX=00600000 EBX=0126EA09 ESP=002DF53C EBP=01094B68 ESI=00D6FFFF EDI=0123682D EFLAG=00000206
010D3A2C	XOR      ESI, ECX                                         EAX=006B0000 ECX=806B0802 EDX=00600000 EBX=0126EA09 ESP=002DF53C EBP=01094B68 ESI=00D6FFFF EDI=0123682D EFLAG=00000282
010D3A2E	ADD      EBX, 0x8                                         EAX=006B0000 ECX=806B0802 EDX=00600000 EBX=0126EA09 ESP=002DF53C EBP=01094B68 ESI=80BDF7FD EDI=0123682D EFLAG=00000282
010D3A34	SUB      EDX, EDX                                         EAX=006B0000 ECX=806B0802 EDX=00600000 EBX=0126EA11 ESP=002DF53C EBP=01094B68 ESI=80BDF7FD EDI=0123682D EFLAG=00000216
010D3A36	MOVZX    EBX, WORD [EBX]                                  EAX=006B0000 ECX=806B0802 EDX=00000000 EBX=0126EA11 ESP=002DF53C EBP=01094B68 ESI=80BDF7FD EDI=0123682D EFLAG=00000246
010D3A39	AND      ECX, 0x80000000                                  EAX=006B0000 ECX=806B0802 EDX=00000000 EBX=00006585 ESP=002DF53C EBP=01094B68 ESI=80BDF7FD EDI=0123682D EFLAG=00000246
010D3A3F	ADD      EDX, 0x1                                         EAX=006B0000 ECX=80000000 EDX=00000000 EBX=00006585 ESP=002DF53C EBP=01094B68 ESI=80BDF7FD EDI=0123682D EFLAG=00000286
010D3A45	XOR      EDX, 0x80                                        EAX=006B0000 ECX=80000000 EDX=00000001 EBX=00006585 ESP=002DF53C EBP=01094B68 ESI=80BDF7FD EDI=0123682D EFLAG=00000202
010D3A4B	MOV      EAX, EBP                                         EAX=006B0000 ECX=80000000 EDX=00000081 EBX=00006585 ESP=002DF53C EBP=01094B68 ESI=80BDF7FD EDI=0123682D EFLAG=00000206
010D3A4D	XOR      ECX, 0x28                                        EAX=01094B68 ECX=80000000 EDX=00000081 EBX=00006585 ESP=002DF53C EBP=01094B68 ESI=80BDF7FD EDI=0123682D EFLAG=00000206
010D3A53	MOV      EDX, EDI                                         EAX=01094B68 ECX=80000028 EDX=00000081 EBX=00006585 ESP=002DF53C EBP=01094B68 ESI=80BDF7FD EDI=0123682D EFLAG=00000286
010D3A55	SUB      ECX, 0x7fffffff                                  EAX=01094B68 ECX=80000028 EDX=0123682D EBX=00006585 ESP=002DF53C EBP=01094B68 ESI=80BDF7FD EDI=0123682D EFLAG=00000286
010D3A5B	ADD      EAX, 0x9c                                        EAX=01094B68 ECX=00000029 EDX=0123682D EBX=00006585 ESP=002DF53C EBP=01094B68 ESI=80BDF7FD EDI=0123682D EFLAG=00000A12
010D3A60	MOV      EAX, 0x20                                        EAX=01094C04 ECX=00000029 EDX=0123682D EBX=00006585 ESP=002DF53C EBP=01094B68 ESI=80BDF7FD EDI=0123682D EFLAG=00000212
010D3A6A	SUB      EBX, 0x746d613b                                  EAX=00000020 ECX=00000029 EDX=0123682D EBX=00006585 ESP=002DF53C EBP=01094B68 ESI=80BDF7FD EDI=0123682D EFLAG=00000212
010D3A70	OR       ESI, 0x80000000                                  EAX=00000020 ECX=00000029 EDX=0123682D EBX=8B93044A ESP=002DF53C EBP=01094B68 ESI=80BDF7FD EDI=0123682D EFLAG=00000293
010D3A76	AND      ESI, 0x7fffffff                                  EAX=00000020 ECX=00000029 EDX=0123682D EBX=8B93044A ESP=002DF53C EBP=01094B68 ESI=80BDF7FD EDI=0123682D EFLAG=00000282
010D3A7C	ADD      ECX, 0x80                                        EAX=00000020 ECX=00000029 EDX=0123682D EBX=8B93044A ESP=002DF53C EBP=01094B68 ESI=00BDF7FD EDI=0123682D EFLAG=00000202
010D3A82	MOV      ECX, EBP                                         EAX=00000020 ECX=000000A9 EDX=0123682D EBX=8B93044A ESP=002DF53C EBP=01094B68 ESI=00BDF7FD EDI=0123682D EFLAG=00000206
010D3A84	ADD      EAX, EAX                                         EAX=00000020 ECX=01094B68 EDX=0123682D EBX=8B93044A ESP=002DF53C EBP=01094B68 ESI=00BDF7FD EDI=0123682D EFLAG=00000206
010D3A86	OR       ESI, 0x400                                       EAX=00000040 ECX=01094B68 EDX=0123682D EBX=8B93044A ESP=002DF53C EBP=01094B68 ESI=00BDF7FD EDI=0123682D EFLAG=00000202
010D3A8C	AND      ESI, 0x28                                        EAX=00000040 ECX=01094B68 EDX=0123682D EBX=8B93044A ESP=002DF53C EBP=01094B68 ESI=00BDF7FD EDI=0123682D EFLAG=00000202
010D3A92	SUB      EAX, 0x80000000                                  EAX=00000040 ECX=01094B68 EDX=0123682D EBX=8B93044A ESP=002DF53C EBP=01094B68 ESI=00000028 EDI=0123682D EFLAG=00000206
010D3A97	OR       ESI, 0x1                                         EAX=80000040 ECX=01094B68 EDX=0123682D EBX=8B93044A ESP=002DF53C EBP=01094B68 ESI=00000028 EDI=0123682D EFLAG=00000A83
010D3A9D	ADD      ECX, 0x9c                                        EAX=80000040 ECX=01094B68 EDX=0123682D EBX=8B93044A ESP=002DF53C EBP=01094B68 ESI=00000029 EDI=0123682D EFLAG=00000202
010D3AA3	SUB      ESI, 0x80                                        EAX=80000040 ECX=01094C04 EDX=0123682D EBX=8B93044A ESP=002DF53C EBP=01094B68 ESI=00000029 EDI=0123682D EFLAG=00000212
010D3AA9	MOV      EAX, 0xa                                         EAX=80000040 ECX=01094C04 EDX=0123682D EBX=8B93044A ESP=002DF53C EBP=01094B68 ESI=FFFFFFA9 EDI=0123682D EFLAG=00000287
010D3AAE	ADD      ESI, 0x7fffffff                                  EAX=0000000A ECX=01094C04 EDX=0123682D EBX=8B93044A ESP=002DF53C EBP=01094B68 ESI=FFFFFFA9 EDI=0123682D EFLAG=00000287
010D3AB4	AND      EDX, ESI                                         EAX=0000000A ECX=01094C04 EDX=0123682D EBX=8B93044A ESP=002DF53C EBP=01094B68 ESI=7FFFFFA8 EDI=0123682D EFLAG=00000213
010D3AB6	SUB      ESI, 0x28                                        EAX=0000000A ECX=01094C04 EDX=01236828 EBX=8B93044A ESP=002DF53C EBP=01094B68 ESI=7FFFFFA8 EDI=0123682D EFLAG=00000206
010D3ABC	AND      [ECX], EBX                                       EAX=0000000A ECX=01094C04 EDX=01236828 EBX=8B93044A ESP=002DF53C EBP=01094B68 ESI=7FFFFF80 EDI=0123682D EFLAG=00000202
010D3ABE	SUB      EAX, 0x80                                        EAX=0000000A ECX=01094C04 EDX=01236828 EBX=8B93044A ESP=002DF53C EBP=01094B68 ESI=7FFFFF80 EDI=0123682D EFLAG=00000206
010D3AC3	AND      EBX, 0xffff                                      EAX=FFFFFF8A ECX=01094C04 EDX=01236828 EBX=8B93044A ESP=002DF53C EBP=01094B68 ESI=7FFFFF80 EDI=0123682D EFLAG=00000283
010D3AC9	AND      EAX, 0x80000000                                  EAX=FFFFFF8A ECX=01094C04 EDX=01236828 EBX=0000044A ESP=002DF53C EBP=01094B68 ESI=7FFFFF80 EDI=0123682D EFLAG=00000202
010D3ACE	ADD      EDX, ECX                                         EAX=80000000 ECX=01094C04 EDX=01236828 EBX=0000044A ESP=002DF53C EBP=01094B68 ESI=7FFFFF80 EDI=0123682D EFLAG=00000286
010D3AD0	SHL      EBX, 0x2                                         EAX=80000000 ECX=01094C04 EDX=022CB42C EBX=0000044A ESP=002DF53C EBP=01094B68 ESI=7FFFFF80 EDI=0123682D EFLAG=00000202
010D3AD3	XOR      EDX, 0x1                                         EAX=80000000 ECX=01094C04 EDX=022CB42C EBX=00001128 ESP=002DF53C EBP=01094B68 ESI=7FFFFF80 EDI=0123682D EFLAG=00000206
010D3AD9	SUB      EDX, 0x80000000                                  EAX=80000000 ECX=01094C04 EDX=022CB42D EBX=00001128 ESP=002DF53C EBP=01094B68 ESI=7FFFFF80 EDI=0123682D EFLAG=00000206
010D3ADF	MOV      ESI, 0x1                                         EAX=80000000 ECX=01094C04 EDX=822CB42D EBX=00001128 ESP=002DF53C EBP=01094B68 ESI=7FFFFF80 EDI=0123682D EFLAG=00000A87
010D3AE4	MOV      EAX, 0xa                                         EAX=80000000 ECX=01094C04 EDX=822CB42D EBX=00001128 ESP=002DF53C EBP=01094B68 ESI=00000001 EDI=0123682D EFLAG=00000A87
010D3AE9	ADD      EDX, 0x1f                                        EAX=0000000A ECX=01094C04 EDX=822CB42D EBX=00001128 ESP=002DF53C EBP=01094B68 ESI=00000001 EDI=0123682D EFLAG=00000A87
010D3AEF	MOV      EDX, ECX                                         EAX=0000000A ECX=01094C04 EDX=822CB44C EBX=00001128 ESP=002DF53C EBP=01094B68 ESI=00000001 EDI=0123682D EFLAG=00000292
010D3AF1	ADD      EDI, EBX                                         EAX=0000000A ECX=01094C04 EDX=01094C04 EBX=00001128 ESP=002DF53C EBP=01094B68 ESI=00000001 EDI=0123682D EFLAG=00000292
010D3AF3	MOV      EAX, [EDI]                                       EAX=0000000A ECX=01094C04 EDX=01094C04 EBX=00001128 ESP=002DF53C EBP=01094B68 ESI=00000001 EDI=01237955 EFLAG=00000216
010D3AF5	XOR      EDX, ESI                                         EAX=011CE0A3 ECX=01094C04 EDX=01094C04 EBX=00001128 ESP=002DF53C EBP=01094B68 ESI=00000001 EDI=01237955 EFLAG=00000216
010D3AFC	MOV      ESI, EBP                                         EAX=011CE0A3 ECX=01094C04 EDX=01094C05 EBX=00001128 ESP=002DF53C EBP=01094B68 ESI=00000001 EDI=01237955 EFLAG=00000206
010D3AFE	SUB      EDX, 0x400                                       EAX=011CE0A3 ECX=01094C04 EDX=01094C05 EBX=00001128 ESP=002DF53C EBP=01094B68 ESI=01094B68 EDI=01237955 EFLAG=00000206
010D3B04	MOV      EDI, 0x7fffffff                                  EAX=011CE0A3 ECX=01094C04 EDX=01094805 EBX=00001128 ESP=002DF53C EBP=01094B68 ESI=01094B68 EDI=01237955 EFLAG=00000206
010D3B0F	ADD      ESI, 0x3b                                        EAX=011CE0A3 ECX=01094C04 EDX=01094805 EBX=00001128 ESP=002DF53C EBP=01094B68 ESI=01094B68 EDI=7FFFFFFF EFLAG=00000206
010D3B15	ADD      DWORD [ESI], 0x16                                EAX=011CE0A3 ECX=01094C04 EDX=01094805 EBX=00001128 ESP=002DF53C EBP=01094B68 ESI=01094BA3 EDI=7FFFFFFF EFLAG=00000216
010D3B1B	JMP      EAX                                              EAX=011CE0A3 ECX=01094C04 EDX=01094805 EBX=00001128 ESP=002DF53C EBP=01094B68 ESI=01094BA3 EDI=7FFFFFFF EFLAG=00000202
011CE0A3	MOV      ESI, EBP                                         EAX=011CE0A3 ECX=01094C04 EDX=01094805 EBX=00001128 ESP=002DF53C EBP=01094B68 ESI=01094BA3 EDI=7FFFFFFF EFLAG=00000202
011CE0A5	ADD      ESI, 0x54                                        EAX=011CE0A3 ECX=01094C04 EDX=01094805 EBX=00001128 ESP=002DF53C EBP=01094B68 ESI=01094B68 EDI=7FFFFFFF EFLAG=00000202
011CE0AB	MOV      ESI, 0x0                                         EAX=011CE0A3 ECX=01094C04 EDX=01094805 EBX=00001128 ESP=002DF53C EBP=01094B68 ESI=01094BBC EDI=7FFFFFFF EFLAG=00000202
011CE0B0	MOV      EDI, EBP                                         EAX=011CE0A3 ECX=01094C04 EDX=01094805 EBX=00001128 ESP=002DF53C EBP=01094B68 ESI=00000000 EDI=7FFFFFFF EFLAG=00000202
011CE0B2	ADD      EDI, 0x3b                                        EAX=011CE0A3 ECX=01094C04 EDX=01094805 EBX=00001128 ESP=002DF53C EBP=01094B68 ESI=00000000 EDI=01094B68 EFLAG=00000202
011CE0B8	MOV      EDI, [EDI]                                       EAX=011CE0A3 ECX=01094C04 EDX=01094805 EBX=00001128 ESP=002DF53C EBP=01094B68 ESI=00000000 EDI=01094BA3 EFLAG=00000216
011CE0BA	ADD      EDI, 0x14                                        EAX=011CE0A3 ECX=01094C04 EDX=01094805 EBX=00001128 ESP=002DF53C EBP=01094B68 ESI=00000000 EDI=0126EA1F EFLAG=00000216
011CE0C0	MOV      SI, [EDI]                                        EAX=011CE0A3 ECX=01094C04 EDX=01094805 EBX=00001128 ESP=002DF53C EBP=01094B68 ESI=00000000 EDI=0126EA33 EFLAG=00000216
011CE0C3	ADD      ESI, EBP                                         EAX=011CE0A3 ECX=01094C04 EDX=01094805 EBX=00001128 ESP=002DF53C EBP=01094B68 ESI=00000025 EDI=0126EA33 EFLAG=00000216
011CE0C5	MOV      EAX, 0x0                                         EAX=011CE0A3 ECX=01094C04 EDX=01094805 EBX=00001128 ESP=002DF53C EBP=01094B68 ESI=01094B8D EDI=0126EA33 EFLAG=00000206
011CE0CA	MOV      EDX, EBP                                         EAX=00000000 ECX=01094C04 EDX=01094805 EBX=00001128 ESP=002DF53C EBP=01094B68 ESI=01094B8D EDI=0126EA33 EFLAG=00000206
011CE0CC	ADD      EDX, 0x3b                                        EAX=00000000 ECX=01094C04 EDX=01094B68 EBX=00001128 ESP=002DF53C EBP=01094B68 ESI=01094B8D EDI=0126EA33 EFLAG=00000206
011CE0D2	MOV      EDX, [EDX]                                       EAX=00000000 ECX=01094C04 EDX=01094BA3 EBX=00001128 ESP=002DF53C EBP=01094B68 ESI=01094B8D EDI=0126EA33 EFLAG=00000216
011CE0D4	ADD      EDX, 0xa                                         EAX=00000000 ECX=01094C04 EDX=0126EA1F EBX=00001128 ESP=002DF53C EBP=01094B68 ESI=01094B8D EDI=0126EA33 EFLAG=00000216
011CE0DA	MOV      AX, [EDX]                                        EAX=00000000 ECX=01094C04 EDX=0126EA29 EBX=00001128 ESP=002DF53C EBP=01094B68 ESI=01094B8D EDI=0126EA33 EFLAG=00000212
011CE0DD	ADD      EAX, EBP                                         EAX=00000047 ECX=01094C04 EDX=0126EA29 EBX=00001128 ESP=002DF53C EBP=01094B68 ESI=01094B8D EDI=0126EA33 EFLAG=00000212
011CE0DF	PUSH     DWORD [ESI]                                      EAX=01094BAF ECX=01094C04 EDX=0126EA29 EBX=00001128 ESP=002DF53C EBP=01094B68 ESI=01094B8D EDI=0126EA33 EFLAG=00000206
011CE0E1	PUSH     DWORD [EAX]                                      EAX=01094BAF ECX=01094C04 EDX=0126EA29 EBX=00001128 ESP=002DF538 EBP=01094B68 ESI=01094B8D EDI=0126EA33 EFLAG=00000206
011CE0E3	POP      DWORD [ESI]                                      EAX=01094BAF ECX=01094C04 EDX=0126EA29 EBX=00001128 ESP=002DF534 EBP=01094B68 ESI=01094B8D EDI=0126EA33 EFLAG=00000206
011CE0E5	POP      DWORD [EAX]                                      EAX=01094BAF ECX=01094C04 EDX=0126EA29 EBX=00001128 ESP=002DF538 EBP=01094B68 ESI=01094B8D EDI=0126EA33 EFLAG=00000206
011CE0E7	MOV      ECX, EBP                                         EAX=01094BAF ECX=01094C04 EDX=0126EA29 EBX=00001128 ESP=002DF53C EBP=01094B68 ESI=01094B8D EDI=0126EA33 EFLAG=00000206
011CE0E9	ADD      ECX, 0x78                                        EAX=01094BAF ECX=01094B68 EDX=0126EA29 EBX=00001128 ESP=002DF53C EBP=01094B68 ESI=01094B8D EDI=0126EA33 EFLAG=00000206
011CE0EF	MOV      EDI, 0x0                                         EAX=01094BAF ECX=01094BE0 EDX=0126EA29 EBX=00001128 ESP=002DF53C EBP=01094B68 ESI=01094B8D EDI=0126EA33 EFLAG=00000212
011CE0F4	MOV      EAX, EBP                                         EAX=01094BAF ECX=01094BE0 EDX=0126EA29 EBX=00001128 ESP=002DF53C EBP=01094B68 ESI=01094B8D EDI=00000000 EFLAG=00000212
011CE0F6	ADD      EAX, 0x3b                                        EAX=01094B68 ECX=01094BE0 EDX=0126EA29 EBX=00001128 ESP=002DF53C EBP=01094B68 ESI=01094B8D EDI=00000000 EFLAG=00000212
011CE0FB	MOV      EDX, [ECX]                                       EAX=01094BA3 ECX=01094BE0 EDX=0126EA29 EBX=00001128 ESP=002DF53C EBP=01094B68 ESI=01094B8D EDI=00000000 EFLAG=00000216
011CE0FD	MOV      ESI, EBP                                         EAX=01094BA3 ECX=01094BE0 EDX=F19C007C EBX=00001128 ESP=002DF53C EBP=01094B68 ESI=01094B8D EDI=00000000 EFLAG=00000216
011CE0FF	MOV      EAX, [EAX]                                       EAX=01094BA3 ECX=01094BE0 EDX=F19C007C EBX=00001128 ESP=002DF53C EBP=01094B68 ESI=01094B68 EDI=00000000 EFLAG=00000216
011CE101	ADD      ESI, 0xc                                         EAX=0126EA1F ECX=01094BE0 EDX=F19C007C EBX=00001128 ESP=002DF53C EBP=01094B68 ESI=01094B68 EDI=00000000 EFLAG=00000216
011CE107	ADD      [ESI], EDX                                       EAX=0126EA1F ECX=01094BE0 EDX=F19C007C EBX=00001128 ESP=002DF53C EBP=01094B68 ESI=01094B74 EDI=00000000 EFLAG=00000216
011CE109	MOV      EDX, EBP                                         EAX=0126EA1F ECX=01094BE0 EDX=F19C007C EBX=00001128 ESP=002DF53C EBP=01094B68 ESI=01094B74 EDI=00000000 EFLAG=00000282
011CE10B	ADD      EDX, 0xc                                         EAX=0126EA1F ECX=01094BE0 EDX=01094B68 EBX=00001128 ESP=002DF53C EBP=01094B68 ESI=01094B74 EDI=00000000 EFLAG=00000282
011CE111	OR       DWORD [EDX], 0x3634206f                          EAX=0126EA1F ECX=01094BE0 EDX=01094B74 EBX=00001128 ESP=002DF53C EBP=01094B68 ESI=01094B74 EDI=00000000 EFLAG=00000216
011CE117	ADD      EAX, 0x4                                         EAX=0126EA1F ECX=01094BE0 EDX=01094B74 EBX=00001128 ESP=002DF53C EBP=01094B68 ESI=01094B74 EDI=00000000 EFLAG=00000282
011CE11C	MOV      DI, [EAX]                                        EAX=0126EA23 ECX=01094BE0 EDX=01094B74 EBX=00001128 ESP=002DF53C EBP=01094B68 ESI=01094B74 EDI=00000000 EFLAG=00000212
011CE11F	ADD      EDI, EBP                                         EAX=0126EA23 ECX=01094BE0 EDX=01094B74 EBX=00001128 ESP=002DF53C EBP=01094B68 ESI=01094B74 EDI=0000002B EFLAG=00000212
011CE121	MOV      EAX, 0x0                                         EAX=0126EA23 ECX=01094BE0 EDX=01094B74 EBX=00001128 ESP=002DF53C EBP=01094B68 ESI=01094B74 EDI=01094B93 EFLAG=00000216
011CE126	MOV      ECX, EBP                                         EAX=00000000 ECX=01094BE0 EDX=01094B74 EBX=00001128 ESP=002DF53C EBP=01094B68 ESI=01094B74 EDI=01094B93 EFLAG=00000216
011CE128	ADD      ECX, 0x3b                                        EAX=00000000 ECX=01094B68 EDX=01094B74 EBX=00001128 ESP=002DF53C EBP=01094B68 ESI=01094B74 EDI=01094B93 EFLAG=00000216
011CE12E	MOV      ECX, [ECX]                                       EAX=00000000 ECX=01094BA3 EDX=01094B74 EBX=00001128 ESP=002DF53C EBP=01094B68 ESI=01094B74 EDI=01094B93 EFLAG=00000216
011CE130	ADD      ECX, 0xc                                         EAX=00000000 ECX=0126EA1F EDX=01094B74 EBX=00001128 ESP=002DF53C EBP=01094B68 ESI=01094B74 EDI=01094B93 EFLAG=00000216
011CE136	MOV      AX, [ECX]                                        EAX=00000000 ECX=0126EA2B EDX=01094B74 EBX=00001128 ESP=002DF53C EBP=01094B68 ESI=01094B74 EDI=01094B93 EFLAG=00000216
011CE139	ADD      EAX, EBP                                         EAX=00000098 ECX=0126EA2B EDX=01094B74 EBX=00001128 ESP=002DF53C EBP=01094B68 ESI=01094B74 EDI=01094B93 EFLAG=00000216
011CE13B	PUSH     DWORD [EDI]                                      EAX=01094C00 ECX=0126EA2B EDX=01094B74 EBX=00001128 ESP=002DF53C EBP=01094B68 ESI=01094B74 EDI=01094B93 EFLAG=00000216
011CE13D	PUSH     DWORD [EAX]                                      EAX=01094C00 ECX=0126EA2B EDX=01094B74 EBX=00001128 ESP=002DF538 EBP=01094B68 ESI=01094B74 EDI=01094B93 EFLAG=00000216
011CE13F	POP      DWORD [EDI]                                      EAX=01094C00 ECX=0126EA2B EDX=01094B74 EBX=00001128 ESP=002DF534 EBP=01094B68 ESI=01094B74 EDI=01094B93 EFLAG=00000216
011CE141	POP      DWORD [EAX]                                      EAX=01094C00 ECX=0126EA2B EDX=01094B74 EBX=00001128 ESP=002DF538 EBP=01094B68 ESI=01094B74 EDI=01094B93 EFLAG=00000216
011CE143	MOV      EDI, 0x7f2aed76                                  EAX=01094C00 ECX=0126EA2B EDX=01094B74 EBX=00001128 ESP=002DF53C EBP=01094B68 ESI=01094B74 EDI=01094B93 EFLAG=00000216
011CE148	MOV      ECX, EBP                                         EAX=01094C00 ECX=0126EA2B EDX=01094B74 EBX=00001128 ESP=002DF53C EBP=01094B68 ESI=01094B74 EDI=7F2AED76 EFLAG=00000216
011CE14A	ADD      ECX, 0x9c                                        EAX=01094C00 ECX=01094B68 EDX=01094B74 EBX=00001128 ESP=002DF53C EBP=01094B68 ESI=01094B74 EDI=7F2AED76 EFLAG=00000216
011CE150	MOV      EBX, EBP                                         EAX=01094C00 ECX=01094C04 EDX=01094B74 EBX=00001128 ESP=002DF53C EBP=01094B68 ESI=01094B74 EDI=7F2AED76 EFLAG=00000212
011CE152	ADD      EBX, 0x78                                        EAX=01094C00 ECX=01094C04 EDX=01094B74 EBX=01094B68 ESP=002DF53C EBP=01094B68 ESI=01094B74 EDI=7F2AED76 EFLAG=00000212
011CE158	MOV      EDX, [EBX]                                       EAX=01094C00 ECX=01094C04 EDX=01094B74 EBX=01094BE0 ESP=002DF53C EBP=01094B68 ESI=01094B74 EDI=7F2AED76 EFLAG=00000212
011CE15A	MOV      EAX, EBP                                         EAX=01094C00 ECX=01094C04 EDX=F19C007C EBX=01094BE0 ESP=002DF53C EBP=01094B68 ESI=01094B74 EDI=7F2AED76 EFLAG=00000212
011CE15C	XOR      [ECX], EDI                                       EAX=01094B68 ECX=01094C04 EDX=F19C007C EBX=01094BE0 ESP=002DF53C EBP=01094B68 ESI=01094B74 EDI=7F2AED76 EFLAG=00000212
011CE15E	ADD      EAX, 0xc                                         EAX=01094B68 ECX=01094C04 EDX=F19C007C EBX=01094BE0 ESP=002DF53C EBP=01094B68 ESI=01094B74 EDI=7F2AED76 EFLAG=00000202
011CE163	SUB      [EAX], EDX                                       EAX=01094B74 ECX=01094C04 EDX=F19C007C EBX=01094BE0 ESP=002DF53C EBP=01094B68 ESI=01094B74 EDI=7F2AED76 EFLAG=00000216
011CE165	MOV      ESI, EBP                                         EAX=01094B74 ECX=01094C04 EDX=F19C007C EBX=01094BE0 ESP=002DF53C EBP=01094B68 ESI=01094B74 EDI=7F2AED76 EFLAG=00000206
011CE167	ADD      ESI, 0xc                                         EAX=01094B74 ECX=01094C04 EDX=F19C007C EBX=01094BE0 ESP=002DF53C EBP=01094B68 ESI=01094B68 EDI=7F2AED76 EFLAG=00000206
011CE16D	XOR      DWORD [ESI], 0x7f2aed76                          EAX=01094B74 ECX=01094C04 EDX=F19C007C EBX=01094BE0 ESP=002DF53C EBP=01094B68 ESI=01094B74 EDI=7F2AED76 EFLAG=00000216
011CE173	MOV      ECX, 0x5fe7b55d                                  EAX=01094B74 ECX=01094C04 EDX=F19C007C EBX=01094BE0 ESP=002DF53C EBP=01094B68 ESI=01094B74 EDI=7F2AED76 EFLAG=00000202
011CE178	MOV      EAX, EBP                                         EAX=01094B74 ECX=5FE7B55D EDX=F19C007C EBX=01094BE0 ESP=002DF53C EBP=01094B68 ESI=01094B74 EDI=7F2AED76 EFLAG=00000202
011CE17A	ADD      EAX, 0x78                                        EAX=01094B68 ECX=5FE7B55D EDX=F19C007C EBX=01094BE0 ESP=002DF53C EBP=01094B68 ESI=01094B74 EDI=7F2AED76 EFLAG=00000202
011CE17F	MOV      EDI, EBP                                         EAX=01094BE0 ECX=5FE7B55D EDX=F19C007C EBX=01094BE0 ESP=002DF53C EBP=01094B68 ESI=01094B74 EDI=7F2AED76 EFLAG=00000212
011CE181	ADD      EDI, 0x3b                                        EAX=01094BE0 ECX=5FE7B55D EDX=F19C007C EBX=01094BE0 ESP=002DF53C EBP=01094B68 ESI=01094B74 EDI=01094B68 EFLAG=00000212
011CE187	MOV      ECX, EBP                                         EAX=01094BE0 ECX=5FE7B55D EDX=F19C007C EBX=01094BE0 ESP=002DF53C EBP=01094B68 ESI=01094B74 EDI=01094BA3 EFLAG=00000216
011CE189	ADD      ECX, 0x9c                                        EAX=01094BE0 ECX=01094B68 EDX=F19C007C EBX=01094BE0 ESP=002DF53C EBP=01094B68 ESI=01094B74 EDI=01094BA3 EFLAG=00000216
011CE18F	MOV      EDI, [EDI]                                       EAX=01094BE0 ECX=01094C04 EDX=F19C007C EBX=01094BE0 ESP=002DF53C EBP=01094B68 ESI=01094B74 EDI=01094BA3 EFLAG=00000212
011CE197	OR       DWORD [ECX], 0x58afaf9e                          EAX=01094BE0 ECX=01094C04 EDX=F19C007C EBX=01094BE0 ESP=002DF53C EBP=01094B68 ESI=01094B74 EDI=0126EA1F EFLAG=00000202
011CE19D	MOV      ESI, EBP                                         EAX=01094BE0 ECX=01094C04 EDX=F19C007C EBX=01094BE0 ESP=002DF53C EBP=01094B68 ESI=01094B74 EDI=0126EA1F EFLAG=00000202
011CE19F	ADD      ESI, 0x78                                        EAX=01094BE0 ECX=01094C04 EDX=F19C007C EBX=01094BE0 ESP=002DF53C EBP=01094B68 ESI=01094B68 EDI=0126EA1F EFLAG=00000202
011CE1A5	AND      DWORD [ESI], 0x21bac56f                          EAX=01094BE0 ECX=01094C04 EDX=F19C007C EBX=01094BE0 ESP=002DF53C EBP=01094B68 ESI=01094BE0 EDI=0126EA1F EFLAG=00000212
011CE1AB	MOVZX    EBX, WORD [EDI]                                  EAX=01094BE0 ECX=01094C04 EDX=F19C007C EBX=01094BE0 ESP=002DF53C EBP=01094B68 ESI=01094BE0 EDI=0126EA1F EFLAG=00000206
011CE1AE	ADD      EBX, EBP                                         EAX=01094BE0 ECX=01094C04 EDX=F19C007C EBX=00000098 ESP=002DF53C EBP=01094B68 ESI=01094BE0 EDI=0126EA1F EFLAG=00000206
011CE1B0	MOV      EBX, [EBX]                                       EAX=01094BE0 ECX=01094C04 EDX=F19C007C EBX=01094C00 ESP=002DF53C EBP=01094B68 ESI=01094BE0 EDI=0126EA1F EFLAG=00000216
011CE1B2	OR       ESI, EBX                                         EAX=01094BE0 ECX=01094C04 EDX=F19C007C EBX=01363C3C ESP=002DF53C EBP=01094B68 ESI=01094BE0 EDI=0126EA1F EFLAG=00000216
011CE1B4	MOV      EDI, 0x35d9235d                                  EAX=01094BE0 ECX=01094C04 EDX=F19C007C EBX=01363C3C ESP=002DF53C EBP=01094B68 ESI=013F7FFC EDI=0126EA1F EFLAG=00000206
011CE1B9	MOV      ECX, EBP                                         EAX=01094BE0 ECX=01094C04 EDX=F19C007C EBX=01363C3C ESP=002DF53C EBP=01094B68 ESI=013F7FFC EDI=35D9235D EFLAG=00000206
011CE1BB	MOV      EAX, EBP                                         EAX=01094BE0 ECX=01094B68 EDX=F19C007C EBX=01363C3C ESP=002DF53C EBP=01094B68 ESI=013F7FFC EDI=35D9235D EFLAG=00000206
011CE1BD	ADD      ECX, 0x9c                                        EAX=01094B68 ECX=01094B68 EDX=F19C007C EBX=01363C3C ESP=002DF53C EBP=01094B68 ESI=013F7FFC EDI=35D9235D EFLAG=00000206
011CE1C3	ADD      EAX, 0x78                                        EAX=01094B68 ECX=01094C04 EDX=F19C007C EBX=01363C3C ESP=002DF53C EBP=01094B68 ESI=013F7FFC EDI=35D9235D EFLAG=00000212
011CE1C8	MOV      ESI, [EAX]                                       EAX=01094BE0 ECX=01094C04 EDX=F19C007C EBX=01363C3C ESP=002DF53C EBP=01094B68 ESI=013F7FFC EDI=35D9235D EFLAG=00000212
011CE1CA	MOV      EAX, EBP                                         EAX=01094BE0 ECX=01094C04 EDX=F19C007C EBX=01363C3C ESP=002DF53C EBP=01094B68 ESI=2198006C EDI=35D9235D EFLAG=00000212
011CE1CC	ADD      EAX, 0xc                                         EAX=01094B68 ECX=01094C04 EDX=F19C007C EBX=01363C3C ESP=002DF53C EBP=01094B68 ESI=2198006C EDI=35D9235D EFLAG=00000212
011CE1D1	XOR      [EAX], ESI                                       EAX=01094B74 ECX=01094C04 EDX=F19C007C EBX=01363C3C ESP=002DF53C EBP=01094B68 ESI=2198006C EDI=35D9235D EFLAG=00000216
011CE1D3	MOV      ECX, EBP                                         EAX=01094B74 ECX=01094C04 EDX=F19C007C EBX=01363C3C ESP=002DF53C EBP=01094B68 ESI=2198006C EDI=35D9235D EFLAG=00000202
011CE1D5	ADD      ECX, 0xc                                         EAX=01094B74 ECX=01094B68 EDX=F19C007C EBX=01363C3C ESP=002DF53C EBP=01094B68 ESI=2198006C EDI=35D9235D EFLAG=00000202
011CE1DB	OR       EDI, ESI                                         EAX=01094B74 ECX=01094B74 EDX=F19C007C EBX=01363C3C ESP=002DF53C EBP=01094B68 ESI=2198006C EDI=35D9235D EFLAG=00000216
011CE1DD	XOR      EDI, 0xffff                                      EAX=01094B74 ECX=01094B74 EDX=F19C007C EBX=01363C3C ESP=002DF53C EBP=01094B68 ESI=2198006C EDI=35D9237D EFLAG=00000206
011CE1E3	MOV      EDI, 0x400                                       EAX=01094B74 ECX=01094B74 EDX=F19C007C EBX=01363C3C ESP=002DF53C EBP=01094B68 ESI=2198006C EDI=35D9DC82 EFLAG=00000206
011CE1E8	MOV      ESI, EBP                                         EAX=01094B74 ECX=01094B74 EDX=F19C007C EBX=01363C3C ESP=002DF53C EBP=01094B68 ESI=2198006C EDI=00000400 EFLAG=00000206
011CE1EA	XOR      EDI, ECX                                         EAX=01094B74 ECX=01094B74 EDX=F19C007C EBX=01363C3C ESP=002DF53C EBP=01094B68 ESI=01094B68 EDI=00000400 EFLAG=00000206
011CE1EC	ADD      ESI, 0x3b                                        EAX=01094B74 ECX=01094B74 EDX=F19C007C EBX=01363C3C ESP=002DF53C EBP=01094B68 ESI=01094B68 EDI=01094F74 EFLAG=00000206
011CE1F2	ADD      EDI, 0x40                                        EAX=01094B74 ECX=01094B74 EDX=F19C007C EBX=01363C3C ESP=002DF53C EBP=01094B68 ESI=01094BA3 EDI=01094F74 EFLAG=00000216
011CE1F8	MOV      EAX, EBP                                         EAX=01094B74 ECX=01094B74 EDX=F19C007C EBX=01363C3C ESP=002DF53C EBP=01094B68 ESI=01094BA3 EDI=01094FB4 EFLAG=00000206
011CE1FA	SUB      EDI, 0x1f                                        EAX=01094B68 ECX=01094B74 EDX=F19C007C EBX=01363C3C ESP=002DF53C EBP=01094B68 ESI=01094BA3 EDI=01094FB4 EFLAG=00000206
011CE200	XOR      EDI, ECX                                         EAX=01094B68 ECX=01094B74 EDX=F19C007C EBX=01363C3C ESP=002DF53C EBP=01094B68 ESI=01094BA3 EDI=01094F95 EFLAG=00000216
011CE202	MOV      EDI, EDI                                         EAX=01094B68 ECX=01094B74 EDX=F19C007C EBX=01363C3C ESP=002DF53C EBP=01094B68 ESI=01094BA3 EDI=000004E1 EFLAG=00000206
011CE204	ADD      EDI, 0x28                                        EAX=01094B68 ECX=01094B74 EDX=F19C007C EBX=01363C3C ESP=002DF53C EBP=01094B68 ESI=01094BA3 EDI=000004E1 EFLAG=00000206
011CE20A	XOR      EDI, 0x4                                         EAX=01094B68 ECX=01094B74 EDX=F19C007C EBX=01363C3C ESP=002DF53C EBP=01094B68 ESI=01094BA3 EDI=00000509 EFLAG=00000206
011CE210	MOV      ESI, [ESI]                                       EAX=01094B68 ECX=01094B74 EDX=F19C007C EBX=01363C3C ESP=002DF53C EBP=01094B68 ESI=01094BA3 EDI=0000050D EFLAG=00000202
011CE212	SUB      EDI, EDI                                         EAX=01094B68 ECX=01094B74 EDX=F19C007C EBX=01363C3C ESP=002DF53C EBP=01094B68 ESI=0126EA1F EDI=0000050D EFLAG=00000202
011CE214	AND      EDI, 0x800                                       EAX=01094B68 ECX=01094B74 EDX=F19C007C EBX=01363C3C ESP=002DF53C EBP=01094B68 ESI=0126EA1F EDI=00000000 EFLAG=00000246
011CE21A	XOR      EDI, 0x1c                                        EAX=01094B68 ECX=01094B74 EDX=F19C007C EBX=01363C3C ESP=002DF53C EBP=01094B68 ESI=0126EA1F EDI=00000000 EFLAG=00000246
011CE220	ADD      EAX, 0x3b                                        EAX=01094B68 ECX=01094B74 EDX=F19C007C EBX=01363C3C ESP=002DF53C EBP=01094B68 ESI=0126EA1F EDI=0000001C EFLAG=00000202
011CE225	ADD      EDI, 0x1007f                                     EAX=01094BA3 ECX=01094B74 EDX=F19C007C EBX=01363C3C ESP=002DF53C EBP=01094B68 ESI=0126EA1F EDI=0000001C EFLAG=00000216
011CE231	SUB      EDI, 0x800                                       EAX=01094BA3 ECX=01094B74 EDX=F19C007C EBX=01363C3C ESP=002DF53C EBP=01094B68 ESI=0126EA1F EDI=0001009B EFLAG=00000202
011CE237	MOV      EAX, [EAX]                                       EAX=01094BA3 ECX=01094B74 EDX=F19C007C EBX=01363C3C ESP=002DF53C EBP=01094B68 ESI=0126EA1F EDI=0000F89B EFLAG=00000202
011CE239	AND      EDI, 0x80                                        EAX=0126EA1F ECX=01094B74 EDX=F19C007C EBX=01363C3C ESP=002DF53C EBP=01094B68 ESI=0126EA1F EDI=0000F89B EFLAG=00000202
011CE23F	MOV      EDI, ECX                                         EAX=0126EA1F ECX=01094B74 EDX=F19C007C EBX=01363C3C ESP=002DF53C EBP=01094B68 ESI=0126EA1F EDI=00000080 EFLAG=00000202
011CE241	ADD      EAX, 0x8                                         EAX=0126EA1F ECX=01094B74 EDX=F19C007C EBX=01363C3C ESP=002DF53C EBP=01094B68 ESI=0126EA1F EDI=01094B74 EFLAG=00000202
011CE246	XOR      EDI, EDI                                         EAX=0126EA27 ECX=01094B74 EDX=F19C007C EBX=01363C3C ESP=002DF53C EBP=01094B68 ESI=0126EA1F EDI=01094B74 EFLAG=00000216
011CE24D	MOV      EDI, 0x200                                       EAX=0126EA27 ECX=01094B74 EDX=F19C007C EBX=01363C3C ESP=002DF53C EBP=01094B68 ESI=0126EA1F EDI=00000400 EFLAG=00000246
011CE252	ADD      ESI, 0x10                                        EAX=0126EA27 ECX=01094B74 EDX=F19C007C EBX=01363C3C ESP=002DF53C EBP=01094B68 ESI=0126EA1F EDI=00000200 EFLAG=00000246
011CE258	AND      EDI, ECX                                         EAX=0126EA27 ECX=01094B74 EDX=F19C007C EBX=01363C3C ESP=002DF53C EBP=01094B68 ESI=0126EA2F EDI=00000200 EFLAG=00000202
011CE25A	OR       EDI, ESI                                         EAX=0126EA27 ECX=01094B74 EDX=F19C007C EBX=01363C3C ESP=002DF53C EBP=01094B68 ESI=0126EA2F EDI=00000200 EFLAG=00000206
011CE25C	MOVZX    EBX, WORD [EAX]                                  EAX=0126EA27 ECX=01094B74 EDX=F19C007C EBX=01363C3C ESP=002DF53C EBP=01094B68 ESI=0126EA2F EDI=0126EA2F EFLAG=00000202
011CE25F	AND      EDI, EDX                                         EAX=0126EA27 ECX=01094B74 EDX=F19C007C EBX=00000098 ESP=002DF53C EBP=01094B68 ESI=0126EA2F EDI=0126EA2F EFLAG=00000202
011CE261	AND      EDI, EAX                                         EAX=0126EA27 ECX=01094B74 EDX=F19C007C EBX=00000098 ESP=002DF53C EBP=01094B68 ESI=0126EA2F EDI=0104002C EFLAG=00000202
011CE263	ADD      EDI, EDX                                         EAX=0126EA27 ECX=01094B74 EDX=F19C007C EBX=00000098 ESP=002DF53C EBP=01094B68 ESI=0126EA2F EDI=01040024 EFLAG=00000206
011CE265	ADD      EBX, EBP                                         EAX=0126EA27 ECX=01094B74 EDX=F19C007C EBX=00000098 ESP=002DF53C EBP=01094B68 ESI=0126EA2F EDI=F2A000A0 EFLAG=00000296
011CE267	MOV      EDI, EBX                                         EAX=0126EA27 ECX=01094B74 EDX=F19C007C EBX=01094C00 ESP=002DF53C EBP=01094B68 ESI=0126EA2F EDI=F2A000A0 EFLAG=00000216
011CE269	XOR      EDI, 0xffff                                      EAX=0126EA27 ECX=01094B74 EDX=F19C007C EBX=01094C00 ESP=002DF53C EBP=01094B68 ESI=0126EA2F EDI=01094C00 EFLAG=00000216
011CE26F	MOV      EBX, [EBX]                                       EAX=0126EA27 ECX=01094B74 EDX=F19C007C EBX=01094C00 ESP=002DF53C EBP=01094B68 ESI=0126EA2F EDI=0109B3FF EFLAG=00000206
011CE271	OR       ECX, EBX                                         EAX=0126EA27 ECX=01094B74 EDX=F19C007C EBX=01363C3C ESP=002DF53C EBP=01094B68 ESI=0126EA2F EDI=0109B3FF EFLAG=00000206
011CE273	PUSHF                                                     EAX=0126EA27 ECX=013F7F7C EDX=F19C007C EBX=01363C3C ESP=002DF53C EBP=01094B68 ESI=0126EA2F EDI=0109B3FF EFLAG=00000202
011CE274	MOV      EDI, 0x800                                       EAX=0126EA27 ECX=013F7F7C EDX=F19C007C EBX=01363C3C ESP=002DF538 EBP=01094B68 ESI=0126EA2F EDI=0109B3FF EFLAG=00000202
011CE27F	ADD      EDI, EDI                                         EAX=0126EA27 ECX=013F7F7C EDX=F19C007C EBX=01363C3C ESP=002DF538 EBP=01094B68 ESI=0126EA2F EDI=00000800 EFLAG=00000206
011CE281	AND      EDI, 0x1                                         EAX=0126EA27 ECX=013F7F7C EDX=F19C007C EBX=01363C3C ESP=002DF538 EBP=01094B68 ESI=0126EA2F EDI=00001000 EFLAG=00000206
011CE287	MOVZX    EDX, WORD [ESI]                                  EAX=0126EA27 ECX=013F7F7C EDX=F19C007C EBX=01363C3C ESP=002DF538 EBP=01094B68 ESI=0126EA2F EDI=00000000 EFLAG=00000246
011CE28A	SUB      EDI, ESI                                         EAX=0126EA27 ECX=013F7F7C EDX=00002D6E EBX=01363C3C ESP=002DF538 EBP=01094B68 ESI=0126EA2F EDI=00000000 EFLAG=00000246
011CE28C	SUB      EDI, EDI                                         EAX=0126EA27 ECX=013F7F7C EDX=00002D6E EBX=01363C3C ESP=002DF538 EBP=01094B68 ESI=0126EA2F EDI=FED915D1 EFLAG=00000297
011CE28E	MOV      ESI, EBP                                         EAX=0126EA27 ECX=013F7F7C EDX=00002D6E EBX=01363C3C ESP=002DF538 EBP=01094B68 ESI=0126EA2F EDI=00000000 EFLAG=00000246
011CE290	MOV      EDI, 0x80000401                                  EAX=0126EA27 ECX=013F7F7C EDX=00002D6E EBX=01363C3C ESP=002DF538 EBP=01094B68 ESI=01094B68 EDI=00000000 EFLAG=00000246
011CE29B	AND      EDI, 0x1f                                        EAX=0126EA27 ECX=013F7F7C EDX=00002D6E EBX=01363C3C ESP=002DF538 EBP=01094B68 ESI=01094B68 EDI=80000401 EFLAG=00000293
011CE2A1	ADD      EDI, ESI                                         EAX=0126EA27 ECX=013F7F7C EDX=00002D6E EBX=01363C3C ESP=002DF538 EBP=01094B68 ESI=01094B68 EDI=00000001 EFLAG=00000202
011CE2A3	ADD      ESI, 0x9c                                        EAX=0126EA27 ECX=013F7F7C EDX=00002D6E EBX=01363C3C ESP=002DF538 EBP=01094B68 ESI=01094B68 EDI=01094B69 EFLAG=00000206
011CE2A9	AND      EDI, 0x1f                                        EAX=0126EA27 ECX=013F7F7C EDX=00002D6E EBX=01363C3C ESP=002DF538 EBP=01094B68 ESI=01094C04 EDI=01094B69 EFLAG=00000212
011CE2AF	MOV      EDI, 0x1                                         EAX=0126EA27 ECX=013F7F7C EDX=00002D6E EBX=01363C3C ESP=002DF538 EBP=01094B68 ESI=01094C04 EDI=00000009 EFLAG=00000206
011CE2B4	XOR      EDI, EDI                                         EAX=0126EA27 ECX=013F7F7C EDX=00002D6E EBX=01363C3C ESP=002DF538 EBP=01094B68 ESI=01094C04 EDI=00000001 EFLAG=00000206
011CE2B6	MOV      EDI, 0x200                                       EAX=0126EA27 ECX=013F7F7C EDX=00002D6E EBX=01363C3C ESP=002DF538 EBP=01094B68 ESI=01094C04 EDI=00000000 EFLAG=00000246
011CE2BB	OR       EBX, 0x31a4a864                                  EAX=0126EA27 ECX=013F7F7C EDX=00002D6E EBX=01363C3C ESP=002DF538 EBP=01094B68 ESI=01094C04 EDI=00000200 EFLAG=00000246
011CE2C1	MOV      EDI, EDX                                         EAX=0126EA27 ECX=013F7F7C EDX=00002D6E EBX=31B6BC7C ESP=002DF538 EBP=01094B68 ESI=01094C04 EDI=00000200 EFLAG=00000202
011CE2C3	XOR      EDI, 0x4                                         EAX=0126EA27 ECX=013F7F7C EDX=00002D6E EBX=31B6BC7C ESP=002DF538 EBP=01094B68 ESI=01094C04 EDI=00002D6E EFLAG=00000202
011CE2C9	OR       EDI, 0x1c                                        EAX=0126EA27 ECX=013F7F7C EDX=00002D6E EBX=31B6BC7C ESP=002DF538 EBP=01094B68 ESI=01094C04 EDI=00002D6A EFLAG=00000206
011CE2CF	OR       EDI, 0x28                                        EAX=0126EA27 ECX=013F7F7C EDX=00002D6E EBX=31B6BC7C ESP=002DF538 EBP=01094B68 ESI=01094C04 EDI=00002D7E EFLAG=00000206
011CE2D5	ADD      EDI, 0x400                                       EAX=0126EA27 ECX=013F7F7C EDX=00002D6E EBX=31B6BC7C ESP=002DF538 EBP=01094B68 ESI=01094C04 EDI=00002D7E EFLAG=00000206
011CE2DB	MOV      EDI, 0xa                                         EAX=0126EA27 ECX=013F7F7C EDX=00002D6E EBX=31B6BC7C ESP=002DF538 EBP=01094B68 ESI=01094C04 EDI=0000317E EFLAG=00000206
011CE2E0	XOR      EDI, ESI                                         EAX=0126EA27 ECX=013F7F7C EDX=00002D6E EBX=31B6BC7C ESP=002DF538 EBP=01094B68 ESI=01094C04 EDI=0000000A EFLAG=00000206
011CE2E2	MOV      ESI, EBP                                         EAX=0126EA27 ECX=013F7F7C EDX=00002D6E EBX=31B6BC7C ESP=002DF538 EBP=01094B68 ESI=01094C04 EDI=01094C0E EFLAG=00000202
011CE2E4	OR       EDI, 0x1c                                        EAX=0126EA27 ECX=013F7F7C EDX=00002D6E EBX=31B6BC7C ESP=002DF538 EBP=01094B68 ESI=01094B68 EDI=01094C0E EFLAG=00000202
011CE2EA	XOR      EDI, 0xffff                                      EAX=0126EA27 ECX=013F7F7C EDX=00002D6E EBX=31B6BC7C ESP=002DF538 EBP=01094B68 ESI=01094B68 EDI=01094C1E EFLAG=00000206
011CE2F0	ADD      EDI, ECX                                         EAX=0126EA27 ECX=013F7F7C EDX=00002D6E EBX=31B6BC7C ESP=002DF538 EBP=01094B68 ESI=01094B68 EDI=0109B3E1 EFLAG=00000206
011CE2F2	SUB      EDI, 0x40                                        EAX=0126EA27 ECX=013F7F7C EDX=00002D6E EBX=31B6BC7C ESP=002DF538 EBP=01094B68 ESI=01094B68 EDI=0249335D EFLAG=00000202
011CE2F8	XOR      EDI, EDI                                         EAX=0126EA27 ECX=013F7F7C EDX=00002D6E EBX=31B6BC7C ESP=002DF538 EBP=01094B68 ESI=01094B68 EDI=0249331D EFLAG=00000206
011CE2FA	MOV      EAX, 0x0                                         EAX=0126EA27 ECX=013F7F7C EDX=00002D6E EBX=31B6BC7C ESP=002DF538 EBP=01094B68 ESI=01094B68 EDI=00000000 EFLAG=00000246
011CE2FF	ADD      ESI, 0x54                                        EAX=00000000 ECX=013F7F7C EDX=00002D6E EBX=31B6BC7C ESP=002DF538 EBP=01094B68 ESI=01094B68 EDI=00000000 EFLAG=00000246
011CE305	OR       EDI, 0x800                                       EAX=00000000 ECX=013F7F7C EDX=00002D6E EBX=31B6BC7C ESP=002DF538 EBP=01094B68 ESI=01094BBC EDI=00000000 EFLAG=00000202
011CE30B	MOV      EDI, 0x200                                       EAX=00000000 ECX=013F7F7C EDX=00002D6E EBX=31B6BC7C ESP=002DF538 EBP=01094B68 ESI=01094BBC EDI=00000800 EFLAG=00000206
011CE310	XOR      EDX, [ESI]                                       EAX=00000000 ECX=013F7F7C EDX=00002D6E EBX=31B6BC7C ESP=002DF538 EBP=01094B68 ESI=01094BBC EDI=00000200 EFLAG=00000206
011CE312	ADD      EDI, 0x1                                         EAX=00000000 ECX=013F7F7C EDX=00002D6E EBX=31B6BC7C ESP=002DF538 EBP=01094B68 ESI=01094BBC EDI=00000200 EFLAG=00000202
011CE318	OR       EDI, 0x80000000                                  EAX=00000000 ECX=013F7F7C EDX=00002D6E EBX=31B6BC7C ESP=002DF538 EBP=01094B68 ESI=01094BBC EDI=00000201 EFLAG=00000202
011CE31E	OR       EDI, 0x28                                        EAX=00000000 ECX=013F7F7C EDX=00002D6E EBX=31B6BC7C ESP=002DF538 EBP=01094B68 ESI=01094BBC EDI=80000201 EFLAG=00000282
011CE324	MOV      ESI, EBP                                         EAX=00000000 ECX=013F7F7C EDX=00002D6E EBX=31B6BC7C ESP=002DF538 EBP=01094B68 ESI=01094BBC EDI=80000229 EFLAG=00000282
011CE326	XOR      EDI, ECX                                         EAX=00000000 ECX=013F7F7C EDX=00002D6E EBX=31B6BC7C ESP=002DF538 EBP=01094B68 ESI=01094B68 EDI=80000229 EFLAG=00000282
011CE328	XOR      EDI, 0x800                                       EAX=00000000 ECX=013F7F7C EDX=00002D6E EBX=31B6BC7C ESP=002DF538 EBP=01094B68 ESI=01094B68 EDI=813F7D55 EFLAG=00000286
011CE32E	MOV      EBX, EBP                                         EAX=00000000 ECX=013F7F7C EDX=00002D6E EBX=31B6BC7C ESP=002DF538 EBP=01094B68 ESI=01094B68 EDI=813F7555 EFLAG=00000286
011CE330	ADD      EDI, 0x40                                        EAX=00000000 ECX=013F7F7C EDX=00002D6E EBX=01094B68 ESP=002DF538 EBP=01094B68 ESI=01094B68 EDI=813F7555 EFLAG=00000286
011CE336	ADD      EBX, 0x9c                                        EAX=00000000 ECX=013F7F7C EDX=00002D6E EBX=01094B68 ESP=002DF538 EBP=01094B68 ESI=01094B68 EDI=813F7595 EFLAG=00000286
011CE33C	AND      EDI, 0x1f                                        EAX=00000000 ECX=013F7F7C EDX=00002D6E EBX=01094C04 ESP=002DF538 EBP=01094B68 ESI=01094B68 EDI=813F7595 EFLAG=00000212
011CE342	XOR      EDI, EDI                                         EAX=00000000 ECX=013F7F7C EDX=00002D6E EBX=01094C04 ESP=002DF538 EBP=01094B68 ESI=01094B68 EDI=00000015 EFLAG=00000202
011CE344	SUB      EDI, 0x7fffffff                                  EAX=00000000 ECX=013F7F7C EDX=00002D6E EBX=01094C04 ESP=002DF538 EBP=01094B68 ESI=01094B68 EDI=00000000 EFLAG=00000246
011CE34A	ADD      ESI, 0x3b                                        EAX=00000000 ECX=013F7F7C EDX=00002D6E EBX=01094C04 ESP=002DF538 EBP=01094B68 ESI=01094B68 EDI=80000001 EFLAG=00000293
011CE350	MOV      EDI, 0xa                                         EAX=00000000 ECX=013F7F7C EDX=00002D6E EBX=01094C04 ESP=002DF538 EBP=01094B68 ESI=01094BA3 EDI=80000001 EFLAG=00000216
011CE355	MOV      ESI, [ESI]                                       EAX=00000000 ECX=013F7F7C EDX=00002D6E EBX=01094C04 ESP=002DF538 EBP=01094B68 ESI=01094BA3 EDI=0000000A EFLAG=00000216
011CE357	SUB      EDI, 0x40                                        EAX=00000000 ECX=013F7F7C EDX=00002D6E EBX=01094C04 ESP=002DF538 EBP=01094B68 ESI=0126EA1F EDI=0000000A EFLAG=00000216
011CE35D	MOV      EDI, 0x1                                         EAX=00000000 ECX=013F7F7C EDX=00002D6E EBX=01094C04 ESP=002DF538 EBP=01094B68 ESI=0126EA1F EDI=FFFFFFCA EFLAG=00000287
011CE362	XOR      EDI, ESI                                         EAX=00000000 ECX=013F7F7C EDX=00002D6E EBX=01094C04 ESP=002DF538 EBP=01094B68 ESI=0126EA1F EDI=00000001 EFLAG=00000287
011CE364	XOR      [EBX], EDX                                       EAX=00000000 ECX=013F7F7C EDX=00002D6E EBX=01094C04 ESP=002DF538 EBP=01094B68 ESI=0126EA1F EDI=0126EA1E EFLAG=00000206
011CE366	AND      EDI, 0x400                                       EAX=00000000 ECX=013F7F7C EDX=00002D6E EBX=01094C04 ESP=002DF538 EBP=01094B68 ESI=0126EA1F EDI=0126EA1E EFLAG=00000206
011CE36C	MOV      EDI, EBP                                         EAX=00000000 ECX=013F7F7C EDX=00002D6E EBX=01094C04 ESP=002DF538 EBP=01094B68 ESI=0126EA1F EDI=00000000 EFLAG=00000246
011CE36E	MOV      EBX, 0x20                                        EAX=00000000 ECX=013F7F7C EDX=00002D6E EBX=01094C04 ESP=002DF538 EBP=01094B68 ESI=0126EA1F EDI=01094B68 EFLAG=00000246
011CE379	SUB      EBX, 0x80                                        EAX=00000000 ECX=013F7F7C EDX=00002D6E EBX=00000020 ESP=002DF538 EBP=01094B68 ESI=0126EA1F EDI=01094B68 EFLAG=00000212
011CE37F	ADD      ESI, 0x12                                        EAX=00000000 ECX=013F7F7C EDX=00002D6E EBX=FFFFFFA0 ESP=002DF538 EBP=01094B68 ESI=0126EA1F EDI=01094B68 EFLAG=00000287
011CE385	SUB      EBX, 0x4                                         EAX=00000000 ECX=013F7F7C EDX=00002D6E EBX=FFFFFFA0 ESP=002DF538 EBP=01094B68 ESI=0126EA31 EDI=01094B68 EFLAG=00000212
011CE38B	MOV      AX, [ESI]                                        EAX=00000000 ECX=013F7F7C EDX=00002D6E EBX=FFFFFF9C ESP=002DF538 EBP=01094B68 ESI=0126EA31 EDI=01094B68 EFLAG=00000296
011CE38E	AND      EBX, 0x1c                                        EAX=0000004F ECX=013F7F7C EDX=00002D6E EBX=FFFFFF9C ESP=002DF538 EBP=01094B68 ESI=0126EA31 EDI=01094B68 EFLAG=00000296
011CE394	ADD      EAX, EBP                                         EAX=0000004F ECX=013F7F7C EDX=00002D6E EBX=0000001C ESP=002DF538 EBP=01094B68 ESI=0126EA31 EDI=01094B68 EFLAG=00000202
011CE396	ADD      EDI, 0x78                                        EAX=01094BB7 ECX=013F7F7C EDX=00002D6E EBX=0000001C ESP=002DF538 EBP=01094B68 ESI=0126EA31 EDI=01094B68 EFLAG=00000216
011CE39C	AND      EBX, 0x40                                        EAX=01094BB7 ECX=013F7F7C EDX=00002D6E EBX=0000001C ESP=002DF538 EBP=01094B68 ESI=0126EA31 EDI=01094BE0 EFLAG=00000212
011CE3A2	OR       EBX, 0x80                                        EAX=01094BB7 ECX=013F7F7C EDX=00002D6E EBX=00000000 ESP=002DF538 EBP=01094B68 ESI=0126EA31 EDI=01094BE0 EFLAG=00000246
011CE3A8	OR       DWORD [EDI], 0x31a4a864                          EAX=01094BB7 ECX=013F7F7C EDX=00002D6E EBX=00000080 ESP=002DF538 EBP=01094B68 ESI=0126EA31 EDI=01094BE0 EFLAG=00000202
011CE3AE	XOR      EBX, ECX                                         EAX=01094BB7 ECX=013F7F7C EDX=00002D6E EBX=00000080 ESP=002DF538 EBP=01094B68 ESI=0126EA31 EDI=01094BE0 EFLAG=00000206
011CE3B0	SUB      EBX, 0x7ffffbff                                  EAX=01094BB7 ECX=013F7F7C EDX=00002D6E EBX=013F7FFC ESP=002DF538 EBP=01094B68 ESI=0126EA31 EDI=01094BE0 EFLAG=00000206
011CE3BC	SUB      EBX, 0x1007f                                     EAX=01094BB7 ECX=013F7F7C EDX=00002D6E EBX=813F83FD ESP=002DF538 EBP=01094B68 ESI=0126EA31 EDI=01094BE0 EFLAG=00000282
011CE3C8	POP      ECX                                              EAX=01094BB7 ECX=013F7F7C EDX=00002D6E EBX=813E837E ESP=002DF538 EBP=01094B68 ESI=0126EA31 EDI=01094BE0 EFLAG=00000286
011CE3C9	OR       EBX, EDX                                         EAX=01094BB7 ECX=00000202 EDX=00002D6E EBX=813E837E ESP=002DF53C EBP=01094B68 ESI=0126EA31 EDI=01094BE0 EFLAG=00000286
011CE3CB	MOV      EDI, EBP                                         EAX=01094BB7 ECX=00000202 EDX=00002D6E EBX=813EAF7E ESP=002DF53C EBP=01094B68 ESI=0126EA31 EDI=01094BE0 EFLAG=00000286
011CE3CD	ADD      EDI, 0x3f                                        EAX=01094BB7 ECX=00000202 EDX=00002D6E EBX=813EAF7E ESP=002DF53C EBP=01094B68 ESI=0126EA31 EDI=01094B68 EFLAG=00000286
011CE3D3	XOR      EBX, 0x800                                       EAX=01094BB7 ECX=00000202 EDX=00002D6E EBX=813EAF7E ESP=002DF53C EBP=01094B68 ESI=0126EA31 EDI=01094BA7 EFLAG=00000212
011CE3D9	XOR      EBX, 0x80000000                                  EAX=01094BB7 ECX=00000202 EDX=00002D6E EBX=813EA77E ESP=002DF53C EBP=01094B68 ESI=0126EA31 EDI=01094BA7 EFLAG=00000286
011CE3DF	XOR      [EDI], DX                                        EAX=01094BB7 ECX=00000202 EDX=00002D6E EBX=013EA77E ESP=002DF53C EBP=01094B68 ESI=0126EA31 EDI=01094BA7 EFLAG=00000206
011CE3E2	MOV      ESI, EBP                                         EAX=01094BB7 ECX=00000202 EDX=00002D6E EBX=013EA77E ESP=002DF53C EBP=01094B68 ESI=0126EA31 EDI=01094BA7 EFLAG=00000282
011CE3E4	XOR      EDI, 0x7fffffff                                  EAX=01094BB7 ECX=00000202 EDX=00002D6E EBX=013EA77E ESP=002DF53C EBP=01094B68 ESI=01094B68 EDI=01094BA7 EFLAG=00000282
011CE3EA	ADD      ESI, 0x3f                                        EAX=01094BB7 ECX=00000202 EDX=00002D6E EBX=013EA77E ESP=002DF53C EBP=01094B68 ESI=01094B68 EDI=7EF6B458 EFLAG=00000202
011CE3F0	MOVZX    EDX, WORD [ESI]                                  EAX=01094BB7 ECX=00000202 EDX=00002D6E EBX=013EA77E ESP=002DF53C EBP=01094B68 ESI=01094BA7 EDI=7EF6B458 EFLAG=00000212
011CE3F3	AND      EAX, EBX                                         EAX=01094BB7 ECX=00000202 EDX=0000EFAD EBX=013EA77E ESP=002DF53C EBP=01094B68 ESI=01094BA7 EDI=7EF6B458 EFLAG=00000212
011CE3F5	MOV      EBX, 0x200                                       EAX=01080336 ECX=00000202 EDX=0000EFAD EBX=013EA77E ESP=002DF53C EBP=01094B68 ESI=01094BA7 EDI=7EF6B458 EFLAG=00000206
011CE3FA	XOR      DX, 0xeff4                                       EAX=01080336 ECX=00000202 EDX=0000EFAD EBX=00000200 ESP=002DF53C EBP=01094B68 ESI=01094BA7 EDI=7EF6B458 EFLAG=00000206
011CE3FF	OR       EBX, 0x4                                         EAX=01080336 ECX=00000202 EDX=00000059 EBX=00000200 ESP=002DF53C EBP=01094B68 ESI=01094BA7 EDI=7EF6B458 EFLAG=00000206
011CE405	AND      EDI, 0x4                                         EAX=01080336 ECX=00000202 EDX=00000059 EBX=00000204 ESP=002DF53C EBP=01094B68 ESI=01094BA7 EDI=7EF6B458 EFLAG=00000202
011CE40B	ADD      EDX, EBP                                         EAX=01080336 ECX=00000202 EDX=00000059 EBX=00000204 ESP=002DF53C EBP=01094B68 ESI=01094BA7 EDI=00000000 EFLAG=00000246
011CE40D	AND      EDI, 0x800                                       EAX=01080336 ECX=00000202 EDX=01094BC1 EBX=00000204 ESP=002DF53C EBP=01094B68 ESI=01094BA7 EDI=00000000 EFLAG=00000212
011CE413	XOR      EBX, EAX                                         EAX=01080336 ECX=00000202 EDX=01094BC1 EBX=00000204 ESP=002DF53C EBP=01094B68 ESI=01094BA7 EDI=00000000 EFLAG=00000246
011CE415	SUB      EAX, 0x1f                                        EAX=01080336 ECX=00000202 EDX=01094BC1 EBX=01080132 ESP=002DF53C EBP=01094B68 ESI=01094BA7 EDI=00000000 EFLAG=00000202
011CE41A	XOR      EBX, 0x1                                         EAX=01080317 ECX=00000202 EDX=01094BC1 EBX=01080132 ESP=002DF53C EBP=01094B68 ESI=01094BA7 EDI=00000000 EFLAG=00000216
011CE420	AND      EAX, 0x800                                       EAX=01080317 ECX=00000202 EDX=01094BC1 EBX=01080133 ESP=002DF53C EBP=01094B68 ESI=01094BA7 EDI=00000000 EFLAG=00000206
011CE425	POP      DWORD [EDX]                                      EAX=00000000 ECX=00000202 EDX=01094BC1 EBX=01080133 ESP=002DF53C EBP=01094B68 ESI=01094BA7 EDI=00000000 EFLAG=00000246
011CE427	XOR      EDI, ESI                                         EAX=00000000 ECX=00000202 EDX=01094BC1 EBX=01080133 ESP=002DF540 EBP=01094B68 ESI=01094BA7 EDI=00000000 EFLAG=00000246
011CE429	MOV      EDI, 0x1                                         EAX=00000000 ECX=00000202 EDX=01094BC1 EBX=01080133 ESP=002DF540 EBP=01094B68 ESI=01094BA7 EDI=01094BA7 EFLAG=00000202
011CE42E	SUB      EAX, 0x7fffffff                                  EAX=00000000 ECX=00000202 EDX=01094BC1 EBX=01080133 ESP=002DF540 EBP=01094B68 ESI=01094BA7 EDI=00000001 EFLAG=00000202
011CE433	MOV      ECX, EDX                                         EAX=80000001 ECX=00000202 EDX=01094BC1 EBX=01080133 ESP=002DF540 EBP=01094B68 ESI=01094BA7 EDI=00000001 EFLAG=00000293
011CE435	ADD      EAX, 0x40                                        EAX=80000001 ECX=01094BC1 EDX=01094BC1 EBX=01080133 ESP=002DF540 EBP=01094B68 ESI=01094BA7 EDI=00000001 EFLAG=00000293
011CE43A	ADD      EBX, EDI                                         EAX=80000041 ECX=01094BC1 EDX=01094BC1 EBX=01080133 ESP=002DF540 EBP=01094B68 ESI=01094BA7 EDI=00000001 EFLAG=00000286
011CE43C	XOR      EAX, ESI                                         EAX=80000041 ECX=01094BC1 EDX=01094BC1 EBX=01080134 ESP=002DF540 EBP=01094B68 ESI=01094BA7 EDI=00000001 EFLAG=00000202
011CE43E	MOV      ESI, 0x0                                         EAX=81094BE6 ECX=01094BC1 EDX=01094BC1 EBX=01080134 ESP=002DF540 EBP=01094B68 ESI=01094BA7 EDI=00000001 EFLAG=00000282
011CE443	XOR      EDI, 0x1                                         EAX=81094BE6 ECX=01094BC1 EDX=01094BC1 EBX=01080134 ESP=002DF540 EBP=01094B68 ESI=00000000 EDI=00000001 EFLAG=00000282
011CE449	MOV      EBX, EBP                                         EAX=81094BE6 ECX=01094BC1 EDX=01094BC1 EBX=01080134 ESP=002DF540 EBP=01094B68 ESI=00000000 EDI=00000000 EFLAG=00000246
011CE44B	MOV      EDX, EBX                                         EAX=81094BE6 ECX=01094BC1 EDX=01094BC1 EBX=01094B68 ESP=002DF540 EBP=01094B68 ESI=00000000 EDI=00000000 EFLAG=00000246
011CE44D	SUB      EAX, 0x1c                                        EAX=81094BE6 ECX=01094BC1 EDX=01094B68 EBX=01094B68 ESP=002DF540 EBP=01094B68 ESI=00000000 EDI=00000000 EFLAG=00000246
011CE452	MOV      EDX, EAX                                         EAX=81094BCA ECX=01094BC1 EDX=01094B68 EBX=01094B68 ESP=002DF540 EBP=01094B68 ESI=00000000 EDI=00000000 EFLAG=00000296
011CE454	MOV      EAX, EDI                                         EAX=81094BCA ECX=01094BC1 EDX=81094BCA EBX=01094B68 ESP=002DF540 EBP=01094B68 ESI=00000000 EDI=00000000 EFLAG=00000296
011CE456	ADD      EBX, 0x3b                                        EAX=00000000 ECX=01094BC1 EDX=81094BCA EBX=01094B68 ESP=002DF540 EBP=01094B68 ESI=00000000 EDI=00000000 EFLAG=00000296
011CE45C	SUB      EDI, 0x400                                       EAX=00000000 ECX=01094BC1 EDX=81094BCA EBX=01094BA3 ESP=002DF540 EBP=01094B68 ESI=00000000 EDI=00000000 EFLAG=00000216
011CE462	AND      EDX, 0xffff                                      EAX=00000000 ECX=01094BC1 EDX=81094BCA EBX=01094BA3 ESP=002DF540 EBP=01094B68 ESI=00000000 EDI=FFFFFC00 EFLAG=00000287
011CE468	MOV      EDX, EBX                                         EAX=00000000 ECX=01094BC1 EDX=00004BCA EBX=01094BA3 ESP=002DF540 EBP=01094B68 ESI=00000000 EDI=FFFFFC00 EFLAG=00000206
011CE46A	MOV      EBX, [EBX]                                       EAX=00000000 ECX=01094BC1 EDX=01094BA3 EBX=01094BA3 ESP=002DF540 EBP=01094B68 ESI=00000000 EDI=FFFFFC00 EFLAG=00000206
011CE46C	ADD      EAX, 0x4                                         EAX=00000000 ECX=01094BC1 EDX=01094BA3 EBX=0126EA1F ESP=002DF540 EBP=01094B68 ESI=00000000 EDI=FFFFFC00 EFLAG=00000206
011CE471	MOV      EDX, EBX                                         EAX=00000004 ECX=01094BC1 EDX=01094BA3 EBX=0126EA1F ESP=002DF540 EBP=01094B68 ESI=00000000 EDI=FFFFFC00 EFLAG=00000202
011CE473	ADD      EAX, ECX                                         EAX=00000004 ECX=01094BC1 EDX=0126EA1F EBX=0126EA1F ESP=002DF540 EBP=01094B68 ESI=00000000 EDI=FFFFFC00 EFLAG=00000202
011CE475	ADD      EBX, 0xe                                         EAX=01094BC5 ECX=01094BC1 EDX=0126EA1F EBX=0126EA1F ESP=002DF540 EBP=01094B68 ESI=00000000 EDI=FFFFFC00 EFLAG=00000206
011CE47B	AND      EDI, 0x1                                         EAX=01094BC5 ECX=01094BC1 EDX=0126EA1F EBX=0126EA2D ESP=002DF540 EBP=01094B68 ESI=00000000 EDI=FFFFFC00 EFLAG=00000216
011CE481	MOV      EDX, EBX                                         EAX=01094BC5 ECX=01094BC1 EDX=0126EA1F EBX=0126EA2D ESP=002DF540 EBP=01094B68 ESI=00000000 EDI=00000000 EFLAG=00000246
011CE483	MOV      SI, [EBX]                                        EAX=01094BC5 ECX=01094BC1 EDX=0126EA2D EBX=0126EA2D ESP=002DF540 EBP=01094B68 ESI=00000000 EDI=00000000 EFLAG=00000246
011CE486	ADD      ESI, EBP                                         EAX=01094BC5 ECX=01094BC1 EDX=0126EA2D EBX=0126EA2D ESP=002DF540 EBP=01094B68 ESI=000000A7 EDI=00000000 EFLAG=00000246
011CE488	CMP      ECX, ESI                                         EAX=01094BC5 ECX=01094BC1 EDX=0126EA2D EBX=0126EA2D ESP=002DF540 EBP=01094B68 ESI=01094C0F EDI=00000000 EFLAG=00000206
011CE48A	JZ       0x11ce4ad                                        EAX=01094BC5 ECX=01094BC1 EDX=0126EA2D EBX=0126EA2D ESP=002DF540 EBP=01094B68 ESI=01094C0F EDI=00000000 EFLAG=00000297
011CE490	MOV      EDX, 0xa                                         EAX=01094BC5 ECX=01094BC1 EDX=0126EA2D EBX=0126EA2D ESP=002DF540 EBP=01094B68 ESI=01094C0F EDI=00000000 EFLAG=00000297
011CE495	ADD      DWORD [ESI], 0x4                                 EAX=01094BC5 ECX=01094BC1 EDX=0000000A EBX=0126EA2D ESP=002DF540 EBP=01094B68 ESI=01094C0F EDI=00000000 EFLAG=00000297
011CE49B	SUB      EDX, 0x7fffffff                                  EAX=01094BC5 ECX=01094BC1 EDX=0000000A EBX=0126EA2D ESP=002DF540 EBP=01094B68 ESI=01094C0F EDI=00000000 EFLAG=00000212
011CE4A1	XOR      EDI, 0x80                                        EAX=01094BC5 ECX=01094BC1 EDX=8000000B EBX=0126EA2D ESP=002DF540 EBP=01094B68 ESI=01094C0F EDI=00000000 EFLAG=00000293
011CE4A7	AND      EDX, 0x4                                         EAX=01094BC5 ECX=01094BC1 EDX=8000000B EBX=0126EA2D ESP=002DF540 EBP=01094B68 ESI=01094C0F EDI=00000080 EFLAG=00000202
011CE4AD	MOV      ESI, EBP                                         EAX=01094BC5 ECX=01094BC1 EDX=00000000 EBX=0126EA2D ESP=002DF540 EBP=01094B68 ESI=01094C0F EDI=00000080 EFLAG=00000246
011CE4AF	MOV      EAX, 0x1f1883eb                                  EAX=01094BC5 ECX=01094BC1 EDX=00000000 EBX=0126EA2D ESP=002DF540 EBP=01094B68 ESI=01094B68 EDI=00000080 EFLAG=00000246
011CE4B4	MOV      EDI, EBP                                         EAX=1F1883EB ECX=01094BC1 EDX=00000000 EBX=0126EA2D ESP=002DF540 EBP=01094B68 ESI=01094B68 EDI=00000080 EFLAG=00000246
011CE4B6	ADD      EDI, 0x9c                                        EAX=1F1883EB ECX=01094BC1 EDX=00000000 EBX=0126EA2D ESP=002DF540 EBP=01094B68 ESI=01094B68 EDI=01094B68 EFLAG=00000246
011CE4BC	ADD      ESI, 0x3b                                        EAX=1F1883EB ECX=01094BC1 EDX=00000000 EBX=0126EA2D ESP=002DF540 EBP=01094B68 ESI=01094B68 EDI=01094C04 EFLAG=00000212
011CE4C2	MOV      ESI, [ESI]                                       EAX=1F1883EB ECX=01094BC1 EDX=00000000 EBX=0126EA2D ESP=002DF540 EBP=01094B68 ESI=01094BA3 EDI=01094C04 EFLAG=00000216
011CE4C4	ADD      ESI, 0x6                                         EAX=1F1883EB ECX=01094BC1 EDX=00000000 EBX=0126EA2D ESP=002DF540 EBP=01094B68 ESI=0126EA1F EDI=01094C04 EFLAG=00000216
011CE4CA	MOVZX    EDI, WORD [ESI]                                  EAX=1F1883EB ECX=01094BC1 EDX=00000000 EBX=0126EA2D ESP=002DF540 EBP=01094B68 ESI=0126EA25 EDI=01094C04 EFLAG=00000212
011CE4CD	ADD      EDI, EBP                                         EAX=1F1883EB ECX=01094BC1 EDX=00000000 EBX=0126EA2D ESP=002DF540 EBP=01094B68 ESI=0126EA25 EDI=0000002B EFLAG=00000212
011CE4CF	MOV      EDI, [EDI]                                       EAX=1F1883EB ECX=01094BC1 EDX=00000000 EBX=0126EA2D ESP=002DF540 EBP=01094B68 ESI=0126EA25 EDI=01094B93 EFLAG=00000216
011CE4D1	OR       EDX, EDI                                         EAX=1F1883EB ECX=01094BC1 EDX=00000000 EBX=0126EA2D ESP=002DF540 EBP=01094B68 ESI=0126EA25 EDI=006B0000 EFLAG=00000216
011CE4D3	PUSHF                                                     EAX=1F1883EB ECX=01094BC1 EDX=006B0000 EBX=0126EA2D ESP=002DF540 EBP=01094B68 ESI=0126EA25 EDI=006B0000 EFLAG=00000206
011CE4D4	MOV      EBX, 0x0                                         EAX=1F1883EB ECX=01094BC1 EDX=006B0000 EBX=0126EA2D ESP=002DF53C EBP=01094B68 ESI=0126EA25 EDI=006B0000 EFLAG=00000206
011CE4D9	MOV      EAX, EBP                                         EAX=1F1883EB ECX=01094BC1 EDX=006B0000 EBX=00000000 ESP=002DF53C EBP=01094B68 ESI=0126EA25 EDI=006B0000 EFLAG=00000206
011CE4DB	ADD      EAX, 0x3b                                        EAX=01094B68 ECX=01094BC1 EDX=006B0000 EBX=00000000 ESP=002DF53C EBP=01094B68 ESI=0126EA25 EDI=006B0000 EFLAG=00000206
011CE4E0	MOV      EAX, [EAX]                                       EAX=01094BA3 ECX=01094BC1 EDX=006B0000 EBX=00000000 ESP=002DF53C EBP=01094B68 ESI=0126EA25 EDI=006B0000 EFLAG=00000216
011CE4E2	ADD      EAX, 0x16                                        EAX=0126EA1F ECX=01094BC1 EDX=006B0000 EBX=00000000 ESP=002DF53C EBP=01094B68 ESI=0126EA25 EDI=006B0000 EFLAG=00000216
011CE4E7	MOV      BX, [EAX]                                        EAX=0126EA35 ECX=01094BC1 EDX=006B0000 EBX=00000000 ESP=002DF53C EBP=01094B68 ESI=0126EA25 EDI=006B0000 EFLAG=00000216
011CE4EA	ADD      EBX, EBP                                         EAX=0126EA35 ECX=01094BC1 EDX=006B0000 EBX=0000004F ESP=002DF53C EBP=01094B68 ESI=0126EA25 EDI=006B0000 EFLAG=00000216
011CE4EC	POP      EDX                                              EAX=0126EA35 ECX=01094BC1 EDX=006B0000 EBX=01094BB7 ESP=002DF53C EBP=01094B68 ESI=0126EA25 EDI=006B0000 EFLAG=00000216
011CE4ED	SUB      EDI, 0x7fffffff                                  EAX=0126EA35 ECX=01094BC1 EDX=00000206 EBX=01094BB7 ESP=002DF540 EBP=01094B68 ESI=0126EA25 EDI=006B0000 EFLAG=00000216
011CE4F3	AND      ESI, 0x80                                        EAX=0126EA35 ECX=01094BC1 EDX=00000206 EBX=01094BB7 ESP=002DF540 EBP=01094B68 ESI=0126EA25 EDI=806B0001 EFLAG=00000293
011CE4F9	MOV      ESI, ECX                                         EAX=0126EA35 ECX=01094BC1 EDX=00000206 EBX=01094BB7 ESP=002DF540 EBP=01094B68 ESI=00000000 EDI=806B0001 EFLAG=00000246
011CE4FB	MOV      EAX, EBP                                         EAX=0126EA35 ECX=01094BC1 EDX=00000206 EBX=01094BB7 ESP=002DF540 EBP=01094B68 ESI=01094BC1 EDI=806B0001 EFLAG=00000246
011CE4FD	XOR      EDI, 0x40                                        EAX=01094B68 ECX=01094BC1 EDX=00000206 EBX=01094BB7 ESP=002DF540 EBP=01094B68 ESI=01094BC1 EDI=806B0001 EFLAG=00000246
011CE503	MOV      EBX, EDI                                         EAX=01094B68 ECX=01094BC1 EDX=00000206 EBX=01094BB7 ESP=002DF540 EBP=01094B68 ESI=01094BC1 EDI=806B0041 EFLAG=00000286
011CE505	MOV      ECX, EBP                                         EAX=01094B68 ECX=01094BC1 EDX=00000206 EBX=806B0041 ESP=002DF540 EBP=01094B68 ESI=01094BC1 EDI=806B0041 EFLAG=00000286
011CE507	ADD      EBX, ESI                                         EAX=01094B68 ECX=01094B68 EDX=00000206 EBX=806B0041 ESP=002DF540 EBP=01094B68 ESI=01094BC1 EDI=806B0041 EFLAG=00000286
011CE509	MOV      EDX, 0x400                                       EAX=01094B68 ECX=01094B68 EDX=00000206 EBX=81744C02 ESP=002DF540 EBP=01094B68 ESI=01094BC1 EDI=806B0041 EFLAG=00000282
011CE50E	AND      EDI, ESI                                         EAX=01094B68 ECX=01094B68 EDX=00000400 EBX=81744C02 ESP=002DF540 EBP=01094B68 ESI=01094BC1 EDI=806B0041 EFLAG=00000282
011CE510	AND      EDX, ECX                                         EAX=01094B68 ECX=01094B68 EDX=00000400 EBX=81744C02 ESP=002DF540 EBP=01094B68 ESI=01094BC1 EDI=00090041 EFLAG=00000206
011CE512	ADD      EAX, 0x3b                                        EAX=01094B68 ECX=01094B68 EDX=00000000 EBX=81744C02 ESP=002DF540 EBP=01094B68 ESI=01094BC1 EDI=00090041 EFLAG=00000246
011CE517	AND      ESI, 0x80000000                                  EAX=01094BA3 ECX=01094B68 EDX=00000000 EBX=81744C02 ESP=002DF540 EBP=01094B68 ESI=01094BC1 EDI=00090041 EFLAG=00000216
011CE51D	MOV      EAX, [EAX]                                       EAX=01094BA3 ECX=01094B68 EDX=00000000 EBX=81744C02 ESP=002DF540 EBP=01094B68 ESI=00000000 EDI=00090041 EFLAG=00000246
011CE51F	OR       ESI, 0x80                                        EAX=0126EA1F ECX=01094B68 EDX=00000000 EBX=81744C02 ESP=002DF540 EBP=01094B68 ESI=00000000 EDI=00090041 EFLAG=00000246
011CE525	ADD      ECX, 0x10                                        EAX=0126EA1F ECX=01094B68 EDX=00000000 EBX=81744C02 ESP=002DF540 EBP=01094B68 ESI=00000080 EDI=00090041 EFLAG=00000202
011CE52B	XOR      EDX, ESI                                         EAX=0126EA1F ECX=01094B78 EDX=00000000 EBX=81744C02 ESP=002DF540 EBP=01094B68 ESI=00000080 EDI=00090041 EFLAG=00000206
011CE52D	SUB      ESI, 0x3fc                                       EAX=0126EA1F ECX=01094B78 EDX=00000080 EBX=81744C02 ESP=002DF540 EBP=01094B68 ESI=00000080 EDI=00090041 EFLAG=00000202
011CE539	ADD      EAX, 0x2                                         EAX=0126EA1F ECX=01094B78 EDX=00000080 EBX=81744C02 ESP=002DF540 EBP=01094B68 ESI=FFFFFC84 EDI=00090041 EFLAG=00000286
011CE53E	XOR      ESI, 0x800                                       EAX=0126EA21 ECX=01094B78 EDX=00000080 EBX=81744C02 ESP=002DF540 EBP=01094B68 ESI=FFFFFC84 EDI=00090041 EFLAG=00000216
011CE544	AND      ESI, EAX                                         EAX=0126EA21 ECX=01094B78 EDX=00000080 EBX=81744C02 ESP=002DF540 EBP=01094B68 ESI=FFFFF484 EDI=00090041 EFLAG=00000286
011CE546	ADD      EDX, ESI                                         EAX=0126EA21 ECX=01094B78 EDX=00000080 EBX=81744C02 ESP=002DF540 EBP=01094B68 ESI=0126E000 EDI=00090041 EFLAG=00000206
011CE548	MOV      ECX, [ECX]                                       EAX=0126EA21 ECX=01094B78 EDX=0126E080 EBX=81744C02 ESP=002DF540 EBP=01094B68 ESI=0126E000 EDI=00090041 EFLAG=00000202
011CE54A	OR       EDX, 0x40                                        EAX=0126EA21 ECX=0123682D EDX=0126E080 EBX=81744C02 ESP=002DF540 EBP=01094B68 ESI=0126E000 EDI=00090041 EFLAG=00000202
011CE550	MOV      ESI, EAX                                         EAX=0126EA21 ECX=0123682D EDX=0126E0C0 EBX=81744C02 ESP=002DF540 EBP=01094B68 ESI=0126E000 EDI=00090041 EFLAG=00000206
011CE552	MOVZX    EAX, WORD [EAX]                                  EAX=0126EA21 ECX=0123682D EDX=0126E0C0 EBX=81744C02 ESP=002DF540 EBP=01094B68 ESI=0126EA21 EDI=00090041 EFLAG=00000206
011CE555	OR       EDI, 0x80                                        EAX=00003E4F ECX=0123682D EDX=0126E0C0 EBX=81744C02 ESP=002DF540 EBP=01094B68 ESI=0126EA21 EDI=00090041 EFLAG=00000206
011CE55B	AND      EDX, 0x80                                        EAX=00003E4F ECX=0123682D EDX=0126E0C0 EBX=81744C02 ESP=002DF540 EBP=01094B68 ESI=0126EA21 EDI=000900C1 EFLAG=00000202
011CE561	MOV      EDX, EBP                                         EAX=00003E4F ECX=0123682D EDX=00000080 EBX=81744C02 ESP=002DF540 EBP=01094B68 ESI=0126EA21 EDI=000900C1 EFLAG=00000202
011CE563	MOV      EDI, 0xfffffe00                                  EAX=00003E4F ECX=0123682D EDX=01094B68 EBX=81744C02 ESP=002DF540 EBP=01094B68 ESI=0126EA21 EDI=000900C1 EFLAG=00000202
011CE56E	SUB      EBX, 0xffff                                      EAX=00003E4F ECX=0123682D EDX=01094B68 EBX=81744C02 ESP=002DF540 EBP=01094B68 ESI=0126EA21 EDI=FFFFFE00 EFLAG=00000287
011CE574	ADD      EDX, 0x9c                                        EAX=00003E4F ECX=0123682D EDX=01094B68 EBX=81734C03 ESP=002DF540 EBP=01094B68 ESI=0126EA21 EDI=FFFFFE00 EFLAG=00000296
011CE57A	OR       EBX, ECX                                         EAX=00003E4F ECX=0123682D EDX=01094C04 EBX=81734C03 ESP=002DF540 EBP=01094B68 ESI=0126EA21 EDI=FFFFFE00 EFLAG=00000212
011CE57C	SUB      EBX, 0x80                                        EAX=00003E4F ECX=0123682D EDX=01094C04 EBX=81736C2F ESP=002DF540 EBP=01094B68 ESI=0126EA21 EDI=FFFFFE00 EFLAG=00000282
011CE582	ADD      EAX, [EDX]                                       EAX=00003E4F ECX=0123682D EDX=01094C04 EBX=81736BAF ESP=002DF540 EBP=01094B68 ESI=0126EA21 EDI=FFFFFE00 EFLAG=00000286
011CE584	AND      EBX, 0x800                                       EAX=7DB000DF ECX=0123682D EDX=01094C04 EBX=81736BAF ESP=002DF540 EBP=01094B68 ESI=0126EA21 EDI=FFFFFE00 EFLAG=00000202
011CE58A	OR       ESI, 0x4                                         EAX=7DB000DF ECX=0123682D EDX=01094C04 EBX=00000800 ESP=002DF540 EBP=01094B68 ESI=0126EA21 EDI=FFFFFE00 EFLAG=00000206
011CE590	MOV      EDI, ESI                                         EAX=7DB000DF ECX=0123682D EDX=01094C04 EBX=00000800 ESP=002DF540 EBP=01094B68 ESI=0126EA25 EDI=FFFFFE00 EFLAG=00000202
011CE592	MOV      EBX, EBX                                         EAX=7DB000DF ECX=0123682D EDX=01094C04 EBX=00000800 ESP=002DF540 EBP=01094B68 ESI=0126EA25 EDI=0126EA25 EFLAG=00000202
011CE594	ADD      ESI, 0x28                                        EAX=7DB000DF ECX=0123682D EDX=01094C04 EBX=00000800 ESP=002DF540 EBP=01094B68 ESI=0126EA25 EDI=0126EA25 EFLAG=00000202
011CE59A	MOV      EDX, EBP                                         EAX=7DB000DF ECX=0123682D EDX=01094C04 EBX=00000800 ESP=002DF540 EBP=01094B68 ESI=0126EA4D EDI=0126EA25 EFLAG=00000206
011CE59C	ADD      EBX, 0x80000000                                  EAX=7DB000DF ECX=0123682D EDX=01094B68 EBX=00000800 ESP=002DF540 EBP=01094B68 ESI=0126EA4D EDI=0126EA25 EFLAG=00000206
011CE5A2	SUB      ESI, EDX                                         EAX=7DB000DF ECX=0123682D EDX=01094B68 EBX=80000800 ESP=002DF540 EBP=01094B68 ESI=0126EA4D EDI=0126EA25 EFLAG=00000286
011CE5A4	ADD      EDX, 0x9c                                        EAX=7DB000DF ECX=0123682D EDX=01094B68 EBX=80000800 ESP=002DF540 EBP=01094B68 ESI=001D9EE5 EDI=0126EA25 EFLAG=00000202
011CE5AA	SUB      EDI, 0x80000000                                  EAX=7DB000DF ECX=0123682D EDX=01094C04 EBX=80000800 ESP=002DF540 EBP=01094B68 ESI=001D9EE5 EDI=0126EA25 EFLAG=00000212
011CE5B0	OR       [EDX], EAX                                       EAX=7DB000DF ECX=0123682D EDX=01094C04 EBX=80000800 ESP=002DF540 EBP=01094B68 ESI=001D9EE5 EDI=8126EA25 EFLAG=00000A83
011CE5B2	MOV      EDI, EBX                                         EAX=7DB000DF ECX=0123682D EDX=01094C04 EBX=80000800 ESP=002DF540 EBP=01094B68 ESI=001D9EE5 EDI=8126EA25 EFLAG=00000202
011CE5B4	SUB      EDI, EDI                                         EAX=7DB000DF ECX=0123682D EDX=01094C04 EBX=80000800 ESP=002DF540 EBP=01094B68 ESI=001D9EE5 EDI=80000800 EFLAG=00000202
011CE5B6	SUB      EDI, 0x800                                       EAX=7DB000DF ECX=0123682D EDX=01094C04 EBX=80000800 ESP=002DF540 EBP=01094B68 ESI=001D9EE5 EDI=00000000 EFLAG=00000246
011CE5BC	MOV      EDX, 0x200                                       EAX=7DB000DF ECX=0123682D EDX=01094C04 EBX=80000800 ESP=002DF540 EBP=01094B68 ESI=001D9EE5 EDI=FFFFF800 EFLAG=00000287
011CE5C1	AND      EAX, 0xffff                                      EAX=7DB000DF ECX=0123682D EDX=00000200 EBX=80000800 ESP=002DF540 EBP=01094B68 ESI=001D9EE5 EDI=FFFFF800 EFLAG=00000287
011CE5C6	XOR      ESI, ESI                                         EAX=000000DF ECX=0123682D EDX=00000200 EBX=80000800 ESP=002DF540 EBP=01094B68 ESI=001D9EE5 EDI=FFFFF800 EFLAG=00000202
011CE5C8	SHL      EAX, 0x2                                         EAX=000000DF ECX=0123682D EDX=00000200 EBX=80000800 ESP=002DF540 EBP=01094B68 ESI=00000000 EDI=FFFFF800 EFLAG=00000246
011CE5CB	ADD      EDX, 0x800                                       EAX=0000037C ECX=0123682D EDX=00000200 EBX=80000800 ESP=002DF540 EBP=01094B68 ESI=00000000 EDI=FFFFF800 EFLAG=00000202
011CE5D1	OR       EDX, 0x28                                        EAX=0000037C ECX=0123682D EDX=00000A00 EBX=80000800 ESP=002DF540 EBP=01094B68 ESI=00000000 EDI=FFFFF800 EFLAG=00000206
011CE5D7	SUB      EDX, 0x800                                       EAX=0000037C ECX=0123682D EDX=00000A28 EBX=80000800 ESP=002DF540 EBP=01094B68 ESI=00000000 EDI=FFFFF800 EFLAG=00000206
011CE5DD	ADD      ESI, 0x80000000                                  EAX=0000037C ECX=0123682D EDX=00000228 EBX=80000800 ESP=002DF540 EBP=01094B68 ESI=00000000 EDI=FFFFF800 EFLAG=00000206
011CE5E3	ADD      EDI, 0x28                                        EAX=0000037C ECX=0123682D EDX=00000228 EBX=80000800 ESP=002DF540 EBP=01094B68 ESI=80000000 EDI=FFFFF800 EFLAG=00000286
011CE5E9	ADD      ECX, EAX                                         EAX=0000037C ECX=0123682D EDX=00000228 EBX=80000800 ESP=002DF540 EBP=01094B68 ESI=80000000 EDI=FFFFF828 EFLAG=00000286
011CE5F0	MOV      ESI, [ECX]                                       EAX=0000037C ECX=01236BA9 EDX=00000228 EBX=80000800 ESP=002DF540 EBP=01094B68 ESI=0000000A EDI=FFFFF828 EFLAG=00000216
011CE5F2	SUB      EDX, ECX                                         EAX=0000037C ECX=01236BA9 EDX=00000228 EBX=80000800 ESP=002DF540 EBP=01094B68 ESI=010D37DE EDI=FFFFF828 EFLAG=00000216
011CE5F4	MOV      EDI, EDI                                         EAX=0000037C ECX=01236BA9 EDX=FEDC967F EBX=80000800 ESP=002DF540 EBP=01094B68 ESI=010D37DE EDI=FFFFF828 EFLAG=00000293
011CE5F6	MOV      EBX, EBP                                         EAX=0000037C ECX=01236BA9 EDX=FEDC967F EBX=80000800 ESP=002DF540 EBP=01094B68 ESI=010D37DE EDI=FFFFF828 EFLAG=00000293
011CE5F8	OR       EDX, 0x4                                         EAX=0000037C ECX=01236BA9 EDX=FEDC967F EBX=01094B68 ESP=002DF540 EBP=01094B68 ESI=010D37DE EDI=FFFFF828 EFLAG=00000293
011CE5FE	OR       EDI, EBX                                         EAX=0000037C ECX=01236BA9 EDX=FEDC967F EBX=01094B68 ESP=002DF540 EBP=01094B68 ESI=010D37DE EDI=FFFFF828 EFLAG=00000282
011CE600	MOV      EDI, ECX                                         EAX=0000037C ECX=01236BA9 EDX=FEDC967F EBX=01094B68 ESP=002DF540 EBP=01094B68 ESI=010D37DE EDI=FFFFFB68 EFLAG=00000282
011CE602	XOR      EDX, ESI                                         EAX=0000037C ECX=01236BA9 EDX=FEDC967F EBX=01094B68 ESP=002DF540 EBP=01094B68 ESI=010D37DE EDI=01236BA9 EFLAG=00000282
011CE604	ADD      EBX, 0x3b                                        EAX=0000037C ECX=01236BA9 EDX=FFD1A1A1 EBX=01094B68 ESP=002DF540 EBP=01094B68 ESI=010D37DE EDI=01236BA9 EFLAG=00000282
011CE60A	ADD      DWORD [EBX], 0x18                                EAX=0000037C ECX=01236BA9 EDX=FFD1A1A1 EBX=01094BA3 ESP=002DF540 EBP=01094B68 ESI=010D37DE EDI=01236BA9 EFLAG=00000216
011CE610	JMP      ESI                                              EAX=0000037C ECX=01236BA9 EDX=FFD1A1A1 EBX=01094BA3 ESP=002DF540 EBP=01094B68 ESI=010D37DE EDI=01236BA9 EFLAG=00000212
010D37DE	MOV      ECX, EBP                                         EAX=0000037C ECX=01236BA9 EDX=FFD1A1A1 EBX=01094BA3 ESP=002DF540 EBP=01094B68 ESI=010D37DE EDI=01236BA9 EFLAG=00000212
010D37E0	ADD      ECX, 0x3b                                        EAX=0000037C ECX=01094B68 EDX=FFD1A1A1 EBX=01094BA3 ESP=002DF540 EBP=01094B68 ESI=010D37DE EDI=01236BA9 EFLAG=00000212
010D37E6	MOV      ECX, [ECX]                                       EAX=0000037C ECX=01094BA3 EDX=FFD1A1A1 EBX=01094BA3 ESP=002DF540 EBP=01094B68 ESI=010D37DE EDI=01236BA9 EFLAG=00000216
010D37E8	ADD      ECX, 0x10                                        EAX=0000037C ECX=0126EA37 EDX=FFD1A1A1 EBX=01094BA3 ESP=002DF540 EBP=01094B68 ESI=010D37DE EDI=01236BA9 EFLAG=00000216
010D37EE	MOVZX    EDX, WORD [ECX]                                  EAX=0000037C ECX=0126EA47 EDX=FFD1A1A1 EBX=01094BA3 ESP=002DF540 EBP=01094B68 ESI=010D37DE EDI=01236BA9 EFLAG=00000206
010D37F1	MOV      ESI, EBP                                         EAX=0000037C ECX=0126EA47 EDX=0000D35A EBX=01094BA3 ESP=002DF540 EBP=01094B68 ESI=010D37DE EDI=01236BA9 EFLAG=00000206
010D37F3	ADD      ESI, 0x9c                                        EAX=0000037C ECX=0126EA47 EDX=0000D35A EBX=01094BA3 ESP=002DF540 EBP=01094B68 ESI=01094B68 EDI=01236BA9 EFLAG=00000206
010D37F9	XOR      EDX, [ESI]                                       EAX=0000037C ECX=0126EA47 EDX=0000D35A EBX=01094BA3 ESP=002DF540 EBP=01094B68 ESI=01094C04 EDI=01236BA9 EFLAG=00000212
010D37FB	MOV      EAX, EBP                                         EAX=0000037C ECX=0126EA47 EDX=7DBF1185 EBX=01094BA3 ESP=002DF540 EBP=01094B68 ESI=01094C04 EDI=01236BA9 EFLAG=00000202
010D37FD	ADD      EAX, 0x3b                                        EAX=01094B68 ECX=0126EA47 EDX=7DBF1185 EBX=01094BA3 ESP=002DF540 EBP=01094B68 ESI=01094C04 EDI=01236BA9 EFLAG=00000202
010D3802	MOV      EAX, [EAX]                                       EAX=01094BA3 ECX=0126EA47 EDX=7DBF1185 EBX=01094BA3 ESP=002DF540 EBP=01094B68 ESI=01094C04 EDI=01236BA9 EFLAG=00000216
010D3804	ADD      EAX, 0xa                                         EAX=0126EA37 ECX=0126EA47 EDX=7DBF1185 EBX=01094BA3 ESP=002DF540 EBP=01094B68 ESI=01094C04 EDI=01236BA9 EFLAG=00000216
010D3809	MOV      ESI, [EAX]                                       EAX=0126EA41 ECX=0126EA47 EDX=7DBF1185 EBX=01094BA3 ESP=002DF540 EBP=01094B68 ESI=01094C04 EDI=01236BA9 EFLAG=00000216
010D380B	MOV      EBX, EBP                                         EAX=0126EA41 ECX=0126EA47 EDX=7DBF1185 EBX=01094BA3 ESP=002DF540 EBP=01094B68 ESI=10F3747F EDI=01236BA9 EFLAG=00000216
010D380D	ADD      EBX, 0x9c                                        EAX=0126EA41 ECX=0126EA47 EDX=7DBF1185 EBX=01094B68 ESP=002DF540 EBP=01094B68 ESI=10F3747F EDI=01236BA9 EFLAG=00000216
010D3813	AND      [EBX], ESI                                       EAX=0126EA41 ECX=0126EA47 EDX=7DBF1185 EBX=01094C04 ESP=002DF540 EBP=01094B68 ESI=10F3747F EDI=01236BA9 EFLAG=00000212
010D3815	MOV      EBX, EBP                                         EAX=0126EA41 ECX=0126EA47 EDX=7DBF1185 EBX=01094C04 ESP=002DF540 EBP=01094B68 ESI=10F3747F EDI=01236BA9 EFLAG=00000206
010D3817	ADD      EBX, 0x3b                                        EAX=0126EA41 ECX=0126EA47 EDX=7DBF1185 EBX=01094B68 ESP=002DF540 EBP=01094B68 ESI=10F3747F EDI=01236BA9 EFLAG=00000206
010D381D	MOV      EBX, [EBX]                                       EAX=0126EA41 ECX=0126EA47 EDX=7DBF1185 EBX=01094BA3 ESP=002DF540 EBP=01094B68 ESI=10F3747F EDI=01236BA9 EFLAG=00000216
010D3825	MOV      EDI, [EBX]                                       EAX=0126EA41 ECX=0126EA47 EDX=7DBF1185 EBX=0126EA37 ESP=002DF540 EBP=01094B68 ESI=10F3747F EDI=01236BA9 EFLAG=00000202
010D3827	MOV      EDX, EBP                                         EAX=0126EA41 ECX=0126EA47 EDX=7DBF1185 EBX=0126EA37 ESP=002DF540 EBP=01094B68 ESI=10F3747F EDI=38931B62 EFLAG=00000202
010D3829	ADD      EDX, 0x9c                                        EAX=0126EA41 ECX=0126EA47 EDX=01094B68 EBX=0126EA37 ESP=002DF540 EBP=01094B68 ESI=10F3747F EDI=38931B62 EFLAG=00000202
010D382F	AND      [EDX], EDI                                       EAX=0126EA41 ECX=0126EA47 EDX=01094C04 EBX=0126EA37 ESP=002DF540 EBP=01094B68 ESI=10F3747F EDI=38931B62 EFLAG=00000212
010D3831	MOV      ESI, EBP                                         EAX=0126EA41 ECX=0126EA47 EDX=01094C04 EBX=0126EA37 ESP=002DF540 EBP=01094B68 ESI=10F3747F EDI=38931B62 EFLAG=00000206
010D3833	ADD      ESI, 0x3b                                        EAX=0126EA41 ECX=0126EA47 EDX=01094C04 EBX=0126EA37 ESP=002DF540 EBP=01094B68 ESI=01094B68 EDI=38931B62 EFLAG=00000206
010D3839	MOV      ESI, [ESI]                                       EAX=0126EA41 ECX=0126EA47 EDX=01094C04 EBX=0126EA37 ESP=002DF540 EBP=01094B68 ESI=01094BA3 EDI=38931B62 EFLAG=00000216
010D383B	ADD      ESI, 0x12                                        EAX=0126EA41 ECX=0126EA47 EDX=01094C04 EBX=0126EA37 ESP=002DF540 EBP=01094B68 ESI=0126EA37 EDI=38931B62 EFLAG=00000216
010D3841	MOV      EAX, [ESI]                                       EAX=0126EA41 ECX=0126EA47 EDX=01094C04 EBX=0126EA37 ESP=002DF540 EBP=01094B68 ESI=0126EA49 EDI=38931B62 EFLAG=00000202
010D3843	MOV      ESI, EBP                                         EAX=5CB724E1 ECX=0126EA47 EDX=01094C04 EBX=0126EA37 ESP=002DF540 EBP=01094B68 ESI=0126EA49 EDI=38931B62 EFLAG=00000202
010D3845	ADD      ESI, 0x9c                                        EAX=5CB724E1 ECX=0126EA47 EDX=01094C04 EBX=0126EA37 ESP=002DF540 EBP=01094B68 ESI=01094B68 EDI=38931B62 EFLAG=00000202
010D384B	AND      [ESI], EAX                                       EAX=5CB724E1 ECX=0126EA47 EDX=01094C04 EBX=0126EA37 ESP=002DF540 EBP=01094B68 ESI=01094C04 EDI=38931B62 EFLAG=00000212
010D384D	MOV      EDI, EBP                                         EAX=5CB724E1 ECX=0126EA47 EDX=01094C04 EBX=0126EA37 ESP=002DF540 EBP=01094B68 ESI=01094C04 EDI=38931B62 EFLAG=00000202
010D384F	OR       ESI, EDI                                         EAX=5CB724E1 ECX=0126EA47 EDX=01094C04 EBX=0126EA37 ESP=002DF540 EBP=01094B68 ESI=01094C04 EDI=01094B68 EFLAG=00000202
010D3851	AND      EAX, 0x28                                        EAX=5CB724E1 ECX=0126EA47 EDX=01094C04 EBX=0126EA37 ESP=002DF540 EBP=01094B68 ESI=01094F6C EDI=01094B68 EFLAG=00000206
010D3856	MOV      EBX, EAX                                         EAX=00000020 ECX=0126EA47 EDX=01094C04 EBX=0126EA37 ESP=002DF540 EBP=01094B68 ESI=01094F6C EDI=01094B68 EFLAG=00000202
010D3858	ADD      EDI, 0x3b                                        EAX=00000020 ECX=0126EA47 EDX=01094C04 EBX=00000020 ESP=002DF540 EBP=01094B68 ESI=01094F6C EDI=01094B68 EFLAG=00000202
010D385E	OR       EAX, 0x4                                         EAX=00000020 ECX=0126EA47 EDX=01094C04 EBX=00000020 ESP=002DF540 EBP=01094B68 ESI=01094F6C EDI=01094BA3 EFLAG=00000216
010D3863	MOV      EBX, 0xa                                         EAX=00000024 ECX=0126EA47 EDX=01094C04 EBX=00000020 ESP=002DF540 EBP=01094B68 ESI=01094F6C EDI=01094BA3 EFLAG=00000206
010D3868	OR       ECX, 0x400                                       EAX=00000024 ECX=0126EA47 EDX=01094C04 EBX=0000000A ESP=002DF540 EBP=01094B68 ESI=01094F6C EDI=01094BA3 EFLAG=00000206
010D386E	MOV      EDI, [EDI]                                       EAX=00000024 ECX=0126EE47 EDX=01094C04 EBX=0000000A ESP=002DF540 EBP=01094B68 ESI=01094F6C EDI=01094BA3 EFLAG=00000206
010D3870	OR       EAX, 0x28                                        EAX=00000024 ECX=0126EE47 EDX=01094C04 EBX=0000000A ESP=002DF540 EBP=01094B68 ESI=01094F6C EDI=0126EA37 EFLAG=00000206
010D3875	ADD      EAX, 0xffff                                      EAX=0000002C ECX=0126EE47 EDX=01094C04 EBX=0000000A ESP=002DF540 EBP=01094B68 ESI=01094F6C EDI=0126EA37 EFLAG=00000202
010D387A	ADD      EDI, 0x10                                        EAX=0001002B ECX=0126EE47 EDX=01094C04 EBX=0000000A ESP=002DF540 EBP=01094B68 ESI=01094F6C EDI=0126EA37 EFLAG=00000216
010D3880	ADD      EAX, ESI                                         EAX=0001002B ECX=0126EE47 EDX=01094C04 EBX=0000000A ESP=002DF540 EBP=01094B68 ESI=01094F6C EDI=0126EA47 EFLAG=00000206
010D3882	MOVZX    EBX, WORD [EDI]                                  EAX=010A4F97 ECX=0126EE47 EDX=01094C04 EBX=0000000A ESP=002DF540 EBP=01094B68 ESI=01094F6C EDI=0126EA47 EFLAG=00000212
010D3885	MOV      EDI, EBP                                         EAX=010A4F97 ECX=0126EE47 EDX=01094C04 EBX=0000D35A ESP=002DF540 EBP=01094B68 ESI=01094F6C EDI=0126EA47 EFLAG=00000212
010D3887	ADD      EDI, 0x9c                                        EAX=010A4F97 ECX=0126EE47 EDX=01094C04 EBX=0000D35A ESP=002DF540 EBP=01094B68 ESI=01094F6C EDI=01094B68 EFLAG=00000212
010D388D	XOR      ECX, 0x7fffffff                                  EAX=010A4F97 ECX=0126EE47 EDX=01094C04 EBX=0000D35A ESP=002DF540 EBP=01094B68 ESI=01094F6C EDI=01094C04 EFLAG=00000212
010D3893	AND      ESI, EAX                                         EAX=010A4F97 ECX=7ED911B8 EDX=01094C04 EBX=0000D35A ESP=002DF540 EBP=01094B68 ESI=01094F6C EDI=01094C04 EFLAG=00000206
010D3895	AND      EAX, 0x7fffffff                                  EAX=010A4F97 ECX=7ED911B8 EDX=01094C04 EBX=0000D35A ESP=002DF540 EBP=01094B68 ESI=01084F04 EDI=01094C04 EFLAG=00000202
010D389F	MOV      ESI, 0xa                                         EAX=010A4F97 ECX=7ED911B8 EDX=01094C04 EBX=0000D35A ESP=002DF540 EBP=01094B68 ESI=00000200 EDI=01094C04 EFLAG=00000202
010D38A4	SUB      EBX, [EDI]                                       EAX=010A4F97 ECX=7ED911B8 EDX=01094C04 EBX=0000D35A ESP=002DF540 EBP=01094B68 ESI=0000000A EDI=01094C04 EFLAG=00000202
010D38A6	MOV      EDI, ECX                                         EAX=010A4F97 ECX=7ED911B8 EDX=01094C04 EBX=EF6DD31A ESP=002DF540 EBP=01094B68 ESI=0000000A EDI=01094C04 EFLAG=00000283
010D38A8	MOV      ESI, EBP                                         EAX=010A4F97 ECX=7ED911B8 EDX=01094C04 EBX=EF6DD31A ESP=002DF540 EBP=01094B68 ESI=0000000A EDI=7ED911B8 EFLAG=00000283
010D38AA	ADD      ESI, 0x54                                        EAX=010A4F97 ECX=7ED911B8 EDX=01094C04 EBX=EF6DD31A ESP=002DF540 EBP=01094B68 ESI=01094B68 EDI=7ED911B8 EFLAG=00000283
010D38B0	MOV      EDX, 0x1                                         EAX=010A4F97 ECX=7ED911B8 EDX=01094C04 EBX=EF6DD31A ESP=002DF540 EBP=01094B68 ESI=01094BBC EDI=7ED911B8 EFLAG=00000202
010D38B5	OR       EDI, 0x80000000                                  EAX=010A4F97 ECX=7ED911B8 EDX=00000001 EBX=EF6DD31A ESP=002DF540 EBP=01094B68 ESI=01094BBC EDI=7ED911B8 EFLAG=00000202
010D38BB	AND      EDI, EBX                                         EAX=010A4F97 ECX=7ED911B8 EDX=00000001 EBX=EF6DD31A ESP=002DF540 EBP=01094B68 ESI=01094BBC EDI=FED911B8 EFLAG=00000286
010D38BD	ADD      EAX, ESI                                         EAX=010A4F97 ECX=7ED911B8 EDX=00000001 EBX=EF6DD31A ESP=002DF540 EBP=01094B68 ESI=01094BBC EDI=EE491118 EFLAG=00000286
010D38BF	MOV      EAX, EDX                                         EAX=02139B53 ECX=7ED911B8 EDX=00000001 EBX=EF6DD31A ESP=002DF540 EBP=01094B68 ESI=01094BBC EDI=EE491118 EFLAG=00000216
010D38C1	SUB      EBX, [ESI]                                       EAX=00000001 ECX=7ED911B8 EDX=00000001 EBX=EF6DD31A ESP=002DF540 EBP=01094B68 ESI=01094BBC EDI=EE491118 EFLAG=00000216
010D38C3	AND      ECX, EDX                                         EAX=00000001 ECX=7ED911B8 EDX=00000001 EBX=EF6DD31A ESP=002DF540 EBP=01094B68 ESI=01094BBC EDI=EE491118 EFLAG=00000282
010D38C5	SUB      EAX, 0xffff                                      EAX=00000001 ECX=00000000 EDX=00000001 EBX=EF6DD31A ESP=002DF540 EBP=01094B68 ESI=01094BBC EDI=EE491118 EFLAG=00000246
010D38CA	MOV      ESI, EBP                                         EAX=FFFF0002 ECX=00000000 EDX=00000001 EBX=EF6DD31A ESP=002DF540 EBP=01094B68 ESI=01094BBC EDI=EE491118 EFLAG=00000293
010D38CC	SUB      EDX, EBX                                         EAX=FFFF0002 ECX=00000000 EDX=00000001 EBX=EF6DD31A ESP=002DF540 EBP=01094B68 ESI=01094B68 EDI=EE491118 EFLAG=00000293
010D38CE	AND      EDI, 0x1c                                        EAX=FFFF0002 ECX=00000000 EDX=10922CE7 EBX=EF6DD31A ESP=002DF540 EBP=01094B68 ESI=01094B68 EDI=EE491118 EFLAG=00000217
010D38D4	AND      ECX, ECX                                         EAX=FFFF0002 ECX=00000000 EDX=10922CE7 EBX=EF6DD31A ESP=002DF540 EBP=01094B68 ESI=01094B68 EDI=00000018 EFLAG=00000206
010D38D6	OR       EDX, 0xffff                                      EAX=FFFF0002 ECX=00000000 EDX=10922CE7 EBX=EF6DD31A ESP=002DF540 EBP=01094B68 ESI=01094B68 EDI=00000018 EFLAG=00000246
010D38DC	ADD      ESI, 0x9c                                        EAX=FFFF0002 ECX=00000000 EDX=1092FFFF EBX=EF6DD31A ESP=002DF540 EBP=01094B68 ESI=01094B68 EDI=00000018 EFLAG=00000206
010D38E2	MOV      EAX, 0x200                                       EAX=FFFF0002 ECX=00000000 EDX=1092FFFF EBX=EF6DD31A ESP=002DF540 EBP=01094B68 ESI=01094C04 EDI=00000018 EFLAG=00000212
010D38E7	MOV      EDX, 0x400                                       EAX=00000200 ECX=00000000 EDX=1092FFFF EBX=EF6DD31A ESP=002DF540 EBP=01094B68 ESI=01094C04 EDI=00000018 EFLAG=00000212
010D38EC	OR       ECX, EAX                                         EAX=00000200 ECX=00000000 EDX=00000400 EBX=EF6DD31A ESP=002DF540 EBP=01094B68 ESI=01094C04 EDI=00000018 EFLAG=00000212
010D38EE	AND      [ESI], EBX                                       EAX=00000200 ECX=00000200 EDX=00000400 EBX=EF6DD31A ESP=002DF540 EBP=01094B68 ESI=01094C04 EDI=00000018 EFLAG=00000206
010D38F0	MOV      ESI, 0x1                                         EAX=00000200 ECX=00000200 EDX=00000400 EBX=EF6DD31A ESP=002DF540 EBP=01094B68 ESI=01094C04 EDI=00000018 EFLAG=00000206
010D38F5	ADD      EDI, EAX                                         EAX=00000200 ECX=00000200 EDX=00000400 EBX=EF6DD31A ESP=002DF540 EBP=01094B68 ESI=00000001 EDI=00000018 EFLAG=00000206
010D38F7	SUB      ESI, EDI                                         EAX=00000200 ECX=00000200 EDX=00000400 EBX=EF6DD31A ESP=002DF540 EBP=01094B68 ESI=00000001 EDI=00000218 EFLAG=00000206
010D38F9	MOV      ECX, EBP                                         EAX=00000200 ECX=00000200 EDX=00000400 EBX=EF6DD31A ESP=002DF540 EBP=01094B68 ESI=FFFFFDE9 EDI=00000218 EFLAG=00000293
010D38FB	SUB      EDI, ECX                                         EAX=00000200 ECX=01094B68 EDX=00000400 EBX=EF6DD31A ESP=002DF540 EBP=01094B68 ESI=FFFFFDE9 EDI=00000218 EFLAG=00000293
010D38FD	SUB      ESI, EDX                                         EAX=00000200 ECX=01094B68 EDX=00000400 EBX=EF6DD31A ESP=002DF540 EBP=01094B68 ESI=FFFFFDE9 EDI=FEF6B6B0 EFLAG=00000283
010D38FF	SUB      EDX, 0xffff                                      EAX=00000200 ECX=01094B68 EDX=00000400 EBX=EF6DD31A ESP=002DF540 EBP=01094B68 ESI=FFFFF9E9 EDI=FEF6B6B0 EFLAG=00000282
010D3905	ADD      ECX, 0x78                                        EAX=00000200 ECX=01094B68 EDX=FFFF0401 EBX=EF6DD31A ESP=002DF540 EBP=01094B68 ESI=FFFFF9E9 EDI=FEF6B6B0 EFLAG=00000293
010D390B	ADD      EDX, 0x80                                        EAX=00000200 ECX=01094BE0 EDX=FFFF0401 EBX=EF6DD31A ESP=002DF540 EBP=01094B68 ESI=FFFFF9E9 EDI=FEF6B6B0 EFLAG=00000212
010D3911	ADD      DWORD [ECX], 0x86e149e                           EAX=00000200 ECX=01094BE0 EDX=FFFF0481 EBX=EF6DD31A ESP=002DF540 EBP=01094B68 ESI=FFFFF9E9 EDI=FEF6B6B0 EFLAG=00000286
010D3917	MOV      EDI, EBP                                         EAX=00000200 ECX=01094BE0 EDX=FFFF0481 EBX=EF6DD31A ESP=002DF540 EBP=01094B68 ESI=FFFFF9E9 EDI=FEF6B6B0 EFLAG=00000216
010D3919	ADD      EDI, 0x3f                                        EAX=00000200 ECX=01094BE0 EDX=FFFF0481 EBX=EF6DD31A ESP=002DF540 EBP=01094B68 ESI=FFFFF9E9 EDI=01094B68 EFLAG=00000216
010D391F	ADD      EAX, 0x1c                                        EAX=00000200 ECX=01094BE0 EDX=FFFF0481 EBX=EF6DD31A ESP=002DF540 EBP=01094B68 ESI=FFFFF9E9 EDI=01094BA7 EFLAG=00000212
010D3924	ADD      [EDI], BX                                        EAX=0000021C ECX=01094BE0 EDX=FFFF0481 EBX=EF6DD31A ESP=002DF540 EBP=01094B68 ESI=FFFFF9E9 EDI=01094BA7 EFLAG=00000202
010D3927	MOV      EBX, 0x72a056a8                                  EAX=0000021C ECX=01094BE0 EDX=FFFF0481 EBX=EF6DD31A ESP=002DF540 EBP=01094B68 ESI=FFFFF9E9 EDI=01094BA7 EFLAG=00000293
010D392C	MOV      EDI, 0x72a056a8                                  EAX=0000021C ECX=01094BE0 EDX=FFFF0481 EBX=72A056A8 ESP=002DF540 EBP=01094B68 ESI=FFFFF9E9 EDI=01094BA7 EFLAG=00000293
010D3931	MOV      ESI, EBP                                         EAX=0000021C ECX=01094BE0 EDX=FFFF0481 EBX=72A056A8 ESP=002DF540 EBP=01094B68 ESI=FFFFF9E9 EDI=72A056A8 EFLAG=00000293
010D3933	ADD      ESI, 0x78                                        EAX=0000021C ECX=01094BE0 EDX=FFFF0481 EBX=72A056A8 ESP=002DF540 EBP=01094B68 ESI=01094B68 EDI=72A056A8 EFLAG=00000293
010D3939	MOV      EAX, EBP                                         EAX=0000021C ECX=01094BE0 EDX=FFFF0481 EBX=72A056A8 ESP=002DF540 EBP=01094B68 ESI=01094BE0 EDI=72A056A8 EFLAG=00000212
010D393B	ADD      EAX, 0x9c                                        EAX=01094B68 ECX=01094BE0 EDX=FFFF0481 EBX=72A056A8 ESP=002DF540 EBP=01094B68 ESI=01094BE0 EDI=72A056A8 EFLAG=00000212
010D3940	XOR      [ESI], EBX                                       EAX=01094C04 ECX=01094BE0 EDX=FFFF0481 EBX=72A056A8 ESP=002DF540 EBP=01094B68 ESI=01094BE0 EDI=72A056A8 EFLAG=00000212
010D3942	XOR      [EAX], EDI                                       EAX=01094C04 ECX=01094BE0 EDX=FFFF0481 EBX=72A056A8 ESP=002DF540 EBP=01094B68 ESI=01094BE0 EDI=72A056A8 EFLAG=00000202
010D3944	MOV      EDX, EBP                                         EAX=01094C04 ECX=01094BE0 EDX=FFFF0481 EBX=72A056A8 ESP=002DF540 EBP=01094B68 ESI=01094BE0 EDI=72A056A8 EFLAG=00000202
010D3946	ADD      EDX, 0x3b                                        EAX=01094C04 ECX=01094BE0 EDX=01094B68 EBX=72A056A8 ESP=002DF540 EBP=01094B68 ESI=01094BE0 EDI=72A056A8 EFLAG=00000202
010D394C	MOV      ESI, EBP                                         EAX=01094C04 ECX=01094BE0 EDX=01094BA3 EBX=72A056A8 ESP=002DF540 EBP=01094B68 ESI=01094BE0 EDI=72A056A8 EFLAG=00000216
010D394E	MOV      EDX, [EDX]                                       EAX=01094C04 ECX=01094BE0 EDX=01094BA3 EBX=72A056A8 ESP=002DF540 EBP=01094B68 ESI=01094B68 EDI=72A056A8 EFLAG=00000216
010D3950	ADD      EDX, 0x6                                         EAX=01094C04 ECX=01094BE0 EDX=0126EA37 EBX=72A056A8 ESP=002DF540 EBP=01094B68 ESI=01094B68 EDI=72A056A8 EFLAG=00000216
010D3956	MOVZX    EAX, WORD [EDX]                                  EAX=01094C04 ECX=01094BE0 EDX=0126EA3D EBX=72A056A8 ESP=002DF540 EBP=01094B68 ESI=01094B68 EDI=72A056A8 EFLAG=00000202
010D3959	ADD      EAX, EBP                                         EAX=00000025 ECX=01094BE0 EDX=0126EA3D EBX=72A056A8 ESP=002DF540 EBP=01094B68 ESI=01094B68 EDI=72A056A8 EFLAG=00000202
010D395B	ADD      ESI, 0x3b                                        EAX=01094B8D ECX=01094BE0 EDX=0126EA3D EBX=72A056A8 ESP=002DF540 EBP=01094B68 ESI=01094B68 EDI=72A056A8 EFLAG=00000206
010D3961	MOV      EAX, [EAX]                                       EAX=01094B8D ECX=01094BE0 EDX=0126EA3D EBX=72A056A8 ESP=002DF540 EBP=01094B68 ESI=01094BA3 EDI=72A056A8 EFLAG=00000216
010D3963	MOV      ESI, [ESI]                                       EAX=01364244 ECX=01094BE0 EDX=0126EA3D EBX=72A056A8 ESP=002DF540 EBP=01094B68 ESI=01094BA3 EDI=72A056A8 EFLAG=00000216
010D3965	XOR      EBX, EAX                                         EAX=01364244 ECX=01094BE0 EDX=0126EA3D EBX=72A056A8 ESP=002DF540 EBP=01094B68 ESI=0126EA37 EDI=72A056A8 EFLAG=00000216
010D3967	ADD      ESI, 0x4                                         EAX=01364244 ECX=01094BE0 EDX=0126EA3D EBX=739614EC ESP=002DF540 EBP=01094B68 ESI=0126EA37 EDI=72A056A8 EFLAG=00000202
010D396D	MOVZX    EDX, WORD [ESI]                                  EAX=01364244 ECX=01094BE0 EDX=0126EA3D EBX=739614EC ESP=002DF540 EBP=01094B68 ESI=0126EA3B EDI=72A056A8 EFLAG=00000202
010D3970	ADD      EDX, EBP                                         EAX=01364244 ECX=01094BE0 EDX=0000002B EBX=739614EC ESP=002DF540 EBP=01094B68 ESI=0126EA3B EDI=72A056A8 EFLAG=00000202
010D3972	MOV      EDX, [EDX]                                       EAX=01364244 ECX=01094BE0 EDX=01094B93 EBX=739614EC ESP=002DF540 EBP=01094B68 ESI=0126EA3B EDI=72A056A8 EFLAG=00000216
010D3974	XOR      ESI, EDX                                         EAX=01364244 ECX=01094BE0 EDX=006B0000 EBX=739614EC ESP=002DF540 EBP=01094B68 ESI=0126EA3B EDI=72A056A8 EFLAG=00000216
010D3976	MOV      ESI, 0x6a3b9dd4                                  EAX=01364244 ECX=01094BE0 EDX=006B0000 EBX=739614EC ESP=002DF540 EBP=01094B68 ESI=014DEA3B EDI=72A056A8 EFLAG=00000202
010D397B	MOV      EDX, EBP                                         EAX=01364244 ECX=01094BE0 EDX=006B0000 EBX=739614EC ESP=002DF540 EBP=01094B68 ESI=6A3B9DD4 EDI=72A056A8 EFLAG=00000202
010D397D	MOV      EDI, EBP                                         EAX=01364244 ECX=01094BE0 EDX=01094B68 EBX=739614EC ESP=002DF540 EBP=01094B68 ESI=6A3B9DD4 EDI=72A056A8 EFLAG=00000202
010D397F	ADD      EDI, 0x9c                                        EAX=01364244 ECX=01094BE0 EDX=01094B68 EBX=739614EC ESP=002DF540 EBP=01094B68 ESI=6A3B9DD4 EDI=01094B68 EFLAG=00000202
010D3985	ADD      EDX, 0x3f                                        EAX=01364244 ECX=01094BE0 EDX=01094B68 EBX=739614EC ESP=002DF540 EBP=01094B68 ESI=6A3B9DD4 EDI=01094C04 EFLAG=00000212
010D398B	MOVZX    EBX, WORD [EDX]                                  EAX=01364244 ECX=01094BE0 EDX=01094BA7 EBX=739614EC ESP=002DF540 EBP=01094B68 ESI=6A3B9DD4 EDI=01094C04 EFLAG=00000212
010D398E	AND      [EDI], ESI                                       EAX=01364244 ECX=01094BE0 EDX=01094BA7 EBX=0000C2C7 ESP=002DF540 EBP=01094B68 ESI=6A3B9DD4 EDI=01094C04 EFLAG=00000212
010D3990	SUB      BX, 0xc22f                                       EAX=01364244 ECX=01094BE0 EDX=01094BA7 EBX=0000C2C7 ESP=002DF540 EBP=01094B68 ESI=6A3B9DD4 EDI=01094C04 EFLAG=00000202
010D3995	ADD      EBX, EBP                                         EAX=01364244 ECX=01094BE0 EDX=01094BA7 EBX=00000098 ESP=002DF540 EBP=01094B68 ESI=6A3B9DD4 EDI=01094C04 EFLAG=00000212
010D3997	POP      DWORD [EBX]                                      EAX=01364244 ECX=01094BE0 EDX=01094BA7 EBX=01094C00 ESP=002DF540 EBP=01094B68 ESI=6A3B9DD4 EDI=01094C04 EFLAG=00000216
010D3999	MOV      EDI, EBX                                         EAX=01364244 ECX=01094BE0 EDX=01094BA7 EBX=01094C00 ESP=002DF544 EBP=01094B68 ESI=6A3B9DD4 EDI=01094C04 EFLAG=00000216
010D399B	MOV      EBX, 0x0                                         EAX=01364244 ECX=01094BE0 EDX=01094BA7 EBX=01094C00 ESP=002DF544 EBP=01094B68 ESI=6A3B9DD4 EDI=01094C00 EFLAG=00000216
010D39A0	MOV      ECX, EBP                                         EAX=01364244 ECX=01094BE0 EDX=01094BA7 EBX=00000000 ESP=002DF544 EBP=01094B68 ESI=6A3B9DD4 EDI=01094C00 EFLAG=00000216
010D39A2	ADD      ECX, 0x3b                                        EAX=01364244 ECX=01094B68 EDX=01094BA7 EBX=00000000 ESP=002DF544 EBP=01094B68 ESI=6A3B9DD4 EDI=01094C00 EFLAG=00000216
010D39A8	MOV      ECX, [ECX]                                       EAX=01364244 ECX=01094BA3 EDX=01094BA7 EBX=00000000 ESP=002DF544 EBP=01094B68 ESI=6A3B9DD4 EDI=01094C00 EFLAG=00000216
010D39AA	ADD      ECX, 0xe                                         EAX=01364244 ECX=0126EA37 EDX=01094BA7 EBX=00000000 ESP=002DF544 EBP=01094B68 ESI=6A3B9DD4 EDI=01094C00 EFLAG=00000216
010D39B0	MOV      BX, [ECX]                                        EAX=01364244 ECX=0126EA45 EDX=01094BA7 EBX=00000000 ESP=002DF544 EBP=01094B68 ESI=6A3B9DD4 EDI=01094C00 EFLAG=00000212
010D39B3	ADD      EBX, EBP                                         EAX=01364244 ECX=0126EA45 EDX=01094BA7 EBX=000000A7 ESP=002DF544 EBP=01094B68 ESI=6A3B9DD4 EDI=01094C00 EFLAG=00000212
010D39B5	CMP      EDI, EBX                                         EAX=01364244 ECX=0126EA45 EDX=01094BA7 EBX=01094C0F ESP=002DF544 EBP=01094B68 ESI=6A3B9DD4 EDI=01094C00 EFLAG=00000206
010D39B7	JZ       0x10d39c3                                        EAX=01364244 ECX=0126EA45 EDX=01094BA7 EBX=01094C0F ESP=002DF544 EBP=01094B68 ESI=6A3B9DD4 EDI=01094C00 EFLAG=00000293
010D39BD	ADD      DWORD [EBX], 0x4                                 EAX=01364244 ECX=0126EA45 EDX=01094BA7 EBX=01094C0F ESP=002DF544 EBP=01094B68 ESI=6A3B9DD4 EDI=01094C00 EFLAG=00000293
010D39C3	MOV      EBX, EBP                                         EAX=01364244 ECX=0126EA45 EDX=01094BA7 EBX=01094C0F ESP=002DF544 EBP=01094B68 ESI=6A3B9DD4 EDI=01094C00 EFLAG=00000206
010D39C5	ADD      EBX, 0x9c                                        EAX=01364244 ECX=0126EA45 EDX=01094BA7 EBX=01094B68 ESP=002DF544 EBP=01094B68 ESI=6A3B9DD4 EDI=01094C00 EFLAG=00000206
010D39CB	MOV      ECX, EBX                                         EAX=01364244 ECX=0126EA45 EDX=01094BA7 EBX=01094C04 ESP=002DF544 EBP=01094B68 ESI=6A3B9DD4 EDI=01094C00 EFLAG=00000212
010D39CD	MOV      EDI, EBP                                         EAX=01364244 ECX=01094C04 EDX=01094BA7 EBX=01094C04 ESP=002DF544 EBP=01094B68 ESI=6A3B9DD4 EDI=01094C00 EFLAG=00000212
010D39CF	ADD      EDI, 0xc                                         EAX=01364244 ECX=01094C04 EDX=01094BA7 EBX=01094C04 ESP=002DF544 EBP=01094B68 ESI=6A3B9DD4 EDI=01094B68 EFLAG=00000212
010D39D5	OR       EDX, [EDI]                                       EAX=01364244 ECX=01094C04 EDX=01094BA7 EBX=01094C04 ESP=002DF544 EBP=01094B68 ESI=6A3B9DD4 EDI=01094B74 EFLAG=00000216
010D39D7	CMP      [ECX], EDX                                       EAX=01364244 ECX=01094C04 EDX=599BCFBF EBX=01094C04 ESP=002DF544 EBP=01094B68 ESI=6A3B9DD4 EDI=01094B74 EFLAG=00000202
010D39D9	XOR      ESI, 0x28                                        EAX=01364244 ECX=01094C04 EDX=599BCFBF EBX=01094C04 ESP=002DF544 EBP=01094B68 ESI=6A3B9DD4 EDI=01094B74 EFLAG=00000212
010D39DF	AND      ESI, 0x80000000                                  EAX=01364244 ECX=01094C04 EDX=599BCFBF EBX=01094C04 ESP=002DF544 EBP=01094B68 ESI=6A3B9DFC EDI=01094B74 EFLAG=00000206
010D39E5	SUB      ESI, 0x800                                       EAX=01364244 ECX=01094C04 EDX=599BCFBF EBX=01094C04 ESP=002DF544 EBP=01094B68 ESI=00000000 EDI=01094B74 EFLAG=00000246
010D39EB	MOV      EDI, EBP                                         EAX=01364244 ECX=01094C04 EDX=599BCFBF EBX=01094C04 ESP=002DF544 EBP=01094B68 ESI=FFFFF800 EDI=01094B74 EFLAG=00000287
010D39ED	MOV      EDX, 0x1                                         EAX=01364244 ECX=01094C04 EDX=599BCFBF EBX=01094C04 ESP=002DF544 EBP=01094B68 ESI=FFFFF800 EDI=01094B68 EFLAG=00000287
010D39F2	OR       EDX, EAX                                         EAX=01364244 ECX=01094C04 EDX=00000001 EBX=01094C04 ESP=002DF544 EBP=01094B68 ESI=FFFFF800 EDI=01094B68 EFLAG=00000287
010D39F4	AND      ESI, EDX                                         EAX=01364244 ECX=01094C04 EDX=01364245 EBX=01094C04 ESP=002DF544 EBP=01094B68 ESI=FFFFF800 EDI=01094B68 EFLAG=00000202
010D39F6	ADD      ESI, 0xffff                                      EAX=01364244 ECX=01094C04 EDX=01364245 EBX=01094C04 ESP=002DF544 EBP=01094B68 ESI=01364000 EDI=01094B68 EFLAG=00000206
010D39FC	ADD      EDI, 0x10                                        EAX=01364244 ECX=01094C04 EDX=01364245 EBX=01094C04 ESP=002DF544 EBP=01094B68 ESI=01373FFF EDI=01094B68 EFLAG=00000206
010D3A02	OR       EDX, 0x800                                       EAX=01364244 ECX=01094C04 EDX=01364245 EBX=01094C04 ESP=002DF544 EBP=01094B68 ESI=01373FFF EDI=01094B78 EFLAG=00000206
010D3A08	MOV      EDI, [EDI]                                       EAX=01364244 ECX=01094C04 EDX=01364A45 EBX=01094C04 ESP=002DF544 EBP=01094B68 ESI=01373FFF EDI=01094B78 EFLAG=00000202
010D3A0A	MOV      EBX, EAX                                         EAX=01364244 ECX=01094C04 EDX=01364A45 EBX=01094C04 ESP=002DF544 EBP=01094B68 ESI=01373FFF EDI=0123682D EFLAG=00000202
010D3A0C	MOV      ECX, EDX                                         EAX=01364244 ECX=01094C04 EDX=01364A45 EBX=01364244 ESP=002DF544 EBP=01094B68 ESI=01373FFF EDI=0123682D EFLAG=00000202
010D3A0E	ADD      EDX, 0x80                                        EAX=01364244 ECX=01364A45 EDX=01364A45 EBX=01364244 ESP=002DF544 EBP=01094B68 ESI=01373FFF EDI=0123682D EFLAG=00000202
010D3A14	MOV      EBX, EBP                                         EAX=01364244 ECX=01364A45 EDX=01364AC5 EBX=01364244 ESP=002DF544 EBP=01094B68 ESI=01373FFF EDI=0123682D EFLAG=00000206
010D3A16	SUB      ECX, 0x7fffffff                                  EAX=01364244 ECX=01364A45 EDX=01364AC5 EBX=01094B68 ESP=002DF544 EBP=01094B68 ESI=01373FFF EDI=0123682D EFLAG=00000206
010D3A1C	ADD      ESI, EAX                                         EAX=01364244 ECX=81364A46 EDX=01364AC5 EBX=01094B68 ESP=002DF544 EBP=01094B68 ESI=01373FFF EDI=0123682D EFLAG=00000293
010D3A1E	ADD      EBX, 0x3b                                        EAX=01364244 ECX=81364A46 EDX=01364AC5 EBX=01094B68 ESP=002DF544 EBP=01094B68 ESI=026D8243 EDI=0123682D EFLAG=00000212
010D3A24	ADD      EDX, EBX                                         EAX=01364244 ECX=81364A46 EDX=01364AC5 EBX=01094BA3 ESP=002DF544 EBP=01094B68 ESI=026D8243 EDI=0123682D EFLAG=00000216
010D3A26	MOV      EBX, [EBX]                                       EAX=01364244 ECX=81364A46 EDX=023F9668 EBX=01094BA3 ESP=002DF544 EBP=01094B68 ESI=026D8243 EDI=0123682D EFLAG=00000202
010D3A28	AND      EDX, ECX                                         EAX=01364244 ECX=81364A46 EDX=023F9668 EBX=0126EA37 ESP=002DF544 EBP=01094B68 ESI=026D8243 EDI=0123682D EFLAG=00000202
010D3A2A	AND      ECX, ECX                                         EAX=01364244 ECX=81364A46 EDX=00360240 EBX=0126EA37 ESP=002DF544 EBP=01094B68 ESI=026D8243 EDI=0123682D EFLAG=00000202
010D3A2C	XOR      ESI, ECX                                         EAX=01364244 ECX=81364A46 EDX=00360240 EBX=0126EA37 ESP=002DF544 EBP=01094B68 ESI=026D8243 EDI=0123682D EFLAG=00000282
010D3A2E	ADD      EBX, 0x8                                         EAX=01364244 ECX=81364A46 EDX=00360240 EBX=0126EA37 ESP=002DF544 EBP=01094B68 ESI=835BC805 EDI=0123682D EFLAG=00000286
010D3A34	SUB      EDX, EDX                                         EAX=01364244 ECX=81364A46 EDX=00360240 EBX=0126EA3F ESP=002DF544 EBP=01094B68 ESI=835BC805 EDI=0123682D EFLAG=00000206
010D3A36	MOVZX    EBX, WORD [EBX]                                  EAX=01364244 ECX=81364A46 EDX=00000000 EBX=0126EA3F ESP=002DF544 EBP=01094B68 ESI=835BC805 EDI=0123682D EFLAG=00000246
010D3A39	AND      ECX, 0x80000000                                  EAX=01364244 ECX=81364A46 EDX=00000000 EBX=00006585 ESP=002DF544 EBP=01094B68 ESI=835BC805 EDI=0123682D EFLAG=00000246
010D3A3F	ADD      EDX, 0x1                                         EAX=01364244 ECX=80000000 EDX=00000000 EBX=00006585 ESP=002DF544 EBP=01094B68 ESI=835BC805 EDI=0123682D EFLAG=00000286
010D3A45	XOR      EDX, 0x80                                        EAX=01364244 ECX=80000000 EDX=00000001 EBX=00006585 ESP=002DF544 EBP=01094B68 ESI=835BC805 EDI=0123682D EFLAG=00000202
010D3A4B	MOV      EAX, EBP                                         EAX=01364244 ECX=80000000 EDX=00000081 EBX=00006585 ESP=002DF544 EBP=01094B68 ESI=835BC805 EDI=0123682D EFLAG=00000206
010D3A4D	XOR      ECX, 0x28                                        EAX=01094B68 ECX=80000000 EDX=00000081 EBX=00006585 ESP=002DF544 EBP=01094B68 ESI=835BC805 EDI=0123682D EFLAG=00000206
010D3A53	MOV      EDX, EDI                                         EAX=01094B68 ECX=80000028 EDX=00000081 EBX=00006585 ESP=002DF544 EBP=01094B68 ESI=835BC805 EDI=0123682D EFLAG=00000286
010D3A55	SUB      ECX, 0x7fffffff                                  EAX=01094B68 ECX=80000028 EDX=0123682D EBX=00006585 ESP=002DF544 EBP=01094B68 ESI=835BC805 EDI=0123682D EFLAG=00000286
010D3A5B	ADD      EAX, 0x9c                                        EAX=01094B68 ECX=00000029 EDX=0123682D EBX=00006585 ESP=002DF544 EBP=01094B68 ESI=835BC805 EDI=0123682D EFLAG=00000A12
010D3A60	MOV      EAX, 0x20                                        EAX=01094C04 ECX=00000029 EDX=0123682D EBX=00006585 ESP=002DF544 EBP=01094B68 ESI=835BC805 EDI=0123682D EFLAG=00000212
010D3A6A	SUB      EBX, 0x746d613b                                  EAX=00000020 ECX=00000029 EDX=0123682D EBX=00006585 ESP=002DF544 EBP=01094B68 ESI=835BC805 EDI=0123682D EFLAG=00000212
010D3A70	OR       ESI, 0x80000000                                  EAX=00000020 ECX=00000029 EDX=0123682D EBX=8B93044A ESP=002DF544 EBP=01094B68 ESI=835BC805 EDI=0123682D EFLAG=00000293
010D3A76	AND      ESI, 0x7fffffff                                  EAX=00000020 ECX=00000029 EDX=0123682D EBX=8B93044A ESP=002DF544 EBP=01094B68 ESI=835BC805 EDI=0123682D EFLAG=00000286
010D3A7C	ADD      ECX, 0x80                                        EAX=00000020 ECX=00000029 EDX=0123682D EBX=8B93044A ESP=002DF544 EBP=01094B68 ESI=035BC805 EDI=0123682D EFLAG=00000206
010D3A82	MOV      ECX, EBP                                         EAX=00000020 ECX=000000A9 EDX=0123682D EBX=8B93044A ESP=002DF544 EBP=01094B68 ESI=035BC805 EDI=0123682D EFLAG=00000206
010D3A84	ADD      EAX, EAX                                         EAX=00000020 ECX=01094B68 EDX=0123682D EBX=8B93044A ESP=002DF544 EBP=01094B68 ESI=035BC805 EDI=0123682D EFLAG=00000206
010D3A86	OR       ESI, 0x400                                       EAX=00000040 ECX=01094B68 EDX=0123682D EBX=8B93044A ESP=002DF544 EBP=01094B68 ESI=035BC805 EDI=0123682D EFLAG=00000202
010D3A8C	AND      ESI, 0x28                                        EAX=00000040 ECX=01094B68 EDX=0123682D EBX=8B93044A ESP=002DF544 EBP=01094B68 ESI=035BCC05 EDI=0123682D EFLAG=00000206
010D3A92	SUB      EAX, 0x80000000                                  EAX=00000040 ECX=01094B68 EDX=0123682D EBX=8B93044A ESP=002DF544 EBP=01094B68 ESI=00000000 EDI=0123682D EFLAG=00000246
010D3A97	OR       ESI, 0x1                                         EAX=80000040 ECX=01094B68 EDX=0123682D EBX=8B93044A ESP=002DF544 EBP=01094B68 ESI=00000000 EDI=0123682D EFLAG=00000A83
010D3A9D	ADD      ECX, 0x9c                                        EAX=80000040 ECX=01094B68 EDX=0123682D EBX=8B93044A ESP=002DF544 EBP=01094B68 ESI=00000001 EDI=0123682D EFLAG=00000202
010D3AA3	SUB      ESI, 0x80                                        EAX=80000040 ECX=01094C04 EDX=0123682D EBX=8B93044A ESP=002DF544 EBP=01094B68 ESI=00000001 EDI=0123682D EFLAG=00000212
010D3AA9	MOV      EAX, 0xa                                         EAX=80000040 ECX=01094C04 EDX=0123682D EBX=8B93044A ESP=002DF544 EBP=01094B68 ESI=FFFFFF81 EDI=0123682D EFLAG=00000287
010D3AAE	ADD      ESI, 0x7fffffff                                  EAX=0000000A ECX=01094C04 EDX=0123682D EBX=8B93044A ESP=002DF544 EBP=01094B68 ESI=FFFFFF81 EDI=0123682D EFLAG=00000287
010D3AB4	AND      EDX, ESI                                         EAX=0000000A ECX=01094C04 EDX=0123682D EBX=8B93044A ESP=002DF544 EBP=01094B68 ESI=7FFFFF80 EDI=0123682D EFLAG=00000213
010D3AB6	SUB      ESI, 0x28                                        EAX=0000000A ECX=01094C04 EDX=01236800 EBX=8B93044A ESP=002DF544 EBP=01094B68 ESI=7FFFFF80 EDI=0123682D EFLAG=00000206
010D3ABC	AND      [ECX], EBX                                       EAX=0000000A ECX=01094C04 EDX=01236800 EBX=8B93044A ESP=002DF544 EBP=01094B68 ESI=7FFFFF58 EDI=0123682D EFLAG=00000212
010D3ABE	SUB      EAX, 0x80                                        EAX=0000000A ECX=01094C04 EDX=01236800 EBX=8B93044A ESP=002DF544 EBP=01094B68 ESI=7FFFFF58 EDI=0123682D EFLAG=00000206
010D3AC3	AND      EBX, 0xffff                                      EAX=FFFFFF8A ECX=01094C04 EDX=01236800 EBX=8B93044A ESP=002DF544 EBP=01094B68 ESI=7FFFFF58 EDI=0123682D EFLAG=00000283
010D3AC9	AND      EAX, 0x80000000                                  EAX=FFFFFF8A ECX=01094C04 EDX=01236800 EBX=0000044A ESP=002DF544 EBP=01094B68 ESI=7FFFFF58 EDI=0123682D EFLAG=00000202
010D3ACE	ADD      EDX, ECX                                         EAX=80000000 ECX=01094C04 EDX=01236800 EBX=0000044A ESP=002DF544 EBP=01094B68 ESI=7FFFFF58 EDI=0123682D EFLAG=00000286
010D3AD0	SHL      EBX, 0x2                                         EAX=80000000 ECX=01094C04 EDX=022CB404 EBX=0000044A ESP=002DF544 EBP=01094B68 ESI=7FFFFF58 EDI=0123682D EFLAG=00000202
010D3AD3	XOR      EDX, 0x1                                         EAX=80000000 ECX=01094C04 EDX=022CB404 EBX=00001128 ESP=002DF544 EBP=01094B68 ESI=7FFFFF58 EDI=0123682D EFLAG=00000206
010D3AD9	SUB      EDX, 0x80000000                                  EAX=80000000 ECX=01094C04 EDX=022CB405 EBX=00001128 ESP=002DF544 EBP=01094B68 ESI=7FFFFF58 EDI=0123682D EFLAG=00000206
010D3ADF	MOV      ESI, 0x1                                         EAX=80000000 ECX=01094C04 EDX=822CB405 EBX=00001128 ESP=002DF544 EBP=01094B68 ESI=7FFFFF58 EDI=0123682D EFLAG=00000A87
010D3AE4	MOV      EAX, 0xa                                         EAX=80000000 ECX=01094C04 EDX=822CB405 EBX=00001128 ESP=002DF544 EBP=01094B68 ESI=00000001 EDI=0123682D EFLAG=00000A87
010D3AE9	ADD      EDX, 0x1f                                        EAX=0000000A ECX=01094C04 EDX=822CB405 EBX=00001128 ESP=002DF544 EBP=01094B68 ESI=00000001 EDI=0123682D EFLAG=00000A87
010D3AEF	MOV      EDX, ECX                                         EAX=0000000A ECX=01094C04 EDX=822CB424 EBX=00001128 ESP=002DF544 EBP=01094B68 ESI=00000001 EDI=0123682D EFLAG=00000296
010D3AF1	ADD      EDI, EBX                                         EAX=0000000A ECX=01094C04 EDX=01094C04 EBX=00001128 ESP=002DF544 EBP=01094B68 ESI=00000001 EDI=0123682D EFLAG=00000296
010D3AF3	MOV      EAX, [EDI]                                       EAX=0000000A ECX=01094C04 EDX=01094C04 EBX=00001128 ESP=002DF544 EBP=01094B68 ESI=00000001 EDI=01237955 EFLAG=00000216
010D3AF5	XOR      EDX, ESI                                         EAX=011CE0A3 ECX=01094C04 EDX=01094C04 EBX=00001128 ESP=002DF544 EBP=01094B68 ESI=00000001 EDI=01237955 EFLAG=00000216
010D3AFC	MOV      ESI, EBP                                         EAX=011CE0A3 ECX=01094C04 EDX=01094C05 EBX=00001128 ESP=002DF544 EBP=01094B68 ESI=00000001 EDI=01237955 EFLAG=00000206
010D3AFE	SUB      EDX, 0x400                                       EAX=011CE0A3 ECX=01094C04 EDX=01094C05 EBX=00001128 ESP=002DF544 EBP=01094B68 ESI=01094B68 EDI=01237955 EFLAG=00000206
010D3B04	MOV      EDI, 0x7fffffff                                  EAX=011CE0A3 ECX=01094C04 EDX=01094805 EBX=00001128 ESP=002DF544 EBP=01094B68 ESI=01094B68 EDI=01237955 EFLAG=00000206
010D3B0F	ADD      ESI, 0x3b                                        EAX=011CE0A3 ECX=01094C04 EDX=01094805 EBX=00001128 ESP=002DF544 EBP=01094B68 ESI=01094B68 EDI=7FFFFFFF EFLAG=00000206
010D3B15	ADD      DWORD [ESI], 0x16                                EAX=011CE0A3 ECX=01094C04 EDX=01094805 EBX=00001128 ESP=002DF544 EBP=01094B68 ESI=01094BA3 EDI=7FFFFFFF EFLAG=00000216
010D3B1B	JMP      EAX                                              EAX=011CE0A3 ECX=01094C04 EDX=01094805 EBX=00001128 ESP=002DF544 EBP=01094B68 ESI=01094BA3 EDI=7FFFFFFF EFLAG=00000206
011CE0A3	MOV      ESI, EBP                                         EAX=011CE0A3 ECX=01094C04 EDX=01094805 EBX=00001128 ESP=002DF544 EBP=01094B68 ESI=01094BA3 EDI=7FFFFFFF EFLAG=00000206
011CE0A5	ADD      ESI, 0x54                                        EAX=011CE0A3 ECX=01094C04 EDX=01094805 EBX=00001128 ESP=002DF544 EBP=01094B68 ESI=01094B68 EDI=7FFFFFFF EFLAG=00000206
011CE0AB	MOV      ESI, 0x0                                         EAX=011CE0A3 ECX=01094C04 EDX=01094805 EBX=00001128 ESP=002DF544 EBP=01094B68 ESI=01094BBC EDI=7FFFFFFF EFLAG=00000202
011CE0B0	MOV      EDI, EBP                                         EAX=011CE0A3 ECX=01094C04 EDX=01094805 EBX=00001128 ESP=002DF544 EBP=01094B68 ESI=00000000 EDI=7FFFFFFF EFLAG=00000202
011CE0B2	ADD      EDI, 0x3b                                        EAX=011CE0A3 ECX=01094C04 EDX=01094805 EBX=00001128 ESP=002DF544 EBP=01094B68 ESI=00000000 EDI=01094B68 EFLAG=00000202
011CE0B8	MOV      EDI, [EDI]                                       EAX=011CE0A3 ECX=01094C04 EDX=01094805 EBX=00001128 ESP=002DF544 EBP=01094B68 ESI=00000000 EDI=01094BA3 EFLAG=00000216
011CE0BA	ADD      EDI, 0x14                                        EAX=011CE0A3 ECX=01094C04 EDX=01094805 EBX=00001128 ESP=002DF544 EBP=01094B68 ESI=00000000 EDI=0126EA4D EFLAG=00000216
011CE0C0	MOV      SI, [EDI]                                        EAX=011CE0A3 ECX=01094C04 EDX=01094805 EBX=00001128 ESP=002DF544 EBP=01094B68 ESI=00000000 EDI=0126EA61 EFLAG=00000212
011CE0C3	ADD      ESI, EBP                                         EAX=011CE0A3 ECX=01094C04 EDX=01094805 EBX=00001128 ESP=002DF544 EBP=01094B68 ESI=00000018 EDI=0126EA61 EFLAG=00000212
011CE0C5	MOV      EAX, 0x0                                         EAX=011CE0A3 ECX=01094C04 EDX=01094805 EBX=00001128 ESP=002DF544 EBP=01094B68 ESI=01094B80 EDI=0126EA61 EFLAG=00000212
011CE0CA	MOV      EDX, EBP                                         EAX=00000000 ECX=01094C04 EDX=01094805 EBX=00001128 ESP=002DF544 EBP=01094B68 ESI=01094B80 EDI=0126EA61 EFLAG=00000212
011CE0CC	ADD      EDX, 0x3b                                        EAX=00000000 ECX=01094C04 EDX=01094B68 EBX=00001128 ESP=002DF544 EBP=01094B68 ESI=01094B80 EDI=0126EA61 EFLAG=00000212
011CE0D2	MOV      EDX, [EDX]                                       EAX=00000000 ECX=01094C04 EDX=01094BA3 EBX=00001128 ESP=002DF544 EBP=01094B68 ESI=01094B80 EDI=0126EA61 EFLAG=00000216
011CE0D4	ADD      EDX, 0xa                                         EAX=00000000 ECX=01094C04 EDX=0126EA4D EBX=00001128 ESP=002DF544 EBP=01094B68 ESI=01094B80 EDI=0126EA61 EFLAG=00000216
011CE0DA	MOV      AX, [EDX]                                        EAX=00000000 ECX=01094C04 EDX=0126EA57 EBX=00001128 ESP=002DF544 EBP=01094B68 ESI=01094B80 EDI=0126EA61 EFLAG=00000212
011CE0DD	ADD      EAX, EBP                                         EAX=00000098 ECX=01094C04 EDX=0126EA57 EBX=00001128 ESP=002DF544 EBP=01094B68 ESI=01094B80 EDI=0126EA61 EFLAG=00000212
011CE0DF	PUSH     DWORD [ESI]                                      EAX=01094C00 ECX=01094C04 EDX=0126EA57 EBX=00001128 ESP=002DF544 EBP=01094B68 ESI=01094B80 EDI=0126EA61 EFLAG=00000216
011CE0E1	PUSH     DWORD [EAX]                                      EAX=01094C00 ECX=01094C04 EDX=0126EA57 EBX=00001128 ESP=002DF540 EBP=01094B68 ESI=01094B80 EDI=0126EA61 EFLAG=00000216
011CE0E3	POP      DWORD [ESI]                                      EAX=01094C00 ECX=01094C04 EDX=0126EA57 EBX=00001128 ESP=002DF53C EBP=01094B68 ESI=01094B80 EDI=0126EA61 EFLAG=00000216
011CE0E5	POP      DWORD [EAX]                                      EAX=01094C00 ECX=01094C04 EDX=0126EA57 EBX=00001128 ESP=002DF540 EBP=01094B68 ESI=01094B80 EDI=0126EA61 EFLAG=00000216
011CE0E7	MOV      ECX, EBP                                         EAX=01094C00 ECX=01094C04 EDX=0126EA57 EBX=00001128 ESP=002DF544 EBP=01094B68 ESI=01094B80 EDI=0126EA61 EFLAG=00000216
011CE0E9	ADD      ECX, 0x78                                        EAX=01094C00 ECX=01094B68 EDX=0126EA57 EBX=00001128 ESP=002DF544 EBP=01094B68 ESI=01094B80 EDI=0126EA61 EFLAG=00000216
011CE0EF	MOV      EDI, 0x0                                         EAX=01094C00 ECX=01094BE0 EDX=0126EA57 EBX=00001128 ESP=002DF544 EBP=01094B68 ESI=01094B80 EDI=0126EA61 EFLAG=00000212
011CE0F4	MOV      EAX, EBP                                         EAX=01094C00 ECX=01094BE0 EDX=0126EA57 EBX=00001128 ESP=002DF544 EBP=01094B68 ESI=01094B80 EDI=00000000 EFLAG=00000212
011CE0F6	ADD      EAX, 0x3b                                        EAX=01094B68 ECX=01094BE0 EDX=0126EA57 EBX=00001128 ESP=002DF544 EBP=01094B68 ESI=01094B80 EDI=00000000 EFLAG=00000212
011CE0FB	MOV      EDX, [ECX]                                       EAX=01094BA3 ECX=01094BE0 EDX=0126EA57 EBX=00001128 ESP=002DF544 EBP=01094B68 ESI=01094B80 EDI=00000000 EFLAG=00000216
011CE0FD	MOV      ESI, EBP                                         EAX=01094BA3 ECX=01094BE0 EDX=488AEBA2 EBX=00001128 ESP=002DF544 EBP=01094B68 ESI=01094B80 EDI=00000000 EFLAG=00000216
011CE0FF	MOV      EAX, [EAX]                                       EAX=01094BA3 ECX=01094BE0 EDX=488AEBA2 EBX=00001128 ESP=002DF544 EBP=01094B68 ESI=01094B68 EDI=00000000 EFLAG=00000216
011CE101	ADD      ESI, 0xc                                         EAX=0126EA4D ECX=01094BE0 EDX=488AEBA2 EBX=00001128 ESP=002DF544 EBP=01094B68 ESI=01094B68 EDI=00000000 EFLAG=00000216
011CE107	ADD      [ESI], EDX                                       EAX=0126EA4D ECX=01094BE0 EDX=488AEBA2 EBX=00001128 ESP=002DF544 EBP=01094B68 ESI=01094B74 EDI=00000000 EFLAG=00000216
011CE109	MOV      EDX, EBP                                         EAX=0126EA4D ECX=01094BE0 EDX=488AEBA2 EBX=00001128 ESP=002DF544 EBP=01094B68 ESI=01094B74 EDI=00000000 EFLAG=00000A86
011CE10B	ADD      EDX, 0xc                                         EAX=0126EA4D ECX=01094BE0 EDX=01094B68 EBX=00001128 ESP=002DF544 EBP=01094B68 ESI=01094B74 EDI=00000000 EFLAG=00000A86
011CE111	OR       DWORD [EDX], 0x3634206f                          EAX=0126EA4D ECX=01094BE0 EDX=01094B74 EBX=00001128 ESP=002DF544 EBP=01094B68 ESI=01094B74 EDI=00000000 EFLAG=00000216
011CE117	ADD      EAX, 0x4                                         EAX=0126EA4D ECX=01094BE0 EDX=01094B74 EBX=00001128 ESP=002DF544 EBP=01094B68 ESI=01094B74 EDI=00000000 EFLAG=00000286
011CE11C	MOV      DI, [EAX]                                        EAX=0126EA51 ECX=01094BE0 EDX=01094B74 EBX=00001128 ESP=002DF544 EBP=01094B68 ESI=01094B74 EDI=00000000 EFLAG=00000212
011CE11F	ADD      EDI, EBP                                         EAX=0126EA51 ECX=01094BE0 EDX=01094B74 EBX=00001128 ESP=002DF544 EBP=01094B68 ESI=01094B74 EDI=00000047 EFLAG=00000212
011CE121	MOV      EAX, 0x0                                         EAX=0126EA51 ECX=01094BE0 EDX=01094B74 EBX=00001128 ESP=002DF544 EBP=01094B68 ESI=01094B74 EDI=01094BAF EFLAG=00000206
011CE126	MOV      ECX, EBP                                         EAX=00000000 ECX=01094BE0 EDX=01094B74 EBX=00001128 ESP=002DF544 EBP=01094B68 ESI=01094B74 EDI=01094BAF EFLAG=00000206
011CE128	ADD      ECX, 0x3b                                        EAX=00000000 ECX=01094B68 EDX=01094B74 EBX=00001128 ESP=002DF544 EBP=01094B68 ESI=01094B74 EDI=01094BAF EFLAG=00000206
011CE12E	MOV      ECX, [ECX]                                       EAX=00000000 ECX=01094BA3 EDX=01094B74 EBX=00001128 ESP=002DF544 EBP=01094B68 ESI=01094B74 EDI=01094BAF EFLAG=00000216
011CE130	ADD      ECX, 0xc                                         EAX=00000000 ECX=0126EA4D EDX=01094B74 EBX=00001128 ESP=002DF544 EBP=01094B68 ESI=01094B74 EDI=01094BAF EFLAG=00000216
011CE136	MOV      AX, [ECX]                                        EAX=00000000 ECX=0126EA59 EDX=01094B74 EBX=00001128 ESP=002DF544 EBP=01094B68 ESI=01094B74 EDI=01094BAF EFLAG=00000216
011CE139	ADD      EAX, EBP                                         EAX=00000018 ECX=0126EA59 EDX=01094B74 EBX=00001128 ESP=002DF544 EBP=01094B68 ESI=01094B74 EDI=01094BAF EFLAG=00000216
011CE13B	PUSH     DWORD [EDI]                                      EAX=01094B80 ECX=0126EA59 EDX=01094B74 EBX=00001128 ESP=002DF544 EBP=01094B68 ESI=01094B74 EDI=01094BAF EFLAG=00000212
011CE13D	PUSH     DWORD [EAX]                                      EAX=01094B80 ECX=0126EA59 EDX=01094B74 EBX=00001128 ESP=002DF540 EBP=01094B68 ESI=01094B74 EDI=01094BAF EFLAG=00000212
011CE13F	POP      DWORD [EDI]                                      EAX=01094B80 ECX=0126EA59 EDX=01094B74 EBX=00001128 ESP=002DF53C EBP=01094B68 ESI=01094B74 EDI=01094BAF EFLAG=00000212
011CE141	POP      DWORD [EAX]                                      EAX=01094B80 ECX=0126EA59 EDX=01094B74 EBX=00001128 ESP=002DF540 EBP=01094B68 ESI=01094B74 EDI=01094BAF EFLAG=00000212
011CE143	MOV      EDI, 0x7f2aed76                                  EAX=01094B80 ECX=0126EA59 EDX=01094B74 EBX=00001128 ESP=002DF544 EBP=01094B68 ESI=01094B74 EDI=01094BAF EFLAG=00000212
011CE148	MOV      ECX, EBP                                         EAX=01094B80 ECX=0126EA59 EDX=01094B74 EBX=00001128 ESP=002DF544 EBP=01094B68 ESI=01094B74 EDI=7F2AED76 EFLAG=00000212
011CE14A	ADD      ECX, 0x9c                                        EAX=01094B80 ECX=01094B68 EDX=01094B74 EBX=00001128 ESP=002DF544 EBP=01094B68 ESI=01094B74 EDI=7F2AED76 EFLAG=00000212
011CE150	MOV      EBX, EBP                                         EAX=01094B80 ECX=01094C04 EDX=01094B74 EBX=00001128 ESP=002DF544 EBP=01094B68 ESI=01094B74 EDI=7F2AED76 EFLAG=00000212
011CE152	ADD      EBX, 0x78                                        EAX=01094B80 ECX=01094C04 EDX=01094B74 EBX=01094B68 ESP=002DF544 EBP=01094B68 ESI=01094B74 EDI=7F2AED76 EFLAG=00000212
011CE158	MOV      EDX, [EBX]                                       EAX=01094B80 ECX=01094C04 EDX=01094B74 EBX=01094BE0 ESP=002DF544 EBP=01094B68 ESI=01094B74 EDI=7F2AED76 EFLAG=00000212
011CE15A	MOV      EAX, EBP                                         EAX=01094B80 ECX=01094C04 EDX=488AEBA2 EBX=01094BE0 ESP=002DF544 EBP=01094B68 ESI=01094B74 EDI=7F2AED76 EFLAG=00000212
011CE15C	XOR      [ECX], EDI                                       EAX=01094B68 ECX=01094C04 EDX=488AEBA2 EBX=01094BE0 ESP=002DF544 EBP=01094B68 ESI=01094B74 EDI=7F2AED76 EFLAG=00000212
011CE15E	ADD      EAX, 0xc                                         EAX=01094B68 ECX=01094C04 EDX=488AEBA2 EBX=01094BE0 ESP=002DF544 EBP=01094B68 ESI=01094B74 EDI=7F2AED76 EFLAG=00000202
011CE163	SUB      [EAX], EDX                                       EAX=01094B74 ECX=01094C04 EDX=488AEBA2 EBX=01094BE0 ESP=002DF544 EBP=01094B68 ESI=01094B74 EDI=7F2AED76 EFLAG=00000216
011CE165	MOV      ESI, EBP                                         EAX=01094B74 ECX=01094C04 EDX=488AEBA2 EBX=01094BE0 ESP=002DF544 EBP=01094B68 ESI=01094B74 EDI=7F2AED76 EFLAG=00000A02
011CE167	ADD      ESI, 0xc                                         EAX=01094B74 ECX=01094C04 EDX=488AEBA2 EBX=01094BE0 ESP=002DF544 EBP=01094B68 ESI=01094B68 EDI=7F2AED76 EFLAG=00000A02
011CE16D	XOR      DWORD [ESI], 0x7f2aed76                          EAX=01094B74 ECX=01094C04 EDX=488AEBA2 EBX=01094BE0 ESP=002DF544 EBP=01094B68 ESI=01094B74 EDI=7F2AED76 EFLAG=00000216
011CE173	MOV      ECX, 0x5fe7b55d                                  EAX=01094B74 ECX=01094C04 EDX=488AEBA2 EBX=01094BE0 ESP=002DF544 EBP=01094B68 ESI=01094B74 EDI=7F2AED76 EFLAG=00000206
011CE178	MOV      EAX, EBP                                         EAX=01094B74 ECX=5FE7B55D EDX=488AEBA2 EBX=01094BE0 ESP=002DF544 EBP=01094B68 ESI=01094B74 EDI=7F2AED76 EFLAG=00000206
011CE17A	ADD      EAX, 0x78                                        EAX=01094B68 ECX=5FE7B55D EDX=488AEBA2 EBX=01094BE0 ESP=002DF544 EBP=01094B68 ESI=01094B74 EDI=7F2AED76 EFLAG=00000206
011CE17F	MOV      EDI, EBP                                         EAX=01094BE0 ECX=5FE7B55D EDX=488AEBA2 EBX=01094BE0 ESP=002DF544 EBP=01094B68 ESI=01094B74 EDI=7F2AED76 EFLAG=00000212
011CE181	ADD      EDI, 0x3b                                        EAX=01094BE0 ECX=5FE7B55D EDX=488AEBA2 EBX=01094BE0 ESP=002DF544 EBP=01094B68 ESI=01094B74 EDI=01094B68 EFLAG=00000212
011CE187	MOV      ECX, EBP                                         EAX=01094BE0 ECX=5FE7B55D EDX=488AEBA2 EBX=01094BE0 ESP=002DF544 EBP=01094B68 ESI=01094B74 EDI=01094BA3 EFLAG=00000216
011CE189	ADD      ECX, 0x9c                                        EAX=01094BE0 ECX=01094B68 EDX=488AEBA2 EBX=01094BE0 ESP=002DF544 EBP=01094B68 ESI=01094B74 EDI=01094BA3 EFLAG=00000216
011CE18F	MOV      EDI, [EDI]                                       EAX=01094BE0 ECX=01094C04 EDX=488AEBA2 EBX=01094BE0 ESP=002DF544 EBP=01094B68 ESI=01094B74 EDI=01094BA3 EFLAG=00000212
011CE197	OR       DWORD [ECX], 0x58afaf9e                          EAX=01094BE0 ECX=01094C04 EDX=488AEBA2 EBX=01094BE0 ESP=002DF544 EBP=01094B68 ESI=01094B74 EDI=0126EA4D EFLAG=00000206
011CE19D	MOV      ESI, EBP                                         EAX=01094BE0 ECX=01094C04 EDX=488AEBA2 EBX=01094BE0 ESP=002DF544 EBP=01094B68 ESI=01094B74 EDI=0126EA4D EFLAG=00000202
011CE19F	ADD      ESI, 0x78                                        EAX=01094BE0 ECX=01094C04 EDX=488AEBA2 EBX=01094BE0 ESP=002DF544 EBP=01094B68 ESI=01094B68 EDI=0126EA4D EFLAG=00000202
011CE1A5	AND      DWORD [ESI], 0x21bac56f                          EAX=01094BE0 ECX=01094C04 EDX=488AEBA2 EBX=01094BE0 ESP=002DF544 EBP=01094B68 ESI=01094BE0 EDI=0126EA4D EFLAG=00000212
011CE1AB	MOVZX    EBX, WORD [EDI]                                  EAX=01094BE0 ECX=01094C04 EDX=488AEBA2 EBX=01094BE0 ESP=002DF544 EBP=01094B68 ESI=01094BE0 EDI=0126EA4D EFLAG=00000206
011CE1AE	ADD      EBX, EBP                                         EAX=01094BE0 ECX=01094C04 EDX=488AEBA2 EBX=0000002B ESP=002DF544 EBP=01094B68 ESI=01094BE0 EDI=0126EA4D EFLAG=00000206
011CE1B0	MOV      EBX, [EBX]                                       EAX=01094BE0 ECX=01094C04 EDX=488AEBA2 EBX=01094B93 ESP=002DF544 EBP=01094B68 ESI=01094BE0 EDI=0126EA4D EFLAG=00000216
011CE1B2	OR       ESI, EBX                                         EAX=01094BE0 ECX=01094C04 EDX=488AEBA2 EBX=006B0000 ESP=002DF544 EBP=01094B68 ESI=01094BE0 EDI=0126EA4D EFLAG=00000216
011CE1B4	MOV      EDI, 0x35d9235d                                  EAX=01094BE0 ECX=01094C04 EDX=488AEBA2 EBX=006B0000 ESP=002DF544 EBP=01094B68 ESI=016B4BE0 EDI=0126EA4D EFLAG=00000202
011CE1B9	MOV      ECX, EBP                                         EAX=01094BE0 ECX=01094C04 EDX=488AEBA2 EBX=006B0000 ESP=002DF544 EBP=01094B68 ESI=016B4BE0 EDI=35D9235D EFLAG=00000202
011CE1BB	MOV      EAX, EBP                                         EAX=01094BE0 ECX=01094B68 EDX=488AEBA2 EBX=006B0000 ESP=002DF544 EBP=01094B68 ESI=016B4BE0 EDI=35D9235D EFLAG=00000202
011CE1BD	ADD      ECX, 0x9c                                        EAX=01094B68 ECX=01094B68 EDX=488AEBA2 EBX=006B0000 ESP=002DF544 EBP=01094B68 ESI=016B4BE0 EDI=35D9235D EFLAG=00000202
011CE1C3	ADD      EAX, 0x78                                        EAX=01094B68 ECX=01094C04 EDX=488AEBA2 EBX=006B0000 ESP=002DF544 EBP=01094B68 ESI=016B4BE0 EDI=35D9235D EFLAG=00000212
011CE1C8	MOV      ESI, [EAX]                                       EAX=01094BE0 ECX=01094C04 EDX=488AEBA2 EBX=006B0000 ESP=002DF544 EBP=01094B68 ESI=016B4BE0 EDI=35D9235D EFLAG=00000212
011CE1CA	MOV      EAX, EBP                                         EAX=01094BE0 ECX=01094C04 EDX=488AEBA2 EBX=006B0000 ESP=002DF544 EBP=01094B68 ESI=008AC122 EDI=35D9235D EFLAG=00000212
011CE1CC	ADD      EAX, 0xc                                         EAX=01094B68 ECX=01094C04 EDX=488AEBA2 EBX=006B0000 ESP=002DF544 EBP=01094B68 ESI=008AC122 EDI=35D9235D EFLAG=00000212
011CE1D1	XOR      [EAX], ESI                                       EAX=01094B74 ECX=01094C04 EDX=488AEBA2 EBX=006B0000 ESP=002DF544 EBP=01094B68 ESI=008AC122 EDI=35D9235D EFLAG=00000216
011CE1D3	MOV      ECX, EBP                                         EAX=01094B74 ECX=01094C04 EDX=488AEBA2 EBX=006B0000 ESP=002DF544 EBP=01094B68 ESI=008AC122 EDI=35D9235D EFLAG=00000206
011CE1D5	ADD      ECX, 0xc                                         EAX=01094B74 ECX=01094B68 EDX=488AEBA2 EBX=006B0000 ESP=002DF544 EBP=01094B68 ESI=008AC122 EDI=35D9235D EFLAG=00000206
011CE1DB	OR       EDI, ESI                                         EAX=01094B74 ECX=01094B74 EDX=488AEBA2 EBX=006B0000 ESP=002DF544 EBP=01094B68 ESI=008AC122 EDI=35D9235D EFLAG=00000216
011CE1DD	XOR      EDI, 0xffff                                      EAX=01094B74 ECX=01094B74 EDX=488AEBA2 EBX=006B0000 ESP=002DF544 EBP=01094B68 ESI=008AC122 EDI=35DBE37F EFLAG=00000202
011CE1E3	MOV      EDI, 0x400                                       EAX=01094B74 ECX=01094B74 EDX=488AEBA2 EBX=006B0000 ESP=002DF544 EBP=01094B68 ESI=008AC122 EDI=35DB1C80 EFLAG=00000202
011CE1E8	MOV      ESI, EBP                                         EAX=01094B74 ECX=01094B74 EDX=488AEBA2 EBX=006B0000 ESP=002DF544 EBP=01094B68 ESI=008AC122 EDI=00000400 EFLAG=00000202
011CE1EA	XOR      EDI, ECX                                         EAX=01094B74 ECX=01094B74 EDX=488AEBA2 EBX=006B0000 ESP=002DF544 EBP=01094B68 ESI=01094B68 EDI=00000400 EFLAG=00000202
011CE1EC	ADD      ESI, 0x3b                                        EAX=01094B74 ECX=01094B74 EDX=488AEBA2 EBX=006B0000 ESP=002DF544 EBP=01094B68 ESI=01094B68 EDI=01094F74 EFLAG=00000206
011CE1F2	ADD      EDI, 0x40                                        EAX=01094B74 ECX=01094B74 EDX=488AEBA2 EBX=006B0000 ESP=002DF544 EBP=01094B68 ESI=01094BA3 EDI=01094F74 EFLAG=00000216
011CE1F8	MOV      EAX, EBP                                         EAX=01094B74 ECX=01094B74 EDX=488AEBA2 EBX=006B0000 ESP=002DF544 EBP=01094B68 ESI=01094BA3 EDI=01094FB4 EFLAG=00000206
011CE1FA	SUB      EDI, 0x1f                                        EAX=01094B68 ECX=01094B74 EDX=488AEBA2 EBX=006B0000 ESP=002DF544 EBP=01094B68 ESI=01094BA3 EDI=01094FB4 EFLAG=00000206
011CE200	XOR      EDI, ECX                                         EAX=01094B68 ECX=01094B74 EDX=488AEBA2 EBX=006B0000 ESP=002DF544 EBP=01094B68 ESI=01094BA3 EDI=01094F95 EFLAG=00000216
011CE202	MOV      EDI, EDI                                         EAX=01094B68 ECX=01094B74 EDX=488AEBA2 EBX=006B0000 ESP=002DF544 EBP=01094B68 ESI=01094BA3 EDI=000004E1 EFLAG=00000206
011CE204	ADD      EDI, 0x28                                        EAX=01094B68 ECX=01094B74 EDX=488AEBA2 EBX=006B0000 ESP=002DF544 EBP=01094B68 ESI=01094BA3 EDI=000004E1 EFLAG=00000206
011CE20A	XOR      EDI, 0x4                                         EAX=01094B68 ECX=01094B74 EDX=488AEBA2 EBX=006B0000 ESP=002DF544 EBP=01094B68 ESI=01094BA3 EDI=00000509 EFLAG=00000206
011CE210	MOV      ESI, [ESI]                                       EAX=01094B68 ECX=01094B74 EDX=488AEBA2 EBX=006B0000 ESP=002DF544 EBP=01094B68 ESI=01094BA3 EDI=0000050D EFLAG=00000202
011CE212	SUB      EDI, EDI                                         EAX=01094B68 ECX=01094B74 EDX=488AEBA2 EBX=006B0000 ESP=002DF544 EBP=01094B68 ESI=0126EA4D EDI=0000050D EFLAG=00000202
011CE214	AND      EDI, 0x800                                       EAX=01094B68 ECX=01094B74 EDX=488AEBA2 EBX=006B0000 ESP=002DF544 EBP=01094B68 ESI=0126EA4D EDI=00000000 EFLAG=00000246
011CE21A	XOR      EDI, 0x1c                                        EAX=01094B68 ECX=01094B74 EDX=488AEBA2 EBX=006B0000 ESP=002DF544 EBP=01094B68 ESI=0126EA4D EDI=00000000 EFLAG=00000246
011CE220	ADD      EAX, 0x3b                                        EAX=01094B68 ECX=01094B74 EDX=488AEBA2 EBX=006B0000 ESP=002DF544 EBP=01094B68 ESI=0126EA4D EDI=0000001C EFLAG=00000202
011CE225	ADD      EDI, 0x1007f                                     EAX=01094BA3 ECX=01094B74 EDX=488AEBA2 EBX=006B0000 ESP=002DF544 EBP=01094B68 ESI=0126EA4D EDI=0000001C EFLAG=00000216
011CE231	SUB      EDI, 0x800                                       EAX=01094BA3 ECX=01094B74 EDX=488AEBA2 EBX=006B0000 ESP=002DF544 EBP=01094B68 ESI=0126EA4D EDI=0001009B EFLAG=00000202
011CE237	MOV      EAX, [EAX]                                       EAX=01094BA3 ECX=01094B74 EDX=488AEBA2 EBX=006B0000 ESP=002DF544 EBP=01094B68 ESI=0126EA4D EDI=0000F89B EFLAG=00000202
011CE239	AND      EDI, 0x80                                        EAX=0126EA4D ECX=01094B74 EDX=488AEBA2 EBX=006B0000 ESP=002DF544 EBP=01094B68 ESI=0126EA4D EDI=0000F89B EFLAG=00000202
011CE23F	MOV      EDI, ECX                                         EAX=0126EA4D ECX=01094B74 EDX=488AEBA2 EBX=006B0000 ESP=002DF544 EBP=01094B68 ESI=0126EA4D EDI=00000080 EFLAG=00000202
011CE241	ADD      EAX, 0x8                                         EAX=0126EA4D ECX=01094B74 EDX=488AEBA2 EBX=006B0000 ESP=002DF544 EBP=01094B68 ESI=0126EA4D EDI=01094B74 EFLAG=00000202
011CE246	XOR      EDI, EDI                                         EAX=0126EA55 ECX=01094B74 EDX=488AEBA2 EBX=006B0000 ESP=002DF544 EBP=01094B68 ESI=0126EA4D EDI=01094B74 EFLAG=00000216
011CE24D	MOV      EDI, 0x200                                       EAX=0126EA55 ECX=01094B74 EDX=488AEBA2 EBX=006B0000 ESP=002DF544 EBP=01094B68 ESI=0126EA4D EDI=00000400 EFLAG=00000246
011CE252	ADD      ESI, 0x10                                        EAX=0126EA55 ECX=01094B74 EDX=488AEBA2 EBX=006B0000 ESP=002DF544 EBP=01094B68 ESI=0126EA4D EDI=00000200 EFLAG=00000246
011CE258	AND      EDI, ECX                                         EAX=0126EA55 ECX=01094B74 EDX=488AEBA2 EBX=006B0000 ESP=002DF544 EBP=01094B68 ESI=0126EA5D EDI=00000200 EFLAG=00000202
011CE25A	OR       EDI, ESI                                         EAX=0126EA55 ECX=01094B74 EDX=488AEBA2 EBX=006B0000 ESP=002DF544 EBP=01094B68 ESI=0126EA5D EDI=00000200 EFLAG=00000206
011CE25C	MOVZX    EBX, WORD [EAX]                                  EAX=0126EA55 ECX=01094B74 EDX=488AEBA2 EBX=006B0000 ESP=002DF544 EBP=01094B68 ESI=0126EA5D EDI=0126EA5D EFLAG=00000202
011CE25F	AND      EDI, EDX                                         EAX=0126EA55 ECX=01094B74 EDX=488AEBA2 EBX=00000094 ESP=002DF544 EBP=01094B68 ESI=0126EA5D EDI=0126EA5D EFLAG=00000202
011CE261	AND      EDI, EAX                                         EAX=0126EA55 ECX=01094B74 EDX=488AEBA2 EBX=00000094 ESP=002DF544 EBP=01094B68 ESI=0126EA5D EDI=0002EA00 EFLAG=00000206
011CE263	ADD      EDI, EDX                                         EAX=0126EA55 ECX=01094B74 EDX=488AEBA2 EBX=00000094 ESP=002DF544 EBP=01094B68 ESI=0126EA5D EDI=0002EA00 EFLAG=00000206
011CE265	ADD      EBX, EBP                                         EAX=0126EA55 ECX=01094B74 EDX=488AEBA2 EBX=00000094 ESP=002DF544 EBP=01094B68 ESI=0126EA5D EDI=488DD5A2 EFLAG=00000202
011CE267	MOV      EDI, EBX                                         EAX=0126EA55 ECX=01094B74 EDX=488AEBA2 EBX=01094BFC ESP=002DF544 EBP=01094B68 ESI=0126EA5D EDI=488DD5A2 EFLAG=00000206
011CE269	XOR      EDI, 0xffff                                      EAX=0126EA55 ECX=01094B74 EDX=488AEBA2 EBX=01094BFC ESP=002DF544 EBP=01094B68 ESI=0126EA5D EDI=01094BFC EFLAG=00000206
011CE26F	MOV      EBX, [EBX]                                       EAX=0126EA55 ECX=01094B74 EDX=488AEBA2 EBX=01094BFC ESP=002DF544 EBP=01094B68 ESI=0126EA5D EDI=0109B403 EFLAG=00000206
011CE271	OR       ECX, EBX                                         EAX=0126EA55 ECX=01094B74 EDX=488AEBA2 EBX=00000000 ESP=002DF544 EBP=01094B68 ESI=0126EA5D EDI=0109B403 EFLAG=00000206
011CE273	PUSHF                                                     EAX=0126EA55 ECX=01094B74 EDX=488AEBA2 EBX=00000000 ESP=002DF544 EBP=01094B68 ESI=0126EA5D EDI=0109B403 EFLAG=00000206
011CE274	MOV      EDI, 0x800                                       EAX=0126EA55 ECX=01094B74 EDX=488AEBA2 EBX=00000000 ESP=002DF540 EBP=01094B68 ESI=0126EA5D EDI=0109B403 EFLAG=00000206
011CE27F	ADD      EDI, EDI                                         EAX=0126EA55 ECX=01094B74 EDX=488AEBA2 EBX=00000000 ESP=002DF540 EBP=01094B68 ESI=0126EA5D EDI=00000800 EFLAG=00000206
0136F663	PUSH     ECX                                              EAX=00581BB0 ECX=00000001 EDX=001ADCD8 EBX=775D41B5 ESP=002DF58C EBP=002DF5DC ESI=00000000 EDI=006B0006 EFLAG=00000293
0136F67D	POP      ECX                                              EAX=00581BB0 ECX=00000001 EDX=001ADCD8 EBX=775D41B5 ESP=002DF588 EBP=002DF5DC ESI=00000000 EDI=006B0006 EFLAG=00000293
0136F67E	PUSHF                                                     EAX=00581BB0 ECX=00000001 EDX=001ADCD8 EBX=775D41B5 ESP=002DF58C EBP=002DF5DC ESI=00000000 EDI=006B0006 EFLAG=00000293
0136F67F	PUSH     EDI                                              EAX=00581BB0 ECX=00000001 EDX=001ADCD8 EBX=775D41B5 ESP=002DF588 EBP=002DF5DC ESI=00000000 EDI=006B0006 EFLAG=00000293
0136F680	MOV      EDI, ESP                                         EAX=00581BB0 ECX=00000001 EDX=001ADCD8 EBX=775D41B5 ESP=002DF584 EBP=002DF5DC ESI=00000000 EDI=006B0006 EFLAG=00000293
0136F68E	PUSH     EDI                                              EAX=00581BB0 ECX=00000001 EDX=001ADCD8 EBX=775D41B5 ESP=002DF584 EBP=002DF5DC ESI=00000000 EDI=002DF584 EFLAG=00000206
0136F692	MOV      EDI, [ESP+0x4]                                   EAX=00581BB0 ECX=00000001 EDX=001ADCD8 EBX=775D41B5 ESP=002DF580 EBP=002DF5DC ESI=00000000 EDI=002DF584 EFLAG=00000206
0136F697	POP      DWORD [ESP]                                      EAX=00581BB0 ECX=00000001 EDX=001ADCD8 EBX=775D41B5 ESP=002DF580 EBP=002DF5DC ESI=00000000 EDI=006B0006 EFLAG=00000206
0136F69A	POP      ESP                                              EAX=00581BB0 ECX=00000001 EDX=001ADCD8 EBX=775D41B5 ESP=002DF584 EBP=002DF5DC ESI=00000000 EDI=006B0006 EFLAG=00000206
0136F69E	MOV      DWORD [ESP], 0x20                                EAX=00581BB0 ECX=00000001 EDX=001ADCD8 EBX=775D41B5 ESP=002DF584 EBP=002DF5DC ESI=00000000 EDI=006B0006 EFLAG=00000206
0136F6A5	PUSH     ECX                                              EAX=00581BB0 ECX=00000001 EDX=001ADCD8 EBX=775D41B5 ESP=002DF584 EBP=002DF5DC ESI=00000000 EDI=006B0006 EFLAG=00000206
0136F6A6	MOV      ECX, ESP                                         EAX=00581BB0 ECX=00000001 EDX=001ADCD8 EBX=775D41B5 ESP=002DF580 EBP=002DF5DC ESI=00000000 EDI=006B0006 EFLAG=00000206
0136F6B4	XCHG     [ESP], ECX                                       EAX=00581BB0 ECX=002DF580 EDX=001ADCD8 EBX=775D41B5 ESP=002DF580 EBP=002DF5DC ESI=00000000 EDI=006B0006 EFLAG=00000202
0136F6B7	POP      ESP                                              EAX=00581BB0 ECX=00000001 EDX=001ADCD8 EBX=775D41B5 ESP=002DF580 EBP=002DF5DC ESI=00000000 EDI=006B0006 EFLAG=00000202
0136F6BB	MOV      DWORD [ESP], 0x40e4218f                          EAX=00581BB0 ECX=00000001 EDX=001ADCD8 EBX=775D41B5 ESP=002DF580 EBP=002DF5DC ESI=00000000 EDI=006B0006 EFLAG=00000202
0136F6C9	NEG      DWORD [ESP]                                      EAX=00581BB0 ECX=00000001 EDX=001ADCD8 EBX=775D41B5 ESP=002DF580 EBP=002DF5DC ESI=00000000 EDI=006B0006 EFLAG=00000202
0136F6CC	XOR      DWORD [ESP], 0x7f27207b                          EAX=00581BB0 ECX=00000001 EDX=001ADCD8 EBX=775D41B5 ESP=002DF580 EBP=002DF5DC ESI=00000000 EDI=006B0006 EFLAG=00000297
0136F6D3	AND      DWORD [ESP], 0x62172978                          EAX=00581BB0 ECX=00000001 EDX=001ADCD8 EBX=775D41B5 ESP=002DF580 EBP=002DF5DC ESI=00000000 EDI=006B0006 EFLAG=00000286
0136F6DA	SUB      DWORD [ESP], 0x3fe53832                          EAX=00581BB0 ECX=00000001 EDX=001ADCD8 EBX=775D41B5 ESP=002DF580 EBP=002DF5DC ESI=00000000 EDI=006B0006 EFLAG=00000202
0136F6E8	PUSH     DWORD 0x36c69dcb                                 EAX=00581BB0 ECX=00000001 EDX=001ADCD8 EBX=775D41B5 ESP=002DF580 EBP=002DF5DC ESI=00000000 EDI=006B0006 EFLAG=00000213
0136F6FD	MOV      [ESP], EAX                                       EAX=00581BB0 ECX=00000001 EDX=001ADCD8 EBX=775D41B5 ESP=002DF57C EBP=002DF5DC ESI=00000000 EDI=006B0006 EFLAG=00000213
0136F700	PUSH     EDX                                              EAX=00581BB0 ECX=00000001 EDX=001ADCD8 EBX=775D41B5 ESP=002DF57C EBP=002DF5DC ESI=00000000 EDI=006B0006 EFLAG=00000213
0136F701	MOV      EDX, ESP                                         EAX=00581BB0 ECX=00000001 EDX=001ADCD8 EBX=775D41B5 ESP=002DF578 EBP=002DF5DC ESI=00000000 EDI=006B0006 EFLAG=00000213
0136F70C	XCHG     [ESP], EDX                                       EAX=00581BB0 ECX=00000001 EDX=002DF578 EBX=775D41B5 ESP=002DF578 EBP=002DF5DC ESI=00000000 EDI=006B0006 EFLAG=00000206
0136F70F	MOV      ESP, [ESP]                                       EAX=00581BB0 ECX=00000001 EDX=001ADCD8 EBX=775D41B5 ESP=002DF578 EBP=002DF5DC ESI=00000000 EDI=006B0006 EFLAG=00000206
0136F718	MOV      [ESP], EBX                                       EAX=00581BB0 ECX=00000001 EDX=001ADCD8 EBX=775D41B5 ESP=002DF578 EBP=002DF5DC ESI=00000000 EDI=006B0006 EFLAG=00000206
0136F71B	PUSH     DWORD [ESP+0x10]                                 EAX=00581BB0 ECX=00000001 EDX=001ADCD8 EBX=775D41B5 ESP=002DF578 EBP=002DF5DC ESI=00000000 EDI=006B0006 EFLAG=00000206
0136F71F	MOV      EAX, [ESP]                                       EAX=00581BB0 ECX=00000001 EDX=001ADCD8 EBX=775D41B5 ESP=002DF574 EBP=002DF5DC ESI=00000000 EDI=006B0006 EFLAG=00000206
0136F722	PUSH     EAX                                              EAX=00000293 ECX=00000001 EDX=001ADCD8 EBX=775D41B5 ESP=002DF574 EBP=002DF5DC ESI=00000000 EDI=006B0006 EFLAG=00000206
0136F726	MOV      EAX, ESP                                         EAX=00000293 ECX=00000001 EDX=001ADCD8 EBX=775D41B5 ESP=002DF570 EBP=002DF5DC ESI=00000000 EDI=006B0006 EFLAG=00000206
0136F728	ADD      EAX, 0x8                                         EAX=002DF570 ECX=00000001 EDX=001ADCD8 EBX=775D41B5 ESP=002DF570 EBP=002DF5DC ESI=00000000 EDI=006B0006 EFLAG=00000206
0136F732	XCHG     [ESP], EAX                                       EAX=002DF578 ECX=00000001 EDX=001ADCD8 EBX=775D41B5 ESP=002DF570 EBP=002DF5DC ESI=00000000 EDI=006B0006 EFLAG=00000206
0136F73B	POP      ESP                                              EAX=00000293 ECX=00000001 EDX=001ADCD8 EBX=775D41B5 ESP=002DF570 EBP=002DF5DC ESI=00000000 EDI=006B0006 EFLAG=00000206
0136F73C	PUSH     DWORD [ESP+0x8]                                  EAX=00000293 ECX=00000001 EDX=001ADCD8 EBX=775D41B5 ESP=002DF578 EBP=002DF5DC ESI=00000000 EDI=006B0006 EFLAG=00000206
0136F740	MOV      EBX, [ESP]                                       EAX=00000293 ECX=00000001 EDX=001ADCD8 EBX=775D41B5 ESP=002DF574 EBP=002DF5DC ESI=00000000 EDI=006B0006 EFLAG=00000206
0136F743	PUSH     EAX                                              EAX=00000293 ECX=00000001 EDX=001ADCD8 EBX=002EEFD6 ESP=002DF574 EBP=002DF5DC ESI=00000000 EDI=006B0006 EFLAG=00000206
0136F74C	MOV      EAX, ESP                                         EAX=00000293 ECX=00000001 EDX=001ADCD8 EBX=002EEFD6 ESP=002DF570 EBP=002DF5DC ESI=00000000 EDI=006B0006 EFLAG=00000202
0136F74E	ADD      EAX, 0x4                                         EAX=002DF570 ECX=00000001 EDX=001ADCD8 EBX=002EEFD6 ESP=002DF570 EBP=002DF5DC ESI=00000000 EDI=006B0006 EFLAG=00000202
0136F753	PUSH     EBP                                              EAX=002DF574 ECX=00000001 EDX=001ADCD8 EBX=002EEFD6 ESP=002DF570 EBP=002DF5DC ESI=00000000 EDI=006B0006 EFLAG=00000206
0136F754	MOV      EBP, 0xe115182                                   EAX=002DF574 ECX=00000001 EDX=001ADCD8 EBX=002EEFD6 ESP=002DF56C EBP=002DF5DC ESI=00000000 EDI=006B0006 EFLAG=00000206
0136F75F	SHR      EBP, 0x7                                         EAX=002DF574 ECX=00000001 EDX=001ADCD8 EBX=002EEFD6 ESP=002DF56C EBP=0E115182 ESI=00000000 EDI=006B0006 EFLAG=00000206
0136F762	INC      EBP                                              EAX=002DF574 ECX=00000001 EDX=001ADCD8 EBX=002EEFD6 ESP=002DF56C EBP=001C22A3 ESI=00000000 EDI=006B0006 EFLAG=00000206
0136F763	INC      EBP                                              EAX=002DF574 ECX=00000001 EDX=001ADCD8 EBX=002EEFD6 ESP=002DF56C EBP=001C22A4 ESI=00000000 EDI=006B0006 EFLAG=00000202
0136F764	XOR      EBP, 0x1c22a1                                    EAX=002DF574 ECX=00000001 EDX=001ADCD8 EBX=002EEFD6 ESP=002DF56C EBP=001C22A5 ESI=00000000 EDI=006B0006 EFLAG=00000206
0136F76A	ADD      EAX, EBP                                         EAX=002DF574 ECX=00000001 EDX=001ADCD8 EBX=002EEFD6 ESP=002DF56C EBP=00000004 ESI=00000000 EDI=006B0006 EFLAG=00000202
0136F76C	POP      EBP                                              EAX=002DF578 ECX=00000001 EDX=001ADCD8 EBX=002EEFD6 ESP=002DF56C EBP=00000004 ESI=00000000 EDI=006B0006 EFLAG=00000206
0136F76D	XCHG     [ESP], EAX                                       EAX=002DF578 ECX=00000001 EDX=001ADCD8 EBX=002EEFD6 ESP=002DF570 EBP=002DF5DC ESI=00000000 EDI=006B0006 EFLAG=00000206
0136F770	POP      ESP                                              EAX=00000293 ECX=00000001 EDX=001ADCD8 EBX=002EEFD6 ESP=002DF570 EBP=002DF5DC ESI=00000000 EDI=006B0006 EFLAG=00000206
0136F771	MOV      [ESP+0x8], EAX                                   EAX=00000293 ECX=00000001 EDX=001ADCD8 EBX=002EEFD6 ESP=002DF578 EBP=002DF5DC ESI=00000000 EDI=006B0006 EFLAG=00000206
0136F775	MOV      [ESP+0x10], EBX                                  EAX=00000293 ECX=00000001 EDX=001ADCD8 EBX=002EEFD6 ESP=002DF578 EBP=002DF5DC ESI=00000000 EDI=006B0006 EFLAG=00000206
0136F779	MOV      EBX, [ESP]                                       EAX=00000293 ECX=00000001 EDX=001ADCD8 EBX=002EEFD6 ESP=002DF578 EBP=002DF5DC ESI=00000000 EDI=006B0006 EFLAG=00000206
0136F77C	PUSH     ESI                                              EAX=00000293 ECX=00000001 EDX=001ADCD8 EBX=775D41B5 ESP=002DF578 EBP=002DF5DC ESI=00000000 EDI=006B0006 EFLAG=00000206
0136F77D	PUSH     ESP                                              EAX=00000293 ECX=00000001 EDX=001ADCD8 EBX=775D41B5 ESP=002DF574 EBP=002DF5DC ESI=00000000 EDI=006B0006 EFLAG=00000206
0136F77E	MOV      ESI, [ESP]                                       EAX=00000293 ECX=00000001 EDX=001ADCD8 EBX=775D41B5 ESP=002DF570 EBP=002DF5DC ESI=00000000 EDI=006B0006 EFLAG=00000206
0136F782	ADD      ESP, 0x4                                         EAX=00000293 ECX=00000001 EDX=001ADCD8 EBX=775D41B5 ESP=002DF570 EBP=002DF5DC ESI=002DF574 EDI=006B0006 EFLAG=00000206
0136F788	ADD      ESI, 0x8                                         EAX=00000293 ECX=00000001 EDX=001ADCD8 EBX=775D41B5 ESP=002DF574 EBP=002DF5DC ESI=002DF574 EDI=006B0006 EFLAG=00000206
0136F794	XCHG     [ESP], ESI                                       EAX=00000293 ECX=00000001 EDX=001ADCD8 EBX=775D41B5 ESP=002DF574 EBP=002DF5DC ESI=002DF57C EDI=006B0006 EFLAG=00000202
0136F797	POP      ESP                                              EAX=00000293 ECX=00000001 EDX=001ADCD8 EBX=775D41B5 ESP=002DF574 EBP=002DF5DC ESI=00000000 EDI=006B0006 EFLAG=00000202
0136F798	MOV      EAX, [ESP]                                       EAX=00000293 ECX=00000001 EDX=001ADCD8 EBX=775D41B5 ESP=002DF57C EBP=002DF5DC ESI=00000000 EDI=006B0006 EFLAG=00000202
0136F79C	PUSH     EDI                                              EAX=00581BB0 ECX=00000001 EDX=001ADCD8 EBX=775D41B5 ESP=002DF57C EBP=002DF5DC ESI=00000000 EDI=006B0006 EFLAG=00000202
0136F79D	MOV      EDI, ESP                                         EAX=00581BB0 ECX=00000001 EDX=001ADCD8 EBX=775D41B5 ESP=002DF578 EBP=002DF5DC ESI=00000000 EDI=006B0006 EFLAG=00000202
0136F79F	PUSH     ECX                                              EAX=00581BB0 ECX=00000001 EDX=001ADCD8 EBX=775D41B5 ESP=002DF578 EBP=002DF5DC ESI=00000000 EDI=002DF578 EFLAG=00000202
0136F7A0	MOV      ECX, 0x4                                         EAX=00581BB0 ECX=00000001 EDX=001ADCD8 EBX=775D41B5 ESP=002DF574 EBP=002DF5DC ESI=00000000 EDI=002DF578 EFLAG=00000202
0136F7A5	ADD      EDI, ECX                                         EAX=00581BB0 ECX=00000004 EDX=001ADCD8 EBX=775D41B5 ESP=002DF574 EBP=002DF5DC ESI=00000000 EDI=002DF578 EFLAG=00000202
0136F7A7	POP      ECX                                              EAX=00581BB0 ECX=00000004 EDX=001ADCD8 EBX=775D41B5 ESP=002DF574 EBP=002DF5DC ESI=00000000 EDI=002DF57C EFLAG=00000202
0136F7A8	ADD      EDI, 0x4                                         EAX=00581BB0 ECX=00000001 EDX=001ADCD8 EBX=775D41B5 ESP=002DF578 EBP=002DF5DC ESI=00000000 EDI=002DF57C EFLAG=00000202
0136F7AB	XCHG     [ESP], EDI                                       EAX=00581BB0 ECX=00000001 EDX=001ADCD8 EBX=775D41B5 ESP=002DF578 EBP=002DF5DC ESI=00000000 EDI=002DF580 EFLAG=00000212
0136F7AE	POP      ESP                                              EAX=00581BB0 ECX=00000001 EDX=001ADCD8 EBX=775D41B5 ESP=002DF578 EBP=002DF5DC ESI=00000000 EDI=006B0006 EFLAG=00000212
0127B7DF	PUSHA                                                     EAX=00581BB0 ECX=00000001 EDX=001ADCD8 EBX=775D41B5 ESP=002DF580 EBP=002DF5DC ESI=00000000 EDI=006B0006 EFLAG=00000212
0127B7E0	PUSH     EBX                                              EAX=00581BB0 ECX=00000001 EDX=001ADCD8 EBX=775D41B5 ESP=002DF560 EBP=002DF5DC ESI=00000000 EDI=006B0006 EFLAG=00000212
0127B7E7	POP      EBX                                              EAX=00581BB0 ECX=00000001 EDX=001ADCD8 EBX=775D41B5 ESP=002DF55C EBP=002DF5DC ESI=00000000 EDI=006B0006 EFLAG=00000212
0127B7FD	PUSH     EAX                                              EAX=00581BB0 ECX=00000001 EDX=001ADCD8 EBX=775D41B5 ESP=002DF560 EBP=002DF5DC ESI=00000000 EDI=006B0006 EFLAG=00000212
0127B7FE	PUSH     EDX                                              EAX=00581BB0 ECX=00000001 EDX=001ADCD8 EBX=775D41B5 ESP=002DF55C EBP=002DF5DC ESI=00000000 EDI=006B0006 EFLAG=00000212
0127B801	POP      EDX                                              EAX=00000000 ECX=00000001 EDX=00000000 EBX=775D41B5 ESP=002DF558 EBP=002DF5DC ESI=00000000 EDI=006B0006 EFLAG=00000212
0127B802	POP      EAX                                              EAX=00000000 ECX=00000001 EDX=001ADCD8 EBX=775D41B5 ESP=002DF55C EBP=002DF5DC ESI=00000000 EDI=006B0006 EFLAG=00000212
0127B803	PUSHA                                                     EAX=00581BB0 ECX=00000001 EDX=001ADCD8 EBX=775D41B5 ESP=002DF560 EBP=002DF5DC ESI=00000000 EDI=006B0006 EFLAG=00000212
0127B804	POPA                                                      EAX=00581BB0 ECX=00000001 EDX=001ADCD8 EBX=775D41B5 ESP=002DF540 EBP=002DF5DC ESI=00000000 EDI=006B0006 EFLAG=00000212
0127B805	PUSHA                                                     EAX=00581BB0 ECX=00000001 EDX=001ADCD8 EBX=775D41B5 ESP=002DF560 EBP=002DF5DC ESI=00000000 EDI=006B0006 EFLAG=00000212
0127B806	PUSHA                                                     EAX=00581BB0 ECX=00000001 EDX=001ADCD8 EBX=775D41B5 ESP=002DF540 EBP=002DF5DC ESI=00000000 EDI=006B0006 EFLAG=00000212
0127B807	POPA                                                      EAX=00581BB0 ECX=00000001 EDX=001ADCD8 EBX=775D41B5 ESP=002DF520 EBP=002DF5DC ESI=00000000 EDI=006B0006 EFLAG=00000212
0127B819	POPA                                                      EAX=00581BB0 ECX=00000001 EDX=001ADCD8 EBX=775D41B5 ESP=002DF540 EBP=002DF5DC ESI=00000000 EDI=006B0006 EFLAG=00000212
0127B81A	POPA                                                      EAX=00581BB0 ECX=00000001 EDX=001ADCD8 EBX=775D41B5 ESP=002DF560 EBP=002DF5DC ESI=00000000 EDI=006B0006 EFLAG=00000212
0127B81B	PUSH     EAX                                              EAX=00581BB0 ECX=00000001 EDX=001ADCD8 EBX=775D41B5 ESP=002DF580 EBP=002DF5DC ESI=00000000 EDI=006B0006 EFLAG=00000212
0127B81C	PUSH     EDX                                              EAX=00581BB0 ECX=00000001 EDX=001ADCD8 EBX=775D41B5 ESP=002DF57C EBP=002DF5DC ESI=00000000 EDI=006B0006 EFLAG=00000212
0127B83F	PUSH     EAX                                              EAX=00000000 ECX=00000001 EDX=00000000 EBX=775D41B5 ESP=002DF578 EBP=002DF5DC ESI=00000000 EDI=006B0006 EFLAG=00000212
0127B840	PUSHA                                                     EAX=00000000 ECX=00000001 EDX=00000000 EBX=775D41B5 ESP=002DF574 EBP=002DF5DC ESI=00000000 EDI=006B0006 EFLAG=00000212
0127B841	POPA                                                      EAX=00000000 ECX=00000001 EDX=00000000 EBX=775D41B5 ESP=002DF554 EBP=002DF5DC ESI=00000000 EDI=006B0006 EFLAG=00000212
0127B851	POP      EAX                                              EAX=00000000 ECX=00000001 EDX=00000000 EBX=775D41B5 ESP=002DF574 EBP=002DF5DC ESI=00000000 EDI=006B0006 EFLAG=00000212
0127B852	PUSH     EDI                                              EAX=00000000 ECX=00000001 EDX=00000000 EBX=775D41B5 ESP=002DF578 EBP=002DF5DC ESI=00000000 EDI=006B0006 EFLAG=00000212
0127B853	PUSHA                                                     EAX=00000000 ECX=00000001 EDX=00000000 EBX=775D41B5 ESP=002DF574 EBP=002DF5DC ESI=00000000 EDI=006B0006 EFLAG=00000212
0127B854	POPA                                                      EAX=00000000 ECX=00000001 EDX=00000000 EBX=775D41B5 ESP=002DF554 EBP=002DF5DC ESI=00000000 EDI=006B0006 EFLAG=00000212
0127B857	POP      EDI                                              EAX=00000000 ECX=00000001 EDX=00000000 EBX=775D41B5 ESP=002DF574 EBP=002DF5DC ESI=00000000 EDI=006B0006 EFLAG=00000212
0127B858	POP      EDX                                              EAX=00000000 ECX=00000001 EDX=00000000 EBX=775D41B5 ESP=002DF578 EBP=002DF5DC ESI=00000000 EDI=006B0006 EFLAG=00000212
0127B859	POP      EAX                                              EAX=00000000 ECX=00000001 EDX=001ADCD8 EBX=775D41B5 ESP=002DF57C EBP=002DF5DC ESI=00000000 EDI=006B0006 EFLAG=00000212
0127B85A	PUSH     EBX                                              EAX=00581BB0 ECX=00000001 EDX=001ADCD8 EBX=775D41B5 ESP=002DF580 EBP=002DF5DC ESI=00000000 EDI=006B0006 EFLAG=00000212
0127B862	PUSH     ESP                                              EAX=00581BB0 ECX=00000001 EDX=001ADCD8 EBX=775D41B5 ESP=002DF57C EBP=002DF5DC ESI=00000000 EDI=006B0006 EFLAG=00000212
0127B86D	MOV      EBX, [ESP]                                       EAX=00581BB0 ECX=00000001 EDX=001ADCD8 EBX=775D41B5 ESP=002DF578 EBP=002DF5DC ESI=00000000 EDI=006B0006 EFLAG=00000202
0127B870	PUSH     EBX                                              EAX=00581BB0 ECX=00000001 EDX=001ADCD8 EBX=002DF57C ESP=002DF578 EBP=002DF5DC ESI=00000000 EDI=006B0006 EFLAG=00000202
0127B871	MOV      EBX, ESP                                         EAX=00581BB0 ECX=00000001 EDX=001ADCD8 EBX=002DF57C ESP=002DF574 EBP=002DF5DC ESI=00000000 EDI=006B0006 EFLAG=00000202
0127B873	ADD      EBX, 0x4                                         EAX=00581BB0 ECX=00000001 EDX=001ADCD8 EBX=002DF574 ESP=002DF574 EBP=002DF5DC ESI=00000000 EDI=006B0006 EFLAG=00000202
0127B879	PUSH     EDI                                              EAX=00581BB0 ECX=00000001 EDX=001ADCD8 EBX=002DF578 ESP=002DF574 EBP=002DF5DC ESI=00000000 EDI=006B0006 EFLAG=00000206
0127B87A	MOV      EDI, 0x67a535                                    EAX=00581BB0 ECX=00000001 EDX=001ADCD8 EBX=002DF578 ESP=002DF570 EBP=002DF5DC ESI=00000000 EDI=006B0006 EFLAG=00000206
0127B882	AND      EDI, 0x429d279a                                  EAX=00581BB0 ECX=00000001 EDX=001ADCD8 EBX=002DF578 ESP=002DF570 EBP=002DF5DC ESI=00000000 EDI=0067A535 EFLAG=00000206
0127B888	NOT      EDI                                              EAX=00581BB0 ECX=00000001 EDX=001ADCD8 EBX=002DF578 ESP=002DF570 EBP=002DF5DC ESI=00000000 EDI=00052510 EFLAG=00000202
0127B88A	SUB      EDI, 0xfffadaeb                                  EAX=00581BB0 ECX=00000001 EDX=001ADCD8 EBX=002DF578 ESP=002DF570 EBP=002DF5DC ESI=00000000 EDI=FFFADAEF EFLAG=00000202
0127B890	ADD      EBX, EDI                                         EAX=00581BB0 ECX=00000001 EDX=001ADCD8 EBX=002DF578 ESP=002DF570 EBP=002DF5DC ESI=00000000 EDI=00000004 EFLAG=00000202
0127B892	POP      EDI                                              EAX=00581BB0 ECX=00000001 EDX=001ADCD8 EBX=002DF57C ESP=002DF570 EBP=002DF5DC ESI=00000000 EDI=00000004 EFLAG=00000202
0127B893	PUSH     EBX                                              EAX=00581BB0 ECX=00000001 EDX=001ADCD8 EBX=002DF57C ESP=002DF574 EBP=002DF5DC ESI=00000000 EDI=006B0006 EFLAG=00000202
0127B899	MOV      EBX, [ESP+0x4]                                   EAX=00581BB0 ECX=00000001 EDX=001ADCD8 EBX=002DF57C ESP=002DF570 EBP=002DF5DC ESI=00000000 EDI=006B0006 EFLAG=00000202
0127B89E	POP      DWORD [ESP]                                      EAX=00581BB0 ECX=00000001 EDX=001ADCD8 EBX=002DF57C ESP=002DF570 EBP=002DF5DC ESI=00000000 EDI=006B0006 EFLAG=00000202
0127B8A1	POP      ESP                                              EAX=00581BB0 ECX=00000001 EDX=001ADCD8 EBX=002DF57C ESP=002DF574 EBP=002DF5DC ESI=00000000 EDI=006B0006 EFLAG=00000202
0127B8A2	PUSH     ESI                                              EAX=00581BB0 ECX=00000001 EDX=001ADCD8 EBX=002DF57C ESP=002DF57C EBP=002DF5DC ESI=00000000 EDI=006B0006 EFLAG=00000202
0127B8A3	MOV      ESI, 0x4                                         EAX=00581BB0 ECX=00000001 EDX=001ADCD8 EBX=002DF57C ESP=002DF578 EBP=002DF5DC ESI=00000000 EDI=006B0006 EFLAG=00000202
0127B8A8	ADD      EBX, ESI                                         EAX=00581BB0 ECX=00000001 EDX=001ADCD8 EBX=002DF57C ESP=002DF578 EBP=002DF5DC ESI=00000004 EDI=006B0006 EFLAG=00000202
0127B8AA	POP      ESI                                              EAX=00581BB0 ECX=00000001 EDX=001ADCD8 EBX=002DF580 ESP=002DF578 EBP=002DF5DC ESI=00000004 EDI=006B0006 EFLAG=00000212
0127B8AB	PUSH     EDX                                              EAX=00581BB0 ECX=00000001 EDX=001ADCD8 EBX=002DF580 ESP=002DF57C EBP=002DF5DC ESI=00000000 EDI=006B0006 EFLAG=00000212
0127B8AC	MOV      EDX, 0x4                                         EAX=00581BB0 ECX=00000001 EDX=001ADCD8 EBX=002DF580 ESP=002DF578 EBP=002DF5DC ESI=00000000 EDI=006B0006 EFLAG=00000212
0127B8B7	SUB      EBX, EDX                                         EAX=00581BB0 ECX=00000001 EDX=00000004 EBX=293B6344 ESP=002DF578 EBP=002DF5DC ESI=00000000 EDI=006B0006 EFLAG=00000206
0127B8BF	POP      EDX                                              EAX=00581BB0 ECX=00000001 EDX=00000004 EBX=002DF57C ESP=002DF578 EBP=002DF5DC ESI=00000000 EDI=006B0006 EFLAG=00000212
0127B8C0	XCHG     [ESP], EBX                                       EAX=00581BB0 ECX=00000001 EDX=001ADCD8 EBX=002DF57C ESP=002DF57C EBP=002DF5DC ESI=00000000 EDI=006B0006 EFLAG=00000212
0127B8C3	POP      ESP                                              EAX=00581BB0 ECX=00000001 EDX=001ADCD8 EBX=775D41B5 ESP=002DF57C EBP=002DF5DC ESI=00000000 EDI=006B0006 EFLAG=00000212
0127B8C4	MOV      [ESP], ESI                                       EAX=00581BB0 ECX=00000001 EDX=001ADCD8 EBX=775D41B5 ESP=002DF57C EBP=002DF5DC ESI=00000000 EDI=006B0006 EFLAG=00000212
0127B8C7	PUSH     ESP                                              EAX=00581BB0 ECX=00000001 EDX=001ADCD8 EBX=775D41B5 ESP=002DF57C EBP=002DF5DC ESI=00000000 EDI=006B0006 EFLAG=00000212
0127B8C8	POP      ESI                                              EAX=00581BB0 ECX=00000001 EDX=001ADCD8 EBX=775D41B5 ESP=002DF578 EBP=002DF5DC ESI=00000000 EDI=006B0006 EFLAG=00000212
0127B8D1	ADD      ESI, 0x4                                         EAX=00581BB0 ECX=00000001 EDX=001ADCD8 EBX=775D41B5 ESP=002DF57C EBP=002DF5DC ESI=002DF57C EDI=006B0006 EFLAG=00000202
0127B8D7	PUSH     EDI                                              EAX=00581BB0 ECX=00000001 EDX=001ADCD8 EBX=775D41B5 ESP=002DF57C EBP=002DF5DC ESI=002DF580 EDI=006B0006 EFLAG=00000212
0127B8DF	MOV      EDI, 0x4                                         EAX=00581BB0 ECX=00000001 EDX=001ADCD8 EBX=775D41B5 ESP=002DF578 EBP=002DF5DC ESI=002DF580 EDI=006B0006 EFLAG=00000212
0127B8E4	SUB      ESI, EDI                                         EAX=00581BB0 ECX=00000001 EDX=001ADCD8 EBX=775D41B5 ESP=002DF578 EBP=002DF5DC ESI=002DF580 EDI=00000004 EFLAG=00000212
0127B8E6	POP      EDI                                              EAX=00581BB0 ECX=00000001 EDX=001ADCD8 EBX=775D41B5 ESP=002DF578 EBP=002DF5DC ESI=002DF57C EDI=00000004 EFLAG=00000212
0127B8E7	XCHG     [ESP], ESI                                       EAX=00581BB0 ECX=00000001 EDX=001ADCD8 EBX=775D41B5 ESP=002DF57C EBP=002DF5DC ESI=002DF57C EDI=006B0006 EFLAG=00000212
0127B8EA	MOV      ESP, [ESP]                                       EAX=00581BB0 ECX=00000001 EDX=001ADCD8 EBX=775D41B5 ESP=002DF57C EBP=002DF5DC ESI=00000000 EDI=006B0006 EFLAG=00000212
0127B8ED	MOV      [ESP], EAX                                       EAX=00581BB0 ECX=00000001 EDX=001ADCD8 EBX=775D41B5 ESP=002DF57C EBP=002DF5DC ESI=00000000 EDI=006B0006 EFLAG=00000212
0127B8F0	PUSH     ECX                                              EAX=00581BB0 ECX=00000001 EDX=001ADCD8 EBX=775D41B5 ESP=002DF57C EBP=002DF5DC ESI=00000000 EDI=006B0006 EFLAG=00000212
0127B8F8	PUSH     EAX                                              EAX=00581BB0 ECX=00000001 EDX=001ADCD8 EBX=775D41B5 ESP=002DF578 EBP=002DF5DC ESI=00000000 EDI=006B0006 EFLAG=00000212
0127B900	MOV      EAX, ESP                                         EAX=00581BB0 ECX=00000001 EDX=001ADCD8 EBX=775D41B5 ESP=002DF574 EBP=002DF5DC ESI=00000000 EDI=006B0006 EFLAG=00000212
0127B902	PUSH     ESI                                              EAX=002DF574 ECX=00000001 EDX=001ADCD8 EBX=775D41B5 ESP=002DF574 EBP=002DF5DC ESI=00000000 EDI=006B0006 EFLAG=00000212
0127B90B	MOV      ESI, 0x43b30fc                                   EAX=002DF574 ECX=00000001 EDX=001ADCD8 EBX=775D41B5 ESP=002DF570 EBP=002DF5DC ESI=00000000 EDI=006B0006 EFLAG=00000202
0127B916	SHL      ESI, 0x2                                         EAX=002DF574 ECX=00000001 EDX=001ADCD8 EBX=775D41B5 ESP=002DF570 EBP=002DF5DC ESI=043B30FC EDI=006B0006 EFLAG=00000206
0127B919	NOT      ESI                                              EAX=002DF574 ECX=00000001 EDX=001ADCD8 EBX=775D41B5 ESP=002DF570 EBP=002DF5DC ESI=10ECC3F0 EDI=006B0006 EFLAG=00000206
0127B91B	PUSH     ECX                                              EAX=002DF574 ECX=00000001 EDX=001ADCD8 EBX=775D41B5 ESP=002DF570 EBP=002DF5DC ESI=EF133C0F EDI=006B0006 EFLAG=00000206
0127B921	MOV      ECX, 0x17336ef2                                  EAX=002DF574 ECX=00000001 EDX=001ADCD8 EBX=775D41B5 ESP=002DF56C EBP=002DF5DC ESI=EF133C0F EDI=006B0006 EFLAG=00000216
0127B92C	PUSH     EBP                                              EAX=002DF574 ECX=17336EF2 EDX=001ADCD8 EBX=775D41B5 ESP=002DF56C EBP=002DF5DC ESI=EF133C0F EDI=006B0006 EFLAG=00000202
0127B92D	MOV      EBP, 0xd7c760a                                   EAX=002DF574 ECX=17336EF2 EDX=001ADCD8 EBX=775D41B5 ESP=002DF568 EBP=002DF5DC ESI=EF133C0F EDI=006B0006 EFLAG=00000202
0127B933	PUSH     EBX                                              EAX=002DF574 ECX=17336EF2 EDX=001ADCD8 EBX=775D41B5 ESP=002DF568 EBP=0D7C760A ESI=EF133C0F EDI=006B0006 EFLAG=00000202
0127B939	MOV      EBX, 0x29ba2351                                  EAX=002DF574 ECX=17336EF2 EDX=001ADCD8 EBX=775D41B5 ESP=002DF564 EBP=0D7C760A ESI=EF133C0F EDI=006B0006 EFLAG=00000202
0127B93E	OR       EBP, EBX                                         EAX=002DF574 ECX=17336EF2 EDX=001ADCD8 EBX=29BA2351 ESP=002DF564 EBP=0D7C760A ESI=EF133C0F EDI=006B0006 EFLAG=00000202
0127B940	POP      EBX                                              EAX=002DF574 ECX=17336EF2 EDX=001ADCD8 EBX=29BA2351 ESP=002DF564 EBP=2DFE775B ESI=EF133C0F EDI=006B0006 EFLAG=00000202
0127B941	SHL      EBP, 0x1                                         EAX=002DF574 ECX=17336EF2 EDX=001ADCD8 EBX=775D41B5 ESP=002DF568 EBP=2DFE775B ESI=EF133C0F EDI=006B0006 EFLAG=00000202
0127B943	DEC      EBP                                              EAX=002DF574 ECX=17336EF2 EDX=001ADCD8 EBX=775D41B5 ESP=002DF568 EBP=5BFCEEB6 ESI=EF133C0F EDI=006B0006 EFLAG=00000202
0127B944	ADD      EBP, 0x4315bf9                                   EAX=002DF574 ECX=17336EF2 EDX=001ADCD8 EBX=775D41B5 ESP=002DF568 EBP=5BFCEEB5 ESI=EF133C0F EDI=006B0006 EFLAG=00000202
0127B94A	ADD      ECX, EBP                                         EAX=002DF574 ECX=17336EF2 EDX=001ADCD8 EBX=775D41B5 ESP=002DF568 EBP=602E4AAE ESI=EF133C0F EDI=006B0006 EFLAG=00000202
0127B94C	POP      EBP                                              EAX=002DF574 ECX=7761B9A0 EDX=001ADCD8 EBX=775D41B5 ESP=002DF568 EBP=602E4AAE ESI=EF133C0F EDI=006B0006 EFLAG=00000216
0127B94D	XOR      ECX, 0x49d467be                                  EAX=002DF574 ECX=7761B9A0 EDX=001ADCD8 EBX=775D41B5 ESP=002DF56C EBP=002DF5DC ESI=EF133C0F EDI=006B0006 EFLAG=00000216
0127B953	SHR      ECX, 0x3                                         EAX=002DF574 ECX=3EB5DE1E EDX=001ADCD8 EBX=775D41B5 ESP=002DF56C EBP=002DF5DC ESI=EF133C0F EDI=006B0006 EFLAG=00000206
0127B956	ADD      ECX, 0x9160832                                   EAX=002DF574 ECX=07D6BBC3 EDX=001ADCD8 EBX=775D41B5 ESP=002DF56C EBP=002DF5DC ESI=EF133C0F EDI=006B0006 EFLAG=00000207
0127B95C	ADD      ESI, ECX                                         EAX=002DF574 ECX=10ECC3F5 EDX=001ADCD8 EBX=775D41B5 ESP=002DF56C EBP=002DF5DC ESI=EF133C0F EDI=006B0006 EFLAG=00000206
0127B95E	MOV      ECX, [ESP]                                       EAX=002DF574 ECX=10ECC3F5 EDX=001ADCD8 EBX=775D41B5 ESP=002DF56C EBP=002DF5DC ESI=00000004 EDI=006B0006 EFLAG=00000213
0127B961	PUSH     EBP                                              EAX=002DF574 ECX=00000001 EDX=001ADCD8 EBX=775D41B5 ESP=002DF56C EBP=002DF5DC ESI=00000004 EDI=006B0006 EFLAG=00000213
0127B962	MOV      EBP, ESP                                         EAX=002DF574 ECX=00000001 EDX=001ADCD8 EBX=775D41B5 ESP=002DF568 EBP=002DF5DC ESI=00000004 EDI=006B0006 EFLAG=00000213
0127B964	ADD      EBP, 0x4                                         EAX=002DF574 ECX=00000001 EDX=001ADCD8 EBX=775D41B5 ESP=002DF568 EBP=002DF568 ESI=00000004 EDI=006B0006 EFLAG=00000213
0127B96A	PUSH     EAX                                              EAX=002DF574 ECX=00000001 EDX=001ADCD8 EBX=775D41B5 ESP=002DF568 EBP=002DF56C ESI=00000004 EDI=006B0006 EFLAG=00000206
0127B96B	MOV      EAX, 0x4                                         EAX=002DF574 ECX=00000001 EDX=001ADCD8 EBX=775D41B5 ESP=002DF564 EBP=002DF56C ESI=00000004 EDI=006B0006 EFLAG=00000206
0127B970	ADD      EBP, EAX                                         EAX=00000004 ECX=00000001 EDX=001ADCD8 EBX=775D41B5 ESP=002DF564 EBP=002DF56C ESI=00000004 EDI=006B0006 EFLAG=00000206
0127B972	POP      EAX                                              EAX=00000004 ECX=00000001 EDX=001ADCD8 EBX=775D41B5 ESP=002DF564 EBP=002DF570 ESI=00000004 EDI=006B0006 EFLAG=00000212
0127B973	XCHG     [ESP], EBP                                       EAX=002DF574 ECX=00000001 EDX=001ADCD8 EBX=775D41B5 ESP=002DF568 EBP=002DF570 ESI=00000004 EDI=006B0006 EFLAG=00000212
0127B976	POP      ESP                                              EAX=002DF574 ECX=00000001 EDX=001ADCD8 EBX=775D41B5 ESP=002DF568 EBP=002DF5DC ESI=00000004 EDI=006B0006 EFLAG=00000212
0127B97C	ADD      EAX, ESI                                         EAX=39F1247B ECX=00000001 EDX=001ADCD8 EBX=775D41B5 ESP=002DF570 EBP=002DF5DC ESI=00000004 EDI=006B0006 EFLAG=00000206
0127B983	POP      ESI                                              EAX=002DF578 ECX=00000001 EDX=001ADCD8 EBX=775D41B5 ESP=002DF570 EBP=002DF5DC ESI=00000004 EDI=006B0006 EFLAG=00000206
0127B984	PUSH     EBX                                              EAX=002DF578 ECX=00000001 EDX=001ADCD8 EBX=775D41B5 ESP=002DF574 EBP=002DF5DC ESI=00000000 EDI=006B0006 EFLAG=00000206
0127B985	MOV      EBX, 0x4                                         EAX=002DF578 ECX=00000001 EDX=001ADCD8 EBX=775D41B5 ESP=002DF570 EBP=002DF5DC ESI=00000000 EDI=006B0006 EFLAG=00000206
0127B98F	SUB      EAX, EBX                                         EAX=8492C7AA ECX=00000001 EDX=001ADCD8 EBX=00000004 ESP=002DF570 EBP=002DF5DC ESI=00000000 EDI=006B0006 EFLAG=00000297
0127B996	POP      EBX                                              EAX=002DF574 ECX=00000001 EDX=001ADCD8 EBX=00000004 ESP=002DF570 EBP=002DF5DC ESI=00000000 EDI=006B0006 EFLAG=00000217
0127B997	XCHG     [ESP], EAX                                       EAX=002DF574 ECX=00000001 EDX=001ADCD8 EBX=775D41B5 ESP=002DF574 EBP=002DF5DC ESI=00000000 EDI=006B0006 EFLAG=00000217
0127B99A	POP      ESP                                              EAX=00581BB0 ECX=00000001 EDX=001ADCD8 EBX=775D41B5 ESP=002DF574 EBP=002DF5DC ESI=00000000 EDI=006B0006 EFLAG=00000217
0127B9A1	MOV      [ESP], EDX                                       EAX=00581BB0 ECX=00000001 EDX=001ADCD8 EBX=775D41B5 ESP=002DF574 EBP=002DF5DC ESI=00000000 EDI=006B0006 EFLAG=00000217
0127B9A4	PUSH     EBX                                              EAX=00581BB0 ECX=00000001 EDX=001ADCD8 EBX=775D41B5 ESP=002DF574 EBP=002DF5DC ESI=00000000 EDI=006B0006 EFLAG=00000217
0127B9AC	PUSH     EAX                                              EAX=00581BB0 ECX=00000001 EDX=001ADCD8 EBX=775D41B5 ESP=002DF570 EBP=002DF5DC ESI=00000000 EDI=006B0006 EFLAG=00000217
0127B9B0	MOV      [ESP], ECX                                       EAX=00581BB0 ECX=00000001 EDX=001ADCD8 EBX=775D41B5 ESP=002DF56C EBP=002DF5DC ESI=00000000 EDI=006B0006 EFLAG=00000217
0127B9B3	MOV      ECX, ESP                                         EAX=00581BB0 ECX=00000001 EDX=001ADCD8 EBX=775D41B5 ESP=002DF56C EBP=002DF5DC ESI=00000000 EDI=006B0006 EFLAG=00000217
0127B9B5	ADD      ECX, 0x4                                         EAX=00581BB0 ECX=002DF56C EDX=001ADCD8 EBX=775D41B5 ESP=002DF56C EBP=002DF5DC ESI=00000000 EDI=006B0006 EFLAG=00000217
0127B9BB	PUSH     EBP                                              EAX=00581BB0 ECX=002DF570 EDX=001ADCD8 EBX=775D41B5 ESP=002DF56C EBP=002DF5DC ESI=00000000 EDI=006B0006 EFLAG=00000212
0127B9C3	MOV      EBP, 0x4                                         EAX=00581BB0 ECX=002DF570 EDX=001ADCD8 EBX=775D41B5 ESP=002DF568 EBP=002DF5DC ESI=00000000 EDI=006B0006 EFLAG=00000212
0127B9C8	PUSH     EDI                                              EAX=00581BB0 ECX=002DF570 EDX=001ADCD8 EBX=775D41B5 ESP=002DF568 EBP=00000004 ESI=00000000 EDI=006B0006 EFLAG=00000212
0127B9C9	MOV      EDI, 0x20bb64e9                                  EAX=00581BB0 ECX=002DF570 EDX=001ADCD8 EBX=775D41B5 ESP=002DF564 EBP=00000004 ESI=00000000 EDI=006B0006 EFLAG=00000212
0127B9CE	SUB      ECX, EDI                                         EAX=00581BB0 ECX=002DF570 EDX=001ADCD8 EBX=775D41B5 ESP=002DF564 EBP=00000004 ESI=00000000 EDI=20BB64E9 EFLAG=00000212
0127B9D0	POP      EDI                                              EAX=00581BB0 ECX=DF729087 EDX=001ADCD8 EBX=775D41B5 ESP=002DF564 EBP=00000004 ESI=00000000 EDI=20BB64E9 EFLAG=00000297
0127B9D7	SUB      ECX, EBP                                         EAX=00581BB0 ECX=8F186AA3 EDX=001ADCD8 EBX=775D41B5 ESP=002DF568 EBP=00000004 ESI=00000000 EDI=006B0006 EFLAG=00000286
0127B9DF	PUSH     EBX                                              EAX=00581BB0 ECX=DF729083 EDX=001ADCD8 EBX=775D41B5 ESP=002DF568 EBP=00000004 ESI=00000000 EDI=006B0006 EFLAG=00000292
0127B9E7	MOV      EBX, 0x9f12570                                   EAX=00581BB0 ECX=DF729083 EDX=001ADCD8 EBX=775D41B5 ESP=002DF564 EBP=00000004 ESI=00000000 EDI=006B0006 EFLAG=00000292
0127B9EC	PUSH     ECX                                              EAX=00581BB0 ECX=DF729083 EDX=001ADCD8 EBX=09F12570 ESP=002DF564 EBP=00000004 ESI=00000000 EDI=006B0006 EFLAG=00000292
0127B9ED	MOV      ECX, 0x13440a9c                                  EAX=00581BB0 ECX=DF729083 EDX=001ADCD8 EBX=09F12570 ESP=002DF560 EBP=00000004 ESI=00000000 EDI=006B0006 EFLAG=00000292
0127B9F2	ADD      EBX, ECX                                         EAX=00581BB0 ECX=13440A9C EDX=001ADCD8 EBX=09F12570 ESP=002DF560 EBP=00000004 ESI=00000000 EDI=006B0006 EFLAG=00000292
0127B9F4	POP      ECX                                              EAX=00581BB0 ECX=13440A9C EDX=001ADCD8 EBX=1D35300C ESP=002DF560 EBP=00000004 ESI=00000000 EDI=006B0006 EFLAG=00000206
0127B9F5	INC      EBX                                              EAX=00581BB0 ECX=DF729083 EDX=001ADCD8 EBX=1D35300C ESP=002DF564 EBP=00000004 ESI=00000000 EDI=006B0006 EFLAG=00000206
0127B9F8	NEG      EBX                                              EAX=00581BB0 ECX=DF729083 EDX=001ADCD8 EBX=1D35300D ESP=002DF564 EBP=00000004 ESI=00000000 EDI=006B0006 EFLAG=00000202
0127B9FA	AND      EBX, 0x357e1b25                                  EAX=00581BB0 ECX=DF729083 EDX=001ADCD8 EBX=E2CACFF3 ESP=002DF564 EBP=00000004 ESI=00000000 EDI=006B0006 EFLAG=00000297
0127BA00	PUSH     EDI                                              EAX=00581BB0 ECX=DF729083 EDX=001ADCD8 EBX=204A0B21 ESP=002DF564 EBP=00000004 ESI=00000000 EDI=006B0006 EFLAG=00000206
0127BA01	MOV      EDI, 0x10983668                                  EAX=00581BB0 ECX=DF729083 EDX=001ADCD8 EBX=204A0B21 ESP=002DF560 EBP=00000004 ESI=00000000 EDI=006B0006 EFLAG=00000206
0127BA06	OR       EBX, EDI                                         EAX=00581BB0 ECX=DF729083 EDX=001ADCD8 EBX=204A0B21 ESP=002DF560 EBP=00000004 ESI=00000000 EDI=10983668 EFLAG=00000206
0127BA08	POP      EDI                                              EAX=00581BB0 ECX=DF729083 EDX=001ADCD8 EBX=30DA3F69 ESP=002DF560 EBP=00000004 ESI=00000000 EDI=10983668 EFLAG=00000206
0127BA09	PUSH     EBP                                              EAX=00581BB0 ECX=DF729083 EDX=001ADCD8 EBX=30DA3F69 ESP=002DF564 EBP=00000004 ESI=00000000 EDI=006B0006 EFLAG=00000206
0127BA0A	PUSH     EDX                                              EAX=00581BB0 ECX=DF729083 EDX=001ADCD8 EBX=30DA3F69 ESP=002DF560 EBP=00000004 ESI=00000000 EDI=006B0006 EFLAG=00000206
0127BA0B	MOV      EDX, 0x21303270                                  EAX=00581BB0 ECX=DF729083 EDX=001ADCD8 EBX=30DA3F69 ESP=002DF55C EBP=00000004 ESI=00000000 EDI=006B0006 EFLAG=00000206
0127BA11	AND      EDX, 0x189103dd                                  EAX=00581BB0 ECX=DF729083 EDX=21303270 EBX=30DA3F69 ESP=002DF55C EBP=00000004 ESI=00000000 EDI=006B0006 EFLAG=00000206
0127BA17	SUB      EDX, 0xeff127d0                                  EAX=00581BB0 ECX=DF729083 EDX=00100250 EBX=30DA3F69 ESP=002DF55C EBP=00000004 ESI=00000000 EDI=006B0006 EFLAG=00000206
0127BA1D	MOV      EBP, EDX                                         EAX=00581BB0 ECX=DF729083 EDX=101EDA80 EBX=30DA3F69 ESP=002DF55C EBP=00000004 ESI=00000000 EDI=006B0006 EFLAG=00000203
0127BA1F	POP      EDX                                              EAX=00581BB0 ECX=DF729083 EDX=101EDA80 EBX=30DA3F69 ESP=002DF55C EBP=101EDA80 ESI=00000000 EDI=006B0006 EFLAG=00000203
0127BA20	SUB      EBX, EBP                                         EAX=00581BB0 ECX=DF729083 EDX=001ADCD8 EBX=30DA3F69 ESP=002DF560 EBP=101EDA80 ESI=00000000 EDI=006B0006 EFLAG=00000203
0127BA22	POP      EBP                                              EAX=00581BB0 ECX=DF729083 EDX=001ADCD8 EBX=20BB64E9 ESP=002DF560 EBP=101EDA80 ESI=00000000 EDI=006B0006 EFLAG=00000202
0127BA23	ADD      ECX, EBX                                         EAX=00581BB0 ECX=DF729083 EDX=001ADCD8 EBX=20BB64E9 ESP=002DF564 EBP=00000004 ESI=00000000 EDI=006B0006 EFLAG=00000202
0127BA25	POP      EBX                                              EAX=00581BB0 ECX=002DF56C EDX=001ADCD8 EBX=20BB64E9 ESP=002DF564 EBP=00000004 ESI=00000000 EDI=006B0006 EFLAG=00000207
0127BA26	POP      EBP                                              EAX=00581BB0 ECX=002DF56C EDX=001ADCD8 EBX=775D41B5 ESP=002DF568 EBP=00000004 ESI=00000000 EDI=006B0006 EFLAG=00000207
0127BA27	PUSH     ECX                                              EAX=00581BB0 ECX=002DF56C EDX=001ADCD8 EBX=775D41B5 ESP=002DF56C EBP=002DF5DC ESI=00000000 EDI=006B0006 EFLAG=00000207
0127BA2F	MOV      ECX, [ESP+0x4]                                   EAX=00581BB0 ECX=002DF56C EDX=001ADCD8 EBX=775D41B5 ESP=002DF568 EBP=002DF5DC ESI=00000000 EDI=006B0006 EFLAG=00000207
0127BA34	POP      DWORD [ESP]                                      EAX=00581BB0 ECX=00000001 EDX=001ADCD8 EBX=775D41B5 ESP=002DF568 EBP=002DF5DC ESI=00000000 EDI=006B0006 EFLAG=00000207
0127BA37	MOV      ESP, [ESP]                                       EAX=00581BB0 ECX=00000001 EDX=001ADCD8 EBX=775D41B5 ESP=002DF56C EBP=002DF5DC ESI=00000000 EDI=006B0006 EFLAG=00000207
0127BA3A	MOV      [ESP], EBX                                       EAX=00581BB0 ECX=00000001 EDX=001ADCD8 EBX=775D41B5 ESP=002DF56C EBP=002DF5DC ESI=00000000 EDI=006B0006 EFLAG=00000207
0127BA3D	PUSH     EBP                                              EAX=00581BB0 ECX=00000001 EDX=001ADCD8 EBX=775D41B5 ESP=002DF56C EBP=002DF5DC ESI=00000000 EDI=006B0006 EFLAG=00000207
0127BA45	PUSH     ESI                                              EAX=00581BB0 ECX=00000001 EDX=001ADCD8 EBX=775D41B5 ESP=002DF568 EBP=002DF5DC ESI=00000000 EDI=006B0006 EFLAG=00000207
0127BA4D	PUSH     EBP                                              EAX=00581BB0 ECX=00000001 EDX=001ADCD8 EBX=775D41B5 ESP=002DF564 EBP=002DF5DC ESI=00000000 EDI=006B0006 EFLAG=00000207
0127BA56	MOV      [ESP], EAX                                       EAX=00581BB0 ECX=00000001 EDX=001ADCD8 EBX=775D41B5 ESP=002DF560 EBP=002DF5DC ESI=00000000 EDI=006B0006 EFLAG=00000206
0127BA59	PUSH     EAX                                              EAX=00581BB0 ECX=00000001 EDX=001ADCD8 EBX=775D41B5 ESP=002DF560 EBP=002DF5DC ESI=00000000 EDI=006B0006 EFLAG=00000206
0127BA5A	MOV      EAX, ESP                                         EAX=00581BB0 ECX=00000001 EDX=001ADCD8 EBX=775D41B5 ESP=002DF55C EBP=002DF5DC ESI=00000000 EDI=006B0006 EFLAG=00000206
0127BA66	XCHG     [ESP], EAX                                       EAX=002DF55C ECX=00000001 EDX=001ADCD8 EBX=775D41B5 ESP=002DF55C EBP=002DF5DC ESI=00000000 EDI=006B0006 EFLAG=00000216
0127BA69	MOV      ESP, [ESP]                                       EAX=00581BB0 ECX=00000001 EDX=001ADCD8 EBX=775D41B5 ESP=002DF55C EBP=002DF5DC ESI=00000000 EDI=006B0006 EFLAG=00000216
0127BA6C	MOV      [ESP], ESP                                       EAX=00581BB0 ECX=00000001 EDX=001ADCD8 EBX=775D41B5 ESP=002DF55C EBP=002DF5DC ESI=00000000 EDI=006B0006 EFLAG=00000216
0127BA70	PUSH     EDI                                              EAX=00581BB0 ECX=00000001 EDX=001ADCD8 EBX=775D41B5 ESP=002DF55C EBP=002DF5DC ESI=00000000 EDI=006B0006 EFLAG=00000216
0127BA78	MOV      EDI, 0x4                                         EAX=00581BB0 ECX=00000001 EDX=001ADCD8 EBX=775D41B5 ESP=002DF558 EBP=002DF5DC ESI=00000000 EDI=006B0006 EFLAG=00000216
0127BA7D	ADD      [ESP+0x4], EDI                                   EAX=00581BB0 ECX=00000001 EDX=001ADCD8 EBX=775D41B5 ESP=002DF558 EBP=002DF5DC ESI=00000000 EDI=00000004 EFLAG=00000216
0127BA81	POP      EDI                                              EAX=00581BB0 ECX=00000001 EDX=001ADCD8 EBX=775D41B5 ESP=002DF558 EBP=002DF5DC ESI=00000000 EDI=00000004 EFLAG=00000216
0127BA82	POP      EAX                                              EAX=00581BB0 ECX=00000001 EDX=001ADCD8 EBX=775D41B5 ESP=002DF55C EBP=002DF5DC ESI=00000000 EDI=006B0006 EFLAG=00000216
0127BA83	ADD      EAX, 0x4                                         EAX=002DF560 ECX=00000001 EDX=001ADCD8 EBX=775D41B5 ESP=002DF560 EBP=002DF5DC ESI=00000000 EDI=006B0006 EFLAG=00000216
0127BA88	PUSH     ESI                                              EAX=002DF564 ECX=00000001 EDX=001ADCD8 EBX=775D41B5 ESP=002DF560 EBP=002DF5DC ESI=00000000 EDI=006B0006 EFLAG=00000202
0127BA8C	MOV      ESI, 0x4f1e2b92                                  EAX=002DF564 ECX=00000001 EDX=001ADCD8 EBX=775D41B5 ESP=002DF55C EBP=002DF5DC ESI=00000000 EDI=006B0006 EFLAG=00000202
0127BA92	PUSH     EDX                                              EAX=002DF564 ECX=00000001 EDX=001ADCD8 EBX=775D41B5 ESP=002DF55C EBP=002DF5DC ESI=4F1E2B92 EDI=006B0006 EFLAG=00000202
0127BA9A	MOV      EDX, 0x583918bd                                  EAX=002DF564 ECX=00000001 EDX=001ADCD8 EBX=775D41B5 ESP=002DF558 EBP=002DF5DC ESI=4F1E2B92 EDI=006B0006 EFLAG=00000202
0127BAA5	SUB      ESI, EDX                                         EAX=002DF564 ECX=00000001 EDX=583918BD EBX=775D41B5 ESP=002DF558 EBP=002DF5DC ESI=18830A35 EDI=006B0006 EFLAG=00000216
0127BAAD	POP      EDX                                              EAX=002DF564 ECX=00000001 EDX=583918BD EBX=775D41B5 ESP=002DF558 EBP=002DF5DC ESI=F6E512D5 EDI=006B0006 EFLAG=00000292
0127BAAE	SHL      ESI, 0x1                                         EAX=002DF564 ECX=00000001 EDX=001ADCD8 EBX=775D41B5 ESP=002DF55C EBP=002DF5DC ESI=F6E512D5 EDI=006B0006 EFLAG=00000292
0127BAB0	SUB      ESI, 0xab75de3f                                  EAX=002DF564 ECX=00000001 EDX=001ADCD8 EBX=775D41B5 ESP=002DF55C EBP=002DF5DC ESI=EDCA25AA EDI=006B0006 EFLAG=00000287
0127BAB6	SHL      ESI, 0x1                                         EAX=002DF564 ECX=00000001 EDX=001ADCD8 EBX=775D41B5 ESP=002DF55C EBP=002DF5DC ESI=4254476B EDI=006B0006 EFLAG=00000212
0127BAB8	INC      ESI                                              EAX=002DF564 ECX=00000001 EDX=001ADCD8 EBX=775D41B5 ESP=002DF55C EBP=002DF5DC ESI=84A88ED6 EDI=006B0006 EFLAG=00000A82
0127BAB9	OR       ESI, 0x4eb80f4d                                  EAX=002DF564 ECX=00000001 EDX=001ADCD8 EBX=775D41B5 ESP=002DF55C EBP=002DF5DC ESI=84A88ED7 EDI=006B0006 EFLAG=00000286
0127BABF	NOT      ESI                                              EAX=002DF564 ECX=00000001 EDX=001ADCD8 EBX=775D41B5 ESP=002DF55C EBP=002DF5DC ESI=CEB88FDF EDI=006B0006 EFLAG=00000282
0127BAC1	ADD      ESI, 0x549a7402                                  EAX=002DF564 ECX=00000001 EDX=001ADCD8 EBX=775D41B5 ESP=002DF55C EBP=002DF5DC ESI=31477020 EDI=006B0006 EFLAG=00000282
0127BAC7	XOR      ESI, 0x85e1e426                                  EAX=002DF564 ECX=00000001 EDX=001ADCD8 EBX=775D41B5 ESP=002DF55C EBP=002DF5DC ESI=85E1E422 EDI=006B0006 EFLAG=00000A86
0127BACD	SUB      EAX, ESI                                         EAX=002DF564 ECX=00000001 EDX=001ADCD8 EBX=775D41B5 ESP=002DF55C EBP=002DF5DC ESI=00000004 EDI=006B0006 EFLAG=00000202
0127BACF	POP      ESI                                              EAX=002DF560 ECX=00000001 EDX=001ADCD8 EBX=775D41B5 ESP=002DF55C EBP=002DF5DC ESI=00000004 EDI=006B0006 EFLAG=00000206
0127BAD5	XCHG     [ESP], EAX                                       EAX=002DF560 ECX=00000001 EDX=001ADCD8 EBX=775D41B5 ESP=002DF560 EBP=002DF5DC ESI=00000000 EDI=006B0006 EFLAG=00000216
0127BADE	MOV      ESP, [ESP]                                       EAX=00581BB0 ECX=00000001 EDX=001ADCD8 EBX=775D41B5 ESP=002DF560 EBP=002DF5DC ESI=00000000 EDI=006B0006 EFLAG=00000202
0127BAE1	MOV      [ESP], EDI                                       EAX=00581BB0 ECX=00000001 EDX=001ADCD8 EBX=775D41B5 ESP=002DF560 EBP=002DF5DC ESI=00000000 EDI=006B0006 EFLAG=00000202
0127BAE4	CALL     0x127bae9                                        EAX=00581BB0 ECX=00000001 EDX=001ADCD8 EBX=775D41B5 ESP=002DF560 EBP=002DF5DC ESI=00000000 EDI=006B0006 EFLAG=00000202
0127BAE9	PUSH     DWORD [ESP]                                      EAX=00581BB0 ECX=00000001 EDX=001ADCD8 EBX=775D41B5 ESP=002DF55C EBP=002DF5DC ESI=00000000 EDI=006B0006 EFLAG=00000202
0127BAEC	POP      ECX                                              EAX=00581BB0 ECX=00000001 EDX=001ADCD8 EBX=775D41B5 ESP=002DF558 EBP=002DF5DC ESI=00000000 EDI=006B0006 EFLAG=00000202
0127BAF5	PUSH     EAX                                              EAX=00581BB0 ECX=0127BAE9 EDX=001ADCD8 EBX=775D41B5 ESP=002DF55C EBP=002DF5DC ESI=00000000 EDI=006B0006 EFLAG=00000206
0127BAF6	PUSH     ESP                                              EAX=00581BB0 ECX=0127BAE9 EDX=001ADCD8 EBX=775D41B5 ESP=002DF558 EBP=002DF5DC ESI=00000000 EDI=006B0006 EFLAG=00000206
0127BAF7	POP      EAX                                              EAX=00581BB0 ECX=0127BAE9 EDX=001ADCD8 EBX=775D41B5 ESP=002DF554 EBP=002DF5DC ESI=00000000 EDI=006B0006 EFLAG=00000206
0127BAFD	PUSH     ESI                                              EAX=002DF558 ECX=0127BAE9 EDX=001ADCD8 EBX=775D41B5 ESP=002DF558 EBP=002DF5DC ESI=00000000 EDI=006B0006 EFLAG=00000202
0127BB05	MOV      ESI, 0x7b8625                                    EAX=002DF558 ECX=0127BAE9 EDX=001ADCD8 EBX=775D41B5 ESP=002DF554 EBP=002DF5DC ESI=00000000 EDI=006B0006 EFLAG=00000202
0127BB0D	NOT      ESI                                              EAX=002DF558 ECX=0127BAE9 EDX=001ADCD8 EBX=775D41B5 ESP=002DF554 EBP=002DF5DC ESI=007B8625 EDI=006B0006 EFLAG=00000203
0127BB0F	PUSH     EBX                                              EAX=002DF558 ECX=0127BAE9 EDX=001ADCD8 EBX=775D41B5 ESP=002DF554 EBP=002DF5DC ESI=FF8479DA EDI=006B0006 EFLAG=00000203
0127BB10	MOV      EBX, 0xffffffff                                  EAX=002DF558 ECX=0127BAE9 EDX=001ADCD8 EBX=775D41B5 ESP=002DF550 EBP=002DF5DC ESI=FF8479DA EDI=006B0006 EFLAG=00000203
0127BB15	ADD      ESI, EBX                                         EAX=002DF558 ECX=0127BAE9 EDX=001ADCD8 EBX=FFFFFFFF ESP=002DF550 EBP=002DF5DC ESI=FF8479DA EDI=006B0006 EFLAG=00000203
0127BB17	MOV      EBX, [ESP]                                       EAX=002DF558 ECX=0127BAE9 EDX=001ADCD8 EBX=FFFFFFFF ESP=002DF550 EBP=002DF5DC ESI=FF8479D9 EDI=006B0006 EFLAG=00000293
0127BB1A	PUSH     EBX                                              EAX=002DF558 ECX=0127BAE9 EDX=001ADCD8 EBX=775D41B5 ESP=002DF550 EBP=002DF5DC ESI=FF8479D9 EDI=006B0006 EFLAG=00000293
0127BB1B	MOV      EBX, ESP                                         EAX=002DF558 ECX=0127BAE9 EDX=001ADCD8 EBX=775D41B5 ESP=002DF54C EBP=002DF5DC ESI=FF8479D9 EDI=006B0006 EFLAG=00000293
0127BB1D	PUSH     ESI                                              EAX=002DF558 ECX=0127BAE9 EDX=001ADCD8 EBX=002DF54C ESP=002DF54C EBP=002DF5DC ESI=FF8479D9 EDI=006B0006 EFLAG=00000293
0127BB1E	MOV      ESI, 0x7a4b5961                                  EAX=002DF558 ECX=0127BAE9 EDX=001ADCD8 EBX=002DF54C ESP=002DF548 EBP=002DF5DC ESI=FF8479D9 EDI=006B0006 EFLAG=00000293
0127BB29	NEG      ESI                                              EAX=002DF558 ECX=0127BAE9 EDX=001ADCD8 EBX=002DF54C ESP=002DF548 EBP=002DF5DC ESI=7A4B5961 EDI=006B0006 EFLAG=00000202
0127BB2B	NOT      ESI                                              EAX=002DF558 ECX=0127BAE9 EDX=001ADCD8 EBX=002DF54C ESP=002DF548 EBP=002DF5DC ESI=85B4A69F EDI=006B0006 EFLAG=00000297
0127BB2D	ADD      ESI, 0x7677dfa                                   EAX=002DF558 ECX=0127BAE9 EDX=001ADCD8 EBX=002DF54C ESP=002DF548 EBP=002DF5DC ESI=7A4B5960 EDI=006B0006 EFLAG=00000297
0127BB33	INC      ESI                                              EAX=002DF558 ECX=0127BAE9 EDX=001ADCD8 EBX=002DF54C ESP=002DF548 EBP=002DF5DC ESI=81B2D75A EDI=006B0006 EFLAG=00000A86
0127BB34	XOR      ESI, 0x81b2d75f                                  EAX=002DF558 ECX=0127BAE9 EDX=001ADCD8 EBX=002DF54C ESP=002DF548 EBP=002DF5DC ESI=81B2D75B EDI=006B0006 EFLAG=00000282
0127BB3A	ADD      EBX, ESI                                         EAX=002DF558 ECX=0127BAE9 EDX=001ADCD8 EBX=002DF54C ESP=002DF548 EBP=002DF5DC ESI=00000004 EDI=006B0006 EFLAG=00000202
0127BB3C	POP      ESI                                              EAX=002DF558 ECX=0127BAE9 EDX=001ADCD8 EBX=002DF550 ESP=002DF548 EBP=002DF5DC ESI=00000004 EDI=006B0006 EFLAG=00000216
0127BB3D	PUSH     ECX                                              EAX=002DF558 ECX=0127BAE9 EDX=001ADCD8 EBX=002DF550 ESP=002DF54C EBP=002DF5DC ESI=FF8479D9 EDI=006B0006 EFLAG=00000216
0127BB3E	MOV      ECX, 0x4                                         EAX=002DF558 ECX=0127BAE9 EDX=001ADCD8 EBX=002DF550 ESP=002DF548 EBP=002DF5DC ESI=FF8479D9 EDI=006B0006 EFLAG=00000216
0127BB49	ADD      EBX, ECX                                         EAX=002DF558 ECX=00000004 EDX=001ADCD8 EBX=D799B042 ESP=002DF548 EBP=002DF5DC ESI=FF8479D9 EDI=006B0006 EFLAG=00000297
0127BB51	POP      ECX                                              EAX=002DF558 ECX=00000004 EDX=001ADCD8 EBX=002DF554 ESP=002DF548 EBP=002DF5DC ESI=FF8479D9 EDI=006B0006 EFLAG=00000213
0127BB5A	PUSH     EBX                                              EAX=002DF558 ECX=0127BAE9 EDX=001ADCD8 EBX=002DF554 ESP=002DF54C EBP=002DF5DC ESI=FF8479D9 EDI=006B0006 EFLAG=00000202
0127BB5B	MOV      EBX, [ESP+0x4]                                   EAX=002DF558 ECX=0127BAE9 EDX=001ADCD8 EBX=002DF554 ESP=002DF548 EBP=002DF5DC ESI=FF8479D9 EDI=006B0006 EFLAG=00000202
0127BB60	POP      DWORD [ESP]                                      EAX=002DF558 ECX=0127BAE9 EDX=001ADCD8 EBX=775D41B5 ESP=002DF548 EBP=002DF5DC ESI=FF8479D9 EDI=006B0006 EFLAG=00000202
0127BB63	POP      ESP                                              EAX=002DF558 ECX=0127BAE9 EDX=001ADCD8 EBX=775D41B5 ESP=002DF54C EBP=002DF5DC ESI=FF8479D9 EDI=006B0006 EFLAG=00000202
0127BB64	AND      ESI, 0x39e604b7                                  EAX=002DF558 ECX=0127BAE9 EDX=001ADCD8 EBX=775D41B5 ESP=002DF554 EBP=002DF5DC ESI=FF8479D9 EDI=006B0006 EFLAG=00000202
0127BB6A	ADD      ESI, 0xc67bff73                                  EAX=002DF558 ECX=0127BAE9 EDX=001ADCD8 EBX=775D41B5 ESP=002DF554 EBP=002DF5DC ESI=39840091 EDI=006B0006 EFLAG=00000202
0127BB70	ADD      EAX, ESI                                         EAX=002DF558 ECX=0127BAE9 EDX=001ADCD8 EBX=775D41B5 ESP=002DF554 EBP=002DF5DC ESI=00000004 EDI=006B0006 EFLAG=00000203
0127BB72	POP      ESI                                              EAX=002DF55C ECX=0127BAE9 EDX=001ADCD8 EBX=775D41B5 ESP=002DF554 EBP=002DF5DC ESI=00000004 EDI=006B0006 EFLAG=00000206
0127BB73	PUSH     EBP                                              EAX=002DF55C ECX=0127BAE9 EDX=001ADCD8 EBX=775D41B5 ESP=002DF558 EBP=002DF5DC ESI=00000000 EDI=006B0006 EFLAG=00000206
0127BB74	MOV      EBP, 0x4                                         EAX=002DF55C ECX=0127BAE9 EDX=001ADCD8 EBX=775D41B5 ESP=002DF554 EBP=002DF5DC ESI=00000000 EDI=006B0006 EFLAG=00000206
0127BB79	ADD      EAX, 0x3492afa                                   EAX=002DF55C ECX=0127BAE9 EDX=001ADCD8 EBX=775D41B5 ESP=002DF554 EBP=00000004 ESI=00000000 EDI=006B0006 EFLAG=00000206
0127BB83	ADD      EAX, EBP                                         EAX=03772056 ECX=0127BAE9 EDX=001ADCD8 EBX=775D41B5 ESP=002DF554 EBP=00000004 ESI=00000000 EDI=006B0006 EFLAG=00000217
0127BB85	SUB      EAX, 0x3492afa                                   EAX=0377205A ECX=0127BAE9 EDX=001ADCD8 EBX=775D41B5 ESP=002DF554 EBP=00000004 ESI=00000000 EDI=006B0006 EFLAG=00000206
0127BB8F	POP      EBP                                              EAX=002DF560 ECX=0127BAE9 EDX=001ADCD8 EBX=775D41B5 ESP=002DF554 EBP=00000004 ESI=00000000 EDI=006B0006 EFLAG=00000217
0127BB90	XCHG     [ESP], EAX                                       EAX=002DF560 ECX=0127BAE9 EDX=001ADCD8 EBX=775D41B5 ESP=002DF558 EBP=002DF5DC ESI=00000000 EDI=006B0006 EFLAG=00000217
0127BB93	POP      ESP                                              EAX=00581BB0 ECX=0127BAE9 EDX=001ADCD8 EBX=775D41B5 ESP=002DF558 EBP=002DF5DC ESI=00000000 EDI=006B0006 EFLAG=00000217
0127BB94	PUSH     EDI                                              EAX=00581BB0 ECX=0127BAE9 EDX=001ADCD8 EBX=775D41B5 ESP=002DF560 EBP=002DF5DC ESI=00000000 EDI=006B0006 EFLAG=00000217
0127BB9C	MOV      EDI, 0x48e53255                                  EAX=00581BB0 ECX=0127BAE9 EDX=001ADCD8 EBX=775D41B5 ESP=002DF55C EBP=002DF5DC ESI=00000000 EDI=006B0006 EFLAG=00000217
0127BBA1	PUSH     ESI                                              EAX=00581BB0 ECX=0127BAE9 EDX=001ADCD8 EBX=775D41B5 ESP=002DF55C EBP=002DF5DC ESI=00000000 EDI=48E53255 EFLAG=00000217
0127BBA5	MOV      ESI, 0x0                                         EAX=00581BB0 ECX=0127BAE9 EDX=001ADCD8 EBX=775D41B5 ESP=002DF558 EBP=002DF5DC ESI=00000000 EDI=48E53255 EFLAG=00000217
0127BBAA	SUB      ESI, EDI                                         EAX=00581BB0 ECX=0127BAE9 EDX=001ADCD8 EBX=775D41B5 ESP=002DF558 EBP=002DF5DC ESI=00000000 EDI=48E53255 EFLAG=00000217
0127BBAC	XCHG     EDI, ESI                                         EAX=00581BB0 ECX=0127BAE9 EDX=001ADCD8 EBX=775D41B5 ESP=002DF558 EBP=002DF5DC ESI=B71ACDAB EDI=48E53255 EFLAG=00000293
0127BBAE	POP      ESI                                              EAX=00581BB0 ECX=0127BAE9 EDX=001ADCD8 EBX=775D41B5 ESP=002DF558 EBP=002DF5DC ESI=48E53255 EDI=B71ACDAB EFLAG=00000293
0127BBAF	PUSH     EDX                                              EAX=00581BB0 ECX=0127BAE9 EDX=001ADCD8 EBX=775D41B5 ESP=002DF55C EBP=002DF5DC ESI=00000000 EDI=B71ACDAB EFLAG=00000293
0127BBB3	MOV      EDX, 0xebb3b583                                  EAX=00581BB0 ECX=0127BAE9 EDX=001ADCD8 EBX=775D41B5 ESP=002DF558 EBP=002DF5DC ESI=00000000 EDI=B71ACDAB EFLAG=00000293
0127BBBE	NOT      EDX                                              EAX=00581BB0 ECX=0127BAE9 EDX=EBB3B583 EBX=775D41B5 ESP=002DF558 EBP=002DF5DC ESI=00000000 EDI=B71ACDAB EFLAG=00000A82
0127BBC0	XOR      EDX, 0x58ed603c                                  EAX=00581BB0 ECX=0127BAE9 EDX=144C4A7C EBX=775D41B5 ESP=002DF558 EBP=002DF5DC ESI=00000000 EDI=B71ACDAB EFLAG=00000A82
0127BBC6	SUB      EDI, EDX                                         EAX=00581BB0 ECX=0127BAE9 EDX=4CA12A40 EBX=775D41B5 ESP=002DF558 EBP=002DF5DC ESI=00000000 EDI=B71ACDAB EFLAG=00000202
0127BBC8	POP      EDX                                              EAX=00581BB0 ECX=0127BAE9 EDX=4CA12A40 EBX=775D41B5 ESP=002DF558 EBP=002DF5DC ESI=00000000 EDI=6A79A36B EFLAG=00000A02
0127BBCE	ADD      EDI, 0x95865f9f                                  EAX=00581BB0 ECX=0127BAE9 EDX=001ADCD8 EBX=775D41B5 ESP=002DF55C EBP=002DF5DC ESI=00000000 EDI=6A79A36B EFLAG=00000206
0127BBD4	SUB      ECX, 0x24d606a3                                  EAX=00581BB0 ECX=0127BAE9 EDX=001ADCD8 EBX=775D41B5 ESP=002DF55C EBP=002DF5DC ESI=00000000 EDI=0000030A EFLAG=00000217
0127BBE6	SUB      ECX, EDI                                         EAX=00581BB0 ECX=3F0E16F0 EDX=001ADCD8 EBX=775D41B5 ESP=002DF55C EBP=002DF5DC ESI=00000000 EDI=0000030A EFLAG=00000217
0127BBEE	ADD      ECX, 0x2fff60e5                                  EAX=00581BB0 ECX=DC51B13C EDX=001ADCD8 EBX=775D41B5 ESP=002DF55C EBP=002DF5DC ESI=00000000 EDI=0000030A EFLAG=00000297
0127BBF4	PUSH     EAX                                              EAX=00581BB0 ECX=0C511221 EDX=001ADCD8 EBX=775D41B5 ESP=002DF55C EBP=002DF5DC ESI=00000000 EDI=0000030A EFLAG=00000217
0127BBF5	MOV      EAX, 0x3d58090f                                  EAX=00581BB0 ECX=0C511221 EDX=001ADCD8 EBX=775D41B5 ESP=002DF558 EBP=002DF5DC ESI=00000000 EDI=0000030A EFLAG=00000217
0127BBFA	PUSH     EBP                                              EAX=3D58090F ECX=0C511221 EDX=001ADCD8 EBX=775D41B5 ESP=002DF558 EBP=002DF5DC ESI=00000000 EDI=0000030A EFLAG=00000217
0127BBFB	MOV      EBP, 0xbb18e45d                                  EAX=3D58090F ECX=0C511221 EDX=001ADCD8 EBX=775D41B5 ESP=002DF554 EBP=002DF5DC ESI=00000000 EDI=0000030A EFLAG=00000217
0127BC02	NEG      EBP                                              EAX=3D58090F ECX=0C511221 EDX=001ADCD8 EBX=775D41B5 ESP=002DF554 EBP=BB18E45D ESI=00000000 EDI=0000030A EFLAG=00000217
0127BC04	PUSH     EDI                                              EAX=3D58090F ECX=0C511221 EDX=001ADCD8 EBX=775D41B5 ESP=002DF554 EBP=44E71BA3 ESI=00000000 EDI=0000030A EFLAG=00000217
0127BC05	MOV      EDI, 0xd09fc165                                  EAX=3D58090F ECX=0C511221 EDX=001ADCD8 EBX=775D41B5 ESP=002DF550 EBP=44E71BA3 ESI=00000000 EDI=0000030A EFLAG=00000217
0127BC10	SUB      EDI, 0x33682bbd                                  EAX=3D58090F ECX=0C511221 EDX=001ADCD8 EBX=775D41B5 ESP=002DF550 EBP=44E71BA3 ESI=00000000 EDI=D09FC165 EFLAG=00000A86
0127BC16	XOR      EDI, 0x5dbc3ec8                                  EAX=3D58090F ECX=0C511221 EDX=001ADCD8 EBX=775D41B5 ESP=002DF550 EBP=44E71BA3 ESI=00000000 EDI=9D3795A8 EFLAG=00000292
0127BC1C	XOR      EDI, 0x3cad8814                                  EAX=3D58090F ECX=0C511221 EDX=001ADCD8 EBX=775D41B5 ESP=002DF550 EBP=44E71BA3 ESI=00000000 EDI=C08BAB60 EFLAG=00000286
0127BC22	ADD      EBP, EDI                                         EAX=3D58090F ECX=0C511221 EDX=001ADCD8 EBX=775D41B5 ESP=002DF550 EBP=44E71BA3 ESI=00000000 EDI=FC262374 EFLAG=00000286
0127BC24	POP      EDI                                              EAX=3D58090F ECX=0C511221 EDX=001ADCD8 EBX=775D41B5 ESP=002DF550 EBP=410D3F17 ESI=00000000 EDI=FC262374 EFLAG=00000207
0127BC2A	AND      EAX, EBP                                         EAX=3D58090F ECX=0C511221 EDX=001ADCD8 EBX=775D41B5 ESP=002DF554 EBP=410D3F17 ESI=00000000 EDI=0000030A EFLAG=00000202
0127BC2C	POP      EBP                                              EAX=01080907 ECX=0C511221 EDX=001ADCD8 EBX=775D41B5 ESP=002DF554 EBP=410D3F17 ESI=00000000 EDI=0000030A EFLAG=00000202
0127BC35	PUSH     EBP                                              EAX=01080907 ECX=0C511221 EDX=001ADCD8 EBX=775D41B5 ESP=002DF558 EBP=002DF5DC ESI=00000000 EDI=0000030A EFLAG=00000202
0127BC36	MOV      EBP, 0x1                                         EAX=01080907 ECX=0C511221 EDX=001ADCD8 EBX=775D41B5 ESP=002DF554 EBP=002DF5DC ESI=00000000 EDI=0000030A EFLAG=00000202
0127BC3B	SUB      EAX, EBP                                         EAX=01080907 ECX=0C511221 EDX=001ADCD8 EBX=775D41B5 ESP=002DF554 EBP=00000001 ESI=00000000 EDI=0000030A EFLAG=00000202
0127BC3D	POP      EBP                                              EAX=01080906 ECX=0C511221 EDX=001ADCD8 EBX=775D41B5 ESP=002DF554 EBP=00000001 ESI=00000000 EDI=0000030A EFLAG=00000206
0127BC3E	PUSH     EBX                                              EAX=01080906 ECX=0C511221 EDX=001ADCD8 EBX=775D41B5 ESP=002DF558 EBP=002DF5DC ESI=00000000 EDI=0000030A EFLAG=00000206
0127BC3F	MOV      EBX, 0x76ff7fd6                                  EAX=01080906 ECX=0C511221 EDX=001ADCD8 EBX=775D41B5 ESP=002DF554 EBP=002DF5DC ESI=00000000 EDI=0000030A EFLAG=00000206
0127BC4A	DEC      EBX                                              EAX=01080906 ECX=0C511221 EDX=001ADCD8 EBX=76FF7FD6 ESP=002DF554 EBP=002DF5DC ESI=00000000 EDI=0000030A EFLAG=00000202
0127BC4B	SUB      EBX, 0x4ab97c4d                                  EAX=01080906 ECX=0C511221 EDX=001ADCD8 EBX=76FF7FD5 ESP=002DF554 EBP=002DF5DC ESI=00000000 EDI=0000030A EFLAG=00000202
0127BC51	OR       EAX, EBX                                         EAX=01080906 ECX=0C511221 EDX=001ADCD8 EBX=2C460388 ESP=002DF554 EBP=002DF5DC ESI=00000000 EDI=0000030A EFLAG=00000216
0127BC53	POP      EBX                                              EAX=2D4E0B8E ECX=0C511221 EDX=001ADCD8 EBX=2C460388 ESP=002DF554 EBP=002DF5DC ESI=00000000 EDI=0000030A EFLAG=00000206
0127BC54	NOT      EAX                                              EAX=2D4E0B8E ECX=0C511221 EDX=001ADCD8 EBX=775D41B5 ESP=002DF558 EBP=002DF5DC ESI=00000000 EDI=0000030A EFLAG=00000206
0127BC56	SHR      EAX, 0x5                                         EAX=D2B1F471 ECX=0C511221 EDX=001ADCD8 EBX=775D41B5 ESP=002DF558 EBP=002DF5DC ESI=00000000 EDI=0000030A EFLAG=00000206
0127BC59	SUB      EAX, 0xfb6c3561                                  EAX=06958FA3 ECX=0C511221 EDX=001ADCD8 EBX=775D41B5 ESP=002DF558 EBP=002DF5DC ESI=00000000 EDI=0000030A EFLAG=00000207
0127BC5E	SUB      ECX, EAX                                         EAX=0B295A42 ECX=0C511221 EDX=001ADCD8 EBX=775D41B5 ESP=002DF558 EBP=002DF5DC ESI=00000000 EDI=0000030A EFLAG=00000207
0127BC60	POP      EAX                                              EAX=0B295A42 ECX=0127B7DF EDX=001ADCD8 EBX=775D41B5 ESP=002DF558 EBP=002DF5DC ESI=00000000 EDI=0000030A EFLAG=00000212
0127BC61	POP      EDI                                              EAX=00581BB0 ECX=0127B7DF EDX=001ADCD8 EBX=775D41B5 ESP=002DF55C EBP=002DF5DC ESI=00000000 EDI=0000030A EFLAG=00000212
0127BC62	PUSH     EBX                                              EAX=00581BB0 ECX=0127B7DF EDX=001ADCD8 EBX=775D41B5 ESP=002DF560 EBP=002DF5DC ESI=00000000 EDI=006B0006 EFLAG=00000212
0127BC68	PUSH     EDX                                              EAX=00581BB0 ECX=0127B7DF EDX=001ADCD8 EBX=775D41B5 ESP=002DF55C EBP=002DF5DC ESI=00000000 EDI=006B0006 EFLAG=00000216
0127BC71	PUSH     ECX                                              EAX=00581BB0 ECX=0127B7DF EDX=001ADCD8 EBX=775D41B5 ESP=002DF558 EBP=002DF5DC ESI=00000000 EDI=006B0006 EFLAG=00000202
0127BC72	MOV      ECX, 0x167b0211                                  EAX=00581BB0 ECX=0127B7DF EDX=001ADCD8 EBX=775D41B5 ESP=002DF554 EBP=002DF5DC ESI=00000000 EDI=006B0006 EFLAG=00000202
0127BC78	NOT      ECX                                              EAX=00581BB0 ECX=167B0211 EDX=001ADCD8 EBX=775D41B5 ESP=002DF554 EBP=002DF5DC ESI=00000000 EDI=006B0006 EFLAG=00000202
0127BC7D	XOR      ECX, 0xc7c6b5db                                  EAX=00581BB0 ECX=E984FDEE EDX=001ADCD8 EBX=775D41B5 ESP=002DF554 EBP=002DF5DC ESI=00000000 EDI=006B0006 EFLAG=00000202
0127BC83	MOV      EDX, ECX                                         EAX=00581BB0 ECX=2E424835 EDX=001ADCD8 EBX=775D41B5 ESP=002DF554 EBP=002DF5DC ESI=00000000 EDI=006B0006 EFLAG=00000206
0127BC85	POP      ECX                                              EAX=00581BB0 ECX=2E424835 EDX=2E424835 EBX=775D41B5 ESP=002DF554 EBP=002DF5DC ESI=00000000 EDI=006B0006 EFLAG=00000206
0127BC86	DEC      EDX                                              EAX=00581BB0 ECX=0127B7DF EDX=2E424835 EBX=775D41B5 ESP=002DF558 EBP=002DF5DC ESI=00000000 EDI=006B0006 EFLAG=00000206
0127BC87	PUSH     EBP                                              EAX=00581BB0 ECX=0127B7DF EDX=2E424834 EBX=775D41B5 ESP=002DF558 EBP=002DF5DC ESI=00000000 EDI=006B0006 EFLAG=00000202
0127BC90	MOV      [ESP], EAX                                       EAX=00581BB0 ECX=0127B7DF EDX=2E424834 EBX=775D41B5 ESP=002DF554 EBP=002DF5DC ESI=00000000 EDI=006B0006 EFLAG=00000202
0127BC93	PUSH     EBX                                              EAX=00581BB0 ECX=0127B7DF EDX=2E424834 EBX=775D41B5 ESP=002DF554 EBP=002DF5DC ESI=00000000 EDI=006B0006 EFLAG=00000202
0127BC9B	MOV      EBX, 0x2ee33c26                                  EAX=00581BB0 ECX=0127B7DF EDX=2E424834 EBX=775D41B5 ESP=002DF550 EBP=002DF5DC ESI=00000000 EDI=006B0006 EFLAG=00000202
0127BCA0	MOV      EAX, 0xc0abd1                                    EAX=00581BB0 ECX=0127B7DF EDX=2E424834 EBX=2EE33C26 ESP=002DF550 EBP=002DF5DC ESI=00000000 EDI=006B0006 EFLAG=00000202
0127BCA5	SUB      EAX, EBX                                         EAX=00C0ABD1 ECX=0127B7DF EDX=2E424834 EBX=2EE33C26 ESP=002DF550 EBP=002DF5DC ESI=00000000 EDI=006B0006 EFLAG=00000202
0127BCA7	POP      EBX                                              EAX=D1DD6FAB ECX=0127B7DF EDX=2E424834 EBX=2EE33C26 ESP=002DF550 EBP=002DF5DC ESI=00000000 EDI=006B0006 EFLAG=00000293
0127BCA8	ADD      EDX, EAX                                         EAX=D1DD6FAB ECX=0127B7DF EDX=2E424834 EBX=775D41B5 ESP=002DF554 EBP=002DF5DC ESI=00000000 EDI=006B0006 EFLAG=00000293
0127BCAA	POP      EAX                                              EAX=D1DD6FAB ECX=0127B7DF EDX=001FB7DF EBX=775D41B5 ESP=002DF554 EBP=002DF5DC ESI=00000000 EDI=006B0006 EFLAG=00000203
0127BCB3	PUSH     EBX                                              EAX=00581BB0 ECX=0127B7DF EDX=001FB7DF EBX=775D41B5 ESP=002DF558 EBP=002DF5DC ESI=00000000 EDI=006B0006 EFLAG=00000202
0127BCB9	MOV      [ESP], ESI                                       EAX=00581BB0 ECX=0127B7DF EDX=001FB7DF EBX=775D41B5 ESP=002DF554 EBP=002DF5DC ESI=00000000 EDI=006B0006 EFLAG=00000202
0127BCBC	MOV      ESI, EDX                                         EAX=00581BB0 ECX=0127B7DF EDX=001FB7DF EBX=775D41B5 ESP=002DF554 EBP=002DF5DC ESI=00000000 EDI=006B0006 EFLAG=00000202
0127BCBE	MOV      EBX, ESI                                         EAX=00581BB0 ECX=0127B7DF EDX=001FB7DF EBX=775D41B5 ESP=002DF554 EBP=002DF5DC ESI=001FB7DF EDI=006B0006 EFLAG=00000202
0127BCC0	POP      ESI                                              EAX=00581BB0 ECX=0127B7DF EDX=001FB7DF EBX=001FB7DF ESP=002DF554 EBP=002DF5DC ESI=001FB7DF EDI=006B0006 EFLAG=00000202
0127BCC6	MOV      EDX, [ESP]                                       EAX=00581BB0 ECX=0127B7DF EDX=001FB7DF EBX=001FB7DF ESP=002DF558 EBP=002DF5DC ESI=00000000 EDI=006B0006 EFLAG=00000202
0127BCCA	ADD      ESP, 0x4                                         EAX=00581BB0 ECX=0127B7DF EDX=001ADCD8 EBX=001FB7DF ESP=002DF558 EBP=002DF5DC ESI=00000000 EDI=006B0006 EFLAG=00000202
0127BCCD	SUB      ECX, EBX                                         EAX=00581BB0 ECX=0127B7DF EDX=001ADCD8 EBX=001FB7DF ESP=002DF55C EBP=002DF5DC ESI=00000000 EDI=006B0006 EFLAG=00000206
0127BCCF	MOV      EBX, [ESP]                                       EAX=00581BB0 ECX=01080000 EDX=001ADCD8 EBX=001FB7DF ESP=002DF55C EBP=002DF5DC ESI=00000000 EDI=006B0006 EFLAG=00000206
0127BCD3	ADD      ESP, 0x4                                         EAX=00581BB0 ECX=01080000 EDX=001ADCD8 EBX=775D41B5 ESP=002DF55C EBP=002DF5DC ESI=00000000 EDI=006B0006 EFLAG=00000206
0127BCD6	PUSH     DWORD 0x1b91a3                                   EAX=00581BB0 ECX=01080000 EDX=001ADCD8 EBX=775D41B5 ESP=002DF560 EBP=002DF5DC ESI=00000000 EDI=006B0006 EFLAG=00000216
0127BCDB	PUSH     DWORD [ESP]                                      EAX=00581BB0 ECX=01080000 EDX=001ADCD8 EBX=775D41B5 ESP=002DF55C EBP=002DF5DC ESI=00000000 EDI=006B0006 EFLAG=00000216
0127BCDE	MOV      EBP, [ESP]                                       EAX=00581BB0 ECX=01080000 EDX=001ADCD8 EBX=775D41B5 ESP=002DF558 EBP=002DF5DC ESI=00000000 EDI=006B0006 EFLAG=00000216
0127BCE2	PUSH     EDX                                              EAX=00581BB0 ECX=01080000 EDX=001ADCD8 EBX=775D41B5 ESP=002DF558 EBP=001B91A3 ESI=00000000 EDI=006B0006 EFLAG=00000216
0127BCEA	MOV      EDX, ESP                                         EAX=00581BB0 ECX=01080000 EDX=001ADCD8 EBX=775D41B5 ESP=002DF554 EBP=001B91A3 ESI=00000000 EDI=006B0006 EFLAG=00000216
0127BCEC	PUSH     EBP                                              EAX=00581BB0 ECX=01080000 EDX=002DF554 EBX=775D41B5 ESP=002DF554 EBP=001B91A3 ESI=00000000 EDI=006B0006 EFLAG=00000216
0127BCF2	MOV      EBP, 0x25356461                                  EAX=00581BB0 ECX=01080000 EDX=002DF554 EBX=775D41B5 ESP=002DF550 EBP=001B91A3 ESI=00000000 EDI=006B0006 EFLAG=00000206
0127BCF7	XCHG     EBP, EAX                                         EAX=00581BB0 ECX=01080000 EDX=002DF554 EBX=775D41B5 ESP=002DF550 EBP=25356461 ESI=00000000 EDI=006B0006 EFLAG=00000206
0127BCF8	NOT      EAX                                              EAX=25356461 ECX=01080000 EDX=002DF554 EBX=775D41B5 ESP=002DF550 EBP=00581BB0 ESI=00000000 EDI=006B0006 EFLAG=00000206
0127BCFA	XCHG     EBP, EAX                                         EAX=DACA9B9E ECX=01080000 EDX=002DF554 EBX=775D41B5 ESP=002DF550 EBP=00581BB0 ESI=00000000 EDI=006B0006 EFLAG=00000206
0127BD00	DEC      EBP                                              EAX=00581BB0 ECX=01080000 EDX=002DF554 EBX=775D41B5 ESP=002DF550 EBP=DACA9B9E ESI=00000000 EDI=006B0006 EFLAG=00000282
0127BD01	SHL      EBP, 0x2                                         EAX=00581BB0 ECX=01080000 EDX=002DF554 EBX=775D41B5 ESP=002DF550 EBP=DACA9B9D ESI=00000000 EDI=006B0006 EFLAG=00000282
0127BD04	NEG      EBP                                              EAX=00581BB0 ECX=01080000 EDX=002DF554 EBX=775D41B5 ESP=002DF550 EBP=6B2A6E74 ESI=00000000 EDI=006B0006 EFLAG=00000A07
0127BD06	XOR      EBP, 0x94d59188                                  EAX=00581BB0 ECX=01080000 EDX=002DF554 EBX=775D41B5 ESP=002DF550 EBP=94D5918C ESI=00000000 EDI=006B0006 EFLAG=00000293
0127BD0C	PUSH     EDI                                              EAX=00581BB0 ECX=01080000 EDX=002DF554 EBX=775D41B5 ESP=002DF550 EBP=00000004 ESI=00000000 EDI=006B0006 EFLAG=00000202
0127BD0D	MOV      EDI, 0x11202407                                  EAX=00581BB0 ECX=01080000 EDX=002DF554 EBX=775D41B5 ESP=002DF54C EBP=00000004 ESI=00000000 EDI=006B0006 EFLAG=00000202
0127BD12	ADD      EDX, EDI                                         EAX=00581BB0 ECX=01080000 EDX=002DF554 EBX=775D41B5 ESP=002DF54C EBP=00000004 ESI=00000000 EDI=11202407 EFLAG=00000202
0127BD14	POP      EDI                                              EAX=00581BB0 ECX=01080000 EDX=114E195B EBX=775D41B5 ESP=002DF54C EBP=00000004 ESI=00000000 EDI=11202407 EFLAG=00000202
0127BD15	ADD      EDX, EBP                                         EAX=00581BB0 ECX=01080000 EDX=114E195B EBX=775D41B5 ESP=002DF550 EBP=00000004 ESI=00000000 EDI=006B0006 EFLAG=00000202
0127BD17	PUSH     EBP                                              EAX=00581BB0 ECX=01080000 EDX=114E195F EBX=775D41B5 ESP=002DF550 EBP=00000004 ESI=00000000 EDI=006B0006 EFLAG=00000206
0127BD18	MOV      EBP, 0x6ed05bb4                                  EAX=00581BB0 ECX=01080000 EDX=114E195F EBX=775D41B5 ESP=002DF54C EBP=00000004 ESI=00000000 EDI=006B0006 EFLAG=00000206
0127BD1E	AND      EBP, 0x537a39e1                                  EAX=00581BB0 ECX=01080000 EDX=114E195F EBX=775D41B5 ESP=002DF54C EBP=6ED05BB4 ESI=00000000 EDI=006B0006 EFLAG=00000206
0127BD24	NOT      EBP                                              EAX=00581BB0 ECX=01080000 EDX=114E195F EBX=775D41B5 ESP=002DF54C EBP=425019A0 ESI=00000000 EDI=006B0006 EFLAG=00000206
0127BD26	XOR      EBP, 0xac8fc258                                  EAX=00581BB0 ECX=01080000 EDX=114E195F EBX=775D41B5 ESP=002DF54C EBP=BDAFE65F ESI=00000000 EDI=006B0006 EFLAG=00000206
0127BD2C	SUB      EDX, EBP                                         EAX=00581BB0 ECX=01080000 EDX=114E195F EBX=775D41B5 ESP=002DF54C EBP=11202407 ESI=00000000 EDI=006B0006 EFLAG=00000202
0127BD2E	POP      EBP                                              EAX=00581BB0 ECX=01080000 EDX=002DF558 EBX=775D41B5 ESP=002DF54C EBP=11202407 ESI=00000000 EDI=006B0006 EFLAG=00000202
0127BD2F	PUSH     DWORD [ESP]                                      EAX=00581BB0 ECX=01080000 EDX=002DF558 EBX=775D41B5 ESP=002DF550 EBP=00000004 ESI=00000000 EDI=006B0006 EFLAG=00000202
0127BD32	POP      EBP                                              EAX=00581BB0 ECX=01080000 EDX=002DF558 EBX=775D41B5 ESP=002DF54C EBP=00000004 ESI=00000000 EDI=006B0006 EFLAG=00000202
0127BD38	ADD      ESP, 0x4                                         EAX=00581BB0 ECX=01080000 EDX=002DF558 EBX=775D41B5 ESP=002DF550 EBP=001B91A3 ESI=00000000 EDI=006B0006 EFLAG=00000216
0127BD3E	ADD      EDX, 0x4                                         EAX=00581BB0 ECX=01080000 EDX=002DF558 EBX=775D41B5 ESP=002DF554 EBP=001B91A3 ESI=00000000 EDI=006B0006 EFLAG=00000202
0127BD41	PUSH     EDX                                              EAX=00581BB0 ECX=01080000 EDX=002DF55C EBX=775D41B5 ESP=002DF554 EBP=001B91A3 ESI=00000000 EDI=006B0006 EFLAG=00000206
0127BD42	PUSH     DWORD [ESP+0x4]                                  EAX=00581BB0 ECX=01080000 EDX=002DF55C EBX=775D41B5 ESP=002DF550 EBP=001B91A3 ESI=00000000 EDI=006B0006 EFLAG=00000206
0127BD46	POP      EDX                                              EAX=00581BB0 ECX=01080000 EDX=002DF55C EBX=775D41B5 ESP=002DF54C EBP=001B91A3 ESI=00000000 EDI=006B0006 EFLAG=00000206
0127BD4C	POP      DWORD [ESP]                                      EAX=00581BB0 ECX=01080000 EDX=001ADCD8 EBX=775D41B5 ESP=002DF550 EBP=001B91A3 ESI=00000000 EDI=006B0006 EFLAG=00000216
0127BD4F	POP      ESP                                              EAX=00581BB0 ECX=01080000 EDX=001ADCD8 EBX=775D41B5 ESP=002DF554 EBP=001B91A3 ESI=00000000 EDI=006B0006 EFLAG=00000216
0127BD58	PUSH     EBX                                              EAX=00581BB0 ECX=01080000 EDX=001ADCD8 EBX=775D41B5 ESP=002DF560 EBP=001B91A3 ESI=00000000 EDI=006B0006 EFLAG=00000216
0127BD59	MOV      EBX, 0x4b7a24cb                                  EAX=00581BB0 ECX=01080000 EDX=001ADCD8 EBX=775D41B5 ESP=002DF55C EBP=001B91A3 ESI=00000000 EDI=006B0006 EFLAG=00000216
0127BD64	SUB      EBX, 0x25817f3d                                  EAX=00581BB0 ECX=01080000 EDX=001ADCD8 EBX=4B7A24CB ESP=002DF55C EBP=001B91A3 ESI=00000000 EDI=006B0006 EFLAG=00000202
0127BD6A	PUSH     EBP                                              EAX=00581BB0 ECX=01080000 EDX=001ADCD8 EBX=25F8A58E ESP=002DF55C EBP=001B91A3 ESI=00000000 EDI=006B0006 EFLAG=00000216
0127BD6B	MOV      EBP, 0x134d20b7                                  EAX=00581BB0 ECX=01080000 EDX=001ADCD8 EBX=25F8A58E ESP=002DF558 EBP=001B91A3 ESI=00000000 EDI=006B0006 EFLAG=00000216
0127BD71	OR       EBP, 0x1d8c3eca                                  EAX=00581BB0 ECX=01080000 EDX=001ADCD8 EBX=25F8A58E ESP=002DF558 EBP=134D20B7 ESI=00000000 EDI=006B0006 EFLAG=00000206
0127BD77	SUB      EBP, 0x1                                         EAX=00581BB0 ECX=01080000 EDX=001ADCD8 EBX=25F8A58E ESP=002DF558 EBP=1FCD3EFF ESI=00000000 EDI=006B0006 EFLAG=00000206
0127BD7D	PUSH     EDI                                              EAX=00581BB0 ECX=01080000 EDX=001ADCD8 EBX=25F8A58E ESP=002DF558 EBP=1FCD3EFE ESI=00000000 EDI=006B0006 EFLAG=00000202
0127BD7E	MOV      EDI, 0xd837991                                   EAX=00581BB0 ECX=01080000 EDX=001ADCD8 EBX=25F8A58E ESP=002DF554 EBP=1FCD3EFE ESI=00000000 EDI=006B0006 EFLAG=00000202
0127BD83	AND      EBP, EDI                                         EAX=00581BB0 ECX=01080000 EDX=001ADCD8 EBX=25F8A58E ESP=002DF554 EBP=1FCD3EFE ESI=00000000 EDI=0D837991 EFLAG=00000202
0127BD85	POP      EDI                                              EAX=00581BB0 ECX=01080000 EDX=001ADCD8 EBX=25F8A58E ESP=002DF554 EBP=0D813890 ESI=00000000 EDI=0D837991 EFLAG=00000206
0127BD86	SHL      EBP, 0x4                                         EAX=00581BB0 ECX=01080000 EDX=001ADCD8 EBX=25F8A58E ESP=002DF558 EBP=0D813890 ESI=00000000 EDI=006B0006 EFLAG=00000206
0127BD89	XOR      EBP, 0x91175d72                                  EAX=00581BB0 ECX=01080000 EDX=001ADCD8 EBX=25F8A58E ESP=002DF558 EBP=D8138900 ESI=00000000 EDI=006B0006 EFLAG=00000A86
0127BD95	ADD      EBX, EBP                                         EAX=00581BB0 ECX=01080000 EDX=001ADCD8 EBX=992B06E3 ESP=002DF558 EBP=4904D472 ESI=00000000 EDI=006B0006 EFLAG=00000A92
0127BD9D	MOV      EBP, [ESP]                                       EAX=00581BB0 ECX=01080000 EDX=001ADCD8 EBX=6EFD7A00 ESP=002DF558 EBP=4904D472 ESI=00000000 EDI=006B0006 EFLAG=00000A06
0127BDA0	PUSH     EAX                                              EAX=00581BB0 ECX=01080000 EDX=001ADCD8 EBX=6EFD7A00 ESP=002DF558 EBP=001B91A3 ESI=00000000 EDI=006B0006 EFLAG=00000A06
0127BDA1	MOV      EAX, ESP                                         EAX=00581BB0 ECX=01080000 EDX=001ADCD8 EBX=6EFD7A00 ESP=002DF554 EBP=001B91A3 ESI=00000000 EDI=006B0006 EFLAG=00000A06
0127BDA3	ADD      EAX, 0x8                                         EAX=002DF554 ECX=01080000 EDX=001ADCD8 EBX=6EFD7A00 ESP=002DF554 EBP=001B91A3 ESI=00000000 EDI=006B0006 EFLAG=00000A06
0127BDAB	XCHG     [ESP], EAX                                       EAX=002DF55C ECX=01080000 EDX=001ADCD8 EBX=6EFD7A00 ESP=002DF554 EBP=001B91A3 ESI=00000000 EDI=006B0006 EFLAG=00000206
0127BDAE	POP      ESP                                              EAX=00581BB0 ECX=01080000 EDX=001ADCD8 EBX=6EFD7A00 ESP=002DF554 EBP=001B91A3 ESI=00000000 EDI=006B0006 EFLAG=00000206
0127BDAF	ADD      EBP, EBX                                         EAX=00581BB0 ECX=01080000 EDX=001ADCD8 EBX=6EFD7A00 ESP=002DF55C EBP=001B91A3 ESI=00000000 EDI=006B0006 EFLAG=00000206
0127BDB1	POP      EBX                                              EAX=00581BB0 ECX=01080000 EDX=001ADCD8 EBX=6EFD7A00 ESP=002DF55C EBP=6F190BA3 ESI=00000000 EDI=006B0006 EFLAG=00000206
0127BDB2	PUSH     EAX                                              EAX=00581BB0 ECX=01080000 EDX=001ADCD8 EBX=775D41B5 ESP=002DF560 EBP=6F190BA3 ESI=00000000 EDI=006B0006 EFLAG=00000206
0127BDB3	MOV      EAX, 0x77d678a9                                  EAX=00581BB0 ECX=01080000 EDX=001ADCD8 EBX=775D41B5 ESP=002DF55C EBP=6F190BA3 ESI=00000000 EDI=006B0006 EFLAG=00000206
0127BDBD	ADD      EAX, 0xeec9b1ab                                  EAX=77D678A9 ECX=01080000 EDX=001ADCD8 EBX=775D41B5 ESP=002DF55C EBP=6F190BA3 ESI=00000000 EDI=006B0006 EFLAG=00000206
0127BDC2	SHR      EAX, 0x8                                         EAX=66A02A54 ECX=01080000 EDX=001ADCD8 EBX=775D41B5 ESP=002DF55C EBP=6F190BA3 ESI=00000000 EDI=006B0006 EFLAG=00000213
0127BDC5	PUSH     EBP                                              EAX=0066A02A ECX=01080000 EDX=001ADCD8 EBX=775D41B5 ESP=002DF55C EBP=6F190BA3 ESI=00000000 EDI=006B0006 EFLAG=00000202
0127BDC6	MOV      EBP, 0x42be2abe                                  EAX=0066A02A ECX=01080000 EDX=001ADCD8 EBX=775D41B5 ESP=002DF558 EBP=6F190BA3 ESI=00000000 EDI=006B0006 EFLAG=00000202
0127BDCB	SUB      EAX, EBP                                         EAX=0066A02A ECX=01080000 EDX=001ADCD8 EBX=775D41B5 ESP=002DF558 EBP=42BE2ABE ESI=00000000 EDI=006B0006 EFLAG=00000202
0127BDCD	POP      EBP                                              EAX=BDA8756C ECX=01080000 EDX=001ADCD8 EBX=775D41B5 ESP=002DF558 EBP=42BE2ABE ESI=00000000 EDI=006B0006 EFLAG=00000297
0127BDCE	NOT      EAX                                              EAX=BDA8756C ECX=01080000 EDX=001ADCD8 EBX=775D41B5 ESP=002DF55C EBP=6F190BA3 ESI=00000000 EDI=006B0006 EFLAG=00000297
0127BDD0	ADD      EAX, 0xdc9ccb90                                  EAX=42578A93 ECX=01080000 EDX=001ADCD8 EBX=775D41B5 ESP=002DF55C EBP=6F190BA3 ESI=00000000 EDI=006B0006 EFLAG=00000297
0127BDD5	ADD      EBP, EAX                                         EAX=1EF45623 ECX=01080000 EDX=001ADCD8 EBX=775D41B5 ESP=002DF55C EBP=6F190BA3 ESI=00000000 EDI=006B0006 EFLAG=00000203
0127BDD7	POP      EAX                                              EAX=1EF45623 ECX=01080000 EDX=001ADCD8 EBX=775D41B5 ESP=002DF55C EBP=8E0D61C6 ESI=00000000 EDI=006B0006 EFLAG=00000A86
0127BDE6	ADD      EBP, ECX                                         EAX=00581BB0 ECX=01080000 EDX=001ADCD8 EBX=775D41B5 ESP=002DF560 EBP=21B80EEA ESI=00000000 EDI=006B0006 EFLAG=00000A12
0127BDEE	SUB      EBP, 0x1ef45623                                  EAX=00581BB0 ECX=01080000 EDX=001ADCD8 EBX=775D41B5 ESP=002DF560 EBP=8F1561C6 ESI=00000000 EDI=006B0006 EFLAG=00000A96
0127BDF4	PUSH     ECX                                              EAX=00581BB0 ECX=01080000 EDX=001ADCD8 EBX=775D41B5 ESP=002DF560 EBP=70210BA3 ESI=00000000 EDI=006B0006 EFLAG=00000A06
0127BDFA	PUSH     EAX                                              EAX=00581BB0 ECX=01080000 EDX=001ADCD8 EBX=775D41B5 ESP=002DF55C EBP=70210BA3 ESI=00000000 EDI=006B0006 EFLAG=00000216
0127BDFB	MOV      EAX, 0x2dff5da1                                  EAX=00581BB0 ECX=01080000 EDX=001ADCD8 EBX=775D41B5 ESP=002DF558 EBP=70210BA3 ESI=00000000 EDI=006B0006 EFLAG=00000216
0127BE01	DEC      EAX                                              EAX=2DFF5DA1 ECX=01080000 EDX=001ADCD8 EBX=775D41B5 ESP=002DF558 EBP=70210BA3 ESI=00000000 EDI=006B0006 EFLAG=00000216
0127BE02	XOR      EAX, 0x16dc7341                                  EAX=2DFF5DA0 ECX=01080000 EDX=001ADCD8 EBX=775D41B5 ESP=002DF558 EBP=70210BA3 ESI=00000000 EDI=006B0006 EFLAG=00000206
0127BE07	MOV      ECX, EAX                                         EAX=3B232EE1 ECX=01080000 EDX=001ADCD8 EBX=775D41B5 ESP=002DF558 EBP=70210BA3 ESI=00000000 EDI=006B0006 EFLAG=00000206
0127BE09	POP      EAX                                              EAX=3B232EE1 ECX=3B232EE1 EDX=001ADCD8 EBX=775D41B5 ESP=002DF558 EBP=70210BA3 ESI=00000000 EDI=006B0006 EFLAG=00000206
0127BE0F	SUB      ECX, 0xcc25b4e1                                  EAX=00581BB0 ECX=3B232EE1 EDX=001ADCD8 EBX=775D41B5 ESP=002DF55C EBP=70210BA3 ESI=00000000 EDI=006B0006 EFLAG=00000206
0127BE1B	SUB      EBP, ECX                                         EAX=00581BB0 ECX=6EFD7A00 EDX=001ADCD8 EBX=775D41B5 ESP=002DF55C EBP=70210BA3 ESI=00000000 EDI=006B0006 EFLAG=00000207
0127BE1D	POP      ECX                                              EAX=00581BB0 ECX=6EFD7A00 EDX=001ADCD8 EBX=775D41B5 ESP=002DF55C EBP=012391A3 ESI=00000000 EDI=006B0006 EFLAG=00000206
0127BE23	PUSH     ECX                                              EAX=00581BB0 ECX=01080000 EDX=001ADCD8 EBX=775D41B5 ESP=002DF560 EBP=012391A3 ESI=00000000 EDI=006B0006 EFLAG=00000216
0127BE2B	PUSH     EBX                                              EAX=00581BB0 ECX=01080000 EDX=001ADCD8 EBX=775D41B5 ESP=002DF55C EBP=012391A3 ESI=00000000 EDI=006B0006 EFLAG=00000216
0127BE34	MOV      EBX, 0x698a43bf                                  EAX=00581BB0 ECX=01080000 EDX=001ADCD8 EBX=775D41B5 ESP=002DF558 EBP=012391A3 ESI=00000000 EDI=006B0006 EFLAG=00000202
0127BE39	PUSH     ESI                                              EAX=00581BB0 ECX=01080000 EDX=001ADCD8 EBX=698A43BF ESP=002DF558 EBP=012391A3 ESI=00000000 EDI=006B0006 EFLAG=00000202
0127BE42	MOV      [ESP], EBX                                       EAX=00581BB0 ECX=01080000 EDX=001ADCD8 EBX=698A43BF ESP=002DF554 EBP=012391A3 ESI=00000000 EDI=006B0006 EFLAG=00000202
0127BE45	INC      DWORD [ESP]                                      EAX=00581BB0 ECX=01080000 EDX=001ADCD8 EBX=698A43BF ESP=002DF554 EBP=012391A3 ESI=00000000 EDI=006B0006 EFLAG=00000202
0127BE48	POP      EBX                                              EAX=00581BB0 ECX=01080000 EDX=001ADCD8 EBX=698A43BF ESP=002DF554 EBP=012391A3 ESI=00000000 EDI=006B0006 EFLAG=00000216
0127BE49	ADD      EBX, -0x1                                        EAX=00581BB0 ECX=01080000 EDX=001ADCD8 EBX=698A43C0 ESP=002DF558 EBP=012391A3 ESI=00000000 EDI=006B0006 EFLAG=00000216
0127BE4C	PUSH     ECX                                              EAX=00581BB0 ECX=01080000 EDX=001ADCD8 EBX=698A43BF ESP=002DF558 EBP=012391A3 ESI=00000000 EDI=006B0006 EFLAG=00000203
0127BE4D	PUSH     EDI                                              EAX=00581BB0 ECX=01080000 EDX=001ADCD8 EBX=698A43BF ESP=002DF554 EBP=012391A3 ESI=00000000 EDI=006B0006 EFLAG=00000203
0127BE4E	MOV      EDI, 0x25d90b91                                  EAX=00581BB0 ECX=01080000 EDX=001ADCD8 EBX=698A43BF ESP=002DF550 EBP=012391A3 ESI=00000000 EDI=006B0006 EFLAG=00000203
0127BE53	MOV      ECX, 0xb3acb7d3                                  EAX=00581BB0 ECX=01080000 EDX=001ADCD8 EBX=698A43BF ESP=002DF550 EBP=012391A3 ESI=00000000 EDI=25D90B91 EFLAG=00000203
0127BE58	XOR      ECX, EDI                                         EAX=00581BB0 ECX=B3ACB7D3 EDX=001ADCD8 EBX=698A43BF ESP=002DF550 EBP=012391A3 ESI=00000000 EDI=25D90B91 EFLAG=00000203
0127BE5A	POP      EDI                                              EAX=00581BB0 ECX=9675BC42 EDX=001ADCD8 EBX=698A43BF ESP=002DF550 EBP=012391A3 ESI=00000000 EDI=25D90B91 EFLAG=00000286
0127BE5B	ADD      EBX, ECX                                         EAX=00581BB0 ECX=9675BC42 EDX=001ADCD8 EBX=698A43BF ESP=002DF554 EBP=012391A3 ESI=00000000 EDI=006B0006 EFLAG=00000286
0127BE5D	POP      ECX                                              EAX=00581BB0 ECX=9675BC42 EDX=001ADCD8 EBX=00000001 ESP=002DF554 EBP=012391A3 ESI=00000000 EDI=006B0006 EFLAG=00000213
0127BE5E	PUSH     ESI                                              EAX=00581BB0 ECX=01080000 EDX=001ADCD8 EBX=00000001 ESP=002DF558 EBP=012391A3 ESI=00000000 EDI=006B0006 EFLAG=00000213
0127BE5F	MOV      ESI, EBX                                         EAX=00581BB0 ECX=01080000 EDX=001ADCD8 EBX=00000001 ESP=002DF554 EBP=012391A3 ESI=00000000 EDI=006B0006 EFLAG=00000213
0127BE61	MOV      ECX, ESI                                         EAX=00581BB0 ECX=01080000 EDX=001ADCD8 EBX=00000001 ESP=002DF554 EBP=012391A3 ESI=00000001 EDI=006B0006 EFLAG=00000213
0127BE63	POP      ESI                                              EAX=00581BB0 ECX=00000001 EDX=001ADCD8 EBX=00000001 ESP=002DF554 EBP=012391A3 ESI=00000001 EDI=006B0006 EFLAG=00000213
0127BE69	MOV      EBX, [ESP]                                       EAX=00581BB0 ECX=00000001 EDX=001ADCD8 EBX=00000001 ESP=002DF558 EBP=012391A3 ESI=00000000 EDI=006B0006 EFLAG=00000202
0127BE6D	PUSH     EDX                                              EAX=00581BB0 ECX=00000001 EDX=001ADCD8 EBX=775D41B5 ESP=002DF558 EBP=012391A3 ESI=00000000 EDI=006B0006 EFLAG=00000202
0127BE75	MOV      [ESP], ESI                                       EAX=00581BB0 ECX=00000001 EDX=001ADCD8 EBX=775D41B5 ESP=002DF554 EBP=012391A3 ESI=00000000 EDI=006B0006 EFLAG=00000202
0127BE78	MOV      ESI, ESP                                         EAX=00581BB0 ECX=00000001 EDX=001ADCD8 EBX=775D41B5 ESP=002DF554 EBP=012391A3 ESI=00000000 EDI=006B0006 EFLAG=00000202
0127BE7A	PUSH     EBP                                              EAX=00581BB0 ECX=00000001 EDX=001ADCD8 EBX=775D41B5 ESP=002DF554 EBP=012391A3 ESI=002DF554 EDI=006B0006 EFLAG=00000202
0127BE7B	MOV      EBP, 0x4                                         EAX=00581BB0 ECX=00000001 EDX=001ADCD8 EBX=775D41B5 ESP=002DF550 EBP=012391A3 ESI=002DF554 EDI=006B0006 EFLAG=00000202
0127BE80	ADD      ESI, EBP                                         EAX=00581BB0 ECX=00000001 EDX=001ADCD8 EBX=775D41B5 ESP=002DF550 EBP=00000004 ESI=002DF554 EDI=006B0006 EFLAG=00000202
0127BE82	POP      EBP                                              EAX=00581BB0 ECX=00000001 EDX=001ADCD8 EBX=775D41B5 ESP=002DF550 EBP=00000004 ESI=002DF558 EDI=006B0006 EFLAG=00000202
0127BE83	PUSH     EDI                                              EAX=00581BB0 ECX=00000001 EDX=001ADCD8 EBX=775D41B5 ESP=002DF554 EBP=012391A3 ESI=002DF558 EDI=006B0006 EFLAG=00000202
0127BE84	PUSH     EAX                                              EAX=00581BB0 ECX=00000001 EDX=001ADCD8 EBX=775D41B5 ESP=002DF550 EBP=012391A3 ESI=002DF558 EDI=006B0006 EFLAG=00000202
0127BE85	MOV      EAX, 0x63f41923                                  EAX=00581BB0 ECX=00000001 EDX=001ADCD8 EBX=775D41B5 ESP=002DF54C EBP=012391A3 ESI=002DF558 EDI=006B0006 EFLAG=00000202
0127BE8B	SHR      EAX, 0x7                                         EAX=63F41923 ECX=00000001 EDX=001ADCD8 EBX=775D41B5 ESP=002DF54C EBP=012391A3 ESI=002DF558 EDI=006B0006 EFLAG=00000202
0127BE8E	OR       EAX, 0x578a36c4                                  EAX=00C7E832 ECX=00000001 EDX=001ADCD8 EBX=775D41B5 ESP=002DF54C EBP=012391A3 ESI=002DF558 EDI=006B0006 EFLAG=00000202
0127BE93	PUSH     ESI                                              EAX=57CFFEF6 ECX=00000001 EDX=001ADCD8 EBX=775D41B5 ESP=002DF54C EBP=012391A3 ESI=002DF558 EDI=006B0006 EFLAG=00000206
0127BE94	MOV      ESI, 0x57cffef2                                  EAX=57CFFEF6 ECX=00000001 EDX=001ADCD8 EBX=775D41B5 ESP=002DF548 EBP=012391A3 ESI=002DF558 EDI=006B0006 EFLAG=00000206
0127BE99	XOR      EAX, ESI                                         EAX=57CFFEF6 ECX=00000001 EDX=001ADCD8 EBX=775D41B5 ESP=002DF548 EBP=012391A3 ESI=57CFFEF2 EDI=006B0006 EFLAG=00000206
0127BE9B	POP      ESI                                              EAX=00000004 ECX=00000001 EDX=001ADCD8 EBX=775D41B5 ESP=002DF548 EBP=012391A3 ESI=57CFFEF2 EDI=006B0006 EFLAG=00000202
0127BE9C	MOV      EDI, EAX                                         EAX=00000004 ECX=00000001 EDX=001ADCD8 EBX=775D41B5 ESP=002DF54C EBP=012391A3 ESI=002DF558 EDI=006B0006 EFLAG=00000202
0127BE9E	POP      EAX                                              EAX=00000004 ECX=00000001 EDX=001ADCD8 EBX=775D41B5 ESP=002DF54C EBP=012391A3 ESI=002DF558 EDI=00000004 EFLAG=00000202
0127BE9F	ADD      ESI, EDI                                         EAX=00581BB0 ECX=00000001 EDX=001ADCD8 EBX=775D41B5 ESP=002DF550 EBP=012391A3 ESI=002DF558 EDI=00000004 EFLAG=00000202
0127BEA1	POP      EDI                                              EAX=00581BB0 ECX=00000001 EDX=001ADCD8 EBX=775D41B5 ESP=002DF550 EBP=012391A3 ESI=002DF55C EDI=00000004 EFLAG=00000206
0127BEA2	XCHG     [ESP], ESI                                       EAX=00581BB0 ECX=00000001 EDX=001ADCD8 EBX=775D41B5 ESP=002DF554 EBP=012391A3 ESI=002DF55C EDI=006B0006 EFLAG=00000206
0127BEA5	POP      ESP                                              EAX=00581BB0 ECX=00000001 EDX=001ADCD8 EBX=775D41B5 ESP=002DF554 EBP=012391A3 ESI=00000000 EDI=006B0006 EFLAG=00000206
0127BEA6	PUSH     ESI                                              EAX=00581BB0 ECX=00000001 EDX=001ADCD8 EBX=775D41B5 ESP=002DF55C EBP=012391A3 ESI=00000000 EDI=006B0006 EFLAG=00000206
0127BEA7	MOV      ESI, ESP                                         EAX=00581BB0 ECX=00000001 EDX=001ADCD8 EBX=775D41B5 ESP=002DF558 EBP=012391A3 ESI=00000000 EDI=006B0006 EFLAG=00000206
0127BEA9	PUSH     EDX                                              EAX=00581BB0 ECX=00000001 EDX=001ADCD8 EBX=775D41B5 ESP=002DF558 EBP=012391A3 ESI=002DF558 EDI=006B0006 EFLAG=00000206
0127BEAA	MOV      EDX, 0x4                                         EAX=00581BB0 ECX=00000001 EDX=001ADCD8 EBX=775D41B5 ESP=002DF554 EBP=012391A3 ESI=002DF558 EDI=006B0006 EFLAG=00000206
0127BEB5	ADD      ESI, EDX                                         EAX=00581BB0 ECX=00000001 EDX=00000004 EBX=775D41B5 ESP=002DF554 EBP=012391A3 ESI=002DF558 EDI=006B0006 EFLAG=00000202
0127BEB7	POP      EDX                                              EAX=00581BB0 ECX=00000001 EDX=00000004 EBX=775D41B5 ESP=002DF554 EBP=012391A3 ESI=002DF55C EDI=006B0006 EFLAG=00000206
0127BEB8	PUSH     EDX                                              EAX=00581BB0 ECX=00000001 EDX=001ADCD8 EBX=775D41B5 ESP=002DF558 EBP=012391A3 ESI=002DF55C EDI=006B0006 EFLAG=00000206
0127BEB9	MOV      EDX, 0xa68a867a                                  EAX=00581BB0 ECX=00000001 EDX=001ADCD8 EBX=775D41B5 ESP=002DF554 EBP=012391A3 ESI=002DF55C EDI=006B0006 EFLAG=00000206
0127BEC0	SUB      EDX, 0x26c824c1                                  EAX=00581BB0 ECX=00000001 EDX=A68A867A EBX=775D41B5 ESP=002DF554 EBP=012391A3 ESI=002DF55C EDI=006B0006 EFLAG=00000206
0127BECC	SHR      EDX, 0x7                                         EAX=00581BB0 ECX=00000001 EDX=7FC261B9 EBX=775D41B5 ESP=002DF554 EBP=012391A3 ESI=002DF55C EDI=006B0006 EFLAG=00000202
0127BECF	ADD      EDX, 0xff007b41                                  EAX=00581BB0 ECX=00000001 EDX=00FF84C3 EBX=775D41B5 ESP=002DF554 EBP=012391A3 ESI=002DF55C EDI=006B0006 EFLAG=00000206
0127BED5	SUB      ESI, EDX                                         EAX=00581BB0 ECX=00000001 EDX=00000004 EBX=775D41B5 ESP=002DF554 EBP=012391A3 ESI=002DF55C EDI=006B0006 EFLAG=00000203
0127BED7	POP      EDX                                              EAX=00581BB0 ECX=00000001 EDX=00000004 EBX=775D41B5 ESP=002DF554 EBP=012391A3 ESI=002DF558 EDI=006B0006 EFLAG=00000202
0127BED8	XCHG     [ESP], ESI                                       EAX=00581BB0 ECX=00000001 EDX=001ADCD8 EBX=775D41B5 ESP=002DF558 EBP=012391A3 ESI=002DF558 EDI=006B0006 EFLAG=00000202
0127BEE1	MOV      ESP, [ESP]                                       EAX=00581BB0 ECX=00000001 EDX=001ADCD8 EBX=775D41B5 ESP=002DF558 EBP=012391A3 ESI=00000000 EDI=006B0006 EFLAG=00000246
0127BEE4	MOV      [ESP], EBP                                       EAX=00581BB0 ECX=00000001 EDX=001ADCD8 EBX=775D41B5 ESP=002DF558 EBP=012391A3 ESI=00000000 EDI=006B0006 EFLAG=00000246
0127BEE7	PUSH     ECX                                              EAX=00581BB0 ECX=00000001 EDX=001ADCD8 EBX=775D41B5 ESP=002DF558 EBP=012391A3 ESI=00000000 EDI=006B0006 EFLAG=00000246
0127BEE8	MOV      ECX, 0x11fb7302                                  EAX=00581BB0 ECX=00000001 EDX=001ADCD8 EBX=775D41B5 ESP=002DF554 EBP=012391A3 ESI=00000000 EDI=006B0006 EFLAG=00000246
0127BEED	MOV      EBP, ECX                                         EAX=00581BB0 ECX=11FB7302 EDX=001ADCD8 EBX=775D41B5 ESP=002DF554 EBP=012391A3 ESI=00000000 EDI=006B0006 EFLAG=00000246
0127BEEF	POP      ECX                                              EAX=00581BB0 ECX=11FB7302 EDX=001ADCD8 EBX=775D41B5 ESP=002DF554 EBP=11FB7302 ESI=00000000 EDI=006B0006 EFLAG=00000246
0127BEF5	PUSH     EDI                                              EAX=00581BB0 ECX=00000001 EDX=001ADCD8 EBX=775D41B5 ESP=002DF558 EBP=11FB7302 ESI=00000000 EDI=006B0006 EFLAG=00000202
0127BEFB	MOV      EDI, 0x62cf6f45                                  EAX=00581BB0 ECX=00000001 EDX=001ADCD8 EBX=775D41B5 ESP=002DF554 EBP=11FB7302 ESI=00000000 EDI=006B0006 EFLAG=00000202
0127BF01	SUB      EDI, 0x50d3fc71                                  EAX=00581BB0 ECX=00000001 EDX=001ADCD8 EBX=775D41B5 ESP=002DF554 EBP=11FB7302 ESI=00000000 EDI=62CF6F45 EFLAG=00000202
0127BF0D	SUB      EBP, EDI                                         EAX=00581BB0 ECX=00000001 EDX=001ADCD8 EBX=775D41B5 ESP=002DF554 EBP=0E772D7F ESI=00000000 EDI=11FB72D4 EFLAG=00000212
0127BF15	POP      EDI                                              EAX=00581BB0 ECX=00000001 EDX=001ADCD8 EBX=775D41B5 ESP=002DF554 EBP=0000002E ESI=00000000 EDI=11FB72D4 EFLAG=00000207
0127BF16	PUSH     ECX                                              EAX=00581BB0 ECX=00000001 EDX=001ADCD8 EBX=775D41B5 ESP=002DF558 EBP=0000002E ESI=00000000 EDI=006B0006 EFLAG=00000207
0127BF1A	PUSH     EBP                                              EAX=00581BB0 ECX=00000001 EDX=001ADCD8 EBX=775D41B5 ESP=002DF554 EBP=0000002E ESI=00000000 EDI=006B0006 EFLAG=00000207
0127BF22	SUB      DWORD [ESP], 0x45b61504                          EAX=00581BB0 ECX=00000001 EDX=001ADCD8 EBX=775D41B5 ESP=002DF550 EBP=0000002E ESI=00000000 EDI=006B0006 EFLAG=00000207
0127BF29	POP      ECX                                              EAX=00581BB0 ECX=00000001 EDX=001ADCD8 EBX=775D41B5 ESP=002DF550 EBP=0000002E ESI=00000000 EDI=006B0006 EFLAG=00000283
0127BF2A	PUSH     DWORD 0x43db                                     EAX=00581BB0 ECX=BA49EB2A EDX=001ADCD8 EBX=775D41B5 ESP=002DF554 EBP=0000002E ESI=00000000 EDI=006B0006 EFLAG=00000283
