0040AE3E	MOV      EAX, [ESI-0x4]                                   EAX=00000004 ECX=77AE3804 EDX=0040AE3C EBX=00403B97 ESP=0018FE48 EBP=0018FF08 ESI=0040C4D6 EDI=0018FE48 EFLAG=00000282
0040AE41	PUSHA                                                     EAX=33BDB3C1 ECX=77AE3804 EDX=0040AE3C EBX=00403B97 ESP=0018FE48 EBP=0018FF08 ESI=0040C4D6 EDI=0018FE48 EFLAG=00000282
0040B3CF	PUSHA                                                     EAX=33BDB3C1 ECX=77AE3804 EDX=0040AE3C EBX=00403B97 ESP=0018FE28 EBP=0018FF08 ESI=0040C4D6 EDI=0018FE48 EFLAG=00000282
0040B3D0	CALL     0x40c0c5                                         EAX=33BDB3C1 ECX=77AE3804 EDX=0040AE3C EBX=00403B97 ESP=0018FE08 EBP=0018FF08 ESI=0040C4D6 EDI=0018FE48 EFLAG=00000282
0040C0C5	BSWAP    EAX                                              EAX=33BDB3C1 ECX=77AE3804 EDX=0040AE3C EBX=00403B97 ESP=0018FE04 EBP=0018FF08 ESI=0040C4D6 EDI=0018FE48 EFLAG=00000282
0040C0C7	TEST     AL, DL                                           EAX=C1B3BD33 ECX=77AE3804 EDX=0040AE3C EBX=00403B97 ESP=0018FE04 EBP=0018FF08 ESI=0040C4D6 EDI=0018FE48 EFLAG=00000282
0040C0C9	TEST     AL, DH                                           EAX=C1B3BD33 ECX=77AE3804 EDX=0040AE3C EBX=00403B97 ESP=0018FE04 EBP=0018FF08 ESI=0040C4D6 EDI=0018FE48 EFLAG=00000206
0040C0CB	XOR      EAX, EBX                                         EAX=C1B3BD33 ECX=77AE3804 EDX=0040AE3C EBX=00403B97 ESP=0018FE04 EBP=0018FF08 ESI=0040C4D6 EDI=0018FE48 EFLAG=00000206
0040C0CD	TEST     DH, AL                                           EAX=C1F386A4 ECX=77AE3804 EDX=0040AE3C EBX=00403B97 ESP=0018FE04 EBP=0018FF08 ESI=0040C4D6 EDI=0018FE48 EFLAG=00000282
0040C0CF	STC                                                       EAX=C1F386A4 ECX=77AE3804 EDX=0040AE3C EBX=00403B97 ESP=0018FE04 EBP=0018FF08 ESI=0040C4D6 EDI=0018FE48 EFLAG=00000282
0040C0D0	NOT      EAX                                              EAX=C1F386A4 ECX=77AE3804 EDX=0040AE3C EBX=00403B97 ESP=0018FE04 EBP=0018FF08 ESI=0040C4D6 EDI=0018FE48 EFLAG=00000283
0040C0D2	PUSHF                                                     EAX=3E0C795B ECX=77AE3804 EDX=0040AE3C EBX=00403B97 ESP=0018FE04 EBP=0018FF08 ESI=0040C4D6 EDI=0018FE48 EFLAG=00000283
0040C0D3	TEST     DL, CL                                           EAX=3E0C795B ECX=77AE3804 EDX=0040AE3C EBX=00403B97 ESP=0018FE00 EBP=0018FF08 ESI=0040C4D6 EDI=0018FE48 EFLAG=00000283
0040C0D5	CMC                                                       EAX=3E0C795B ECX=77AE3804 EDX=0040AE3C EBX=00403B97 ESP=0018FE00 EBP=0018FF08 ESI=0040C4D6 EDI=0018FE48 EFLAG=00000202
0040C0D6	SUB      EAX, 0x4e8d70e8                                  EAX=3E0C795B ECX=77AE3804 EDX=0040AE3C EBX=00403B97 ESP=0018FE00 EBP=0018FF08 ESI=0040C4D6 EDI=0018FE48 EFLAG=00000203
0040C0DB	CALL     0x40c358                                         EAX=EF7F0873 ECX=77AE3804 EDX=0040AE3C EBX=00403B97 ESP=0018FE00 EBP=0018FF08 ESI=0040C4D6 EDI=0018FE48 EFLAG=00000283
0040C358	ROL      EAX, 0x1e                                        EAX=EF7F0873 ECX=77AE3804 EDX=0040AE3C EBX=00403B97 ESP=0018FDFC EBP=0018FF08 ESI=0040C4D6 EDI=0018FE48 EFLAG=00000283
0040B4FA	CALL     0x40c30e                                         EAX=FBDFC21C ECX=77AE3804 EDX=0040AE3C EBX=00403B97 ESP=0018FDFC EBP=0018FF08 ESI=0040C4D6 EDI=0018FE48 EFLAG=00000A82
0040C30E	STC                                                       EAX=FBDFC21C ECX=77AE3804 EDX=0040AE3C EBX=00403B97 ESP=0018FDF8 EBP=0018FF08 ESI=0040C4D6 EDI=0018FE48 EFLAG=00000A82
0040C30F	ADD      ESI, -0x4                                        EAX=FBDFC21C ECX=77AE3804 EDX=0040AE3C EBX=00403B97 ESP=0018FDF8 EBP=0018FF08 ESI=0040C4D6 EDI=0018FE48 EFLAG=00000A83
0040C312	STC                                                       EAX=FBDFC21C ECX=77AE3804 EDX=0040AE3C EBX=00403B97 ESP=0018FDF8 EBP=0018FF08 ESI=0040C4D2 EDI=0018FE48 EFLAG=00000217
0040C313	XOR      EBX, EAX                                         EAX=FBDFC21C ECX=77AE3804 EDX=0040AE3C EBX=00403B97 ESP=0018FDF8 EBP=0018FF08 ESI=0040C4D2 EDI=0018FE48 EFLAG=00000217
0040C315	STC                                                       EAX=FBDFC21C ECX=77AE3804 EDX=0040AE3C EBX=FB9FF98B ESP=0018FDF8 EBP=0018FF08 ESI=0040C4D2 EDI=0018FE48 EFLAG=00000286
0040C316	CALL     0x40bbd4                                         EAX=FBDFC21C ECX=77AE3804 EDX=0040AE3C EBX=FB9FF98B ESP=0018FDF8 EBP=0018FF08 ESI=0040C4D2 EDI=0018FE48 EFLAG=00000287
0040BBD4	CMP      BL, CL                                           EAX=FBDFC21C ECX=77AE3804 EDX=0040AE3C EBX=FB9FF98B ESP=0018FDF4 EBP=0018FF08 ESI=0040C4D2 EDI=0018FE48 EFLAG=00000287
0040BBD6	CMP      DH, 0xaa                                         EAX=FBDFC21C ECX=77AE3804 EDX=0040AE3C EBX=FB9FF98B ESP=0018FDF4 EBP=0018FF08 ESI=0040C4D2 EDI=0018FE48 EFLAG=00000286
0040BBD9	SUB      EBP, 0x4                                         EAX=FBDFC21C ECX=77AE3804 EDX=0040AE3C EBX=FB9FF98B ESP=0018FDF4 EBP=0018FF08 ESI=0040C4D2 EDI=0018FE48 EFLAG=00000202
0040BBDC	CALL     0x40b70a                                         EAX=FBDFC21C ECX=77AE3804 EDX=0040AE3C EBX=FB9FF98B ESP=0018FDF4 EBP=0018FF04 ESI=0040C4D2 EDI=0018FE48 EFLAG=00000202
0040B449	MOV      [ESP+0xc], CH                                    EAX=FBDFC21C ECX=77AE3804 EDX=0040AE3C EBX=FB9FF98B ESP=0018FDF0 EBP=0018FF04 ESI=0040C4D2 EDI=0018FE48 EFLAG=00000202
0040B44D	MOV      [EBP+0x0], EAX                                   EAX=FBDFC21C ECX=77AE3804 EDX=0040AE3C EBX=FB9FF98B ESP=0018FDF0 EBP=0018FF04 ESI=0040C4D2 EDI=0018FE48 EFLAG=00000202
0040B450	MOV      BYTE [ESP], 0x39                                 EAX=FBDFC21C ECX=77AE3804 EDX=0040AE3C EBX=FB9FF98B ESP=0018FDF0 EBP=0018FF04 ESI=0040C4D2 EDI=0018FE48 EFLAG=00000202
0040B454	LEA      ESP, [ESP+0x58]                                  EAX=FBDFC21C ECX=77AE3804 EDX=0040AE3C EBX=FB9FF98B ESP=0018FDF0 EBP=0018FF04 ESI=0040C4D2 EDI=0018FE48 EFLAG=00000202
0040C360	TEST     DH, 0x76                                         EAX=FBDFC21C ECX=77AE3804 EDX=0040AE3C EBX=FB9FF98B ESP=0018FE48 EBP=0018FF04 ESI=0040C4D2 EDI=0018FE48 EFLAG=00000202
0040C363	LEA      EAX, [EDI+0x50]                                  EAX=FBDFC21C ECX=77AE3804 EDX=0040AE3C EBX=FB9FF98B ESP=0018FE48 EBP=0018FF04 ESI=0040C4D2 EDI=0018FE48 EFLAG=00000202
0040C366	PUSH     DWORD 0xa76b4735                                 EAX=0018FE98 ECX=77AE3804 EDX=0040AE3C EBX=FB9FF98B ESP=0018FE48 EBP=0018FF04 ESI=0040C4D2 EDI=0018FE48 EFLAG=00000202
0040C36B	STC                                                       EAX=0018FE98 ECX=77AE3804 EDX=0040AE3C EBX=FB9FF98B ESP=0018FE44 EBP=0018FF04 ESI=0040C4D2 EDI=0018FE48 EFLAG=00000202
0040C36C	CMP      EBP, EAX                                         EAX=0018FE98 ECX=77AE3804 EDX=0040AE3C EBX=FB9FF98B ESP=0018FE44 EBP=0018FF04 ESI=0040C4D2 EDI=0018FE48 EFLAG=00000203
0040C36E	PUSH     DWORD 0xbe8fd443                                 EAX=0018FE98 ECX=77AE3804 EDX=0040AE3C EBX=FB9FF98B ESP=0018FE44 EBP=0018FF04 ESI=0040C4D2 EDI=0018FE48 EFLAG=00000216
0040C373	LEA      ESP, [ESP+0x8]                                   EAX=0018FE98 ECX=77AE3804 EDX=0040AE3C EBX=FB9FF98B ESP=0018FE40 EBP=0018FF04 ESI=0040C4D2 EDI=0018FE48 EFLAG=00000216
0040C377	JA       0x40befd                                         EAX=0018FE98 ECX=77AE3804 EDX=0040AE3C EBX=FB9FF98B ESP=0018FE48 EBP=0018FF04 ESI=0040C4D2 EDI=0018FE48 EFLAG=00000216
0040BEFD	BSWAP    DX                                               EAX=0018FE98 ECX=77AE3804 EDX=0040AE3C EBX=FB9FF98B ESP=0018FE48 EBP=0018FF04 ESI=0040C4D2 EDI=0018FE48 EFLAG=00000216
0040BF00	RCL      DL, CL                                           EAX=0018FE98 ECX=77AE3804 EDX=00400000 EBX=FB9FF98B ESP=0018FE48 EBP=0018FF04 ESI=0040C4D2 EDI=0018FE48 EFLAG=00000216
0040BF02	PUSHA                                                     EAX=0018FE98 ECX=77AE3804 EDX=00400000 EBX=FB9FF98B ESP=0018FE48 EBP=0018FF04 ESI=0040C4D2 EDI=0018FE48 EFLAG=00000216
0040BF03	AND      EDX, 0xfdc85d80                                  EAX=0018FE98 ECX=77AE3804 EDX=00400000 EBX=FB9FF98B ESP=0018FE28 EBP=0018FF04 ESI=0040C4D2 EDI=0018FE48 EFLAG=00000216
0040BF09	MOV      AL, [ESI-0x1]                                    EAX=0018FE98 ECX=77AE3804 EDX=00400000 EBX=FB9FF98B ESP=0018FE28 EBP=0018FF04 ESI=0040C4D2 EDI=0018FE48 EFLAG=00000206
0040BF0C	DEC      DH                                               EAX=0018FEB3 ECX=77AE3804 EDX=00400000 EBX=FB9FF98B ESP=0018FE28 EBP=0018FF04 ESI=0040C4D2 EDI=0018FE48 EFLAG=00000206
0040BF0E	SUB      AL, BL                                           EAX=0018FEB3 ECX=77AE3804 EDX=0040FF00 EBX=FB9FF98B ESP=0018FE28 EBP=0018FF04 ESI=0040C4D2 EDI=0018FE48 EFLAG=00000296
0040BF10	PUSHF                                                     EAX=0018FE28 ECX=77AE3804 EDX=0040FF00 EBX=FB9FF98B ESP=0018FE28 EBP=0018FF04 ESI=0040C4D2 EDI=0018FE48 EFLAG=00000216
0040BF11	BTC      DX, 0x4                                          EAX=0018FE28 ECX=77AE3804 EDX=0040FF00 EBX=FB9FF98B ESP=0018FE24 EBP=0018FF04 ESI=0040C4D2 EDI=0018FE48 EFLAG=00000216
0040BF16	PUSH     ESP                                              EAX=0018FE28 ECX=77AE3804 EDX=0040FF10 EBX=FB9FF98B ESP=0018FE24 EBP=0018FF04 ESI=0040C4D2 EDI=0018FE48 EFLAG=00000216
0040BF17	MOVZX    DX, AL                                           EAX=0018FE28 ECX=77AE3804 EDX=0040FF10 EBX=FB9FF98B ESP=0018FE20 EBP=0018FF04 ESI=0040C4D2 EDI=0018FE48 EFLAG=00000216
0040BF1B	ROR      AL, 0x7                                          EAX=0018FE28 ECX=77AE3804 EDX=00400028 EBX=FB9FF98B ESP=0018FE20 EBP=0018FF04 ESI=0040C4D2 EDI=0018FE48 EFLAG=00000216
0040BF1E	ROL      DH, 0x3                                          EAX=0018FE50 ECX=77AE3804 EDX=00400028 EBX=FB9FF98B ESP=0018FE20 EBP=0018FF04 ESI=0040C4D2 EDI=0018FE48 EFLAG=00000A16
0040BF21	SUB      AL, 0x30                                         EAX=0018FE50 ECX=77AE3804 EDX=00400028 EBX=FB9FF98B ESP=0018FE20 EBP=0018FF04 ESI=0040C4D2 EDI=0018FE48 EFLAG=00000216
0040BF23	SHR      DX, 0x9                                          EAX=0018FE20 ECX=77AE3804 EDX=00400028 EBX=FB9FF98B ESP=0018FE20 EBP=0018FF04 ESI=0040C4D2 EDI=0018FE48 EFLAG=00000202
0040BF27	XOR      AL, 0xce                                         EAX=0018FE20 ECX=77AE3804 EDX=00400000 EBX=FB9FF98B ESP=0018FE20 EBP=0018FF04 ESI=0040C4D2 EDI=0018FE48 EFLAG=00000246
0040BF29	ADC      DL, 0xdb                                         EAX=0018FEEE ECX=77AE3804 EDX=00400000 EBX=FB9FF98B ESP=0018FE20 EBP=0018FF04 ESI=0040C4D2 EDI=0018FE48 EFLAG=00000286
0040BF2C	BT       EBX, EDI                                         EAX=0018FEEE ECX=77AE3804 EDX=004000DB EBX=FB9FF98B ESP=0018FE20 EBP=0018FF04 ESI=0040C4D2 EDI=0018FE48 EFLAG=00000286
0040BF2F	SETL     DH                                               EAX=0018FEEE ECX=77AE3804 EDX=004000DB EBX=FB9FF98B ESP=0018FE20 EBP=0018FF04 ESI=0040C4D2 EDI=0018FE48 EFLAG=00000287
0040BF32	SUB      BL, AL                                           EAX=0018FEEE ECX=77AE3804 EDX=004001DB EBX=FB9FF98B ESP=0018FE20 EBP=0018FF04 ESI=0040C4D2 EDI=0018FE48 EFLAG=00000287
0040BF34	STC                                                       EAX=0018FEEE ECX=77AE3804 EDX=004001DB EBX=FB9FF99D ESP=0018FE20 EBP=0018FF04 ESI=0040C4D2 EDI=0018FE48 EFLAG=00000293
0040BF35	MOVZX    EAX, AL                                          EAX=0018FEEE ECX=77AE3804 EDX=004001DB EBX=FB9FF99D ESP=0018FE20 EBP=0018FF04 ESI=0040C4D2 EDI=0018FE48 EFLAG=00000293
0040BF38	NOT      EDX                                              EAX=000000EE ECX=77AE3804 EDX=004001DB EBX=FB9FF99D ESP=0018FE20 EBP=0018FF04 ESI=0040C4D2 EDI=0018FE48 EFLAG=00000293
0040BF3A	BSF      EDX, EDI                                         EAX=000000EE ECX=77AE3804 EDX=FFBFFE24 EBX=FB9FF99D ESP=0018FE20 EBP=0018FF04 ESI=0040C4D2 EDI=0018FE48 EFLAG=00000293
0040BF3E	CMC                                                       EAX=000000EE ECX=77AE3804 EDX=FFBF0003 EBX=FB9FF99D ESP=0018FE20 EBP=0018FF04 ESI=0040C4D2 EDI=0018FE48 EFLAG=00000206
0040BF3F	SAL      DH, CL                                           EAX=000000EE ECX=77AE3804 EDX=FFBF0003 EBX=FB9FF99D ESP=0018FE20 EBP=0018FF04 ESI=0040C4D2 EDI=0018FE48 EFLAG=00000207
0040BF41	MOV      EDX, [EAX*4+0x40a51f]                            EAX=000000EE ECX=77AE3804 EDX=FFBF0003 EBX=FB9FF99D ESP=0018FE20 EBP=0018FF04 ESI=0040C4D2 EDI=0018FE48 EFLAG=00000246
0040BF48	TEST     EDX, 0xe75c2a09                                  EAX=000000EE ECX=77AE3804 EDX=2BFA6557 EBX=FB9FF99D ESP=0018FE20 EBP=0018FF04 ESI=0040C4D2 EDI=0018FE48 EFLAG=00000246
0040BF4E	TEST     BL, DL                                           EAX=000000EE ECX=77AE3804 EDX=2BFA6557 EBX=FB9FF99D ESP=0018FE20 EBP=0018FF04 ESI=0040C4D2 EDI=0018FE48 EFLAG=00000202
0040BF50	SUB      EDX, 0x2bb9b71b                                  EAX=000000EE ECX=77AE3804 EDX=2BFA6557 EBX=FB9FF99D ESP=0018FE20 EBP=0018FF04 ESI=0040C4D2 EDI=0018FE48 EFLAG=00000202
0040BF56	CALL     0x40bd78                                         EAX=000000EE ECX=77AE3804 EDX=0040AE3C EBX=FB9FF99D ESP=0018FE20 EBP=0018FF04 ESI=0040C4D2 EDI=0018FE48 EFLAG=00000216
0040BD78	PUSH     EDX                                              EAX=000000EE ECX=77AE3804 EDX=0040AE3C EBX=FB9FF99D ESP=0018FE1C EBP=0018FF04 ESI=0040C4D2 EDI=0018FE48 EFLAG=00000216
0040BD79	DEC      ESI                                              EAX=000000EE ECX=77AE3804 EDX=0040AE3C EBX=FB9FF99D ESP=0018FE18 EBP=0018FF04 ESI=0040C4D2 EDI=0018FE48 EFLAG=00000216
0040BD7A	PUSHF                                                     EAX=000000EE ECX=77AE3804 EDX=0040AE3C EBX=FB9FF99D ESP=0018FE18 EBP=0018FF04 ESI=0040C4D1 EDI=0018FE48 EFLAG=00000206
0040A91F	MOV      [ESP], DH                                        EAX=000000EE ECX=77AE3804 EDX=0040AE3C EBX=FB9FF99D ESP=0018FE14 EBP=0018FF04 ESI=0040C4D1 EDI=0018FE48 EFLAG=00000206
0040A922	MOV      [ESP+0x30], EDX                                  EAX=000000EE ECX=77AE3804 EDX=0040AE3C EBX=FB9FF99D ESP=0018FE14 EBP=0018FF04 ESI=0040C4D1 EDI=0018FE48 EFLAG=00000206
0040A926	MOV      [ESP], AL                                        EAX=000000EE ECX=77AE3804 EDX=0040AE3C EBX=FB9FF99D ESP=0018FE14 EBP=0018FF04 ESI=0040C4D1 EDI=0018FE48 EFLAG=00000206
0040A929	PUSH     DWORD [ESP+0x30]                                 EAX=000000EE ECX=77AE3804 EDX=0040AE3C EBX=FB9FF99D ESP=0018FE14 EBP=0018FF04 ESI=0040C4D1 EDI=0018FE48 EFLAG=00000206
0040A92D	RET      0x34                                             EAX=000000EE ECX=77AE3804 EDX=0040AE3C EBX=FB9FF99D ESP=0018FE10 EBP=0018FF04 ESI=0040C4D1 EDI=0018FE48 EFLAG=00000206
0040AE3C	SAR      AL, CL                                           EAX=000000EE ECX=77AE3804 EDX=0040AE3C EBX=FB9FF99D ESP=0018FE48 EBP=0018FF04 ESI=0040C4D1 EDI=0018FE48 EFLAG=00000206
0040AE3E	MOV      EAX, [ESI-0x4]                                   EAX=000000FE ECX=77AE3804 EDX=0040AE3C EBX=FB9FF99D ESP=0018FE48 EBP=0018FF04 ESI=0040C4D1 EDI=0018FE48 EFLAG=00000283
0040AE41	PUSHA                                                     EAX=C9250000 ECX=77AE3804 EDX=0040AE3C EBX=FB9FF99D ESP=0018FE48 EBP=0018FF04 ESI=0040C4D1 EDI=0018FE48 EFLAG=00000283
0040B3CF	PUSHA                                                     EAX=C9250000 ECX=77AE3804 EDX=0040AE3C EBX=FB9FF99D ESP=0018FE28 EBP=0018FF04 ESI=0040C4D1 EDI=0018FE48 EFLAG=00000283
0040B3D0	CALL     0x40c0c5                                         EAX=C9250000 ECX=77AE3804 EDX=0040AE3C EBX=FB9FF99D ESP=0018FE08 EBP=0018FF04 ESI=0040C4D1 EDI=0018FE48 EFLAG=00000283
0040C0C5	BSWAP    EAX                                              EAX=C9250000 ECX=77AE3804 EDX=0040AE3C EBX=FB9FF99D ESP=0018FE04 EBP=0018FF04 ESI=0040C4D1 EDI=0018FE48 EFLAG=00000283
0040C0C7	TEST     AL, DL                                           EAX=000025C9 ECX=77AE3804 EDX=0040AE3C EBX=FB9FF99D ESP=0018FE04 EBP=0018FF04 ESI=0040C4D1 EDI=0018FE48 EFLAG=00000283
0040C0C9	TEST     AL, DH                                           EAX=000025C9 ECX=77AE3804 EDX=0040AE3C EBX=FB9FF99D ESP=0018FE04 EBP=0018FF04 ESI=0040C4D1 EDI=0018FE48 EFLAG=00000202
0040C0CB	XOR      EAX, EBX                                         EAX=000025C9 ECX=77AE3804 EDX=0040AE3C EBX=FB9FF99D ESP=0018FE04 EBP=0018FF04 ESI=0040C4D1 EDI=0018FE48 EFLAG=00000286
0040C0CD	TEST     DH, AL                                           EAX=FB9FDC54 ECX=77AE3804 EDX=0040AE3C EBX=FB9FF99D ESP=0018FE04 EBP=0018FF04 ESI=0040C4D1 EDI=0018FE48 EFLAG=00000282
0040C0CF	STC                                                       EAX=FB9FDC54 ECX=77AE3804 EDX=0040AE3C EBX=FB9FF99D ESP=0018FE04 EBP=0018FF04 ESI=0040C4D1 EDI=0018FE48 EFLAG=00000202
0040C0D0	NOT      EAX                                              EAX=FB9FDC54 ECX=77AE3804 EDX=0040AE3C EBX=FB9FF99D ESP=0018FE04 EBP=0018FF04 ESI=0040C4D1 EDI=0018FE48 EFLAG=00000203
0040C0D2	PUSHF                                                     EAX=046023AB ECX=77AE3804 EDX=0040AE3C EBX=FB9FF99D ESP=0018FE04 EBP=0018FF04 ESI=0040C4D1 EDI=0018FE48 EFLAG=00000203
0040C0D3	TEST     DL, CL                                           EAX=046023AB ECX=77AE3804 EDX=0040AE3C EBX=FB9FF99D ESP=0018FE00 EBP=0018FF04 ESI=0040C4D1 EDI=0018FE48 EFLAG=00000203
0040C0D5	CMC                                                       EAX=046023AB ECX=77AE3804 EDX=0040AE3C EBX=FB9FF99D ESP=0018FE00 EBP=0018FF04 ESI=0040C4D1 EDI=0018FE48 EFLAG=00000202
0040C0D6	SUB      EAX, 0x4e8d70e8                                  EAX=046023AB ECX=77AE3804 EDX=0040AE3C EBX=FB9FF99D ESP=0018FE00 EBP=0018FF04 ESI=0040C4D1 EDI=0018FE48 EFLAG=00000203
0040C0DB	CALL     0x40c358                                         EAX=B5D2B2C3 ECX=77AE3804 EDX=0040AE3C EBX=FB9FF99D ESP=0018FE00 EBP=0018FF04 ESI=0040C4D1 EDI=0018FE48 EFLAG=00000287
0040C358	ROL      EAX, 0x1e                                        EAX=B5D2B2C3 ECX=77AE3804 EDX=0040AE3C EBX=FB9FF99D ESP=0018FDFC EBP=0018FF04 ESI=0040C4D1 EDI=0018FE48 EFLAG=00000287
0040B4FA	CALL     0x40c30e                                         EAX=ED74ACB0 ECX=77AE3804 EDX=0040AE3C EBX=FB9FF99D ESP=0018FDFC EBP=0018FF04 ESI=0040C4D1 EDI=0018FE48 EFLAG=00000A86
0040C30E	STC                                                       EAX=ED74ACB0 ECX=77AE3804 EDX=0040AE3C EBX=FB9FF99D ESP=0018FDF8 EBP=0018FF04 ESI=0040C4D1 EDI=0018FE48 EFLAG=00000A86
0040C30F	ADD      ESI, -0x4                                        EAX=ED74ACB0 ECX=77AE3804 EDX=0040AE3C EBX=FB9FF99D ESP=0018FDF8 EBP=0018FF04 ESI=0040C4D1 EDI=0018FE48 EFLAG=00000A87
0040C312	STC                                                       EAX=ED74ACB0 ECX=77AE3804 EDX=0040AE3C EBX=FB9FF99D ESP=0018FDF8 EBP=0018FF04 ESI=0040C4CD EDI=0018FE48 EFLAG=00000203
0040C313	XOR      EBX, EAX                                         EAX=ED74ACB0 ECX=77AE3804 EDX=0040AE3C EBX=FB9FF99D ESP=0018FDF8 EBP=0018FF04 ESI=0040C4CD EDI=0018FE48 EFLAG=00000203
0040C315	STC                                                       EAX=ED74ACB0 ECX=77AE3804 EDX=0040AE3C EBX=16EB552D ESP=0018FDF8 EBP=0018FF04 ESI=0040C4CD EDI=0018FE48 EFLAG=00000206
0040C316	CALL     0x40bbd4                                         EAX=ED74ACB0 ECX=77AE3804 EDX=0040AE3C EBX=16EB552D ESP=0018FDF8 EBP=0018FF04 ESI=0040C4CD EDI=0018FE48 EFLAG=00000207
0040BBD4	CMP      BL, CL                                           EAX=ED74ACB0 ECX=77AE3804 EDX=0040AE3C EBX=16EB552D ESP=0018FDF4 EBP=0018FF04 ESI=0040C4CD EDI=0018FE48 EFLAG=00000207
0040BBD6	CMP      DH, 0xaa                                         EAX=ED74ACB0 ECX=77AE3804 EDX=0040AE3C EBX=16EB552D ESP=0018FDF4 EBP=0018FF04 ESI=0040C4CD EDI=0018FE48 EFLAG=00000202
0040BBD9	SUB      EBP, 0x4                                         EAX=ED74ACB0 ECX=77AE3804 EDX=0040AE3C EBX=16EB552D ESP=0018FDF4 EBP=0018FF04 ESI=0040C4CD EDI=0018FE48 EFLAG=00000202
0040BBDC	CALL     0x40b70a                                         EAX=ED74ACB0 ECX=77AE3804 EDX=0040AE3C EBX=16EB552D ESP=0018FDF4 EBP=0018FF00 ESI=0040C4CD EDI=0018FE48 EFLAG=00000206
0040B449	MOV      [ESP+0xc], CH                                    EAX=ED74ACB0 ECX=77AE3804 EDX=0040AE3C EBX=16EB552D ESP=0018FDF0 EBP=0018FF00 ESI=0040C4CD EDI=0018FE48 EFLAG=00000206
0040B44D	MOV      [EBP+0x0], EAX                                   EAX=ED74ACB0 ECX=77AE3804 EDX=0040AE3C EBX=16EB552D ESP=0018FDF0 EBP=0018FF00 ESI=0040C4CD EDI=0018FE48 EFLAG=00000206
0040B450	MOV      BYTE [ESP], 0x39                                 EAX=ED74ACB0 ECX=77AE3804 EDX=0040AE3C EBX=16EB552D ESP=0018FDF0 EBP=0018FF00 ESI=0040C4CD EDI=0018FE48 EFLAG=00000206
0040B454	LEA      ESP, [ESP+0x58]                                  EAX=ED74ACB0 ECX=77AE3804 EDX=0040AE3C EBX=16EB552D ESP=0018FDF0 EBP=0018FF00 ESI=0040C4CD EDI=0018FE48 EFLAG=00000206
0040C360	TEST     DH, 0x76                                         EAX=ED74ACB0 ECX=77AE3804 EDX=0040AE3C EBX=16EB552D ESP=0018FE48 EBP=0018FF00 ESI=0040C4CD EDI=0018FE48 EFLAG=00000206
0040C363	LEA      EAX, [EDI+0x50]                                  EAX=ED74ACB0 ECX=77AE3804 EDX=0040AE3C EBX=16EB552D ESP=0018FE48 EBP=0018FF00 ESI=0040C4CD EDI=0018FE48 EFLAG=00000202
0040C366	PUSH     DWORD 0xa76b4735                                 EAX=0018FE98 ECX=77AE3804 EDX=0040AE3C EBX=16EB552D ESP=0018FE48 EBP=0018FF00 ESI=0040C4CD EDI=0018FE48 EFLAG=00000202
0040C36B	STC                                                       EAX=0018FE98 ECX=77AE3804 EDX=0040AE3C EBX=16EB552D ESP=0018FE44 EBP=0018FF00 ESI=0040C4CD EDI=0018FE48 EFLAG=00000202
0040C36C	CMP      EBP, EAX                                         EAX=0018FE98 ECX=77AE3804 EDX=0040AE3C EBX=16EB552D ESP=0018FE44 EBP=0018FF00 ESI=0040C4CD EDI=0018FE48 EFLAG=00000203
0040C36E	PUSH     DWORD 0xbe8fd443                                 EAX=0018FE98 ECX=77AE3804 EDX=0040AE3C EBX=16EB552D ESP=0018FE44 EBP=0018FF00 ESI=0040C4CD EDI=0018FE48 EFLAG=00000212
0040C373	LEA      ESP, [ESP+0x8]                                   EAX=0018FE98 ECX=77AE3804 EDX=0040AE3C EBX=16EB552D ESP=0018FE40 EBP=0018FF00 ESI=0040C4CD EDI=0018FE48 EFLAG=00000212
0040C377	JA       0x40befd                                         EAX=0018FE98 ECX=77AE3804 EDX=0040AE3C EBX=16EB552D ESP=0018FE48 EBP=0018FF00 ESI=0040C4CD EDI=0018FE48 EFLAG=00000212
0040BEFD	BSWAP    DX                                               EAX=0018FE98 ECX=77AE3804 EDX=0040AE3C EBX=16EB552D ESP=0018FE48 EBP=0018FF00 ESI=0040C4CD EDI=0018FE48 EFLAG=00000212
0040BF00	RCL      DL, CL                                           EAX=0018FE98 ECX=77AE3804 EDX=00400000 EBX=16EB552D ESP=0018FE48 EBP=0018FF00 ESI=0040C4CD EDI=0018FE48 EFLAG=00000212
0040BF02	PUSHA                                                     EAX=0018FE98 ECX=77AE3804 EDX=00400000 EBX=16EB552D ESP=0018FE48 EBP=0018FF00 ESI=0040C4CD EDI=0018FE48 EFLAG=00000212
0040BF03	AND      EDX, 0xfdc85d80                                  EAX=0018FE98 ECX=77AE3804 EDX=00400000 EBX=16EB552D ESP=0018FE28 EBP=0018FF00 ESI=0040C4CD EDI=0018FE48 EFLAG=00000212
0040BF09	MOV      AL, [ESI-0x1]                                    EAX=0018FE98 ECX=77AE3804 EDX=00400000 EBX=16EB552D ESP=0018FE28 EBP=0018FF00 ESI=0040C4CD EDI=0018FE48 EFLAG=00000206
0040BF0C	DEC      DH                                               EAX=0018FE03 ECX=77AE3804 EDX=00400000 EBX=16EB552D ESP=0018FE28 EBP=0018FF00 ESI=0040C4CD EDI=0018FE48 EFLAG=00000206
0040BF0E	SUB      AL, BL                                           EAX=0018FE03 ECX=77AE3804 EDX=0040FF00 EBX=16EB552D ESP=0018FE28 EBP=0018FF00 ESI=0040C4CD EDI=0018FE48 EFLAG=00000296
0040BF10	PUSHF                                                     EAX=0018FED6 ECX=77AE3804 EDX=0040FF00 EBX=16EB552D ESP=0018FE28 EBP=0018FF00 ESI=0040C4CD EDI=0018FE48 EFLAG=00000293
0040BF11	BTC      DX, 0x4                                          EAX=0018FED6 ECX=77AE3804 EDX=0040FF00 EBX=16EB552D ESP=0018FE24 EBP=0018FF00 ESI=0040C4CD EDI=0018FE48 EFLAG=00000293
0040BF16	PUSH     ESP                                              EAX=0018FED6 ECX=77AE3804 EDX=0040FF10 EBX=16EB552D ESP=0018FE24 EBP=0018FF00 ESI=0040C4CD EDI=0018FE48 EFLAG=00000292
0040BF17	MOVZX    DX, AL                                           EAX=0018FED6 ECX=77AE3804 EDX=0040FF10 EBX=16EB552D ESP=0018FE20 EBP=0018FF00 ESI=0040C4CD EDI=0018FE48 EFLAG=00000292
0040BF1B	ROR      AL, 0x7                                          EAX=0018FED6 ECX=77AE3804 EDX=004000D6 EBX=16EB552D ESP=0018FE20 EBP=0018FF00 ESI=0040C4CD EDI=0018FE48 EFLAG=00000292
0040BF1E	ROL      DH, 0x3                                          EAX=0018FEAD ECX=77AE3804 EDX=004000D6 EBX=16EB552D ESP=0018FE20 EBP=0018FF00 ESI=0040C4CD EDI=0018FE48 EFLAG=00000A93
0040BF21	SUB      AL, 0x30                                         EAX=0018FEAD ECX=77AE3804 EDX=004000D6 EBX=16EB552D ESP=0018FE20 EBP=0018FF00 ESI=0040C4CD EDI=0018FE48 EFLAG=00000292
0040BF23	SHR      DX, 0x9                                          EAX=0018FE7D ECX=77AE3804 EDX=004000D6 EBX=16EB552D ESP=0018FE20 EBP=0018FF00 ESI=0040C4CD EDI=0018FE48 EFLAG=00000A06
0040BF27	XOR      AL, 0xce                                         EAX=0018FE7D ECX=77AE3804 EDX=00400000 EBX=16EB552D ESP=0018FE20 EBP=0018FF00 ESI=0040C4CD EDI=0018FE48 EFLAG=00000246
0040BF29	ADC      DL, 0xdb                                         EAX=0018FEB3 ECX=77AE3804 EDX=00400000 EBX=16EB552D ESP=0018FE20 EBP=0018FF00 ESI=0040C4CD EDI=0018FE48 EFLAG=00000282
0040BF2C	BT       EBX, EDI                                         EAX=0018FEB3 ECX=77AE3804 EDX=004000DB EBX=16EB552D ESP=0018FE20 EBP=0018FF00 ESI=0040C4CD EDI=0018FE48 EFLAG=00000286
0040BF2F	SETL     DH                                               EAX=0018FEB3 ECX=77AE3804 EDX=004000DB EBX=16EB552D ESP=0018FE20 EBP=0018FF00 ESI=0040C4CD EDI=0018FE48 EFLAG=00000287
0040BF32	SUB      BL, AL                                           EAX=0018FEB3 ECX=77AE3804 EDX=004001DB EBX=16EB552D ESP=0018FE20 EBP=0018FF00 ESI=0040C4CD EDI=0018FE48 EFLAG=00000287
0040BF34	STC                                                       EAX=0018FEB3 ECX=77AE3804 EDX=004001DB EBX=16EB557A ESP=0018FE20 EBP=0018FF00 ESI=0040C4CD EDI=0018FE48 EFLAG=00000203
0040BF35	MOVZX    EAX, AL                                          EAX=0018FEB3 ECX=77AE3804 EDX=004001DB EBX=16EB557A ESP=0018FE20 EBP=0018FF00 ESI=0040C4CD EDI=0018FE48 EFLAG=00000203
0040BF38	NOT      EDX                                              EAX=000000B3 ECX=77AE3804 EDX=004001DB EBX=16EB557A ESP=0018FE20 EBP=0018FF00 ESI=0040C4CD EDI=0018FE48 EFLAG=00000203
0040BF3A	BSF      EDX, EDI                                         EAX=000000B3 ECX=77AE3804 EDX=FFBFFE24 EBX=16EB557A ESP=0018FE20 EBP=0018FF00 ESI=0040C4CD EDI=0018FE48 EFLAG=00000203
0040BF3E	CMC                                                       EAX=000000B3 ECX=77AE3804 EDX=FFBF0003 EBX=16EB557A ESP=0018FE20 EBP=0018FF00 ESI=0040C4CD EDI=0018FE48 EFLAG=00000206
0040BF3F	SAL      DH, CL                                           EAX=000000B3 ECX=77AE3804 EDX=FFBF0003 EBX=16EB557A ESP=0018FE20 EBP=0018FF00 ESI=0040C4CD EDI=0018FE48 EFLAG=00000207
0040BF41	MOV      EDX, [EAX*4+0x40a51f]                            EAX=000000B3 ECX=77AE3804 EDX=FFBF0003 EBX=16EB557A ESP=0018FE20 EBP=0018FF00 ESI=0040C4CD EDI=0018FE48 EFLAG=00000246
0040BF48	TEST     EDX, 0xe75c2a09                                  EAX=000000B3 ECX=77AE3804 EDX=2BFA64E4 EBX=16EB557A ESP=0018FE20 EBP=0018FF00 ESI=0040C4CD EDI=0018FE48 EFLAG=00000246
0040BF4E	TEST     BL, DL                                           EAX=000000B3 ECX=77AE3804 EDX=2BFA64E4 EBX=16EB557A ESP=0018FE20 EBP=0018FF00 ESI=0040C4CD EDI=0018FE48 EFLAG=00000206
0040BF50	SUB      EDX, 0x2bb9b71b                                  EAX=000000B3 ECX=77AE3804 EDX=2BFA64E4 EBX=16EB557A ESP=0018FE20 EBP=0018FF00 ESI=0040C4CD EDI=0018FE48 EFLAG=00000206
0040BF56	CALL     0x40bd78                                         EAX=000000B3 ECX=77AE3804 EDX=0040ADC9 EBX=16EB557A ESP=0018FE20 EBP=0018FF00 ESI=0040C4CD EDI=0018FE48 EFLAG=00000216
0040BD78	PUSH     EDX                                              EAX=000000B3 ECX=77AE3804 EDX=0040ADC9 EBX=16EB557A ESP=0018FE1C EBP=0018FF00 ESI=0040C4CD EDI=0018FE48 EFLAG=00000216
0040BD79	DEC      ESI                                              EAX=000000B3 ECX=77AE3804 EDX=0040ADC9 EBX=16EB557A ESP=0018FE18 EBP=0018FF00 ESI=0040C4CD EDI=0018FE48 EFLAG=00000216
0040BD7A	PUSHF                                                     EAX=000000B3 ECX=77AE3804 EDX=0040ADC9 EBX=16EB557A ESP=0018FE18 EBP=0018FF00 ESI=0040C4CC EDI=0018FE48 EFLAG=00000206
0040A91F	MOV      [ESP], DH                                        EAX=000000B3 ECX=77AE3804 EDX=0040ADC9 EBX=16EB557A ESP=0018FE14 EBP=0018FF00 ESI=0040C4CC EDI=0018FE48 EFLAG=00000206
0040A922	MOV      [ESP+0x30], EDX                                  EAX=000000B3 ECX=77AE3804 EDX=0040ADC9 EBX=16EB557A ESP=0018FE14 EBP=0018FF00 ESI=0040C4CC EDI=0018FE48 EFLAG=00000206
0040A926	MOV      [ESP], AL                                        EAX=000000B3 ECX=77AE3804 EDX=0040ADC9 EBX=16EB557A ESP=0018FE14 EBP=0018FF00 ESI=0040C4CC EDI=0018FE48 EFLAG=00000206
0040A929	PUSH     DWORD [ESP+0x30]                                 EAX=000000B3 ECX=77AE3804 EDX=0040ADC9 EBX=16EB557A ESP=0018FE14 EBP=0018FF00 ESI=0040C4CC EDI=0018FE48 EFLAG=00000206
0040A92D	RET      0x34                                             EAX=000000B3 ECX=77AE3804 EDX=0040ADC9 EBX=16EB557A ESP=0018FE10 EBP=0018FF00 ESI=0040C4CC EDI=0018FE48 EFLAG=00000206
0040ADC9	ADC      AL, 0xc                                          EAX=000000B3 ECX=77AE3804 EDX=0040ADC9 EBX=16EB557A ESP=0018FE48 EBP=0018FF00 ESI=0040C4CC EDI=0018FE48 EFLAG=00000206
0040ADCB	MOV      AL, [EBP+0x0]                                    EAX=000000BF ECX=77AE3804 EDX=0040ADC9 EBX=16EB557A ESP=0018FE48 EBP=0018FF00 ESI=0040C4CC EDI=0018FE48 EFLAG=00000282
0040ADCE	SHR      CL, 0x1                                          EAX=000000B0 ECX=77AE3804 EDX=0040ADC9 EBX=16EB557A ESP=0018FE48 EBP=0018FF00 ESI=0040C4CC EDI=0018FE48 EFLAG=00000282
0040ADD0	SBB      CL, 0xb1                                         EAX=000000B0 ECX=77AE3802 EDX=0040ADC9 EBX=16EB557A ESP=0018FE48 EBP=0018FF00 ESI=0040C4CC EDI=0018FE48 EFLAG=00000202
0040ADD3	ADD      CL, 0xdf                                         EAX=000000B0 ECX=77AE3851 EDX=0040ADC9 EBX=16EB557A ESP=0018FE48 EBP=0018FF00 ESI=0040C4CC EDI=0018FE48 EFLAG=00000203
0040ADD6	NEG      CL                                               EAX=000000B0 ECX=77AE3830 EDX=0040ADC9 EBX=16EB557A ESP=0018FE48 EBP=0018FF00 ESI=0040C4CC EDI=0018FE48 EFLAG=00000217
0040ADD8	MOV      CL, [EBP+0x2]                                    EAX=000000B0 ECX=77AE38D0 EDX=0040ADC9 EBX=16EB557A ESP=0018FE48 EBP=0018FF00 ESI=0040C4CC EDI=0018FE48 EFLAG=00000283
0040ADDB	PUSH     DWORD 0x49da4544                                 EAX=000000B0 ECX=77AE3874 EDX=0040ADC9 EBX=16EB557A ESP=0018FE48 EBP=0018FF00 ESI=0040C4CC EDI=0018FE48 EFLAG=00000283
0040ADE0	STC                                                       EAX=000000B0 ECX=77AE3874 EDX=0040ADC9 EBX=16EB557A ESP=0018FE44 EBP=0018FF00 ESI=0040C4CC EDI=0018FE48 EFLAG=00000283
0040ADE1	PUSHA                                                     EAX=000000B0 ECX=77AE3874 EDX=0040ADC9 EBX=16EB557A ESP=0018FE44 EBP=0018FF00 ESI=0040C4CC EDI=0018FE48 EFLAG=00000283
0040ADE2	SUB      EBP, 0x2                                         EAX=000000B0 ECX=77AE3874 EDX=0040ADC9 EBX=16EB557A ESP=0018FE24 EBP=0018FF00 ESI=0040C4CC EDI=0018FE48 EFLAG=00000283
0040ADE5	CMC                                                       EAX=000000B0 ECX=77AE3874 EDX=0040ADC9 EBX=16EB557A ESP=0018FE24 EBP=0018FEFE ESI=0040C4CC EDI=0018FE48 EFLAG=00000212
0040ADE6	SHL      AL, CL                                           EAX=000000B0 ECX=77AE3874 EDX=0040ADC9 EBX=16EB557A ESP=0018FE24 EBP=0018FEFE ESI=0040C4CC EDI=0018FE48 EFLAG=00000213
0040ADE8	CALL     0x40b54c                                         EAX=00000000 ECX=77AE3874 EDX=0040ADC9 EBX=16EB557A ESP=0018FE24 EBP=0018FEFE ESI=0040C4CC EDI=0018FE48 EFLAG=00000246
0040B54C	MOV      [EBP+0x4], AX                                    EAX=00000000 ECX=77AE3874 EDX=0040ADC9 EBX=16EB557A ESP=0018FE20 EBP=0018FEFE ESI=0040C4CC EDI=0018FE48 EFLAG=00000246
0040B550	PUSH     DWORD 0xf925cea4                                 EAX=00000000 ECX=77AE3874 EDX=0040ADC9 EBX=16EB557A ESP=0018FE20 EBP=0018FEFE ESI=0040C4CC EDI=0018FE48 EFLAG=00000246
0040B555	MOV      [ESP], AL                                        EAX=00000000 ECX=77AE3874 EDX=0040ADC9 EBX=16EB557A ESP=0018FE1C EBP=0018FEFE ESI=0040C4CC EDI=0018FE48 EFLAG=00000246
0040B558	PUSHF                                                     EAX=00000000 ECX=77AE3874 EDX=0040ADC9 EBX=16EB557A ESP=0018FE1C EBP=0018FEFE ESI=0040C4CC EDI=0018FE48 EFLAG=00000246
0040B559	CALL     0x40c3fd                                         EAX=00000000 ECX=77AE3874 EDX=0040ADC9 EBX=16EB557A ESP=0018FE18 EBP=0018FEFE ESI=0040C4CC EDI=0018FE48 EFLAG=00000246
0040C3FD	PUSHF                                                     EAX=00000000 ECX=77AE3874 EDX=0040ADC9 EBX=16EB557A ESP=0018FE14 EBP=0018FEFE ESI=0040C4CC EDI=0018FE48 EFLAG=00000246
0040C3FE	POP      DWORD [ESP+0x30]                                 EAX=00000000 ECX=77AE3874 EDX=0040ADC9 EBX=16EB557A ESP=0018FE10 EBP=0018FEFE ESI=0040C4CC EDI=0018FE48 EFLAG=00000246
0040AC5F	PUSH     DWORD [ESP+0x30]                                 EAX=00000000 ECX=77AE3874 EDX=0040ADC9 EBX=16EB557A ESP=0018FE14 EBP=0018FEFE ESI=0040C4CC EDI=0018FE48 EFLAG=00000246
0040AC63	POP      DWORD [EBP+0x0]                                  EAX=00000000 ECX=77AE3874 EDX=0040ADC9 EBX=16EB557A ESP=0018FE10 EBP=0018FEFE ESI=0040C4CC EDI=0018FE48 EFLAG=00000246
0040AC66	MOV      BYTE [ESP+0x4], 0x8f                             EAX=00000000 ECX=77AE3874 EDX=0040ADC9 EBX=16EB557A ESP=0018FE14 EBP=0018FEFE ESI=0040C4CC EDI=0018FE48 EFLAG=00000246
0040AC6B	MOV      [ESP+0x8], BH                                    EAX=00000000 ECX=77AE3874 EDX=0040ADC9 EBX=16EB557A ESP=0018FE14 EBP=0018FEFE ESI=0040C4CC EDI=0018FE48 EFLAG=00000246
0040AC6F	MOV      WORD [ESP+0x4], 0x9480                           EAX=00000000 ECX=77AE3874 EDX=0040ADC9 EBX=16EB557A ESP=0018FE14 EBP=0018FEFE ESI=0040C4CC EDI=0018FE48 EFLAG=00000246
0040AC76	LEA      ESP, [ESP+0x34]                                  EAX=00000000 ECX=77AE3874 EDX=0040ADC9 EBX=16EB557A ESP=0018FE14 EBP=0018FEFE ESI=0040C4CC EDI=0018FE48 EFLAG=00000246
0040C360	TEST     DH, 0x76                                         EAX=00000000 ECX=77AE3874 EDX=0040ADC9 EBX=16EB557A ESP=0018FE48 EBP=0018FEFE ESI=0040C4CC EDI=0018FE48 EFLAG=00000246
0040C363	LEA      EAX, [EDI+0x50]                                  EAX=00000000 ECX=77AE3874 EDX=0040ADC9 EBX=16EB557A ESP=0018FE48 EBP=0018FEFE ESI=0040C4CC EDI=0018FE48 EFLAG=00000206
0040C366	PUSH     DWORD 0xa76b4735                                 EAX=0018FE98 ECX=77AE3874 EDX=0040ADC9 EBX=16EB557A ESP=0018FE48 EBP=0018FEFE ESI=0040C4CC EDI=0018FE48 EFLAG=00000206
0040C36B	STC                                                       EAX=0018FE98 ECX=77AE3874 EDX=0040ADC9 EBX=16EB557A ESP=0018FE44 EBP=0018FEFE ESI=0040C4CC EDI=0018FE48 EFLAG=00000206
0040C36C	CMP      EBP, EAX                                         EAX=0018FE98 ECX=77AE3874 EDX=0040ADC9 EBX=16EB557A ESP=0018FE44 EBP=0018FEFE ESI=0040C4CC EDI=0018FE48 EFLAG=00000207
0040C36E	PUSH     DWORD 0xbe8fd443                                 EAX=0018FE98 ECX=77AE3874 EDX=0040ADC9 EBX=16EB557A ESP=0018FE44 EBP=0018FEFE ESI=0040C4CC EDI=0018FE48 EFLAG=00000206
0040C373	LEA      ESP, [ESP+0x8]                                   EAX=0018FE98 ECX=77AE3874 EDX=0040ADC9 EBX=16EB557A ESP=0018FE40 EBP=0018FEFE ESI=0040C4CC EDI=0018FE48 EFLAG=00000206
0040C377	JA       0x40befd                                         EAX=0018FE98 ECX=77AE3874 EDX=0040ADC9 EBX=16EB557A ESP=0018FE48 EBP=0018FEFE ESI=0040C4CC EDI=0018FE48 EFLAG=00000206
0040BEFD	BSWAP    DX                                               EAX=0018FE98 ECX=77AE3874 EDX=0040ADC9 EBX=16EB557A ESP=0018FE48 EBP=0018FEFE ESI=0040C4CC EDI=0018FE48 EFLAG=00000206
0040BF00	RCL      DL, CL                                           EAX=0018FE98 ECX=77AE3874 EDX=00400000 EBX=16EB557A ESP=0018FE48 EBP=0018FEFE ESI=0040C4CC EDI=0018FE48 EFLAG=00000206
0040BF02	PUSHA                                                     EAX=0018FE98 ECX=77AE3874 EDX=00400000 EBX=16EB557A ESP=0018FE48 EBP=0018FEFE ESI=0040C4CC EDI=0018FE48 EFLAG=00000206
0040BF03	AND      EDX, 0xfdc85d80                                  EAX=0018FE98 ECX=77AE3874 EDX=00400000 EBX=16EB557A ESP=0018FE28 EBP=0018FEFE ESI=0040C4CC EDI=0018FE48 EFLAG=00000206
0040BF09	MOV      AL, [ESI-0x1]                                    EAX=0018FE98 ECX=77AE3874 EDX=00400000 EBX=16EB557A ESP=0018FE28 EBP=0018FEFE ESI=0040C4CC EDI=0018FE48 EFLAG=00000206
0040BF0C	DEC      DH                                               EAX=0018FEA9 ECX=77AE3874 EDX=00400000 EBX=16EB557A ESP=0018FE28 EBP=0018FEFE ESI=0040C4CC EDI=0018FE48 EFLAG=00000206
0040BF0E	SUB      AL, BL                                           EAX=0018FEA9 ECX=77AE3874 EDX=0040FF00 EBX=16EB557A ESP=0018FE28 EBP=0018FEFE ESI=0040C4CC EDI=0018FE48 EFLAG=00000296
0040BF10	PUSHF                                                     EAX=0018FE2F ECX=77AE3874 EDX=0040FF00 EBX=16EB557A ESP=0018FE28 EBP=0018FEFE ESI=0040C4CC EDI=0018FE48 EFLAG=00000A12
0040BF11	BTC      DX, 0x4                                          EAX=0018FE2F ECX=77AE3874 EDX=0040FF00 EBX=16EB557A ESP=0018FE24 EBP=0018FEFE ESI=0040C4CC EDI=0018FE48 EFLAG=00000A12
0040BF16	PUSH     ESP                                              EAX=0018FE2F ECX=77AE3874 EDX=0040FF10 EBX=16EB557A ESP=0018FE24 EBP=0018FEFE ESI=0040C4CC EDI=0018FE48 EFLAG=00000A12
0040BF17	MOVZX    DX, AL                                           EAX=0018FE2F ECX=77AE3874 EDX=0040FF10 EBX=16EB557A ESP=0018FE20 EBP=0018FEFE ESI=0040C4CC EDI=0018FE48 EFLAG=00000A12
0040BF1B	ROR      AL, 0x7                                          EAX=0018FE2F ECX=77AE3874 EDX=0040002F EBX=16EB557A ESP=0018FE20 EBP=0018FEFE ESI=0040C4CC EDI=0018FE48 EFLAG=00000A12
0040BF1E	ROL      DH, 0x3                                          EAX=0018FE5E ECX=77AE3874 EDX=0040002F EBX=16EB557A ESP=0018FE20 EBP=0018FEFE ESI=0040C4CC EDI=0018FE48 EFLAG=00000A12
0040BF21	SUB      AL, 0x30                                         EAX=0018FE5E ECX=77AE3874 EDX=0040002F EBX=16EB557A ESP=0018FE20 EBP=0018FEFE ESI=0040C4CC EDI=0018FE48 EFLAG=00000212
0040BF23	SHR      DX, 0x9                                          EAX=0018FE2E ECX=77AE3874 EDX=0040002F EBX=16EB557A ESP=0018FE20 EBP=0018FEFE ESI=0040C4CC EDI=0018FE48 EFLAG=00000206
0040BF27	XOR      AL, 0xce                                         EAX=0018FE2E ECX=77AE3874 EDX=00400000 EBX=16EB557A ESP=0018FE20 EBP=0018FEFE ESI=0040C4CC EDI=0018FE48 EFLAG=00000246
0040BF29	ADC      DL, 0xdb                                         EAX=0018FEE0 ECX=77AE3874 EDX=00400000 EBX=16EB557A ESP=0018FE20 EBP=0018FEFE ESI=0040C4CC EDI=0018FE48 EFLAG=00000282
0040BF2C	BT       EBX, EDI                                         EAX=0018FEE0 ECX=77AE3874 EDX=004000DB EBX=16EB557A ESP=0018FE20 EBP=0018FEFE ESI=0040C4CC EDI=0018FE48 EFLAG=00000286
0040BF2F	SETL     DH                                               EAX=0018FEE0 ECX=77AE3874 EDX=004000DB EBX=16EB557A ESP=0018FE20 EBP=0018FEFE ESI=0040C4CC EDI=0018FE48 EFLAG=00000287
0040BF32	SUB      BL, AL                                           EAX=0018FEE0 ECX=77AE3874 EDX=004001DB EBX=16EB557A ESP=0018FE20 EBP=0018FEFE ESI=0040C4CC EDI=0018FE48 EFLAG=00000287
0040BF34	STC                                                       EAX=0018FEE0 ECX=77AE3874 EDX=004001DB EBX=16EB559A ESP=0018FE20 EBP=0018FEFE ESI=0040C4CC EDI=0018FE48 EFLAG=00000A87
0040BF35	MOVZX    EAX, AL                                          EAX=0018FEE0 ECX=77AE3874 EDX=004001DB EBX=16EB559A ESP=0018FE20 EBP=0018FEFE ESI=0040C4CC EDI=0018FE48 EFLAG=00000A87
0040BF38	NOT      EDX                                              EAX=000000E0 ECX=77AE3874 EDX=004001DB EBX=16EB559A ESP=0018FE20 EBP=0018FEFE ESI=0040C4CC EDI=0018FE48 EFLAG=00000A87
0040BF3A	BSF      EDX, EDI                                         EAX=000000E0 ECX=77AE3874 EDX=FFBFFE24 EBX=16EB559A ESP=0018FE20 EBP=0018FEFE ESI=0040C4CC EDI=0018FE48 EFLAG=00000A87
0040BF3E	CMC                                                       EAX=000000E0 ECX=77AE3874 EDX=FFBF0003 EBX=16EB559A ESP=0018FE20 EBP=0018FEFE ESI=0040C4CC EDI=0018FE48 EFLAG=00000206
0040BF3F	SAL      DH, CL                                           EAX=000000E0 ECX=77AE3874 EDX=FFBF0003 EBX=16EB559A ESP=0018FE20 EBP=0018FEFE ESI=0040C4CC EDI=0018FE48 EFLAG=00000207
0040BF41	MOV      EDX, [EAX*4+0x40a51f]                            EAX=000000E0 ECX=77AE3874 EDX=FFBF0003 EBX=16EB559A ESP=0018FE20 EBP=0018FEFE ESI=0040C4CC EDI=0018FE48 EFLAG=00000246
0040BF48	TEST     EDX, 0xe75c2a09                                  EAX=000000E0 ECX=77AE3874 EDX=2BFA5C21 EBX=16EB559A ESP=0018FE20 EBP=0018FEFE ESI=0040C4CC EDI=0018FE48 EFLAG=00000246
0040BF4E	TEST     BL, DL                                           EAX=000000E0 ECX=77AE3874 EDX=2BFA5C21 EBX=16EB559A ESP=0018FE20 EBP=0018FEFE ESI=0040C4CC EDI=0018FE48 EFLAG=00000202
0040BF50	SUB      EDX, 0x2bb9b71b                                  EAX=000000E0 ECX=77AE3874 EDX=2BFA5C21 EBX=16EB559A ESP=0018FE20 EBP=0018FEFE ESI=0040C4CC EDI=0018FE48 EFLAG=00000246
0040BF56	CALL     0x40bd78                                         EAX=000000E0 ECX=77AE3874 EDX=0040A506 EBX=16EB559A ESP=0018FE20 EBP=0018FEFE ESI=0040C4CC EDI=0018FE48 EFLAG=00000216
0040BD78	PUSH     EDX                                              EAX=000000E0 ECX=77AE3874 EDX=0040A506 EBX=16EB559A ESP=0018FE1C EBP=0018FEFE ESI=0040C4CC EDI=0018FE48 EFLAG=00000216
0040BD79	DEC      ESI                                              EAX=000000E0 ECX=77AE3874 EDX=0040A506 EBX=16EB559A ESP=0018FE18 EBP=0018FEFE ESI=0040C4CC EDI=0018FE48 EFLAG=00000216
0040BD7A	PUSHF                                                     EAX=000000E0 ECX=77AE3874 EDX=0040A506 EBX=16EB559A ESP=0018FE18 EBP=0018FEFE ESI=0040C4CB EDI=0018FE48 EFLAG=00000202
0040A91F	MOV      [ESP], DH                                        EAX=000000E0 ECX=77AE3874 EDX=0040A506 EBX=16EB559A ESP=0018FE14 EBP=0018FEFE ESI=0040C4CB EDI=0018FE48 EFLAG=00000202
0040A922	MOV      [ESP+0x30], EDX                                  EAX=000000E0 ECX=77AE3874 EDX=0040A506 EBX=16EB559A ESP=0018FE14 EBP=0018FEFE ESI=0040C4CB EDI=0018FE48 EFLAG=00000202
0040A926	MOV      [ESP], AL                                        EAX=000000E0 ECX=77AE3874 EDX=0040A506 EBX=16EB559A ESP=0018FE14 EBP=0018FEFE ESI=0040C4CB EDI=0018FE48 EFLAG=00000202
0040A929	PUSH     DWORD [ESP+0x30]                                 EAX=000000E0 ECX=77AE3874 EDX=0040A506 EBX=16EB559A ESP=0018FE14 EBP=0018FEFE ESI=0040C4CB EDI=0018FE48 EFLAG=00000202
0040A92D	RET      0x34                                             EAX=000000E0 ECX=77AE3874 EDX=0040A506 EBX=16EB559A ESP=0018FE10 EBP=0018FEFE ESI=0040C4CB EDI=0018FE48 EFLAG=00000202
0040A506	XOR      AH, CH                                           EAX=000000E0 ECX=77AE3874 EDX=0040A506 EBX=16EB559A ESP=0018FE48 EBP=0018FEFE ESI=0040C4CB EDI=0018FE48 EFLAG=00000202
0040A508	MOV      EAX, EBP                                         EAX=000038E0 ECX=77AE3874 EDX=0040A506 EBX=16EB559A ESP=0018FE48 EBP=0018FEFE ESI=0040C4CB EDI=0018FE48 EFLAG=00000202
0040A50A	PUSHF                                                     EAX=0018FEFE ECX=77AE3874 EDX=0040A506 EBX=16EB559A ESP=0018FE48 EBP=0018FEFE ESI=0040C4CB EDI=0018FE48 EFLAG=00000202
0040A50B	MOV      BYTE [ESP], 0x42                                 EAX=0018FEFE ECX=77AE3874 EDX=0040A506 EBX=16EB559A ESP=0018FE44 EBP=0018FEFE ESI=0040C4CB EDI=0018FE48 EFLAG=00000202
0040A50F	CMC                                                       EAX=0018FEFE ECX=77AE3874 EDX=0040A506 EBX=16EB559A ESP=0018FE44 EBP=0018FEFE ESI=0040C4CB EDI=0018FE48 EFLAG=00000202
0040A510	CALL     0x40bbe7                                         EAX=0018FEFE ECX=77AE3874 EDX=0040A506 EBX=16EB559A ESP=0018FE44 EBP=0018FEFE ESI=0040C4CB EDI=0018FE48 EFLAG=00000203
0040BBE7	SUB      EBP, 0x4                                         EAX=0018FEFE ECX=77AE3874 EDX=0040A506 EBX=16EB559A ESP=0018FE40 EBP=0018FEFE ESI=0040C4CB EDI=0018FE48 EFLAG=00000203
0040BBEA	PUSH     EDX                                              EAX=0018FEFE ECX=77AE3874 EDX=0040A506 EBX=16EB559A ESP=0018FE40 EBP=0018FEFA ESI=0040C4CB EDI=0018FE48 EFLAG=00000206
0040BBEB	MOV      [EBP+0x0], EAX                                   EAX=0018FEFE ECX=77AE3874 EDX=0040A506 EBX=16EB559A ESP=0018FE3C EBP=0018FEFA ESI=0040C4CB EDI=0018FE48 EFLAG=00000206
0040BBEE	PUSHF                                                     EAX=0018FEFE ECX=77AE3874 EDX=0040A506 EBX=16EB559A ESP=0018FE3C EBP=0018FEFA ESI=0040C4CB EDI=0018FE48 EFLAG=00000206
0040BBEF	PUSH     DWORD [ESP+0x4]                                  EAX=0018FEFE ECX=77AE3874 EDX=0040A506 EBX=16EB559A ESP=0018FE38 EBP=0018FEFA ESI=0040C4CB EDI=0018FE48 EFLAG=00000206
0040BBF3	PUSHA                                                     EAX=0018FEFE ECX=77AE3874 EDX=0040A506 EBX=16EB559A ESP=0018FE34 EBP=0018FEFA ESI=0040C4CB EDI=0018FE48 EFLAG=00000206
0040BBF4	LEA      ESP, [ESP+0x34]                                  EAX=0018FEFE ECX=77AE3874 EDX=0040A506 EBX=16EB559A ESP=0018FE14 EBP=0018FEFA ESI=0040C4CB EDI=0018FE48 EFLAG=00000206
0040C360	TEST     DH, 0x76                                         EAX=0018FEFE ECX=77AE3874 EDX=0040A506 EBX=16EB559A ESP=0018FE48 EBP=0018FEFA ESI=0040C4CB EDI=0018FE48 EFLAG=00000206
0040C363	LEA      EAX, [EDI+0x50]                                  EAX=0018FEFE ECX=77AE3874 EDX=0040A506 EBX=16EB559A ESP=0018FE48 EBP=0018FEFA ESI=0040C4CB EDI=0018FE48 EFLAG=00000206
0040C366	PUSH     DWORD 0xa76b4735                                 EAX=0018FE98 ECX=77AE3874 EDX=0040A506 EBX=16EB559A ESP=0018FE48 EBP=0018FEFA ESI=0040C4CB EDI=0018FE48 EFLAG=00000206
0040C36B	STC                                                       EAX=0018FE98 ECX=77AE3874 EDX=0040A506 EBX=16EB559A ESP=0018FE44 EBP=0018FEFA ESI=0040C4CB EDI=0018FE48 EFLAG=00000206
0040C36C	CMP      EBP, EAX                                         EAX=0018FE98 ECX=77AE3874 EDX=0040A506 EBX=16EB559A ESP=0018FE44 EBP=0018FEFA ESI=0040C4CB EDI=0018FE48 EFLAG=00000207
0040C36E	PUSH     DWORD 0xbe8fd443                                 EAX=0018FE98 ECX=77AE3874 EDX=0040A506 EBX=16EB559A ESP=0018FE44 EBP=0018FEFA ESI=0040C4CB EDI=0018FE48 EFLAG=00000202
0040C373	LEA      ESP, [ESP+0x8]                                   EAX=0018FE98 ECX=77AE3874 EDX=0040A506 EBX=16EB559A ESP=0018FE40 EBP=0018FEFA ESI=0040C4CB EDI=0018FE48 EFLAG=00000202
0040C377	JA       0x40befd                                         EAX=0018FE98 ECX=77AE3874 EDX=0040A506 EBX=16EB559A ESP=0018FE48 EBP=0018FEFA ESI=0040C4CB EDI=0018FE48 EFLAG=00000202
0040BEFD	BSWAP    DX                                               EAX=0018FE98 ECX=77AE3874 EDX=0040A506 EBX=16EB559A ESP=0018FE48 EBP=0018FEFA ESI=0040C4CB EDI=0018FE48 EFLAG=00000202
0040BF00	RCL      DL, CL                                           EAX=0018FE98 ECX=77AE3874 EDX=00400000 EBX=16EB559A ESP=0018FE48 EBP=0018FEFA ESI=0040C4CB EDI=0018FE48 EFLAG=00000202
0040BF02	PUSHA                                                     EAX=0018FE98 ECX=77AE3874 EDX=00400000 EBX=16EB559A ESP=0018FE48 EBP=0018FEFA ESI=0040C4CB EDI=0018FE48 EFLAG=00000202
0040BF03	AND      EDX, 0xfdc85d80                                  EAX=0018FE98 ECX=77AE3874 EDX=00400000 EBX=16EB559A ESP=0018FE28 EBP=0018FEFA ESI=0040C4CB EDI=0018FE48 EFLAG=00000202
0040BF09	MOV      AL, [ESI-0x1]                                    EAX=0018FE98 ECX=77AE3874 EDX=00400000 EBX=16EB559A ESP=0018FE28 EBP=0018FEFA ESI=0040C4CB EDI=0018FE48 EFLAG=00000206
0040BF0C	DEC      DH                                               EAX=0018FEE8 ECX=77AE3874 EDX=00400000 EBX=16EB559A ESP=0018FE28 EBP=0018FEFA ESI=0040C4CB EDI=0018FE48 EFLAG=00000206
0040BF0E	SUB      AL, BL                                           EAX=0018FEE8 ECX=77AE3874 EDX=0040FF00 EBX=16EB559A ESP=0018FE28 EBP=0018FEFA ESI=0040C4CB EDI=0018FE48 EFLAG=00000296
0040BF10	PUSHF                                                     EAX=0018FE4E ECX=77AE3874 EDX=0040FF00 EBX=16EB559A ESP=0018FE28 EBP=0018FEFA ESI=0040C4CB EDI=0018FE48 EFLAG=00000216
0040BF11	BTC      DX, 0x4                                          EAX=0018FE4E ECX=77AE3874 EDX=0040FF00 EBX=16EB559A ESP=0018FE24 EBP=0018FEFA ESI=0040C4CB EDI=0018FE48 EFLAG=00000216
0040BF16	PUSH     ESP                                              EAX=0018FE4E ECX=77AE3874 EDX=0040FF10 EBX=16EB559A ESP=0018FE24 EBP=0018FEFA ESI=0040C4CB EDI=0018FE48 EFLAG=00000216
0040BF17	MOVZX    DX, AL                                           EAX=0018FE4E ECX=77AE3874 EDX=0040FF10 EBX=16EB559A ESP=0018FE20 EBP=0018FEFA ESI=0040C4CB EDI=0018FE48 EFLAG=00000216
0040BF1B	ROR      AL, 0x7                                          EAX=0018FE4E ECX=77AE3874 EDX=0040004E EBX=16EB559A ESP=0018FE20 EBP=0018FEFA ESI=0040C4CB EDI=0018FE48 EFLAG=00000216
0040BF1E	ROL      DH, 0x3                                          EAX=0018FE9C ECX=77AE3874 EDX=0040004E EBX=16EB559A ESP=0018FE20 EBP=0018FEFA ESI=0040C4CB EDI=0018FE48 EFLAG=00000A17
0040BF21	SUB      AL, 0x30                                         EAX=0018FE9C ECX=77AE3874 EDX=0040004E EBX=16EB559A ESP=0018FE20 EBP=0018FEFA ESI=0040C4CB EDI=0018FE48 EFLAG=00000216
0040BF23	SHR      DX, 0x9                                          EAX=0018FE6C ECX=77AE3874 EDX=0040004E EBX=16EB559A ESP=0018FE20 EBP=0018FEFA ESI=0040C4CB EDI=0018FE48 EFLAG=00000A06
0040BF27	XOR      AL, 0xce                                         EAX=0018FE6C ECX=77AE3874 EDX=00400000 EBX=16EB559A ESP=0018FE20 EBP=0018FEFA ESI=0040C4CB EDI=0018FE48 EFLAG=00000246
0040BF29	ADC      DL, 0xdb                                         EAX=0018FEA2 ECX=77AE3874 EDX=00400000 EBX=16EB559A ESP=0018FE20 EBP=0018FEFA ESI=0040C4CB EDI=0018FE48 EFLAG=00000282
0040BF2C	BT       EBX, EDI                                         EAX=0018FEA2 ECX=77AE3874 EDX=004000DB EBX=16EB559A ESP=0018FE20 EBP=0018FEFA ESI=0040C4CB EDI=0018FE48 EFLAG=00000286
0040BF2F	SETL     DH                                               EAX=0018FEA2 ECX=77AE3874 EDX=004000DB EBX=16EB559A ESP=0018FE20 EBP=0018FEFA ESI=0040C4CB EDI=0018FE48 EFLAG=00000287
0040BF32	SUB      BL, AL                                           EAX=0018FEA2 ECX=77AE3874 EDX=004001DB EBX=16EB559A ESP=0018FE20 EBP=0018FEFA ESI=0040C4CB EDI=0018FE48 EFLAG=00000287
0040BF34	STC                                                       EAX=0018FEA2 ECX=77AE3874 EDX=004001DB EBX=16EB55F8 ESP=0018FE20 EBP=0018FEFA ESI=0040C4CB EDI=0018FE48 EFLAG=00000283
0040BF35	MOVZX    EAX, AL                                          EAX=0018FEA2 ECX=77AE3874 EDX=004001DB EBX=16EB55F8 ESP=0018FE20 EBP=0018FEFA ESI=0040C4CB EDI=0018FE48 EFLAG=00000283
0040BF38	NOT      EDX                                              EAX=000000A2 ECX=77AE3874 EDX=004001DB EBX=16EB55F8 ESP=0018FE20 EBP=0018FEFA ESI=0040C4CB EDI=0018FE48 EFLAG=00000283
0040BF3A	BSF      EDX, EDI                                         EAX=000000A2 ECX=77AE3874 EDX=FFBFFE24 EBX=16EB55F8 ESP=0018FE20 EBP=0018FEFA ESI=0040C4CB EDI=0018FE48 EFLAG=00000283
0040BF3E	CMC                                                       EAX=000000A2 ECX=77AE3874 EDX=FFBF0003 EBX=16EB55F8 ESP=0018FE20 EBP=0018FEFA ESI=0040C4CB EDI=0018FE48 EFLAG=00000206
0040BF3F	SAL      DH, CL                                           EAX=000000A2 ECX=77AE3874 EDX=FFBF0003 EBX=16EB55F8 ESP=0018FE20 EBP=0018FEFA ESI=0040C4CB EDI=0018FE48 EFLAG=00000207
0040BF41	MOV      EDX, [EAX*4+0x40a51f]                            EAX=000000A2 ECX=77AE3874 EDX=FFBF0003 EBX=16EB55F8 ESP=0018FE20 EBP=0018FEFA ESI=0040C4CB EDI=0018FE48 EFLAG=00000246
0040BF48	TEST     EDX, 0xe75c2a09                                  EAX=000000A2 ECX=77AE3874 EDX=2BFA6557 EBX=16EB55F8 ESP=0018FE20 EBP=0018FEFA ESI=0040C4CB EDI=0018FE48 EFLAG=00000246
0040BF4E	TEST     BL, DL                                           EAX=000000A2 ECX=77AE3874 EDX=2BFA6557 EBX=16EB55F8 ESP=0018FE20 EBP=0018FEFA ESI=0040C4CB EDI=0018FE48 EFLAG=00000202
0040BF50	SUB      EDX, 0x2bb9b71b                                  EAX=000000A2 ECX=77AE3874 EDX=2BFA6557 EBX=16EB55F8 ESP=0018FE20 EBP=0018FEFA ESI=0040C4CB EDI=0018FE48 EFLAG=00000206
0040BF56	CALL     0x40bd78                                         EAX=000000A2 ECX=77AE3874 EDX=0040AE3C EBX=16EB55F8 ESP=0018FE20 EBP=0018FEFA ESI=0040C4CB EDI=0018FE48 EFLAG=00000216
0040BD78	PUSH     EDX                                              EAX=000000A2 ECX=77AE3874 EDX=0040AE3C EBX=16EB55F8 ESP=0018FE1C EBP=0018FEFA ESI=0040C4CB EDI=0018FE48 EFLAG=00000216
0040BD79	DEC      ESI                                              EAX=000000A2 ECX=77AE3874 EDX=0040AE3C EBX=16EB55F8 ESP=0018FE18 EBP=0018FEFA ESI=0040C4CB EDI=0018FE48 EFLAG=00000216
0040BD7A	PUSHF                                                     EAX=000000A2 ECX=77AE3874 EDX=0040AE3C EBX=16EB55F8 ESP=0018FE18 EBP=0018FEFA ESI=0040C4CA EDI=0018FE48 EFLAG=00000206
0040A91F	MOV      [ESP], DH                                        EAX=000000A2 ECX=77AE3874 EDX=0040AE3C EBX=16EB55F8 ESP=0018FE14 EBP=0018FEFA ESI=0040C4CA EDI=0018FE48 EFLAG=00000206
0040A922	MOV      [ESP+0x30], EDX                                  EAX=000000A2 ECX=77AE3874 EDX=0040AE3C EBX=16EB55F8 ESP=0018FE14 EBP=0018FEFA ESI=0040C4CA EDI=0018FE48 EFLAG=00000206
0040A926	MOV      [ESP], AL                                        EAX=000000A2 ECX=77AE3874 EDX=0040AE3C EBX=16EB55F8 ESP=0018FE14 EBP=0018FEFA ESI=0040C4CA EDI=0018FE48 EFLAG=00000206
0040A929	PUSH     DWORD [ESP+0x30]                                 EAX=000000A2 ECX=77AE3874 EDX=0040AE3C EBX=16EB55F8 ESP=0018FE14 EBP=0018FEFA ESI=0040C4CA EDI=0018FE48 EFLAG=00000206
0040A92D	RET      0x34                                             EAX=000000A2 ECX=77AE3874 EDX=0040AE3C EBX=16EB55F8 ESP=0018FE10 EBP=0018FEFA ESI=0040C4CA EDI=0018FE48 EFLAG=00000206
0040AE3C	SAR      AL, CL                                           EAX=000000A2 ECX=77AE3874 EDX=0040AE3C EBX=16EB55F8 ESP=0018FE48 EBP=0018FEFA ESI=0040C4CA EDI=0018FE48 EFLAG=00000206
0040AE3E	MOV      EAX, [ESI-0x4]                                   EAX=000000FF ECX=77AE3874 EDX=0040AE3C EBX=16EB55F8 ESP=0018FE48 EBP=0018FEFA ESI=0040C4CA EDI=0018FE48 EFLAG=00000287
0040AE41	PUSHA                                                     EAX=88A6AD40 ECX=77AE3874 EDX=0040AE3C EBX=16EB55F8 ESP=0018FE48 EBP=0018FEFA ESI=0040C4CA EDI=0018FE48 EFLAG=00000287
0040B3CF	PUSHA                                                     EAX=88A6AD40 ECX=77AE3874 EDX=0040AE3C EBX=16EB55F8 ESP=0018FE28 EBP=0018FEFA ESI=0040C4CA EDI=0018FE48 EFLAG=00000287
0040B3D0	CALL     0x40c0c5                                         EAX=88A6AD40 ECX=77AE3874 EDX=0040AE3C EBX=16EB55F8 ESP=0018FE08 EBP=0018FEFA ESI=0040C4CA EDI=0018FE48 EFLAG=00000287
0040C0C5	BSWAP    EAX                                              EAX=88A6AD40 ECX=77AE3874 EDX=0040AE3C EBX=16EB55F8 ESP=0018FE04 EBP=0018FEFA ESI=0040C4CA EDI=0018FE48 EFLAG=00000287
0040C0C7	TEST     AL, DL                                           EAX=40ADA688 ECX=77AE3874 EDX=0040AE3C EBX=16EB55F8 ESP=0018FE04 EBP=0018FEFA ESI=0040C4CA EDI=0018FE48 EFLAG=00000287
0040C0C9	TEST     AL, DH                                           EAX=40ADA688 ECX=77AE3874 EDX=0040AE3C EBX=16EB55F8 ESP=0018FE04 EBP=0018FEFA ESI=0040C4CA EDI=0018FE48 EFLAG=00000202
0040C0CB	XOR      EAX, EBX                                         EAX=40ADA688 ECX=77AE3874 EDX=0040AE3C EBX=16EB55F8 ESP=0018FE04 EBP=0018FEFA ESI=0040C4CA EDI=0018FE48 EFLAG=00000286
0040C0CD	TEST     DH, AL                                           EAX=5646F370 ECX=77AE3874 EDX=0040AE3C EBX=16EB55F8 ESP=0018FE04 EBP=0018FEFA ESI=0040C4CA EDI=0018FE48 EFLAG=00000202
0040C0CF	STC                                                       EAX=5646F370 ECX=77AE3874 EDX=0040AE3C EBX=16EB55F8 ESP=0018FE04 EBP=0018FEFA ESI=0040C4CA EDI=0018FE48 EFLAG=00000202
0040C0D0	NOT      EAX                                              EAX=5646F370 ECX=77AE3874 EDX=0040AE3C EBX=16EB55F8 ESP=0018FE04 EBP=0018FEFA ESI=0040C4CA EDI=0018FE48 EFLAG=00000203
0040C0D2	PUSHF                                                     EAX=A9B90C8F ECX=77AE3874 EDX=0040AE3C EBX=16EB55F8 ESP=0018FE04 EBP=0018FEFA ESI=0040C4CA EDI=0018FE48 EFLAG=00000203
0040C0D3	TEST     DL, CL                                           EAX=A9B90C8F ECX=77AE3874 EDX=0040AE3C EBX=16EB55F8 ESP=0018FE00 EBP=0018FEFA ESI=0040C4CA EDI=0018FE48 EFLAG=00000203
0040C0D5	CMC                                                       EAX=A9B90C8F ECX=77AE3874 EDX=0040AE3C EBX=16EB55F8 ESP=0018FE00 EBP=0018FEFA ESI=0040C4CA EDI=0018FE48 EFLAG=00000202
0040C0D6	SUB      EAX, 0x4e8d70e8                                  EAX=A9B90C8F ECX=77AE3874 EDX=0040AE3C EBX=16EB55F8 ESP=0018FE00 EBP=0018FEFA ESI=0040C4CA EDI=0018FE48 EFLAG=00000203
0040C0DB	CALL     0x40c358                                         EAX=5B2B9BA7 ECX=77AE3874 EDX=0040AE3C EBX=16EB55F8 ESP=0018FE00 EBP=0018FEFA ESI=0040C4CA EDI=0018FE48 EFLAG=00000A02
0040C358	ROL      EAX, 0x1e                                        EAX=5B2B9BA7 ECX=77AE3874 EDX=0040AE3C EBX=16EB55F8 ESP=0018FDFC EBP=0018FEFA ESI=0040C4CA EDI=0018FE48 EFLAG=00000A02
0040B4FA	CALL     0x40c30e                                         EAX=D6CAE6E9 ECX=77AE3874 EDX=0040AE3C EBX=16EB55F8 ESP=0018FDFC EBP=0018FEFA ESI=0040C4CA EDI=0018FE48 EFLAG=00000203
0040C30E	STC                                                       EAX=D6CAE6E9 ECX=77AE3874 EDX=0040AE3C EBX=16EB55F8 ESP=0018FDF8 EBP=0018FEFA ESI=0040C4CA EDI=0018FE48 EFLAG=00000203
0040C30F	ADD      ESI, -0x4                                        EAX=D6CAE6E9 ECX=77AE3874 EDX=0040AE3C EBX=16EB55F8 ESP=0018FDF8 EBP=0018FEFA ESI=0040C4CA EDI=0018FE48 EFLAG=00000203
0040C312	STC                                                       EAX=D6CAE6E9 ECX=77AE3874 EDX=0040AE3C EBX=16EB55F8 ESP=0018FDF8 EBP=0018FEFA ESI=0040C4C6 EDI=0018FE48 EFLAG=00000217
0040C313	XOR      EBX, EAX                                         EAX=D6CAE6E9 ECX=77AE3874 EDX=0040AE3C EBX=16EB55F8 ESP=0018FDF8 EBP=0018FEFA ESI=0040C4C6 EDI=0018FE48 EFLAG=00000217
0040C315	STC                                                       EAX=D6CAE6E9 ECX=77AE3874 EDX=0040AE3C EBX=C021B311 ESP=0018FDF8 EBP=0018FEFA ESI=0040C4C6 EDI=0018FE48 EFLAG=00000286
0040C316	CALL     0x40bbd4                                         EAX=D6CAE6E9 ECX=77AE3874 EDX=0040AE3C EBX=C021B311 ESP=0018FDF8 EBP=0018FEFA ESI=0040C4C6 EDI=0018FE48 EFLAG=00000287
0040BBD4	CMP      BL, CL                                           EAX=D6CAE6E9 ECX=77AE3874 EDX=0040AE3C EBX=C021B311 ESP=0018FDF4 EBP=0018FEFA ESI=0040C4C6 EDI=0018FE48 EFLAG=00000287
0040BBD6	CMP      DH, 0xaa                                         EAX=D6CAE6E9 ECX=77AE3874 EDX=0040AE3C EBX=C021B311 ESP=0018FDF4 EBP=0018FEFA ESI=0040C4C6 EDI=0018FE48 EFLAG=00000293
0040BBD9	SUB      EBP, 0x4                                         EAX=D6CAE6E9 ECX=77AE3874 EDX=0040AE3C EBX=C021B311 ESP=0018FDF4 EBP=0018FEFA ESI=0040C4C6 EDI=0018FE48 EFLAG=00000202
0040BBDC	CALL     0x40b70a                                         EAX=D6CAE6E9 ECX=77AE3874 EDX=0040AE3C EBX=C021B311 ESP=0018FDF4 EBP=0018FEF6 ESI=0040C4C6 EDI=0018FE48 EFLAG=00000206
0040B449	MOV      [ESP+0xc], CH                                    EAX=D6CAE6E9 ECX=77AE3874 EDX=0040AE3C EBX=C021B311 ESP=0018FDF0 EBP=0018FEF6 ESI=0040C4C6 EDI=0018FE48 EFLAG=00000206
0040B44D	MOV      [EBP+0x0], EAX                                   EAX=D6CAE6E9 ECX=77AE3874 EDX=0040AE3C EBX=C021B311 ESP=0018FDF0 EBP=0018FEF6 ESI=0040C4C6 EDI=0018FE48 EFLAG=00000206
0040B450	MOV      BYTE [ESP], 0x39                                 EAX=D6CAE6E9 ECX=77AE3874 EDX=0040AE3C EBX=C021B311 ESP=0018FDF0 EBP=0018FEF6 ESI=0040C4C6 EDI=0018FE48 EFLAG=00000206
0040B454	LEA      ESP, [ESP+0x58]                                  EAX=D6CAE6E9 ECX=77AE3874 EDX=0040AE3C EBX=C021B311 ESP=0018FDF0 EBP=0018FEF6 ESI=0040C4C6 EDI=0018FE48 EFLAG=00000206
0040C360	TEST     DH, 0x76                                         EAX=D6CAE6E9 ECX=77AE3874 EDX=0040AE3C EBX=C021B311 ESP=0018FE48 EBP=0018FEF6 ESI=0040C4C6 EDI=0018FE48 EFLAG=00000206
0040C363	LEA      EAX, [EDI+0x50]                                  EAX=D6CAE6E9 ECX=77AE3874 EDX=0040AE3C EBX=C021B311 ESP=0018FE48 EBP=0018FEF6 ESI=0040C4C6 EDI=0018FE48 EFLAG=00000202
0040C366	PUSH     DWORD 0xa76b4735                                 EAX=0018FE98 ECX=77AE3874 EDX=0040AE3C EBX=C021B311 ESP=0018FE48 EBP=0018FEF6 ESI=0040C4C6 EDI=0018FE48 EFLAG=00000202
0040C36B	STC                                                       EAX=0018FE98 ECX=77AE3874 EDX=0040AE3C EBX=C021B311 ESP=0018FE44 EBP=0018FEF6 ESI=0040C4C6 EDI=0018FE48 EFLAG=00000202
0040C36C	CMP      EBP, EAX                                         EAX=0018FE98 ECX=77AE3874 EDX=0040AE3C EBX=C021B311 ESP=0018FE44 EBP=0018FEF6 ESI=0040C4C6 EDI=0018FE48 EFLAG=00000203
0040C36E	PUSH     DWORD 0xbe8fd443                                 EAX=0018FE98 ECX=77AE3874 EDX=0040AE3C EBX=C021B311 ESP=0018FE44 EBP=0018FEF6 ESI=0040C4C6 EDI=0018FE48 EFLAG=00000212
0040C373	LEA      ESP, [ESP+0x8]                                   EAX=0018FE98 ECX=77AE3874 EDX=0040AE3C EBX=C021B311 ESP=0018FE40 EBP=0018FEF6 ESI=0040C4C6 EDI=0018FE48 EFLAG=00000212
0040C377	JA       0x40befd                                         EAX=0018FE98 ECX=77AE3874 EDX=0040AE3C EBX=C021B311 ESP=0018FE48 EBP=0018FEF6 ESI=0040C4C6 EDI=0018FE48 EFLAG=00000212
0040BEFD	BSWAP    DX                                               EAX=0018FE98 ECX=77AE3874 EDX=0040AE3C EBX=C021B311 ESP=0018FE48 EBP=0018FEF6 ESI=0040C4C6 EDI=0018FE48 EFLAG=00000212
0040BF00	RCL      DL, CL                                           EAX=0018FE98 ECX=77AE3874 EDX=00400000 EBX=C021B311 ESP=0018FE48 EBP=0018FEF6 ESI=0040C4C6 EDI=0018FE48 EFLAG=00000212
0040BF02	PUSHA                                                     EAX=0018FE98 ECX=77AE3874 EDX=00400000 EBX=C021B311 ESP=0018FE48 EBP=0018FEF6 ESI=0040C4C6 EDI=0018FE48 EFLAG=00000212
0040BF03	AND      EDX, 0xfdc85d80                                  EAX=0018FE98 ECX=77AE3874 EDX=00400000 EBX=C021B311 ESP=0018FE28 EBP=0018FEF6 ESI=0040C4C6 EDI=0018FE48 EFLAG=00000212
0040BF09	MOV      AL, [ESI-0x1]                                    EAX=0018FE98 ECX=77AE3874 EDX=00400000 EBX=C021B311 ESP=0018FE28 EBP=0018FEF6 ESI=0040C4C6 EDI=0018FE48 EFLAG=00000206
0040BF0C	DEC      DH                                               EAX=0018FE24 ECX=77AE3874 EDX=00400000 EBX=C021B311 ESP=0018FE28 EBP=0018FEF6 ESI=0040C4C6 EDI=0018FE48 EFLAG=00000206
0040BF0E	SUB      AL, BL                                           EAX=0018FE24 ECX=77AE3874 EDX=0040FF00 EBX=C021B311 ESP=0018FE28 EBP=0018FEF6 ESI=0040C4C6 EDI=0018FE48 EFLAG=00000296
0040BF10	PUSHF                                                     EAX=0018FE13 ECX=77AE3874 EDX=0040FF00 EBX=C021B311 ESP=0018FE28 EBP=0018FEF6 ESI=0040C4C6 EDI=0018FE48 EFLAG=00000202
0040BF11	BTC      DX, 0x4                                          EAX=0018FE13 ECX=77AE3874 EDX=0040FF00 EBX=C021B311 ESP=0018FE24 EBP=0018FEF6 ESI=0040C4C6 EDI=0018FE48 EFLAG=00000202
0040BF16	PUSH     ESP                                              EAX=0018FE13 ECX=77AE3874 EDX=0040FF10 EBX=C021B311 ESP=0018FE24 EBP=0018FEF6 ESI=0040C4C6 EDI=0018FE48 EFLAG=00000202
0040BF17	MOVZX    DX, AL                                           EAX=0018FE13 ECX=77AE3874 EDX=0040FF10 EBX=C021B311 ESP=0018FE20 EBP=0018FEF6 ESI=0040C4C6 EDI=0018FE48 EFLAG=00000202
0040BF1B	ROR      AL, 0x7                                          EAX=0018FE13 ECX=77AE3874 EDX=00400013 EBX=C021B311 ESP=0018FE20 EBP=0018FEF6 ESI=0040C4C6 EDI=0018FE48 EFLAG=00000202
0040BF1E	ROL      DH, 0x3                                          EAX=0018FE26 ECX=77AE3874 EDX=00400013 EBX=C021B311 ESP=0018FE20 EBP=0018FEF6 ESI=0040C4C6 EDI=0018FE48 EFLAG=00000202
0040BF21	SUB      AL, 0x30                                         EAX=0018FE26 ECX=77AE3874 EDX=00400013 EBX=C021B311 ESP=0018FE20 EBP=0018FEF6 ESI=0040C4C6 EDI=0018FE48 EFLAG=00000202
0040BF23	SHR      DX, 0x9                                          EAX=0018FEF6 ECX=77AE3874 EDX=00400013 EBX=C021B311 ESP=0018FE20 EBP=0018FEF6 ESI=0040C4C6 EDI=0018FE48 EFLAG=00000287
0040BF27	XOR      AL, 0xce                                         EAX=0018FEF6 ECX=77AE3874 EDX=00400000 EBX=C021B311 ESP=0018FE20 EBP=0018FEF6 ESI=0040C4C6 EDI=0018FE48 EFLAG=00000246
0040BF29	ADC      DL, 0xdb                                         EAX=0018FE38 ECX=77AE3874 EDX=00400000 EBX=C021B311 ESP=0018FE20 EBP=0018FEF6 ESI=0040C4C6 EDI=0018FE48 EFLAG=00000202
0040BF2C	BT       EBX, EDI                                         EAX=0018FE38 ECX=77AE3874 EDX=004000DB EBX=C021B311 ESP=0018FE20 EBP=0018FEF6 ESI=0040C4C6 EDI=0018FE48 EFLAG=00000286
0040BF2F	SETL     DH                                               EAX=0018FE38 ECX=77AE3874 EDX=004000DB EBX=C021B311 ESP=0018FE20 EBP=0018FEF6 ESI=0040C4C6 EDI=0018FE48 EFLAG=00000287
0040BF32	SUB      BL, AL                                           EAX=0018FE38 ECX=77AE3874 EDX=004001DB EBX=C021B311 ESP=0018FE20 EBP=0018FEF6 ESI=0040C4C6 EDI=0018FE48 EFLAG=00000287
0040BF34	STC                                                       EAX=0018FE38 ECX=77AE3874 EDX=004001DB EBX=C021B3D9 ESP=0018FE20 EBP=0018FEF6 ESI=0040C4C6 EDI=0018FE48 EFLAG=00000293
0040BF35	MOVZX    EAX, AL                                          EAX=0018FE38 ECX=77AE3874 EDX=004001DB EBX=C021B3D9 ESP=0018FE20 EBP=0018FEF6 ESI=0040C4C6 EDI=0018FE48 EFLAG=00000293
0040BF38	NOT      EDX                                              EAX=00000038 ECX=77AE3874 EDX=004001DB EBX=C021B3D9 ESP=0018FE20 EBP=0018FEF6 ESI=0040C4C6 EDI=0018FE48 EFLAG=00000293
0040BF3A	BSF      EDX, EDI                                         EAX=00000038 ECX=77AE3874 EDX=FFBFFE24 EBX=C021B3D9 ESP=0018FE20 EBP=0018FEF6 ESI=0040C4C6 EDI=0018FE48 EFLAG=00000293
0040BF3E	CMC                                                       EAX=00000038 ECX=77AE3874 EDX=FFBF0003 EBX=C021B3D9 ESP=0018FE20 EBP=0018FEF6 ESI=0040C4C6 EDI=0018FE48 EFLAG=00000206
0040BF3F	SAL      DH, CL                                           EAX=00000038 ECX=77AE3874 EDX=FFBF0003 EBX=C021B3D9 ESP=0018FE20 EBP=0018FEF6 ESI=0040C4C6 EDI=0018FE48 EFLAG=00000207
0040BF41	MOV      EDX, [EAX*4+0x40a51f]                            EAX=00000038 ECX=77AE3874 EDX=FFBF0003 EBX=C021B3D9 ESP=0018FE20 EBP=0018FEF6 ESI=0040C4C6 EDI=0018FE48 EFLAG=00000246
0040BF48	TEST     EDX, 0xe75c2a09                                  EAX=00000038 ECX=77AE3874 EDX=2BFA5BF2 EBX=C021B3D9 ESP=0018FE20 EBP=0018FEF6 ESI=0040C4C6 EDI=0018FE48 EFLAG=00000246
0040BF4E	TEST     BL, DL                                           EAX=00000038 ECX=77AE3874 EDX=2BFA5BF2 EBX=C021B3D9 ESP=0018FE20 EBP=0018FEF6 ESI=0040C4C6 EDI=0018FE48 EFLAG=00000206
0040BF50	SUB      EDX, 0x2bb9b71b                                  EAX=00000038 ECX=77AE3874 EDX=2BFA5BF2 EBX=C021B3D9 ESP=0018FE20 EBP=0018FEF6 ESI=0040C4C6 EDI=0018FE48 EFLAG=00000282
0040BF56	CALL     0x40bd78                                         EAX=00000038 ECX=77AE3874 EDX=0040A4D7 EBX=C021B3D9 ESP=0018FE20 EBP=0018FEF6 ESI=0040C4C6 EDI=0018FE48 EFLAG=00000216
0040BD78	PUSH     EDX                                              EAX=00000038 ECX=77AE3874 EDX=0040A4D7 EBX=C021B3D9 ESP=0018FE1C EBP=0018FEF6 ESI=0040C4C6 EDI=0018FE48 EFLAG=00000216
0040BD79	DEC      ESI                                              EAX=00000038 ECX=77AE3874 EDX=0040A4D7 EBX=C021B3D9 ESP=0018FE18 EBP=0018FEF6 ESI=0040C4C6 EDI=0018FE48 EFLAG=00000216
0040BD7A	PUSHF                                                     EAX=00000038 ECX=77AE3874 EDX=0040A4D7 EBX=C021B3D9 ESP=0018FE18 EBP=0018FEF6 ESI=0040C4C5 EDI=0018FE48 EFLAG=00000206
0040A91F	MOV      [ESP], DH                                        EAX=00000038 ECX=77AE3874 EDX=0040A4D7 EBX=C021B3D9 ESP=0018FE14 EBP=0018FEF6 ESI=0040C4C5 EDI=0018FE48 EFLAG=00000206
0040A922	MOV      [ESP+0x30], EDX                                  EAX=00000038 ECX=77AE3874 EDX=0040A4D7 EBX=C021B3D9 ESP=0018FE14 EBP=0018FEF6 ESI=0040C4C5 EDI=0018FE48 EFLAG=00000206
0040A926	MOV      [ESP], AL                                        EAX=00000038 ECX=77AE3874 EDX=0040A4D7 EBX=C021B3D9 ESP=0018FE14 EBP=0018FEF6 ESI=0040C4C5 EDI=0018FE48 EFLAG=00000206
0040A929	PUSH     DWORD [ESP+0x30]                                 EAX=00000038 ECX=77AE3874 EDX=0040A4D7 EBX=C021B3D9 ESP=0018FE14 EBP=0018FEF6 ESI=0040C4C5 EDI=0018FE48 EFLAG=00000206
0040A92D	RET      0x34                                             EAX=00000038 ECX=77AE3874 EDX=0040A4D7 EBX=C021B3D9 ESP=0018FE10 EBP=0018FEF6 ESI=0040C4C5 EDI=0018FE48 EFLAG=00000206
0040A4D7	ADC      AL, 0xde                                         EAX=00000038 ECX=77AE3874 EDX=0040A4D7 EBX=C021B3D9 ESP=0018FE48 EBP=0018FEF6 ESI=0040C4C5 EDI=0018FE48 EFLAG=00000206
0040A4D9	MOV      AL, [ESI-0x1]                                    EAX=00000016 ECX=77AE3874 EDX=0040A4D7 EBX=C021B3D9 ESP=0018FE48 EBP=0018FEF6 ESI=0040C4C5 EDI=0018FE48 EFLAG=00000213
0040C1AE	XOR      AL, BL                                           EAX=00000004 ECX=77AE3874 EDX=0040A4D7 EBX=C021B3D9 ESP=0018FE48 EBP=0018FEF6 ESI=0040C4C5 EDI=0018FE48 EFLAG=00000213
0040C1B0	PUSH     EDI                                              EAX=000000DD ECX=77AE3874 EDX=0040A4D7 EBX=C021B3D9 ESP=0018FE48 EBP=0018FEF6 ESI=0040C4C5 EDI=0018FE48 EFLAG=00000286
0040C1B1	ROR      AL, 0x4                                          EAX=000000DD ECX=77AE3874 EDX=0040A4D7 EBX=C021B3D9 ESP=0018FE44 EBP=0018FEF6 ESI=0040C4C5 EDI=0018FE48 EFLAG=00000286
0040C1B4	CALL     0x40b00f                                         EAX=000000DD ECX=77AE3874 EDX=0040A4D7 EBX=C021B3D9 ESP=0018FE44 EBP=0018FEF6 ESI=0040C4C5 EDI=0018FE48 EFLAG=00000287
0040B00F	DEC      AL                                               EAX=000000DD ECX=77AE3874 EDX=0040A4D7 EBX=C021B3D9 ESP=0018FE40 EBP=0018FEF6 ESI=0040C4C5 EDI=0018FE48 EFLAG=00000287
0040B011	PUSH     DWORD [ESP]                                      EAX=000000DC ECX=77AE3874 EDX=0040A4D7 EBX=C021B3D9 ESP=0018FE40 EBP=0018FEF6 ESI=0040C4C5 EDI=0018FE48 EFLAG=00000283
0040B014	NEG      AL                                               EAX=000000DC ECX=77AE3874 EDX=0040A4D7 EBX=C021B3D9 ESP=0018FE3C EBP=0018FEF6 ESI=0040C4C5 EDI=0018FE48 EFLAG=00000283
0040B016	MOV      DWORD [ESP+0x4], 0xac1b6415                      EAX=00000024 ECX=77AE3874 EDX=0040A4D7 EBX=C021B3D9 ESP=0018FE3C EBP=0018FEF6 ESI=0040C4C5 EDI=0018FE48 EFLAG=00000217
0040B01E	CMP      SI, 0xaa23                                       EAX=00000024 ECX=77AE3874 EDX=0040A4D7 EBX=C021B3D9 ESP=0018FE3C EBP=0018FEF6 ESI=0040C4C5 EDI=0018FE48 EFLAG=00000217
0040B023	PUSHF                                                     EAX=00000024 ECX=77AE3874 EDX=0040A4D7 EBX=C021B3D9 ESP=0018FE3C EBP=0018FEF6 ESI=0040C4C5 EDI=0018FE48 EFLAG=00000202
0040B024	XOR      BL, AL                                           EAX=00000024 ECX=77AE3874 EDX=0040A4D7 EBX=C021B3D9 ESP=0018FE38 EBP=0018FEF6 ESI=0040C4C5 EDI=0018FE48 EFLAG=00000202
0040B026	PUSHF                                                     EAX=00000024 ECX=77AE3874 EDX=0040A4D7 EBX=C021B3FD ESP=0018FE38 EBP=0018FEF6 ESI=0040C4C5 EDI=0018FE48 EFLAG=00000282
0040B027	PUSHF                                                     EAX=00000024 ECX=77AE3874 EDX=0040A4D7 EBX=C021B3FD ESP=0018FE34 EBP=0018FEF6 ESI=0040C4C5 EDI=0018FE48 EFLAG=00000282
0040B02D	MOV      AX, [EAX+EDI]                                    EAX=00000024 ECX=77AE3874 EDX=0040A4D7 EBX=C021B3FD ESP=0018FE30 EBP=0018FEF6 ESI=0040C4C5 EDI=0018FE48 EFLAG=00000282
0040B031	MOV      [ESP], DH                                        EAX=00007258 ECX=77AE3874 EDX=0040A4D7 EBX=C021B3FD ESP=0018FE30 EBP=0018FEF6 ESI=0040C4C5 EDI=0018FE48 EFLAG=00000282
0040B034	MOV      BYTE [ESP], 0x65                                 EAX=00007258 ECX=77AE3874 EDX=0040A4D7 EBX=C021B3FD ESP=0018FE30 EBP=0018FEF6 ESI=0040C4C5 EDI=0018FE48 EFLAG=00000282
0040B853	DEC      ESI                                              EAX=00007258 ECX=77AE3874 EDX=0040A4D7 EBX=C021B3FD ESP=0018FE30 EBP=0018FEF6 ESI=0040C4C5 EDI=0018FE48 EFLAG=00000282
0040B854	PUSHF                                                     EAX=00007258 ECX=77AE3874 EDX=0040A4D7 EBX=C021B3FD ESP=0018FE30 EBP=0018FEF6 ESI=0040C4C4 EDI=0018FE48 EFLAG=00000202
0040B855	PUSHF                                                     EAX=00007258 ECX=77AE3874 EDX=0040A4D7 EBX=C021B3FD ESP=0018FE2C EBP=0018FEF6 ESI=0040C4C4 EDI=0018FE48 EFLAG=00000202
0040B298	SUB      EBP, 0x2                                         EAX=00007258 ECX=77AE3874 EDX=0040A4D7 EBX=C021B3FD ESP=0018FE28 EBP=0018FEF6 ESI=0040C4C4 EDI=0018FE48 EFLAG=00000202
0040B29B	PUSHA                                                     EAX=00007258 ECX=77AE3874 EDX=0040A4D7 EBX=C021B3FD ESP=0018FE28 EBP=0018FEF4 ESI=0040C4C4 EDI=0018FE48 EFLAG=00000202
0040B29C	MOV      [ESP+0x4], CX                                    EAX=00007258 ECX=77AE3874 EDX=0040A4D7 EBX=C021B3FD ESP=0018FE08 EBP=0018FEF4 ESI=0040C4C4 EDI=0018FE48 EFLAG=00000202
0040B2A1	PUSHF                                                     EAX=00007258 ECX=77AE3874 EDX=0040A4D7 EBX=C021B3FD ESP=0018FE08 EBP=0018FEF4 ESI=0040C4C4 EDI=0018FE48 EFLAG=00000202
0040B2A2	MOV      [EBP+0x0], AX                                    EAX=00007258 ECX=77AE3874 EDX=0040A4D7 EBX=C021B3FD ESP=0018FE04 EBP=0018FEF4 ESI=0040C4C4 EDI=0018FE48 EFLAG=00000202
0040B2A6	MOV      WORD [ESP+0x4], 0xa7ac                           EAX=00007258 ECX=77AE3874 EDX=0040A4D7 EBX=C021B3FD ESP=0018FE04 EBP=0018FEF4 ESI=0040C4C4 EDI=0018FE48 EFLAG=00000202
0040B2AD	MOV      BYTE [ESP+0x4], 0x84                             EAX=00007258 ECX=77AE3874 EDX=0040A4D7 EBX=C021B3FD ESP=0018FE04 EBP=0018FEF4 ESI=0040C4C4 EDI=0018FE48 EFLAG=00000202
0040B2B2	MOV      [ESP+0x4], SP                                    EAX=00007258 ECX=77AE3874 EDX=0040A4D7 EBX=C021B3FD ESP=0018FE04 EBP=0018FEF4 ESI=0040C4C4 EDI=0018FE48 EFLAG=00000202
0040B2B7	LEA      ESP, [ESP+0x44]                                  EAX=00007258 ECX=77AE3874 EDX=0040A4D7 EBX=C021B3FD ESP=0018FE04 EBP=0018FEF4 ESI=0040C4C4 EDI=0018FE48 EFLAG=00000202
0040C360	TEST     DH, 0x76                                         EAX=00007258 ECX=77AE3874 EDX=0040A4D7 EBX=C021B3FD ESP=0018FE48 EBP=0018FEF4 ESI=0040C4C4 EDI=0018FE48 EFLAG=00000202
0040C363	LEA      EAX, [EDI+0x50]                                  EAX=00007258 ECX=77AE3874 EDX=0040A4D7 EBX=C021B3FD ESP=0018FE48 EBP=0018FEF4 ESI=0040C4C4 EDI=0018FE48 EFLAG=00000206
0040C366	PUSH     DWORD 0xa76b4735                                 EAX=0018FE98 ECX=77AE3874 EDX=0040A4D7 EBX=C021B3FD ESP=0018FE48 EBP=0018FEF4 ESI=0040C4C4 EDI=0018FE48 EFLAG=00000206
0040C36B	STC                                                       EAX=0018FE98 ECX=77AE3874 EDX=0040A4D7 EBX=C021B3FD ESP=0018FE44 EBP=0018FEF4 ESI=0040C4C4 EDI=0018FE48 EFLAG=00000206
0040C36C	CMP      EBP, EAX                                         EAX=0018FE98 ECX=77AE3874 EDX=0040A4D7 EBX=C021B3FD ESP=0018FE44 EBP=0018FEF4 ESI=0040C4C4 EDI=0018FE48 EFLAG=00000207
0040C36E	PUSH     DWORD 0xbe8fd443                                 EAX=0018FE98 ECX=77AE3874 EDX=0040A4D7 EBX=C021B3FD ESP=0018FE44 EBP=0018FEF4 ESI=0040C4C4 EDI=0018FE48 EFLAG=00000216
0040C373	LEA      ESP, [ESP+0x8]                                   EAX=0018FE98 ECX=77AE3874 EDX=0040A4D7 EBX=C021B3FD ESP=0018FE40 EBP=0018FEF4 ESI=0040C4C4 EDI=0018FE48 EFLAG=00000216
0040C377	JA       0x40befd                                         EAX=0018FE98 ECX=77AE3874 EDX=0040A4D7 EBX=C021B3FD ESP=0018FE48 EBP=0018FEF4 ESI=0040C4C4 EDI=0018FE48 EFLAG=00000216
0040BEFD	BSWAP    DX                                               EAX=0018FE98 ECX=77AE3874 EDX=0040A4D7 EBX=C021B3FD ESP=0018FE48 EBP=0018FEF4 ESI=0040C4C4 EDI=0018FE48 EFLAG=00000216
0040BF00	RCL      DL, CL                                           EAX=0018FE98 ECX=77AE3874 EDX=00400000 EBX=C021B3FD ESP=0018FE48 EBP=0018FEF4 ESI=0040C4C4 EDI=0018FE48 EFLAG=00000216
0040BF02	PUSHA                                                     EAX=0018FE98 ECX=77AE3874 EDX=00400000 EBX=C021B3FD ESP=0018FE48 EBP=0018FEF4 ESI=0040C4C4 EDI=0018FE48 EFLAG=00000216
0040BF03	AND      EDX, 0xfdc85d80                                  EAX=0018FE98 ECX=77AE3874 EDX=00400000 EBX=C021B3FD ESP=0018FE28 EBP=0018FEF4 ESI=0040C4C4 EDI=0018FE48 EFLAG=00000216
0040BF09	MOV      AL, [ESI-0x1]                                    EAX=0018FE98 ECX=77AE3874 EDX=00400000 EBX=C021B3FD ESP=0018FE28 EBP=0018FEF4 ESI=0040C4C4 EDI=0018FE48 EFLAG=00000206
0040BF0C	DEC      DH                                               EAX=0018FEC7 ECX=77AE3874 EDX=00400000 EBX=C021B3FD ESP=0018FE28 EBP=0018FEF4 ESI=0040C4C4 EDI=0018FE48 EFLAG=00000206
0040BF0E	SUB      AL, BL                                           EAX=0018FEC7 ECX=77AE3874 EDX=0040FF00 EBX=C021B3FD ESP=0018FE28 EBP=0018FEF4 ESI=0040C4C4 EDI=0018FE48 EFLAG=00000296
0040BF10	PUSHF                                                     EAX=0018FECA ECX=77AE3874 EDX=0040FF00 EBX=C021B3FD ESP=0018FE28 EBP=0018FEF4 ESI=0040C4C4 EDI=0018FE48 EFLAG=00000297
0040BF11	BTC      DX, 0x4                                          EAX=0018FECA ECX=77AE3874 EDX=0040FF00 EBX=C021B3FD ESP=0018FE24 EBP=0018FEF4 ESI=0040C4C4 EDI=0018FE48 EFLAG=00000297
0040BF16	PUSH     ESP                                              EAX=0018FECA ECX=77AE3874 EDX=0040FF10 EBX=C021B3FD ESP=0018FE24 EBP=0018FEF4 ESI=0040C4C4 EDI=0018FE48 EFLAG=00000296
0040BF17	MOVZX    DX, AL                                           EAX=0018FECA ECX=77AE3874 EDX=0040FF10 EBX=C021B3FD ESP=0018FE20 EBP=0018FEF4 ESI=0040C4C4 EDI=0018FE48 EFLAG=00000296
0040BF1B	ROR      AL, 0x7                                          EAX=0018FECA ECX=77AE3874 EDX=004000CA EBX=C021B3FD ESP=0018FE20 EBP=0018FEF4 ESI=0040C4C4 EDI=0018FE48 EFLAG=00000296
0040BF1E	ROL      DH, 0x3                                          EAX=0018FE95 ECX=77AE3874 EDX=004000CA EBX=C021B3FD ESP=0018FE20 EBP=0018FEF4 ESI=0040C4C4 EDI=0018FE48 EFLAG=00000A97
0040BF21	SUB      AL, 0x30                                         EAX=0018FE95 ECX=77AE3874 EDX=004000CA EBX=C021B3FD ESP=0018FE20 EBP=0018FEF4 ESI=0040C4C4 EDI=0018FE48 EFLAG=00000296
0040BF23	SHR      DX, 0x9                                          EAX=0018FE65 ECX=77AE3874 EDX=004000CA EBX=C021B3FD ESP=0018FE20 EBP=0018FEF4 ESI=0040C4C4 EDI=0018FE48 EFLAG=00000A06
0040BF27	XOR      AL, 0xce                                         EAX=0018FE65 ECX=77AE3874 EDX=00400000 EBX=C021B3FD ESP=0018FE20 EBP=0018FEF4 ESI=0040C4C4 EDI=0018FE48 EFLAG=00000246
0040BF29	ADC      DL, 0xdb                                         EAX=0018FEAB ECX=77AE3874 EDX=00400000 EBX=C021B3FD ESP=0018FE20 EBP=0018FEF4 ESI=0040C4C4 EDI=0018FE48 EFLAG=00000282
0040BF2C	BT       EBX, EDI                                         EAX=0018FEAB ECX=77AE3874 EDX=004000DB EBX=C021B3FD ESP=0018FE20 EBP=0018FEF4 ESI=0040C4C4 EDI=0018FE48 EFLAG=00000286
0040BF2F	SETL     DH                                               EAX=0018FEAB ECX=77AE3874 EDX=004000DB EBX=C021B3FD ESP=0018FE20 EBP=0018FEF4 ESI=0040C4C4 EDI=0018FE48 EFLAG=00000287
0040BF32	SUB      BL, AL                                           EAX=0018FEAB ECX=77AE3874 EDX=004001DB EBX=C021B3FD ESP=0018FE20 EBP=0018FEF4 ESI=0040C4C4 EDI=0018FE48 EFLAG=00000287
0040BF34	STC                                                       EAX=0018FEAB ECX=77AE3874 EDX=004001DB EBX=C021B352 ESP=0018FE20 EBP=0018FEF4 ESI=0040C4C4 EDI=0018FE48 EFLAG=00000202
0040BF35	MOVZX    EAX, AL                                          EAX=0018FEAB ECX=77AE3874 EDX=004001DB EBX=C021B352 ESP=0018FE20 EBP=0018FEF4 ESI=0040C4C4 EDI=0018FE48 EFLAG=00000203
0040BF38	NOT      EDX                                              EAX=000000AB ECX=77AE3874 EDX=004001DB EBX=C021B352 ESP=0018FE20 EBP=0018FEF4 ESI=0040C4C4 EDI=0018FE48 EFLAG=00000203
0040BF3A	BSF      EDX, EDI                                         EAX=000000AB ECX=77AE3874 EDX=FFBFFE24 EBX=C021B352 ESP=0018FE20 EBP=0018FEF4 ESI=0040C4C4 EDI=0018FE48 EFLAG=00000203
0040BF3E	CMC                                                       EAX=000000AB ECX=77AE3874 EDX=FFBF0003 EBX=C021B352 ESP=0018FE20 EBP=0018FEF4 ESI=0040C4C4 EDI=0018FE48 EFLAG=00000206
0040BF3F	SAL      DH, CL                                           EAX=000000AB ECX=77AE3874 EDX=FFBF0003 EBX=C021B352 ESP=0018FE20 EBP=0018FEF4 ESI=0040C4C4 EDI=0018FE48 EFLAG=00000207
0040BF41	MOV      EDX, [EAX*4+0x40a51f]                            EAX=000000AB ECX=77AE3874 EDX=FFBF0003 EBX=C021B352 ESP=0018FE20 EBP=0018FEF4 ESI=0040C4C4 EDI=0018FE48 EFLAG=00000246
0040BF48	TEST     EDX, 0xe75c2a09                                  EAX=000000AB ECX=77AE3874 EDX=2BFA73D7 EBX=C021B352 ESP=0018FE20 EBP=0018FEF4 ESI=0040C4C4 EDI=0018FE48 EFLAG=00000246
0040BF4E	TEST     BL, DL                                           EAX=000000AB ECX=77AE3874 EDX=2BFA73D7 EBX=C021B352 ESP=0018FE20 EBP=0018FEF4 ESI=0040C4C4 EDI=0018FE48 EFLAG=00000202
0040BF50	SUB      EDX, 0x2bb9b71b                                  EAX=000000AB ECX=77AE3874 EDX=2BFA73D7 EBX=C021B352 ESP=0018FE20 EBP=0018FEF4 ESI=0040C4C4 EDI=0018FE48 EFLAG=00000202
0040BF56	CALL     0x40bd78                                         EAX=000000AB ECX=77AE3874 EDX=0040BCBC EBX=C021B352 ESP=0018FE20 EBP=0018FEF4 ESI=0040C4C4 EDI=0018FE48 EFLAG=00000212
0040BD78	PUSH     EDX                                              EAX=000000AB ECX=77AE3874 EDX=0040BCBC EBX=C021B352 ESP=0018FE1C EBP=0018FEF4 ESI=0040C4C4 EDI=0018FE48 EFLAG=00000212
0040BD79	DEC      ESI                                              EAX=000000AB ECX=77AE3874 EDX=0040BCBC EBX=C021B352 ESP=0018FE18 EBP=0018FEF4 ESI=0040C4C4 EDI=0018FE48 EFLAG=00000212
0040BD7A	PUSHF                                                     EAX=000000AB ECX=77AE3874 EDX=0040BCBC EBX=C021B352 ESP=0018FE18 EBP=0018FEF4 ESI=0040C4C3 EDI=0018FE48 EFLAG=00000206
0040A91F	MOV      [ESP], DH                                        EAX=000000AB ECX=77AE3874 EDX=0040BCBC EBX=C021B352 ESP=0018FE14 EBP=0018FEF4 ESI=0040C4C3 EDI=0018FE48 EFLAG=00000206
0040A922	MOV      [ESP+0x30], EDX                                  EAX=000000AB ECX=77AE3874 EDX=0040BCBC EBX=C021B352 ESP=0018FE14 EBP=0018FEF4 ESI=0040C4C3 EDI=0018FE48 EFLAG=00000206
0040A926	MOV      [ESP], AL                                        EAX=000000AB ECX=77AE3874 EDX=0040BCBC EBX=C021B352 ESP=0018FE14 EBP=0018FEF4 ESI=0040C4C3 EDI=0018FE48 EFLAG=00000206
0040A929	PUSH     DWORD [ESP+0x30]                                 EAX=000000AB ECX=77AE3874 EDX=0040BCBC EBX=C021B352 ESP=0018FE14 EBP=0018FEF4 ESI=0040C4C3 EDI=0018FE48 EFLAG=00000206
0040A92D	RET      0x34                                             EAX=000000AB ECX=77AE3874 EDX=0040BCBC EBX=C021B352 ESP=0018FE10 EBP=0018FEF4 ESI=0040C4C3 EDI=0018FE48 EFLAG=00000206
0040BCBC	TEST     BP, SP                                           EAX=000000AB ECX=77AE3874 EDX=0040BCBC EBX=C021B352 ESP=0018FE48 EBP=0018FEF4 ESI=0040C4C3 EDI=0018FE48 EFLAG=00000206
0040BCBF	BSR      EDX, ESP                                         EAX=000000AB ECX=77AE3874 EDX=0040BCBC EBX=C021B352 ESP=0018FE48 EBP=0018FEF4 ESI=0040C4C3 EDI=0018FE48 EFLAG=00000282
0040BCC3	OR       AL, AH                                           EAX=000000AB ECX=77AE3874 EDX=0040000F EBX=C021B352 ESP=0018FE48 EBP=0018FEF4 ESI=0040C4C3 EDI=0018FE48 EFLAG=00000206
0040BCC5	MOVZX    EAX, BYTE [ESI-0x1]                              EAX=000000AB ECX=77AE3874 EDX=0040000F EBX=C021B352 ESP=0018FE48 EBP=0018FEF4 ESI=0040C4C3 EDI=0018FE48 EFLAG=00000282
0040BCC9	SHLD     DX, BP, CL                                       EAX=0000009C ECX=77AE3874 EDX=0040000F EBX=C021B352 ESP=0018FE48 EBP=0018FEF4 ESI=0040C4C3 EDI=0018FE48 EFLAG=00000282
0040BCCD	XOR      AL, BL                                           EAX=0000009C ECX=77AE3874 EDX=0040EF40 EBX=C021B352 ESP=0018FE48 EBP=0018FEF4 ESI=0040C4C3 EDI=0018FE48 EFLAG=00000283
0040BCCF	BTR      DX, BP                                           EAX=000000CE ECX=77AE3874 EDX=0040EF40 EBX=C021B352 ESP=0018FE48 EBP=0018FEF4 ESI=0040C4C3 EDI=0018FE48 EFLAG=00000282
0040BCD3	ROR      AL, 0x4                                          EAX=000000CE ECX=77AE3874 EDX=0040EF40 EBX=C021B352 ESP=0018FE48 EBP=0018FEF4 ESI=0040C4C3 EDI=0018FE48 EFLAG=00000282
0040BCD6	CALL     0x40b3ba                                         EAX=000000EC ECX=77AE3874 EDX=0040EF40 EBX=C021B352 ESP=0018FE48 EBP=0018FEF4 ESI=0040C4C3 EDI=0018FE48 EFLAG=00000283
0040B3BA	SETNO    DL                                               EAX=000000EC ECX=77AE3874 EDX=0040EF40 EBX=C021B352 ESP=0018FE44 EBP=0018FEF4 ESI=0040C4C3 EDI=0018FE48 EFLAG=00000283
0040B3BD	DEC      DX                                               EAX=000000EC ECX=77AE3874 EDX=0040EF01 EBX=C021B352 ESP=0018FE44 EBP=0018FEF4 ESI=0040C4C3 EDI=0018FE48 EFLAG=00000283
0040B3C0	MOVZX    DX, BL                                           EAX=000000EC ECX=77AE3874 EDX=0040EF00 EBX=C021B352 ESP=0018FE44 EBP=0018FEF4 ESI=0040C4C3 EDI=0018FE48 EFLAG=00000287
0040B3C4	DEC      AL                                               EAX=000000EC ECX=77AE3874 EDX=00400052 EBX=C021B352 ESP=0018FE44 EBP=0018FEF4 ESI=0040C4C3 EDI=0018FE48 EFLAG=00000287
0040B3C6	SAL      DX, 0xe                                          EAX=000000EB ECX=77AE3874 EDX=00400052 EBX=C021B352 ESP=0018FE44 EBP=0018FEF4 ESI=0040C4C3 EDI=0018FE48 EFLAG=00000287
0040B3CA	CALL     0x40a4c1                                         EAX=000000EB ECX=77AE3874 EDX=00408000 EBX=C021B352 ESP=0018FE44 EBP=0018FEF4 ESI=0040C4C3 EDI=0018FE48 EFLAG=00000A86
0040A4C1	NEG      AL                                               EAX=000000EB ECX=77AE3874 EDX=00408000 EBX=C021B352 ESP=0018FE40 EBP=0018FEF4 ESI=0040C4C3 EDI=0018FE48 EFLAG=00000A86
0040A4C3	STC                                                       EAX=00000015 ECX=77AE3874 EDX=00408000 EBX=C021B352 ESP=0018FE40 EBP=0018FEF4 ESI=0040C4C3 EDI=0018FE48 EFLAG=00000213
0040A4C4	STC                                                       EAX=00000015 ECX=77AE3874 EDX=00408000 EBX=C021B352 ESP=0018FE40 EBP=0018FEF4 ESI=0040C4C3 EDI=0018FE48 EFLAG=00000213
0040A4C5	XOR      BL, AL                                           EAX=00000015 ECX=77AE3874 EDX=00408000 EBX=C021B352 ESP=0018FE40 EBP=0018FEF4 ESI=0040C4C3 EDI=0018FE48 EFLAG=00000213
0040A4C7	BTC      DX, AX                                           EAX=00000015 ECX=77AE3874 EDX=00408000 EBX=C021B347 ESP=0018FE40 EBP=0018FEF4 ESI=0040C4C3 EDI=0018FE48 EFLAG=00000206
0040A4CB	MOV      DX, [EBP+0x0]                                    EAX=00000015 ECX=77AE3874 EDX=00408020 EBX=C021B347 ESP=0018FE40 EBP=0018FEF4 ESI=0040C4C3 EDI=0018FE48 EFLAG=00000206
0040A4CF	TEST     DL, 0x42                                         EAX=00000015 ECX=77AE3874 EDX=00407258 EBX=C021B347 ESP=0018FE40 EBP=0018FEF4 ESI=0040C4C3 EDI=0018FE48 EFLAG=00000206
0040A4D2	CALL     0x40b3a6                                         EAX=00000015 ECX=77AE3874 EDX=00407258 EBX=C021B347 ESP=0018FE40 EBP=0018FEF4 ESI=0040C4C3 EDI=0018FE48 EFLAG=00000202
0040B3A6	CMP      BL, 0x98                                         EAX=00000015 ECX=77AE3874 EDX=00407258 EBX=C021B347 ESP=0018FE3C EBP=0018FEF4 ESI=0040C4C3 EDI=0018FE48 EFLAG=00000202
0040B3A9	ADD      EBP, 0x2                                         EAX=00000015 ECX=77AE3874 EDX=00407258 EBX=C021B347 ESP=0018FE3C EBP=0018FEF4 ESI=0040C4C3 EDI=0018FE48 EFLAG=00000A97
0040B3AC	PUSHA                                                     EAX=00000015 ECX=77AE3874 EDX=00407258 EBX=C021B347 ESP=0018FE3C EBP=0018FEF6 ESI=0040C4C3 EDI=0018FE48 EFLAG=00000206
0040C093	MOV      [ESP+0x4], AX                                    EAX=00000015 ECX=77AE3874 EDX=00407258 EBX=C021B347 ESP=0018FE1C EBP=0018FEF6 ESI=0040C4C3 EDI=0018FE48 EFLAG=00000206
0040C098	MOV      [EAX+EDI], DX                                    EAX=00000015 ECX=77AE3874 EDX=00407258 EBX=C021B347 ESP=0018FE1C EBP=0018FEF6 ESI=0040C4C3 EDI=0018FE48 EFLAG=00000206
0040C09C	PUSHF                                                     EAX=00000015 ECX=77AE3874 EDX=00407258 EBX=C021B347 ESP=0018FE1C EBP=0018FEF6 ESI=0040C4C3 EDI=0018FE48 EFLAG=00000206
0040C09D	MOV      BYTE [ESP], 0x95                                 EAX=00000015 ECX=77AE3874 EDX=00407258 EBX=C021B347 ESP=0018FE18 EBP=0018FEF6 ESI=0040C4C3 EDI=0018FE48 EFLAG=00000206
0040C0A1	DEC      ESI                                              EAX=00000015 ECX=77AE3874 EDX=00407258 EBX=C021B347 ESP=0018FE18 EBP=0018FEF6 ESI=0040C4C3 EDI=0018FE48 EFLAG=00000206
0040C0A2	MOV      [ESP], AL                                        EAX=00000015 ECX=77AE3874 EDX=00407258 EBX=C021B347 ESP=0018FE18 EBP=0018FEF6 ESI=0040C4C2 EDI=0018FE48 EFLAG=00000202
0040C0A5	MOV      [ESP], CL                                        EAX=00000015 ECX=77AE3874 EDX=00407258 EBX=C021B347 ESP=0018FE18 EBP=0018FEF6 ESI=0040C4C2 EDI=0018FE48 EFLAG=00000202
0040C0A8	PUSH     DWORD 0xe989fc93                                 EAX=00000015 ECX=77AE3874 EDX=00407258 EBX=C021B347 ESP=0018FE18 EBP=0018FEF6 ESI=0040C4C2 EDI=0018FE48 EFLAG=00000202
0040C0AD	LEA      ESP, [ESP+0x34]                                  EAX=00000015 ECX=77AE3874 EDX=00407258 EBX=C021B347 ESP=0018FE14 EBP=0018FEF6 ESI=0040C4C2 EDI=0018FE48 EFLAG=00000202
0040BEFD	BSWAP    DX                                               EAX=00000015 ECX=77AE3874 EDX=00407258 EBX=C021B347 ESP=0018FE48 EBP=0018FEF6 ESI=0040C4C2 EDI=0018FE48 EFLAG=00000202
0040BF00	RCL      DL, CL                                           EAX=00000015 ECX=77AE3874 EDX=00400000 EBX=C021B347 ESP=0018FE48 EBP=0018FEF6 ESI=0040C4C2 EDI=0018FE48 EFLAG=00000202
0040BF02	PUSHA                                                     EAX=00000015 ECX=77AE3874 EDX=00400000 EBX=C021B347 ESP=0018FE48 EBP=0018FEF6 ESI=0040C4C2 EDI=0018FE48 EFLAG=00000202
0040BF03	AND      EDX, 0xfdc85d80                                  EAX=00000015 ECX=77AE3874 EDX=00400000 EBX=C021B347 ESP=0018FE28 EBP=0018FEF6 ESI=0040C4C2 EDI=0018FE48 EFLAG=00000202
0040BF09	MOV      AL, [ESI-0x1]                                    EAX=00000015 ECX=77AE3874 EDX=00400000 EBX=C021B347 ESP=0018FE28 EBP=0018FEF6 ESI=0040C4C2 EDI=0018FE48 EFLAG=00000206
0040BF0C	DEC      DH                                               EAX=000000FF ECX=77AE3874 EDX=00400000 EBX=C021B347 ESP=0018FE28 EBP=0018FEF6 ESI=0040C4C2 EDI=0018FE48 EFLAG=00000206
0040BF0E	SUB      AL, BL                                           EAX=000000FF ECX=77AE3874 EDX=0040FF00 EBX=C021B347 ESP=0018FE28 EBP=0018FEF6 ESI=0040C4C2 EDI=0018FE48 EFLAG=00000296
0040BF10	PUSHF                                                     EAX=000000B8 ECX=77AE3874 EDX=0040FF00 EBX=C021B347 ESP=0018FE28 EBP=0018FEF6 ESI=0040C4C2 EDI=0018FE48 EFLAG=00000286
0040BF11	BTC      DX, 0x4                                          EAX=000000B8 ECX=77AE3874 EDX=0040FF00 EBX=C021B347 ESP=0018FE24 EBP=0018FEF6 ESI=0040C4C2 EDI=0018FE48 EFLAG=00000286
0040BF16	PUSH     ESP                                              EAX=000000B8 ECX=77AE3874 EDX=0040FF10 EBX=C021B347 ESP=0018FE24 EBP=0018FEF6 ESI=0040C4C2 EDI=0018FE48 EFLAG=00000286
0040BF17	MOVZX    DX, AL                                           EAX=000000B8 ECX=77AE3874 EDX=0040FF10 EBX=C021B347 ESP=0018FE20 EBP=0018FEF6 ESI=0040C4C2 EDI=0018FE48 EFLAG=00000286
0040BF1B	ROR      AL, 0x7                                          EAX=000000B8 ECX=77AE3874 EDX=004000B8 EBX=C021B347 ESP=0018FE20 EBP=0018FEF6 ESI=0040C4C2 EDI=0018FE48 EFLAG=00000286
0040BF1E	ROL      DH, 0x3                                          EAX=00000071 ECX=77AE3874 EDX=004000B8 EBX=C021B347 ESP=0018FE20 EBP=0018FEF6 ESI=0040C4C2 EDI=0018FE48 EFLAG=00000A86
0040BF21	SUB      AL, 0x30                                         EAX=00000071 ECX=77AE3874 EDX=004000B8 EBX=C021B347 ESP=0018FE20 EBP=0018FEF6 ESI=0040C4C2 EDI=0018FE48 EFLAG=00000286
0040BF23	SHR      DX, 0x9                                          EAX=00000041 ECX=77AE3874 EDX=004000B8 EBX=C021B347 ESP=0018FE20 EBP=0018FEF6 ESI=0040C4C2 EDI=0018FE48 EFLAG=00000206
0040BF27	XOR      AL, 0xce                                         EAX=00000041 ECX=77AE3874 EDX=00400000 EBX=C021B347 ESP=0018FE20 EBP=0018FEF6 ESI=0040C4C2 EDI=0018FE48 EFLAG=00000246
0040BF29	ADC      DL, 0xdb                                         EAX=0000008F ECX=77AE3874 EDX=00400000 EBX=C021B347 ESP=0018FE20 EBP=0018FEF6 ESI=0040C4C2 EDI=0018FE48 EFLAG=00000282
0040BF2C	BT       EBX, EDI                                         EAX=0000008F ECX=77AE3874 EDX=004000DB EBX=C021B347 ESP=0018FE20 EBP=0018FEF6 ESI=0040C4C2 EDI=0018FE48 EFLAG=00000286
0040BF2F	SETL     DH                                               EAX=0000008F ECX=77AE3874 EDX=004000DB EBX=C021B347 ESP=0018FE20 EBP=0018FEF6 ESI=0040C4C2 EDI=0018FE48 EFLAG=00000287
0040BF32	SUB      BL, AL                                           EAX=0000008F ECX=77AE3874 EDX=004001DB EBX=C021B347 ESP=0018FE20 EBP=0018FEF6 ESI=0040C4C2 EDI=0018FE48 EFLAG=00000287
0040BF34	STC                                                       EAX=0000008F ECX=77AE3874 EDX=004001DB EBX=C021B3B8 ESP=0018FE20 EBP=0018FEF6 ESI=0040C4C2 EDI=0018FE48 EFLAG=00000A97
0040BF35	MOVZX    EAX, AL                                          EAX=0000008F ECX=77AE3874 EDX=004001DB EBX=C021B3B8 ESP=0018FE20 EBP=0018FEF6 ESI=0040C4C2 EDI=0018FE48 EFLAG=00000A97
0040BF38	NOT      EDX                                              EAX=0000008F ECX=77AE3874 EDX=004001DB EBX=C021B3B8 ESP=0018FE20 EBP=0018FEF6 ESI=0040C4C2 EDI=0018FE48 EFLAG=00000A97
0040BF3A	BSF      EDX, EDI                                         EAX=0000008F ECX=77AE3874 EDX=FFBFFE24 EBX=C021B3B8 ESP=0018FE20 EBP=0018FEF6 ESI=0040C4C2 EDI=0018FE48 EFLAG=00000A97
0040BF3E	CMC                                                       EAX=0000008F ECX=77AE3874 EDX=FFBF0003 EBX=C021B3B8 ESP=0018FE20 EBP=0018FEF6 ESI=0040C4C2 EDI=0018FE48 EFLAG=00000206
0040BF3F	SAL      DH, CL                                           EAX=0000008F ECX=77AE3874 EDX=FFBF0003 EBX=C021B3B8 ESP=0018FE20 EBP=0018FEF6 ESI=0040C4C2 EDI=0018FE48 EFLAG=00000207
0040BF41	MOV      EDX, [EAX*4+0x40a51f]                            EAX=0000008F ECX=77AE3874 EDX=FFBF0003 EBX=C021B3B8 ESP=0018FE20 EBP=0018FEF6 ESI=0040C4C2 EDI=0018FE48 EFLAG=00000246
0040BF48	TEST     EDX, 0xe75c2a09                                  EAX=0000008F ECX=77AE3874 EDX=2BFA7058 EBX=C021B3B8 ESP=0018FE20 EBP=0018FEF6 ESI=0040C4C2 EDI=0018FE48 EFLAG=00000246
0040BF4E	TEST     BL, DL                                           EAX=0000008F ECX=77AE3874 EDX=2BFA7058 EBX=C021B3B8 ESP=0018FE20 EBP=0018FEF6 ESI=0040C4C2 EDI=0018FE48 EFLAG=00000202
0040BF50	SUB      EDX, 0x2bb9b71b                                  EAX=0000008F ECX=77AE3874 EDX=2BFA7058 EBX=C021B3B8 ESP=0018FE20 EBP=0018FEF6 ESI=0040C4C2 EDI=0018FE48 EFLAG=00000206
0040BF56	CALL     0x40bd78                                         EAX=0000008F ECX=77AE3874 EDX=0040B93D EBX=C021B3B8 ESP=0018FE20 EBP=0018FEF6 ESI=0040C4C2 EDI=0018FE48 EFLAG=00000212
0040BD78	PUSH     EDX                                              EAX=0000008F ECX=77AE3874 EDX=0040B93D EBX=C021B3B8 ESP=0018FE1C EBP=0018FEF6 ESI=0040C4C2 EDI=0018FE48 EFLAG=00000212
0040BD79	DEC      ESI                                              EAX=0000008F ECX=77AE3874 EDX=0040B93D EBX=C021B3B8 ESP=0018FE18 EBP=0018FEF6 ESI=0040C4C2 EDI=0018FE48 EFLAG=00000212
0040BD7A	PUSHF                                                     EAX=0000008F ECX=77AE3874 EDX=0040B93D EBX=C021B3B8 ESP=0018FE18 EBP=0018FEF6 ESI=0040C4C1 EDI=0018FE48 EFLAG=00000202
0040A91F	MOV      [ESP], DH                                        EAX=0000008F ECX=77AE3874 EDX=0040B93D EBX=C021B3B8 ESP=0018FE14 EBP=0018FEF6 ESI=0040C4C1 EDI=0018FE48 EFLAG=00000202
0040A922	MOV      [ESP+0x30], EDX                                  EAX=0000008F ECX=77AE3874 EDX=0040B93D EBX=C021B3B8 ESP=0018FE14 EBP=0018FEF6 ESI=0040C4C1 EDI=0018FE48 EFLAG=00000202
0040A926	MOV      [ESP], AL                                        EAX=0000008F ECX=77AE3874 EDX=0040B93D EBX=C021B3B8 ESP=0018FE14 EBP=0018FEF6 ESI=0040C4C1 EDI=0018FE48 EFLAG=00000202
0040A929	PUSH     DWORD [ESP+0x30]                                 EAX=0000008F ECX=77AE3874 EDX=0040B93D EBX=C021B3B8 ESP=0018FE14 EBP=0018FEF6 ESI=0040C4C1 EDI=0018FE48 EFLAG=00000202
0040A92D	RET      0x34                                             EAX=0000008F ECX=77AE3874 EDX=0040B93D EBX=C021B3B8 ESP=0018FE10 EBP=0018FEF6 ESI=0040C4C1 EDI=0018FE48 EFLAG=00000202
0040B93D	CMP      DH, 0x27                                         EAX=0000008F ECX=77AE3874 EDX=0040B93D EBX=C021B3B8 ESP=0018FE48 EBP=0018FEF6 ESI=0040C4C1 EDI=0018FE48 EFLAG=00000202
0040B940	PUSH     ESI                                              EAX=0000008F ECX=77AE3874 EDX=0040B93D EBX=C021B3B8 ESP=0018FE48 EBP=0018FEF6 ESI=0040C4C1 EDI=0018FE48 EFLAG=00000282
0040B941	INC      AX                                               EAX=0000008F ECX=77AE3874 EDX=0040B93D EBX=C021B3B8 ESP=0018FE44 EBP=0018FEF6 ESI=0040C4C1 EDI=0018FE48 EFLAG=00000282
0040B944	TEST     SI, 0x1cd6                                       EAX=00000090 ECX=77AE3874 EDX=0040B93D EBX=C021B3B8 ESP=0018FE44 EBP=0018FEF6 ESI=0040C4C1 EDI=0018FE48 EFLAG=00000216
0040B949	MOV      EAX, EBP                                         EAX=00000090 ECX=77AE3874 EDX=0040B93D EBX=C021B3B8 ESP=0018FE44 EBP=0018FEF6 ESI=0040C4C1 EDI=0018FE48 EFLAG=00000206
0040B94B	PUSHA                                                     EAX=0018FEF6 ECX=77AE3874 EDX=0040B93D EBX=C021B3B8 ESP=0018FE44 EBP=0018FEF6 ESI=0040C4C1 EDI=0018FE48 EFLAG=00000206
0040B94C	SUB      EBP, 0x2                                         EAX=0018FEF6 ECX=77AE3874 EDX=0040B93D EBX=C021B3B8 ESP=0018FE24 EBP=0018FEF6 ESI=0040C4C1 EDI=0018FE48 EFLAG=00000206
0040B94F	CALL     0x40baa4                                         EAX=0018FEF6 ECX=77AE3874 EDX=0040B93D EBX=C021B3B8 ESP=0018FE24 EBP=0018FEF4 ESI=0040C4C1 EDI=0018FE48 EFLAG=00000202
0040BAA4	MOV      BYTE [ESP+0x4], 0x7f                             EAX=0018FEF6 ECX=77AE3874 EDX=0040B93D EBX=C021B3B8 ESP=0018FE20 EBP=0018FEF4 ESI=0040C4C1 EDI=0018FE48 EFLAG=00000202
0040BAA9	MOV      [EBP+0x0], AX                                    EAX=0018FEF6 ECX=77AE3874 EDX=0040B93D EBX=C021B3B8 ESP=0018FE20 EBP=0018FEF4 ESI=0040C4C1 EDI=0018FE48 EFLAG=00000202
0040BAAD	PUSHF                                                     EAX=0018FEF6 ECX=77AE3874 EDX=0040B93D EBX=C021B3B8 ESP=0018FE20 EBP=0018FEF4 ESI=0040C4C1 EDI=0018FE48 EFLAG=00000202
0040BAAE	PUSH     DWORD [ESP+0x8]                                  EAX=0018FEF6 ECX=77AE3874 EDX=0040B93D EBX=C021B3B8 ESP=0018FE1C EBP=0018FEF4 ESI=0040C4C1 EDI=0018FE48 EFLAG=00000202
0040BAB2	PUSH     ECX                                              EAX=0018FEF6 ECX=77AE3874 EDX=0040B93D EBX=C021B3B8 ESP=0018FE18 EBP=0018FEF4 ESI=0040C4C1 EDI=0018FE48 EFLAG=00000202
0040BAB3	LEA      ESP, [ESP+0x34]                                  EAX=0018FEF6 ECX=77AE3874 EDX=0040B93D EBX=C021B3B8 ESP=0018FE14 EBP=0018FEF4 ESI=0040C4C1 EDI=0018FE48 EFLAG=00000202
0040C360	TEST     DH, 0x76                                         EAX=0018FEF6 ECX=77AE3874 EDX=0040B93D EBX=C021B3B8 ESP=0018FE48 EBP=0018FEF4 ESI=0040C4C1 EDI=0018FE48 EFLAG=00000202
0040C363	LEA      EAX, [EDI+0x50]                                  EAX=0018FEF6 ECX=77AE3874 EDX=0040B93D EBX=C021B3B8 ESP=0018FE48 EBP=0018FEF4 ESI=0040C4C1 EDI=0018FE48 EFLAG=00000206
0040C366	PUSH     DWORD 0xa76b4735                                 EAX=0018FE98 ECX=77AE3874 EDX=0040B93D EBX=C021B3B8 ESP=0018FE48 EBP=0018FEF4 ESI=0040C4C1 EDI=0018FE48 EFLAG=00000206
0040C36B	STC                                                       EAX=0018FE98 ECX=77AE3874 EDX=0040B93D EBX=C021B3B8 ESP=0018FE44 EBP=0018FEF4 ESI=0040C4C1 EDI=0018FE48 EFLAG=00000206
0040C36C	CMP      EBP, EAX                                         EAX=0018FE98 ECX=77AE3874 EDX=0040B93D EBX=C021B3B8 ESP=0018FE44 EBP=0018FEF4 ESI=0040C4C1 EDI=0018FE48 EFLAG=00000207
0040C36E	PUSH     DWORD 0xbe8fd443                                 EAX=0018FE98 ECX=77AE3874 EDX=0040B93D EBX=C021B3B8 ESP=0018FE44 EBP=0018FEF4 ESI=0040C4C1 EDI=0018FE48 EFLAG=00000216
0040C373	LEA      ESP, [ESP+0x8]                                   EAX=0018FE98 ECX=77AE3874 EDX=0040B93D EBX=C021B3B8 ESP=0018FE40 EBP=0018FEF4 ESI=0040C4C1 EDI=0018FE48 EFLAG=00000216
0040C377	JA       0x40befd                                         EAX=0018FE98 ECX=77AE3874 EDX=0040B93D EBX=C021B3B8 ESP=0018FE48 EBP=0018FEF4 ESI=0040C4C1 EDI=0018FE48 EFLAG=00000216
0040BEFD	BSWAP    DX                                               EAX=0018FE98 ECX=77AE3874 EDX=0040B93D EBX=C021B3B8 ESP=0018FE48 EBP=0018FEF4 ESI=0040C4C1 EDI=0018FE48 EFLAG=00000216
0040BF00	RCL      DL, CL                                           EAX=0018FE98 ECX=77AE3874 EDX=00400000 EBX=C021B3B8 ESP=0018FE48 EBP=0018FEF4 ESI=0040C4C1 EDI=0018FE48 EFLAG=00000216
0040BF02	PUSHA                                                     EAX=0018FE98 ECX=77AE3874 EDX=00400000 EBX=C021B3B8 ESP=0018FE48 EBP=0018FEF4 ESI=0040C4C1 EDI=0018FE48 EFLAG=00000216
0040BF03	AND      EDX, 0xfdc85d80                                  EAX=0018FE98 ECX=77AE3874 EDX=00400000 EBX=C021B3B8 ESP=0018FE28 EBP=0018FEF4 ESI=0040C4C1 EDI=0018FE48 EFLAG=00000216
0040BF09	MOV      AL, [ESI-0x1]                                    EAX=0018FE98 ECX=77AE3874 EDX=00400000 EBX=C021B3B8 ESP=0018FE28 EBP=0018FEF4 ESI=0040C4C1 EDI=0018FE48 EFLAG=00000206
0040BF0C	DEC      DH                                               EAX=0018FEFF ECX=77AE3874 EDX=00400000 EBX=C021B3B8 ESP=0018FE28 EBP=0018FEF4 ESI=0040C4C1 EDI=0018FE48 EFLAG=00000206
0040BF0E	SUB      AL, BL                                           EAX=0018FEFF ECX=77AE3874 EDX=0040FF00 EBX=C021B3B8 ESP=0018FE28 EBP=0018FEF4 ESI=0040C4C1 EDI=0018FE48 EFLAG=00000296
0040BF10	PUSHF                                                     EAX=0018FE47 ECX=77AE3874 EDX=0040FF00 EBX=C021B3B8 ESP=0018FE28 EBP=0018FEF4 ESI=0040C4C1 EDI=0018FE48 EFLAG=00000206
0040BF11	BTC      DX, 0x4                                          EAX=0018FE47 ECX=77AE3874 EDX=0040FF00 EBX=C021B3B8 ESP=0018FE24 EBP=0018FEF4 ESI=0040C4C1 EDI=0018FE48 EFLAG=00000206
0040BF16	PUSH     ESP                                              EAX=0018FE47 ECX=77AE3874 EDX=0040FF10 EBX=C021B3B8 ESP=0018FE24 EBP=0018FEF4 ESI=0040C4C1 EDI=0018FE48 EFLAG=00000206
0040BF17	MOVZX    DX, AL                                           EAX=0018FE47 ECX=77AE3874 EDX=0040FF10 EBX=C021B3B8 ESP=0018FE20 EBP=0018FEF4 ESI=0040C4C1 EDI=0018FE48 EFLAG=00000206
0040BF1B	ROR      AL, 0x7                                          EAX=0018FE47 ECX=77AE3874 EDX=00400047 EBX=C021B3B8 ESP=0018FE20 EBP=0018FEF4 ESI=0040C4C1 EDI=0018FE48 EFLAG=00000206
0040BF1E	ROL      DH, 0x3                                          EAX=0018FE8E ECX=77AE3874 EDX=00400047 EBX=C021B3B8 ESP=0018FE20 EBP=0018FEF4 ESI=0040C4C1 EDI=0018FE48 EFLAG=00000A07
0040BF21	SUB      AL, 0x30                                         EAX=0018FE8E ECX=77AE3874 EDX=00400047 EBX=C021B3B8 ESP=0018FE20 EBP=0018FEF4 ESI=0040C4C1 EDI=0018FE48 EFLAG=00000206
0040BF23	SHR      DX, 0x9                                          EAX=0018FE5E ECX=77AE3874 EDX=00400047 EBX=C021B3B8 ESP=0018FE20 EBP=0018FEF4 ESI=0040C4C1 EDI=0018FE48 EFLAG=00000A02
0040BF27	XOR      AL, 0xce                                         EAX=0018FE5E ECX=77AE3874 EDX=00400000 EBX=C021B3B8 ESP=0018FE20 EBP=0018FEF4 ESI=0040C4C1 EDI=0018FE48 EFLAG=00000246
0040BF29	ADC      DL, 0xdb                                         EAX=0018FE90 ECX=77AE3874 EDX=00400000 EBX=C021B3B8 ESP=0018FE20 EBP=0018FEF4 ESI=0040C4C1 EDI=0018FE48 EFLAG=00000286
0040BF2C	BT       EBX, EDI                                         EAX=0018FE90 ECX=77AE3874 EDX=004000DB EBX=C021B3B8 ESP=0018FE20 EBP=0018FEF4 ESI=0040C4C1 EDI=0018FE48 EFLAG=00000286
0040BF2F	SETL     DH                                               EAX=0018FE90 ECX=77AE3874 EDX=004000DB EBX=C021B3B8 ESP=0018FE20 EBP=0018FEF4 ESI=0040C4C1 EDI=0018FE48 EFLAG=00000287
0040BF32	SUB      BL, AL                                           EAX=0018FE90 ECX=77AE3874 EDX=004001DB EBX=C021B3B8 ESP=0018FE20 EBP=0018FEF4 ESI=0040C4C1 EDI=0018FE48 EFLAG=00000287
0040BF34	STC                                                       EAX=0018FE90 ECX=77AE3874 EDX=004001DB EBX=C021B328 ESP=0018FE20 EBP=0018FEF4 ESI=0040C4C1 EDI=0018FE48 EFLAG=00000206
0040BF35	MOVZX    EAX, AL                                          EAX=0018FE90 ECX=77AE3874 EDX=004001DB EBX=C021B328 ESP=0018FE20 EBP=0018FEF4 ESI=0040C4C1 EDI=0018FE48 EFLAG=00000207
0040BF38	NOT      EDX                                              EAX=00000090 ECX=77AE3874 EDX=004001DB EBX=C021B328 ESP=0018FE20 EBP=0018FEF4 ESI=0040C4C1 EDI=0018FE48 EFLAG=00000207
0040BF3A	BSF      EDX, EDI                                         EAX=00000090 ECX=77AE3874 EDX=FFBFFE24 EBX=C021B328 ESP=0018FE20 EBP=0018FEF4 ESI=0040C4C1 EDI=0018FE48 EFLAG=00000207
0040BF3E	CMC                                                       EAX=00000090 ECX=77AE3874 EDX=FFBF0003 EBX=C021B328 ESP=0018FE20 EBP=0018FEF4 ESI=0040C4C1 EDI=0018FE48 EFLAG=00000206
0040BF3F	SAL      DH, CL                                           EAX=00000090 ECX=77AE3874 EDX=FFBF0003 EBX=C021B328 ESP=0018FE20 EBP=0018FEF4 ESI=0040C4C1 EDI=0018FE48 EFLAG=00000207
0040BF41	MOV      EDX, [EAX*4+0x40a51f]                            EAX=00000090 ECX=77AE3874 EDX=FFBF0003 EBX=C021B328 ESP=0018FE20 EBP=0018FEF4 ESI=0040C4C1 EDI=0018FE48 EFLAG=00000246
0040BF48	TEST     EDX, 0xe75c2a09                                  EAX=00000090 ECX=77AE3874 EDX=2BFA76EF EBX=C021B328 ESP=0018FE20 EBP=0018FEF4 ESI=0040C4C1 EDI=0018FE48 EFLAG=00000246
0040BF4E	TEST     BL, DL                                           EAX=00000090 ECX=77AE3874 EDX=2BFA76EF EBX=C021B328 ESP=0018FE20 EBP=0018FEF4 ESI=0040C4C1 EDI=0018FE48 EFLAG=00000206
0040BF50	SUB      EDX, 0x2bb9b71b                                  EAX=00000090 ECX=77AE3874 EDX=2BFA76EF EBX=C021B328 ESP=0018FE20 EBP=0018FEF4 ESI=0040C4C1 EDI=0018FE48 EFLAG=00000206
0040BF56	CALL     0x40bd78                                         EAX=00000090 ECX=77AE3874 EDX=0040BFD4 EBX=C021B328 ESP=0018FE20 EBP=0018FEF4 ESI=0040C4C1 EDI=0018FE48 EFLAG=00000206
0040BD78	PUSH     EDX                                              EAX=00000090 ECX=77AE3874 EDX=0040BFD4 EBX=C021B328 ESP=0018FE1C EBP=0018FEF4 ESI=0040C4C1 EDI=0018FE48 EFLAG=00000206
0040BD79	DEC      ESI                                              EAX=00000090 ECX=77AE3874 EDX=0040BFD4 EBX=C021B328 ESP=0018FE18 EBP=0018FEF4 ESI=0040C4C1 EDI=0018FE48 EFLAG=00000206
0040BD7A	PUSHF                                                     EAX=00000090 ECX=77AE3874 EDX=0040BFD4 EBX=C021B328 ESP=0018FE18 EBP=0018FEF4 ESI=0040C4C0 EDI=0018FE48 EFLAG=00000206
0040A91F	MOV      [ESP], DH                                        EAX=00000090 ECX=77AE3874 EDX=0040BFD4 EBX=C021B328 ESP=0018FE14 EBP=0018FEF4 ESI=0040C4C0 EDI=0018FE48 EFLAG=00000206
0040A922	MOV      [ESP+0x30], EDX                                  EAX=00000090 ECX=77AE3874 EDX=0040BFD4 EBX=C021B328 ESP=0018FE14 EBP=0018FEF4 ESI=0040C4C0 EDI=0018FE48 EFLAG=00000206
0040A926	MOV      [ESP], AL                                        EAX=00000090 ECX=77AE3874 EDX=0040BFD4 EBX=C021B328 ESP=0018FE14 EBP=0018FEF4 ESI=0040C4C0 EDI=0018FE48 EFLAG=00000206
0040A929	PUSH     DWORD [ESP+0x30]                                 EAX=00000090 ECX=77AE3874 EDX=0040BFD4 EBX=C021B328 ESP=0018FE14 EBP=0018FEF4 ESI=0040C4C0 EDI=0018FE48 EFLAG=00000206
0040A92D	RET      0x34                                             EAX=00000090 ECX=77AE3874 EDX=0040BFD4 EBX=C021B328 ESP=0018FE10 EBP=0018FEF4 ESI=0040C4C0 EDI=0018FE48 EFLAG=00000206
0040BFD4	MOV      DH, 0xa2                                         EAX=00000090 ECX=77AE3874 EDX=0040BFD4 EBX=C021B328 ESP=0018FE48 EBP=0018FEF4 ESI=0040C4C0 EDI=0018FE48 EFLAG=00000206
0040BFD7	ADD      AL, DH                                           EAX=00000090 ECX=77AE3874 EDX=0040A2D4 EBX=C021B328 ESP=0018FE48 EBP=0018FEF4 ESI=0040C4C0 EDI=0018FE48 EFLAG=00000206
0040BFD9	MOV      AL, [ESI-0x1]                                    EAX=00000032 ECX=77AE3874 EDX=0040A2D4 EBX=C021B328 ESP=0018FE48 EBP=0018FEF4 ESI=0040C4C0 EDI=0018FE48 EFLAG=00000A03
0040BFDC	ROL      DL, 0x4                                          EAX=000000FC ECX=77AE3874 EDX=0040A2D4 EBX=C021B328 ESP=0018FE48 EBP=0018FEF4 ESI=0040C4C0 EDI=0018FE48 EFLAG=00000A03
0040BFDF	XOR      AL, BL                                           EAX=000000FC ECX=77AE3874 EDX=0040A24D EBX=C021B328 ESP=0018FE48 EBP=0018FEF4 ESI=0040C4C0 EDI=0018FE48 EFLAG=00000A03
0040BFE1	INC      DX                                               EAX=000000D4 ECX=77AE3874 EDX=0040A24D EBX=C021B328 ESP=0018FE48 EBP=0018FEF4 ESI=0040C4C0 EDI=0018FE48 EFLAG=00000286
0040BFE4	INC      DL                                               EAX=000000D4 ECX=77AE3874 EDX=0040A24E EBX=C021B328 ESP=0018FE48 EBP=0018FEF4 ESI=0040C4C0 EDI=0018FE48 EFLAG=00000286
0040BFE6	PUSHF                                                     EAX=000000D4 ECX=77AE3874 EDX=0040A24F EBX=C021B328 ESP=0018FE48 EBP=0018FEF4 ESI=0040C4C0 EDI=0018FE48 EFLAG=00000202
0040BFE7	DEC      ESI                                              EAX=000000D4 ECX=77AE3874 EDX=0040A24F EBX=C021B328 ESP=0018FE44 EBP=0018FEF4 ESI=0040C4C0 EDI=0018FE48 EFLAG=00000202
0040BFE8	BSWAP    DX                                               EAX=000000D4 ECX=77AE3874 EDX=0040A24F EBX=C021B328 ESP=0018FE44 EBP=0018FEF4 ESI=0040C4BF EDI=0018FE48 EFLAG=00000212
0040BFEB	INC      DX                                               EAX=000000D4 ECX=77AE3874 EDX=00400000 EBX=C021B328 ESP=0018FE44 EBP=0018FEF4 ESI=0040C4BF EDI=0018FE48 EFLAG=00000212
0040BFEE	DEC      AL                                               EAX=000000D4 ECX=77AE3874 EDX=00400001 EBX=C021B328 ESP=0018FE44 EBP=0018FEF4 ESI=0040C4BF EDI=0018FE48 EFLAG=00000202
0040BFF0	CMC                                                       EAX=000000D3 ECX=77AE3874 EDX=00400001 EBX=C021B328 ESP=0018FE44 EBP=0018FEF4 ESI=0040C4BF EDI=0018FE48 EFLAG=00000282
0040BFF1	CMP      CH, CL                                           EAX=000000D3 ECX=77AE3874 EDX=00400001 EBX=C021B328 ESP=0018FE44 EBP=0018FEF4 ESI=0040C4BF EDI=0018FE48 EFLAG=00000283
0040BFF3	XOR      AL, 0xfa                                         EAX=000000D3 ECX=77AE3874 EDX=00400001 EBX=C021B328 ESP=0018FE44 EBP=0018FEF4 ESI=0040C4BF EDI=0018FE48 EFLAG=00000283
0040BFF5	SUB      DH, DH                                           EAX=00000029 ECX=77AE3874 EDX=00400001 EBX=C021B328 ESP=0018FE44 EBP=0018FEF4 ESI=0040C4BF EDI=0018FE48 EFLAG=00000202
0040BFF7	TEST     SP, CX                                           EAX=00000029 ECX=77AE3874 EDX=00400001 EBX=C021B328 ESP=0018FE44 EBP=0018FEF4 ESI=0040C4BF EDI=0018FE48 EFLAG=00000246
0040BFFA	SUB      AL, 0x88                                         EAX=00000029 ECX=77AE3874 EDX=00400001 EBX=C021B328 ESP=0018FE44 EBP=0018FEF4 ESI=0040C4BF EDI=0018FE48 EFLAG=00000206
0040BFFC	XOR      DL, BL                                           EAX=000000A1 ECX=77AE3874 EDX=00400001 EBX=C021B328 ESP=0018FE44 EBP=0018FEF4 ESI=0040C4BF EDI=0018FE48 EFLAG=00000A83
0040BFFE	PUSH     DWORD [ESP]                                      EAX=000000A1 ECX=77AE3874 EDX=00400029 EBX=C021B328 ESP=0018FE44 EBP=0018FEF4 ESI=0040C4BF EDI=0018FE48 EFLAG=00000202
0040C001	DEC      DH                                               EAX=000000A1 ECX=77AE3874 EDX=00400029 EBX=C021B328 ESP=0018FE40 EBP=0018FEF4 ESI=0040C4BF EDI=0018FE48 EFLAG=00000202
0040C003	MOVSX    DX, AL                                           EAX=000000A1 ECX=77AE3874 EDX=0040FF29 EBX=C021B328 ESP=0018FE40 EBP=0018FEF4 ESI=0040C4BF EDI=0018FE48 EFLAG=00000296
0040C007	XOR      BL, AL                                           EAX=000000A1 ECX=77AE3874 EDX=0040FFA1 EBX=C021B328 ESP=0018FE40 EBP=0018FEF4 ESI=0040C4BF EDI=0018FE48 EFLAG=00000296
0040C009	SHRD     DX, AX, CL                                       EAX=000000A1 ECX=77AE3874 EDX=0040FFA1 EBX=C021B389 ESP=0018FE40 EBP=0018FEF4 ESI=0040C4BF EDI=0018FE48 EFLAG=00000282
0040C2A0	MOV      DX, [EBP+0x0]                                    EAX=000000A1 ECX=77AE3874 EDX=0040100A EBX=C021B389 ESP=0018FE40 EBP=0018FEF4 ESI=0040C4BF EDI=0018FE48 EFLAG=00000206
0040B814	CLC                                                       EAX=000000A1 ECX=77AE3874 EDX=0040FEF6 EBX=C021B389 ESP=0018FE40 EBP=0018FEF4 ESI=0040C4BF EDI=0018FE48 EFLAG=00000206
0040B815	ADD      EBP, 0x2                                         EAX=000000A1 ECX=77AE3874 EDX=0040FEF6 EBX=C021B389 ESP=0018FE40 EBP=0018FEF4 ESI=0040C4BF EDI=0018FE48 EFLAG=00000206
0040B818	PUSHA                                                     EAX=000000A1 ECX=77AE3874 EDX=0040FEF6 EBX=C021B389 ESP=0018FE40 EBP=0018FEF6 ESI=0040C4BF EDI=0018FE48 EFLAG=00000206
0040B819	CALL     0x40a37f                                         EAX=000000A1 ECX=77AE3874 EDX=0040FEF6 EBX=C021B389 ESP=0018FE20 EBP=0018FEF6 ESI=0040C4BF EDI=0018FE48 EFLAG=00000206
0040A37F	CALL     0x40bdf3                                         EAX=000000A1 ECX=77AE3874 EDX=0040FEF6 EBX=C021B389 ESP=0018FE1C EBP=0018FEF6 ESI=0040C4BF EDI=0018FE48 EFLAG=00000206
0040BDF3	PUSH     DWORD [ESP]                                      EAX=000000A1 ECX=77AE3874 EDX=0040FEF6 EBX=C021B389 ESP=0018FE18 EBP=0018FEF6 ESI=0040C4BF EDI=0018FE48 EFLAG=00000206
0040BDF6	MOV      [EAX+EDI], DL                                    EAX=000000A1 ECX=77AE3874 EDX=0040FEF6 EBX=C021B389 ESP=0018FE14 EBP=0018FEF6 ESI=0040C4BF EDI=0018FE48 EFLAG=00000206
0040BDF9	MOV      BYTE [ESP+0x4], 0x51                             EAX=000000A1 ECX=77AE3874 EDX=0040FEF6 EBX=C021B389 ESP=0018FE14 EBP=0018FEF6 ESI=0040C4BF EDI=0018FE48 EFLAG=00000206
0040BDFE	LEA      ESP, [ESP+0x34]                                  EAX=000000A1 ECX=77AE3874 EDX=0040FEF6 EBX=C021B389 ESP=0018FE14 EBP=0018FEF6 ESI=0040C4BF EDI=0018FE48 EFLAG=00000206
0040BEFD	BSWAP    DX                                               EAX=000000A1 ECX=77AE3874 EDX=0040FEF6 EBX=C021B389 ESP=0018FE48 EBP=0018FEF6 ESI=0040C4BF EDI=0018FE48 EFLAG=00000206
0040BF00	RCL      DL, CL                                           EAX=000000A1 ECX=77AE3874 EDX=00400000 EBX=C021B389 ESP=0018FE48 EBP=0018FEF6 ESI=0040C4BF EDI=0018FE48 EFLAG=00000206
0040BF02	PUSHA                                                     EAX=000000A1 ECX=77AE3874 EDX=00400000 EBX=C021B389 ESP=0018FE48 EBP=0018FEF6 ESI=0040C4BF EDI=0018FE48 EFLAG=00000206
0040BF03	AND      EDX, 0xfdc85d80                                  EAX=000000A1 ECX=77AE3874 EDX=00400000 EBX=C021B389 ESP=0018FE28 EBP=0018FEF6 ESI=0040C4BF EDI=0018FE48 EFLAG=00000206
0040BF09	MOV      AL, [ESI-0x1]                                    EAX=000000A1 ECX=77AE3874 EDX=00400000 EBX=C021B389 ESP=0018FE28 EBP=0018FEF6 ESI=0040C4BF EDI=0018FE48 EFLAG=00000206
0040BF0C	DEC      DH                                               EAX=000000F7 ECX=77AE3874 EDX=00400000 EBX=C021B389 ESP=0018FE28 EBP=0018FEF6 ESI=0040C4BF EDI=0018FE48 EFLAG=00000206
0040BF0E	SUB      AL, BL                                           EAX=000000F7 ECX=77AE3874 EDX=0040FF00 EBX=C021B389 ESP=0018FE28 EBP=0018FEF6 ESI=0040C4BF EDI=0018FE48 EFLAG=00000296
0040BF10	PUSHF                                                     EAX=0000006E ECX=77AE3874 EDX=0040FF00 EBX=C021B389 ESP=0018FE28 EBP=0018FEF6 ESI=0040C4BF EDI=0018FE48 EFLAG=00000212
0040BF11	BTC      DX, 0x4                                          EAX=0000006E ECX=77AE3874 EDX=0040FF00 EBX=C021B389 ESP=0018FE24 EBP=0018FEF6 ESI=0040C4BF EDI=0018FE48 EFLAG=00000212
0040BF16	PUSH     ESP                                              EAX=0000006E ECX=77AE3874 EDX=0040FF10 EBX=C021B389 ESP=0018FE24 EBP=0018FEF6 ESI=0040C4BF EDI=0018FE48 EFLAG=00000212
0040BF17	MOVZX    DX, AL                                           EAX=0000006E ECX=77AE3874 EDX=0040FF10 EBX=C021B389 ESP=0018FE20 EBP=0018FEF6 ESI=0040C4BF EDI=0018FE48 EFLAG=00000212
0040BF1B	ROR      AL, 0x7                                          EAX=0000006E ECX=77AE3874 EDX=0040006E EBX=C021B389 ESP=0018FE20 EBP=0018FEF6 ESI=0040C4BF EDI=0018FE48 EFLAG=00000212
0040BF1E	ROL      DH, 0x3                                          EAX=000000DC ECX=77AE3874 EDX=0040006E EBX=C021B389 ESP=0018FE20 EBP=0018FEF6 ESI=0040C4BF EDI=0018FE48 EFLAG=00000213
0040BF21	SUB      AL, 0x30                                         EAX=000000DC ECX=77AE3874 EDX=0040006E EBX=C021B389 ESP=0018FE20 EBP=0018FEF6 ESI=0040C4BF EDI=0018FE48 EFLAG=00000212
0040BF23	SHR      DX, 0x9                                          EAX=000000AC ECX=77AE3874 EDX=0040006E EBX=C021B389 ESP=0018FE20 EBP=0018FEF6 ESI=0040C4BF EDI=0018FE48 EFLAG=00000286
0040BF27	XOR      AL, 0xce                                         EAX=000000AC ECX=77AE3874 EDX=00400000 EBX=C021B389 ESP=0018FE20 EBP=0018FEF6 ESI=0040C4BF EDI=0018FE48 EFLAG=00000246
0040BF29	ADC      DL, 0xdb                                         EAX=00000062 ECX=77AE3874 EDX=00400000 EBX=C021B389 ESP=0018FE20 EBP=0018FEF6 ESI=0040C4BF EDI=0018FE48 EFLAG=00000202
0040BF2C	BT       EBX, EDI                                         EAX=00000062 ECX=77AE3874 EDX=004000DB EBX=C021B389 ESP=0018FE20 EBP=0018FEF6 ESI=0040C4BF EDI=0018FE48 EFLAG=00000286
0040BF2F	SETL     DH                                               EAX=00000062 ECX=77AE3874 EDX=004000DB EBX=C021B389 ESP=0018FE20 EBP=0018FEF6 ESI=0040C4BF EDI=0018FE48 EFLAG=00000287
0040BF32	SUB      BL, AL                                           EAX=00000062 ECX=77AE3874 EDX=004001DB EBX=C021B389 ESP=0018FE20 EBP=0018FEF6 ESI=0040C4BF EDI=0018FE48 EFLAG=00000287
0040BF34	STC                                                       EAX=00000062 ECX=77AE3874 EDX=004001DB EBX=C021B327 ESP=0018FE20 EBP=0018FEF6 ESI=0040C4BF EDI=0018FE48 EFLAG=00000A06
0040BF35	MOVZX    EAX, AL                                          EAX=00000062 ECX=77AE3874 EDX=004001DB EBX=C021B327 ESP=0018FE20 EBP=0018FEF6 ESI=0040C4BF EDI=0018FE48 EFLAG=00000A07
0040BF38	NOT      EDX                                              EAX=00000062 ECX=77AE3874 EDX=004001DB EBX=C021B327 ESP=0018FE20 EBP=0018FEF6 ESI=0040C4BF EDI=0018FE48 EFLAG=00000A07
0040BF3A	BSF      EDX, EDI                                         EAX=00000062 ECX=77AE3874 EDX=FFBFFE24 EBX=C021B327 ESP=0018FE20 EBP=0018FEF6 ESI=0040C4BF EDI=0018FE48 EFLAG=00000A07
0040BF3E	CMC                                                       EAX=00000062 ECX=77AE3874 EDX=FFBF0003 EBX=C021B327 ESP=0018FE20 EBP=0018FEF6 ESI=0040C4BF EDI=0018FE48 EFLAG=00000206
0040BF3F	SAL      DH, CL                                           EAX=00000062 ECX=77AE3874 EDX=FFBF0003 EBX=C021B327 ESP=0018FE20 EBP=0018FEF6 ESI=0040C4BF EDI=0018FE48 EFLAG=00000207
0040BF41	MOV      EDX, [EAX*4+0x40a51f]                            EAX=00000062 ECX=77AE3874 EDX=FFBF0003 EBX=C021B327 ESP=0018FE20 EBP=0018FEF6 ESI=0040C4BF EDI=0018FE48 EFLAG=00000246
0040BF48	TEST     EDX, 0xe75c2a09                                  EAX=00000062 ECX=77AE3874 EDX=2BFA6557 EBX=C021B327 ESP=0018FE20 EBP=0018FEF6 ESI=0040C4BF EDI=0018FE48 EFLAG=00000246
0040BF4E	TEST     BL, DL                                           EAX=00000062 ECX=77AE3874 EDX=2BFA6557 EBX=C021B327 ESP=0018FE20 EBP=0018FEF6 ESI=0040C4BF EDI=0018FE48 EFLAG=00000202
0040BF50	SUB      EDX, 0x2bb9b71b                                  EAX=00000062 ECX=77AE3874 EDX=2BFA6557 EBX=C021B327 ESP=0018FE20 EBP=0018FEF6 ESI=0040C4BF EDI=0018FE48 EFLAG=00000202
0040BF56	CALL     0x40bd78                                         EAX=00000062 ECX=77AE3874 EDX=0040AE3C EBX=C021B327 ESP=0018FE20 EBP=0018FEF6 ESI=0040C4BF EDI=0018FE48 EFLAG=00000216
0040BD78	PUSH     EDX                                              EAX=00000062 ECX=77AE3874 EDX=0040AE3C EBX=C021B327 ESP=0018FE1C EBP=0018FEF6 ESI=0040C4BF EDI=0018FE48 EFLAG=00000216
0040BD79	DEC      ESI                                              EAX=00000062 ECX=77AE3874 EDX=0040AE3C EBX=C021B327 ESP=0018FE18 EBP=0018FEF6 ESI=0040C4BF EDI=0018FE48 EFLAG=00000216
0040BD7A	PUSHF                                                     EAX=00000062 ECX=77AE3874 EDX=0040AE3C EBX=C021B327 ESP=0018FE18 EBP=0018FEF6 ESI=0040C4BE EDI=0018FE48 EFLAG=00000206
0040A91F	MOV      [ESP], DH                                        EAX=00000062 ECX=77AE3874 EDX=0040AE3C EBX=C021B327 ESP=0018FE14 EBP=0018FEF6 ESI=0040C4BE EDI=0018FE48 EFLAG=00000206
0040A922	MOV      [ESP+0x30], EDX                                  EAX=00000062 ECX=77AE3874 EDX=0040AE3C EBX=C021B327 ESP=0018FE14 EBP=0018FEF6 ESI=0040C4BE EDI=0018FE48 EFLAG=00000206
0040A926	MOV      [ESP], AL                                        EAX=00000062 ECX=77AE3874 EDX=0040AE3C EBX=C021B327 ESP=0018FE14 EBP=0018FEF6 ESI=0040C4BE EDI=0018FE48 EFLAG=00000206
0040A929	PUSH     DWORD [ESP+0x30]                                 EAX=00000062 ECX=77AE3874 EDX=0040AE3C EBX=C021B327 ESP=0018FE14 EBP=0018FEF6 ESI=0040C4BE EDI=0018FE48 EFLAG=00000206
0040A92D	RET      0x34                                             EAX=00000062 ECX=77AE3874 EDX=0040AE3C EBX=C021B327 ESP=0018FE10 EBP=0018FEF6 ESI=0040C4BE EDI=0018FE48 EFLAG=00000206
0040AE3C	SAR      AL, CL                                           EAX=00000062 ECX=77AE3874 EDX=0040AE3C EBX=C021B327 ESP=0018FE48 EBP=0018FEF6 ESI=0040C4BE EDI=0018FE48 EFLAG=00000206
0040AE3E	MOV      EAX, [ESI-0x4]                                   EAX=00000000 ECX=77AE3874 EDX=0040AE3C EBX=C021B327 ESP=0018FE48 EBP=0018FEF6 ESI=0040C4BE EDI=0018FE48 EFLAG=00000246
0040AE41	PUSHA                                                     EAX=E9102464 ECX=77AE3874 EDX=0040AE3C EBX=C021B327 ESP=0018FE48 EBP=0018FEF6 ESI=0040C4BE EDI=0018FE48 EFLAG=00000246
0040B3CF	PUSHA                                                     EAX=E9102464 ECX=77AE3874 EDX=0040AE3C EBX=C021B327 ESP=0018FE28 EBP=0018FEF6 ESI=0040C4BE EDI=0018FE48 EFLAG=00000246
0040B3D0	CALL     0x40c0c5                                         EAX=E9102464 ECX=77AE3874 EDX=0040AE3C EBX=C021B327 ESP=0018FE08 EBP=0018FEF6 ESI=0040C4BE EDI=0018FE48 EFLAG=00000246
0040C0C5	BSWAP    EAX                                              EAX=E9102464 ECX=77AE3874 EDX=0040AE3C EBX=C021B327 ESP=0018FE04 EBP=0018FEF6 ESI=0040C4BE EDI=0018FE48 EFLAG=00000246
0040C0C7	TEST     AL, DL                                           EAX=642410E9 ECX=77AE3874 EDX=0040AE3C EBX=C021B327 ESP=0018FE04 EBP=0018FEF6 ESI=0040C4BE EDI=0018FE48 EFLAG=00000246
0040C0C9	TEST     AL, DH                                           EAX=642410E9 ECX=77AE3874 EDX=0040AE3C EBX=C021B327 ESP=0018FE04 EBP=0018FEF6 ESI=0040C4BE EDI=0018FE48 EFLAG=00000206
0040C0CB	XOR      EAX, EBX                                         EAX=642410E9 ECX=77AE3874 EDX=0040AE3C EBX=C021B327 ESP=0018FE04 EBP=0018FEF6 ESI=0040C4BE EDI=0018FE48 EFLAG=00000282
0040C0CD	TEST     DH, AL                                           EAX=A405A3CE ECX=77AE3874 EDX=0040AE3C EBX=C021B327 ESP=0018FE04 EBP=0018FEF6 ESI=0040C4BE EDI=0018FE48 EFLAG=00000282
0040C0CF	STC                                                       EAX=A405A3CE ECX=77AE3874 EDX=0040AE3C EBX=C021B327 ESP=0018FE04 EBP=0018FEF6 ESI=0040C4BE EDI=0018FE48 EFLAG=00000286
0040C0D0	NOT      EAX                                              EAX=A405A3CE ECX=77AE3874 EDX=0040AE3C EBX=C021B327 ESP=0018FE04 EBP=0018FEF6 ESI=0040C4BE EDI=0018FE48 EFLAG=00000287
0040C0D2	PUSHF                                                     EAX=5BFA5C31 ECX=77AE3874 EDX=0040AE3C EBX=C021B327 ESP=0018FE04 EBP=0018FEF6 ESI=0040C4BE EDI=0018FE48 EFLAG=00000287
0040C0D3	TEST     DL, CL                                           EAX=5BFA5C31 ECX=77AE3874 EDX=0040AE3C EBX=C021B327 ESP=0018FE00 EBP=0018FEF6 ESI=0040C4BE EDI=0018FE48 EFLAG=00000287
0040C0D5	CMC                                                       EAX=5BFA5C31 ECX=77AE3874 EDX=0040AE3C EBX=C021B327 ESP=0018FE00 EBP=0018FEF6 ESI=0040C4BE EDI=0018FE48 EFLAG=00000202
0040C0D6	SUB      EAX, 0x4e8d70e8                                  EAX=5BFA5C31 ECX=77AE3874 EDX=0040AE3C EBX=C021B327 ESP=0018FE00 EBP=0018FEF6 ESI=0040C4BE EDI=0018FE48 EFLAG=00000203
0040C0DB	CALL     0x40c358                                         EAX=0D6CEB49 ECX=77AE3874 EDX=0040AE3C EBX=C021B327 ESP=0018FE00 EBP=0018FEF6 ESI=0040C4BE EDI=0018FE48 EFLAG=00000212
0040C358	ROL      EAX, 0x1e                                        EAX=0D6CEB49 ECX=77AE3874 EDX=0040AE3C EBX=C021B327 ESP=0018FDFC EBP=0018FEF6 ESI=0040C4BE EDI=0018FE48 EFLAG=00000212
0040B4FA	CALL     0x40c30e                                         EAX=435B3AD2 ECX=77AE3874 EDX=0040AE3C EBX=C021B327 ESP=0018FDFC EBP=0018FEF6 ESI=0040C4BE EDI=0018FE48 EFLAG=00000212
0040C30E	STC                                                       EAX=435B3AD2 ECX=77AE3874 EDX=0040AE3C EBX=C021B327 ESP=0018FDF8 EBP=0018FEF6 ESI=0040C4BE EDI=0018FE48 EFLAG=00000212
0040C30F	ADD      ESI, -0x4                                        EAX=435B3AD2 ECX=77AE3874 EDX=0040AE3C EBX=C021B327 ESP=0018FDF8 EBP=0018FEF6 ESI=0040C4BE EDI=0018FE48 EFLAG=00000213
0040C312	STC                                                       EAX=435B3AD2 ECX=77AE3874 EDX=0040AE3C EBX=C021B327 ESP=0018FDF8 EBP=0018FEF6 ESI=0040C4BA EDI=0018FE48 EFLAG=00000213
0040C313	XOR      EBX, EAX                                         EAX=435B3AD2 ECX=77AE3874 EDX=0040AE3C EBX=C021B327 ESP=0018FDF8 EBP=0018FEF6 ESI=0040C4BA EDI=0018FE48 EFLAG=00000213
0040C315	STC                                                       EAX=435B3AD2 ECX=77AE3874 EDX=0040AE3C EBX=837A89F5 ESP=0018FDF8 EBP=0018FEF6 ESI=0040C4BA EDI=0018FE48 EFLAG=00000286
0040C316	CALL     0x40bbd4                                         EAX=435B3AD2 ECX=77AE3874 EDX=0040AE3C EBX=837A89F5 ESP=0018FDF8 EBP=0018FEF6 ESI=0040C4BA EDI=0018FE48 EFLAG=00000287
0040BBD4	CMP      BL, CL                                           EAX=435B3AD2 ECX=77AE3874 EDX=0040AE3C EBX=837A89F5 ESP=0018FDF4 EBP=0018FEF6 ESI=0040C4BA EDI=0018FE48 EFLAG=00000287
0040BBD6	CMP      DH, 0xaa                                         EAX=435B3AD2 ECX=77AE3874 EDX=0040AE3C EBX=837A89F5 ESP=0018FDF4 EBP=0018FEF6 ESI=0040C4BA EDI=0018FE48 EFLAG=00000286
0040BBD9	SUB      EBP, 0x4                                         EAX=435B3AD2 ECX=77AE3874 EDX=0040AE3C EBX=837A89F5 ESP=0018FDF4 EBP=0018FEF6 ESI=0040C4BA EDI=0018FE48 EFLAG=00000202
0040BBDC	CALL     0x40b70a                                         EAX=435B3AD2 ECX=77AE3874 EDX=0040AE3C EBX=837A89F5 ESP=0018FDF4 EBP=0018FEF2 ESI=0040C4BA EDI=0018FE48 EFLAG=00000202
0040B449	MOV      [ESP+0xc], CH                                    EAX=435B3AD2 ECX=77AE3874 EDX=0040AE3C EBX=837A89F5 ESP=0018FDF0 EBP=0018FEF2 ESI=0040C4BA EDI=0018FE48 EFLAG=00000202
0040B44D	MOV      [EBP+0x0], EAX                                   EAX=435B3AD2 ECX=77AE3874 EDX=0040AE3C EBX=837A89F5 ESP=0018FDF0 EBP=0018FEF2 ESI=0040C4BA EDI=0018FE48 EFLAG=00000202
0040B450	MOV      BYTE [ESP], 0x39                                 EAX=435B3AD2 ECX=77AE3874 EDX=0040AE3C EBX=837A89F5 ESP=0018FDF0 EBP=0018FEF2 ESI=0040C4BA EDI=0018FE48 EFLAG=00000202
0040B454	LEA      ESP, [ESP+0x58]                                  EAX=435B3AD2 ECX=77AE3874 EDX=0040AE3C EBX=837A89F5 ESP=0018FDF0 EBP=0018FEF2 ESI=0040C4BA EDI=0018FE48 EFLAG=00000202
0040C360	TEST     DH, 0x76                                         EAX=435B3AD2 ECX=77AE3874 EDX=0040AE3C EBX=837A89F5 ESP=0018FE48 EBP=0018FEF2 ESI=0040C4BA EDI=0018FE48 EFLAG=00000202
0040C363	LEA      EAX, [EDI+0x50]                                  EAX=435B3AD2 ECX=77AE3874 EDX=0040AE3C EBX=837A89F5 ESP=0018FE48 EBP=0018FEF2 ESI=0040C4BA EDI=0018FE48 EFLAG=00000202
0040C366	PUSH     DWORD 0xa76b4735                                 EAX=0018FE98 ECX=77AE3874 EDX=0040AE3C EBX=837A89F5 ESP=0018FE48 EBP=0018FEF2 ESI=0040C4BA EDI=0018FE48 EFLAG=00000202
0040C36B	STC                                                       EAX=0018FE98 ECX=77AE3874 EDX=0040AE3C EBX=837A89F5 ESP=0018FE44 EBP=0018FEF2 ESI=0040C4BA EDI=0018FE48 EFLAG=00000202
0040C36C	CMP      EBP, EAX                                         EAX=0018FE98 ECX=77AE3874 EDX=0040AE3C EBX=837A89F5 ESP=0018FE44 EBP=0018FEF2 ESI=0040C4BA EDI=0018FE48 EFLAG=00000203
0040C36E	PUSH     DWORD 0xbe8fd443                                 EAX=0018FE98 ECX=77AE3874 EDX=0040AE3C EBX=837A89F5 ESP=0018FE44 EBP=0018FEF2 ESI=0040C4BA EDI=0018FE48 EFLAG=00000216
0040C373	LEA      ESP, [ESP+0x8]                                   EAX=0018FE98 ECX=77AE3874 EDX=0040AE3C EBX=837A89F5 ESP=0018FE40 EBP=0018FEF2 ESI=0040C4BA EDI=0018FE48 EFLAG=00000216
0040C377	JA       0x40befd                                         EAX=0018FE98 ECX=77AE3874 EDX=0040AE3C EBX=837A89F5 ESP=0018FE48 EBP=0018FEF2 ESI=0040C4BA EDI=0018FE48 EFLAG=00000216
0040BEFD	BSWAP    DX                                               EAX=0018FE98 ECX=77AE3874 EDX=0040AE3C EBX=837A89F5 ESP=0018FE48 EBP=0018FEF2 ESI=0040C4BA EDI=0018FE48 EFLAG=00000216
0040BF00	RCL      DL, CL                                           EAX=0018FE98 ECX=77AE3874 EDX=00400000 EBX=837A89F5 ESP=0018FE48 EBP=0018FEF2 ESI=0040C4BA EDI=0018FE48 EFLAG=00000216
0040BF02	PUSHA                                                     EAX=0018FE98 ECX=77AE3874 EDX=00400000 EBX=837A89F5 ESP=0018FE48 EBP=0018FEF2 ESI=0040C4BA EDI=0018FE48 EFLAG=00000216
0040BF03	AND      EDX, 0xfdc85d80                                  EAX=0018FE98 ECX=77AE3874 EDX=00400000 EBX=837A89F5 ESP=0018FE28 EBP=0018FEF2 ESI=0040C4BA EDI=0018FE48 EFLAG=00000216
0040BF09	MOV      AL, [ESI-0x1]                                    EAX=0018FE98 ECX=77AE3874 EDX=00400000 EBX=837A89F5 ESP=0018FE28 EBP=0018FEF2 ESI=0040C4BA EDI=0018FE48 EFLAG=00000206
0040BF0C	DEC      DH                                               EAX=0018FE8D ECX=77AE3874 EDX=00400000 EBX=837A89F5 ESP=0018FE28 EBP=0018FEF2 ESI=0040C4BA EDI=0018FE48 EFLAG=00000206
0040BF0E	SUB      AL, BL                                           EAX=0018FE8D ECX=77AE3874 EDX=0040FF00 EBX=837A89F5 ESP=0018FE28 EBP=0018FEF2 ESI=0040C4BA EDI=0018FE48 EFLAG=00000296
0040BF10	PUSHF                                                     EAX=0018FE98 ECX=77AE3874 EDX=0040FF00 EBX=837A89F5 ESP=0018FE28 EBP=0018FEF2 ESI=0040C4BA EDI=0018FE48 EFLAG=00000283
0040BF11	BTC      DX, 0x4                                          EAX=0018FE98 ECX=77AE3874 EDX=0040FF00 EBX=837A89F5 ESP=0018FE24 EBP=0018FEF2 ESI=0040C4BA EDI=0018FE48 EFLAG=00000283
0040BF16	PUSH     ESP                                              EAX=0018FE98 ECX=77AE3874 EDX=0040FF10 EBX=837A89F5 ESP=0018FE24 EBP=0018FEF2 ESI=0040C4BA EDI=0018FE48 EFLAG=00000282
0040BF17	MOVZX    DX, AL                                           EAX=0018FE98 ECX=77AE3874 EDX=0040FF10 EBX=837A89F5 ESP=0018FE20 EBP=0018FEF2 ESI=0040C4BA EDI=0018FE48 EFLAG=00000282
0040BF1B	ROR      AL, 0x7                                          EAX=0018FE98 ECX=77AE3874 EDX=00400098 EBX=837A89F5 ESP=0018FE20 EBP=0018FEF2 ESI=0040C4BA EDI=0018FE48 EFLAG=00000282
0040BF1E	ROL      DH, 0x3                                          EAX=0018FE31 ECX=77AE3874 EDX=00400098 EBX=837A89F5 ESP=0018FE20 EBP=0018FEF2 ESI=0040C4BA EDI=0018FE48 EFLAG=00000282
0040BF21	SUB      AL, 0x30                                         EAX=0018FE31 ECX=77AE3874 EDX=00400098 EBX=837A89F5 ESP=0018FE20 EBP=0018FEF2 ESI=0040C4BA EDI=0018FE48 EFLAG=00000282
0040BF23	SHR      DX, 0x9                                          EAX=0018FE01 ECX=77AE3874 EDX=00400098 EBX=837A89F5 ESP=0018FE20 EBP=0018FEF2 ESI=0040C4BA EDI=0018FE48 EFLAG=00000202
0040BF27	XOR      AL, 0xce                                         EAX=0018FE01 ECX=77AE3874 EDX=00400000 EBX=837A89F5 ESP=0018FE20 EBP=0018FEF2 ESI=0040C4BA EDI=0018FE48 EFLAG=00000246
0040BF29	ADC      DL, 0xdb                                         EAX=0018FECF ECX=77AE3874 EDX=00400000 EBX=837A89F5 ESP=0018FE20 EBP=0018FEF2 ESI=0040C4BA EDI=0018FE48 EFLAG=00000286
0040BF2C	BT       EBX, EDI                                         EAX=0018FECF ECX=77AE3874 EDX=004000DB EBX=837A89F5 ESP=0018FE20 EBP=0018FEF2 ESI=0040C4BA EDI=0018FE48 EFLAG=00000286
0040BF2F	SETL     DH                                               EAX=0018FECF ECX=77AE3874 EDX=004000DB EBX=837A89F5 ESP=0018FE20 EBP=0018FEF2 ESI=0040C4BA EDI=0018FE48 EFLAG=00000287
0040BF32	SUB      BL, AL                                           EAX=0018FECF ECX=77AE3874 EDX=004001DB EBX=837A89F5 ESP=0018FE20 EBP=0018FEF2 ESI=0040C4BA EDI=0018FE48 EFLAG=00000287
0040BF34	STC                                                       EAX=0018FECF ECX=77AE3874 EDX=004001DB EBX=837A8926 ESP=0018FE20 EBP=0018FEF2 ESI=0040C4BA EDI=0018FE48 EFLAG=00000212
0040BF35	MOVZX    EAX, AL                                          EAX=0018FECF ECX=77AE3874 EDX=004001DB EBX=837A8926 ESP=0018FE20 EBP=0018FEF2 ESI=0040C4BA EDI=0018FE48 EFLAG=00000213
0040BF38	NOT      EDX                                              EAX=000000CF ECX=77AE3874 EDX=004001DB EBX=837A8926 ESP=0018FE20 EBP=0018FEF2 ESI=0040C4BA EDI=0018FE48 EFLAG=00000213
0040BF3A	BSF      EDX, EDI                                         EAX=000000CF ECX=77AE3874 EDX=FFBFFE24 EBX=837A8926 ESP=0018FE20 EBP=0018FEF2 ESI=0040C4BA EDI=0018FE48 EFLAG=00000213
0040BF3E	CMC                                                       EAX=000000CF ECX=77AE3874 EDX=FFBF0003 EBX=837A8926 ESP=0018FE20 EBP=0018FEF2 ESI=0040C4BA EDI=0018FE48 EFLAG=00000206
0040BF3F	SAL      DH, CL                                           EAX=000000CF ECX=77AE3874 EDX=FFBF0003 EBX=837A8926 ESP=0018FE20 EBP=0018FEF2 ESI=0040C4BA EDI=0018FE48 EFLAG=00000207
0040BF41	MOV      EDX, [EAX*4+0x40a51f]                            EAX=000000CF ECX=77AE3874 EDX=FFBF0003 EBX=837A8926 ESP=0018FE20 EBP=0018FEF2 ESI=0040C4BA EDI=0018FE48 EFLAG=00000246
0040BF48	TEST     EDX, 0xe75c2a09                                  EAX=000000CF ECX=77AE3874 EDX=2BFA6426 EBX=837A8926 ESP=0018FE20 EBP=0018FEF2 ESI=0040C4BA EDI=0018FE48 EFLAG=00000246
0040BF4E	TEST     BL, DL                                           EAX=000000CF ECX=77AE3874 EDX=2BFA6426 EBX=837A8926 ESP=0018FE20 EBP=0018FEF2 ESI=0040C4BA EDI=0018FE48 EFLAG=00000206
0040BF50	SUB      EDX, 0x2bb9b71b                                  EAX=000000CF ECX=77AE3874 EDX=2BFA6426 EBX=837A8926 ESP=0018FE20 EBP=0018FEF2 ESI=0040C4BA EDI=0018FE48 EFLAG=00000202
0040BF56	CALL     0x40bd78                                         EAX=000000CF ECX=77AE3874 EDX=0040AD0B EBX=837A8926 ESP=0018FE20 EBP=0018FEF2 ESI=0040C4BA EDI=0018FE48 EFLAG=00000212
0040BD78	PUSH     EDX                                              EAX=000000CF ECX=77AE3874 EDX=0040AD0B EBX=837A8926 ESP=0018FE1C EBP=0018FEF2 ESI=0040C4BA EDI=0018FE48 EFLAG=00000212
0040BD79	DEC      ESI                                              EAX=000000CF ECX=77AE3874 EDX=0040AD0B EBX=837A8926 ESP=0018FE18 EBP=0018FEF2 ESI=0040C4BA EDI=0018FE48 EFLAG=00000212
0040BD7A	PUSHF                                                     EAX=000000CF ECX=77AE3874 EDX=0040AD0B EBX=837A8926 ESP=0018FE18 EBP=0018FEF2 ESI=0040C4B9 EDI=0018FE48 EFLAG=00000202
0040A91F	MOV      [ESP], DH                                        EAX=000000CF ECX=77AE3874 EDX=0040AD0B EBX=837A8926 ESP=0018FE14 EBP=0018FEF2 ESI=0040C4B9 EDI=0018FE48 EFLAG=00000202
0040A922	MOV      [ESP+0x30], EDX                                  EAX=000000CF ECX=77AE3874 EDX=0040AD0B EBX=837A8926 ESP=0018FE14 EBP=0018FEF2 ESI=0040C4B9 EDI=0018FE48 EFLAG=00000202
0040A926	MOV      [ESP], AL                                        EAX=000000CF ECX=77AE3874 EDX=0040AD0B EBX=837A8926 ESP=0018FE14 EBP=0018FEF2 ESI=0040C4B9 EDI=0018FE48 EFLAG=00000202
0040A929	PUSH     DWORD [ESP+0x30]                                 EAX=000000CF ECX=77AE3874 EDX=0040AD0B EBX=837A8926 ESP=0018FE14 EBP=0018FEF2 ESI=0040C4B9 EDI=0018FE48 EFLAG=00000202
0040A92D	RET      0x34                                             EAX=000000CF ECX=77AE3874 EDX=0040AD0B EBX=837A8926 ESP=0018FE10 EBP=0018FEF2 ESI=0040C4B9 EDI=0018FE48 EFLAG=00000202
0040AD0B	XCHG     CL, DL                                           EAX=000000CF ECX=77AE3874 EDX=0040AD0B EBX=837A8926 ESP=0018FE48 EBP=0018FEF2 ESI=0040C4B9 EDI=0018FE48 EFLAG=00000202
0040AD0D	JAE      0x40b2c0                                         EAX=000000CF ECX=77AE380B EDX=0040AD74 EBX=837A8926 ESP=0018FE48 EBP=0018FEF2 ESI=0040C4B9 EDI=0018FE48 EFLAG=00000202
0040B2C0	AAM      0x8b                                             EAX=000000CF ECX=77AE380B EDX=0040AD74 EBX=837A8926 ESP=0018FE48 EBP=0018FEF2 ESI=0040C4B9 EDI=0018FE48 EFLAG=00000202
0040B2C2	SHRD     AX, DI, CL                                       EAX=00000144 ECX=77AE380B EDX=0040AD74 EBX=837A8926 ESP=0018FE48 EBP=0018FEF2 ESI=0040C4B9 EDI=0018FE48 EFLAG=00000206
0040B2C6	SHRD     AX, DI, 0x2                                      EAX=0000C900 ECX=77AE380B EDX=0040AD74 EBX=837A8926 ESP=0018FE48 EBP=0018FEF2 ESI=0040C4B9 EDI=0018FE48 EFLAG=00000286
0040B2CB	MOV      EAX, [EBP+0x0]                                   EAX=00003240 ECX=77AE380B EDX=0040AD74 EBX=837A8926 ESP=0018FE48 EBP=0018FEF2 ESI=0040C4B9 EDI=0018FE48 EFLAG=00000202
0040B2CE	BTS      DX, CX                                           EAX=435B3AD2 ECX=77AE380B EDX=0040AD74 EBX=837A8926 ESP=0018FE48 EBP=0018FEF2 ESI=0040C4B9 EDI=0018FE48 EFLAG=00000202
0040B2D2	MOV      EDX, [EBP+0x4]                                   EAX=435B3AD2 ECX=77AE380B EDX=0040AD74 EBX=837A8926 ESP=0018FE48 EBP=0018FEF2 ESI=0040C4B9 EDI=0018FE48 EFLAG=00000203
0040B2D5	CALL     0x40b0e5                                         EAX=435B3AD2 ECX=77AE380B EDX=D6CAE6E9 EBX=837A8926 ESP=0018FE48 EBP=0018FEF2 ESI=0040C4B9 EDI=0018FE48 EFLAG=00000203
0040B0E5	AND      CL, DL                                           EAX=435B3AD2 ECX=77AE380B EDX=D6CAE6E9 EBX=837A8926 ESP=0018FE44 EBP=0018FEF2 ESI=0040C4B9 EDI=0018FE48 EFLAG=00000203
0040B0E7	MOV      CL, [EBP+0x8]                                    EAX=435B3AD2 ECX=77AE3809 EDX=D6CAE6E9 EBX=837A8926 ESP=0018FE44 EBP=0018FEF2 ESI=0040C4B9 EDI=0018FE48 EFLAG=00000206
0040B0EA	TEST     DL, AH                                           EAX=435B3AD2 ECX=77AE38FE EDX=D6CAE6E9 EBX=837A8926 ESP=0018FE44 EBP=0018FEF2 ESI=0040C4B9 EDI=0018FE48 EFLAG=00000206
0040B0EC	CMC                                                       EAX=435B3AD2 ECX=77AE38FE EDX=D6CAE6E9 EBX=837A8926 ESP=0018FE44 EBP=0018FEF2 ESI=0040C4B9 EDI=0018FE48 EFLAG=00000206
0040A9BC	ADD      EBP, 0x2                                         EAX=435B3AD2 ECX=77AE38FE EDX=D6CAE6E9 EBX=837A8926 ESP=0018FE44 EBP=0018FEF2 ESI=0040C4B9 EDI=0018FE48 EFLAG=00000207
0040A9BF	SUB      ESP, -0x4                                        EAX=435B3AD2 ECX=77AE38FE EDX=D6CAE6E9 EBX=837A8926 ESP=0018FE44 EBP=0018FEF4 ESI=0040C4B9 EDI=0018FE48 EFLAG=00000202
0040A9C2	JNP      0x40a2d8                                         EAX=435B3AD2 ECX=77AE38FE EDX=D6CAE6E9 EBX=837A8926 ESP=0018FE48 EBP=0018FEF4 ESI=0040C4B9 EDI=0018FE48 EFLAG=00000217
0040A9C8	SHRD     EAX, EDX, CL                                     EAX=435B3AD2 ECX=77AE38FE EDX=D6CAE6E9 EBX=837A8926 ESP=0018FE48 EBP=0018FEF4 ESI=0040C4B9 EDI=0018FE48 EFLAG=00000217
0040A9CB	PUSH     ESP                                              EAX=5B2B9BA5 ECX=77AE38FE EDX=D6CAE6E9 EBX=837A8926 ESP=0018FE48 EBP=0018FEF4 ESI=0040C4B9 EDI=0018FE48 EFLAG=00000A06
0040A9CC	PUSHA                                                     EAX=5B2B9BA5 ECX=77AE38FE EDX=D6CAE6E9 EBX=837A8926 ESP=0018FE44 EBP=0018FEF4 ESI=0040C4B9 EDI=0018FE48 EFLAG=00000A06
0040A9CD	CALL     0x40bde5                                         EAX=5B2B9BA5 ECX=77AE38FE EDX=D6CAE6E9 EBX=837A8926 ESP=0018FE24 EBP=0018FEF4 ESI=0040C4B9 EDI=0018FE48 EFLAG=00000A06
0040BDE5	PUSHF                                                     EAX=5B2B9BA5 ECX=77AE38FE EDX=D6CAE6E9 EBX=837A8926 ESP=0018FE20 EBP=0018FEF4 ESI=0040C4B9 EDI=0018FE48 EFLAG=00000A06
0040BDE6	MOV      [EBP+0x4], EAX                                   EAX=5B2B9BA5 ECX=77AE38FE EDX=D6CAE6E9 EBX=837A8926 ESP=0018FE1C EBP=0018FEF4 ESI=0040C4B9 EDI=0018FE48 EFLAG=00000A06
0040BDE9	CALL     0x40a4b7                                         EAX=5B2B9BA5 ECX=77AE38FE EDX=D6CAE6E9 EBX=837A8926 ESP=0018FE1C EBP=0018FEF4 ESI=0040C4B9 EDI=0018FE48 EFLAG=00000A06
0040A4B7	PUSHF                                                     EAX=5B2B9BA5 ECX=77AE38FE EDX=D6CAE6E9 EBX=837A8926 ESP=0018FE18 EBP=0018FEF4 ESI=0040C4B9 EDI=0018FE48 EFLAG=00000A06
0040A4B8	POP      DWORD [ESP+0x2c]                                 EAX=5B2B9BA5 ECX=77AE38FE EDX=D6CAE6E9 EBX=837A8926 ESP=0018FE14 EBP=0018FEF4 ESI=0040C4B9 EDI=0018FE48 EFLAG=00000A06
0040C216	CALL     0x40b270                                         EAX=5B2B9BA5 ECX=77AE38FE EDX=D6CAE6E9 EBX=837A8926 ESP=0018FE18 EBP=0018FEF4 ESI=0040C4B9 EDI=0018FE48 EFLAG=00000A06
0040B270	CALL     0x40be7c                                         EAX=5B2B9BA5 ECX=77AE38FE EDX=D6CAE6E9 EBX=837A8926 ESP=0018FE14 EBP=0018FEF4 ESI=0040C4B9 EDI=0018FE48 EFLAG=00000A06
0040BE7C	PUSH     DWORD [ESP+0x34]                                 EAX=5B2B9BA5 ECX=77AE38FE EDX=D6CAE6E9 EBX=837A8926 ESP=0018FE10 EBP=0018FEF4 ESI=0040C4B9 EDI=0018FE48 EFLAG=00000A06
0040BE80	POP      DWORD [EBP+0x0]                                  EAX=5B2B9BA5 ECX=77AE38FE EDX=D6CAE6E9 EBX=837A8926 ESP=0018FE0C EBP=0018FEF4 ESI=0040C4B9 EDI=0018FE48 EFLAG=00000A06
0040BE83	PUSHF                                                     EAX=5B2B9BA5 ECX=77AE38FE EDX=D6CAE6E9 EBX=837A8926 ESP=0018FE10 EBP=0018FEF4 ESI=0040C4B9 EDI=0018FE48 EFLAG=00000A06
0040BE84	LEA      ESP, [ESP+0x3c]                                  EAX=5B2B9BA5 ECX=77AE38FE EDX=D6CAE6E9 EBX=837A8926 ESP=0018FE0C EBP=0018FEF4 ESI=0040C4B9 EDI=0018FE48 EFLAG=00000A06
0040BEFD	BSWAP    DX                                               EAX=5B2B9BA5 ECX=77AE38FE EDX=D6CAE6E9 EBX=837A8926 ESP=0018FE48 EBP=0018FEF4 ESI=0040C4B9 EDI=0018FE48 EFLAG=00000A06
0040BF00	RCL      DL, CL                                           EAX=5B2B9BA5 ECX=77AE38FE EDX=D6CA0000 EBX=837A8926 ESP=0018FE48 EBP=0018FEF4 ESI=0040C4B9 EDI=0018FE48 EFLAG=00000A06
0040BF02	PUSHA                                                     EAX=5B2B9BA5 ECX=77AE38FE EDX=D6CA0000 EBX=837A8926 ESP=0018FE48 EBP=0018FEF4 ESI=0040C4B9 EDI=0018FE48 EFLAG=00000206
0040BF03	AND      EDX, 0xfdc85d80                                  EAX=5B2B9BA5 ECX=77AE38FE EDX=D6CA0000 EBX=837A8926 ESP=0018FE28 EBP=0018FEF4 ESI=0040C4B9 EDI=0018FE48 EFLAG=00000206
0040BF09	MOV      AL, [ESI-0x1]                                    EAX=5B2B9BA5 ECX=77AE38FE EDX=D4C80000 EBX=837A8926 ESP=0018FE28 EBP=0018FEF4 ESI=0040C4B9 EDI=0018FE48 EFLAG=00000286
0040BF0C	DEC      DH                                               EAX=5B2B9BBD ECX=77AE38FE EDX=D4C80000 EBX=837A8926 ESP=0018FE28 EBP=0018FEF4 ESI=0040C4B9 EDI=0018FE48 EFLAG=00000286
0040BF0E	SUB      AL, BL                                           EAX=5B2B9BBD ECX=77AE38FE EDX=D4C8FF00 EBX=837A8926 ESP=0018FE28 EBP=0018FEF4 ESI=0040C4B9 EDI=0018FE48 EFLAG=00000296
0040BF10	PUSHF                                                     EAX=5B2B9B97 ECX=77AE38FE EDX=D4C8FF00 EBX=837A8926 ESP=0018FE28 EBP=0018FEF4 ESI=0040C4B9 EDI=0018FE48 EFLAG=00000282
0040BF11	BTC      DX, 0x4                                          EAX=5B2B9B97 ECX=77AE38FE EDX=D4C8FF00 EBX=837A8926 ESP=0018FE24 EBP=0018FEF4 ESI=0040C4B9 EDI=0018FE48 EFLAG=00000282
0040BF16	PUSH     ESP                                              EAX=5B2B9B97 ECX=77AE38FE EDX=D4C8FF10 EBX=837A8926 ESP=0018FE24 EBP=0018FEF4 ESI=0040C4B9 EDI=0018FE48 EFLAG=00000282
0040BF17	MOVZX    DX, AL                                           EAX=5B2B9B97 ECX=77AE38FE EDX=D4C8FF10 EBX=837A8926 ESP=0018FE20 EBP=0018FEF4 ESI=0040C4B9 EDI=0018FE48 EFLAG=00000282
0040BF1B	ROR      AL, 0x7                                          EAX=5B2B9B97 ECX=77AE38FE EDX=D4C80097 EBX=837A8926 ESP=0018FE20 EBP=0018FEF4 ESI=0040C4B9 EDI=0018FE48 EFLAG=00000282
0040BF1E	ROL      DH, 0x3                                          EAX=5B2B9B2F ECX=77AE38FE EDX=D4C80097 EBX=837A8926 ESP=0018FE20 EBP=0018FEF4 ESI=0040C4B9 EDI=0018FE48 EFLAG=00000282
0040BF21	SUB      AL, 0x30                                         EAX=5B2B9B2F ECX=77AE38FE EDX=D4C80097 EBX=837A8926 ESP=0018FE20 EBP=0018FEF4 ESI=0040C4B9 EDI=0018FE48 EFLAG=00000282
0040BF23	SHR      DX, 0x9                                          EAX=5B2B9BFF ECX=77AE38FE EDX=D4C80097 EBX=837A8926 ESP=0018FE20 EBP=0018FEF4 ESI=0040C4B9 EDI=0018FE48 EFLAG=00000287
0040BF27	XOR      AL, 0xce                                         EAX=5B2B9BFF ECX=77AE38FE EDX=D4C80000 EBX=837A8926 ESP=0018FE20 EBP=0018FEF4 ESI=0040C4B9 EDI=0018FE48 EFLAG=00000246
0040BF29	ADC      DL, 0xdb                                         EAX=5B2B9B31 ECX=77AE38FE EDX=D4C80000 EBX=837A8926 ESP=0018FE20 EBP=0018FEF4 ESI=0040C4B9 EDI=0018FE48 EFLAG=00000202
0040BF2C	BT       EBX, EDI                                         EAX=5B2B9B31 ECX=77AE38FE EDX=D4C800DB EBX=837A8926 ESP=0018FE20 EBP=0018FEF4 ESI=0040C4B9 EDI=0018FE48 EFLAG=00000286
0040BF2F	SETL     DH                                               EAX=5B2B9B31 ECX=77AE38FE EDX=D4C800DB EBX=837A8926 ESP=0018FE20 EBP=0018FEF4 ESI=0040C4B9 EDI=0018FE48 EFLAG=00000287
0040BF32	SUB      BL, AL                                           EAX=5B2B9B31 ECX=77AE38FE EDX=D4C801DB EBX=837A8926 ESP=0018FE20 EBP=0018FEF4 ESI=0040C4B9 EDI=0018FE48 EFLAG=00000287
0040BF34	STC                                                       EAX=5B2B9B31 ECX=77AE38FE EDX=D4C801DB EBX=837A89F5 ESP=0018FE20 EBP=0018FEF4 ESI=0040C4B9 EDI=0018FE48 EFLAG=00000287
0040BF35	MOVZX    EAX, AL                                          EAX=5B2B9B31 ECX=77AE38FE EDX=D4C801DB EBX=837A89F5 ESP=0018FE20 EBP=0018FEF4 ESI=0040C4B9 EDI=0018FE48 EFLAG=00000287
0040BF38	NOT      EDX                                              EAX=00000031 ECX=77AE38FE EDX=D4C801DB EBX=837A89F5 ESP=0018FE20 EBP=0018FEF4 ESI=0040C4B9 EDI=0018FE48 EFLAG=00000287
0040BF3A	BSF      EDX, EDI                                         EAX=00000031 ECX=77AE38FE EDX=2B37FE24 EBX=837A89F5 ESP=0018FE20 EBP=0018FEF4 ESI=0040C4B9 EDI=0018FE48 EFLAG=00000287
0040BF3E	CMC                                                       EAX=00000031 ECX=77AE38FE EDX=2B370003 EBX=837A89F5 ESP=0018FE20 EBP=0018FEF4 ESI=0040C4B9 EDI=0018FE48 EFLAG=00000206
0040BF3F	SAL      DH, CL                                           EAX=00000031 ECX=77AE38FE EDX=2B370003 EBX=837A89F5 ESP=0018FE20 EBP=0018FEF4 ESI=0040C4B9 EDI=0018FE48 EFLAG=00000207
0040BF41	MOV      EDX, [EAX*4+0x40a51f]                            EAX=00000031 ECX=77AE38FE EDX=2B370003 EBX=837A89F5 ESP=0018FE20 EBP=0018FEF4 ESI=0040C4B9 EDI=0018FE48 EFLAG=00000246
0040BF48	TEST     EDX, 0xe75c2a09                                  EAX=00000031 ECX=77AE38FE EDX=2BFA6BAA EBX=837A89F5 ESP=0018FE20 EBP=0018FEF4 ESI=0040C4B9 EDI=0018FE48 EFLAG=00000246
0040BF4E	TEST     BL, DL                                           EAX=00000031 ECX=77AE38FE EDX=2BFA6BAA EBX=837A89F5 ESP=0018FE20 EBP=0018FEF4 ESI=0040C4B9 EDI=0018FE48 EFLAG=00000202
0040BF50	SUB      EDX, 0x2bb9b71b                                  EAX=00000031 ECX=77AE38FE EDX=2BFA6BAA EBX=837A89F5 ESP=0018FE20 EBP=0018FEF4 ESI=0040C4B9 EDI=0018FE48 EFLAG=00000286
0040BF56	CALL     0x40bd78                                         EAX=00000031 ECX=77AE38FE EDX=0040B48F EBX=837A89F5 ESP=0018FE20 EBP=0018FEF4 ESI=0040C4B9 EDI=0018FE48 EFLAG=00000212
0040BD78	PUSH     EDX                                              EAX=00000031 ECX=77AE38FE EDX=0040B48F EBX=837A89F5 ESP=0018FE1C EBP=0018FEF4 ESI=0040C4B9 EDI=0018FE48 EFLAG=00000212
0040BD79	DEC      ESI                                              EAX=00000031 ECX=77AE38FE EDX=0040B48F EBX=837A89F5 ESP=0018FE18 EBP=0018FEF4 ESI=0040C4B9 EDI=0018FE48 EFLAG=00000212
0040BD7A	PUSHF                                                     EAX=00000031 ECX=77AE38FE EDX=0040B48F EBX=837A89F5 ESP=0018FE18 EBP=0018FEF4 ESI=0040C4B8 EDI=0018FE48 EFLAG=00000206
0040A91F	MOV      [ESP], DH                                        EAX=00000031 ECX=77AE38FE EDX=0040B48F EBX=837A89F5 ESP=0018FE14 EBP=0018FEF4 ESI=0040C4B8 EDI=0018FE48 EFLAG=00000206
0040A922	MOV      [ESP+0x30], EDX                                  EAX=00000031 ECX=77AE38FE EDX=0040B48F EBX=837A89F5 ESP=0018FE14 EBP=0018FEF4 ESI=0040C4B8 EDI=0018FE48 EFLAG=00000206
0040A926	MOV      [ESP], AL                                        EAX=00000031 ECX=77AE38FE EDX=0040B48F EBX=837A89F5 ESP=0018FE14 EBP=0018FEF4 ESI=0040C4B8 EDI=0018FE48 EFLAG=00000206
0040A929	PUSH     DWORD [ESP+0x30]                                 EAX=00000031 ECX=77AE38FE EDX=0040B48F EBX=837A89F5 ESP=0018FE14 EBP=0018FEF4 ESI=0040C4B8 EDI=0018FE48 EFLAG=00000206
0040A92D	RET      0x34                                             EAX=00000031 ECX=77AE38FE EDX=0040B48F EBX=837A89F5 ESP=0018FE10 EBP=0018FEF4 ESI=0040C4B8 EDI=0018FE48 EFLAG=00000206
0040B48F	NEG      AL                                               EAX=00000031 ECX=77AE38FE EDX=0040B48F EBX=837A89F5 ESP=0018FE48 EBP=0018FEF4 ESI=0040C4B8 EDI=0018FE48 EFLAG=00000206
0040B491	BTC      AX, BX                                           EAX=000000CF ECX=77AE38FE EDX=0040B48F EBX=837A89F5 ESP=0018FE48 EBP=0018FEF4 ESI=0040C4B8 EDI=0018FE48 EFLAG=00000297
0040B495	MOV      AX, [EBP+0x0]                                    EAX=000000EF ECX=77AE38FE EDX=0040B48F EBX=837A89F5 ESP=0018FE48 EBP=0018FEF4 ESI=0040C4B8 EDI=0018FE48 EFLAG=00000296
0040B499	STC                                                       EAX=00000A06 ECX=77AE38FE EDX=0040B48F EBX=837A89F5 ESP=0018FE48 EBP=0018FEF4 ESI=0040C4B8 EDI=0018FE48 EFLAG=00000296
0040B49A	SUB      EBP, 0x2                                         EAX=00000A06 ECX=77AE38FE EDX=0040B48F EBX=837A89F5 ESP=0018FE48 EBP=0018FEF4 ESI=0040C4B8 EDI=0018FE48 EFLAG=00000297
0040B49D	PUSH     EDI                                              EAX=00000A06 ECX=77AE38FE EDX=0040B48F EBX=837A89F5 ESP=0018FE48 EBP=0018FEF2 ESI=0040C4B8 EDI=0018FE48 EFLAG=00000202
0040B49E	TEST     BH, CH                                           EAX=00000A06 ECX=77AE38FE EDX=0040B48F EBX=837A89F5 ESP=0018FE44 EBP=0018FEF2 ESI=0040C4B8 EDI=0018FE48 EFLAG=00000202
0040B4A0	ADD      [EBP+0x4], AX                                    EAX=00000A06 ECX=77AE38FE EDX=0040B48F EBX=837A89F5 ESP=0018FE44 EBP=0018FEF2 ESI=0040C4B8 EDI=0018FE48 EFLAG=00000202
0040AECD	MOV      [ESP], AH                                        EAX=00000A06 ECX=77AE38FE EDX=0040B48F EBX=837A89F5 ESP=0018FE44 EBP=0018FEF2 ESI=0040C4B8 EDI=0018FE48 EFLAG=00000206
0040AED0	PUSHF                                                     EAX=00000A06 ECX=77AE38FE EDX=0040B48F EBX=837A89F5 ESP=0018FE44 EBP=0018FEF2 ESI=0040C4B8 EDI=0018FE48 EFLAG=00000206
0040AED1	POP      DWORD [ESP]                                      EAX=00000A06 ECX=77AE38FE EDX=0040B48F EBX=837A89F5 ESP=0018FE40 EBP=0018FEF2 ESI=0040C4B8 EDI=0018FE48 EFLAG=00000206
0040AED4	PUSHA                                                     EAX=00000A06 ECX=77AE38FE EDX=0040B48F EBX=837A89F5 ESP=0018FE44 EBP=0018FEF2 ESI=0040C4B8 EDI=0018FE48 EFLAG=00000206
0040AED5	CALL     0x40b973                                         EAX=00000A06 ECX=77AE38FE EDX=0040B48F EBX=837A89F5 ESP=0018FE24 EBP=0018FEF2 ESI=0040C4B8 EDI=0018FE48 EFLAG=00000206
0040B973	PUSH     DWORD [ESP+0x24]                                 EAX=00000A06 ECX=77AE38FE EDX=0040B48F EBX=837A89F5 ESP=0018FE20 EBP=0018FEF2 ESI=0040C4B8 EDI=0018FE48 EFLAG=00000206
0040B977	POP      DWORD [EBP+0x0]                                  EAX=00000A06 ECX=77AE38FE EDX=0040B48F EBX=837A89F5 ESP=0018FE1C EBP=0018FEF2 ESI=0040C4B8 EDI=0018FE48 EFLAG=00000206
0040B97A	PUSH     DWORD [ESP]                                      EAX=00000A06 ECX=77AE38FE EDX=0040B48F EBX=837A89F5 ESP=0018FE20 EBP=0018FEF2 ESI=0040C4B8 EDI=0018FE48 EFLAG=00000206
0040B97D	LEA      ESP, [ESP+0x2c]                                  EAX=00000A06 ECX=77AE38FE EDX=0040B48F EBX=837A89F5 ESP=0018FE1C EBP=0018FEF2 ESI=0040C4B8 EDI=0018FE48 EFLAG=00000206
0040C360	TEST     DH, 0x76                                         EAX=00000A06 ECX=77AE38FE EDX=0040B48F EBX=837A89F5 ESP=0018FE48 EBP=0018FEF2 ESI=0040C4B8 EDI=0018FE48 EFLAG=00000206
0040C363	LEA      EAX, [EDI+0x50]                                  EAX=00000A06 ECX=77AE38FE EDX=0040B48F EBX=837A89F5 ESP=0018FE48 EBP=0018FEF2 ESI=0040C4B8 EDI=0018FE48 EFLAG=00000202
0040C366	PUSH     DWORD 0xa76b4735                                 EAX=0018FE98 ECX=77AE38FE EDX=0040B48F EBX=837A89F5 ESP=0018FE48 EBP=0018FEF2 ESI=0040C4B8 EDI=0018FE48 EFLAG=00000202
0040C36B	STC                                                       EAX=0018FE98 ECX=77AE38FE EDX=0040B48F EBX=837A89F5 ESP=0018FE44 EBP=0018FEF2 ESI=0040C4B8 EDI=0018FE48 EFLAG=00000202
0040C36C	CMP      EBP, EAX                                         EAX=0018FE98 ECX=77AE38FE EDX=0040B48F EBX=837A89F5 ESP=0018FE44 EBP=0018FEF2 ESI=0040C4B8 EDI=0018FE48 EFLAG=00000203
0040C36E	PUSH     DWORD 0xbe8fd443                                 EAX=0018FE98 ECX=77AE38FE EDX=0040B48F EBX=837A89F5 ESP=0018FE44 EBP=0018FEF2 ESI=0040C4B8 EDI=0018FE48 EFLAG=00000216
0040C373	LEA      ESP, [ESP+0x8]                                   EAX=0018FE98 ECX=77AE38FE EDX=0040B48F EBX=837A89F5 ESP=0018FE40 EBP=0018FEF2 ESI=0040C4B8 EDI=0018FE48 EFLAG=00000216
0040C377	JA       0x40befd                                         EAX=0018FE98 ECX=77AE38FE EDX=0040B48F EBX=837A89F5 ESP=0018FE48 EBP=0018FEF2 ESI=0040C4B8 EDI=0018FE48 EFLAG=00000216
0040BEFD	BSWAP    DX                                               EAX=0018FE98 ECX=77AE38FE EDX=0040B48F EBX=837A89F5 ESP=0018FE48 EBP=0018FEF2 ESI=0040C4B8 EDI=0018FE48 EFLAG=00000216
0040BF00	RCL      DL, CL                                           EAX=0018FE98 ECX=77AE38FE EDX=00400000 EBX=837A89F5 ESP=0018FE48 EBP=0018FEF2 ESI=0040C4B8 EDI=0018FE48 EFLAG=00000216
0040BF02	PUSHA                                                     EAX=0018FE98 ECX=77AE38FE EDX=00400000 EBX=837A89F5 ESP=0018FE48 EBP=0018FEF2 ESI=0040C4B8 EDI=0018FE48 EFLAG=00000216
0040BF03	AND      EDX, 0xfdc85d80                                  EAX=0018FE98 ECX=77AE38FE EDX=00400000 EBX=837A89F5 ESP=0018FE28 EBP=0018FEF2 ESI=0040C4B8 EDI=0018FE48 EFLAG=00000216
0040BF09	MOV      AL, [ESI-0x1]                                    EAX=0018FE98 ECX=77AE38FE EDX=00400000 EBX=837A89F5 ESP=0018FE28 EBP=0018FEF2 ESI=0040C4B8 EDI=0018FE48 EFLAG=00000206
0040BF0C	DEC      DH                                               EAX=0018FE04 ECX=77AE38FE EDX=00400000 EBX=837A89F5 ESP=0018FE28 EBP=0018FEF2 ESI=0040C4B8 EDI=0018FE48 EFLAG=00000206
0040BF0E	SUB      AL, BL                                           EAX=0018FE04 ECX=77AE38FE EDX=0040FF00 EBX=837A89F5 ESP=0018FE28 EBP=0018FEF2 ESI=0040C4B8 EDI=0018FE48 EFLAG=00000296
0040BF10	PUSHF                                                     EAX=0018FE0F ECX=77AE38FE EDX=0040FF00 EBX=837A89F5 ESP=0018FE28 EBP=0018FEF2 ESI=0040C4B8 EDI=0018FE48 EFLAG=00000217
0040BF11	BTC      DX, 0x4                                          EAX=0018FE0F ECX=77AE38FE EDX=0040FF00 EBX=837A89F5 ESP=0018FE24 EBP=0018FEF2 ESI=0040C4B8 EDI=0018FE48 EFLAG=00000217
0040BF16	PUSH     ESP                                              EAX=0018FE0F ECX=77AE38FE EDX=0040FF10 EBX=837A89F5 ESP=0018FE24 EBP=0018FEF2 ESI=0040C4B8 EDI=0018FE48 EFLAG=00000216
0040BF17	MOVZX    DX, AL                                           EAX=0018FE0F ECX=77AE38FE EDX=0040FF10 EBX=837A89F5 ESP=0018FE20 EBP=0018FEF2 ESI=0040C4B8 EDI=0018FE48 EFLAG=00000216
0040BF1B	ROR      AL, 0x7                                          EAX=0018FE0F ECX=77AE38FE EDX=0040000F EBX=837A89F5 ESP=0018FE20 EBP=0018FEF2 ESI=0040C4B8 EDI=0018FE48 EFLAG=00000216
0040BF1E	ROL      DH, 0x3                                          EAX=0018FE1E ECX=77AE38FE EDX=0040000F EBX=837A89F5 ESP=0018FE20 EBP=0018FEF2 ESI=0040C4B8 EDI=0018FE48 EFLAG=00000216
0040BF21	SUB      AL, 0x30                                         EAX=0018FE1E ECX=77AE38FE EDX=0040000F EBX=837A89F5 ESP=0018FE20 EBP=0018FEF2 ESI=0040C4B8 EDI=0018FE48 EFLAG=00000216
0040BF23	SHR      DX, 0x9                                          EAX=0018FEEE ECX=77AE38FE EDX=0040000F EBX=837A89F5 ESP=0018FE20 EBP=0018FEF2 ESI=0040C4B8 EDI=0018FE48 EFLAG=00000287
0040BF27	XOR      AL, 0xce                                         EAX=0018FEEE ECX=77AE38FE EDX=00400000 EBX=837A89F5 ESP=0018FE20 EBP=0018FEF2 ESI=0040C4B8 EDI=0018FE48 EFLAG=00000246
0040BF29	ADC      DL, 0xdb                                         EAX=0018FE20 ECX=77AE38FE EDX=00400000 EBX=837A89F5 ESP=0018FE20 EBP=0018FEF2 ESI=0040C4B8 EDI=0018FE48 EFLAG=00000202
0040BF2C	BT       EBX, EDI                                         EAX=0018FE20 ECX=77AE38FE EDX=004000DB EBX=837A89F5 ESP=0018FE20 EBP=0018FEF2 ESI=0040C4B8 EDI=0018FE48 EFLAG=00000286
0040BF2F	SETL     DH                                               EAX=0018FE20 ECX=77AE38FE EDX=004000DB EBX=837A89F5 ESP=0018FE20 EBP=0018FEF2 ESI=0040C4B8 EDI=0018FE48 EFLAG=00000287
0040BF32	SUB      BL, AL                                           EAX=0018FE20 ECX=77AE38FE EDX=004001DB EBX=837A89F5 ESP=0018FE20 EBP=0018FEF2 ESI=0040C4B8 EDI=0018FE48 EFLAG=00000287
0040BF34	STC                                                       EAX=0018FE20 ECX=77AE38FE EDX=004001DB EBX=837A89D5 ESP=0018FE20 EBP=0018FEF2 ESI=0040C4B8 EDI=0018FE48 EFLAG=00000282
0040BF35	MOVZX    EAX, AL                                          EAX=0018FE20 ECX=77AE38FE EDX=004001DB EBX=837A89D5 ESP=0018FE20 EBP=0018FEF2 ESI=0040C4B8 EDI=0018FE48 EFLAG=00000283
0040BF38	NOT      EDX                                              EAX=00000020 ECX=77AE38FE EDX=004001DB EBX=837A89D5 ESP=0018FE20 EBP=0018FEF2 ESI=0040C4B8 EDI=0018FE48 EFLAG=00000283
0040BF3A	BSF      EDX, EDI                                         EAX=00000020 ECX=77AE38FE EDX=FFBFFE24 EBX=837A89D5 ESP=0018FE20 EBP=0018FEF2 ESI=0040C4B8 EDI=0018FE48 EFLAG=00000283
0040BF3E	CMC                                                       EAX=00000020 ECX=77AE38FE EDX=FFBF0003 EBX=837A89D5 ESP=0018FE20 EBP=0018FEF2 ESI=0040C4B8 EDI=0018FE48 EFLAG=00000206
0040BF3F	SAL      DH, CL                                           EAX=00000020 ECX=77AE38FE EDX=FFBF0003 EBX=837A89D5 ESP=0018FE20 EBP=0018FEF2 ESI=0040C4B8 EDI=0018FE48 EFLAG=00000207
0040BF41	MOV      EDX, [EAX*4+0x40a51f]                            EAX=00000020 ECX=77AE38FE EDX=FFBF0003 EBX=837A89D5 ESP=0018FE20 EBP=0018FEF2 ESI=0040C4B8 EDI=0018FE48 EFLAG=00000246
0040BF48	TEST     EDX, 0xe75c2a09                                  EAX=00000020 ECX=77AE38FE EDX=2BFA744D EBX=837A89D5 ESP=0018FE20 EBP=0018FEF2 ESI=0040C4B8 EDI=0018FE48 EFLAG=00000246
0040BF4E	TEST     BL, DL                                           EAX=00000020 ECX=77AE38FE EDX=2BFA744D EBX=837A89D5 ESP=0018FE20 EBP=0018FEF2 ESI=0040C4B8 EDI=0018FE48 EFLAG=00000206
0040BF50	SUB      EDX, 0x2bb9b71b                                  EAX=00000020 ECX=77AE38FE EDX=2BFA744D EBX=837A89D5 ESP=0018FE20 EBP=0018FEF2 ESI=0040C4B8 EDI=0018FE48 EFLAG=00000202
0040BF56	CALL     0x40bd78                                         EAX=00000020 ECX=77AE38FE EDX=0040BD32 EBX=837A89D5 ESP=0018FE20 EBP=0018FEF2 ESI=0040C4B8 EDI=0018FE48 EFLAG=00000202
0040BD78	PUSH     EDX                                              EAX=00000020 ECX=77AE38FE EDX=0040BD32 EBX=837A89D5 ESP=0018FE1C EBP=0018FEF2 ESI=0040C4B8 EDI=0018FE48 EFLAG=00000202
0040BD79	DEC      ESI                                              EAX=00000020 ECX=77AE38FE EDX=0040BD32 EBX=837A89D5 ESP=0018FE18 EBP=0018FEF2 ESI=0040C4B8 EDI=0018FE48 EFLAG=00000202
0040BD7A	PUSHF                                                     EAX=00000020 ECX=77AE38FE EDX=0040BD32 EBX=837A89D5 ESP=0018FE18 EBP=0018FEF2 ESI=0040C4B7 EDI=0018FE48 EFLAG=00000206
0040A91F	MOV      [ESP], DH                                        EAX=00000020 ECX=77AE38FE EDX=0040BD32 EBX=837A89D5 ESP=0018FE14 EBP=0018FEF2 ESI=0040C4B7 EDI=0018FE48 EFLAG=00000206
0040A922	MOV      [ESP+0x30], EDX                                  EAX=00000020 ECX=77AE38FE EDX=0040BD32 EBX=837A89D5 ESP=0018FE14 EBP=0018FEF2 ESI=0040C4B7 EDI=0018FE48 EFLAG=00000206
0040A926	MOV      [ESP], AL                                        EAX=00000020 ECX=77AE38FE EDX=0040BD32 EBX=837A89D5 ESP=0018FE14 EBP=0018FEF2 ESI=0040C4B7 EDI=0018FE48 EFLAG=00000206
0040A929	PUSH     DWORD [ESP+0x30]                                 EAX=00000020 ECX=77AE38FE EDX=0040BD32 EBX=837A89D5 ESP=0018FE14 EBP=0018FEF2 ESI=0040C4B7 EDI=0018FE48 EFLAG=00000206
0040A92D	RET      0x34                                             EAX=00000020 ECX=77AE38FE EDX=0040BD32 EBX=837A89D5 ESP=0018FE10 EBP=0018FEF2 ESI=0040C4B7 EDI=0018FE48 EFLAG=00000206
0040BD32	BTR      AX, SP                                           EAX=00000020 ECX=77AE38FE EDX=0040BD32 EBX=837A89D5 ESP=0018FE48 EBP=0018FEF2 ESI=0040C4B7 EDI=0018FE48 EFLAG=00000206
0040BD36	BT       DX, 0x1                                          EAX=00000020 ECX=77AE38FE EDX=0040BD32 EBX=837A89D5 ESP=0018FE48 EBP=0018FEF2 ESI=0040C4B7 EDI=0018FE48 EFLAG=00000206
0040BD3B	MOV      EAX, [EBP+0x0]                                   EAX=00000020 ECX=77AE38FE EDX=0040BD32 EBX=837A89D5 ESP=0018FE48 EBP=0018FEF2 ESI=0040C4B7 EDI=0018FE48 EFLAG=00000207
0040BD3E	TEST     AH, CH                                           EAX=00000206 ECX=77AE38FE EDX=0040BD32 EBX=837A89D5 ESP=0018FE48 EBP=0018FEF2 ESI=0040C4B7 EDI=0018FE48 EFLAG=00000207
0040BD40	SUB      DL, DH                                           EAX=00000206 ECX=77AE38FE EDX=0040BD32 EBX=837A89D5 ESP=0018FE48 EBP=0018FEF2 ESI=0040C4B7 EDI=0018FE48 EFLAG=00000246
0040BD42	PUSHA                                                     EAX=00000206 ECX=77AE38FE EDX=0040BD75 EBX=837A89D5 ESP=0018FE48 EBP=0018FEF2 ESI=0040C4B7 EDI=0018FE48 EFLAG=00000213
0040BD43	ROL      DL, CL                                           EAX=00000206 ECX=77AE38FE EDX=0040BD75 EBX=837A89D5 ESP=0018FE28 EBP=0018FEF2 ESI=0040C4B7 EDI=0018FE48 EFLAG=00000213
0040BD45	MOV      DL, [EBP+0x4]                                    EAX=00000206 ECX=77AE38FE EDX=0040BD5D EBX=837A89D5 ESP=0018FE28 EBP=0018FEF2 ESI=0040C4B7 EDI=0018FE48 EFLAG=00000A13
0040BD48	BT       DI, AX                                           EAX=00000206 ECX=77AE38FE EDX=0040BD06 EBX=837A89D5 ESP=0018FE28 EBP=0018FEF2 ESI=0040C4B7 EDI=0018FE48 EFLAG=00000A13
0040BD4C	CLC                                                       EAX=00000206 ECX=77AE38FE EDX=0040BD06 EBX=837A89D5 ESP=0018FE28 EBP=0018FEF2 ESI=0040C4B7 EDI=0018FE48 EFLAG=00000A13
0040BD4D	CMP      BH, BL                                           EAX=00000206 ECX=77AE38FE EDX=0040BD06 EBX=837A89D5 ESP=0018FE28 EBP=0018FEF2 ESI=0040C4B7 EDI=0018FE48 EFLAG=00000A12
0040BD4F	PUSH     DWORD 0xbfd09db7                                 EAX=00000206 ECX=77AE38FE EDX=0040BD06 EBX=837A89D5 ESP=0018FE28 EBP=0018FEF2 ESI=0040C4B7 EDI=0018FE48 EFLAG=00000287
0040BD54	ADD      EBP, 0x6                                         EAX=00000206 ECX=77AE38FE EDX=0040BD06 EBX=837A89D5 ESP=0018FE24 EBP=0018FEF2 ESI=0040C4B7 EDI=0018FE48 EFLAG=00000287
0040BD57	PUSH     EBX                                              EAX=00000206 ECX=77AE38FE EDX=0040BD06 EBX=837A89D5 ESP=0018FE24 EBP=0018FEF8 ESI=0040C4B7 EDI=0018FE48 EFLAG=00000202
0040BD58	MOV      [ESP+0x10], DH                                   EAX=00000206 ECX=77AE38FE EDX=0040BD06 EBX=837A89D5 ESP=0018FE20 EBP=0018FEF8 ESI=0040C4B7 EDI=0018FE48 EFLAG=00000202
0040BD5C	MOV      [ESP], DL                                        EAX=00000206 ECX=77AE38FE EDX=0040BD06 EBX=837A89D5 ESP=0018FE20 EBP=0018FEF8 ESI=0040C4B7 EDI=0018FE48 EFLAG=00000202
0040BD5F	MOV      BYTE [ESP+0xc], 0xa3                             EAX=00000206 ECX=77AE38FE EDX=0040BD06 EBX=837A89D5 ESP=0018FE20 EBP=0018FEF8 ESI=0040C4B7 EDI=0018FE48 EFLAG=00000202
0040BD64	MOV      [EAX], DL                                        EAX=00000206 ECX=77AE38FE EDX=0040BD06 EBX=837A89D5 ESP=0018FE20 EBP=0018FEF8 ESI=0040C4B7 EDI=0018FE48 EFLAG=00000202
0040BD66	MOV      [ESP], DH                                        EAX=00000206 ECX=77AE38FE EDX=0040BD06 EBX=837A89D5 ESP=0018FE20 EBP=0018FEF8 ESI=0040C4B7 EDI=0018FE48 EFLAG=00000202
0040BD69	MOV      WORD [ESP], 0xbc79                               EAX=00000206 ECX=77AE38FE EDX=0040BD06 EBX=837A89D5 ESP=0018FE20 EBP=0018FEF8 ESI=0040C4B7 EDI=0018FE48 EFLAG=00000202
0040BD6F	LEA      ESP, [ESP+0x28]                                  EAX=00000206 ECX=77AE38FE EDX=0040BD06 EBX=837A89D5 ESP=0018FE20 EBP=0018FEF8 ESI=0040C4B7 EDI=0018FE48 EFLAG=00000202
0040BEFD	BSWAP    DX                                               EAX=00000206 ECX=77AE38FE EDX=0040BD06 EBX=837A89D5 ESP=0018FE48 EBP=0018FEF8 ESI=0040C4B7 EDI=0018FE48 EFLAG=00000202
0040BF00	RCL      DL, CL                                           EAX=00000206 ECX=77AE38FE EDX=00400000 EBX=837A89D5 ESP=0018FE48 EBP=0018FEF8 ESI=0040C4B7 EDI=0018FE48 EFLAG=00000202
0040BF02	PUSHA                                                     EAX=00000206 ECX=77AE38FE EDX=00400000 EBX=837A89D5 ESP=0018FE48 EBP=0018FEF8 ESI=0040C4B7 EDI=0018FE48 EFLAG=00000202
0040BF03	AND      EDX, 0xfdc85d80                                  EAX=00000206 ECX=77AE38FE EDX=00400000 EBX=837A89D5 ESP=0018FE28 EBP=0018FEF8 ESI=0040C4B7 EDI=0018FE48 EFLAG=00000202
0040BF09	MOV      AL, [ESI-0x1]                                    EAX=00000206 ECX=77AE38FE EDX=00400000 EBX=837A89D5 ESP=0018FE28 EBP=0018FEF8 ESI=0040C4B7 EDI=0018FE48 EFLAG=00000206
0040BF0C	DEC      DH                                               EAX=00000224 ECX=77AE38FE EDX=00400000 EBX=837A89D5 ESP=0018FE28 EBP=0018FEF8 ESI=0040C4B7 EDI=0018FE48 EFLAG=00000206
0040BF0E	SUB      AL, BL                                           EAX=00000224 ECX=77AE38FE EDX=0040FF00 EBX=837A89D5 ESP=0018FE28 EBP=0018FEF8 ESI=0040C4B7 EDI=0018FE48 EFLAG=00000296
0040BF10	PUSHF                                                     EAX=0000024F ECX=77AE38FE EDX=0040FF00 EBX=837A89D5 ESP=0018FE28 EBP=0018FEF8 ESI=0040C4B7 EDI=0018FE48 EFLAG=00000213
0040BF11	BTC      DX, 0x4                                          EAX=0000024F ECX=77AE38FE EDX=0040FF00 EBX=837A89D5 ESP=0018FE24 EBP=0018FEF8 ESI=0040C4B7 EDI=0018FE48 EFLAG=00000213
0040BF16	PUSH     ESP                                              EAX=0000024F ECX=77AE38FE EDX=0040FF10 EBX=837A89D5 ESP=0018FE24 EBP=0018FEF8 ESI=0040C4B7 EDI=0018FE48 EFLAG=00000212
0040BF17	MOVZX    DX, AL                                           EAX=0000024F ECX=77AE38FE EDX=0040FF10 EBX=837A89D5 ESP=0018FE20 EBP=0018FEF8 ESI=0040C4B7 EDI=0018FE48 EFLAG=00000212
0040BF1B	ROR      AL, 0x7                                          EAX=0000024F ECX=77AE38FE EDX=0040004F EBX=837A89D5 ESP=0018FE20 EBP=0018FEF8 ESI=0040C4B7 EDI=0018FE48 EFLAG=00000212
0040BF1E	ROL      DH, 0x3                                          EAX=0000029E ECX=77AE38FE EDX=0040004F EBX=837A89D5 ESP=0018FE20 EBP=0018FEF8 ESI=0040C4B7 EDI=0018FE48 EFLAG=00000A13
0040BF21	SUB      AL, 0x30                                         EAX=0000029E ECX=77AE38FE EDX=0040004F EBX=837A89D5 ESP=0018FE20 EBP=0018FEF8 ESI=0040C4B7 EDI=0018FE48 EFLAG=00000212
0040BF23	SHR      DX, 0x9                                          EAX=0000026E ECX=77AE38FE EDX=0040004F EBX=837A89D5 ESP=0018FE20 EBP=0018FEF8 ESI=0040C4B7 EDI=0018FE48 EFLAG=00000A02
0040BF27	XOR      AL, 0xce                                         EAX=0000026E ECX=77AE38FE EDX=00400000 EBX=837A89D5 ESP=0018FE20 EBP=0018FEF8 ESI=0040C4B7 EDI=0018FE48 EFLAG=00000246
0040BF29	ADC      DL, 0xdb                                         EAX=000002A0 ECX=77AE38FE EDX=00400000 EBX=837A89D5 ESP=0018FE20 EBP=0018FEF8 ESI=0040C4B7 EDI=0018FE48 EFLAG=00000286
0040BF2C	BT       EBX, EDI                                         EAX=000002A0 ECX=77AE38FE EDX=004000DB EBX=837A89D5 ESP=0018FE20 EBP=0018FEF8 ESI=0040C4B7 EDI=0018FE48 EFLAG=00000286
0040BF2F	SETL     DH                                               EAX=000002A0 ECX=77AE38FE EDX=004000DB EBX=837A89D5 ESP=0018FE20 EBP=0018FEF8 ESI=0040C4B7 EDI=0018FE48 EFLAG=00000287
0040BF32	SUB      BL, AL                                           EAX=000002A0 ECX=77AE38FE EDX=004001DB EBX=837A89D5 ESP=0018FE20 EBP=0018FEF8 ESI=0040C4B7 EDI=0018FE48 EFLAG=00000287
0040BF34	STC                                                       EAX=000002A0 ECX=77AE38FE EDX=004001DB EBX=837A8935 ESP=0018FE20 EBP=0018FEF8 ESI=0040C4B7 EDI=0018FE48 EFLAG=00000206
0040BF35	MOVZX    EAX, AL                                          EAX=000002A0 ECX=77AE38FE EDX=004001DB EBX=837A8935 ESP=0018FE20 EBP=0018FEF8 ESI=0040C4B7 EDI=0018FE48 EFLAG=00000207
0040BF38	NOT      EDX                                              EAX=000000A0 ECX=77AE38FE EDX=004001DB EBX=837A8935 ESP=0018FE20 EBP=0018FEF8 ESI=0040C4B7 EDI=0018FE48 EFLAG=00000207
0040BF3A	BSF      EDX, EDI                                         EAX=000000A0 ECX=77AE38FE EDX=FFBFFE24 EBX=837A8935 ESP=0018FE20 EBP=0018FEF8 ESI=0040C4B7 EDI=0018FE48 EFLAG=00000207
0040BF3E	CMC                                                       EAX=000000A0 ECX=77AE38FE EDX=FFBF0003 EBX=837A8935 ESP=0018FE20 EBP=0018FEF8 ESI=0040C4B7 EDI=0018FE48 EFLAG=00000206
0040BF3F	SAL      DH, CL                                           EAX=000000A0 ECX=77AE38FE EDX=FFBF0003 EBX=837A8935 ESP=0018FE20 EBP=0018FEF8 ESI=0040C4B7 EDI=0018FE48 EFLAG=00000207
0040BF41	MOV      EDX, [EAX*4+0x40a51f]                            EAX=000000A0 ECX=77AE38FE EDX=FFBF0003 EBX=837A8935 ESP=0018FE20 EBP=0018FEF8 ESI=0040C4B7 EDI=0018FE48 EFLAG=00000246
0040BF48	TEST     EDX, 0xe75c2a09                                  EAX=000000A0 ECX=77AE38FE EDX=2BFA61D9 EBX=837A8935 ESP=0018FE20 EBP=0018FEF8 ESI=0040C4B7 EDI=0018FE48 EFLAG=00000246
0040BF4E	TEST     BL, DL                                           EAX=000000A0 ECX=77AE38FE EDX=2BFA61D9 EBX=837A8935 ESP=0018FE20 EBP=0018FEF8 ESI=0040C4B7 EDI=0018FE48 EFLAG=00000206
0040BF50	SUB      EDX, 0x2bb9b71b                                  EAX=000000A0 ECX=77AE38FE EDX=2BFA61D9 EBX=837A8935 ESP=0018FE20 EBP=0018FEF8 ESI=0040C4B7 EDI=0018FE48 EFLAG=00000206
0040BF56	CALL     0x40bd78                                         EAX=000000A0 ECX=77AE38FE EDX=0040AABE EBX=837A8935 ESP=0018FE20 EBP=0018FEF8 ESI=0040C4B7 EDI=0018FE48 EFLAG=00000216
0040BD78	PUSH     EDX                                              EAX=000000A0 ECX=77AE38FE EDX=0040AABE EBX=837A8935 ESP=0018FE1C EBP=0018FEF8 ESI=0040C4B7 EDI=0018FE48 EFLAG=00000216
0040BD79	DEC      ESI                                              EAX=000000A0 ECX=77AE38FE EDX=0040AABE EBX=837A8935 ESP=0018FE18 EBP=0018FEF8 ESI=0040C4B7 EDI=0018FE48 EFLAG=00000216
0040BD7A	PUSHF                                                     EAX=000000A0 ECX=77AE38FE EDX=0040AABE EBX=837A8935 ESP=0018FE18 EBP=0018FEF8 ESI=0040C4B6 EDI=0018FE48 EFLAG=00000202
0040A91F	MOV      [ESP], DH                                        EAX=000000A0 ECX=77AE38FE EDX=0040AABE EBX=837A8935 ESP=0018FE14 EBP=0018FEF8 ESI=0040C4B6 EDI=0018FE48 EFLAG=00000202
0040A922	MOV      [ESP+0x30], EDX                                  EAX=000000A0 ECX=77AE38FE EDX=0040AABE EBX=837A8935 ESP=0018FE14 EBP=0018FEF8 ESI=0040C4B6 EDI=0018FE48 EFLAG=00000202
0040A926	MOV      [ESP], AL                                        EAX=000000A0 ECX=77AE38FE EDX=0040AABE EBX=837A8935 ESP=0018FE14 EBP=0018FEF8 ESI=0040C4B6 EDI=0018FE48 EFLAG=00000202
0040A929	PUSH     DWORD [ESP+0x30]                                 EAX=000000A0 ECX=77AE38FE EDX=0040AABE EBX=837A8935 ESP=0018FE14 EBP=0018FEF8 ESI=0040C4B6 EDI=0018FE48 EFLAG=00000202
0040A92D	RET      0x34                                             EAX=000000A0 ECX=77AE38FE EDX=0040AABE EBX=837A8935 ESP=0018FE10 EBP=0018FEF8 ESI=0040C4B6 EDI=0018FE48 EFLAG=00000202
0040AABE	BSR      EAX, EBP                                         EAX=000000A0 ECX=77AE38FE EDX=0040AABE EBX=837A8935 ESP=0018FE48 EBP=0018FEF8 ESI=0040C4B6 EDI=0018FE48 EFLAG=00000202
0040AAC2	MOV      EAX, [EBP+0x0]                                   EAX=0000000F ECX=77AE38FE EDX=0040AABE EBX=837A8935 ESP=0018FE48 EBP=0018FEF8 ESI=0040C4B6 EDI=0018FE48 EFLAG=00000206
0040AAC5	CALL     0x40b895                                         EAX=5B2B9BA5 ECX=77AE38FE EDX=0040AABE EBX=837A8935 ESP=0018FE48 EBP=0018FEF8 ESI=0040C4B6 EDI=0018FE48 EFLAG=00000206
0040B895	ADD      [EBP+0x4], EAX                                   EAX=5B2B9BA5 ECX=77AE38FE EDX=0040AABE EBX=837A8935 ESP=0018FE44 EBP=0018FEF8 ESI=0040C4B6 EDI=0018FE48 EFLAG=00000206
0040B898	CALL     0x40b608                                         EAX=5B2B9BA5 ECX=77AE38FE EDX=0040AABE EBX=837A8935 ESP=0018FE44 EBP=0018FEF8 ESI=0040C4B6 EDI=0018FE48 EFLAG=00000206
0040B608	CALL     0x40ac35                                         EAX=5B2B9BA5 ECX=77AE38FE EDX=0040AABE EBX=837A8935 ESP=0018FE40 EBP=0018FEF8 ESI=0040C4B6 EDI=0018FE48 EFLAG=00000206
0040AC35	PUSHF                                                     EAX=5B2B9BA5 ECX=77AE38FE EDX=0040AABE EBX=837A8935 ESP=0018FE3C EBP=0018FEF8 ESI=0040C4B6 EDI=0018FE48 EFLAG=00000206
0040AC36	POP      DWORD [ESP+0x8]                                  EAX=5B2B9BA5 ECX=77AE38FE EDX=0040AABE EBX=837A8935 ESP=0018FE38 EBP=0018FEF8 ESI=0040C4B6 EDI=0018FE48 EFLAG=00000206
0040AC3A	PUSHA                                                     EAX=5B2B9BA5 ECX=77AE38FE EDX=0040AABE EBX=837A8935 ESP=0018FE3C EBP=0018FEF8 ESI=0040C4B6 EDI=0018FE48 EFLAG=00000206
0040AC3B	PUSH     DWORD [ESP+0x4]                                  EAX=5B2B9BA5 ECX=77AE38FE EDX=0040AABE EBX=837A8935 ESP=0018FE1C EBP=0018FEF8 ESI=0040C4B6 EDI=0018FE48 EFLAG=00000206
0040AC3F	PUSH     DWORD [ESP+0x2c]                                 EAX=5B2B9BA5 ECX=77AE38FE EDX=0040AABE EBX=837A8935 ESP=0018FE18 EBP=0018FEF8 ESI=0040C4B6 EDI=0018FE48 EFLAG=00000206
0040AC43	POP      DWORD [EBP+0x0]                                  EAX=5B2B9BA5 ECX=77AE38FE EDX=0040AABE EBX=837A8935 ESP=0018FE14 EBP=0018FEF8 ESI=0040C4B6 EDI=0018FE48 EFLAG=00000206
0040AC46	MOV      BYTE [ESP+0x4], 0x7f                             EAX=5B2B9BA5 ECX=77AE38FE EDX=0040AABE EBX=837A8935 ESP=0018FE18 EBP=0018FEF8 ESI=0040C4B6 EDI=0018FE48 EFLAG=00000206
0040AC4B	LEA      ESP, [ESP+0x30]                                  EAX=5B2B9BA5 ECX=77AE38FE EDX=0040AABE EBX=837A8935 ESP=0018FE18 EBP=0018FEF8 ESI=0040C4B6 EDI=0018FE48 EFLAG=00000206
0040BEFD	BSWAP    DX                                               EAX=5B2B9BA5 ECX=77AE38FE EDX=0040AABE EBX=837A8935 ESP=0018FE48 EBP=0018FEF8 ESI=0040C4B6 EDI=0018FE48 EFLAG=00000206
0040BF00	RCL      DL, CL                                           EAX=5B2B9BA5 ECX=77AE38FE EDX=00400000 EBX=837A8935 ESP=0018FE48 EBP=0018FEF8 ESI=0040C4B6 EDI=0018FE48 EFLAG=00000206
0040BF02	PUSHA                                                     EAX=5B2B9BA5 ECX=77AE38FE EDX=00400000 EBX=837A8935 ESP=0018FE48 EBP=0018FEF8 ESI=0040C4B6 EDI=0018FE48 EFLAG=00000206
0040BF03	AND      EDX, 0xfdc85d80                                  EAX=5B2B9BA5 ECX=77AE38FE EDX=00400000 EBX=837A8935 ESP=0018FE28 EBP=0018FEF8 ESI=0040C4B6 EDI=0018FE48 EFLAG=00000206
0040BF09	MOV      AL, [ESI-0x1]                                    EAX=5B2B9BA5 ECX=77AE38FE EDX=00400000 EBX=837A8935 ESP=0018FE28 EBP=0018FEF8 ESI=0040C4B6 EDI=0018FE48 EFLAG=00000206
0040BF0C	DEC      DH                                               EAX=5B2B9B44 ECX=77AE38FE EDX=00400000 EBX=837A8935 ESP=0018FE28 EBP=0018FEF8 ESI=0040C4B6 EDI=0018FE48 EFLAG=00000206
0040BF0E	SUB      AL, BL                                           EAX=5B2B9B44 ECX=77AE38FE EDX=0040FF00 EBX=837A8935 ESP=0018FE28 EBP=0018FEF8 ESI=0040C4B6 EDI=0018FE48 EFLAG=00000296
0040BF10	PUSHF                                                     EAX=5B2B9B0F ECX=77AE38FE EDX=0040FF00 EBX=837A8935 ESP=0018FE28 EBP=0018FEF8 ESI=0040C4B6 EDI=0018FE48 EFLAG=00000216
0040BF11	BTC      DX, 0x4                                          EAX=5B2B9B0F ECX=77AE38FE EDX=0040FF00 EBX=837A8935 ESP=0018FE24 EBP=0018FEF8 ESI=0040C4B6 EDI=0018FE48 EFLAG=00000216
0040BF16	PUSH     ESP                                              EAX=5B2B9B0F ECX=77AE38FE EDX=0040FF10 EBX=837A8935 ESP=0018FE24 EBP=0018FEF8 ESI=0040C4B6 EDI=0018FE48 EFLAG=00000216
0040BF17	MOVZX    DX, AL                                           EAX=5B2B9B0F ECX=77AE38FE EDX=0040FF10 EBX=837A8935 ESP=0018FE20 EBP=0018FEF8 ESI=0040C4B6 EDI=0018FE48 EFLAG=00000216
0040BF1B	ROR      AL, 0x7                                          EAX=5B2B9B0F ECX=77AE38FE EDX=0040000F EBX=837A8935 ESP=0018FE20 EBP=0018FEF8 ESI=0040C4B6 EDI=0018FE48 EFLAG=00000216
0040BF1E	ROL      DH, 0x3                                          EAX=5B2B9B1E ECX=77AE38FE EDX=0040000F EBX=837A8935 ESP=0018FE20 EBP=0018FEF8 ESI=0040C4B6 EDI=0018FE48 EFLAG=00000216
0040BF21	SUB      AL, 0x30                                         EAX=5B2B9B1E ECX=77AE38FE EDX=0040000F EBX=837A8935 ESP=0018FE20 EBP=0018FEF8 ESI=0040C4B6 EDI=0018FE48 EFLAG=00000216
0040BF23	SHR      DX, 0x9                                          EAX=5B2B9BEE ECX=77AE38FE EDX=0040000F EBX=837A8935 ESP=0018FE20 EBP=0018FEF8 ESI=0040C4B6 EDI=0018FE48 EFLAG=00000287
0040BF27	XOR      AL, 0xce                                         EAX=5B2B9BEE ECX=77AE38FE EDX=00400000 EBX=837A8935 ESP=0018FE20 EBP=0018FEF8 ESI=0040C4B6 EDI=0018FE48 EFLAG=00000246
0040BF29	ADC      DL, 0xdb                                         EAX=5B2B9B20 ECX=77AE38FE EDX=00400000 EBX=837A8935 ESP=0018FE20 EBP=0018FEF8 ESI=0040C4B6 EDI=0018FE48 EFLAG=00000202
0040BF2C	BT       EBX, EDI                                         EAX=5B2B9B20 ECX=77AE38FE EDX=004000DB EBX=837A8935 ESP=0018FE20 EBP=0018FEF8 ESI=0040C4B6 EDI=0018FE48 EFLAG=00000286
0040BF2F	SETL     DH                                               EAX=5B2B9B20 ECX=77AE38FE EDX=004000DB EBX=837A8935 ESP=0018FE20 EBP=0018FEF8 ESI=0040C4B6 EDI=0018FE48 EFLAG=00000287
0040BF32	SUB      BL, AL                                           EAX=5B2B9B20 ECX=77AE38FE EDX=004001DB EBX=837A8935 ESP=0018FE20 EBP=0018FEF8 ESI=0040C4B6 EDI=0018FE48 EFLAG=00000287
0040BF34	STC                                                       EAX=5B2B9B20 ECX=77AE38FE EDX=004001DB EBX=837A8915 ESP=0018FE20 EBP=0018FEF8 ESI=0040C4B6 EDI=0018FE48 EFLAG=00000202
0040BF35	MOVZX    EAX, AL                                          EAX=5B2B9B20 ECX=77AE38FE EDX=004001DB EBX=837A8915 ESP=0018FE20 EBP=0018FEF8 ESI=0040C4B6 EDI=0018FE48 EFLAG=00000203
0040BF38	NOT      EDX                                              EAX=00000020 ECX=77AE38FE EDX=004001DB EBX=837A8915 ESP=0018FE20 EBP=0018FEF8 ESI=0040C4B6 EDI=0018FE48 EFLAG=00000203
0040BF3A	BSF      EDX, EDI                                         EAX=00000020 ECX=77AE38FE EDX=FFBFFE24 EBX=837A8915 ESP=0018FE20 EBP=0018FEF8 ESI=0040C4B6 EDI=0018FE48 EFLAG=00000203
0040BF3E	CMC                                                       EAX=00000020 ECX=77AE38FE EDX=FFBF0003 EBX=837A8915 ESP=0018FE20 EBP=0018FEF8 ESI=0040C4B6 EDI=0018FE48 EFLAG=00000206
0040BF3F	SAL      DH, CL                                           EAX=00000020 ECX=77AE38FE EDX=FFBF0003 EBX=837A8915 ESP=0018FE20 EBP=0018FEF8 ESI=0040C4B6 EDI=0018FE48 EFLAG=00000207
0040BF41	MOV      EDX, [EAX*4+0x40a51f]                            EAX=00000020 ECX=77AE38FE EDX=FFBF0003 EBX=837A8915 ESP=0018FE20 EBP=0018FEF8 ESI=0040C4B6 EDI=0018FE48 EFLAG=00000246
0040BF48	TEST     EDX, 0xe75c2a09                                  EAX=00000020 ECX=77AE38FE EDX=2BFA744D EBX=837A8915 ESP=0018FE20 EBP=0018FEF8 ESI=0040C4B6 EDI=0018FE48 EFLAG=00000246
0040BF4E	TEST     BL, DL                                           EAX=00000020 ECX=77AE38FE EDX=2BFA744D EBX=837A8915 ESP=0018FE20 EBP=0018FEF8 ESI=0040C4B6 EDI=0018FE48 EFLAG=00000206
0040BF50	SUB      EDX, 0x2bb9b71b                                  EAX=00000020 ECX=77AE38FE EDX=2BFA744D EBX=837A8915 ESP=0018FE20 EBP=0018FEF8 ESI=0040C4B6 EDI=0018FE48 EFLAG=00000206
0040BF56	CALL     0x40bd78                                         EAX=00000020 ECX=77AE38FE EDX=0040BD32 EBX=837A8915 ESP=0018FE20 EBP=0018FEF8 ESI=0040C4B6 EDI=0018FE48 EFLAG=00000202
0040BD78	PUSH     EDX                                              EAX=00000020 ECX=77AE38FE EDX=0040BD32 EBX=837A8915 ESP=0018FE1C EBP=0018FEF8 ESI=0040C4B6 EDI=0018FE48 EFLAG=00000202
0040BD79	DEC      ESI                                              EAX=00000020 ECX=77AE38FE EDX=0040BD32 EBX=837A8915 ESP=0018FE18 EBP=0018FEF8 ESI=0040C4B6 EDI=0018FE48 EFLAG=00000202
0040BD7A	PUSHF                                                     EAX=00000020 ECX=77AE38FE EDX=0040BD32 EBX=837A8915 ESP=0018FE18 EBP=0018FEF8 ESI=0040C4B5 EDI=0018FE48 EFLAG=00000202
0040A91F	MOV      [ESP], DH                                        EAX=00000020 ECX=77AE38FE EDX=0040BD32 EBX=837A8915 ESP=0018FE14 EBP=0018FEF8 ESI=0040C4B5 EDI=0018FE48 EFLAG=00000202
0040A922	MOV      [ESP+0x30], EDX                                  EAX=00000020 ECX=77AE38FE EDX=0040BD32 EBX=837A8915 ESP=0018FE14 EBP=0018FEF8 ESI=0040C4B5 EDI=0018FE48 EFLAG=00000202
0040A926	MOV      [ESP], AL                                        EAX=00000020 ECX=77AE38FE EDX=0040BD32 EBX=837A8915 ESP=0018FE14 EBP=0018FEF8 ESI=0040C4B5 EDI=0018FE48 EFLAG=00000202
0040A929	PUSH     DWORD [ESP+0x30]                                 EAX=00000020 ECX=77AE38FE EDX=0040BD32 EBX=837A8915 ESP=0018FE14 EBP=0018FEF8 ESI=0040C4B5 EDI=0018FE48 EFLAG=00000202
0040A92D	RET      0x34                                             EAX=00000020 ECX=77AE38FE EDX=0040BD32 EBX=837A8915 ESP=0018FE10 EBP=0018FEF8 ESI=0040C4B5 EDI=0018FE48 EFLAG=00000202
0040BD32	BTR      AX, SP                                           EAX=00000020 ECX=77AE38FE EDX=0040BD32 EBX=837A8915 ESP=0018FE48 EBP=0018FEF8 ESI=0040C4B5 EDI=0018FE48 EFLAG=00000202
0040BD36	BT       DX, 0x1                                          EAX=00000020 ECX=77AE38FE EDX=0040BD32 EBX=837A8915 ESP=0018FE48 EBP=0018FEF8 ESI=0040C4B5 EDI=0018FE48 EFLAG=00000202
0040BD3B	MOV      EAX, [EBP+0x0]                                   EAX=00000020 ECX=77AE38FE EDX=0040BD32 EBX=837A8915 ESP=0018FE48 EBP=0018FEF8 ESI=0040C4B5 EDI=0018FE48 EFLAG=00000203
0040BD3E	TEST     AH, CH                                           EAX=00000206 ECX=77AE38FE EDX=0040BD32 EBX=837A8915 ESP=0018FE48 EBP=0018FEF8 ESI=0040C4B5 EDI=0018FE48 EFLAG=00000203
0040BD40	SUB      DL, DH                                           EAX=00000206 ECX=77AE38FE EDX=0040BD32 EBX=837A8915 ESP=0018FE48 EBP=0018FEF8 ESI=0040C4B5 EDI=0018FE48 EFLAG=00000246
0040BD42	PUSHA                                                     EAX=00000206 ECX=77AE38FE EDX=0040BD75 EBX=837A8915 ESP=0018FE48 EBP=0018FEF8 ESI=0040C4B5 EDI=0018FE48 EFLAG=00000213
0040BD43	ROL      DL, CL                                           EAX=00000206 ECX=77AE38FE EDX=0040BD75 EBX=837A8915 ESP=0018FE28 EBP=0018FEF8 ESI=0040C4B5 EDI=0018FE48 EFLAG=00000213
0040BD45	MOV      DL, [EBP+0x4]                                    EAX=00000206 ECX=77AE38FE EDX=0040BD5D EBX=837A8915 ESP=0018FE28 EBP=0018FEF8 ESI=0040C4B5 EDI=0018FE48 EFLAG=00000A13
0040BD48	BT       DI, AX                                           EAX=00000206 ECX=77AE38FE EDX=0040BD2D EBX=837A8915 ESP=0018FE28 EBP=0018FEF8 ESI=0040C4B5 EDI=0018FE48 EFLAG=00000A13
0040BD4C	CLC                                                       EAX=00000206 ECX=77AE38FE EDX=0040BD2D EBX=837A8915 ESP=0018FE28 EBP=0018FEF8 ESI=0040C4B5 EDI=0018FE48 EFLAG=00000A13
0040BD4D	CMP      BH, BL                                           EAX=00000206 ECX=77AE38FE EDX=0040BD2D EBX=837A8915 ESP=0018FE28 EBP=0018FEF8 ESI=0040C4B5 EDI=0018FE48 EFLAG=00000A12
0040BD4F	PUSH     DWORD 0xbfd09db7                                 EAX=00000206 ECX=77AE38FE EDX=0040BD2D EBX=837A8915 ESP=0018FE28 EBP=0018FEF8 ESI=0040C4B5 EDI=0018FE48 EFLAG=00000A06
0040BD54	ADD      EBP, 0x6                                         EAX=00000206 ECX=77AE38FE EDX=0040BD2D EBX=837A8915 ESP=0018FE24 EBP=0018FEF8 ESI=0040C4B5 EDI=0018FE48 EFLAG=00000A06
0040BD57	PUSH     EBX                                              EAX=00000206 ECX=77AE38FE EDX=0040BD2D EBX=837A8915 ESP=0018FE24 EBP=0018FEFE ESI=0040C4B5 EDI=0018FE48 EFLAG=00000202
0040BD58	MOV      [ESP+0x10], DH                                   EAX=00000206 ECX=77AE38FE EDX=0040BD2D EBX=837A8915 ESP=0018FE20 EBP=0018FEFE ESI=0040C4B5 EDI=0018FE48 EFLAG=00000202
0040BD5C	MOV      [ESP], DL                                        EAX=00000206 ECX=77AE38FE EDX=0040BD2D EBX=837A8915 ESP=0018FE20 EBP=0018FEFE ESI=0040C4B5 EDI=0018FE48 EFLAG=00000202
0040BD5F	MOV      BYTE [ESP+0xc], 0xa3                             EAX=00000206 ECX=77AE38FE EDX=0040BD2D EBX=837A8915 ESP=0018FE20 EBP=0018FEFE ESI=0040C4B5 EDI=0018FE48 EFLAG=00000202
0040BD64	MOV      [EAX], DL                                        EAX=00000206 ECX=77AE38FE EDX=0040BD2D EBX=837A8915 ESP=0018FE20 EBP=0018FEFE ESI=0040C4B5 EDI=0018FE48 EFLAG=00000202
0040BD66	MOV      [ESP], DH                                        EAX=00000206 ECX=77AE38FE EDX=0040BD2D EBX=837A8915 ESP=0018FE20 EBP=0018FEFE ESI=0040C4B5 EDI=0018FE48 EFLAG=00000202
0040BD69	MOV      WORD [ESP], 0xbc79                               EAX=00000206 ECX=77AE38FE EDX=0040BD2D EBX=837A8915 ESP=0018FE20 EBP=0018FEFE ESI=0040C4B5 EDI=0018FE48 EFLAG=00000202
0040BD6F	LEA      ESP, [ESP+0x28]                                  EAX=00000206 ECX=77AE38FE EDX=0040BD2D EBX=837A8915 ESP=0018FE20 EBP=0018FEFE ESI=0040C4B5 EDI=0018FE48 EFLAG=00000202
0040BEFD	BSWAP    DX                                               EAX=00000206 ECX=77AE38FE EDX=0040BD2D EBX=837A8915 ESP=0018FE48 EBP=0018FEFE ESI=0040C4B5 EDI=0018FE48 EFLAG=00000202
0040BF00	RCL      DL, CL                                           EAX=00000206 ECX=77AE38FE EDX=00400000 EBX=837A8915 ESP=0018FE48 EBP=0018FEFE ESI=0040C4B5 EDI=0018FE48 EFLAG=00000202
0040BF02	PUSHA                                                     EAX=00000206 ECX=77AE38FE EDX=00400000 EBX=837A8915 ESP=0018FE48 EBP=0018FEFE ESI=0040C4B5 EDI=0018FE48 EFLAG=00000202
0040BF03	AND      EDX, 0xfdc85d80                                  EAX=00000206 ECX=77AE38FE EDX=00400000 EBX=837A8915 ESP=0018FE28 EBP=0018FEFE ESI=0040C4B5 EDI=0018FE48 EFLAG=00000202
0040BF09	MOV      AL, [ESI-0x1]                                    EAX=00000206 ECX=77AE38FE EDX=00400000 EBX=837A8915 ESP=0018FE28 EBP=0018FEFE ESI=0040C4B5 EDI=0018FE48 EFLAG=00000206
0040BF0C	DEC      DH                                               EAX=000002C6 ECX=77AE38FE EDX=00400000 EBX=837A8915 ESP=0018FE28 EBP=0018FEFE ESI=0040C4B5 EDI=0018FE48 EFLAG=00000206
0040BF0E	SUB      AL, BL                                           EAX=000002C6 ECX=77AE38FE EDX=0040FF00 EBX=837A8915 ESP=0018FE28 EBP=0018FEFE ESI=0040C4B5 EDI=0018FE48 EFLAG=00000296
0040BF10	PUSHF                                                     EAX=000002B1 ECX=77AE38FE EDX=0040FF00 EBX=837A8915 ESP=0018FE28 EBP=0018FEFE ESI=0040C4B5 EDI=0018FE48 EFLAG=00000286
0040BF11	BTC      DX, 0x4                                          EAX=000002B1 ECX=77AE38FE EDX=0040FF00 EBX=837A8915 ESP=0018FE24 EBP=0018FEFE ESI=0040C4B5 EDI=0018FE48 EFLAG=00000286
0040BF16	PUSH     ESP                                              EAX=000002B1 ECX=77AE38FE EDX=0040FF10 EBX=837A8915 ESP=0018FE24 EBP=0018FEFE ESI=0040C4B5 EDI=0018FE48 EFLAG=00000286
0040BF17	MOVZX    DX, AL                                           EAX=000002B1 ECX=77AE38FE EDX=0040FF10 EBX=837A8915 ESP=0018FE20 EBP=0018FEFE ESI=0040C4B5 EDI=0018FE48 EFLAG=00000286
0040BF1B	ROR      AL, 0x7                                          EAX=000002B1 ECX=77AE38FE EDX=004000B1 EBX=837A8915 ESP=0018FE20 EBP=0018FEFE ESI=0040C4B5 EDI=0018FE48 EFLAG=00000286
0040BF1E	ROL      DH, 0x3                                          EAX=00000263 ECX=77AE38FE EDX=004000B1 EBX=837A8915 ESP=0018FE20 EBP=0018FEFE ESI=0040C4B5 EDI=0018FE48 EFLAG=00000A86
0040BF21	SUB      AL, 0x30                                         EAX=00000263 ECX=77AE38FE EDX=004000B1 EBX=837A8915 ESP=0018FE20 EBP=0018FEFE ESI=0040C4B5 EDI=0018FE48 EFLAG=00000286
0040BF23	SHR      DX, 0x9                                          EAX=00000233 ECX=77AE38FE EDX=004000B1 EBX=837A8915 ESP=0018FE20 EBP=0018FEFE ESI=0040C4B5 EDI=0018FE48 EFLAG=00000206
0040BF27	XOR      AL, 0xce                                         EAX=00000233 ECX=77AE38FE EDX=00400000 EBX=837A8915 ESP=0018FE20 EBP=0018FEFE ESI=0040C4B5 EDI=0018FE48 EFLAG=00000246
0040BF29	ADC      DL, 0xdb                                         EAX=000002FD ECX=77AE38FE EDX=00400000 EBX=837A8915 ESP=0018FE20 EBP=0018FEFE ESI=0040C4B5 EDI=0018FE48 EFLAG=00000282
0040BF2C	BT       EBX, EDI                                         EAX=000002FD ECX=77AE38FE EDX=004000DB EBX=837A8915 ESP=0018FE20 EBP=0018FEFE ESI=0040C4B5 EDI=0018FE48 EFLAG=00000286
0040BF2F	SETL     DH                                               EAX=000002FD ECX=77AE38FE EDX=004000DB EBX=837A8915 ESP=0018FE20 EBP=0018FEFE ESI=0040C4B5 EDI=0018FE48 EFLAG=00000287
0040BF32	SUB      BL, AL                                           EAX=000002FD ECX=77AE38FE EDX=004001DB EBX=837A8915 ESP=0018FE20 EBP=0018FEFE ESI=0040C4B5 EDI=0018FE48 EFLAG=00000287
0040BF34	STC                                                       EAX=000002FD ECX=77AE38FE EDX=004001DB EBX=837A8918 ESP=0018FE20 EBP=0018FEFE ESI=0040C4B5 EDI=0018FE48 EFLAG=00000217
0040BF35	MOVZX    EAX, AL                                          EAX=000002FD ECX=77AE38FE EDX=004001DB EBX=837A8918 ESP=0018FE20 EBP=0018FEFE ESI=0040C4B5 EDI=0018FE48 EFLAG=00000217
0040BF38	NOT      EDX                                              EAX=000000FD ECX=77AE38FE EDX=004001DB EBX=837A8918 ESP=0018FE20 EBP=0018FEFE ESI=0040C4B5 EDI=0018FE48 EFLAG=00000217
0040BF3A	BSF      EDX, EDI                                         EAX=000000FD ECX=77AE38FE EDX=FFBFFE24 EBX=837A8918 ESP=0018FE20 EBP=0018FEFE ESI=0040C4B5 EDI=0018FE48 EFLAG=00000217
0040BF3E	CMC                                                       EAX=000000FD ECX=77AE38FE EDX=FFBF0003 EBX=837A8918 ESP=0018FE20 EBP=0018FEFE ESI=0040C4B5 EDI=0018FE48 EFLAG=00000206
0040BF3F	SAL      DH, CL                                           EAX=000000FD ECX=77AE38FE EDX=FFBF0003 EBX=837A8918 ESP=0018FE20 EBP=0018FEFE ESI=0040C4B5 EDI=0018FE48 EFLAG=00000207
0040BF41	MOV      EDX, [EAX*4+0x40a51f]                            EAX=000000FD ECX=77AE38FE EDX=FFBF0003 EBX=837A8918 ESP=0018FE20 EBP=0018FEFE ESI=0040C4B5 EDI=0018FE48 EFLAG=00000246
0040BF48	TEST     EDX, 0xe75c2a09                                  EAX=000000FD ECX=77AE38FE EDX=2BFA7AAA EBX=837A8918 ESP=0018FE20 EBP=0018FEFE ESI=0040C4B5 EDI=0018FE48 EFLAG=00000246
0040BF4E	TEST     BL, DL                                           EAX=000000FD ECX=77AE38FE EDX=2BFA7AAA EBX=837A8918 ESP=0018FE20 EBP=0018FEFE ESI=0040C4B5 EDI=0018FE48 EFLAG=00000202
0040BF50	SUB      EDX, 0x2bb9b71b                                  EAX=000000FD ECX=77AE38FE EDX=2BFA7AAA EBX=837A8918 ESP=0018FE20 EBP=0018FEFE ESI=0040C4B5 EDI=0018FE48 EFLAG=00000202
0040BF56	CALL     0x40bd78                                         EAX=000000FD ECX=77AE38FE EDX=0040C38F EBX=837A8918 ESP=0018FE20 EBP=0018FEFE ESI=0040C4B5 EDI=0018FE48 EFLAG=00000212
0040BD78	PUSH     EDX                                              EAX=000000FD ECX=77AE38FE EDX=0040C38F EBX=837A8918 ESP=0018FE1C EBP=0018FEFE ESI=0040C4B5 EDI=0018FE48 EFLAG=00000212
0040BD79	DEC      ESI                                              EAX=000000FD ECX=77AE38FE EDX=0040C38F EBX=837A8918 ESP=0018FE18 EBP=0018FEFE ESI=0040C4B5 EDI=0018FE48 EFLAG=00000212
0040BD7A	PUSHF                                                     EAX=000000FD ECX=77AE38FE EDX=0040C38F EBX=837A8918 ESP=0018FE18 EBP=0018FEFE ESI=0040C4B4 EDI=0018FE48 EFLAG=00000206
0040A91F	MOV      [ESP], DH                                        EAX=000000FD ECX=77AE38FE EDX=0040C38F EBX=837A8918 ESP=0018FE14 EBP=0018FEFE ESI=0040C4B4 EDI=0018FE48 EFLAG=00000206
0040A922	MOV      [ESP+0x30], EDX                                  EAX=000000FD ECX=77AE38FE EDX=0040C38F EBX=837A8918 ESP=0018FE14 EBP=0018FEFE ESI=0040C4B4 EDI=0018FE48 EFLAG=00000206
0040A926	MOV      [ESP], AL                                        EAX=000000FD ECX=77AE38FE EDX=0040C38F EBX=837A8918 ESP=0018FE14 EBP=0018FEFE ESI=0040C4B4 EDI=0018FE48 EFLAG=00000206
0040A929	PUSH     DWORD [ESP+0x30]                                 EAX=000000FD ECX=77AE38FE EDX=0040C38F EBX=837A8918 ESP=0018FE14 EBP=0018FEFE ESI=0040C4B4 EDI=0018FE48 EFLAG=00000206
0040A92D	RET      0x34                                             EAX=000000FD ECX=77AE38FE EDX=0040C38F EBX=837A8918 ESP=0018FE10 EBP=0018FEFE ESI=0040C4B4 EDI=0018FE48 EFLAG=00000206
0040C38F	BT       BX, BP                                           EAX=000000FD ECX=77AE38FE EDX=0040C38F EBX=837A8918 ESP=0018FE48 EBP=0018FEFE ESI=0040C4B4 EDI=0018FE48 EFLAG=00000206
0040C393	MOV      DH, CH                                           EAX=000000FD ECX=77AE38FE EDX=0040C38F EBX=837A8918 ESP=0018FE48 EBP=0018FEFE ESI=0040C4B4 EDI=0018FE48 EFLAG=00000206
0040C395	MOVZX    EAX, BYTE [ESI-0x1]                              EAX=000000FD ECX=77AE38FE EDX=0040388F EBX=837A8918 ESP=0018FE48 EBP=0018FEFE ESI=0040C4B4 EDI=0018FE48 EFLAG=00000206
0040C399	PUSHF                                                     EAX=0000009C ECX=77AE38FE EDX=0040388F EBX=837A8918 ESP=0018FE48 EBP=0018FEFE ESI=0040C4B4 EDI=0018FE48 EFLAG=00000206
0040C39A	SHRD     DX, AX, CL                                       EAX=0000009C ECX=77AE38FE EDX=0040388F EBX=837A8918 ESP=0018FE44 EBP=0018FEFE ESI=0040C4B4 EDI=0018FE48 EFLAG=00000206
0040C39E	ROR      DL, 0x4                                          EAX=0000009C ECX=77AE38FE EDX=0040E23C EBX=837A8918 ESP=0018FE44 EBP=0018FEFE ESI=0040C4B4 EDI=0018FE48 EFLAG=00000286
0040C3A1	ADD      AL, BL                                           EAX=0000009C ECX=77AE38FE EDX=0040E2C3 EBX=837A8918 ESP=0018FE44 EBP=0018FEFE ESI=0040C4B4 EDI=0018FE48 EFLAG=00000287
0040C3A3	PUSHF                                                     EAX=000000B4 ECX=77AE38FE EDX=0040E2C3 EBX=837A8918 ESP=0018FE44 EBP=0018FEFE ESI=0040C4B4 EDI=0018FE48 EFLAG=00000296
0040C3A4	MOV      [ESP+0x4], DL                                    EAX=000000B4 ECX=77AE38FE EDX=0040E2C3 EBX=837A8918 ESP=0018FE40 EBP=0018FEFE ESI=0040C4B4 EDI=0018FE48 EFLAG=00000296
0040C3A8	POP      EDX                                              EAX=000000B4 ECX=77AE38FE EDX=0040E2C3 EBX=837A8918 ESP=0018FE40 EBP=0018FEFE ESI=0040C4B4 EDI=0018FE48 EFLAG=00000296
0040C3A9	LEA      EDX, [0x550aa025]                                EAX=000000B4 ECX=77AE38FE EDX=00000296 EBX=837A8918 ESP=0018FE44 EBP=0018FEFE ESI=0040C4B4 EDI=0018FE48 EFLAG=00000296
0040C3B0	DEC      AL                                               EAX=000000B4 ECX=77AE38FE EDX=550AA025 EBX=837A8918 ESP=0018FE44 EBP=0018FEFE ESI=0040C4B4 EDI=0018FE48 EFLAG=00000296
0040C3B2	BSWAP    DX                                               EAX=000000B3 ECX=77AE38FE EDX=550AA025 EBX=837A8918 ESP=0018FE44 EBP=0018FEFE ESI=0040C4B4 EDI=0018FE48 EFLAG=00000282
0040C3B5	BSR      EDX, EBP                                         EAX=000000B3 ECX=77AE38FE EDX=550A0000 EBX=837A8918 ESP=0018FE44 EBP=0018FEFE ESI=0040C4B4 EDI=0018FE48 EFLAG=00000282
0040C3B9	LEA      ESI, [ESI-0x1]                                   EAX=000000B3 ECX=77AE38FE EDX=550A000F EBX=837A8918 ESP=0018FE44 EBP=0018FEFE ESI=0040C4B4 EDI=0018FE48 EFLAG=00000206
0040C3BC	ADD      DH, CL                                           EAX=000000B3 ECX=77AE38FE EDX=550A000F EBX=837A8918 ESP=0018FE44 EBP=0018FEFE ESI=0040C4B3 EDI=0018FE48 EFLAG=00000206
0040C3BE	POP      EDX                                              EAX=000000B3 ECX=77AE38FE EDX=550AFE0F EBX=837A8918 ESP=0018FE44 EBP=0018FEFE ESI=0040C4B3 EDI=0018FE48 EFLAG=00000282
0040C3BF	XOR      DL, 0x77                                         EAX=000000B3 ECX=77AE38FE EDX=000002C3 EBX=837A8918 ESP=0018FE48 EBP=0018FEFE ESI=0040C4B3 EDI=0018FE48 EFLAG=00000282
0040C3C2	CLC                                                       EAX=000000B3 ECX=77AE38FE EDX=000002B4 EBX=837A8918 ESP=0018FE48 EBP=0018FEFE ESI=0040C4B3 EDI=0018FE48 EFLAG=00000286
0040C3C3	NEG      AL                                               EAX=000000B3 ECX=77AE38FE EDX=000002B4 EBX=837A8918 ESP=0018FE48 EBP=0018FEFE ESI=0040C4B3 EDI=0018FE48 EFLAG=00000286
0040C3C5	STC                                                       EAX=0000004D ECX=77AE38FE EDX=000002B4 EBX=837A8918 ESP=0018FE48 EBP=0018FEFE ESI=0040C4B3 EDI=0018FE48 EFLAG=00000217
0040C3C6	MOVSX    DX, BL                                           EAX=0000004D ECX=77AE38FE EDX=000002B4 EBX=837A8918 ESP=0018FE48 EBP=0018FEFE ESI=0040C4B3 EDI=0018FE48 EFLAG=00000217
0040C3CA	ROR      AL, 0x1                                          EAX=0000004D ECX=77AE38FE EDX=00000018 EBX=837A8918 ESP=0018FE48 EBP=0018FEFE ESI=0040C4B3 EDI=0018FE48 EFLAG=00000217
0040C3CC	BSWAP    EDX                                              EAX=000000A6 ECX=77AE38FE EDX=00000018 EBX=837A8918 ESP=0018FE48 EBP=0018FEFE ESI=0040C4B3 EDI=0018FE48 EFLAG=00000A17
0040C3CE	ADD      BL, AL                                           EAX=000000A6 ECX=77AE38FE EDX=18000000 EBX=837A8918 ESP=0018FE48 EBP=0018FEFE ESI=0040C4B3 EDI=0018FE48 EFLAG=00000A17
0040C3D0	BT       DI, 0x1                                          EAX=000000A6 ECX=77AE38FE EDX=18000000 EBX=837A89BE ESP=0018FE48 EBP=0018FEFE ESI=0040C4B3 EDI=0018FE48 EFLAG=00000286
0040C3D5	BT       BX, SP                                           EAX=000000A6 ECX=77AE38FE EDX=18000000 EBX=837A89BE ESP=0018FE48 EBP=0018FEFE ESI=0040C4B3 EDI=0018FE48 EFLAG=00000286
0040C3D9	MOV      EDX, [EAX+EDI]                                   EAX=000000A6 ECX=77AE38FE EDX=18000000 EBX=837A89BE ESP=0018FE48 EBP=0018FEFE ESI=0040C4B3 EDI=0018FE48 EFLAG=00000287
0040B380	CLC                                                       EAX=000000A6 ECX=77AE38FE EDX=000177AE EBX=837A89BE ESP=0018FE48 EBP=0018FEFE ESI=0040C4B3 EDI=0018FE48 EFLAG=00000287
0040B381	TEST     SI, BP                                           EAX=000000A6 ECX=77AE38FE EDX=000177AE EBX=837A89BE ESP=0018FE48 EBP=0018FEFE ESI=0040C4B3 EDI=0018FE48 EFLAG=00000286
0040B384	SUB      EBP, 0x4                                         EAX=000000A6 ECX=77AE38FE EDX=000177AE EBX=837A89BE ESP=0018FE48 EBP=0018FEFE ESI=0040C4B3 EDI=0018FE48 EFLAG=00000286
0040B387	PUSHA                                                     EAX=000000A6 ECX=77AE38FE EDX=000177AE EBX=837A89BE ESP=0018FE48 EBP=0018FEFA ESI=0040C4B3 EDI=0018FE48 EFLAG=00000206
0040B388	MOV      [ESP+0x4], CH                                    EAX=000000A6 ECX=77AE38FE EDX=000177AE EBX=837A89BE ESP=0018FE28 EBP=0018FEFA ESI=0040C4B3 EDI=0018FE48 EFLAG=00000206
0040B38C	PUSHF                                                     EAX=000000A6 ECX=77AE38FE EDX=000177AE EBX=837A89BE ESP=0018FE28 EBP=0018FEFA ESI=0040C4B3 EDI=0018FE48 EFLAG=00000206
0040B38D	MOV      [EBP+0x0], EDX                                   EAX=000000A6 ECX=77AE38FE EDX=000177AE EBX=837A89BE ESP=0018FE24 EBP=0018FEFA ESI=0040C4B3 EDI=0018FE48 EFLAG=00000206
0040B390	PUSH     DWORD 0x7479a752                                 EAX=000000A6 ECX=77AE38FE EDX=000177AE EBX=837A89BE ESP=0018FE24 EBP=0018FEFA ESI=0040C4B3 EDI=0018FE48 EFLAG=00000206
0040B395	PUSHF                                                     EAX=000000A6 ECX=77AE38FE EDX=000177AE EBX=837A89BE ESP=0018FE20 EBP=0018FEFA ESI=0040C4B3 EDI=0018FE48 EFLAG=00000206
0040B396	PUSHF                                                     EAX=000000A6 ECX=77AE38FE EDX=000177AE EBX=837A89BE ESP=0018FE1C EBP=0018FEFA ESI=0040C4B3 EDI=0018FE48 EFLAG=00000206
0040B397	PUSH     EAX                                              EAX=000000A6 ECX=77AE38FE EDX=000177AE EBX=837A89BE ESP=0018FE18 EBP=0018FEFA ESI=0040C4B3 EDI=0018FE48 EFLAG=00000206
0040B398	LEA      ESP, [ESP+0x34]                                  EAX=000000A6 ECX=77AE38FE EDX=000177AE EBX=837A89BE ESP=0018FE14 EBP=0018FEFA ESI=0040C4B3 EDI=0018FE48 EFLAG=00000206
0040C360	TEST     DH, 0x76                                         EAX=000000A6 ECX=77AE38FE EDX=000177AE EBX=837A89BE ESP=0018FE48 EBP=0018FEFA ESI=0040C4B3 EDI=0018FE48 EFLAG=00000206
0040C363	LEA      EAX, [EDI+0x50]                                  EAX=000000A6 ECX=77AE38FE EDX=000177AE EBX=837A89BE ESP=0018FE48 EBP=0018FEFA ESI=0040C4B3 EDI=0018FE48 EFLAG=00000202
0040C366	PUSH     DWORD 0xa76b4735                                 EAX=0018FE98 ECX=77AE38FE EDX=000177AE EBX=837A89BE ESP=0018FE48 EBP=0018FEFA ESI=0040C4B3 EDI=0018FE48 EFLAG=00000202
0040C36B	STC                                                       EAX=0018FE98 ECX=77AE38FE EDX=000177AE EBX=837A89BE ESP=0018FE44 EBP=0018FEFA ESI=0040C4B3 EDI=0018FE48 EFLAG=00000202
0040C36C	CMP      EBP, EAX                                         EAX=0018FE98 ECX=77AE38FE EDX=000177AE EBX=837A89BE ESP=0018FE44 EBP=0018FEFA ESI=0040C4B3 EDI=0018FE48 EFLAG=00000203
0040C36E	PUSH     DWORD 0xbe8fd443                                 EAX=0018FE98 ECX=77AE38FE EDX=000177AE EBX=837A89BE ESP=0018FE44 EBP=0018FEFA ESI=0040C4B3 EDI=0018FE48 EFLAG=00000202
0040C373	LEA      ESP, [ESP+0x8]                                   EAX=0018FE98 ECX=77AE38FE EDX=000177AE EBX=837A89BE ESP=0018FE40 EBP=0018FEFA ESI=0040C4B3 EDI=0018FE48 EFLAG=00000202
0040C377	JA       0x40befd                                         EAX=0018FE98 ECX=77AE38FE EDX=000177AE EBX=837A89BE ESP=0018FE48 EBP=0018FEFA ESI=0040C4B3 EDI=0018FE48 EFLAG=00000202
0040BEFD	BSWAP    DX                                               EAX=0018FE98 ECX=77AE38FE EDX=000177AE EBX=837A89BE ESP=0018FE48 EBP=0018FEFA ESI=0040C4B3 EDI=0018FE48 EFLAG=00000202
0040BF00	RCL      DL, CL                                           EAX=0018FE98 ECX=77AE38FE EDX=00010000 EBX=837A89BE ESP=0018FE48 EBP=0018FEFA ESI=0040C4B3 EDI=0018FE48 EFLAG=00000202
0040BF02	PUSHA                                                     EAX=0018FE98 ECX=77AE38FE EDX=00010000 EBX=837A89BE ESP=0018FE48 EBP=0018FEFA ESI=0040C4B3 EDI=0018FE48 EFLAG=00000202
0040BF03	AND      EDX, 0xfdc85d80                                  EAX=0018FE98 ECX=77AE38FE EDX=00010000 EBX=837A89BE ESP=0018FE28 EBP=0018FEFA ESI=0040C4B3 EDI=0018FE48 EFLAG=00000202
0040BF09	MOV      AL, [ESI-0x1]                                    EAX=0018FE98 ECX=77AE38FE EDX=00000000 EBX=837A89BE ESP=0018FE28 EBP=0018FEFA ESI=0040C4B3 EDI=0018FE48 EFLAG=00000246
0040BF0C	DEC      DH                                               EAX=0018FE9C ECX=77AE38FE EDX=00000000 EBX=837A89BE ESP=0018FE28 EBP=0018FEFA ESI=0040C4B3 EDI=0018FE48 EFLAG=00000246
0040BF0E	SUB      AL, BL                                           EAX=0018FE9C ECX=77AE38FE EDX=0000FF00 EBX=837A89BE ESP=0018FE28 EBP=0018FEFA ESI=0040C4B3 EDI=0018FE48 EFLAG=00000296
0040BF10	PUSHF                                                     EAX=0018FEDE ECX=77AE38FE EDX=0000FF00 EBX=837A89BE ESP=0018FE28 EBP=0018FEFA ESI=0040C4B3 EDI=0018FE48 EFLAG=00000297
0040BF11	BTC      DX, 0x4                                          EAX=0018FEDE ECX=77AE38FE EDX=0000FF00 EBX=837A89BE ESP=0018FE24 EBP=0018FEFA ESI=0040C4B3 EDI=0018FE48 EFLAG=00000297
0040BF16	PUSH     ESP                                              EAX=0018FEDE ECX=77AE38FE EDX=0000FF10 EBX=837A89BE ESP=0018FE24 EBP=0018FEFA ESI=0040C4B3 EDI=0018FE48 EFLAG=00000296
0040BF17	MOVZX    DX, AL                                           EAX=0018FEDE ECX=77AE38FE EDX=0000FF10 EBX=837A89BE ESP=0018FE20 EBP=0018FEFA ESI=0040C4B3 EDI=0018FE48 EFLAG=00000296
0040BF1B	ROR      AL, 0x7                                          EAX=0018FEDE ECX=77AE38FE EDX=000000DE EBX=837A89BE ESP=0018FE20 EBP=0018FEFA ESI=0040C4B3 EDI=0018FE48 EFLAG=00000296
0040BF1E	ROL      DH, 0x3                                          EAX=0018FEBD ECX=77AE38FE EDX=000000DE EBX=837A89BE ESP=0018FE20 EBP=0018FEFA ESI=0040C4B3 EDI=0018FE48 EFLAG=00000A97
0040BF21	SUB      AL, 0x30                                         EAX=0018FEBD ECX=77AE38FE EDX=000000DE EBX=837A89BE ESP=0018FE20 EBP=0018FEFA ESI=0040C4B3 EDI=0018FE48 EFLAG=00000296
0040BF23	SHR      DX, 0x9                                          EAX=0018FE8D ECX=77AE38FE EDX=000000DE EBX=837A89BE ESP=0018FE20 EBP=0018FEFA ESI=0040C4B3 EDI=0018FE48 EFLAG=00000286
0040BF27	XOR      AL, 0xce                                         EAX=0018FE8D ECX=77AE38FE EDX=00000000 EBX=837A89BE ESP=0018FE20 EBP=0018FEFA ESI=0040C4B3 EDI=0018FE48 EFLAG=00000246
0040BF29	ADC      DL, 0xdb                                         EAX=0018FE43 ECX=77AE38FE EDX=00000000 EBX=837A89BE ESP=0018FE20 EBP=0018FEFA ESI=0040C4B3 EDI=0018FE48 EFLAG=00000202
0040BF2C	BT       EBX, EDI                                         EAX=0018FE43 ECX=77AE38FE EDX=000000DB EBX=837A89BE ESP=0018FE20 EBP=0018FEFA ESI=0040C4B3 EDI=0018FE48 EFLAG=00000286
0040BF2F	SETL     DH                                               EAX=0018FE43 ECX=77AE38FE EDX=000000DB EBX=837A89BE ESP=0018FE20 EBP=0018FEFA ESI=0040C4B3 EDI=0018FE48 EFLAG=00000287
0040BF32	SUB      BL, AL                                           EAX=0018FE43 ECX=77AE38FE EDX=000001DB EBX=837A89BE ESP=0018FE20 EBP=0018FEFA ESI=0040C4B3 EDI=0018FE48 EFLAG=00000287
0040BF34	STC                                                       EAX=0018FE43 ECX=77AE38FE EDX=000001DB EBX=837A897B ESP=0018FE20 EBP=0018FEFA ESI=0040C4B3 EDI=0018FE48 EFLAG=00000A06
0040BF35	MOVZX    EAX, AL                                          EAX=0018FE43 ECX=77AE38FE EDX=000001DB EBX=837A897B ESP=0018FE20 EBP=0018FEFA ESI=0040C4B3 EDI=0018FE48 EFLAG=00000A07
0040BF38	NOT      EDX                                              EAX=00000043 ECX=77AE38FE EDX=000001DB EBX=837A897B ESP=0018FE20 EBP=0018FEFA ESI=0040C4B3 EDI=0018FE48 EFLAG=00000A07
0040BF3A	BSF      EDX, EDI                                         EAX=00000043 ECX=77AE38FE EDX=FFFFFE24 EBX=837A897B ESP=0018FE20 EBP=0018FEFA ESI=0040C4B3 EDI=0018FE48 EFLAG=00000A07
0040BF3E	CMC                                                       EAX=00000043 ECX=77AE38FE EDX=FFFF0003 EBX=837A897B ESP=0018FE20 EBP=0018FEFA ESI=0040C4B3 EDI=0018FE48 EFLAG=00000206
0040BF3F	SAL      DH, CL                                           EAX=00000043 ECX=77AE38FE EDX=FFFF0003 EBX=837A897B ESP=0018FE20 EBP=0018FEFA ESI=0040C4B3 EDI=0018FE48 EFLAG=00000207
0040BF41	MOV      EDX, [EAX*4+0x40a51f]                            EAX=00000043 ECX=77AE38FE EDX=FFFF0003 EBX=837A897B ESP=0018FE20 EBP=0018FEFA ESI=0040C4B3 EDI=0018FE48 EFLAG=00000246
0040BF48	TEST     EDX, 0xe75c2a09                                  EAX=00000043 ECX=77AE38FE EDX=2BFA6B9E EBX=837A897B ESP=0018FE20 EBP=0018FEFA ESI=0040C4B3 EDI=0018FE48 EFLAG=00000246
0040BF4E	TEST     BL, DL                                           EAX=00000043 ECX=77AE38FE EDX=2BFA6B9E EBX=837A897B ESP=0018FE20 EBP=0018FEFA ESI=0040C4B3 EDI=0018FE48 EFLAG=00000202
0040BF50	SUB      EDX, 0x2bb9b71b                                  EAX=00000043 ECX=77AE38FE EDX=2BFA6B9E EBX=837A897B ESP=0018FE20 EBP=0018FEFA ESI=0040C4B3 EDI=0018FE48 EFLAG=00000202
0040BF56	CALL     0x40bd78                                         EAX=00000043 ECX=77AE38FE EDX=0040B483 EBX=837A897B ESP=0018FE20 EBP=0018FEFA ESI=0040C4B3 EDI=0018FE48 EFLAG=00000202
0040BD78	PUSH     EDX                                              EAX=00000043 ECX=77AE38FE EDX=0040B483 EBX=837A897B ESP=0018FE1C EBP=0018FEFA ESI=0040C4B3 EDI=0018FE48 EFLAG=00000202
0040BD79	DEC      ESI                                              EAX=00000043 ECX=77AE38FE EDX=0040B483 EBX=837A897B ESP=0018FE18 EBP=0018FEFA ESI=0040C4B3 EDI=0018FE48 EFLAG=00000202
0040BD7A	PUSHF                                                     EAX=00000043 ECX=77AE38FE EDX=0040B483 EBX=837A897B ESP=0018FE18 EBP=0018FEFA ESI=0040C4B2 EDI=0018FE48 EFLAG=00000206
0040A91F	MOV      [ESP], DH                                        EAX=00000043 ECX=77AE38FE EDX=0040B483 EBX=837A897B ESP=0018FE14 EBP=0018FEFA ESI=0040C4B2 EDI=0018FE48 EFLAG=00000206
0040A922	MOV      [ESP+0x30], EDX                                  EAX=00000043 ECX=77AE38FE EDX=0040B483 EBX=837A897B ESP=0018FE14 EBP=0018FEFA ESI=0040C4B2 EDI=0018FE48 EFLAG=00000206
0040A926	MOV      [ESP], AL                                        EAX=00000043 ECX=77AE38FE EDX=0040B483 EBX=837A897B ESP=0018FE14 EBP=0018FEFA ESI=0040C4B2 EDI=0018FE48 EFLAG=00000206
0040A929	PUSH     DWORD [ESP+0x30]                                 EAX=00000043 ECX=77AE38FE EDX=0040B483 EBX=837A897B ESP=0018FE14 EBP=0018FEFA ESI=0040C4B2 EDI=0018FE48 EFLAG=00000206
0040A92D	RET      0x34                                             EAX=00000043 ECX=77AE38FE EDX=0040B483 EBX=837A897B ESP=0018FE10 EBP=0018FEFA ESI=0040C4B2 EDI=0018FE48 EFLAG=00000206
0040B483	SETGE    AH                                               EAX=00000043 ECX=77AE38FE EDX=0040B483 EBX=837A897B ESP=0018FE48 EBP=0018FEFA ESI=0040C4B2 EDI=0018FE48 EFLAG=00000206
0040B486	LAHF                                                      EAX=00000143 ECX=77AE38FE EDX=0040B483 EBX=837A897B ESP=0018FE48 EBP=0018FEFA ESI=0040C4B2 EDI=0018FE48 EFLAG=00000206
0040B487	MOV      EAX, [EBP+0x0]                                   EAX=00000643 ECX=77AE38FE EDX=0040B483 EBX=837A897B ESP=0018FE48 EBP=0018FEFA ESI=0040C4B2 EDI=0018FE48 EFLAG=00000206
0040B209	PUSH     EDX                                              EAX=000177AE ECX=77AE38FE EDX=0040B483 EBX=837A897B ESP=0018FE48 EBP=0018FEFA ESI=0040C4B2 EDI=0018FE48 EFLAG=00000206
0040B20A	MOV      EAX, [SS:EAX]                                    EAX=000177AE ECX=77AE38FE EDX=0040B483 EBX=837A897B ESP=0018FE44 EBP=0018FEFA ESI=0040C4B2 EDI=0018FE48 EFLAG=00000206
0040B20D	MOV      WORD [ESP], 0x7e59                               EAX=00000000 ECX=77AE38FE EDX=0040B483 EBX=837A897B ESP=0018FE44 EBP=0018FEFA ESI=0040C4B2 EDI=0018FE48 EFLAG=00000206
0040B30B	MOV      [EBP+0x0], EAX                                   EAX=00000000 ECX=77AE38FE EDX=0040B483 EBX=837A897B ESP=0018FE44 EBP=0018FEFA ESI=0040C4B2 EDI=0018FE48 EFLAG=00000206
0040B30E	PUSH     ESP                                              EAX=00000000 ECX=77AE38FE EDX=0040B483 EBX=837A897B ESP=0018FE44 EBP=0018FEFA ESI=0040C4B2 EDI=0018FE48 EFLAG=00000206
0040B30F	LEA      ESP, [ESP+0x8]                                   EAX=00000000 ECX=77AE38FE EDX=0040B483 EBX=837A897B ESP=0018FE40 EBP=0018FEFA ESI=0040C4B2 EDI=0018FE48 EFLAG=00000206
0040BEFD	BSWAP    DX                                               EAX=00000000 ECX=77AE38FE EDX=0040B483 EBX=837A897B ESP=0018FE48 EBP=0018FEFA ESI=0040C4B2 EDI=0018FE48 EFLAG=00000206
0040BF00	RCL      DL, CL                                           EAX=00000000 ECX=77AE38FE EDX=00400000 EBX=837A897B ESP=0018FE48 EBP=0018FEFA ESI=0040C4B2 EDI=0018FE48 EFLAG=00000206
0040BF02	PUSHA                                                     EAX=00000000 ECX=77AE38FE EDX=00400000 EBX=837A897B ESP=0018FE48 EBP=0018FEFA ESI=0040C4B2 EDI=0018FE48 EFLAG=00000206
0040BF03	AND      EDX, 0xfdc85d80                                  EAX=00000000 ECX=77AE38FE EDX=00400000 EBX=837A897B ESP=0018FE28 EBP=0018FEFA ESI=0040C4B2 EDI=0018FE48 EFLAG=00000206
0040BF09	MOV      AL, [ESI-0x1]                                    EAX=00000000 ECX=77AE38FE EDX=00400000 EBX=837A897B ESP=0018FE28 EBP=0018FEFA ESI=0040C4B2 EDI=0018FE48 EFLAG=00000206
0040BF0C	DEC      DH                                               EAX=000000B4 ECX=77AE38FE EDX=00400000 EBX=837A897B ESP=0018FE28 EBP=0018FEFA ESI=0040C4B2 EDI=0018FE48 EFLAG=00000206
0040BF0E	SUB      AL, BL                                           EAX=000000B4 ECX=77AE38FE EDX=0040FF00 EBX=837A897B ESP=0018FE28 EBP=0018FEFA ESI=0040C4B2 EDI=0018FE48 EFLAG=00000296
0040BF10	PUSHF                                                     EAX=00000039 ECX=77AE38FE EDX=0040FF00 EBX=837A897B ESP=0018FE28 EBP=0018FEFA ESI=0040C4B2 EDI=0018FE48 EFLAG=00000A16
0040BF11	BTC      DX, 0x4                                          EAX=00000039 ECX=77AE38FE EDX=0040FF00 EBX=837A897B ESP=0018FE24 EBP=0018FEFA ESI=0040C4B2 EDI=0018FE48 EFLAG=00000A16
0040BF16	PUSH     ESP                                              EAX=00000039 ECX=77AE38FE EDX=0040FF10 EBX=837A897B ESP=0018FE24 EBP=0018FEFA ESI=0040C4B2 EDI=0018FE48 EFLAG=00000A16
0040BF17	MOVZX    DX, AL                                           EAX=00000039 ECX=77AE38FE EDX=0040FF10 EBX=837A897B ESP=0018FE20 EBP=0018FEFA ESI=0040C4B2 EDI=0018FE48 EFLAG=00000A16
0040BF1B	ROR      AL, 0x7                                          EAX=00000039 ECX=77AE38FE EDX=00400039 EBX=837A897B ESP=0018FE20 EBP=0018FEFA ESI=0040C4B2 EDI=0018FE48 EFLAG=00000A16
0040BF1E	ROL      DH, 0x3                                          EAX=00000072 ECX=77AE38FE EDX=00400039 EBX=837A897B ESP=0018FE20 EBP=0018FEFA ESI=0040C4B2 EDI=0018FE48 EFLAG=00000A16
0040BF21	SUB      AL, 0x30                                         EAX=00000072 ECX=77AE38FE EDX=00400039 EBX=837A897B ESP=0018FE20 EBP=0018FEFA ESI=0040C4B2 EDI=0018FE48 EFLAG=00000216
0040BF23	SHR      DX, 0x9                                          EAX=00000042 ECX=77AE38FE EDX=00400039 EBX=837A897B ESP=0018FE20 EBP=0018FEFA ESI=0040C4B2 EDI=0018FE48 EFLAG=00000206
0040BF27	XOR      AL, 0xce                                         EAX=00000042 ECX=77AE38FE EDX=00400000 EBX=837A897B ESP=0018FE20 EBP=0018FEFA ESI=0040C4B2 EDI=0018FE48 EFLAG=00000246
0040BF29	ADC      DL, 0xdb                                         EAX=0000008C ECX=77AE38FE EDX=00400000 EBX=837A897B ESP=0018FE20 EBP=0018FEFA ESI=0040C4B2 EDI=0018FE48 EFLAG=00000282
0040BF2C	BT       EBX, EDI                                         EAX=0000008C ECX=77AE38FE EDX=004000DB EBX=837A897B ESP=0018FE20 EBP=0018FEFA ESI=0040C4B2 EDI=0018FE48 EFLAG=00000286
0040BF2F	SETL     DH                                               EAX=0000008C ECX=77AE38FE EDX=004000DB EBX=837A897B ESP=0018FE20 EBP=0018FEFA ESI=0040C4B2 EDI=0018FE48 EFLAG=00000287
0040BF32	SUB      BL, AL                                           EAX=0000008C ECX=77AE38FE EDX=004001DB EBX=837A897B ESP=0018FE20 EBP=0018FEFA ESI=0040C4B2 EDI=0018FE48 EFLAG=00000287
0040BF34	STC                                                       EAX=0000008C ECX=77AE38FE EDX=004001DB EBX=837A89EF ESP=0018FE20 EBP=0018FEFA ESI=0040C4B2 EDI=0018FE48 EFLAG=00000A93
0040BF35	MOVZX    EAX, AL                                          EAX=0000008C ECX=77AE38FE EDX=004001DB EBX=837A89EF ESP=0018FE20 EBP=0018FEFA ESI=0040C4B2 EDI=0018FE48 EFLAG=00000A93
0040BF38	NOT      EDX                                              EAX=0000008C ECX=77AE38FE EDX=004001DB EBX=837A89EF ESP=0018FE20 EBP=0018FEFA ESI=0040C4B2 EDI=0018FE48 EFLAG=00000A93
0040BF3A	BSF      EDX, EDI                                         EAX=0000008C ECX=77AE38FE EDX=FFBFFE24 EBX=837A89EF ESP=0018FE20 EBP=0018FEFA ESI=0040C4B2 EDI=0018FE48 EFLAG=00000A93
0040BF3E	CMC                                                       EAX=0000008C ECX=77AE38FE EDX=FFBF0003 EBX=837A89EF ESP=0018FE20 EBP=0018FEFA ESI=0040C4B2 EDI=0018FE48 EFLAG=00000206
0040BF3F	SAL      DH, CL                                           EAX=0000008C ECX=77AE38FE EDX=FFBF0003 EBX=837A89EF ESP=0018FE20 EBP=0018FEFA ESI=0040C4B2 EDI=0018FE48 EFLAG=00000207
0040BF41	MOV      EDX, [EAX*4+0x40a51f]                            EAX=0000008C ECX=77AE38FE EDX=FFBF0003 EBX=837A89EF ESP=0018FE20 EBP=0018FEFA ESI=0040C4B2 EDI=0018FE48 EFLAG=00000246
0040BF48	TEST     EDX, 0xe75c2a09                                  EAX=0000008C ECX=77AE38FE EDX=2BFA6704 EBX=837A89EF ESP=0018FE20 EBP=0018FEFA ESI=0040C4B2 EDI=0018FE48 EFLAG=00000246
0040BF4E	TEST     BL, DL                                           EAX=0000008C ECX=77AE38FE EDX=2BFA6704 EBX=837A89EF ESP=0018FE20 EBP=0018FEFA ESI=0040C4B2 EDI=0018FE48 EFLAG=00000206
0040BF50	SUB      EDX, 0x2bb9b71b                                  EAX=0000008C ECX=77AE38FE EDX=2BFA6704 EBX=837A89EF ESP=0018FE20 EBP=0018FEFA ESI=0040C4B2 EDI=0018FE48 EFLAG=00000202
0040BF56	CALL     0x40bd78                                         EAX=0000008C ECX=77AE38FE EDX=0040AFE9 EBX=837A89EF ESP=0018FE20 EBP=0018FEFA ESI=0040C4B2 EDI=0018FE48 EFLAG=00000212
0040BD78	PUSH     EDX                                              EAX=0000008C ECX=77AE38FE EDX=0040AFE9 EBX=837A89EF ESP=0018FE1C EBP=0018FEFA ESI=0040C4B2 EDI=0018FE48 EFLAG=00000212
0040BD79	DEC      ESI                                              EAX=0000008C ECX=77AE38FE EDX=0040AFE9 EBX=837A89EF ESP=0018FE18 EBP=0018FEFA ESI=0040C4B2 EDI=0018FE48 EFLAG=00000212
0040BD7A	PUSHF                                                     EAX=0000008C ECX=77AE38FE EDX=0040AFE9 EBX=837A89EF ESP=0018FE18 EBP=0018FEFA ESI=0040C4B1 EDI=0018FE48 EFLAG=00000206
0040A91F	MOV      [ESP], DH                                        EAX=0000008C ECX=77AE38FE EDX=0040AFE9 EBX=837A89EF ESP=0018FE14 EBP=0018FEFA ESI=0040C4B1 EDI=0018FE48 EFLAG=00000206
0040A922	MOV      [ESP+0x30], EDX                                  EAX=0000008C ECX=77AE38FE EDX=0040AFE9 EBX=837A89EF ESP=0018FE14 EBP=0018FEFA ESI=0040C4B1 EDI=0018FE48 EFLAG=00000206
0040A926	MOV      [ESP], AL                                        EAX=0000008C ECX=77AE38FE EDX=0040AFE9 EBX=837A89EF ESP=0018FE14 EBP=0018FEFA ESI=0040C4B1 EDI=0018FE48 EFLAG=00000206
0040A929	PUSH     DWORD [ESP+0x30]                                 EAX=0000008C ECX=77AE38FE EDX=0040AFE9 EBX=837A89EF ESP=0018FE14 EBP=0018FEFA ESI=0040C4B1 EDI=0018FE48 EFLAG=00000206
0040A92D	RET      0x34                                             EAX=0000008C ECX=77AE38FE EDX=0040AFE9 EBX=837A89EF ESP=0018FE10 EBP=0018FEFA ESI=0040C4B1 EDI=0018FE48 EFLAG=00000206
0040AFE9	PUSHF                                                     EAX=0000008C ECX=77AE38FE EDX=0040AFE9 EBX=837A89EF ESP=0018FE48 EBP=0018FEFA ESI=0040C4B1 EDI=0018FE48 EFLAG=00000206
0040AFEA	MOV      [ESP], CX                                        EAX=0000008C ECX=77AE38FE EDX=0040AFE9 EBX=837A89EF ESP=0018FE44 EBP=0018FEFA ESI=0040C4B1 EDI=0018FE48 EFLAG=00000206
0040BA3A	PUSH     DWORD [EBP+0x0]                                  EAX=0000008C ECX=77AE38FE EDX=0040AFE9 EBX=837A89EF ESP=0018FE44 EBP=0018FEFA ESI=0040C4B1 EDI=0018FE48 EFLAG=00000206
0040BA3D	POP      DWORD [ESP]                                      EAX=0000008C ECX=77AE38FE EDX=0040AFE9 EBX=837A89EF ESP=0018FE40 EBP=0018FEFA ESI=0040C4B1 EDI=0018FE48 EFLAG=00000206
0040BA40	PUSHF                                                     EAX=0000008C ECX=77AE38FE EDX=0040AFE9 EBX=837A89EF ESP=0018FE44 EBP=0018FEFA ESI=0040C4B1 EDI=0018FE48 EFLAG=00000206
0040BA41	ADD      EBP, 0x4                                         EAX=0000008C ECX=77AE38FE EDX=0040AFE9 EBX=837A89EF ESP=0018FE40 EBP=0018FEFA ESI=0040C4B1 EDI=0018FE48 EFLAG=00000206
0040BA44	BT       EBP, EDX                                         EAX=0000008C ECX=77AE38FE EDX=0040AFE9 EBX=837A89EF ESP=0018FE40 EBP=0018FEFE ESI=0040C4B1 EDI=0018FE48 EFLAG=00000202
0040BA47	CMP      DI, SP                                           EAX=0000008C ECX=77AE38FE EDX=0040AFE9 EBX=837A89EF ESP=0018FE40 EBP=0018FEFE ESI=0040C4B1 EDI=0018FE48 EFLAG=00000203
0040AFF8	CLC                                                       EAX=0000008C ECX=77AE38FE EDX=0040AFE9 EBX=837A89EF ESP=0018FE40 EBP=0018FEFE ESI=0040C4B1 EDI=0018FE48 EFLAG=00000202
0040AFF9	PUSH     DWORD [ESP+0x4]                                  EAX=0000008C ECX=77AE38FE EDX=0040AFE9 EBX=837A89EF ESP=0018FE40 EBP=0018FEFE ESI=0040C4B1 EDI=0018FE48 EFLAG=00000202
0040AFFD	POPF                                                      EAX=0000008C ECX=77AE38FE EDX=0040AFE9 EBX=837A89EF ESP=0018FE3C EBP=0018FEFE ESI=0040C4B1 EDI=0018FE48 EFLAG=00000202
0040AFFE	MOV      WORD [ESP], 0xb07                                EAX=0000008C ECX=77AE38FE EDX=0040AFE9 EBX=837A89EF ESP=0018FE40 EBP=0018FEFE ESI=0040C4B1 EDI=0018FE48 EFLAG=00000202
0040B004	PUSHA                                                     EAX=0000008C ECX=77AE38FE EDX=0040AFE9 EBX=837A89EF ESP=0018FE40 EBP=0018FEFE ESI=0040C4B1 EDI=0018FE48 EFLAG=00000202
0040B005	PUSH     EBX                                              EAX=0000008C ECX=77AE38FE EDX=0040AFE9 EBX=837A89EF ESP=0018FE20 EBP=0018FEFE ESI=0040C4B1 EDI=0018FE48 EFLAG=00000202
0040B006	LEA      ESP, [ESP+0x2c]                                  EAX=0000008C ECX=77AE38FE EDX=0040AFE9 EBX=837A89EF ESP=0018FE1C EBP=0018FEFE ESI=0040C4B1 EDI=0018FE48 EFLAG=00000202
0040BEFD	BSWAP    DX                                               EAX=0000008C ECX=77AE38FE EDX=0040AFE9 EBX=837A89EF ESP=0018FE48 EBP=0018FEFE ESI=0040C4B1 EDI=0018FE48 EFLAG=00000202
0040BF00	RCL      DL, CL                                           EAX=0000008C ECX=77AE38FE EDX=00400000 EBX=837A89EF ESP=0018FE48 EBP=0018FEFE ESI=0040C4B1 EDI=0018FE48 EFLAG=00000202
0040BF02	PUSHA                                                     EAX=0000008C ECX=77AE38FE EDX=00400000 EBX=837A89EF ESP=0018FE48 EBP=0018FEFE ESI=0040C4B1 EDI=0018FE48 EFLAG=00000202
0040BF03	AND      EDX, 0xfdc85d80                                  EAX=0000008C ECX=77AE38FE EDX=00400000 EBX=837A89EF ESP=0018FE28 EBP=0018FEFE ESI=0040C4B1 EDI=0018FE48 EFLAG=00000202
0040BF09	MOV      AL, [ESI-0x1]                                    EAX=0000008C ECX=77AE38FE EDX=00400000 EBX=837A89EF ESP=0018FE28 EBP=0018FEFE ESI=0040C4B1 EDI=0018FE48 EFLAG=00000206
0040BF0C	DEC      DH                                               EAX=000000FD ECX=77AE38FE EDX=00400000 EBX=837A89EF ESP=0018FE28 EBP=0018FEFE ESI=0040C4B1 EDI=0018FE48 EFLAG=00000206
0040BF0E	SUB      AL, BL                                           EAX=000000FD ECX=77AE38FE EDX=0040FF00 EBX=837A89EF ESP=0018FE28 EBP=0018FEFE ESI=0040C4B1 EDI=0018FE48 EFLAG=00000296
0040BF10	PUSHF                                                     EAX=0000000E ECX=77AE38FE EDX=0040FF00 EBX=837A89EF ESP=0018FE28 EBP=0018FEFE ESI=0040C4B1 EDI=0018FE48 EFLAG=00000212
0040BF11	BTC      DX, 0x4                                          EAX=0000000E ECX=77AE38FE EDX=0040FF00 EBX=837A89EF ESP=0018FE24 EBP=0018FEFE ESI=0040C4B1 EDI=0018FE48 EFLAG=00000212
0040BF16	PUSH     ESP                                              EAX=0000000E ECX=77AE38FE EDX=0040FF10 EBX=837A89EF ESP=0018FE24 EBP=0018FEFE ESI=0040C4B1 EDI=0018FE48 EFLAG=00000212
0040BF17	MOVZX    DX, AL                                           EAX=0000000E ECX=77AE38FE EDX=0040FF10 EBX=837A89EF ESP=0018FE20 EBP=0018FEFE ESI=0040C4B1 EDI=0018FE48 EFLAG=00000212
0040BF1B	ROR      AL, 0x7                                          EAX=0000000E ECX=77AE38FE EDX=0040000E EBX=837A89EF ESP=0018FE20 EBP=0018FEFE ESI=0040C4B1 EDI=0018FE48 EFLAG=00000212
0040BF1E	ROL      DH, 0x3                                          EAX=0000001C ECX=77AE38FE EDX=0040000E EBX=837A89EF ESP=0018FE20 EBP=0018FEFE ESI=0040C4B1 EDI=0018FE48 EFLAG=00000212
0040BF21	SUB      AL, 0x30                                         EAX=0000001C ECX=77AE38FE EDX=0040000E EBX=837A89EF ESP=0018FE20 EBP=0018FEFE ESI=0040C4B1 EDI=0018FE48 EFLAG=00000212
0040BF23	SHR      DX, 0x9                                          EAX=000000EC ECX=77AE38FE EDX=0040000E EBX=837A89EF ESP=0018FE20 EBP=0018FEFE ESI=0040C4B1 EDI=0018FE48 EFLAG=00000283
0040BF27	XOR      AL, 0xce                                         EAX=000000EC ECX=77AE38FE EDX=00400000 EBX=837A89EF ESP=0018FE20 EBP=0018FEFE ESI=0040C4B1 EDI=0018FE48 EFLAG=00000246
0040BF29	ADC      DL, 0xdb                                         EAX=00000022 ECX=77AE38FE EDX=00400000 EBX=837A89EF ESP=0018FE20 EBP=0018FEFE ESI=0040C4B1 EDI=0018FE48 EFLAG=00000206
0040BF2C	BT       EBX, EDI                                         EAX=00000022 ECX=77AE38FE EDX=004000DB EBX=837A89EF ESP=0018FE20 EBP=0018FEFE ESI=0040C4B1 EDI=0018FE48 EFLAG=00000286
0040BF2F	SETL     DH                                               EAX=00000022 ECX=77AE38FE EDX=004000DB EBX=837A89EF ESP=0018FE20 EBP=0018FEFE ESI=0040C4B1 EDI=0018FE48 EFLAG=00000287
0040BF32	SUB      BL, AL                                           EAX=00000022 ECX=77AE38FE EDX=004001DB EBX=837A89EF ESP=0018FE20 EBP=0018FEFE ESI=0040C4B1 EDI=0018FE48 EFLAG=00000287
0040BF34	STC                                                       EAX=00000022 ECX=77AE38FE EDX=004001DB EBX=837A89CD ESP=0018FE20 EBP=0018FEFE ESI=0040C4B1 EDI=0018FE48 EFLAG=00000282
0040BF35	MOVZX    EAX, AL                                          EAX=00000022 ECX=77AE38FE EDX=004001DB EBX=837A89CD ESP=0018FE20 EBP=0018FEFE ESI=0040C4B1 EDI=0018FE48 EFLAG=00000283
0040BF38	NOT      EDX                                              EAX=00000022 ECX=77AE38FE EDX=004001DB EBX=837A89CD ESP=0018FE20 EBP=0018FEFE ESI=0040C4B1 EDI=0018FE48 EFLAG=00000283
0040BF3A	BSF      EDX, EDI                                         EAX=00000022 ECX=77AE38FE EDX=FFBFFE24 EBX=837A89CD ESP=0018FE20 EBP=0018FEFE ESI=0040C4B1 EDI=0018FE48 EFLAG=00000283
0040BF3E	CMC                                                       EAX=00000022 ECX=77AE38FE EDX=FFBF0003 EBX=837A89CD ESP=0018FE20 EBP=0018FEFE ESI=0040C4B1 EDI=0018FE48 EFLAG=00000206
0040BF3F	SAL      DH, CL                                           EAX=00000022 ECX=77AE38FE EDX=FFBF0003 EBX=837A89CD ESP=0018FE20 EBP=0018FEFE ESI=0040C4B1 EDI=0018FE48 EFLAG=00000207
0040BF41	MOV      EDX, [EAX*4+0x40a51f]                            EAX=00000022 ECX=77AE38FE EDX=FFBF0003 EBX=837A89CD ESP=0018FE20 EBP=0018FEFE ESI=0040C4B1 EDI=0018FE48 EFLAG=00000246
0040BF48	TEST     EDX, 0xe75c2a09                                  EAX=00000022 ECX=77AE38FE EDX=2BFA644C EBX=837A89CD ESP=0018FE20 EBP=0018FEFE ESI=0040C4B1 EDI=0018FE48 EFLAG=00000246
0040BF4E	TEST     BL, DL                                           EAX=00000022 ECX=77AE38FE EDX=2BFA644C EBX=837A89CD ESP=0018FE20 EBP=0018FEFE ESI=0040C4B1 EDI=0018FE48 EFLAG=00000202
0040BF50	SUB      EDX, 0x2bb9b71b                                  EAX=00000022 ECX=77AE38FE EDX=2BFA644C EBX=837A89CD ESP=0018FE20 EBP=0018FEFE ESI=0040C4B1 EDI=0018FE48 EFLAG=00000202
0040BF56	CALL     0x40bd78                                         EAX=00000022 ECX=77AE38FE EDX=0040AD31 EBX=837A89CD ESP=0018FE20 EBP=0018FEFE ESI=0040C4B1 EDI=0018FE48 EFLAG=00000202
0040BD78	PUSH     EDX                                              EAX=00000022 ECX=77AE38FE EDX=0040AD31 EBX=837A89CD ESP=0018FE1C EBP=0018FEFE ESI=0040C4B1 EDI=0018FE48 EFLAG=00000202
0040BD79	DEC      ESI                                              EAX=00000022 ECX=77AE38FE EDX=0040AD31 EBX=837A89CD ESP=0018FE18 EBP=0018FEFE ESI=0040C4B1 EDI=0018FE48 EFLAG=00000202
0040BD7A	PUSHF                                                     EAX=00000022 ECX=77AE38FE EDX=0040AD31 EBX=837A89CD ESP=0018FE18 EBP=0018FEFE ESI=0040C4B0 EDI=0018FE48 EFLAG=00000202
0040A91F	MOV      [ESP], DH                                        EAX=00000022 ECX=77AE38FE EDX=0040AD31 EBX=837A89CD ESP=0018FE14 EBP=0018FEFE ESI=0040C4B0 EDI=0018FE48 EFLAG=00000202
0040A922	MOV      [ESP+0x30], EDX                                  EAX=00000022 ECX=77AE38FE EDX=0040AD31 EBX=837A89CD ESP=0018FE14 EBP=0018FEFE ESI=0040C4B0 EDI=0018FE48 EFLAG=00000202
0040A926	MOV      [ESP], AL                                        EAX=00000022 ECX=77AE38FE EDX=0040AD31 EBX=837A89CD ESP=0018FE14 EBP=0018FEFE ESI=0040C4B0 EDI=0018FE48 EFLAG=00000202
0040A929	PUSH     DWORD [ESP+0x30]                                 EAX=00000022 ECX=77AE38FE EDX=0040AD31 EBX=837A89CD ESP=0018FE14 EBP=0018FEFE ESI=0040C4B0 EDI=0018FE48 EFLAG=00000202
0040A92D	RET      0x34                                             EAX=00000022 ECX=77AE38FE EDX=0040AD31 EBX=837A89CD ESP=0018FE10 EBP=0018FEFE ESI=0040C4B0 EDI=0018FE48 EFLAG=00000202
0040AD31	DAS                                                       EAX=00000022 ECX=77AE38FE EDX=0040AD31 EBX=837A89CD ESP=0018FE48 EBP=0018FEFE ESI=0040C4B0 EDI=0018FE48 EFLAG=00000202
0040AD32	DEC      AH                                               EAX=00000022 ECX=77AE38FE EDX=0040AD31 EBX=837A89CD ESP=0018FE48 EBP=0018FEFE ESI=0040C4B0 EDI=0018FE48 EFLAG=00000206
0040AD34	CWDE                                                      EAX=0000FF22 ECX=77AE38FE EDX=0040AD31 EBX=837A89CD ESP=0018FE48 EBP=0018FEFE ESI=0040C4B0 EDI=0018FE48 EFLAG=00000296
0040AD35	MOV      EAX, [EBP+0x0]                                   EAX=FFFFFF22 ECX=77AE38FE EDX=0040AD31 EBX=837A89CD ESP=0018FE48 EBP=0018FEFE ESI=0040C4B0 EDI=0018FE48 EFLAG=00000296
0040AD38	BTC      DX, BX                                           EAX=00005B44 ECX=77AE38FE EDX=0040AD31 EBX=837A89CD ESP=0018FE48 EBP=0018FEFE ESI=0040C4B0 EDI=0018FE48 EFLAG=00000296
0040AD3C	PUSHA                                                     EAX=00005B44 ECX=77AE38FE EDX=00408D31 EBX=837A89CD ESP=0018FE48 EBP=0018FEFE ESI=0040C4B0 EDI=0018FE48 EFLAG=00000297
0040AD3D	MOV      DX, [EBP+0x4]                                    EAX=00005B44 ECX=77AE38FE EDX=00408D31 EBX=837A89CD ESP=0018FE28 EBP=0018FEFE ESI=0040C4B0 EDI=0018FE48 EFLAG=00000297
0040AD41	PUSH     DWORD 0x69b4c70b                                 EAX=00005B44 ECX=77AE38FE EDX=00400000 EBX=837A89CD ESP=0018FE28 EBP=0018FEFE ESI=0040C4B0 EDI=0018FE48 EFLAG=00000297
0040AD46	ADD      EBP, 0x6                                         EAX=00005B44 ECX=77AE38FE EDX=00400000 EBX=837A89CD ESP=0018FE24 EBP=0018FEFE ESI=0040C4B0 EDI=0018FE48 EFLAG=00000297
0040A31A	PUSH     DWORD 0xf84cbffb                                 EAX=00005B44 ECX=77AE38FE EDX=00400000 EBX=837A89CD ESP=0018FE24 EBP=0018FF04 ESI=0040C4B0 EDI=0018FE48 EFLAG=00000212
0040A31F	PUSH     EAX                                              EAX=00005B44 ECX=77AE38FE EDX=00400000 EBX=837A89CD ESP=0018FE20 EBP=0018FF04 ESI=0040C4B0 EDI=0018FE48 EFLAG=00000212
0040A320	MOV      [ESP+0x10], DI                                   EAX=00005B44 ECX=77AE38FE EDX=00400000 EBX=837A89CD ESP=0018FE1C EBP=0018FF04 ESI=0040C4B0 EDI=0018FE48 EFLAG=00000212
0040A325	MOV      [SS:EAX], DX                                     EAX=00005B44 ECX=77AE38FE EDX=00400000 EBX=837A89CD ESP=0018FE1C EBP=0018FF04 ESI=0040C4B0 EDI=0018FE48 EFLAG=00000212
0040A329	PUSH     DWORD 0xe58ffddb                                 EAX=00005B44 ECX=77AE38FE EDX=00400000 EBX=837A89CD ESP=0018FE1C EBP=0018FF04 ESI=0040C4B0 EDI=0018FE48 EFLAG=00000212
0040A32E	LEA      ESP, [ESP+0x30]                                  EAX=00005B44 ECX=77AE38FE EDX=00400000 EBX=837A89CD ESP=0018FE18 EBP=0018FF04 ESI=0040C4B0 EDI=0018FE48 EFLAG=00000212
0040BEFD	BSWAP    DX                                               EAX=00005B44 ECX=77AE38FE EDX=00400000 EBX=837A89CD ESP=0018FE48 EBP=0018FF04 ESI=0040C4B0 EDI=0018FE48 EFLAG=00000212
0040BF00	RCL      DL, CL                                           EAX=00005B44 ECX=77AE38FE EDX=00400000 EBX=837A89CD ESP=0018FE48 EBP=0018FF04 ESI=0040C4B0 EDI=0018FE48 EFLAG=00000212
0040BF02	PUSHA                                                     EAX=00005B44 ECX=77AE38FE EDX=00400000 EBX=837A89CD ESP=0018FE48 EBP=0018FF04 ESI=0040C4B0 EDI=0018FE48 EFLAG=00000212
0040BF03	AND      EDX, 0xfdc85d80                                  EAX=00005B44 ECX=77AE38FE EDX=00400000 EBX=837A89CD ESP=0018FE28 EBP=0018FF04 ESI=0040C4B0 EDI=0018FE48 EFLAG=00000212
0040BF09	MOV      AL, [ESI-0x1]                                    EAX=00005B44 ECX=77AE38FE EDX=00400000 EBX=837A89CD ESP=0018FE28 EBP=0018FF04 ESI=0040C4B0 EDI=0018FE48 EFLAG=00000206
0040BF0C	DEC      DH                                               EAX=00005BE0 ECX=77AE38FE EDX=00400000 EBX=837A89CD ESP=0018FE28 EBP=0018FF04 ESI=0040C4B0 EDI=0018FE48 EFLAG=00000206
0040BF0E	SUB      AL, BL                                           EAX=00005BE0 ECX=77AE38FE EDX=0040FF00 EBX=837A89CD ESP=0018FE28 EBP=0018FF04 ESI=0040C4B0 EDI=0018FE48 EFLAG=00000296
0040BF10	PUSHF                                                     EAX=00005B13 ECX=77AE38FE EDX=0040FF00 EBX=837A89CD ESP=0018FE28 EBP=0018FF04 ESI=0040C4B0 EDI=0018FE48 EFLAG=00000212
0040BF11	BTC      DX, 0x4                                          EAX=00005B13 ECX=77AE38FE EDX=0040FF00 EBX=837A89CD ESP=0018FE24 EBP=0018FF04 ESI=0040C4B0 EDI=0018FE48 EFLAG=00000212
0040BF16	PUSH     ESP                                              EAX=00005B13 ECX=77AE38FE EDX=0040FF10 EBX=837A89CD ESP=0018FE24 EBP=0018FF04 ESI=0040C4B0 EDI=0018FE48 EFLAG=00000212
0040BF17	MOVZX    DX, AL                                           EAX=00005B13 ECX=77AE38FE EDX=0040FF10 EBX=837A89CD ESP=0018FE20 EBP=0018FF04 ESI=0040C4B0 EDI=0018FE48 EFLAG=00000212
0040BF1B	ROR      AL, 0x7                                          EAX=00005B13 ECX=77AE38FE EDX=00400013 EBX=837A89CD ESP=0018FE20 EBP=0018FF04 ESI=0040C4B0 EDI=0018FE48 EFLAG=00000212
0040BF1E	ROL      DH, 0x3                                          EAX=00005B26 ECX=77AE38FE EDX=00400013 EBX=837A89CD ESP=0018FE20 EBP=0018FF04 ESI=0040C4B0 EDI=0018FE48 EFLAG=00000212
0040BF21	SUB      AL, 0x30                                         EAX=00005B26 ECX=77AE38FE EDX=00400013 EBX=837A89CD ESP=0018FE20 EBP=0018FF04 ESI=0040C4B0 EDI=0018FE48 EFLAG=00000212
0040BF23	SHR      DX, 0x9                                          EAX=00005BF6 ECX=77AE38FE EDX=00400013 EBX=837A89CD ESP=0018FE20 EBP=0018FF04 ESI=0040C4B0 EDI=0018FE48 EFLAG=00000287
0040BF27	XOR      AL, 0xce                                         EAX=00005BF6 ECX=77AE38FE EDX=00400000 EBX=837A89CD ESP=0018FE20 EBP=0018FF04 ESI=0040C4B0 EDI=0018FE48 EFLAG=00000246
0040BF29	ADC      DL, 0xdb                                         EAX=00005B38 ECX=77AE38FE EDX=00400000 EBX=837A89CD ESP=0018FE20 EBP=0018FF04 ESI=0040C4B0 EDI=0018FE48 EFLAG=00000202
0040BF2C	BT       EBX, EDI                                         EAX=00005B38 ECX=77AE38FE EDX=004000DB EBX=837A89CD ESP=0018FE20 EBP=0018FF04 ESI=0040C4B0 EDI=0018FE48 EFLAG=00000286
0040BF2F	SETL     DH                                               EAX=00005B38 ECX=77AE38FE EDX=004000DB EBX=837A89CD ESP=0018FE20 EBP=0018FF04 ESI=0040C4B0 EDI=0018FE48 EFLAG=00000287
0040BF32	SUB      BL, AL                                           EAX=00005B38 ECX=77AE38FE EDX=004001DB EBX=837A89CD ESP=0018FE20 EBP=0018FF04 ESI=0040C4B0 EDI=0018FE48 EFLAG=00000287
0040BF34	STC                                                       EAX=00005B38 ECX=77AE38FE EDX=004001DB EBX=837A8995 ESP=0018FE20 EBP=0018FF04 ESI=0040C4B0 EDI=0018FE48 EFLAG=00000286
0040BF35	MOVZX    EAX, AL                                          EAX=00005B38 ECX=77AE38FE EDX=004001DB EBX=837A8995 ESP=0018FE20 EBP=0018FF04 ESI=0040C4B0 EDI=0018FE48 EFLAG=00000287
0040BF38	NOT      EDX                                              EAX=00000038 ECX=77AE38FE EDX=004001DB EBX=837A8995 ESP=0018FE20 EBP=0018FF04 ESI=0040C4B0 EDI=0018FE48 EFLAG=00000287
0040BF3A	BSF      EDX, EDI                                         EAX=00000038 ECX=77AE38FE EDX=FFBFFE24 EBX=837A8995 ESP=0018FE20 EBP=0018FF04 ESI=0040C4B0 EDI=0018FE48 EFLAG=00000287
0040BF3E	CMC                                                       EAX=00000038 ECX=77AE38FE EDX=FFBF0003 EBX=837A8995 ESP=0018FE20 EBP=0018FF04 ESI=0040C4B0 EDI=0018FE48 EFLAG=00000206
0040BF3F	SAL      DH, CL                                           EAX=00000038 ECX=77AE38FE EDX=FFBF0003 EBX=837A8995 ESP=0018FE20 EBP=0018FF04 ESI=0040C4B0 EDI=0018FE48 EFLAG=00000207
0040BF41	MOV      EDX, [EAX*4+0x40a51f]                            EAX=00000038 ECX=77AE38FE EDX=FFBF0003 EBX=837A8995 ESP=0018FE20 EBP=0018FF04 ESI=0040C4B0 EDI=0018FE48 EFLAG=00000246
0040BF48	TEST     EDX, 0xe75c2a09                                  EAX=00000038 ECX=77AE38FE EDX=2BFA5BF2 EBX=837A8995 ESP=0018FE20 EBP=0018FF04 ESI=0040C4B0 EDI=0018FE48 EFLAG=00000246
0040BF4E	TEST     BL, DL                                           EAX=00000038 ECX=77AE38FE EDX=2BFA5BF2 EBX=837A8995 ESP=0018FE20 EBP=0018FF04 ESI=0040C4B0 EDI=0018FE48 EFLAG=00000206
0040BF50	SUB      EDX, 0x2bb9b71b                                  EAX=00000038 ECX=77AE38FE EDX=2BFA5BF2 EBX=837A8995 ESP=0018FE20 EBP=0018FF04 ESI=0040C4B0 EDI=0018FE48 EFLAG=00000286
0040BF56	CALL     0x40bd78                                         EAX=00000038 ECX=77AE38FE EDX=0040A4D7 EBX=837A8995 ESP=0018FE20 EBP=0018FF04 ESI=0040C4B0 EDI=0018FE48 EFLAG=00000216
0040BD78	PUSH     EDX                                              EAX=00000038 ECX=77AE38FE EDX=0040A4D7 EBX=837A8995 ESP=0018FE1C EBP=0018FF04 ESI=0040C4B0 EDI=0018FE48 EFLAG=00000216
0040BD79	DEC      ESI                                              EAX=00000038 ECX=77AE38FE EDX=0040A4D7 EBX=837A8995 ESP=0018FE18 EBP=0018FF04 ESI=0040C4B0 EDI=0018FE48 EFLAG=00000216
0040BD7A	PUSHF                                                     EAX=00000038 ECX=77AE38FE EDX=0040A4D7 EBX=837A8995 ESP=0018FE18 EBP=0018FF04 ESI=0040C4AF EDI=0018FE48 EFLAG=00000216
0040A91F	MOV      [ESP], DH                                        EAX=00000038 ECX=77AE38FE EDX=0040A4D7 EBX=837A8995 ESP=0018FE14 EBP=0018FF04 ESI=0040C4AF EDI=0018FE48 EFLAG=00000216
0040A922	MOV      [ESP+0x30], EDX                                  EAX=00000038 ECX=77AE38FE EDX=0040A4D7 EBX=837A8995 ESP=0018FE14 EBP=0018FF04 ESI=0040C4AF EDI=0018FE48 EFLAG=00000216
0040A926	MOV      [ESP], AL                                        EAX=00000038 ECX=77AE38FE EDX=0040A4D7 EBX=837A8995 ESP=0018FE14 EBP=0018FF04 ESI=0040C4AF EDI=0018FE48 EFLAG=00000216
0040A929	PUSH     DWORD [ESP+0x30]                                 EAX=00000038 ECX=77AE38FE EDX=0040A4D7 EBX=837A8995 ESP=0018FE14 EBP=0018FF04 ESI=0040C4AF EDI=0018FE48 EFLAG=00000216
0040A92D	RET      0x34                                             EAX=00000038 ECX=77AE38FE EDX=0040A4D7 EBX=837A8995 ESP=0018FE10 EBP=0018FF04 ESI=0040C4AF EDI=0018FE48 EFLAG=00000216
0040A4D7	ADC      AL, 0xde                                         EAX=00000038 ECX=77AE38FE EDX=0040A4D7 EBX=837A8995 ESP=0018FE48 EBP=0018FF04 ESI=0040C4AF EDI=0018FE48 EFLAG=00000216
0040A4D9	MOV      AL, [ESI-0x1]                                    EAX=00000016 ECX=77AE38FE EDX=0040A4D7 EBX=837A8995 ESP=0018FE48 EBP=0018FF04 ESI=0040C4AF EDI=0018FE48 EFLAG=00000213
0040C1AE	XOR      AL, BL                                           EAX=000000A8 ECX=77AE38FE EDX=0040A4D7 EBX=837A8995 ESP=0018FE48 EBP=0018FF04 ESI=0040C4AF EDI=0018FE48 EFLAG=00000213
0040C1B0	PUSH     EDI                                              EAX=0000003D ECX=77AE38FE EDX=0040A4D7 EBX=837A8995 ESP=0018FE48 EBP=0018FF04 ESI=0040C4AF EDI=0018FE48 EFLAG=00000202
0040C1B1	ROR      AL, 0x4                                          EAX=0000003D ECX=77AE38FE EDX=0040A4D7 EBX=837A8995 ESP=0018FE44 EBP=0018FF04 ESI=0040C4AF EDI=0018FE48 EFLAG=00000202
0040C1B4	CALL     0x40b00f                                         EAX=000000D3 ECX=77AE38FE EDX=0040A4D7 EBX=837A8995 ESP=0018FE44 EBP=0018FF04 ESI=0040C4AF EDI=0018FE48 EFLAG=00000203
0040B00F	DEC      AL                                               EAX=000000D3 ECX=77AE38FE EDX=0040A4D7 EBX=837A8995 ESP=0018FE40 EBP=0018FF04 ESI=0040C4AF EDI=0018FE48 EFLAG=00000203
0040B011	PUSH     DWORD [ESP]                                      EAX=000000D2 ECX=77AE38FE EDX=0040A4D7 EBX=837A8995 ESP=0018FE40 EBP=0018FF04 ESI=0040C4AF EDI=0018FE48 EFLAG=00000287
0040B014	NEG      AL                                               EAX=000000D2 ECX=77AE38FE EDX=0040A4D7 EBX=837A8995 ESP=0018FE3C EBP=0018FF04 ESI=0040C4AF EDI=0018FE48 EFLAG=00000287
0040B016	MOV      DWORD [ESP+0x4], 0xac1b6415                      EAX=0000002E ECX=77AE38FE EDX=0040A4D7 EBX=837A8995 ESP=0018FE3C EBP=0018FF04 ESI=0040C4AF EDI=0018FE48 EFLAG=00000217
0040B01E	CMP      SI, 0xaa23                                       EAX=0000002E ECX=77AE38FE EDX=0040A4D7 EBX=837A8995 ESP=0018FE3C EBP=0018FF04 ESI=0040C4AF EDI=0018FE48 EFLAG=00000217
0040B023	PUSHF                                                     EAX=0000002E ECX=77AE38FE EDX=0040A4D7 EBX=837A8995 ESP=0018FE3C EBP=0018FF04 ESI=0040C4AF EDI=0018FE48 EFLAG=00000202
0040B024	XOR      BL, AL                                           EAX=0000002E ECX=77AE38FE EDX=0040A4D7 EBX=837A8995 ESP=0018FE38 EBP=0018FF04 ESI=0040C4AF EDI=0018FE48 EFLAG=00000202
0040B026	PUSHF                                                     EAX=0000002E ECX=77AE38FE EDX=0040A4D7 EBX=837A89BB ESP=0018FE38 EBP=0018FF04 ESI=0040C4AF EDI=0018FE48 EFLAG=00000286
0040B027	PUSHF                                                     EAX=0000002E ECX=77AE38FE EDX=0040A4D7 EBX=837A89BB ESP=0018FE34 EBP=0018FF04 ESI=0040C4AF EDI=0018FE48 EFLAG=00000286
0040B02D	MOV      AX, [EAX+EDI]                                    EAX=0000002E ECX=77AE38FE EDX=0040A4D7 EBX=837A89BB ESP=0018FE30 EBP=0018FF04 ESI=0040C4AF EDI=0018FE48 EFLAG=00000286
0040B031	MOV      [ESP], DH                                        EAX=000077AE ECX=77AE38FE EDX=0040A4D7 EBX=837A89BB ESP=0018FE30 EBP=0018FF04 ESI=0040C4AF EDI=0018FE48 EFLAG=00000286
0040B034	MOV      BYTE [ESP], 0x65                                 EAX=000077AE ECX=77AE38FE EDX=0040A4D7 EBX=837A89BB ESP=0018FE30 EBP=0018FF04 ESI=0040C4AF EDI=0018FE48 EFLAG=00000286
0040B853	DEC      ESI                                              EAX=000077AE ECX=77AE38FE EDX=0040A4D7 EBX=837A89BB ESP=0018FE30 EBP=0018FF04 ESI=0040C4AF EDI=0018FE48 EFLAG=00000286
0040B854	PUSHF                                                     EAX=000077AE ECX=77AE38FE EDX=0040A4D7 EBX=837A89BB ESP=0018FE30 EBP=0018FF04 ESI=0040C4AE EDI=0018FE48 EFLAG=00000202
0040B855	PUSHF                                                     EAX=000077AE ECX=77AE38FE EDX=0040A4D7 EBX=837A89BB ESP=0018FE2C EBP=0018FF04 ESI=0040C4AE EDI=0018FE48 EFLAG=00000202
0040B298	SUB      EBP, 0x2                                         EAX=000077AE ECX=77AE38FE EDX=0040A4D7 EBX=837A89BB ESP=0018FE28 EBP=0018FF04 ESI=0040C4AE EDI=0018FE48 EFLAG=00000202
0040B29B	PUSHA                                                     EAX=000077AE ECX=77AE38FE EDX=0040A4D7 EBX=837A89BB ESP=0018FE28 EBP=0018FF02 ESI=0040C4AE EDI=0018FE48 EFLAG=00000202
0040B29C	MOV      [ESP+0x4], CX                                    EAX=000077AE ECX=77AE38FE EDX=0040A4D7 EBX=837A89BB ESP=0018FE08 EBP=0018FF02 ESI=0040C4AE EDI=0018FE48 EFLAG=00000202
0040B2A1	PUSHF                                                     EAX=000077AE ECX=77AE38FE EDX=0040A4D7 EBX=837A89BB ESP=0018FE08 EBP=0018FF02 ESI=0040C4AE EDI=0018FE48 EFLAG=00000202
0040B2A2	MOV      [EBP+0x0], AX                                    EAX=000077AE ECX=77AE38FE EDX=0040A4D7 EBX=837A89BB ESP=0018FE04 EBP=0018FF02 ESI=0040C4AE EDI=0018FE48 EFLAG=00000202
0040B2A6	MOV      WORD [ESP+0x4], 0xa7ac                           EAX=000077AE ECX=77AE38FE EDX=0040A4D7 EBX=837A89BB ESP=0018FE04 EBP=0018FF02 ESI=0040C4AE EDI=0018FE48 EFLAG=00000202
0040B2AD	MOV      BYTE [ESP+0x4], 0x84                             EAX=000077AE ECX=77AE38FE EDX=0040A4D7 EBX=837A89BB ESP=0018FE04 EBP=0018FF02 ESI=0040C4AE EDI=0018FE48 EFLAG=00000202
0040B2B2	MOV      [ESP+0x4], SP                                    EAX=000077AE ECX=77AE38FE EDX=0040A4D7 EBX=837A89BB ESP=0018FE04 EBP=0018FF02 ESI=0040C4AE EDI=0018FE48 EFLAG=00000202
0040B2B7	LEA      ESP, [ESP+0x44]                                  EAX=000077AE ECX=77AE38FE EDX=0040A4D7 EBX=837A89BB ESP=0018FE04 EBP=0018FF02 ESI=0040C4AE EDI=0018FE48 EFLAG=00000202
0040C360	TEST     DH, 0x76                                         EAX=000077AE ECX=77AE38FE EDX=0040A4D7 EBX=837A89BB ESP=0018FE48 EBP=0018FF02 ESI=0040C4AE EDI=0018FE48 EFLAG=00000202
0040C363	LEA      EAX, [EDI+0x50]                                  EAX=000077AE ECX=77AE38FE EDX=0040A4D7 EBX=837A89BB ESP=0018FE48 EBP=0018FF02 ESI=0040C4AE EDI=0018FE48 EFLAG=00000206
0040C366	PUSH     DWORD 0xa76b4735                                 EAX=0018FE98 ECX=77AE38FE EDX=0040A4D7 EBX=837A89BB ESP=0018FE48 EBP=0018FF02 ESI=0040C4AE EDI=0018FE48 EFLAG=00000206
0040C36B	STC                                                       EAX=0018FE98 ECX=77AE38FE EDX=0040A4D7 EBX=837A89BB ESP=0018FE44 EBP=0018FF02 ESI=0040C4AE EDI=0018FE48 EFLAG=00000206
0040C36C	CMP      EBP, EAX                                         EAX=0018FE98 ECX=77AE38FE EDX=0040A4D7 EBX=837A89BB ESP=0018FE44 EBP=0018FF02 ESI=0040C4AE EDI=0018FE48 EFLAG=00000207
0040C36E	PUSH     DWORD 0xbe8fd443                                 EAX=0018FE98 ECX=77AE38FE EDX=0040A4D7 EBX=837A89BB ESP=0018FE44 EBP=0018FF02 ESI=0040C4AE EDI=0018FE48 EFLAG=00000216
0040C373	LEA      ESP, [ESP+0x8]                                   EAX=0018FE98 ECX=77AE38FE EDX=0040A4D7 EBX=837A89BB ESP=0018FE40 EBP=0018FF02 ESI=0040C4AE EDI=0018FE48 EFLAG=00000216
0040C377	JA       0x40befd                                         EAX=0018FE98 ECX=77AE38FE EDX=0040A4D7 EBX=837A89BB ESP=0018FE48 EBP=0018FF02 ESI=0040C4AE EDI=0018FE48 EFLAG=00000216
0040BEFD	BSWAP    DX                                               EAX=0018FE98 ECX=77AE38FE EDX=0040A4D7 EBX=837A89BB ESP=0018FE48 EBP=0018FF02 ESI=0040C4AE EDI=0018FE48 EFLAG=00000216
0040BF00	RCL      DL, CL                                           EAX=0018FE98 ECX=77AE38FE EDX=00400000 EBX=837A89BB ESP=0018FE48 EBP=0018FF02 ESI=0040C4AE EDI=0018FE48 EFLAG=00000216
0040BF02	PUSHA                                                     EAX=0018FE98 ECX=77AE38FE EDX=00400000 EBX=837A89BB ESP=0018FE48 EBP=0018FF02 ESI=0040C4AE EDI=0018FE48 EFLAG=00000216
0040BF03	AND      EDX, 0xfdc85d80                                  EAX=0018FE98 ECX=77AE38FE EDX=00400000 EBX=837A89BB ESP=0018FE28 EBP=0018FF02 ESI=0040C4AE EDI=0018FE48 EFLAG=00000216
0040BF09	MOV      AL, [ESI-0x1]                                    EAX=0018FE98 ECX=77AE38FE EDX=00400000 EBX=837A89BB ESP=0018FE28 EBP=0018FF02 ESI=0040C4AE EDI=0018FE48 EFLAG=00000206
0040BF0C	DEC      DH                                               EAX=0018FE68 ECX=77AE38FE EDX=00400000 EBX=837A89BB ESP=0018FE28 EBP=0018FF02 ESI=0040C4AE EDI=0018FE48 EFLAG=00000206
0040BF0E	SUB      AL, BL                                           EAX=0018FE68 ECX=77AE38FE EDX=0040FF00 EBX=837A89BB ESP=0018FE28 EBP=0018FF02 ESI=0040C4AE EDI=0018FE48 EFLAG=00000296
0040BF10	PUSHF                                                     EAX=0018FEAD ECX=77AE38FE EDX=0040FF00 EBX=837A89BB ESP=0018FE28 EBP=0018FF02 ESI=0040C4AE EDI=0018FE48 EFLAG=00000A93
0040BF11	BTC      DX, 0x4                                          EAX=0018FEAD ECX=77AE38FE EDX=0040FF00 EBX=837A89BB ESP=0018FE24 EBP=0018FF02 ESI=0040C4AE EDI=0018FE48 EFLAG=00000A93
0040BF16	PUSH     ESP                                              EAX=0018FEAD ECX=77AE38FE EDX=0040FF10 EBX=837A89BB ESP=0018FE24 EBP=0018FF02 ESI=0040C4AE EDI=0018FE48 EFLAG=00000A92
0040BF17	MOVZX    DX, AL                                           EAX=0018FEAD ECX=77AE38FE EDX=0040FF10 EBX=837A89BB ESP=0018FE20 EBP=0018FF02 ESI=0040C4AE EDI=0018FE48 EFLAG=00000A92
0040BF1B	ROR      AL, 0x7                                          EAX=0018FEAD ECX=77AE38FE EDX=004000AD EBX=837A89BB ESP=0018FE20 EBP=0018FF02 ESI=0040C4AE EDI=0018FE48 EFLAG=00000A92
0040BF1E	ROL      DH, 0x3                                          EAX=0018FE5B ECX=77AE38FE EDX=004000AD EBX=837A89BB ESP=0018FE20 EBP=0018FF02 ESI=0040C4AE EDI=0018FE48 EFLAG=00000A92
0040BF21	SUB      AL, 0x30                                         EAX=0018FE5B ECX=77AE38FE EDX=004000AD EBX=837A89BB ESP=0018FE20 EBP=0018FF02 ESI=0040C4AE EDI=0018FE48 EFLAG=00000292
0040BF23	SHR      DX, 0x9                                          EAX=0018FE2B ECX=77AE38FE EDX=004000AD EBX=837A89BB ESP=0018FE20 EBP=0018FF02 ESI=0040C4AE EDI=0018FE48 EFLAG=00000206
0040BF27	XOR      AL, 0xce                                         EAX=0018FE2B ECX=77AE38FE EDX=00400000 EBX=837A89BB ESP=0018FE20 EBP=0018FF02 ESI=0040C4AE EDI=0018FE48 EFLAG=00000246
0040BF29	ADC      DL, 0xdb                                         EAX=0018FEE5 ECX=77AE38FE EDX=00400000 EBX=837A89BB ESP=0018FE20 EBP=0018FF02 ESI=0040C4AE EDI=0018FE48 EFLAG=00000282
0040BF2C	BT       EBX, EDI                                         EAX=0018FEE5 ECX=77AE38FE EDX=004000DB EBX=837A89BB ESP=0018FE20 EBP=0018FF02 ESI=0040C4AE EDI=0018FE48 EFLAG=00000286
0040BF2F	SETL     DH                                               EAX=0018FEE5 ECX=77AE38FE EDX=004000DB EBX=837A89BB ESP=0018FE20 EBP=0018FF02 ESI=0040C4AE EDI=0018FE48 EFLAG=00000287
0040BF32	SUB      BL, AL                                           EAX=0018FEE5 ECX=77AE38FE EDX=004001DB EBX=837A89BB ESP=0018FE20 EBP=0018FF02 ESI=0040C4AE EDI=0018FE48 EFLAG=00000287
0040BF34	STC                                                       EAX=0018FEE5 ECX=77AE38FE EDX=004001DB EBX=837A89D6 ESP=0018FE20 EBP=0018FF02 ESI=0040C4AE EDI=0018FE48 EFLAG=00000283
0040BF35	MOVZX    EAX, AL                                          EAX=0018FEE5 ECX=77AE38FE EDX=004001DB EBX=837A89D6 ESP=0018FE20 EBP=0018FF02 ESI=0040C4AE EDI=0018FE48 EFLAG=00000283
0040BF38	NOT      EDX                                              EAX=000000E5 ECX=77AE38FE EDX=004001DB EBX=837A89D6 ESP=0018FE20 EBP=0018FF02 ESI=0040C4AE EDI=0018FE48 EFLAG=00000283
0040BF3A	BSF      EDX, EDI                                         EAX=000000E5 ECX=77AE38FE EDX=FFBFFE24 EBX=837A89D6 ESP=0018FE20 EBP=0018FF02 ESI=0040C4AE EDI=0018FE48 EFLAG=00000283
0040BF3E	CMC                                                       EAX=000000E5 ECX=77AE38FE EDX=FFBF0003 EBX=837A89D6 ESP=0018FE20 EBP=0018FF02 ESI=0040C4AE EDI=0018FE48 EFLAG=00000206
0040BF3F	SAL      DH, CL                                           EAX=000000E5 ECX=77AE38FE EDX=FFBF0003 EBX=837A89D6 ESP=0018FE20 EBP=0018FF02 ESI=0040C4AE EDI=0018FE48 EFLAG=00000207
0040BF41	MOV      EDX, [EAX*4+0x40a51f]                            EAX=000000E5 ECX=77AE38FE EDX=FFBF0003 EBX=837A89D6 ESP=0018FE20 EBP=0018FF02 ESI=0040C4AE EDI=0018FE48 EFLAG=00000246
0040BF48	TEST     EDX, 0xe75c2a09                                  EAX=000000E5 ECX=77AE38FE EDX=2BFA6557 EBX=837A89D6 ESP=0018FE20 EBP=0018FF02 ESI=0040C4AE EDI=0018FE48 EFLAG=00000246
0040BF4E	TEST     BL, DL                                           EAX=000000E5 ECX=77AE38FE EDX=2BFA6557 EBX=837A89D6 ESP=0018FE20 EBP=0018FF02 ESI=0040C4AE EDI=0018FE48 EFLAG=00000202
0040BF50	SUB      EDX, 0x2bb9b71b                                  EAX=000000E5 ECX=77AE38FE EDX=2BFA6557 EBX=837A89D6 ESP=0018FE20 EBP=0018FF02 ESI=0040C4AE EDI=0018FE48 EFLAG=00000206
0040BF56	CALL     0x40bd78                                         EAX=000000E5 ECX=77AE38FE EDX=0040AE3C EBX=837A89D6 ESP=0018FE20 EBP=0018FF02 ESI=0040C4AE EDI=0018FE48 EFLAG=00000216
0040BD78	PUSH     EDX                                              EAX=000000E5 ECX=77AE38FE EDX=0040AE3C EBX=837A89D6 ESP=0018FE1C EBP=0018FF02 ESI=0040C4AE EDI=0018FE48 EFLAG=00000216
0040BD79	DEC      ESI                                              EAX=000000E5 ECX=77AE38FE EDX=0040AE3C EBX=837A89D6 ESP=0018FE18 EBP=0018FF02 ESI=0040C4AE EDI=0018FE48 EFLAG=00000216
0040BD7A	PUSHF                                                     EAX=000000E5 ECX=77AE38FE EDX=0040AE3C EBX=837A89D6 ESP=0018FE18 EBP=0018FF02 ESI=0040C4AD EDI=0018FE48 EFLAG=00000202
0040A91F	MOV      [ESP], DH                                        EAX=000000E5 ECX=77AE38FE EDX=0040AE3C EBX=837A89D6 ESP=0018FE14 EBP=0018FF02 ESI=0040C4AD EDI=0018FE48 EFLAG=00000202
0040A922	MOV      [ESP+0x30], EDX                                  EAX=000000E5 ECX=77AE38FE EDX=0040AE3C EBX=837A89D6 ESP=0018FE14 EBP=0018FF02 ESI=0040C4AD EDI=0018FE48 EFLAG=00000202
0040A926	MOV      [ESP], AL                                        EAX=000000E5 ECX=77AE38FE EDX=0040AE3C EBX=837A89D6 ESP=0018FE14 EBP=0018FF02 ESI=0040C4AD EDI=0018FE48 EFLAG=00000202
0040A929	PUSH     DWORD [ESP+0x30]                                 EAX=000000E5 ECX=77AE38FE EDX=0040AE3C EBX=837A89D6 ESP=0018FE14 EBP=0018FF02 ESI=0040C4AD EDI=0018FE48 EFLAG=00000202
0040A92D	RET      0x34                                             EAX=000000E5 ECX=77AE38FE EDX=0040AE3C EBX=837A89D6 ESP=0018FE10 EBP=0018FF02 ESI=0040C4AD EDI=0018FE48 EFLAG=00000202
0040AE3C	SAR      AL, CL                                           EAX=000000E5 ECX=77AE38FE EDX=0040AE3C EBX=837A89D6 ESP=0018FE48 EBP=0018FF02 ESI=0040C4AD EDI=0018FE48 EFLAG=00000202
0040AE3E	MOV      EAX, [ESI-0x4]                                   EAX=000000FF ECX=77AE38FE EDX=0040AE3C EBX=837A89D6 ESP=0018FE48 EBP=0018FF02 ESI=0040C4AD EDI=0018FE48 EFLAG=00000287
0040AE41	PUSHA                                                     EAX=ACB588AD ECX=77AE38FE EDX=0040AE3C EBX=837A89D6 ESP=0018FE48 EBP=0018FF02 ESI=0040C4AD EDI=0018FE48 EFLAG=00000287
0040B3CF	PUSHA                                                     EAX=ACB588AD ECX=77AE38FE EDX=0040AE3C EBX=837A89D6 ESP=0018FE28 EBP=0018FF02 ESI=0040C4AD EDI=0018FE48 EFLAG=00000287
0040B3D0	CALL     0x40c0c5                                         EAX=ACB588AD ECX=77AE38FE EDX=0040AE3C EBX=837A89D6 ESP=0018FE08 EBP=0018FF02 ESI=0040C4AD EDI=0018FE48 EFLAG=00000287
0040C0C5	BSWAP    EAX                                              EAX=ACB588AD ECX=77AE38FE EDX=0040AE3C EBX=837A89D6 ESP=0018FE04 EBP=0018FF02 ESI=0040C4AD EDI=0018FE48 EFLAG=00000287
0040C0C7	TEST     AL, DL                                           EAX=AD88B5AC ECX=77AE38FE EDX=0040AE3C EBX=837A89D6 ESP=0018FE04 EBP=0018FF02 ESI=0040C4AD EDI=0018FE48 EFLAG=00000287
0040C0C9	TEST     AL, DH                                           EAX=AD88B5AC ECX=77AE38FE EDX=0040AE3C EBX=837A89D6 ESP=0018FE04 EBP=0018FF02 ESI=0040C4AD EDI=0018FE48 EFLAG=00000202
0040C0CB	XOR      EAX, EBX                                         EAX=AD88B5AC ECX=77AE38FE EDX=0040AE3C EBX=837A89D6 ESP=0018FE04 EBP=0018FF02 ESI=0040C4AD EDI=0018FE48 EFLAG=00000286
0040C0CD	TEST     DH, AL                                           EAX=2EF23C7A ECX=77AE38FE EDX=0040AE3C EBX=837A89D6 ESP=0018FE04 EBP=0018FF02 ESI=0040C4AD EDI=0018FE48 EFLAG=00000202
0040C0CF	STC                                                       EAX=2EF23C7A ECX=77AE38FE EDX=0040AE3C EBX=837A89D6 ESP=0018FE04 EBP=0018FF02 ESI=0040C4AD EDI=0018FE48 EFLAG=00000202
0040C0D0	NOT      EAX                                              EAX=2EF23C7A ECX=77AE38FE EDX=0040AE3C EBX=837A89D6 ESP=0018FE04 EBP=0018FF02 ESI=0040C4AD EDI=0018FE48 EFLAG=00000203
0040C0D2	PUSHF                                                     EAX=D10DC385 ECX=77AE38FE EDX=0040AE3C EBX=837A89D6 ESP=0018FE04 EBP=0018FF02 ESI=0040C4AD EDI=0018FE48 EFLAG=00000203
0040C0D3	TEST     DL, CL                                           EAX=D10DC385 ECX=77AE38FE EDX=0040AE3C EBX=837A89D6 ESP=0018FE00 EBP=0018FF02 ESI=0040C4AD EDI=0018FE48 EFLAG=00000203
0040C0D5	CMC                                                       EAX=D10DC385 ECX=77AE38FE EDX=0040AE3C EBX=837A89D6 ESP=0018FE00 EBP=0018FF02 ESI=0040C4AD EDI=0018FE48 EFLAG=00000206
0040C0D6	SUB      EAX, 0x4e8d70e8                                  EAX=D10DC385 ECX=77AE38FE EDX=0040AE3C EBX=837A89D6 ESP=0018FE00 EBP=0018FF02 ESI=0040C4AD EDI=0018FE48 EFLAG=00000207
0040C0DB	CALL     0x40c358                                         EAX=8280529D ECX=77AE38FE EDX=0040AE3C EBX=837A89D6 ESP=0018FE00 EBP=0018FF02 ESI=0040C4AD EDI=0018FE48 EFLAG=00000292
0040C358	ROL      EAX, 0x1e                                        EAX=8280529D ECX=77AE38FE EDX=0040AE3C EBX=837A89D6 ESP=0018FDFC EBP=0018FF02 ESI=0040C4AD EDI=0018FE48 EFLAG=00000292
0040B4FA	CALL     0x40c30e                                         EAX=60A014A7 ECX=77AE38FE EDX=0040AE3C EBX=837A89D6 ESP=0018FDFC EBP=0018FF02 ESI=0040C4AD EDI=0018FE48 EFLAG=00000A93
0040C30E	STC                                                       EAX=60A014A7 ECX=77AE38FE EDX=0040AE3C EBX=837A89D6 ESP=0018FDF8 EBP=0018FF02 ESI=0040C4AD EDI=0018FE48 EFLAG=00000A93
0040C30F	ADD      ESI, -0x4                                        EAX=60A014A7 ECX=77AE38FE EDX=0040AE3C EBX=837A89D6 ESP=0018FDF8 EBP=0018FF02 ESI=0040C4AD EDI=0018FE48 EFLAG=00000A93
0040C312	STC                                                       EAX=60A014A7 ECX=77AE38FE EDX=0040AE3C EBX=837A89D6 ESP=0018FDF8 EBP=0018FF02 ESI=0040C4A9 EDI=0018FE48 EFLAG=00000217
0040C313	XOR      EBX, EAX                                         EAX=60A014A7 ECX=77AE38FE EDX=0040AE3C EBX=837A89D6 ESP=0018FDF8 EBP=0018FF02 ESI=0040C4A9 EDI=0018FE48 EFLAG=00000217
0040C315	STC                                                       EAX=60A014A7 ECX=77AE38FE EDX=0040AE3C EBX=E3DA9D71 ESP=0018FDF8 EBP=0018FF02 ESI=0040C4A9 EDI=0018FE48 EFLAG=00000286
0040C316	CALL     0x40bbd4                                         EAX=60A014A7 ECX=77AE38FE EDX=0040AE3C EBX=E3DA9D71 ESP=0018FDF8 EBP=0018FF02 ESI=0040C4A9 EDI=0018FE48 EFLAG=00000287
0040BBD4	CMP      BL, CL                                           EAX=60A014A7 ECX=77AE38FE EDX=0040AE3C EBX=E3DA9D71 ESP=0018FDF4 EBP=0018FF02 ESI=0040C4A9 EDI=0018FE48 EFLAG=00000287
0040BBD6	CMP      DH, 0xaa                                         EAX=60A014A7 ECX=77AE38FE EDX=0040AE3C EBX=E3DA9D71 ESP=0018FDF4 EBP=0018FF02 ESI=0040C4A9 EDI=0018FE48 EFLAG=00000213
0040BBD9	SUB      EBP, 0x4                                         EAX=60A014A7 ECX=77AE38FE EDX=0040AE3C EBX=E3DA9D71 ESP=0018FDF4 EBP=0018FF02 ESI=0040C4A9 EDI=0018FE48 EFLAG=00000202
0040BBDC	CALL     0x40b70a                                         EAX=60A014A7 ECX=77AE38FE EDX=0040AE3C EBX=E3DA9D71 ESP=0018FDF4 EBP=0018FEFE ESI=0040C4A9 EDI=0018FE48 EFLAG=00000212
0040B449	MOV      [ESP+0xc], CH                                    EAX=60A014A7 ECX=77AE38FE EDX=0040AE3C EBX=E3DA9D71 ESP=0018FDF0 EBP=0018FEFE ESI=0040C4A9 EDI=0018FE48 EFLAG=00000212
0040B44D	MOV      [EBP+0x0], EAX                                   EAX=60A014A7 ECX=77AE38FE EDX=0040AE3C EBX=E3DA9D71 ESP=0018FDF0 EBP=0018FEFE ESI=0040C4A9 EDI=0018FE48 EFLAG=00000212
0040B450	MOV      BYTE [ESP], 0x39                                 EAX=60A014A7 ECX=77AE38FE EDX=0040AE3C EBX=E3DA9D71 ESP=0018FDF0 EBP=0018FEFE ESI=0040C4A9 EDI=0018FE48 EFLAG=00000212
0040B454	LEA      ESP, [ESP+0x58]                                  EAX=60A014A7 ECX=77AE38FE EDX=0040AE3C EBX=E3DA9D71 ESP=0018FDF0 EBP=0018FEFE ESI=0040C4A9 EDI=0018FE48 EFLAG=00000212
0040C360	TEST     DH, 0x76                                         EAX=60A014A7 ECX=77AE38FE EDX=0040AE3C EBX=E3DA9D71 ESP=0018FE48 EBP=0018FEFE ESI=0040C4A9 EDI=0018FE48 EFLAG=00000212
0040C363	LEA      EAX, [EDI+0x50]                                  EAX=60A014A7 ECX=77AE38FE EDX=0040AE3C EBX=E3DA9D71 ESP=0018FE48 EBP=0018FEFE ESI=0040C4A9 EDI=0018FE48 EFLAG=00000202
0040C366	PUSH     DWORD 0xa76b4735                                 EAX=0018FE98 ECX=77AE38FE EDX=0040AE3C EBX=E3DA9D71 ESP=0018FE48 EBP=0018FEFE ESI=0040C4A9 EDI=0018FE48 EFLAG=00000202
0040C36B	STC                                                       EAX=0018FE98 ECX=77AE38FE EDX=0040AE3C EBX=E3DA9D71 ESP=0018FE44 EBP=0018FEFE ESI=0040C4A9 EDI=0018FE48 EFLAG=00000202
0040C36C	CMP      EBP, EAX                                         EAX=0018FE98 ECX=77AE38FE EDX=0040AE3C EBX=E3DA9D71 ESP=0018FE44 EBP=0018FEFE ESI=0040C4A9 EDI=0018FE48 EFLAG=00000203
0040C36E	PUSH     DWORD 0xbe8fd443                                 EAX=0018FE98 ECX=77AE38FE EDX=0040AE3C EBX=E3DA9D71 ESP=0018FE44 EBP=0018FEFE ESI=0040C4A9 EDI=0018FE48 EFLAG=00000206
0040C373	LEA      ESP, [ESP+0x8]                                   EAX=0018FE98 ECX=77AE38FE EDX=0040AE3C EBX=E3DA9D71 ESP=0018FE40 EBP=0018FEFE ESI=0040C4A9 EDI=0018FE48 EFLAG=00000206
0040C377	JA       0x40befd                                         EAX=0018FE98 ECX=77AE38FE EDX=0040AE3C EBX=E3DA9D71 ESP=0018FE48 EBP=0018FEFE ESI=0040C4A9 EDI=0018FE48 EFLAG=00000206
0040BEFD	BSWAP    DX                                               EAX=0018FE98 ECX=77AE38FE EDX=0040AE3C EBX=E3DA9D71 ESP=0018FE48 EBP=0018FEFE ESI=0040C4A9 EDI=0018FE48 EFLAG=00000206
0040BF00	RCL      DL, CL                                           EAX=0018FE98 ECX=77AE38FE EDX=00400000 EBX=E3DA9D71 ESP=0018FE48 EBP=0018FEFE ESI=0040C4A9 EDI=0018FE48 EFLAG=00000206
0040BF02	PUSHA                                                     EAX=0018FE98 ECX=77AE38FE EDX=00400000 EBX=E3DA9D71 ESP=0018FE48 EBP=0018FEFE ESI=0040C4A9 EDI=0018FE48 EFLAG=00000206
0040BF03	AND      EDX, 0xfdc85d80                                  EAX=0018FE98 ECX=77AE38FE EDX=00400000 EBX=E3DA9D71 ESP=0018FE28 EBP=0018FEFE ESI=0040C4A9 EDI=0018FE48 EFLAG=00000206
0040BF09	MOV      AL, [ESI-0x1]                                    EAX=0018FE98 ECX=77AE38FE EDX=00400000 EBX=E3DA9D71 ESP=0018FE28 EBP=0018FEFE ESI=0040C4A9 EDI=0018FE48 EFLAG=00000206
0040BF0C	DEC      DH                                               EAX=0018FE04 ECX=77AE38FE EDX=00400000 EBX=E3DA9D71 ESP=0018FE28 EBP=0018FEFE ESI=0040C4A9 EDI=0018FE48 EFLAG=00000206
0040BF0E	SUB      AL, BL                                           EAX=0018FE04 ECX=77AE38FE EDX=0040FF00 EBX=E3DA9D71 ESP=0018FE28 EBP=0018FEFE ESI=0040C4A9 EDI=0018FE48 EFLAG=00000296
0040BF10	PUSHF                                                     EAX=0018FE93 ECX=77AE38FE EDX=0040FF00 EBX=E3DA9D71 ESP=0018FE28 EBP=0018FEFE ESI=0040C4A9 EDI=0018FE48 EFLAG=00000287
0040BF11	BTC      DX, 0x4                                          EAX=0018FE93 ECX=77AE38FE EDX=0040FF00 EBX=E3DA9D71 ESP=0018FE24 EBP=0018FEFE ESI=0040C4A9 EDI=0018FE48 EFLAG=00000287
0040BF16	PUSH     ESP                                              EAX=0018FE93 ECX=77AE38FE EDX=0040FF10 EBX=E3DA9D71 ESP=0018FE24 EBP=0018FEFE ESI=0040C4A9 EDI=0018FE48 EFLAG=00000286
0040BF17	MOVZX    DX, AL                                           EAX=0018FE93 ECX=77AE38FE EDX=0040FF10 EBX=E3DA9D71 ESP=0018FE20 EBP=0018FEFE ESI=0040C4A9 EDI=0018FE48 EFLAG=00000286
0040BF1B	ROR      AL, 0x7                                          EAX=0018FE93 ECX=77AE38FE EDX=00400093 EBX=E3DA9D71 ESP=0018FE20 EBP=0018FEFE ESI=0040C4A9 EDI=0018FE48 EFLAG=00000286
0040BF1E	ROL      DH, 0x3                                          EAX=0018FE27 ECX=77AE38FE EDX=00400093 EBX=E3DA9D71 ESP=0018FE20 EBP=0018FEFE ESI=0040C4A9 EDI=0018FE48 EFLAG=00000286
0040BF21	SUB      AL, 0x30                                         EAX=0018FE27 ECX=77AE38FE EDX=00400093 EBX=E3DA9D71 ESP=0018FE20 EBP=0018FEFE ESI=0040C4A9 EDI=0018FE48 EFLAG=00000286
0040BF23	SHR      DX, 0x9                                          EAX=0018FEF7 ECX=77AE38FE EDX=00400093 EBX=E3DA9D71 ESP=0018FE20 EBP=0018FEFE ESI=0040C4A9 EDI=0018FE48 EFLAG=00000283
0040BF27	XOR      AL, 0xce                                         EAX=0018FEF7 ECX=77AE38FE EDX=00400000 EBX=E3DA9D71 ESP=0018FE20 EBP=0018FEFE ESI=0040C4A9 EDI=0018FE48 EFLAG=00000246
0040BF29	ADC      DL, 0xdb                                         EAX=0018FE39 ECX=77AE38FE EDX=00400000 EBX=E3DA9D71 ESP=0018FE20 EBP=0018FEFE ESI=0040C4A9 EDI=0018FE48 EFLAG=00000206
0040BF2C	BT       EBX, EDI                                         EAX=0018FE39 ECX=77AE38FE EDX=004000DB EBX=E3DA9D71 ESP=0018FE20 EBP=0018FEFE ESI=0040C4A9 EDI=0018FE48 EFLAG=00000286
0040BF2F	SETL     DH                                               EAX=0018FE39 ECX=77AE38FE EDX=004000DB EBX=E3DA9D71 ESP=0018FE20 EBP=0018FEFE ESI=0040C4A9 EDI=0018FE48 EFLAG=00000287
0040BF32	SUB      BL, AL                                           EAX=0018FE39 ECX=77AE38FE EDX=004001DB EBX=E3DA9D71 ESP=0018FE20 EBP=0018FEFE ESI=0040C4A9 EDI=0018FE48 EFLAG=00000287
0040BF34	STC                                                       EAX=0018FE39 ECX=77AE38FE EDX=004001DB EBX=E3DA9D38 ESP=0018FE20 EBP=0018FEFE ESI=0040C4A9 EDI=0018FE48 EFLAG=00000212
0040BF35	MOVZX    EAX, AL                                          EAX=0018FE39 ECX=77AE38FE EDX=004001DB EBX=E3DA9D38 ESP=0018FE20 EBP=0018FEFE ESI=0040C4A9 EDI=0018FE48 EFLAG=00000213
0040BF38	NOT      EDX                                              EAX=00000039 ECX=77AE38FE EDX=004001DB EBX=E3DA9D38 ESP=0018FE20 EBP=0018FEFE ESI=0040C4A9 EDI=0018FE48 EFLAG=00000213
0040BF3A	BSF      EDX, EDI                                         EAX=00000039 ECX=77AE38FE EDX=FFBFFE24 EBX=E3DA9D38 ESP=0018FE20 EBP=0018FEFE ESI=0040C4A9 EDI=0018FE48 EFLAG=00000213
0040BF3E	CMC                                                       EAX=00000039 ECX=77AE38FE EDX=FFBF0003 EBX=E3DA9D38 ESP=0018FE20 EBP=0018FEFE ESI=0040C4A9 EDI=0018FE48 EFLAG=00000206
0040BF3F	SAL      DH, CL                                           EAX=00000039 ECX=77AE38FE EDX=FFBF0003 EBX=E3DA9D38 ESP=0018FE20 EBP=0018FEFE ESI=0040C4A9 EDI=0018FE48 EFLAG=00000207
0040BF41	MOV      EDX, [EAX*4+0x40a51f]                            EAX=00000039 ECX=77AE38FE EDX=FFBF0003 EBX=E3DA9D38 ESP=0018FE20 EBP=0018FEFE ESI=0040C4A9 EDI=0018FE48 EFLAG=00000246
0040BF48	TEST     EDX, 0xe75c2a09                                  EAX=00000039 ECX=77AE38FE EDX=2BFA76E5 EBX=E3DA9D38 ESP=0018FE20 EBP=0018FEFE ESI=0040C4A9 EDI=0018FE48 EFLAG=00000246
0040BF4E	TEST     BL, DL                                           EAX=00000039 ECX=77AE38FE EDX=2BFA76E5 EBX=E3DA9D38 ESP=0018FE20 EBP=0018FEFE ESI=0040C4A9 EDI=0018FE48 EFLAG=00000202
0040BF50	SUB      EDX, 0x2bb9b71b                                  EAX=00000039 ECX=77AE38FE EDX=2BFA76E5 EBX=E3DA9D38 ESP=0018FE20 EBP=0018FEFE ESI=0040C4A9 EDI=0018FE48 EFLAG=00000202
0040BF56	CALL     0x40bd78                                         EAX=00000039 ECX=77AE38FE EDX=0040BFCA EBX=E3DA9D38 ESP=0018FE20 EBP=0018FEFE ESI=0040C4A9 EDI=0018FE48 EFLAG=00000216
0040BD78	PUSH     EDX                                              EAX=00000039 ECX=77AE38FE EDX=0040BFCA EBX=E3DA9D38 ESP=0018FE1C EBP=0018FEFE ESI=0040C4A9 EDI=0018FE48 EFLAG=00000216
0040BD79	DEC      ESI                                              EAX=00000039 ECX=77AE38FE EDX=0040BFCA EBX=E3DA9D38 ESP=0018FE18 EBP=0018FEFE ESI=0040C4A9 EDI=0018FE48 EFLAG=00000216
0040BD7A	PUSHF                                                     EAX=00000039 ECX=77AE38FE EDX=0040BFCA EBX=E3DA9D38 ESP=0018FE18 EBP=0018FEFE ESI=0040C4A8 EDI=0018FE48 EFLAG=00000202
0040A91F	MOV      [ESP], DH                                        EAX=00000039 ECX=77AE38FE EDX=0040BFCA EBX=E3DA9D38 ESP=0018FE14 EBP=0018FEFE ESI=0040C4A8 EDI=0018FE48 EFLAG=00000202
0040A922	MOV      [ESP+0x30], EDX                                  EAX=00000039 ECX=77AE38FE EDX=0040BFCA EBX=E3DA9D38 ESP=0018FE14 EBP=0018FEFE ESI=0040C4A8 EDI=0018FE48 EFLAG=00000202
0040A926	MOV      [ESP], AL                                        EAX=00000039 ECX=77AE38FE EDX=0040BFCA EBX=E3DA9D38 ESP=0018FE14 EBP=0018FEFE ESI=0040C4A8 EDI=0018FE48 EFLAG=00000202
0040A929	PUSH     DWORD [ESP+0x30]                                 EAX=00000039 ECX=77AE38FE EDX=0040BFCA EBX=E3DA9D38 ESP=0018FE14 EBP=0018FEFE ESI=0040C4A8 EDI=0018FE48 EFLAG=00000202
0040A92D	RET      0x34                                             EAX=00000039 ECX=77AE38FE EDX=0040BFCA EBX=E3DA9D38 ESP=0018FE10 EBP=0018FEFE ESI=0040C4A8 EDI=0018FE48 EFLAG=00000202
0040B9EA	AAM      0x68                                             EAX=00000039 ECX=77AE38FE EDX=0040BFCA EBX=E3DA9D38 ESP=0018FE48 EBP=0018FEFE ESI=0040C4A8 EDI=0018FE48 EFLAG=00000202
0040B9EC	MOV      EAX, [EBP+0x0]                                   EAX=00000039 ECX=77AE38FE EDX=0040BFCA EBX=E3DA9D38 ESP=0018FE48 EBP=0018FEFE ESI=0040C4A8 EDI=0018FE48 EFLAG=00000206
0040B9EF	MOV      DL, 0xdf                                         EAX=60A014A7 ECX=77AE38FE EDX=0040BFCA EBX=E3DA9D38 ESP=0018FE48 EBP=0018FEFE ESI=0040C4A8 EDI=0018FE48 EFLAG=00000206
0040B9F1	TEST     BL, 0x9d                                         EAX=60A014A7 ECX=77AE38FE EDX=0040BFDF EBX=E3DA9D38 ESP=0018FE48 EBP=0018FEFE ESI=0040C4A8 EDI=0018FE48 EFLAG=00000206
0040B9F4	MOV      DL, [EBP+0x4]                                    EAX=60A014A7 ECX=77AE38FE EDX=0040BFDF EBX=E3DA9D38 ESP=0018FE48 EBP=0018FEFE ESI=0040C4A8 EDI=0018FE48 EFLAG=00000206
0040C228	ADD      EBP, 0x6                                         EAX=60A014A7 ECX=77AE38FE EDX=0040BFAE EBX=E3DA9D38 ESP=0018FE48 EBP=0018FEFE ESI=0040C4A8 EDI=0018FE48 EFLAG=00000206
0040C22B	CALL     0x40a15c                                         EAX=60A014A7 ECX=77AE38FE EDX=0040BFAE EBX=E3DA9D38 ESP=0018FE48 EBP=0018FF04 ESI=0040C4A8 EDI=0018FE48 EFLAG=00000212
0040A15C	PUSHA                                                     EAX=60A014A7 ECX=77AE38FE EDX=0040BFAE EBX=E3DA9D38 ESP=0018FE44 EBP=0018FF04 ESI=0040C4A8 EDI=0018FE48 EFLAG=00000212
0040A15D	PUSHA                                                     EAX=60A014A7 ECX=77AE38FE EDX=0040BFAE EBX=E3DA9D38 ESP=0018FE24 EBP=0018FF04 ESI=0040C4A8 EDI=0018FE48 EFLAG=00000212
0040A15E	MOV      [SS:EAX], DL                                     EAX=60A014A7 ECX=77AE38FE EDX=0040BFAE EBX=E3DA9D38 ESP=0018FE04 EBP=0018FF04 ESI=0040C4A8 EDI=0018FE48 EFLAG=00000212
0040A161	PUSHF                                                     EAX=60A014A7 ECX=77AE38FE EDX=0040BFAE EBX=E3DA9D38 ESP=0018FE04 EBP=0018FF04 ESI=0040C4A8 EDI=0018FE48 EFLAG=00000212
0040A162	MOV      [ESP], CH                                        EAX=60A014A7 ECX=77AE38FE EDX=0040BFAE EBX=E3DA9D38 ESP=0018FE00 EBP=0018FF04 ESI=0040C4A8 EDI=0018FE48 EFLAG=00000212
0040A165	PUSHF                                                     EAX=60A014A7 ECX=77AE38FE EDX=0040BFAE EBX=E3DA9D38 ESP=0018FE00 EBP=0018FF04 ESI=0040C4A8 EDI=0018FE48 EFLAG=00000212
0040A166	LEA      ESP, [ESP+0x4c]                                  EAX=60A014A7 ECX=77AE38FE EDX=0040BFAE EBX=E3DA9D38 ESP=0018FDFC EBP=0018FF04 ESI=0040C4A8 EDI=0018FE48 EFLAG=00000212
0040BEFD	BSWAP    DX                                               EAX=60A014A7 ECX=77AE38FE EDX=0040BFAE EBX=E3DA9D38 ESP=0018FE48 EBP=0018FF04 ESI=0040C4A8 EDI=0018FE48 EFLAG=00000212
0040BF00	RCL      DL, CL                                           EAX=60A014A7 ECX=77AE38FE EDX=00400000 EBX=E3DA9D38 ESP=0018FE48 EBP=0018FF04 ESI=0040C4A8 EDI=0018FE48 EFLAG=00000212
0040BF02	PUSHA                                                     EAX=60A014A7 ECX=77AE38FE EDX=00400000 EBX=E3DA9D38 ESP=0018FE48 EBP=0018FF04 ESI=0040C4A8 EDI=0018FE48 EFLAG=00000212
0040BF03	AND      EDX, 0xfdc85d80                                  EAX=60A014A7 ECX=77AE38FE EDX=00400000 EBX=E3DA9D38 ESP=0018FE28 EBP=0018FF04 ESI=0040C4A8 EDI=0018FE48 EFLAG=00000212
0040BF09	MOV      AL, [ESI-0x1]                                    EAX=60A014A7 ECX=77AE38FE EDX=00400000 EBX=E3DA9D38 ESP=0018FE28 EBP=0018FF04 ESI=0040C4A8 EDI=0018FE48 EFLAG=00000206
0040BF0C	DEC      DH                                               EAX=60A01424 ECX=77AE38FE EDX=00400000 EBX=E3DA9D38 ESP=0018FE28 EBP=0018FF04 ESI=0040C4A8 EDI=0018FE48 EFLAG=00000206
0040BF0E	SUB      AL, BL                                           EAX=60A01424 ECX=77AE38FE EDX=0040FF00 EBX=E3DA9D38 ESP=0018FE28 EBP=0018FF04 ESI=0040C4A8 EDI=0018FE48 EFLAG=00000296
0040BF10	PUSHF                                                     EAX=60A014EC ECX=77AE38FE EDX=0040FF00 EBX=E3DA9D38 ESP=0018FE28 EBP=0018FF04 ESI=0040C4A8 EDI=0018FE48 EFLAG=00000293
0040BF11	BTC      DX, 0x4                                          EAX=60A014EC ECX=77AE38FE EDX=0040FF00 EBX=E3DA9D38 ESP=0018FE24 EBP=0018FF04 ESI=0040C4A8 EDI=0018FE48 EFLAG=00000293
0040BF16	PUSH     ESP                                              EAX=60A014EC ECX=77AE38FE EDX=0040FF10 EBX=E3DA9D38 ESP=0018FE24 EBP=0018FF04 ESI=0040C4A8 EDI=0018FE48 EFLAG=00000292
0040BF17	MOVZX    DX, AL                                           EAX=60A014EC ECX=77AE38FE EDX=0040FF10 EBX=E3DA9D38 ESP=0018FE20 EBP=0018FF04 ESI=0040C4A8 EDI=0018FE48 EFLAG=00000292
0040BF1B	ROR      AL, 0x7                                          EAX=60A014EC ECX=77AE38FE EDX=004000EC EBX=E3DA9D38 ESP=0018FE20 EBP=0018FF04 ESI=0040C4A8 EDI=0018FE48 EFLAG=00000292
0040BF1E	ROL      DH, 0x3                                          EAX=60A014D9 ECX=77AE38FE EDX=004000EC EBX=E3DA9D38 ESP=0018FE20 EBP=0018FF04 ESI=0040C4A8 EDI=0018FE48 EFLAG=00000293
0040BF21	SUB      AL, 0x30                                         EAX=60A014D9 ECX=77AE38FE EDX=004000EC EBX=E3DA9D38 ESP=0018FE20 EBP=0018FF04 ESI=0040C4A8 EDI=0018FE48 EFLAG=00000292
0040BF23	SHR      DX, 0x9                                          EAX=60A014A9 ECX=77AE38FE EDX=004000EC EBX=E3DA9D38 ESP=0018FE20 EBP=0018FF04 ESI=0040C4A8 EDI=0018FE48 EFLAG=00000286
0040BF27	XOR      AL, 0xce                                         EAX=60A014A9 ECX=77AE38FE EDX=00400000 EBX=E3DA9D38 ESP=0018FE20 EBP=0018FF04 ESI=0040C4A8 EDI=0018FE48 EFLAG=00000246
0040BF29	ADC      DL, 0xdb                                         EAX=60A01467 ECX=77AE38FE EDX=00400000 EBX=E3DA9D38 ESP=0018FE20 EBP=0018FF04 ESI=0040C4A8 EDI=0018FE48 EFLAG=00000202
0040BF2C	BT       EBX, EDI                                         EAX=60A01467 ECX=77AE38FE EDX=004000DB EBX=E3DA9D38 ESP=0018FE20 EBP=0018FF04 ESI=0040C4A8 EDI=0018FE48 EFLAG=00000286
0040BF2F	SETL     DH                                               EAX=60A01467 ECX=77AE38FE EDX=004000DB EBX=E3DA9D38 ESP=0018FE20 EBP=0018FF04 ESI=0040C4A8 EDI=0018FE48 EFLAG=00000287
0040BF32	SUB      BL, AL                                           EAX=60A01467 ECX=77AE38FE EDX=004001DB EBX=E3DA9D38 ESP=0018FE20 EBP=0018FF04 ESI=0040C4A8 EDI=0018FE48 EFLAG=00000287
0040BF34	STC                                                       EAX=60A01467 ECX=77AE38FE EDX=004001DB EBX=E3DA9DD1 ESP=0018FE20 EBP=0018FF04 ESI=0040C4A8 EDI=0018FE48 EFLAG=00000287
0040BF35	MOVZX    EAX, AL                                          EAX=60A01467 ECX=77AE38FE EDX=004001DB EBX=E3DA9DD1 ESP=0018FE20 EBP=0018FF04 ESI=0040C4A8 EDI=0018FE48 EFLAG=00000287
0040BF38	NOT      EDX                                              EAX=00000067 ECX=77AE38FE EDX=004001DB EBX=E3DA9DD1 ESP=0018FE20 EBP=0018FF04 ESI=0040C4A8 EDI=0018FE48 EFLAG=00000287
0040BF3A	BSF      EDX, EDI                                         EAX=00000067 ECX=77AE38FE EDX=FFBFFE24 EBX=E3DA9DD1 ESP=0018FE20 EBP=0018FF04 ESI=0040C4A8 EDI=0018FE48 EFLAG=00000287
0040BF3E	CMC                                                       EAX=00000067 ECX=77AE38FE EDX=FFBF0003 EBX=E3DA9DD1 ESP=0018FE20 EBP=0018FF04 ESI=0040C4A8 EDI=0018FE48 EFLAG=00000206
0040BF3F	SAL      DH, CL                                           EAX=00000067 ECX=77AE38FE EDX=FFBF0003 EBX=E3DA9DD1 ESP=0018FE20 EBP=0018FF04 ESI=0040C4A8 EDI=0018FE48 EFLAG=00000207
0040BF41	MOV      EDX, [EAX*4+0x40a51f]                            EAX=00000067 ECX=77AE38FE EDX=FFBF0003 EBX=E3DA9DD1 ESP=0018FE20 EBP=0018FF04 ESI=0040C4A8 EDI=0018FE48 EFLAG=00000246
0040BF48	TEST     EDX, 0xe75c2a09                                  EAX=00000067 ECX=77AE38FE EDX=2BFA6BAA EBX=E3DA9DD1 ESP=0018FE20 EBP=0018FF04 ESI=0040C4A8 EDI=0018FE48 EFLAG=00000246
0040BF4E	TEST     BL, DL                                           EAX=00000067 ECX=77AE38FE EDX=2BFA6BAA EBX=E3DA9DD1 ESP=0018FE20 EBP=0018FF04 ESI=0040C4A8 EDI=0018FE48 EFLAG=00000202
0040BF50	SUB      EDX, 0x2bb9b71b                                  EAX=00000067 ECX=77AE38FE EDX=2BFA6BAA EBX=E3DA9DD1 ESP=0018FE20 EBP=0018FF04 ESI=0040C4A8 EDI=0018FE48 EFLAG=00000282
0040BF56	CALL     0x40bd78                                         EAX=00000067 ECX=77AE38FE EDX=0040B48F EBX=E3DA9DD1 ESP=0018FE20 EBP=0018FF04 ESI=0040C4A8 EDI=0018FE48 EFLAG=00000212
0040BD78	PUSH     EDX                                              EAX=00000067 ECX=77AE38FE EDX=0040B48F EBX=E3DA9DD1 ESP=0018FE1C EBP=0018FF04 ESI=0040C4A8 EDI=0018FE48 EFLAG=00000212
0040BD79	DEC      ESI                                              EAX=00000067 ECX=77AE38FE EDX=0040B48F EBX=E3DA9DD1 ESP=0018FE18 EBP=0018FF04 ESI=0040C4A8 EDI=0018FE48 EFLAG=00000212
0040BD7A	PUSHF                                                     EAX=00000067 ECX=77AE38FE EDX=0040B48F EBX=E3DA9DD1 ESP=0018FE18 EBP=0018FF04 ESI=0040C4A7 EDI=0018FE48 EFLAG=00000202
0040A91F	MOV      [ESP], DH                                        EAX=00000067 ECX=77AE38FE EDX=0040B48F EBX=E3DA9DD1 ESP=0018FE14 EBP=0018FF04 ESI=0040C4A7 EDI=0018FE48 EFLAG=00000202
0040A922	MOV      [ESP+0x30], EDX                                  EAX=00000067 ECX=77AE38FE EDX=0040B48F EBX=E3DA9DD1 ESP=0018FE14 EBP=0018FF04 ESI=0040C4A7 EDI=0018FE48 EFLAG=00000202
0040A926	MOV      [ESP], AL                                        EAX=00000067 ECX=77AE38FE EDX=0040B48F EBX=E3DA9DD1 ESP=0018FE14 EBP=0018FF04 ESI=0040C4A7 EDI=0018FE48 EFLAG=00000202
0040A929	PUSH     DWORD [ESP+0x30]                                 EAX=00000067 ECX=77AE38FE EDX=0040B48F EBX=E3DA9DD1 ESP=0018FE14 EBP=0018FF04 ESI=0040C4A7 EDI=0018FE48 EFLAG=00000202
0040A92D	RET      0x34                                             EAX=00000067 ECX=77AE38FE EDX=0040B48F EBX=E3DA9DD1 ESP=0018FE10 EBP=0018FF04 ESI=0040C4A7 EDI=0018FE48 EFLAG=00000202
0040B48F	NEG      AL                                               EAX=00000067 ECX=77AE38FE EDX=0040B48F EBX=E3DA9DD1 ESP=0018FE48 EBP=0018FF04 ESI=0040C4A7 EDI=0018FE48 EFLAG=00000202
0040B491	BTC      AX, BX                                           EAX=00000099 ECX=77AE38FE EDX=0040B48F EBX=E3DA9DD1 ESP=0018FE48 EBP=0018FF04 ESI=0040C4A7 EDI=0018FE48 EFLAG=00000297
0040B495	MOV      AX, [EBP+0x0]                                    EAX=0000009B ECX=77AE38FE EDX=0040B48F EBX=E3DA9DD1 ESP=0018FE48 EBP=0018FF04 ESI=0040C4A7 EDI=0018FE48 EFLAG=00000296
0040B499	STC                                                       EAX=0000C21C ECX=77AE38FE EDX=0040B48F EBX=E3DA9DD1 ESP=0018FE48 EBP=0018FF04 ESI=0040C4A7 EDI=0018FE48 EFLAG=00000296
0040B49A	SUB      EBP, 0x2                                         EAX=0000C21C ECX=77AE38FE EDX=0040B48F EBX=E3DA9DD1 ESP=0018FE48 EBP=0018FF04 ESI=0040C4A7 EDI=0018FE48 EFLAG=00000297
0040B49D	PUSH     EDI                                              EAX=0000C21C ECX=77AE38FE EDX=0040B48F EBX=E3DA9DD1 ESP=0018FE48 EBP=0018FF02 ESI=0040C4A7 EDI=0018FE48 EFLAG=00000202
0040B49E	TEST     BH, CH                                           EAX=0000C21C ECX=77AE38FE EDX=0040B48F EBX=E3DA9DD1 ESP=0018FE44 EBP=0018FF02 ESI=0040C4A7 EDI=0018FE48 EFLAG=00000202
0040B4A0	ADD      [EBP+0x4], AX                                    EAX=0000C21C ECX=77AE38FE EDX=0040B48F EBX=E3DA9DD1 ESP=0018FE44 EBP=0018FF02 ESI=0040C4A7 EDI=0018FE48 EFLAG=00000206
0040AECD	MOV      [ESP], AH                                        EAX=0000C21C ECX=77AE38FE EDX=0040B48F EBX=E3DA9DD1 ESP=0018FE44 EBP=0018FF02 ESI=0040C4A7 EDI=0018FE48 EFLAG=00000293
0040AED0	PUSHF                                                     EAX=0000C21C ECX=77AE38FE EDX=0040B48F EBX=E3DA9DD1 ESP=0018FE44 EBP=0018FF02 ESI=0040C4A7 EDI=0018FE48 EFLAG=00000293
0040AED1	POP      DWORD [ESP]                                      EAX=0000C21C ECX=77AE38FE EDX=0040B48F EBX=E3DA9DD1 ESP=0018FE40 EBP=0018FF02 ESI=0040C4A7 EDI=0018FE48 EFLAG=00000293
0040AED4	PUSHA                                                     EAX=0000C21C ECX=77AE38FE EDX=0040B48F EBX=E3DA9DD1 ESP=0018FE44 EBP=0018FF02 ESI=0040C4A7 EDI=0018FE48 EFLAG=00000293
0040AED5	CALL     0x40b973                                         EAX=0000C21C ECX=77AE38FE EDX=0040B48F EBX=E3DA9DD1 ESP=0018FE24 EBP=0018FF02 ESI=0040C4A7 EDI=0018FE48 EFLAG=00000293
0040B973	PUSH     DWORD [ESP+0x24]                                 EAX=0000C21C ECX=77AE38FE EDX=0040B48F EBX=E3DA9DD1 ESP=0018FE20 EBP=0018FF02 ESI=0040C4A7 EDI=0018FE48 EFLAG=00000293
0040B977	POP      DWORD [EBP+0x0]                                  EAX=0000C21C ECX=77AE38FE EDX=0040B48F EBX=E3DA9DD1 ESP=0018FE1C EBP=0018FF02 ESI=0040C4A7 EDI=0018FE48 EFLAG=00000293
0040B97A	PUSH     DWORD [ESP]                                      EAX=0000C21C ECX=77AE38FE EDX=0040B48F EBX=E3DA9DD1 ESP=0018FE20 EBP=0018FF02 ESI=0040C4A7 EDI=0018FE48 EFLAG=00000293
0040B97D	LEA      ESP, [ESP+0x2c]                                  EAX=0000C21C ECX=77AE38FE EDX=0040B48F EBX=E3DA9DD1 ESP=0018FE1C EBP=0018FF02 ESI=0040C4A7 EDI=0018FE48 EFLAG=00000293
0040C360	TEST     DH, 0x76                                         EAX=0000C21C ECX=77AE38FE EDX=0040B48F EBX=E3DA9DD1 ESP=0018FE48 EBP=0018FF02 ESI=0040C4A7 EDI=0018FE48 EFLAG=00000293
0040C363	LEA      EAX, [EDI+0x50]                                  EAX=0000C21C ECX=77AE38FE EDX=0040B48F EBX=E3DA9DD1 ESP=0018FE48 EBP=0018FF02 ESI=0040C4A7 EDI=0018FE48 EFLAG=00000202
0040C366	PUSH     DWORD 0xa76b4735                                 EAX=0018FE98 ECX=77AE38FE EDX=0040B48F EBX=E3DA9DD1 ESP=0018FE48 EBP=0018FF02 ESI=0040C4A7 EDI=0018FE48 EFLAG=00000202
0040C36B	STC                                                       EAX=0018FE98 ECX=77AE38FE EDX=0040B48F EBX=E3DA9DD1 ESP=0018FE44 EBP=0018FF02 ESI=0040C4A7 EDI=0018FE48 EFLAG=00000202
0040C36C	CMP      EBP, EAX                                         EAX=0018FE98 ECX=77AE38FE EDX=0040B48F EBX=E3DA9DD1 ESP=0018FE44 EBP=0018FF02 ESI=0040C4A7 EDI=0018FE48 EFLAG=00000203
0040C36E	PUSH     DWORD 0xbe8fd443                                 EAX=0018FE98 ECX=77AE38FE EDX=0040B48F EBX=E3DA9DD1 ESP=0018FE44 EBP=0018FF02 ESI=0040C4A7 EDI=0018FE48 EFLAG=00000216
0040C373	LEA      ESP, [ESP+0x8]                                   EAX=0018FE98 ECX=77AE38FE EDX=0040B48F EBX=E3DA9DD1 ESP=0018FE40 EBP=0018FF02 ESI=0040C4A7 EDI=0018FE48 EFLAG=00000216
0040C377	JA       0x40befd                                         EAX=0018FE98 ECX=77AE38FE EDX=0040B48F EBX=E3DA9DD1 ESP=0018FE48 EBP=0018FF02 ESI=0040C4A7 EDI=0018FE48 EFLAG=00000216
0040BEFD	BSWAP    DX                                               EAX=0018FE98 ECX=77AE38FE EDX=0040B48F EBX=E3DA9DD1 ESP=0018FE48 EBP=0018FF02 ESI=0040C4A7 EDI=0018FE48 EFLAG=00000216
0040BF00	RCL      DL, CL                                           EAX=0018FE98 ECX=77AE38FE EDX=00400000 EBX=E3DA9DD1 ESP=0018FE48 EBP=0018FF02 ESI=0040C4A7 EDI=0018FE48 EFLAG=00000216
0040BF02	PUSHA                                                     EAX=0018FE98 ECX=77AE38FE EDX=00400000 EBX=E3DA9DD1 ESP=0018FE48 EBP=0018FF02 ESI=0040C4A7 EDI=0018FE48 EFLAG=00000216
0040BF03	AND      EDX, 0xfdc85d80                                  EAX=0018FE98 ECX=77AE38FE EDX=00400000 EBX=E3DA9DD1 ESP=0018FE28 EBP=0018FF02 ESI=0040C4A7 EDI=0018FE48 EFLAG=00000216
0040BF09	MOV      AL, [ESI-0x1]                                    EAX=0018FE98 ECX=77AE38FE EDX=00400000 EBX=E3DA9DD1 ESP=0018FE28 EBP=0018FF02 ESI=0040C4A7 EDI=0018FE48 EFLAG=00000206
0040BF0C	DEC      DH                                               EAX=0018FE44 ECX=77AE38FE EDX=00400000 EBX=E3DA9DD1 ESP=0018FE28 EBP=0018FF02 ESI=0040C4A7 EDI=0018FE48 EFLAG=00000206
0040BF0E	SUB      AL, BL                                           EAX=0018FE44 ECX=77AE38FE EDX=0040FF00 EBX=E3DA9DD1 ESP=0018FE28 EBP=0018FF02 ESI=0040C4A7 EDI=0018FE48 EFLAG=00000296
0040BF10	PUSHF                                                     EAX=0018FE73 ECX=77AE38FE EDX=0040FF00 EBX=E3DA9DD1 ESP=0018FE28 EBP=0018FF02 ESI=0040C4A7 EDI=0018FE48 EFLAG=00000203
0040BF11	BTC      DX, 0x4                                          EAX=0018FE73 ECX=77AE38FE EDX=0040FF00 EBX=E3DA9DD1 ESP=0018FE24 EBP=0018FF02 ESI=0040C4A7 EDI=0018FE48 EFLAG=00000203
0040BF16	PUSH     ESP                                              EAX=0018FE73 ECX=77AE38FE EDX=0040FF10 EBX=E3DA9DD1 ESP=0018FE24 EBP=0018FF02 ESI=0040C4A7 EDI=0018FE48 EFLAG=00000202
0040BF17	MOVZX    DX, AL                                           EAX=0018FE73 ECX=77AE38FE EDX=0040FF10 EBX=E3DA9DD1 ESP=0018FE20 EBP=0018FF02 ESI=0040C4A7 EDI=0018FE48 EFLAG=00000202
0040BF1B	ROR      AL, 0x7                                          EAX=0018FE73 ECX=77AE38FE EDX=00400073 EBX=E3DA9DD1 ESP=0018FE20 EBP=0018FF02 ESI=0040C4A7 EDI=0018FE48 EFLAG=00000202
0040BF1E	ROL      DH, 0x3                                          EAX=0018FEE6 ECX=77AE38FE EDX=00400073 EBX=E3DA9DD1 ESP=0018FE20 EBP=0018FF02 ESI=0040C4A7 EDI=0018FE48 EFLAG=00000203
0040BF21	SUB      AL, 0x30                                         EAX=0018FEE6 ECX=77AE38FE EDX=00400073 EBX=E3DA9DD1 ESP=0018FE20 EBP=0018FF02 ESI=0040C4A7 EDI=0018FE48 EFLAG=00000202
0040BF23	SHR      DX, 0x9                                          EAX=0018FEB6 ECX=77AE38FE EDX=00400073 EBX=E3DA9DD1 ESP=0018FE20 EBP=0018FF02 ESI=0040C4A7 EDI=0018FE48 EFLAG=00000282
0040BF27	XOR      AL, 0xce                                         EAX=0018FEB6 ECX=77AE38FE EDX=00400000 EBX=E3DA9DD1 ESP=0018FE20 EBP=0018FF02 ESI=0040C4A7 EDI=0018FE48 EFLAG=00000246
0040BF29	ADC      DL, 0xdb                                         EAX=0018FE78 ECX=77AE38FE EDX=00400000 EBX=E3DA9DD1 ESP=0018FE20 EBP=0018FF02 ESI=0040C4A7 EDI=0018FE48 EFLAG=00000206
0040BF2C	BT       EBX, EDI                                         EAX=0018FE78 ECX=77AE38FE EDX=004000DB EBX=E3DA9DD1 ESP=0018FE20 EBP=0018FF02 ESI=0040C4A7 EDI=0018FE48 EFLAG=00000286
0040BF2F	SETL     DH                                               EAX=0018FE78 ECX=77AE38FE EDX=004000DB EBX=E3DA9DD1 ESP=0018FE20 EBP=0018FF02 ESI=0040C4A7 EDI=0018FE48 EFLAG=00000287
0040BF32	SUB      BL, AL                                           EAX=0018FE78 ECX=77AE38FE EDX=004001DB EBX=E3DA9DD1 ESP=0018FE20 EBP=0018FF02 ESI=0040C4A7 EDI=0018FE48 EFLAG=00000287
0040BF34	STC                                                       EAX=0018FE78 ECX=77AE38FE EDX=004001DB EBX=E3DA9D59 ESP=0018FE20 EBP=0018FF02 ESI=0040C4A7 EDI=0018FE48 EFLAG=00000A16
0040BF35	MOVZX    EAX, AL                                          EAX=0018FE78 ECX=77AE38FE EDX=004001DB EBX=E3DA9D59 ESP=0018FE20 EBP=0018FF02 ESI=0040C4A7 EDI=0018FE48 EFLAG=00000A17
0040BF38	NOT      EDX                                              EAX=00000078 ECX=77AE38FE EDX=004001DB EBX=E3DA9D59 ESP=0018FE20 EBP=0018FF02 ESI=0040C4A7 EDI=0018FE48 EFLAG=00000A17
0040BF3A	BSF      EDX, EDI                                         EAX=00000078 ECX=77AE38FE EDX=FFBFFE24 EBX=E3DA9D59 ESP=0018FE20 EBP=0018FF02 ESI=0040C4A7 EDI=0018FE48 EFLAG=00000A17
0040BF3E	CMC                                                       EAX=00000078 ECX=77AE38FE EDX=FFBF0003 EBX=E3DA9D59 ESP=0018FE20 EBP=0018FF02 ESI=0040C4A7 EDI=0018FE48 EFLAG=00000206
0040BF3F	SAL      DH, CL                                           EAX=00000078 ECX=77AE38FE EDX=FFBF0003 EBX=E3DA9D59 ESP=0018FE20 EBP=0018FF02 ESI=0040C4A7 EDI=0018FE48 EFLAG=00000207
0040BF41	MOV      EDX, [EAX*4+0x40a51f]                            EAX=00000078 ECX=77AE38FE EDX=FFBF0003 EBX=E3DA9D59 ESP=0018FE20 EBP=0018FF02 ESI=0040C4A7 EDI=0018FE48 EFLAG=00000246
0040BF48	TEST     EDX, 0xe75c2a09                                  EAX=00000078 ECX=77AE38FE EDX=2BFA76EF EBX=E3DA9D59 ESP=0018FE20 EBP=0018FF02 ESI=0040C4A7 EDI=0018FE48 EFLAG=00000246
0040BF4E	TEST     BL, DL                                           EAX=00000078 ECX=77AE38FE EDX=2BFA76EF EBX=E3DA9D59 ESP=0018FE20 EBP=0018FF02 ESI=0040C4A7 EDI=0018FE48 EFLAG=00000206
0040BF50	SUB      EDX, 0x2bb9b71b                                  EAX=00000078 ECX=77AE38FE EDX=2BFA76EF EBX=E3DA9D59 ESP=0018FE20 EBP=0018FF02 ESI=0040C4A7 EDI=0018FE48 EFLAG=00000202
0040BF56	CALL     0x40bd78                                         EAX=00000078 ECX=77AE38FE EDX=0040BFD4 EBX=E3DA9D59 ESP=0018FE20 EBP=0018FF02 ESI=0040C4A7 EDI=0018FE48 EFLAG=00000206
0040BD78	PUSH     EDX                                              EAX=00000078 ECX=77AE38FE EDX=0040BFD4 EBX=E3DA9D59 ESP=0018FE1C EBP=0018FF02 ESI=0040C4A7 EDI=0018FE48 EFLAG=00000206
0040BD79	DEC      ESI                                              EAX=00000078 ECX=77AE38FE EDX=0040BFD4 EBX=E3DA9D59 ESP=0018FE18 EBP=0018FF02 ESI=0040C4A7 EDI=0018FE48 EFLAG=00000206
0040BD7A	PUSHF                                                     EAX=00000078 ECX=77AE38FE EDX=0040BFD4 EBX=E3DA9D59 ESP=0018FE18 EBP=0018FF02 ESI=0040C4A6 EDI=0018FE48 EFLAG=00000206
0040A91F	MOV      [ESP], DH                                        EAX=00000078 ECX=77AE38FE EDX=0040BFD4 EBX=E3DA9D59 ESP=0018FE14 EBP=0018FF02 ESI=0040C4A6 EDI=0018FE48 EFLAG=00000206
0040A922	MOV      [ESP+0x30], EDX                                  EAX=00000078 ECX=77AE38FE EDX=0040BFD4 EBX=E3DA9D59 ESP=0018FE14 EBP=0018FF02 ESI=0040C4A6 EDI=0018FE48 EFLAG=00000206
0040A926	MOV      [ESP], AL                                        EAX=00000078 ECX=77AE38FE EDX=0040BFD4 EBX=E3DA9D59 ESP=0018FE14 EBP=0018FF02 ESI=0040C4A6 EDI=0018FE48 EFLAG=00000206
0040A929	PUSH     DWORD [ESP+0x30]                                 EAX=00000078 ECX=77AE38FE EDX=0040BFD4 EBX=E3DA9D59 ESP=0018FE14 EBP=0018FF02 ESI=0040C4A6 EDI=0018FE48 EFLAG=00000206
0040A92D	RET      0x34                                             EAX=00000078 ECX=77AE38FE EDX=0040BFD4 EBX=E3DA9D59 ESP=0018FE10 EBP=0018FF02 ESI=0040C4A6 EDI=0018FE48 EFLAG=00000206
0040BFD4	MOV      DH, 0xa2                                         EAX=00000078 ECX=77AE38FE EDX=0040BFD4 EBX=E3DA9D59 ESP=0018FE48 EBP=0018FF02 ESI=0040C4A6 EDI=0018FE48 EFLAG=00000206
0040BFD7	ADD      AL, DH                                           EAX=00000078 ECX=77AE38FE EDX=0040A2D4 EBX=E3DA9D59 ESP=0018FE48 EBP=0018FF02 ESI=0040C4A6 EDI=0018FE48 EFLAG=00000206
0040BFD9	MOV      AL, [ESI-0x1]                                    EAX=0000001A ECX=77AE38FE EDX=0040A2D4 EBX=E3DA9D59 ESP=0018FE48 EBP=0018FF02 ESI=0040C4A6 EDI=0018FE48 EFLAG=00000203
0040BFDC	ROL      DL, 0x4                                          EAX=000000C7 ECX=77AE38FE EDX=0040A2D4 EBX=E3DA9D59 ESP=0018FE48 EBP=0018FF02 ESI=0040C4A6 EDI=0018FE48 EFLAG=00000203
0040BFDF	XOR      AL, BL                                           EAX=000000C7 ECX=77AE38FE EDX=0040A24D EBX=E3DA9D59 ESP=0018FE48 EBP=0018FF02 ESI=0040C4A6 EDI=0018FE48 EFLAG=00000A03
0040BFE1	INC      DX                                               EAX=0000009E ECX=77AE38FE EDX=0040A24D EBX=E3DA9D59 ESP=0018FE48 EBP=0018FF02 ESI=0040C4A6 EDI=0018FE48 EFLAG=00000282
0040BFE4	INC      DL                                               EAX=0000009E ECX=77AE38FE EDX=0040A24E EBX=E3DA9D59 ESP=0018FE48 EBP=0018FF02 ESI=0040C4A6 EDI=0018FE48 EFLAG=00000286
0040BFE6	PUSHF                                                     EAX=0000009E ECX=77AE38FE EDX=0040A24F EBX=E3DA9D59 ESP=0018FE48 EBP=0018FF02 ESI=0040C4A6 EDI=0018FE48 EFLAG=00000202
0040BFE7	DEC      ESI                                              EAX=0000009E ECX=77AE38FE EDX=0040A24F EBX=E3DA9D59 ESP=0018FE44 EBP=0018FF02 ESI=0040C4A6 EDI=0018FE48 EFLAG=00000202
0040BFE8	BSWAP    DX                                               EAX=0000009E ECX=77AE38FE EDX=0040A24F EBX=E3DA9D59 ESP=0018FE44 EBP=0018FF02 ESI=0040C4A5 EDI=0018FE48 EFLAG=00000206
0040BFEB	INC      DX                                               EAX=0000009E ECX=77AE38FE EDX=00400000 EBX=E3DA9D59 ESP=0018FE44 EBP=0018FF02 ESI=0040C4A5 EDI=0018FE48 EFLAG=00000206
0040BFEE	DEC      AL                                               EAX=0000009E ECX=77AE38FE EDX=00400001 EBX=E3DA9D59 ESP=0018FE44 EBP=0018FF02 ESI=0040C4A5 EDI=0018FE48 EFLAG=00000202
0040BFF0	CMC                                                       EAX=0000009D ECX=77AE38FE EDX=00400001 EBX=E3DA9D59 ESP=0018FE44 EBP=0018FF02 ESI=0040C4A5 EDI=0018FE48 EFLAG=00000282
0040BFF1	CMP      CH, CL                                           EAX=0000009D ECX=77AE38FE EDX=00400001 EBX=E3DA9D59 ESP=0018FE44 EBP=0018FF02 ESI=0040C4A5 EDI=0018FE48 EFLAG=00000283
0040BFF3	XOR      AL, 0xfa                                         EAX=0000009D ECX=77AE38FE EDX=00400001 EBX=E3DA9D59 ESP=0018FE44 EBP=0018FF02 ESI=0040C4A5 EDI=0018FE48 EFLAG=00000217
0040BFF5	SUB      DH, DH                                           EAX=00000067 ECX=77AE38FE EDX=00400001 EBX=E3DA9D59 ESP=0018FE44 EBP=0018FF02 ESI=0040C4A5 EDI=0018FE48 EFLAG=00000202
0040BFF7	TEST     SP, CX                                           EAX=00000067 ECX=77AE38FE EDX=00400001 EBX=E3DA9D59 ESP=0018FE44 EBP=0018FF02 ESI=0040C4A5 EDI=0018FE48 EFLAG=00000246
0040BFFA	SUB      AL, 0x88                                         EAX=00000067 ECX=77AE38FE EDX=00400001 EBX=E3DA9D59 ESP=0018FE44 EBP=0018FF02 ESI=0040C4A5 EDI=0018FE48 EFLAG=00000206
0040BFFC	XOR      DL, BL                                           EAX=000000DF ECX=77AE38FE EDX=00400001 EBX=E3DA9D59 ESP=0018FE44 EBP=0018FF02 ESI=0040C4A5 EDI=0018FE48 EFLAG=00000A93
0040BFFE	PUSH     DWORD [ESP]                                      EAX=000000DF ECX=77AE38FE EDX=00400058 EBX=E3DA9D59 ESP=0018FE44 EBP=0018FF02 ESI=0040C4A5 EDI=0018FE48 EFLAG=00000202
0040C001	DEC      DH                                               EAX=000000DF ECX=77AE38FE EDX=00400058 EBX=E3DA9D59 ESP=0018FE40 EBP=0018FF02 ESI=0040C4A5 EDI=0018FE48 EFLAG=00000202
0040C003	MOVSX    DX, AL                                           EAX=000000DF ECX=77AE38FE EDX=0040FF58 EBX=E3DA9D59 ESP=0018FE40 EBP=0018FF02 ESI=0040C4A5 EDI=0018FE48 EFLAG=00000296
0040C007	XOR      BL, AL                                           EAX=000000DF ECX=77AE38FE EDX=0040FFDF EBX=E3DA9D59 ESP=0018FE40 EBP=0018FF02 ESI=0040C4A5 EDI=0018FE48 EFLAG=00000296
0040C009	SHRD     DX, AX, CL                                       EAX=000000DF ECX=77AE38FE EDX=0040FFDF EBX=E3DA9D86 ESP=0018FE40 EBP=0018FF02 ESI=0040C4A5 EDI=0018FE48 EFLAG=00000282
0040C2A0	MOV      DX, [EBP+0x0]                                    EAX=000000DF ECX=77AE38FE EDX=0040FF7C EBX=E3DA9D86 ESP=0018FE40 EBP=0018FF02 ESI=0040C4A5 EDI=0018FE48 EFLAG=00000282
0040B814	CLC                                                       EAX=000000DF ECX=77AE38FE EDX=00400293 EBX=E3DA9D86 ESP=0018FE40 EBP=0018FF02 ESI=0040C4A5 EDI=0018FE48 EFLAG=00000282
0040B815	ADD      EBP, 0x2                                         EAX=000000DF ECX=77AE38FE EDX=00400293 EBX=E3DA9D86 ESP=0018FE40 EBP=0018FF02 ESI=0040C4A5 EDI=0018FE48 EFLAG=00000282
0040B818	PUSHA                                                     EAX=000000DF ECX=77AE38FE EDX=00400293 EBX=E3DA9D86 ESP=0018FE40 EBP=0018FF04 ESI=0040C4A5 EDI=0018FE48 EFLAG=00000202
0040B819	CALL     0x40a37f                                         EAX=000000DF ECX=77AE38FE EDX=00400293 EBX=E3DA9D86 ESP=0018FE20 EBP=0018FF04 ESI=0040C4A5 EDI=0018FE48 EFLAG=00000202
0040A37F	CALL     0x40bdf3                                         EAX=000000DF ECX=77AE38FE EDX=00400293 EBX=E3DA9D86 ESP=0018FE1C EBP=0018FF04 ESI=0040C4A5 EDI=0018FE48 EFLAG=00000202
0040BDF3	PUSH     DWORD [ESP]                                      EAX=000000DF ECX=77AE38FE EDX=00400293 EBX=E3DA9D86 ESP=0018FE18 EBP=0018FF04 ESI=0040C4A5 EDI=0018FE48 EFLAG=00000202
0040BDF6	MOV      [EAX+EDI], DL                                    EAX=000000DF ECX=77AE38FE EDX=00400293 EBX=E3DA9D86 ESP=0018FE14 EBP=0018FF04 ESI=0040C4A5 EDI=0018FE48 EFLAG=00000202
0040BDF9	MOV      BYTE [ESP+0x4], 0x51                             EAX=000000DF ECX=77AE38FE EDX=00400293 EBX=E3DA9D86 ESP=0018FE14 EBP=0018FF04 ESI=0040C4A5 EDI=0018FE48 EFLAG=00000202
0040BDFE	LEA      ESP, [ESP+0x34]                                  EAX=000000DF ECX=77AE38FE EDX=00400293 EBX=E3DA9D86 ESP=0018FE14 EBP=0018FF04 ESI=0040C4A5 EDI=0018FE48 EFLAG=00000202
0040BEFD	BSWAP    DX                                               EAX=000000DF ECX=77AE38FE EDX=00400293 EBX=E3DA9D86 ESP=0018FE48 EBP=0018FF04 ESI=0040C4A5 EDI=0018FE48 EFLAG=00000202
0040BF00	RCL      DL, CL                                           EAX=000000DF ECX=77AE38FE EDX=00400000 EBX=E3DA9D86 ESP=0018FE48 EBP=0018FF04 ESI=0040C4A5 EDI=0018FE48 EFLAG=00000202
0040BF02	PUSHA                                                     EAX=000000DF ECX=77AE38FE EDX=00400000 EBX=E3DA9D86 ESP=0018FE48 EBP=0018FF04 ESI=0040C4A5 EDI=0018FE48 EFLAG=00000202
0040BF03	AND      EDX, 0xfdc85d80                                  EAX=000000DF ECX=77AE38FE EDX=00400000 EBX=E3DA9D86 ESP=0018FE28 EBP=0018FF04 ESI=0040C4A5 EDI=0018FE48 EFLAG=00000202
0040BF09	MOV      AL, [ESI-0x1]                                    EAX=000000DF ECX=77AE38FE EDX=00400000 EBX=E3DA9D86 ESP=0018FE28 EBP=0018FF04 ESI=0040C4A5 EDI=0018FE48 EFLAG=00000206
0040BF0C	DEC      DH                                               EAX=000000B1 ECX=77AE38FE EDX=00400000 EBX=E3DA9D86 ESP=0018FE28 EBP=0018FF04 ESI=0040C4A5 EDI=0018FE48 EFLAG=00000206
0040BF0E	SUB      AL, BL                                           EAX=000000B1 ECX=77AE38FE EDX=0040FF00 EBX=E3DA9D86 ESP=0018FE28 EBP=0018FF04 ESI=0040C4A5 EDI=0018FE48 EFLAG=00000296
0040BF10	PUSHF                                                     EAX=0000002B ECX=77AE38FE EDX=0040FF00 EBX=E3DA9D86 ESP=0018FE28 EBP=0018FF04 ESI=0040C4A5 EDI=0018FE48 EFLAG=00000216
0040BF11	BTC      DX, 0x4                                          EAX=0000002B ECX=77AE38FE EDX=0040FF00 EBX=E3DA9D86 ESP=0018FE24 EBP=0018FF04 ESI=0040C4A5 EDI=0018FE48 EFLAG=00000216
0040BF16	PUSH     ESP                                              EAX=0000002B ECX=77AE38FE EDX=0040FF10 EBX=E3DA9D86 ESP=0018FE24 EBP=0018FF04 ESI=0040C4A5 EDI=0018FE48 EFLAG=00000216
0040BF17	MOVZX    DX, AL                                           EAX=0000002B ECX=77AE38FE EDX=0040FF10 EBX=E3DA9D86 ESP=0018FE20 EBP=0018FF04 ESI=0040C4A5 EDI=0018FE48 EFLAG=00000216
0040BF1B	ROR      AL, 0x7                                          EAX=0000002B ECX=77AE38FE EDX=0040002B EBX=E3DA9D86 ESP=0018FE20 EBP=0018FF04 ESI=0040C4A5 EDI=0018FE48 EFLAG=00000216
0040BF1E	ROL      DH, 0x3                                          EAX=00000056 ECX=77AE38FE EDX=0040002B EBX=E3DA9D86 ESP=0018FE20 EBP=0018FF04 ESI=0040C4A5 EDI=0018FE48 EFLAG=00000A16
0040BF21	SUB      AL, 0x30                                         EAX=00000056 ECX=77AE38FE EDX=0040002B EBX=E3DA9D86 ESP=0018FE20 EBP=0018FF04 ESI=0040C4A5 EDI=0018FE48 EFLAG=00000216
0040BF23	SHR      DX, 0x9                                          EAX=00000026 ECX=77AE38FE EDX=0040002B EBX=E3DA9D86 ESP=0018FE20 EBP=0018FF04 ESI=0040C4A5 EDI=0018FE48 EFLAG=00000202
0040BF27	XOR      AL, 0xce                                         EAX=00000026 ECX=77AE38FE EDX=00400000 EBX=E3DA9D86 ESP=0018FE20 EBP=0018FF04 ESI=0040C4A5 EDI=0018FE48 EFLAG=00000246
0040BF29	ADC      DL, 0xdb                                         EAX=000000E8 ECX=77AE38FE EDX=00400000 EBX=E3DA9D86 ESP=0018FE20 EBP=0018FF04 ESI=0040C4A5 EDI=0018FE48 EFLAG=00000286
0040BF2C	BT       EBX, EDI                                         EAX=000000E8 ECX=77AE38FE EDX=004000DB EBX=E3DA9D86 ESP=0018FE20 EBP=0018FF04 ESI=0040C4A5 EDI=0018FE48 EFLAG=00000286
0040BF2F	SETL     DH                                               EAX=000000E8 ECX=77AE38FE EDX=004000DB EBX=E3DA9D86 ESP=0018FE20 EBP=0018FF04 ESI=0040C4A5 EDI=0018FE48 EFLAG=00000287
0040BF32	SUB      BL, AL                                           EAX=000000E8 ECX=77AE38FE EDX=004001DB EBX=E3DA9D86 ESP=0018FE20 EBP=0018FF04 ESI=0040C4A5 EDI=0018FE48 EFLAG=00000287
0040BF34	STC                                                       EAX=000000E8 ECX=77AE38FE EDX=004001DB EBX=E3DA9D9E ESP=0018FE20 EBP=0018FF04 ESI=0040C4A5 EDI=0018FE48 EFLAG=00000293
0040BF35	MOVZX    EAX, AL                                          EAX=000000E8 ECX=77AE38FE EDX=004001DB EBX=E3DA9D9E ESP=0018FE20 EBP=0018FF04 ESI=0040C4A5 EDI=0018FE48 EFLAG=00000293
0040BF38	NOT      EDX                                              EAX=000000E8 ECX=77AE38FE EDX=004001DB EBX=E3DA9D9E ESP=0018FE20 EBP=0018FF04 ESI=0040C4A5 EDI=0018FE48 EFLAG=00000293
0040BF3A	BSF      EDX, EDI                                         EAX=000000E8 ECX=77AE38FE EDX=FFBFFE24 EBX=E3DA9D9E ESP=0018FE20 EBP=0018FF04 ESI=0040C4A5 EDI=0018FE48 EFLAG=00000293
0040BF3E	CMC                                                       EAX=000000E8 ECX=77AE38FE EDX=FFBF0003 EBX=E3DA9D9E ESP=0018FE20 EBP=0018FF04 ESI=0040C4A5 EDI=0018FE48 EFLAG=00000206
0040BF3F	SAL      DH, CL                                           EAX=000000E8 ECX=77AE38FE EDX=FFBF0003 EBX=E3DA9D9E ESP=0018FE20 EBP=0018FF04 ESI=0040C4A5 EDI=0018FE48 EFLAG=00000207
0040BF41	MOV      EDX, [EAX*4+0x40a51f]                            EAX=000000E8 ECX=77AE38FE EDX=FFBF0003 EBX=E3DA9D9E ESP=0018FE20 EBP=0018FF04 ESI=0040C4A5 EDI=0018FE48 EFLAG=00000246
0040BF48	TEST     EDX, 0xe75c2a09                                  EAX=000000E8 ECX=77AE38FE EDX=2BFA58D5 EBX=E3DA9D9E ESP=0018FE20 EBP=0018FF04 ESI=0040C4A5 EDI=0018FE48 EFLAG=00000246
0040BF4E	TEST     BL, DL                                           EAX=000000E8 ECX=77AE38FE EDX=2BFA58D5 EBX=E3DA9D9E ESP=0018FE20 EBP=0018FF04 ESI=0040C4A5 EDI=0018FE48 EFLAG=00000202
0040BF50	SUB      EDX, 0x2bb9b71b                                  EAX=000000E8 ECX=77AE38FE EDX=2BFA58D5 EBX=E3DA9D9E ESP=0018FE20 EBP=0018FF04 ESI=0040C4A5 EDI=0018FE48 EFLAG=00000282
0040BF56	CALL     0x40bd78                                         EAX=000000E8 ECX=77AE38FE EDX=0040A1BA EBX=E3DA9D9E ESP=0018FE20 EBP=0018FF04 ESI=0040C4A5 EDI=0018FE48 EFLAG=00000212
0040BD78	PUSH     EDX                                              EAX=000000E8 ECX=77AE38FE EDX=0040A1BA EBX=E3DA9D9E ESP=0018FE1C EBP=0018FF04 ESI=0040C4A5 EDI=0018FE48 EFLAG=00000212
0040BD79	DEC      ESI                                              EAX=000000E8 ECX=77AE38FE EDX=0040A1BA EBX=E3DA9D9E ESP=0018FE18 EBP=0018FF04 ESI=0040C4A5 EDI=0018FE48 EFLAG=00000212
0040BD7A	PUSHF                                                     EAX=000000E8 ECX=77AE38FE EDX=0040A1BA EBX=E3DA9D9E ESP=0018FE18 EBP=0018FF04 ESI=0040C4A4 EDI=0018FE48 EFLAG=00000202
0040A91F	MOV      [ESP], DH                                        EAX=000000E8 ECX=77AE38FE EDX=0040A1BA EBX=E3DA9D9E ESP=0018FE14 EBP=0018FF04 ESI=0040C4A4 EDI=0018FE48 EFLAG=00000202
0040A922	MOV      [ESP+0x30], EDX                                  EAX=000000E8 ECX=77AE38FE EDX=0040A1BA EBX=E3DA9D9E ESP=0018FE14 EBP=0018FF04 ESI=0040C4A4 EDI=0018FE48 EFLAG=00000202
0040A926	MOV      [ESP], AL                                        EAX=000000E8 ECX=77AE38FE EDX=0040A1BA EBX=E3DA9D9E ESP=0018FE14 EBP=0018FF04 ESI=0040C4A4 EDI=0018FE48 EFLAG=00000202
0040A929	PUSH     DWORD [ESP+0x30]                                 EAX=000000E8 ECX=77AE38FE EDX=0040A1BA EBX=E3DA9D9E ESP=0018FE14 EBP=0018FF04 ESI=0040C4A4 EDI=0018FE48 EFLAG=00000202
0040A92D	RET      0x34                                             EAX=000000E8 ECX=77AE38FE EDX=0040A1BA EBX=E3DA9D9E ESP=0018FE10 EBP=0018FF04 ESI=0040C4A4 EDI=0018FE48 EFLAG=00000202
0040A1BA	SHL      AH, CL                                           EAX=000000E8 ECX=77AE38FE EDX=0040A1BA EBX=E3DA9D9E ESP=0018FE48 EBP=0018FF04 ESI=0040C4A4 EDI=0018FE48 EFLAG=00000202
0040A1BC	DEC      CL                                               EAX=000000E8 ECX=77AE38FE EDX=0040A1BA EBX=E3DA9D9E ESP=0018FE48 EBP=0018FF04 ESI=0040C4A4 EDI=0018FE48 EFLAG=00000246
0040A1BE	MOV      EAX, [EBP+0x0]                                   EAX=000000E8 ECX=77AE38FD EDX=0040A1BA EBX=E3DA9D9E ESP=0018FE48 EBP=0018FF04 ESI=0040C4A4 EDI=0018FE48 EFLAG=00000282
0040A1C1	NOT      CL                                               EAX=BDFB0000 ECX=77AE38FD EDX=0040A1BA EBX=E3DA9D9E ESP=0018FE48 EBP=0018FF04 ESI=0040C4A4 EDI=0018FE48 EFLAG=00000282
0040A1C3	PUSH     EDX                                              EAX=BDFB0000 ECX=77AE3802 EDX=0040A1BA EBX=E3DA9D9E ESP=0018FE48 EBP=0018FF04 ESI=0040C4A4 EDI=0018FE48 EFLAG=00000282
0040A1C4	MOV      CL, [EBP+0x4]                                    EAX=BDFB0000 ECX=77AE3802 EDX=0040A1BA EBX=E3DA9D9E ESP=0018FE44 EBP=0018FF04 ESI=0040C4A4 EDI=0018FE48 EFLAG=00000282
0040A1C7	PUSH     DWORD 0x3d4afbff                                 EAX=BDFB0000 ECX=77AE3881 EDX=0040A1BA EBX=E3DA9D9E ESP=0018FE44 EBP=0018FF04 ESI=0040C4A4 EDI=0018FE48 EFLAG=00000282
0040A1CC	SUB      EBP, 0x2                                         EAX=BDFB0000 ECX=77AE3881 EDX=0040A1BA EBX=E3DA9D9E ESP=0018FE40 EBP=0018FF04 ESI=0040C4A4 EDI=0018FE48 EFLAG=00000282
0040A1CF	TEST     CL, 0xb6                                         EAX=BDFB0000 ECX=77AE3881 EDX=0040A1BA EBX=E3DA9D9E ESP=0018FE40 EBP=0018FF02 ESI=0040C4A4 EDI=0018FE48 EFLAG=00000202
0040A1D2	MOV      [ESP+0x4], CH                                    EAX=BDFB0000 ECX=77AE3881 EDX=0040A1BA EBX=E3DA9D9E ESP=0018FE40 EBP=0018FF02 ESI=0040C4A4 EDI=0018FE48 EFLAG=00000282
0040A1D6	PUSH     EAX                                              EAX=BDFB0000 ECX=77AE3881 EDX=0040A1BA EBX=E3DA9D9E ESP=0018FE40 EBP=0018FF02 ESI=0040C4A4 EDI=0018FE48 EFLAG=00000282
0040A1D7	SHL      EAX, CL                                          EAX=BDFB0000 ECX=77AE3881 EDX=0040A1BA EBX=E3DA9D9E ESP=0018FE3C EBP=0018FF02 ESI=0040C4A4 EDI=0018FE48 EFLAG=00000282
0040A1D9	PUSH     DWORD [ESP]                                      EAX=7BF60000 ECX=77AE3881 EDX=0040A1BA EBX=E3DA9D9E ESP=0018FE3C EBP=0018FF02 ESI=0040C4A4 EDI=0018FE48 EFLAG=00000A07
0040A1DC	PUSHA                                                     EAX=7BF60000 ECX=77AE3881 EDX=0040A1BA EBX=E3DA9D9E ESP=0018FE38 EBP=0018FF02 ESI=0040C4A4 EDI=0018FE48 EFLAG=00000A07
0040A1DD	PUSHF                                                     EAX=7BF60000 ECX=77AE3881 EDX=0040A1BA EBX=E3DA9D9E ESP=0018FE18 EBP=0018FF02 ESI=0040C4A4 EDI=0018FE48 EFLAG=00000A07
0040A1DE	MOV      [EBP+0x4], EAX                                   EAX=7BF60000 ECX=77AE3881 EDX=0040A1BA EBX=E3DA9D9E ESP=0018FE14 EBP=0018FF02 ESI=0040C4A4 EDI=0018FE48 EFLAG=00000A07
0040A1E1	PUSH     EAX                                              EAX=7BF60000 ECX=77AE3881 EDX=0040A1BA EBX=E3DA9D9E ESP=0018FE14 EBP=0018FF02 ESI=0040C4A4 EDI=0018FE48 EFLAG=00000A07
0040A1E2	MOV      [ESP], BH                                        EAX=7BF60000 ECX=77AE3881 EDX=0040A1BA EBX=E3DA9D9E ESP=0018FE10 EBP=0018FF02 ESI=0040C4A4 EDI=0018FE48 EFLAG=00000A07
0040A1E5	PUSHF                                                     EAX=7BF60000 ECX=77AE3881 EDX=0040A1BA EBX=E3DA9D9E ESP=0018FE10 EBP=0018FF02 ESI=0040C4A4 EDI=0018FE48 EFLAG=00000A07
0040A1E6	POP      DWORD [ESP+0x34]                                 EAX=7BF60000 ECX=77AE3881 EDX=0040A1BA EBX=E3DA9D9E ESP=0018FE0C EBP=0018FF02 ESI=0040C4A4 EDI=0018FE48 EFLAG=00000A07
0040AEDF	MOV      [ESP], CX                                        EAX=7BF60000 ECX=77AE3881 EDX=0040A1BA EBX=E3DA9D9E ESP=0018FE10 EBP=0018FF02 ESI=0040C4A4 EDI=0018FE48 EFLAG=00000A07
0040AEE3	PUSH     DWORD [ESP+0x34]                                 EAX=7BF60000 ECX=77AE3881 EDX=0040A1BA EBX=E3DA9D9E ESP=0018FE10 EBP=0018FF02 ESI=0040C4A4 EDI=0018FE48 EFLAG=00000A07
0040AEE7	POP      DWORD [EBP+0x0]                                  EAX=7BF60000 ECX=77AE3881 EDX=0040A1BA EBX=E3DA9D9E ESP=0018FE0C EBP=0018FF02 ESI=0040C4A4 EDI=0018FE48 EFLAG=00000A07
0040AEEA	MOV      DWORD [ESP+0x4], 0xc122aa52                      EAX=7BF60000 ECX=77AE3881 EDX=0040A1BA EBX=E3DA9D9E ESP=0018FE10 EBP=0018FF02 ESI=0040C4A4 EDI=0018FE48 EFLAG=00000A07
0040AEF2	LEA      ESP, [ESP+0x38]                                  EAX=7BF60000 ECX=77AE3881 EDX=0040A1BA EBX=E3DA9D9E ESP=0018FE10 EBP=0018FF02 ESI=0040C4A4 EDI=0018FE48 EFLAG=00000A07
0040C360	TEST     DH, 0x76                                         EAX=7BF60000 ECX=77AE3881 EDX=0040A1BA EBX=E3DA9D9E ESP=0018FE48 EBP=0018FF02 ESI=0040C4A4 EDI=0018FE48 EFLAG=00000A07
0040C363	LEA      EAX, [EDI+0x50]                                  EAX=7BF60000 ECX=77AE3881 EDX=0040A1BA EBX=E3DA9D9E ESP=0018FE48 EBP=0018FF02 ESI=0040C4A4 EDI=0018FE48 EFLAG=00000202
0040C366	PUSH     DWORD 0xa76b4735                                 EAX=0018FE98 ECX=77AE3881 EDX=0040A1BA EBX=E3DA9D9E ESP=0018FE48 EBP=0018FF02 ESI=0040C4A4 EDI=0018FE48 EFLAG=00000202
0040C36B	STC                                                       EAX=0018FE98 ECX=77AE3881 EDX=0040A1BA EBX=E3DA9D9E ESP=0018FE44 EBP=0018FF02 ESI=0040C4A4 EDI=0018FE48 EFLAG=00000202
0040C36C	CMP      EBP, EAX                                         EAX=0018FE98 ECX=77AE3881 EDX=0040A1BA EBX=E3DA9D9E ESP=0018FE44 EBP=0018FF02 ESI=0040C4A4 EDI=0018FE48 EFLAG=00000203
0040C36E	PUSH     DWORD 0xbe8fd443                                 EAX=0018FE98 ECX=77AE3881 EDX=0040A1BA EBX=E3DA9D9E ESP=0018FE44 EBP=0018FF02 ESI=0040C4A4 EDI=0018FE48 EFLAG=00000216
0040C373	LEA      ESP, [ESP+0x8]                                   EAX=0018FE98 ECX=77AE3881 EDX=0040A1BA EBX=E3DA9D9E ESP=0018FE40 EBP=0018FF02 ESI=0040C4A4 EDI=0018FE48 EFLAG=00000216
0040C377	JA       0x40befd                                         EAX=0018FE98 ECX=77AE3881 EDX=0040A1BA EBX=E3DA9D9E ESP=0018FE48 EBP=0018FF02 ESI=0040C4A4 EDI=0018FE48 EFLAG=00000216
0040BEFD	BSWAP    DX                                               EAX=0018FE98 ECX=77AE3881 EDX=0040A1BA EBX=E3DA9D9E ESP=0018FE48 EBP=0018FF02 ESI=0040C4A4 EDI=0018FE48 EFLAG=00000216
0040BF00	RCL      DL, CL                                           EAX=0018FE98 ECX=77AE3881 EDX=00400000 EBX=E3DA9D9E ESP=0018FE48 EBP=0018FF02 ESI=0040C4A4 EDI=0018FE48 EFLAG=00000216
0040BF02	PUSHA                                                     EAX=0018FE98 ECX=77AE3881 EDX=00400000 EBX=E3DA9D9E ESP=0018FE48 EBP=0018FF02 ESI=0040C4A4 EDI=0018FE48 EFLAG=00000216
0040BF03	AND      EDX, 0xfdc85d80                                  EAX=0018FE98 ECX=77AE3881 EDX=00400000 EBX=E3DA9D9E ESP=0018FE28 EBP=0018FF02 ESI=0040C4A4 EDI=0018FE48 EFLAG=00000216
0040BF09	MOV      AL, [ESI-0x1]                                    EAX=0018FE98 ECX=77AE3881 EDX=00400000 EBX=E3DA9D9E ESP=0018FE28 EBP=0018FF02 ESI=0040C4A4 EDI=0018FE48 EFLAG=00000206
0040BF0C	DEC      DH                                               EAX=0018FE9E ECX=77AE3881 EDX=00400000 EBX=E3DA9D9E ESP=0018FE28 EBP=0018FF02 ESI=0040C4A4 EDI=0018FE48 EFLAG=00000206
0040BF0E	SUB      AL, BL                                           EAX=0018FE9E ECX=77AE3881 EDX=0040FF00 EBX=E3DA9D9E ESP=0018FE28 EBP=0018FF02 ESI=0040C4A4 EDI=0018FE48 EFLAG=00000296
0040BF10	PUSHF                                                     EAX=0018FE00 ECX=77AE3881 EDX=0040FF00 EBX=E3DA9D9E ESP=0018FE28 EBP=0018FF02 ESI=0040C4A4 EDI=0018FE48 EFLAG=00000246
0040BF11	BTC      DX, 0x4                                          EAX=0018FE00 ECX=77AE3881 EDX=0040FF00 EBX=E3DA9D9E ESP=0018FE24 EBP=0018FF02 ESI=0040C4A4 EDI=0018FE48 EFLAG=00000246
0040BF16	PUSH     ESP                                              EAX=0018FE00 ECX=77AE3881 EDX=0040FF10 EBX=E3DA9D9E ESP=0018FE24 EBP=0018FF02 ESI=0040C4A4 EDI=0018FE48 EFLAG=00000246
0040BF17	MOVZX    DX, AL                                           EAX=0018FE00 ECX=77AE3881 EDX=0040FF10 EBX=E3DA9D9E ESP=0018FE20 EBP=0018FF02 ESI=0040C4A4 EDI=0018FE48 EFLAG=00000246
0040BF1B	ROR      AL, 0x7                                          EAX=0018FE00 ECX=77AE3881 EDX=00400000 EBX=E3DA9D9E ESP=0018FE20 EBP=0018FF02 ESI=0040C4A4 EDI=0018FE48 EFLAG=00000246
0040BF1E	ROL      DH, 0x3                                          EAX=0018FE00 ECX=77AE3881 EDX=00400000 EBX=E3DA9D9E ESP=0018FE20 EBP=0018FF02 ESI=0040C4A4 EDI=0018FE48 EFLAG=00000246
0040BF21	SUB      AL, 0x30                                         EAX=0018FE00 ECX=77AE3881 EDX=00400000 EBX=E3DA9D9E ESP=0018FE20 EBP=0018FF02 ESI=0040C4A4 EDI=0018FE48 EFLAG=00000246
0040BF23	SHR      DX, 0x9                                          EAX=0018FED0 ECX=77AE3881 EDX=00400000 EBX=E3DA9D9E ESP=0018FE20 EBP=0018FF02 ESI=0040C4A4 EDI=0018FE48 EFLAG=00000283
0040BF27	XOR      AL, 0xce                                         EAX=0018FED0 ECX=77AE3881 EDX=00400000 EBX=E3DA9D9E ESP=0018FE20 EBP=0018FF02 ESI=0040C4A4 EDI=0018FE48 EFLAG=00000246
0040BF29	ADC      DL, 0xdb                                         EAX=0018FE1E ECX=77AE3881 EDX=00400000 EBX=E3DA9D9E ESP=0018FE20 EBP=0018FF02 ESI=0040C4A4 EDI=0018FE48 EFLAG=00000206
0040BF2C	BT       EBX, EDI                                         EAX=0018FE1E ECX=77AE3881 EDX=004000DB EBX=E3DA9D9E ESP=0018FE20 EBP=0018FF02 ESI=0040C4A4 EDI=0018FE48 EFLAG=00000286
0040BF2F	SETL     DH                                               EAX=0018FE1E ECX=77AE3881 EDX=004000DB EBX=E3DA9D9E ESP=0018FE20 EBP=0018FF02 ESI=0040C4A4 EDI=0018FE48 EFLAG=00000287
0040BF32	SUB      BL, AL                                           EAX=0018FE1E ECX=77AE3881 EDX=004001DB EBX=E3DA9D9E ESP=0018FE20 EBP=0018FF02 ESI=0040C4A4 EDI=0018FE48 EFLAG=00000287
0040BF34	STC                                                       EAX=0018FE1E ECX=77AE3881 EDX=004001DB EBX=E3DA9D80 ESP=0018FE20 EBP=0018FF02 ESI=0040C4A4 EDI=0018FE48 EFLAG=00000282
0040BF35	MOVZX    EAX, AL                                          EAX=0018FE1E ECX=77AE3881 EDX=004001DB EBX=E3DA9D80 ESP=0018FE20 EBP=0018FF02 ESI=0040C4A4 EDI=0018FE48 EFLAG=00000283
0040BF38	NOT      EDX                                              EAX=0000001E ECX=77AE3881 EDX=004001DB EBX=E3DA9D80 ESP=0018FE20 EBP=0018FF02 ESI=0040C4A4 EDI=0018FE48 EFLAG=00000283
0040BF3A	BSF      EDX, EDI                                         EAX=0000001E ECX=77AE3881 EDX=FFBFFE24 EBX=E3DA9D80 ESP=0018FE20 EBP=0018FF02 ESI=0040C4A4 EDI=0018FE48 EFLAG=00000283
0040BF3E	CMC                                                       EAX=0000001E ECX=77AE3881 EDX=FFBF0003 EBX=E3DA9D80 ESP=0018FE20 EBP=0018FF02 ESI=0040C4A4 EDI=0018FE48 EFLAG=00000206
0040BF3F	SAL      DH, CL                                           EAX=0000001E ECX=77AE3881 EDX=FFBF0003 EBX=E3DA9D80 ESP=0018FE20 EBP=0018FF02 ESI=0040C4A4 EDI=0018FE48 EFLAG=00000207
0040BF41	MOV      EDX, [EAX*4+0x40a51f]                            EAX=0000001E ECX=77AE3881 EDX=FFBF0003 EBX=E3DA9D80 ESP=0018FE20 EBP=0018FF02 ESI=0040C4A4 EDI=0018FE48 EFLAG=00000246
0040BF48	TEST     EDX, 0xe75c2a09                                  EAX=0000001E ECX=77AE3881 EDX=2BFA6B9E EBX=E3DA9D80 ESP=0018FE20 EBP=0018FF02 ESI=0040C4A4 EDI=0018FE48 EFLAG=00000246
0040BF4E	TEST     BL, DL                                           EAX=0000001E ECX=77AE3881 EDX=2BFA6B9E EBX=E3DA9D80 ESP=0018FE20 EBP=0018FF02 ESI=0040C4A4 EDI=0018FE48 EFLAG=00000202
0040BF50	SUB      EDX, 0x2bb9b71b                                  EAX=0000001E ECX=77AE3881 EDX=2BFA6B9E EBX=E3DA9D80 ESP=0018FE20 EBP=0018FF02 ESI=0040C4A4 EDI=0018FE48 EFLAG=00000282
0040BF56	CALL     0x40bd78                                         EAX=0000001E ECX=77AE3881 EDX=0040B483 EBX=E3DA9D80 ESP=0018FE20 EBP=0018FF02 ESI=0040C4A4 EDI=0018FE48 EFLAG=00000202
0040BD78	PUSH     EDX                                              EAX=0000001E ECX=77AE3881 EDX=0040B483 EBX=E3DA9D80 ESP=0018FE1C EBP=0018FF02 ESI=0040C4A4 EDI=0018FE48 EFLAG=00000202
0040BD79	DEC      ESI                                              EAX=0000001E ECX=77AE3881 EDX=0040B483 EBX=E3DA9D80 ESP=0018FE18 EBP=0018FF02 ESI=0040C4A4 EDI=0018FE48 EFLAG=00000202
0040BD7A	PUSHF                                                     EAX=0000001E ECX=77AE3881 EDX=0040B483 EBX=E3DA9D80 ESP=0018FE18 EBP=0018FF02 ESI=0040C4A3 EDI=0018FE48 EFLAG=00000206
0040A91F	MOV      [ESP], DH                                        EAX=0000001E ECX=77AE3881 EDX=0040B483 EBX=E3DA9D80 ESP=0018FE14 EBP=0018FF02 ESI=0040C4A3 EDI=0018FE48 EFLAG=00000206
0040A922	MOV      [ESP+0x30], EDX                                  EAX=0000001E ECX=77AE3881 EDX=0040B483 EBX=E3DA9D80 ESP=0018FE14 EBP=0018FF02 ESI=0040C4A3 EDI=0018FE48 EFLAG=00000206
0040A926	MOV      [ESP], AL                                        EAX=0000001E ECX=77AE3881 EDX=0040B483 EBX=E3DA9D80 ESP=0018FE14 EBP=0018FF02 ESI=0040C4A3 EDI=0018FE48 EFLAG=00000206
0040A929	PUSH     DWORD [ESP+0x30]                                 EAX=0000001E ECX=77AE3881 EDX=0040B483 EBX=E3DA9D80 ESP=0018FE14 EBP=0018FF02 ESI=0040C4A3 EDI=0018FE48 EFLAG=00000206
0040A92D	RET      0x34                                             EAX=0000001E ECX=77AE3881 EDX=0040B483 EBX=E3DA9D80 ESP=0018FE10 EBP=0018FF02 ESI=0040C4A3 EDI=0018FE48 EFLAG=00000206
0040B483	SETGE    AH                                               EAX=0000001E ECX=77AE3881 EDX=0040B483 EBX=E3DA9D80 ESP=0018FE48 EBP=0018FF02 ESI=0040C4A3 EDI=0018FE48 EFLAG=00000206
0040B486	LAHF                                                      EAX=0000011E ECX=77AE3881 EDX=0040B483 EBX=E3DA9D80 ESP=0018FE48 EBP=0018FF02 ESI=0040C4A3 EDI=0018FE48 EFLAG=00000206
0040B487	MOV      EAX, [EBP+0x0]                                   EAX=0000061E ECX=77AE3881 EDX=0040B483 EBX=E3DA9D80 ESP=0018FE48 EBP=0018FF02 ESI=0040C4A3 EDI=0018FE48 EFLAG=00000206
0040B209	PUSH     EDX                                              EAX=00000A07 ECX=77AE3881 EDX=0040B483 EBX=E3DA9D80 ESP=0018FE48 EBP=0018FF02 ESI=0040C4A3 EDI=0018FE48 EFLAG=00000206
0040B20A	MOV      EAX, [SS:EAX]                                    EAX=00000A07 ECX=77AE3881 EDX=0040B483 EBX=E3DA9D80 ESP=0018FE44 EBP=0018FF02 ESI=0040C4A3 EDI=0018FE48 EFLAG=00000206
0040B20D	MOV      WORD [ESP], 0x7e59                               EAX=FFFFFFFF ECX=77AE3881 EDX=0040B483 EBX=E3DA9D80 ESP=0018FE44 EBP=0018FF02 ESI=0040C4A3 EDI=0018FE48 EFLAG=00000206
0040B30B	MOV      [EBP+0x0], EAX                                   EAX=FFFFFFFF ECX=77AE3881 EDX=0040B483 EBX=E3DA9D80 ESP=0018FE44 EBP=0018FF02 ESI=0040C4A3 EDI=0018FE48 EFLAG=00000206
0040B30E	PUSH     ESP                                              EAX=FFFFFFFF ECX=77AE3881 EDX=0040B483 EBX=E3DA9D80 ESP=0018FE44 EBP=0018FF02 ESI=0040C4A3 EDI=0018FE48 EFLAG=00000206
0040B30F	LEA      ESP, [ESP+0x8]                                   EAX=FFFFFFFF ECX=77AE3881 EDX=0040B483 EBX=E3DA9D80 ESP=0018FE40 EBP=0018FF02 ESI=0040C4A3 EDI=0018FE48 EFLAG=00000206
0040BEFD	BSWAP    DX                                               EAX=FFFFFFFF ECX=77AE3881 EDX=0040B483 EBX=E3DA9D80 ESP=0018FE48 EBP=0018FF02 ESI=0040C4A3 EDI=0018FE48 EFLAG=00000206
0040BF00	RCL      DL, CL                                           EAX=FFFFFFFF ECX=77AE3881 EDX=00400000 EBX=E3DA9D80 ESP=0018FE48 EBP=0018FF02 ESI=0040C4A3 EDI=0018FE48 EFLAG=00000206
0040BF02	PUSHA                                                     EAX=FFFFFFFF ECX=77AE3881 EDX=00400000 EBX=E3DA9D80 ESP=0018FE48 EBP=0018FF02 ESI=0040C4A3 EDI=0018FE48 EFLAG=00000206
0040BF03	AND      EDX, 0xfdc85d80                                  EAX=FFFFFFFF ECX=77AE3881 EDX=00400000 EBX=E3DA9D80 ESP=0018FE28 EBP=0018FF02 ESI=0040C4A3 EDI=0018FE48 EFLAG=00000206
0040BF09	MOV      AL, [ESI-0x1]                                    EAX=FFFFFFFF ECX=77AE3881 EDX=00400000 EBX=E3DA9D80 ESP=0018FE28 EBP=0018FF02 ESI=0040C4A3 EDI=0018FE48 EFLAG=00000206
0040BF0C	DEC      DH                                               EAX=FFFFFFC2 ECX=77AE3881 EDX=00400000 EBX=E3DA9D80 ESP=0018FE28 EBP=0018FF02 ESI=0040C4A3 EDI=0018FE48 EFLAG=00000206
0040BF0E	SUB      AL, BL                                           EAX=FFFFFFC2 ECX=77AE3881 EDX=0040FF00 EBX=E3DA9D80 ESP=0018FE28 EBP=0018FF02 ESI=0040C4A3 EDI=0018FE48 EFLAG=00000296
0040BF10	PUSHF                                                     EAX=FFFFFF42 ECX=77AE3881 EDX=0040FF00 EBX=E3DA9D80 ESP=0018FE28 EBP=0018FF02 ESI=0040C4A3 EDI=0018FE48 EFLAG=00000206
0040BF11	BTC      DX, 0x4                                          EAX=FFFFFF42 ECX=77AE3881 EDX=0040FF00 EBX=E3DA9D80 ESP=0018FE24 EBP=0018FF02 ESI=0040C4A3 EDI=0018FE48 EFLAG=00000206
0040BF16	PUSH     ESP                                              EAX=FFFFFF42 ECX=77AE3881 EDX=0040FF10 EBX=E3DA9D80 ESP=0018FE24 EBP=0018FF02 ESI=0040C4A3 EDI=0018FE48 EFLAG=00000206
0040BF17	MOVZX    DX, AL                                           EAX=FFFFFF42 ECX=77AE3881 EDX=0040FF10 EBX=E3DA9D80 ESP=0018FE20 EBP=0018FF02 ESI=0040C4A3 EDI=0018FE48 EFLAG=00000206
0040BF1B	ROR      AL, 0x7                                          EAX=FFFFFF42 ECX=77AE3881 EDX=00400042 EBX=E3DA9D80 ESP=0018FE20 EBP=0018FF02 ESI=0040C4A3 EDI=0018FE48 EFLAG=00000206
0040BF1E	ROL      DH, 0x3                                          EAX=FFFFFF84 ECX=77AE3881 EDX=00400042 EBX=E3DA9D80 ESP=0018FE20 EBP=0018FF02 ESI=0040C4A3 EDI=0018FE48 EFLAG=00000A07
0040BF21	SUB      AL, 0x30                                         EAX=FFFFFF84 ECX=77AE3881 EDX=00400042 EBX=E3DA9D80 ESP=0018FE20 EBP=0018FF02 ESI=0040C4A3 EDI=0018FE48 EFLAG=00000206
0040BF23	SHR      DX, 0x9                                          EAX=FFFFFF54 ECX=77AE3881 EDX=00400042 EBX=E3DA9D80 ESP=0018FE20 EBP=0018FF02 ESI=0040C4A3 EDI=0018FE48 EFLAG=00000A02
0040BF27	XOR      AL, 0xce                                         EAX=FFFFFF54 ECX=77AE3881 EDX=00400000 EBX=E3DA9D80 ESP=0018FE20 EBP=0018FF02 ESI=0040C4A3 EDI=0018FE48 EFLAG=00000246
0040BF29	ADC      DL, 0xdb                                         EAX=FFFFFF9A ECX=77AE3881 EDX=00400000 EBX=E3DA9D80 ESP=0018FE20 EBP=0018FF02 ESI=0040C4A3 EDI=0018FE48 EFLAG=00000286
0040BF2C	BT       EBX, EDI                                         EAX=FFFFFF9A ECX=77AE3881 EDX=004000DB EBX=E3DA9D80 ESP=0018FE20 EBP=0018FF02 ESI=0040C4A3 EDI=0018FE48 EFLAG=00000286
0040BF2F	SETL     DH                                               EAX=FFFFFF9A ECX=77AE3881 EDX=004000DB EBX=E3DA9D80 ESP=0018FE20 EBP=0018FF02 ESI=0040C4A3 EDI=0018FE48 EFLAG=00000287
0040BF32	SUB      BL, AL                                           EAX=FFFFFF9A ECX=77AE3881 EDX=004001DB EBX=E3DA9D80 ESP=0018FE20 EBP=0018FF02 ESI=0040C4A3 EDI=0018FE48 EFLAG=00000287
0040BF34	STC                                                       EAX=FFFFFF9A ECX=77AE3881 EDX=004001DB EBX=E3DA9DE6 ESP=0018FE20 EBP=0018FF02 ESI=0040C4A3 EDI=0018FE48 EFLAG=00000293
0040BF35	MOVZX    EAX, AL                                          EAX=FFFFFF9A ECX=77AE3881 EDX=004001DB EBX=E3DA9DE6 ESP=0018FE20 EBP=0018FF02 ESI=0040C4A3 EDI=0018FE48 EFLAG=00000293
0040BF38	NOT      EDX                                              EAX=0000009A ECX=77AE3881 EDX=004001DB EBX=E3DA9DE6 ESP=0018FE20 EBP=0018FF02 ESI=0040C4A3 EDI=0018FE48 EFLAG=00000293
0040BF3A	BSF      EDX, EDI                                         EAX=0000009A ECX=77AE3881 EDX=FFBFFE24 EBX=E3DA9DE6 ESP=0018FE20 EBP=0018FF02 ESI=0040C4A3 EDI=0018FE48 EFLAG=00000293
0040BF3E	CMC                                                       EAX=0000009A ECX=77AE3881 EDX=FFBF0003 EBX=E3DA9DE6 ESP=0018FE20 EBP=0018FF02 ESI=0040C4A3 EDI=0018FE48 EFLAG=00000206
0040BF3F	SAL      DH, CL                                           EAX=0000009A ECX=77AE3881 EDX=FFBF0003 EBX=E3DA9DE6 ESP=0018FE20 EBP=0018FF02 ESI=0040C4A3 EDI=0018FE48 EFLAG=00000207
0040BF41	MOV      EDX, [EAX*4+0x40a51f]                            EAX=0000009A ECX=77AE3881 EDX=FFBF0003 EBX=E3DA9DE6 ESP=0018FE20 EBP=0018FF02 ESI=0040C4A3 EDI=0018FE48 EFLAG=00000246
0040BF48	TEST     EDX, 0xe75c2a09                                  EAX=0000009A ECX=77AE3881 EDX=2BFA5820 EBX=E3DA9DE6 ESP=0018FE20 EBP=0018FF02 ESI=0040C4A3 EDI=0018FE48 EFLAG=00000246
0040BF4E	TEST     BL, DL                                           EAX=0000009A ECX=77AE3881 EDX=2BFA5820 EBX=E3DA9DE6 ESP=0018FE20 EBP=0018FF02 ESI=0040C4A3 EDI=0018FE48 EFLAG=00000206
0040BF50	SUB      EDX, 0x2bb9b71b                                  EAX=0000009A ECX=77AE3881 EDX=2BFA5820 EBX=E3DA9DE6 ESP=0018FE20 EBP=0018FF02 ESI=0040C4A3 EDI=0018FE48 EFLAG=00000202
0040BF56	CALL     0x40bd78                                         EAX=0000009A ECX=77AE3881 EDX=0040A105 EBX=E3DA9DE6 ESP=0018FE20 EBP=0018FF02 ESI=0040C4A3 EDI=0018FE48 EFLAG=00000216
0040BD78	PUSH     EDX                                              EAX=0000009A ECX=77AE3881 EDX=0040A105 EBX=E3DA9DE6 ESP=0018FE1C EBP=0018FF02 ESI=0040C4A3 EDI=0018FE48 EFLAG=00000216
0040BD79	DEC      ESI                                              EAX=0000009A ECX=77AE3881 EDX=0040A105 EBX=E3DA9DE6 ESP=0018FE18 EBP=0018FF02 ESI=0040C4A3 EDI=0018FE48 EFLAG=00000216
0040BD7A	PUSHF                                                     EAX=0000009A ECX=77AE3881 EDX=0040A105 EBX=E3DA9DE6 ESP=0018FE18 EBP=0018FF02 ESI=0040C4A2 EDI=0018FE48 EFLAG=00000202
0040A91F	MOV      [ESP], DH                                        EAX=0000009A ECX=77AE3881 EDX=0040A105 EBX=E3DA9DE6 ESP=0018FE14 EBP=0018FF02 ESI=0040C4A2 EDI=0018FE48 EFLAG=00000202
0040A922	MOV      [ESP+0x30], EDX                                  EAX=0000009A ECX=77AE3881 EDX=0040A105 EBX=E3DA9DE6 ESP=0018FE14 EBP=0018FF02 ESI=0040C4A2 EDI=0018FE48 EFLAG=00000202
0040A926	MOV      [ESP], AL                                        EAX=0000009A ECX=77AE3881 EDX=0040A105 EBX=E3DA9DE6 ESP=0018FE14 EBP=0018FF02 ESI=0040C4A2 EDI=0018FE48 EFLAG=00000202
0040A929	PUSH     DWORD [ESP+0x30]                                 EAX=0000009A ECX=77AE3881 EDX=0040A105 EBX=E3DA9DE6 ESP=0018FE14 EBP=0018FF02 ESI=0040C4A2 EDI=0018FE48 EFLAG=00000202
0040A92D	RET      0x34                                             EAX=0000009A ECX=77AE3881 EDX=0040A105 EBX=E3DA9DE6 ESP=0018FE10 EBP=0018FF02 ESI=0040C4A2 EDI=0018FE48 EFLAG=00000202
0040A105	DEC      AH                                               EAX=0000009A ECX=77AE3881 EDX=0040A105 EBX=E3DA9DE6 ESP=0018FE48 EBP=0018FF02 ESI=0040C4A2 EDI=0018FE48 EFLAG=00000202
0040A107	MOV      AX, [EBP+0x0]                                    EAX=0000FF9A ECX=77AE3881 EDX=0040A105 EBX=E3DA9DE6 ESP=0018FE48 EBP=0018FF02 ESI=0040C4A2 EDI=0018FE48 EFLAG=00000296
0040A10B	TEST     CX, AX                                           EAX=0000FFFF ECX=77AE3881 EDX=0040A105 EBX=E3DA9DE6 ESP=0018FE48 EBP=0018FF02 ESI=0040C4A2 EDI=0018FE48 EFLAG=00000296
0040A10E	XOR      CL, CH                                           EAX=0000FFFF ECX=77AE3881 EDX=0040A105 EBX=E3DA9DE6 ESP=0018FE48 EBP=0018FF02 ESI=0040C4A2 EDI=0018FE48 EFLAG=00000206
0040A110	MOV      CL, [EBP+0x2]                                    EAX=0000FFFF ECX=77AE38B9 EDX=0040A105 EBX=E3DA9DE6 ESP=0018FE48 EBP=0018FF02 ESI=0040C4A2 EDI=0018FE48 EFLAG=00000282
0040A113	CMC                                                       EAX=0000FFFF ECX=77AE38FF EDX=0040A105 EBX=E3DA9DE6 ESP=0018FE48 EBP=0018FF02 ESI=0040C4A2 EDI=0018FE48 EFLAG=00000282
0040A114	PUSHA                                                     EAX=0000FFFF ECX=77AE38FF EDX=0040A105 EBX=E3DA9DE6 ESP=0018FE48 EBP=0018FF02 ESI=0040C4A2 EDI=0018FE48 EFLAG=00000283
0040A115	TEST     AX, 0xe76f                                       EAX=0000FFFF ECX=77AE38FF EDX=0040A105 EBX=E3DA9DE6 ESP=0018FE28 EBP=0018FF02 ESI=0040C4A2 EDI=0018FE48 EFLAG=00000283
0040A119	SUB      EBP, 0x2                                         EAX=0000FFFF ECX=77AE38FF EDX=0040A105 EBX=E3DA9DE6 ESP=0018FE28 EBP=0018FF02 ESI=0040C4A2 EDI=0018FE48 EFLAG=00000286
0040A11C	CMC                                                       EAX=0000FFFF ECX=77AE38FF EDX=0040A105 EBX=E3DA9DE6 ESP=0018FE28 EBP=0018FF00 ESI=0040C4A2 EDI=0018FE48 EFLAG=00000206
0040A11D	CLC                                                       EAX=0000FFFF ECX=77AE38FF EDX=0040A105 EBX=E3DA9DE6 ESP=0018FE28 EBP=0018FF00 ESI=0040C4A2 EDI=0018FE48 EFLAG=00000207
0040A11E	PUSHF                                                     EAX=0000FFFF ECX=77AE38FF EDX=0040A105 EBX=E3DA9DE6 ESP=0018FE28 EBP=0018FF00 ESI=0040C4A2 EDI=0018FE48 EFLAG=00000206
0040A11F	SHL      AX, CL                                           EAX=0000FFFF ECX=77AE38FF EDX=0040A105 EBX=E3DA9DE6 ESP=0018FE24 EBP=0018FF00 ESI=0040C4A2 EDI=0018FE48 EFLAG=00000206
0040A122	MOV      WORD [ESP], 0x2b4f                               EAX=00000000 ECX=77AE38FF EDX=0040A105 EBX=E3DA9DE6 ESP=0018FE24 EBP=0018FF00 ESI=0040C4A2 EDI=0018FE48 EFLAG=00000246
0040B8CF	PUSH     DWORD [ESP]                                      EAX=00000000 ECX=77AE38FF EDX=0040A105 EBX=E3DA9DE6 ESP=0018FE24 EBP=0018FF00 ESI=0040C4A2 EDI=0018FE48 EFLAG=00000246
0040B8D2	MOV      [EBP+0x4], AX                                    EAX=00000000 ECX=77AE38FF EDX=0040A105 EBX=E3DA9DE6 ESP=0018FE20 EBP=0018FF00 ESI=0040C4A2 EDI=0018FE48 EFLAG=00000246
0040B8D6	CALL     0x40a985                                         EAX=00000000 ECX=77AE38FF EDX=0040A105 EBX=E3DA9DE6 ESP=0018FE20 EBP=0018FF00 ESI=0040C4A2 EDI=0018FE48 EFLAG=00000246
0040A985	PUSHF                                                     EAX=00000000 ECX=77AE38FF EDX=0040A105 EBX=E3DA9DE6 ESP=0018FE1C EBP=0018FF00 ESI=0040C4A2 EDI=0018FE48 EFLAG=00000246
0040A986	POP      DWORD [ESP+0x28]                                 EAX=00000000 ECX=77AE38FF EDX=0040A105 EBX=E3DA9DE6 ESP=0018FE18 EBP=0018FF00 ESI=0040C4A2 EDI=0018FE48 EFLAG=00000246
0040A305	PUSHF                                                     EAX=00000000 ECX=77AE38FF EDX=0040A105 EBX=E3DA9DE6 ESP=0018FE1C EBP=0018FF00 ESI=0040C4A2 EDI=0018FE48 EFLAG=00000246
0040A306	PUSH     DWORD 0x16587ffc                                 EAX=00000000 ECX=77AE38FF EDX=0040A105 EBX=E3DA9DE6 ESP=0018FE18 EBP=0018FF00 ESI=0040C4A2 EDI=0018FE48 EFLAG=00000246
0040BC86	PUSH     DWORD [ESP+0x30]                                 EAX=00000000 ECX=77AE38FF EDX=0040A105 EBX=E3DA9DE6 ESP=0018FE14 EBP=0018FF00 ESI=0040C4A2 EDI=0018FE48 EFLAG=00000246
0040BC8A	POP      DWORD [EBP+0x0]                                  EAX=00000000 ECX=77AE38FF EDX=0040A105 EBX=E3DA9DE6 ESP=0018FE10 EBP=0018FF00 ESI=0040C4A2 EDI=0018FE48 EFLAG=00000246
0040BC8D	PUSH     DWORD [ESP+0x4]                                  EAX=00000000 ECX=77AE38FF EDX=0040A105 EBX=E3DA9DE6 ESP=0018FE14 EBP=0018FF00 ESI=0040C4A2 EDI=0018FE48 EFLAG=00000246
0040BC91	PUSH     DWORD 0x4414ecac                                 EAX=00000000 ECX=77AE38FF EDX=0040A105 EBX=E3DA9DE6 ESP=0018FE10 EBP=0018FF00 ESI=0040C4A2 EDI=0018FE48 EFLAG=00000246
0040BC96	MOV      WORD [ESP], 0xaf50                               EAX=00000000 ECX=77AE38FF EDX=0040A105 EBX=E3DA9DE6 ESP=0018FE0C EBP=0018FF00 ESI=0040C4A2 EDI=0018FE48 EFLAG=00000246
0040BC9C	MOV      BYTE [ESP+0x4], 0xa3                             EAX=00000000 ECX=77AE38FF EDX=0040A105 EBX=E3DA9DE6 ESP=0018FE0C EBP=0018FF00 ESI=0040C4A2 EDI=0018FE48 EFLAG=00000246
0040BCA1	LEA      ESP, [ESP+0x3c]                                  EAX=00000000 ECX=77AE38FF EDX=0040A105 EBX=E3DA9DE6 ESP=0018FE0C EBP=0018FF00 ESI=0040C4A2 EDI=0018FE48 EFLAG=00000246
0040C360	TEST     DH, 0x76                                         EAX=00000000 ECX=77AE38FF EDX=0040A105 EBX=E3DA9DE6 ESP=0018FE48 EBP=0018FF00 ESI=0040C4A2 EDI=0018FE48 EFLAG=00000246
0040C363	LEA      EAX, [EDI+0x50]                                  EAX=00000000 ECX=77AE38FF EDX=0040A105 EBX=E3DA9DE6 ESP=0018FE48 EBP=0018FF00 ESI=0040C4A2 EDI=0018FE48 EFLAG=00000202
0040C366	PUSH     DWORD 0xa76b4735                                 EAX=0018FE98 ECX=77AE38FF EDX=0040A105 EBX=E3DA9DE6 ESP=0018FE48 EBP=0018FF00 ESI=0040C4A2 EDI=0018FE48 EFLAG=00000202
0040C36B	STC                                                       EAX=0018FE98 ECX=77AE38FF EDX=0040A105 EBX=E3DA9DE6 ESP=0018FE44 EBP=0018FF00 ESI=0040C4A2 EDI=0018FE48 EFLAG=00000202
0040C36C	CMP      EBP, EAX                                         EAX=0018FE98 ECX=77AE38FF EDX=0040A105 EBX=E3DA9DE6 ESP=0018FE44 EBP=0018FF00 ESI=0040C4A2 EDI=0018FE48 EFLAG=00000203
0040C36E	PUSH     DWORD 0xbe8fd443                                 EAX=0018FE98 ECX=77AE38FF EDX=0040A105 EBX=E3DA9DE6 ESP=0018FE44 EBP=0018FF00 ESI=0040C4A2 EDI=0018FE48 EFLAG=00000212
0040C373	LEA      ESP, [ESP+0x8]                                   EAX=0018FE98 ECX=77AE38FF EDX=0040A105 EBX=E3DA9DE6 ESP=0018FE40 EBP=0018FF00 ESI=0040C4A2 EDI=0018FE48 EFLAG=00000212
0040C377	JA       0x40befd                                         EAX=0018FE98 ECX=77AE38FF EDX=0040A105 EBX=E3DA9DE6 ESP=0018FE48 EBP=0018FF00 ESI=0040C4A2 EDI=0018FE48 EFLAG=00000212
0040BEFD	BSWAP    DX                                               EAX=0018FE98 ECX=77AE38FF EDX=0040A105 EBX=E3DA9DE6 ESP=0018FE48 EBP=0018FF00 ESI=0040C4A2 EDI=0018FE48 EFLAG=00000212
0040BF00	RCL      DL, CL                                           EAX=0018FE98 ECX=77AE38FF EDX=00400000 EBX=E3DA9DE6 ESP=0018FE48 EBP=0018FF00 ESI=0040C4A2 EDI=0018FE48 EFLAG=00000212
0040BF02	PUSHA                                                     EAX=0018FE98 ECX=77AE38FF EDX=00400000 EBX=E3DA9DE6 ESP=0018FE48 EBP=0018FF00 ESI=0040C4A2 EDI=0018FE48 EFLAG=00000212
0040BF03	AND      EDX, 0xfdc85d80                                  EAX=0018FE98 ECX=77AE38FF EDX=00400000 EBX=E3DA9DE6 ESP=0018FE28 EBP=0018FF00 ESI=0040C4A2 EDI=0018FE48 EFLAG=00000212
0040BF09	MOV      AL, [ESI-0x1]                                    EAX=0018FE98 ECX=77AE38FF EDX=00400000 EBX=E3DA9DE6 ESP=0018FE28 EBP=0018FF00 ESI=0040C4A2 EDI=0018FE48 EFLAG=00000206
0040BF0C	DEC      DH                                               EAX=0018FEEE ECX=77AE38FF EDX=00400000 EBX=E3DA9DE6 ESP=0018FE28 EBP=0018FF00 ESI=0040C4A2 EDI=0018FE48 EFLAG=00000206
0040BF0E	SUB      AL, BL                                           EAX=0018FEEE ECX=77AE38FF EDX=0040FF00 EBX=E3DA9DE6 ESP=0018FE28 EBP=0018FF00 ESI=0040C4A2 EDI=0018FE48 EFLAG=00000296
0040BF10	PUSHF                                                     EAX=0018FE08 ECX=77AE38FF EDX=0040FF00 EBX=E3DA9DE6 ESP=0018FE28 EBP=0018FF00 ESI=0040C4A2 EDI=0018FE48 EFLAG=00000202
0040BF11	BTC      DX, 0x4                                          EAX=0018FE08 ECX=77AE38FF EDX=0040FF00 EBX=E3DA9DE6 ESP=0018FE24 EBP=0018FF00 ESI=0040C4A2 EDI=0018FE48 EFLAG=00000202
0040BF16	PUSH     ESP                                              EAX=0018FE08 ECX=77AE38FF EDX=0040FF10 EBX=E3DA9DE6 ESP=0018FE24 EBP=0018FF00 ESI=0040C4A2 EDI=0018FE48 EFLAG=00000202
0040BF17	MOVZX    DX, AL                                           EAX=0018FE08 ECX=77AE38FF EDX=0040FF10 EBX=E3DA9DE6 ESP=0018FE20 EBP=0018FF00 ESI=0040C4A2 EDI=0018FE48 EFLAG=00000202
0040BF1B	ROR      AL, 0x7                                          EAX=0018FE08 ECX=77AE38FF EDX=00400008 EBX=E3DA9DE6 ESP=0018FE20 EBP=0018FF00 ESI=0040C4A2 EDI=0018FE48 EFLAG=00000202
0040BF1E	ROL      DH, 0x3                                          EAX=0018FE10 ECX=77AE38FF EDX=00400008 EBX=E3DA9DE6 ESP=0018FE20 EBP=0018FF00 ESI=0040C4A2 EDI=0018FE48 EFLAG=00000202
0040BF21	SUB      AL, 0x30                                         EAX=0018FE10 ECX=77AE38FF EDX=00400008 EBX=E3DA9DE6 ESP=0018FE20 EBP=0018FF00 ESI=0040C4A2 EDI=0018FE48 EFLAG=00000202
0040BF23	SHR      DX, 0x9                                          EAX=0018FEE0 ECX=77AE38FF EDX=00400008 EBX=E3DA9DE6 ESP=0018FE20 EBP=0018FF00 ESI=0040C4A2 EDI=0018FE48 EFLAG=00000283
0040BF27	XOR      AL, 0xce                                         EAX=0018FEE0 ECX=77AE38FF EDX=00400000 EBX=E3DA9DE6 ESP=0018FE20 EBP=0018FF00 ESI=0040C4A2 EDI=0018FE48 EFLAG=00000246
0040BF29	ADC      DL, 0xdb                                         EAX=0018FE2E ECX=77AE38FF EDX=00400000 EBX=E3DA9DE6 ESP=0018FE20 EBP=0018FF00 ESI=0040C4A2 EDI=0018FE48 EFLAG=00000206
0040BF2C	BT       EBX, EDI                                         EAX=0018FE2E ECX=77AE38FF EDX=004000DB EBX=E3DA9DE6 ESP=0018FE20 EBP=0018FF00 ESI=0040C4A2 EDI=0018FE48 EFLAG=00000286
0040BF2F	SETL     DH                                               EAX=0018FE2E ECX=77AE38FF EDX=004000DB EBX=E3DA9DE6 ESP=0018FE20 EBP=0018FF00 ESI=0040C4A2 EDI=0018FE48 EFLAG=00000287
0040BF32	SUB      BL, AL                                           EAX=0018FE2E ECX=77AE38FF EDX=004001DB EBX=E3DA9DE6 ESP=0018FE20 EBP=0018FF00 ESI=0040C4A2 EDI=0018FE48 EFLAG=00000287
0040BF34	STC                                                       EAX=0018FE2E ECX=77AE38FF EDX=004001DB EBX=E3DA9DB8 ESP=0018FE20 EBP=0018FF00 ESI=0040C4A2 EDI=0018FE48 EFLAG=00000296
0040BF35	MOVZX    EAX, AL                                          EAX=0018FE2E ECX=77AE38FF EDX=004001DB EBX=E3DA9DB8 ESP=0018FE20 EBP=0018FF00 ESI=0040C4A2 EDI=0018FE48 EFLAG=00000297
0040BF38	NOT      EDX                                              EAX=0000002E ECX=77AE38FF EDX=004001DB EBX=E3DA9DB8 ESP=0018FE20 EBP=0018FF00 ESI=0040C4A2 EDI=0018FE48 EFLAG=00000297
0040BF3A	BSF      EDX, EDI                                         EAX=0000002E ECX=77AE38FF EDX=FFBFFE24 EBX=E3DA9DB8 ESP=0018FE20 EBP=0018FF00 ESI=0040C4A2 EDI=0018FE48 EFLAG=00000297
0040BF3E	CMC                                                       EAX=0000002E ECX=77AE38FF EDX=FFBF0003 EBX=E3DA9DB8 ESP=0018FE20 EBP=0018FF00 ESI=0040C4A2 EDI=0018FE48 EFLAG=00000206
0040BF3F	SAL      DH, CL                                           EAX=0000002E ECX=77AE38FF EDX=FFBF0003 EBX=E3DA9DB8 ESP=0018FE20 EBP=0018FF00 ESI=0040C4A2 EDI=0018FE48 EFLAG=00000207
0040BF41	MOV      EDX, [EAX*4+0x40a51f]                            EAX=0000002E ECX=77AE38FF EDX=FFBF0003 EBX=E3DA9DB8 ESP=0018FE20 EBP=0018FF00 ESI=0040C4A2 EDI=0018FE48 EFLAG=00000246
0040BF48	TEST     EDX, 0xe75c2a09                                  EAX=0000002E ECX=77AE38FF EDX=2BFA71DE EBX=E3DA9DB8 ESP=0018FE20 EBP=0018FF00 ESI=0040C4A2 EDI=0018FE48 EFLAG=00000246
0040BF4E	TEST     BL, DL                                           EAX=0000002E ECX=77AE38FF EDX=2BFA71DE EBX=E3DA9DB8 ESP=0018FE20 EBP=0018FF00 ESI=0040C4A2 EDI=0018FE48 EFLAG=00000202
0040BF50	SUB      EDX, 0x2bb9b71b                                  EAX=0000002E ECX=77AE38FF EDX=2BFA71DE EBX=E3DA9DB8 ESP=0018FE20 EBP=0018FF00 ESI=0040C4A2 EDI=0018FE48 EFLAG=00000282
0040BF56	CALL     0x40bd78                                         EAX=0000002E ECX=77AE38FF EDX=0040BAC3 EBX=E3DA9DB8 ESP=0018FE20 EBP=0018FF00 ESI=0040C4A2 EDI=0018FE48 EFLAG=00000206
0040BD78	PUSH     EDX                                              EAX=0000002E ECX=77AE38FF EDX=0040BAC3 EBX=E3DA9DB8 ESP=0018FE1C EBP=0018FF00 ESI=0040C4A2 EDI=0018FE48 EFLAG=00000206
0040BD79	DEC      ESI                                              EAX=0000002E ECX=77AE38FF EDX=0040BAC3 EBX=E3DA9DB8 ESP=0018FE18 EBP=0018FF00 ESI=0040C4A2 EDI=0018FE48 EFLAG=00000206
0040BD7A	PUSHF                                                     EAX=0000002E ECX=77AE38FF EDX=0040BAC3 EBX=E3DA9DB8 ESP=0018FE18 EBP=0018FF00 ESI=0040C4A1 EDI=0018FE48 EFLAG=00000202
0040A91F	MOV      [ESP], DH                                        EAX=0000002E ECX=77AE38FF EDX=0040BAC3 EBX=E3DA9DB8 ESP=0018FE14 EBP=0018FF00 ESI=0040C4A1 EDI=0018FE48 EFLAG=00000202
0040A922	MOV      [ESP+0x30], EDX                                  EAX=0000002E ECX=77AE38FF EDX=0040BAC3 EBX=E3DA9DB8 ESP=0018FE14 EBP=0018FF00 ESI=0040C4A1 EDI=0018FE48 EFLAG=00000202
0040A926	MOV      [ESP], AL                                        EAX=0000002E ECX=77AE38FF EDX=0040BAC3 EBX=E3DA9DB8 ESP=0018FE14 EBP=0018FF00 ESI=0040C4A1 EDI=0018FE48 EFLAG=00000202
0040A929	PUSH     DWORD [ESP+0x30]                                 EAX=0000002E ECX=77AE38FF EDX=0040BAC3 EBX=E3DA9DB8 ESP=0018FE14 EBP=0018FF00 ESI=0040C4A1 EDI=0018FE48 EFLAG=00000202
0040A92D	RET      0x34                                             EAX=0000002E ECX=77AE38FF EDX=0040BAC3 EBX=E3DA9DB8 ESP=0018FE10 EBP=0018FF00 ESI=0040C4A1 EDI=0018FE48 EFLAG=00000202
0040BAC3	SAR      AH, 0x5                                          EAX=0000002E ECX=77AE38FF EDX=0040BAC3 EBX=E3DA9DB8 ESP=0018FE48 EBP=0018FF00 ESI=0040C4A1 EDI=0018FE48 EFLAG=00000202
0040BAC6	STC                                                       EAX=0000002E ECX=77AE38FF EDX=0040BAC3 EBX=E3DA9DB8 ESP=0018FE48 EBP=0018FF00 ESI=0040C4A1 EDI=0018FE48 EFLAG=00000246
0040BAC7	NEG      AH                                               EAX=0000002E ECX=77AE38FF EDX=0040BAC3 EBX=E3DA9DB8 ESP=0018FE48 EBP=0018FF00 ESI=0040C4A1 EDI=0018FE48 EFLAG=00000247
0040BAC9	MOVZX    AX, WORD [ESI-0x2]                               EAX=0000002E ECX=77AE38FF EDX=0040BAC3 EBX=E3DA9DB8 ESP=0018FE48 EBP=0018FF00 ESI=0040C4A1 EDI=0018FE48 EFLAG=00000246
0040BACE	PUSHA                                                     EAX=00002404 ECX=77AE38FF EDX=0040BAC3 EBX=E3DA9DB8 ESP=0018FE48 EBP=0018FF00 ESI=0040C4A1 EDI=0018FE48 EFLAG=00000246
0040BACF	XCHG     AL, AH                                           EAX=00002404 ECX=77AE38FF EDX=0040BAC3 EBX=E3DA9DB8 ESP=0018FE28 EBP=0018FF00 ESI=0040C4A1 EDI=0018FE48 EFLAG=00000246
0040BAD1	MOV      [ESP], BL                                        EAX=00000424 ECX=77AE38FF EDX=0040BAC3 EBX=E3DA9DB8 ESP=0018FE28 EBP=0018FF00 ESI=0040C4A1 EDI=0018FE48 EFLAG=00000246
0040BAD4	PUSHA                                                     EAX=00000424 ECX=77AE38FF EDX=0040BAC3 EBX=E3DA9DB8 ESP=0018FE28 EBP=0018FF00 ESI=0040C4A1 EDI=0018FE48 EFLAG=00000246
0040BAD5	STC                                                       EAX=00000424 ECX=77AE38FF EDX=0040BAC3 EBX=E3DA9DB8 ESP=0018FE08 EBP=0018FF00 ESI=0040C4A1 EDI=0018FE48 EFLAG=00000246
0040BAD6	XOR      AX, BX                                           EAX=00000424 ECX=77AE38FF EDX=0040BAC3 EBX=E3DA9DB8 ESP=0018FE08 EBP=0018FF00 ESI=0040C4A1 EDI=0018FE48 EFLAG=00000247
0040B7CB	XOR      AX, 0x441d                                       EAX=0000999C ECX=77AE38FF EDX=0040BAC3 EBX=E3DA9DB8 ESP=0018FE08 EBP=0018FF00 ESI=0040C4A1 EDI=0018FE48 EFLAG=00000286
0040B7CF	STC                                                       EAX=0000DD81 ECX=77AE38FF EDX=0040BAC3 EBX=E3DA9DB8 ESP=0018FE08 EBP=0018FF00 ESI=0040C4A1 EDI=0018FE48 EFLAG=00000286
0040B7D0	STC                                                       EAX=0000DD81 ECX=77AE38FF EDX=0040BAC3 EBX=E3DA9DB8 ESP=0018FE08 EBP=0018FF00 ESI=0040C4A1 EDI=0018FE48 EFLAG=00000287
0040B7D1	ROR      AX, 0x8                                          EAX=0000DD81 ECX=77AE38FF EDX=0040BAC3 EBX=E3DA9DB8 ESP=0018FE08 EBP=0018FF00 ESI=0040C4A1 EDI=0018FE48 EFLAG=00000287
0040B7D5	CMC                                                       EAX=000081DD ECX=77AE38FF EDX=0040BAC3 EBX=E3DA9DB8 ESP=0018FE08 EBP=0018FF00 ESI=0040C4A1 EDI=0018FE48 EFLAG=00000A87
0040B7D6	MOV      [ESP], DX                                        EAX=000081DD ECX=77AE38FF EDX=0040BAC3 EBX=E3DA9DB8 ESP=0018FE08 EBP=0018FF00 ESI=0040C4A1 EDI=0018FE48 EFLAG=00000A86
0040B7DA	CLC                                                       EAX=000081DD ECX=77AE38FF EDX=0040BAC3 EBX=E3DA9DB8 ESP=0018FE08 EBP=0018FF00 ESI=0040C4A1 EDI=0018FE48 EFLAG=00000A86
0040B7DB	NOT      AX                                               EAX=000081DD ECX=77AE38FF EDX=0040BAC3 EBX=E3DA9DB8 ESP=0018FE08 EBP=0018FF00 ESI=0040C4A1 EDI=0018FE48 EFLAG=00000A86
0040B7DE	MOV      [ESP], DH                                        EAX=00007E22 ECX=77AE38FF EDX=0040BAC3 EBX=E3DA9DB8 ESP=0018FE08 EBP=0018FF00 ESI=0040C4A1 EDI=0018FE48 EFLAG=00000A86
0040B7E1	STC                                                       EAX=00007E22 ECX=77AE38FF EDX=0040BAC3 EBX=E3DA9DB8 ESP=0018FE08 EBP=0018FF00 ESI=0040C4A1 EDI=0018FE48 EFLAG=00000A86
0040B7E2	XOR      BX, AX                                           EAX=00007E22 ECX=77AE38FF EDX=0040BAC3 EBX=E3DA9DB8 ESP=0018FE08 EBP=0018FF00 ESI=0040C4A1 EDI=0018FE48 EFLAG=00000A87
0040B7E5	CMC                                                       EAX=00007E22 ECX=77AE38FF EDX=0040BAC3 EBX=E3DAE39A ESP=0018FE08 EBP=0018FF00 ESI=0040C4A1 EDI=0018FE48 EFLAG=00000286
0040B7E6	MOV      [ESP+0x8], AL                                    EAX=00007E22 ECX=77AE38FF EDX=0040BAC3 EBX=E3DAE39A ESP=0018FE08 EBP=0018FF00 ESI=0040C4A1 EDI=0018FE48 EFLAG=00000287
0040B7EA	SUB      EBP, 0x2                                         EAX=00007E22 ECX=77AE38FF EDX=0040BAC3 EBX=E3DAE39A ESP=0018FE08 EBP=0018FF00 ESI=0040C4A1 EDI=0018FE48 EFLAG=00000287
0040B7ED	STC                                                       EAX=00007E22 ECX=77AE38FF EDX=0040BAC3 EBX=E3DAE39A ESP=0018FE08 EBP=0018FEFE ESI=0040C4A1 EDI=0018FE48 EFLAG=00000212
0040B7EE	CMC                                                       EAX=00007E22 ECX=77AE38FF EDX=0040BAC3 EBX=E3DAE39A ESP=0018FE08 EBP=0018FEFE ESI=0040C4A1 EDI=0018FE48 EFLAG=00000213
0040B7EF	SUB      ESI, 0x2                                         EAX=00007E22 ECX=77AE38FF EDX=0040BAC3 EBX=E3DAE39A ESP=0018FE08 EBP=0018FEFE ESI=0040C4A1 EDI=0018FE48 EFLAG=00000212
0040C084	PUSHF                                                     EAX=00007E22 ECX=77AE38FF EDX=0040BAC3 EBX=E3DAE39A ESP=0018FE08 EBP=0018FEFE ESI=0040C49F EDI=0018FE48 EFLAG=00000216
0040C085	MOV      [EBP+0x0], AX                                    EAX=00007E22 ECX=77AE38FF EDX=0040BAC3 EBX=E3DAE39A ESP=0018FE04 EBP=0018FEFE ESI=0040C49F EDI=0018FE48 EFLAG=00000216
0040C089	PUSH     ESP                                              EAX=00007E22 ECX=77AE38FF EDX=0040BAC3 EBX=E3DAE39A ESP=0018FE04 EBP=0018FEFE ESI=0040C49F EDI=0018FE48 EFLAG=00000216
0040C08A	LEA      ESP, [ESP+0x48]                                  EAX=00007E22 ECX=77AE38FF EDX=0040BAC3 EBX=E3DAE39A ESP=0018FE00 EBP=0018FEFE ESI=0040C49F EDI=0018FE48 EFLAG=00000216
0040C360	TEST     DH, 0x76                                         EAX=00007E22 ECX=77AE38FF EDX=0040BAC3 EBX=E3DAE39A ESP=0018FE48 EBP=0018FEFE ESI=0040C49F EDI=0018FE48 EFLAG=00000216
0040C363	LEA      EAX, [EDI+0x50]                                  EAX=00007E22 ECX=77AE38FF EDX=0040BAC3 EBX=E3DAE39A ESP=0018FE48 EBP=0018FEFE ESI=0040C49F EDI=0018FE48 EFLAG=00000202
0040C366	PUSH     DWORD 0xa76b4735                                 EAX=0018FE98 ECX=77AE38FF EDX=0040BAC3 EBX=E3DAE39A ESP=0018FE48 EBP=0018FEFE ESI=0040C49F EDI=0018FE48 EFLAG=00000202
0040C36B	STC                                                       EAX=0018FE98 ECX=77AE38FF EDX=0040BAC3 EBX=E3DAE39A ESP=0018FE44 EBP=0018FEFE ESI=0040C49F EDI=0018FE48 EFLAG=00000202
0040C36C	CMP      EBP, EAX                                         EAX=0018FE98 ECX=77AE38FF EDX=0040BAC3 EBX=E3DAE39A ESP=0018FE44 EBP=0018FEFE ESI=0040C49F EDI=0018FE48 EFLAG=00000203
0040C36E	PUSH     DWORD 0xbe8fd443                                 EAX=0018FE98 ECX=77AE38FF EDX=0040BAC3 EBX=E3DAE39A ESP=0018FE44 EBP=0018FEFE ESI=0040C49F EDI=0018FE48 EFLAG=00000206
0040C373	LEA      ESP, [ESP+0x8]                                   EAX=0018FE98 ECX=77AE38FF EDX=0040BAC3 EBX=E3DAE39A ESP=0018FE40 EBP=0018FEFE ESI=0040C49F EDI=0018FE48 EFLAG=00000206
0040C377	JA       0x40befd                                         EAX=0018FE98 ECX=77AE38FF EDX=0040BAC3 EBX=E3DAE39A ESP=0018FE48 EBP=0018FEFE ESI=0040C49F EDI=0018FE48 EFLAG=00000206
