0040B10E	MOVZX    EAX, BYTE [ESI-0x1]                              EAX=00000030 ECX=77AE3804 EDX=0040B10C EBX=00403BDA ESP=0018FE48 EBP=0018FF0C ESI=0040C4D8 EDI=0018FE48 EFLAG=00000206
0040A4EC	CALL     0x40c230                                         EAX=0000000A ECX=77AE3804 EDX=0040B10C EBX=00403BDA ESP=0018FE48 EBP=0018FF0C ESI=0040C4D8 EDI=0018FE48 EFLAG=00000206
0040C230	STC                                                       EAX=0000000A ECX=77AE3804 EDX=0040B10C EBX=00403BDA ESP=0018FE44 EBP=0018FF0C ESI=0040C4D8 EDI=0018FE48 EFLAG=00000206
0040C231	CMP      CH, BL                                           EAX=0000000A ECX=77AE3804 EDX=0040B10C EBX=00403BDA ESP=0018FE44 EBP=0018FF0C ESI=0040C4D8 EDI=0018FE48 EFLAG=00000207
0040C233	SUB      AL, BL                                           EAX=0000000A ECX=77AE3804 EDX=0040B10C EBX=00403BDA ESP=0018FE44 EBP=0018FF0C ESI=0040C4D8 EDI=0018FE48 EFLAG=00000213
0040C235	PUSH     EDI                                              EAX=00000030 ECX=77AE3804 EDX=0040B10C EBX=00403BDA ESP=0018FE44 EBP=0018FF0C ESI=0040C4D8 EDI=0018FE48 EFLAG=00000207
0040C236	INC      AL                                               EAX=00000030 ECX=77AE3804 EDX=0040B10C EBX=00403BDA ESP=0018FE40 EBP=0018FF0C ESI=0040C4D8 EDI=0018FE48 EFLAG=00000207
0040C238	MOV      [ESP], BP                                        EAX=00000031 ECX=77AE3804 EDX=0040B10C EBX=00403BDA ESP=0018FE40 EBP=0018FF0C ESI=0040C4D8 EDI=0018FE48 EFLAG=00000203
0040C23C	PUSH     DWORD 0xbd9159                                   EAX=00000031 ECX=77AE3804 EDX=0040B10C EBX=00403BDA ESP=0018FE40 EBP=0018FF0C ESI=0040C4D8 EDI=0018FE48 EFLAG=00000203
0040C241	DEC      ESI                                              EAX=00000031 ECX=77AE3804 EDX=0040B10C EBX=00403BDA ESP=0018FE3C EBP=0018FF0C ESI=0040C4D8 EDI=0018FE48 EFLAG=00000203
0040C242	STC                                                       EAX=00000031 ECX=77AE3804 EDX=0040B10C EBX=00403BDA ESP=0018FE3C EBP=0018FF0C ESI=0040C4D7 EDI=0018FE48 EFLAG=00000207
0040C243	ROR      AL, 0x7                                          EAX=00000031 ECX=77AE3804 EDX=0040B10C EBX=00403BDA ESP=0018FE3C EBP=0018FF0C ESI=0040C4D7 EDI=0018FE48 EFLAG=00000207
0040C246	BT       BP, DX                                           EAX=00000062 ECX=77AE3804 EDX=0040B10C EBX=00403BDA ESP=0018FE3C EBP=0018FF0C ESI=0040C4D7 EDI=0018FE48 EFLAG=00000A06
0040C24A	LEA      ESP, [ESP+0xc]                                   EAX=00000062 ECX=77AE3804 EDX=0040B10C EBX=00403BDA ESP=0018FE3C EBP=0018FF0C ESI=0040C4D7 EDI=0018FE48 EFLAG=00000A07
0040C24E	JGE      0x40ac99                                         EAX=00000062 ECX=77AE3804 EDX=0040B10C EBX=00403BDA ESP=0018FE48 EBP=0018FF0C ESI=0040C4D7 EDI=0018FE48 EFLAG=00000A07
0040C254	ADD      AL, 0xe0                                         EAX=00000062 ECX=77AE3804 EDX=0040B10C EBX=00403BDA ESP=0018FE48 EBP=0018FF0C ESI=0040C4D7 EDI=0018FE48 EFLAG=00000A07
0040B578	SUB      BL, AL                                           EAX=00000042 ECX=77AE3804 EDX=0040B10C EBX=00403BDA ESP=0018FE48 EBP=0018FF0C ESI=0040C4D7 EDI=0018FE48 EFLAG=00000207
0040B57A	TEST     EDI, ESI                                         EAX=00000042 ECX=77AE3804 EDX=0040B10C EBX=00403B98 ESP=0018FE48 EBP=0018FF0C ESI=0040C4D7 EDI=0018FE48 EFLAG=00000282
0040B57C	CALL     0x40b07e                                         EAX=00000042 ECX=77AE3804 EDX=0040B10C EBX=00403B98 ESP=0018FE48 EBP=0018FF0C ESI=0040C4D7 EDI=0018FE48 EFLAG=00000202
0040B07E	PUSH     DWORD 0x7dd433d0                                 EAX=00000042 ECX=77AE3804 EDX=0040B10C EBX=00403B98 ESP=0018FE44 EBP=0018FF0C ESI=0040C4D7 EDI=0018FE48 EFLAG=00000202
0040B083	CMC                                                       EAX=00000042 ECX=77AE3804 EDX=0040B10C EBX=00403B98 ESP=0018FE40 EBP=0018FF0C ESI=0040C4D7 EDI=0018FE48 EFLAG=00000202
0040B084	CBW                                                       EAX=00000042 ECX=77AE3804 EDX=0040B10C EBX=00403B98 ESP=0018FE40 EBP=0018FF0C ESI=0040C4D7 EDI=0018FE48 EFLAG=00000203
0040B086	CALL     0x40b8a6                                         EAX=00000042 ECX=77AE3804 EDX=0040B10C EBX=00403B98 ESP=0018FE40 EBP=0018FF0C ESI=0040C4D7 EDI=0018FE48 EFLAG=00000203
0040B8A6	CWDE                                                      EAX=00000042 ECX=77AE3804 EDX=0040B10C EBX=00403B98 ESP=0018FE3C EBP=0018FF0C ESI=0040C4D7 EDI=0018FE48 EFLAG=00000203
0040B8A7	PUSHF                                                     EAX=00000042 ECX=77AE3804 EDX=0040B10C EBX=00403B98 ESP=0018FE3C EBP=0018FF0C ESI=0040C4D7 EDI=0018FE48 EFLAG=00000203
0040B8A8	PUSHF                                                     EAX=00000042 ECX=77AE3804 EDX=0040B10C EBX=00403B98 ESP=0018FE38 EBP=0018FF0C ESI=0040C4D7 EDI=0018FE48 EFLAG=00000203
0040B8A9	PUSHA                                                     EAX=00000042 ECX=77AE3804 EDX=0040B10C EBX=00403B98 ESP=0018FE34 EBP=0018FF0C ESI=0040C4D7 EDI=0018FE48 EFLAG=00000203
0040B8AA	SUB      EBP, 0x4                                         EAX=00000042 ECX=77AE3804 EDX=0040B10C EBX=00403B98 ESP=0018FE14 EBP=0018FF0C ESI=0040C4D7 EDI=0018FE48 EFLAG=00000203
0040B8AD	PUSHF                                                     EAX=00000042 ECX=77AE3804 EDX=0040B10C EBX=00403B98 ESP=0018FE14 EBP=0018FF08 ESI=0040C4D7 EDI=0018FE48 EFLAG=00000202
0040B8AE	MOV      [EBP+0x0], EAX                                   EAX=00000042 ECX=77AE3804 EDX=0040B10C EBX=00403B98 ESP=0018FE10 EBP=0018FF08 ESI=0040C4D7 EDI=0018FE48 EFLAG=00000202
0040B8B1	PUSHF                                                     EAX=00000042 ECX=77AE3804 EDX=0040B10C EBX=00403B98 ESP=0018FE10 EBP=0018FF08 ESI=0040C4D7 EDI=0018FE48 EFLAG=00000202
0040B8B2	PUSHF                                                     EAX=00000042 ECX=77AE3804 EDX=0040B10C EBX=00403B98 ESP=0018FE0C EBP=0018FF08 ESI=0040C4D7 EDI=0018FE48 EFLAG=00000202
0040B8B3	PUSH     DWORD [ESP]                                      EAX=00000042 ECX=77AE3804 EDX=0040B10C EBX=00403B98 ESP=0018FE08 EBP=0018FF08 ESI=0040C4D7 EDI=0018FE48 EFLAG=00000202
0040B8B6	LEA      ESP, [ESP+0x44]                                  EAX=00000042 ECX=77AE3804 EDX=0040B10C EBX=00403B98 ESP=0018FE04 EBP=0018FF08 ESI=0040C4D7 EDI=0018FE48 EFLAG=00000202
0040C360	TEST     DH, 0x76                                         EAX=00000042 ECX=77AE3804 EDX=0040B10C EBX=00403B98 ESP=0018FE48 EBP=0018FF08 ESI=0040C4D7 EDI=0018FE48 EFLAG=00000202
0040C363	LEA      EAX, [EDI+0x50]                                  EAX=00000042 ECX=77AE3804 EDX=0040B10C EBX=00403B98 ESP=0018FE48 EBP=0018FF08 ESI=0040C4D7 EDI=0018FE48 EFLAG=00000206
0040C366	PUSH     DWORD 0xa76b4735                                 EAX=0018FE98 ECX=77AE3804 EDX=0040B10C EBX=00403B98 ESP=0018FE48 EBP=0018FF08 ESI=0040C4D7 EDI=0018FE48 EFLAG=00000206
0040C36B	STC                                                       EAX=0018FE98 ECX=77AE3804 EDX=0040B10C EBX=00403B98 ESP=0018FE44 EBP=0018FF08 ESI=0040C4D7 EDI=0018FE48 EFLAG=00000206
0040C36C	CMP      EBP, EAX                                         EAX=0018FE98 ECX=77AE3804 EDX=0040B10C EBX=00403B98 ESP=0018FE44 EBP=0018FF08 ESI=0040C4D7 EDI=0018FE48 EFLAG=00000207
0040C36E	PUSH     DWORD 0xbe8fd443                                 EAX=0018FE98 ECX=77AE3804 EDX=0040B10C EBX=00403B98 ESP=0018FE44 EBP=0018FF08 ESI=0040C4D7 EDI=0018FE48 EFLAG=00000202
0040C373	LEA      ESP, [ESP+0x8]                                   EAX=0018FE98 ECX=77AE3804 EDX=0040B10C EBX=00403B98 ESP=0018FE40 EBP=0018FF08 ESI=0040C4D7 EDI=0018FE48 EFLAG=00000202
0040C377	JA       0x40befd                                         EAX=0018FE98 ECX=77AE3804 EDX=0040B10C EBX=00403B98 ESP=0018FE48 EBP=0018FF08 ESI=0040C4D7 EDI=0018FE48 EFLAG=00000202
0040BEFD	BSWAP    DX                                               EAX=0018FE98 ECX=77AE3804 EDX=0040B10C EBX=00403B98 ESP=0018FE48 EBP=0018FF08 ESI=0040C4D7 EDI=0018FE48 EFLAG=00000202
0040BF00	RCL      DL, CL                                           EAX=0018FE98 ECX=77AE3804 EDX=00400000 EBX=00403B98 ESP=0018FE48 EBP=0018FF08 ESI=0040C4D7 EDI=0018FE48 EFLAG=00000202
0040BF02	PUSHA                                                     EAX=0018FE98 ECX=77AE3804 EDX=00400000 EBX=00403B98 ESP=0018FE48 EBP=0018FF08 ESI=0040C4D7 EDI=0018FE48 EFLAG=00000202
0040BF03	AND      EDX, 0xfdc85d80                                  EAX=0018FE98 ECX=77AE3804 EDX=00400000 EBX=00403B98 ESP=0018FE28 EBP=0018FF08 ESI=0040C4D7 EDI=0018FE48 EFLAG=00000202
0040BF09	MOV      AL, [ESI-0x1]                                    EAX=0018FE98 ECX=77AE3804 EDX=00400000 EBX=00403B98 ESP=0018FE28 EBP=0018FF08 ESI=0040C4D7 EDI=0018FE48 EFLAG=00000206
0040BF0C	DEC      DH                                               EAX=0018FE2A ECX=77AE3804 EDX=00400000 EBX=00403B98 ESP=0018FE28 EBP=0018FF08 ESI=0040C4D7 EDI=0018FE48 EFLAG=00000206
0040BF0E	SUB      AL, BL                                           EAX=0018FE2A ECX=77AE3804 EDX=0040FF00 EBX=00403B98 ESP=0018FE28 EBP=0018FF08 ESI=0040C4D7 EDI=0018FE48 EFLAG=00000296
0040BF10	PUSHF                                                     EAX=0018FE92 ECX=77AE3804 EDX=0040FF00 EBX=00403B98 ESP=0018FE28 EBP=0018FF08 ESI=0040C4D7 EDI=0018FE48 EFLAG=00000A83
0040BF11	BTC      DX, 0x4                                          EAX=0018FE92 ECX=77AE3804 EDX=0040FF00 EBX=00403B98 ESP=0018FE24 EBP=0018FF08 ESI=0040C4D7 EDI=0018FE48 EFLAG=00000A83
0040BF16	PUSH     ESP                                              EAX=0018FE92 ECX=77AE3804 EDX=0040FF10 EBX=00403B98 ESP=0018FE24 EBP=0018FF08 ESI=0040C4D7 EDI=0018FE48 EFLAG=00000A82
0040BF17	MOVZX    DX, AL                                           EAX=0018FE92 ECX=77AE3804 EDX=0040FF10 EBX=00403B98 ESP=0018FE20 EBP=0018FF08 ESI=0040C4D7 EDI=0018FE48 EFLAG=00000A82
0040BF1B	ROR      AL, 0x7                                          EAX=0018FE92 ECX=77AE3804 EDX=00400092 EBX=00403B98 ESP=0018FE20 EBP=0018FF08 ESI=0040C4D7 EDI=0018FE48 EFLAG=00000A82
0040BF1E	ROL      DH, 0x3                                          EAX=0018FE25 ECX=77AE3804 EDX=00400092 EBX=00403B98 ESP=0018FE20 EBP=0018FF08 ESI=0040C4D7 EDI=0018FE48 EFLAG=00000282
0040BF21	SUB      AL, 0x30                                         EAX=0018FE25 ECX=77AE3804 EDX=00400092 EBX=00403B98 ESP=0018FE20 EBP=0018FF08 ESI=0040C4D7 EDI=0018FE48 EFLAG=00000282
0040BF23	SHR      DX, 0x9                                          EAX=0018FEF5 ECX=77AE3804 EDX=00400092 EBX=00403B98 ESP=0018FE20 EBP=0018FF08 ESI=0040C4D7 EDI=0018FE48 EFLAG=00000287
0040BF27	XOR      AL, 0xce                                         EAX=0018FEF5 ECX=77AE3804 EDX=00400000 EBX=00403B98 ESP=0018FE20 EBP=0018FF08 ESI=0040C4D7 EDI=0018FE48 EFLAG=00000246
0040BF29	ADC      DL, 0xdb                                         EAX=0018FE3B ECX=77AE3804 EDX=00400000 EBX=00403B98 ESP=0018FE20 EBP=0018FF08 ESI=0040C4D7 EDI=0018FE48 EFLAG=00000202
0040BF2C	BT       EBX, EDI                                         EAX=0018FE3B ECX=77AE3804 EDX=004000DB EBX=00403B98 ESP=0018FE20 EBP=0018FF08 ESI=0040C4D7 EDI=0018FE48 EFLAG=00000286
0040BF2F	SETL     DH                                               EAX=0018FE3B ECX=77AE3804 EDX=004000DB EBX=00403B98 ESP=0018FE20 EBP=0018FF08 ESI=0040C4D7 EDI=0018FE48 EFLAG=00000287
0040BF32	SUB      BL, AL                                           EAX=0018FE3B ECX=77AE3804 EDX=004001DB EBX=00403B98 ESP=0018FE20 EBP=0018FF08 ESI=0040C4D7 EDI=0018FE48 EFLAG=00000287
0040BF34	STC                                                       EAX=0018FE3B ECX=77AE3804 EDX=004001DB EBX=00403B5D ESP=0018FE20 EBP=0018FF08 ESI=0040C4D7 EDI=0018FE48 EFLAG=00000A12
0040BF35	MOVZX    EAX, AL                                          EAX=0018FE3B ECX=77AE3804 EDX=004001DB EBX=00403B5D ESP=0018FE20 EBP=0018FF08 ESI=0040C4D7 EDI=0018FE48 EFLAG=00000A13
0040BF38	NOT      EDX                                              EAX=0000003B ECX=77AE3804 EDX=004001DB EBX=00403B5D ESP=0018FE20 EBP=0018FF08 ESI=0040C4D7 EDI=0018FE48 EFLAG=00000A13
0040BF3A	BSF      EDX, EDI                                         EAX=0000003B ECX=77AE3804 EDX=FFBFFE24 EBX=00403B5D ESP=0018FE20 EBP=0018FF08 ESI=0040C4D7 EDI=0018FE48 EFLAG=00000A13
0040BF3E	CMC                                                       EAX=0000003B ECX=77AE3804 EDX=FFBF0003 EBX=00403B5D ESP=0018FE20 EBP=0018FF08 ESI=0040C4D7 EDI=0018FE48 EFLAG=00000206
0040BF3F	SAL      DH, CL                                           EAX=0000003B ECX=77AE3804 EDX=FFBF0003 EBX=00403B5D ESP=0018FE20 EBP=0018FF08 ESI=0040C4D7 EDI=0018FE48 EFLAG=00000207
0040BF41	MOV      EDX, [EAX*4+0x40a51f]                            EAX=0000003B ECX=77AE3804 EDX=FFBF0003 EBX=00403B5D ESP=0018FE20 EBP=0018FF08 ESI=0040C4D7 EDI=0018FE48 EFLAG=00000246
0040BF48	TEST     EDX, 0xe75c2a09                                  EAX=0000003B ECX=77AE3804 EDX=2BFA79EF EBX=00403B5D ESP=0018FE20 EBP=0018FF08 ESI=0040C4D7 EDI=0018FE48 EFLAG=00000246
0040BF4E	TEST     BL, DL                                           EAX=0000003B ECX=77AE3804 EDX=2BFA79EF EBX=00403B5D ESP=0018FE20 EBP=0018FF08 ESI=0040C4D7 EDI=0018FE48 EFLAG=00000206
0040BF50	SUB      EDX, 0x2bb9b71b                                  EAX=0000003B ECX=77AE3804 EDX=2BFA79EF EBX=00403B5D ESP=0018FE20 EBP=0018FF08 ESI=0040C4D7 EDI=0018FE48 EFLAG=00000206
0040BF56	CALL     0x40bd78                                         EAX=0000003B ECX=77AE3804 EDX=0040C2D4 EBX=00403B5D ESP=0018FE20 EBP=0018FF08 ESI=0040C4D7 EDI=0018FE48 EFLAG=00000206
0040BD78	PUSH     EDX                                              EAX=0000003B ECX=77AE3804 EDX=0040C2D4 EBX=00403B5D ESP=0018FE1C EBP=0018FF08 ESI=0040C4D7 EDI=0018FE48 EFLAG=00000206
0040BD79	DEC      ESI                                              EAX=0000003B ECX=77AE3804 EDX=0040C2D4 EBX=00403B5D ESP=0018FE18 EBP=0018FF08 ESI=0040C4D7 EDI=0018FE48 EFLAG=00000206
0040BD7A	PUSHF                                                     EAX=0000003B ECX=77AE3804 EDX=0040C2D4 EBX=00403B5D ESP=0018FE18 EBP=0018FF08 ESI=0040C4D6 EDI=0018FE48 EFLAG=00000202
0040A91F	MOV      [ESP], DH                                        EAX=0000003B ECX=77AE3804 EDX=0040C2D4 EBX=00403B5D ESP=0018FE14 EBP=0018FF08 ESI=0040C4D6 EDI=0018FE48 EFLAG=00000202
0040A922	MOV      [ESP+0x30], EDX                                  EAX=0000003B ECX=77AE3804 EDX=0040C2D4 EBX=00403B5D ESP=0018FE14 EBP=0018FF08 ESI=0040C4D6 EDI=0018FE48 EFLAG=00000202
0040A926	MOV      [ESP], AL                                        EAX=0000003B ECX=77AE3804 EDX=0040C2D4 EBX=00403B5D ESP=0018FE14 EBP=0018FF08 ESI=0040C4D6 EDI=0018FE48 EFLAG=00000202
0040A929	PUSH     DWORD [ESP+0x30]                                 EAX=0000003B ECX=77AE3804 EDX=0040C2D4 EBX=00403B5D ESP=0018FE14 EBP=0018FF08 ESI=0040C4D6 EDI=0018FE48 EFLAG=00000202
0040A92D	RET      0x34                                             EAX=0000003B ECX=77AE3804 EDX=0040C2D4 EBX=00403B5D ESP=0018FE10 EBP=0018FF08 ESI=0040C4D6 EDI=0018FE48 EFLAG=00000202
0040C2D4	CALL     0x40be27                                         EAX=0000003B ECX=77AE3804 EDX=0040C2D4 EBX=00403B5D ESP=0018FE48 EBP=0018FF08 ESI=0040C4D6 EDI=0018FE48 EFLAG=00000202
0040BE27	NOT      SI                                               EAX=0000003B ECX=77AE3804 EDX=0040C2D4 EBX=00403B5D ESP=0018FE44 EBP=0018FF08 ESI=0040C4D6 EDI=0018FE48 EFLAG=00000202
0040BE2A	MOV      ESI, [EBP+0x0]                                   EAX=0000003B ECX=77AE3804 EDX=0040C2D4 EBX=00403B5D ESP=0018FE44 EBP=0018FF08 ESI=00403B29 EDI=0018FE48 EFLAG=00000202
0040BE2D	MOV      [ESP], DH                                        EAX=0000003B ECX=77AE3804 EDX=0040C2D4 EBX=00403B5D ESP=0018FE44 EBP=0018FF08 ESI=00000042 EDI=0018FE48 EFLAG=00000202
0040BE30	CLC                                                       EAX=0000003B ECX=77AE3804 EDX=0040C2D4 EBX=00403B5D ESP=0018FE44 EBP=0018FF08 ESI=00000042 EDI=0018FE48 EFLAG=00000202
0040BE31	CALL     0x40a4f1                                         EAX=0000003B ECX=77AE3804 EDX=0040C2D4 EBX=00403B5D ESP=0018FE44 EBP=0018FF08 ESI=00000042 EDI=0018FE48 EFLAG=00000202
0040A4F1	ADD      EBP, 0x4                                         EAX=0000003B ECX=77AE3804 EDX=0040C2D4 EBX=00403B5D ESP=0018FE40 EBP=0018FF08 ESI=00000042 EDI=0018FE48 EFLAG=00000202
0040A4F4	PUSH     ECX                                              EAX=0000003B ECX=77AE3804 EDX=0040C2D4 EBX=00403B5D ESP=0018FE40 EBP=0018FF0C ESI=00000042 EDI=0018FE48 EFLAG=00000206
0040A4F5	PUSHA                                                     EAX=0000003B ECX=77AE3804 EDX=0040C2D4 EBX=00403B5D ESP=0018FE3C EBP=0018FF0C ESI=00000042 EDI=0018FE48 EFLAG=00000206
0040A4F6	PUSHF                                                     EAX=0000003B ECX=77AE3804 EDX=0040C2D4 EBX=00403B5D ESP=0018FE1C EBP=0018FF0C ESI=00000042 EDI=0018FE48 EFLAG=00000206
0040A4F7	LEA      ESP, [ESP+0x30]                                  EAX=0000003B ECX=77AE3804 EDX=0040C2D4 EBX=00403B5D ESP=0018FE18 EBP=0018FF0C ESI=00000042 EDI=0018FE48 EFLAG=00000206
0040B1F6	ADC      BX, BP                                           EAX=0000003B ECX=77AE3804 EDX=0040C2D4 EBX=00403B5D ESP=0018FE48 EBP=0018FF0C ESI=00000042 EDI=0018FE48 EFLAG=00000206
0040B1F9	NEG      AL                                               EAX=0000003B ECX=77AE3804 EDX=0040C2D4 EBX=00403A69 ESP=0018FE48 EBP=0018FF0C ESI=00000042 EDI=0018FE48 EFLAG=00000217
0040B1FB	BT       BX, 0x3                                          EAX=000000C5 ECX=77AE3804 EDX=0040C2D4 EBX=00403A69 ESP=0018FE48 EBP=0018FF0C ESI=00000042 EDI=0018FE48 EFLAG=00000297
0040B200	SAR      AL, CL                                           EAX=000000C5 ECX=77AE3804 EDX=0040C2D4 EBX=00403A69 ESP=0018FE48 EBP=0018FF0C ESI=00000042 EDI=0018FE48 EFLAG=00000297
0040B202	MOV      EBX, ESI                                         EAX=000000FC ECX=77AE3804 EDX=0040C2D4 EBX=00403A69 ESP=0018FE48 EBP=0018FF0C ESI=00000042 EDI=0018FE48 EFLAG=00000286
0040B204	CALL     0x40beec                                         EAX=000000FC ECX=77AE3804 EDX=0040C2D4 EBX=00000042 ESP=0018FE48 EBP=0018FF0C ESI=00000042 EDI=0018FE48 EFLAG=00000286
0040BEEC	SHRD     DX, SI, 0xa                                      EAX=000000FC ECX=77AE3804 EDX=0040C2D4 EBX=00000042 ESP=0018FE44 EBP=0018FF0C ESI=00000042 EDI=0018FE48 EFLAG=00000286
0040BEF1	MOVZX    EDX, CL                                          EAX=000000FC ECX=77AE3804 EDX=004010B0 EBX=00000042 ESP=0018FE44 EBP=0018FF0C ESI=00000042 EDI=0018FE48 EFLAG=00000203
0040BEF4	DEC      AL                                               EAX=000000FC ECX=77AE3804 EDX=00000004 EBX=00000042 ESP=0018FE44 EBP=0018FF0C ESI=00000042 EDI=0018FE48 EFLAG=00000203
0040BEF6	ADD      ESI, [EBP+0x0]                                   EAX=000000FB ECX=77AE3804 EDX=00000004 EBX=00000042 ESP=0018FE44 EBP=0018FF0C ESI=00000042 EDI=0018FE48 EFLAG=00000283
0040BEF9	LEA      ESP, [ESP+0x4]                                   EAX=000000FB ECX=77AE3804 EDX=00000004 EBX=00000042 ESP=0018FE44 EBP=0018FF0C ESI=EC1D86C1 EDI=0018FE48 EFLAG=00000292
0040BEFD	BSWAP    DX                                               EAX=000000FB ECX=77AE3804 EDX=00000004 EBX=00000042 ESP=0018FE48 EBP=0018FF0C ESI=EC1D86C1 EDI=0018FE48 EFLAG=00000292
0040BF00	RCL      DL, CL                                           EAX=000000FB ECX=77AE3804 EDX=00000000 EBX=00000042 ESP=0018FE48 EBP=0018FF0C ESI=EC1D86C1 EDI=0018FE48 EFLAG=00000292
0040BF02	PUSHA                                                     EAX=000000FB ECX=77AE3804 EDX=00000000 EBX=00000042 ESP=0018FE48 EBP=0018FF0C ESI=EC1D86C1 EDI=0018FE48 EFLAG=00000292
0040BF03	AND      EDX, 0xfdc85d80                                  EAX=000000FB ECX=77AE3804 EDX=00000000 EBX=00000042 ESP=0018FE28 EBP=0018FF0C ESI=EC1D86C1 EDI=0018FE48 EFLAG=00000292
0040BF09	MOV      AL, [ESI-0x1]                                    EAX=000000FB ECX=77AE3804 EDX=00000000 EBX=00000042 ESP=0018FE28 EBP=0018FF0C ESI=EC1D86C1 EDI=0018FE48 EFLAG=00000246
0040BF0C	DEC      DH                                               EAX=00000000 ECX=77AE3804 EDX=00000000 EBX=00000042 ESP=0018FE28 EBP=0018FF0C ESI=EC1D86C1 EDI=0018FE48 EFLAG=00000246
0040BF0E	SUB      AL, BL                                           EAX=00000000 ECX=77AE3804 EDX=0000FF00 EBX=00000042 ESP=0018FE28 EBP=0018FF0C ESI=EC1D86C1 EDI=0018FE48 EFLAG=00000296
0040BF10	PUSHF                                                     EAX=000000BE ECX=77AE3804 EDX=0000FF00 EBX=00000042 ESP=0018FE28 EBP=0018FF0C ESI=EC1D86C1 EDI=0018FE48 EFLAG=00000297
0040BF11	BTC      DX, 0x4                                          EAX=000000BE ECX=77AE3804 EDX=0000FF00 EBX=00000042 ESP=0018FE24 EBP=0018FF0C ESI=EC1D86C1 EDI=0018FE48 EFLAG=00000297
0040BF16	PUSH     ESP                                              EAX=000000BE ECX=77AE3804 EDX=0000FF10 EBX=00000042 ESP=0018FE24 EBP=0018FF0C ESI=EC1D86C1 EDI=0018FE48 EFLAG=00000296
0040BF17	MOVZX    DX, AL                                           EAX=000000BE ECX=77AE3804 EDX=0000FF10 EBX=00000042 ESP=0018FE20 EBP=0018FF0C ESI=EC1D86C1 EDI=0018FE48 EFLAG=00000296
0040BF1B	ROR      AL, 0x7                                          EAX=000000BE ECX=77AE3804 EDX=000000BE EBX=00000042 ESP=0018FE20 EBP=0018FF0C ESI=EC1D86C1 EDI=0018FE48 EFLAG=00000296
0040BF1E	ROL      DH, 0x3                                          EAX=0000007D ECX=77AE3804 EDX=000000BE EBX=00000042 ESP=0018FE20 EBP=0018FF0C ESI=EC1D86C1 EDI=0018FE48 EFLAG=00000A96
0040BF21	SUB      AL, 0x30                                         EAX=0000007D ECX=77AE3804 EDX=000000BE EBX=00000042 ESP=0018FE20 EBP=0018FF0C ESI=EC1D86C1 EDI=0018FE48 EFLAG=00000296
0040BF23	SHR      DX, 0x9                                          EAX=0000004D ECX=77AE3804 EDX=000000BE EBX=00000042 ESP=0018FE20 EBP=0018FF0C ESI=EC1D86C1 EDI=0018FE48 EFLAG=00000206
0040BF27	XOR      AL, 0xce                                         EAX=0000004D ECX=77AE3804 EDX=00000000 EBX=00000042 ESP=0018FE20 EBP=0018FF0C ESI=EC1D86C1 EDI=0018FE48 EFLAG=00000246
0040BF29	ADC      DL, 0xdb                                         EAX=00000083 ECX=77AE3804 EDX=00000000 EBX=00000042 ESP=0018FE20 EBP=0018FF0C ESI=EC1D86C1 EDI=0018FE48 EFLAG=00000282
0040BF2C	BT       EBX, EDI                                         EAX=00000083 ECX=77AE3804 EDX=000000DB EBX=00000042 ESP=0018FE20 EBP=0018FF0C ESI=EC1D86C1 EDI=0018FE48 EFLAG=00000286
0040BF2F	SETL     DH                                               EAX=00000083 ECX=77AE3804 EDX=000000DB EBX=00000042 ESP=0018FE20 EBP=0018FF0C ESI=EC1D86C1 EDI=0018FE48 EFLAG=00000286
0040BF32	SUB      BL, AL                                           EAX=00000083 ECX=77AE3804 EDX=000001DB EBX=00000042 ESP=0018FE20 EBP=0018FF0C ESI=EC1D86C1 EDI=0018FE48 EFLAG=00000286
0040BF34	STC                                                       EAX=00000083 ECX=77AE3804 EDX=000001DB EBX=000000BF ESP=0018FE20 EBP=0018FF0C ESI=EC1D86C1 EDI=0018FE48 EFLAG=00000A93
0040BF35	MOVZX    EAX, AL                                          EAX=00000083 ECX=77AE3804 EDX=000001DB EBX=000000BF ESP=0018FE20 EBP=0018FF0C ESI=EC1D86C1 EDI=0018FE48 EFLAG=00000A93
0040BF38	NOT      EDX                                              EAX=00000083 ECX=77AE3804 EDX=000001DB EBX=000000BF ESP=0018FE20 EBP=0018FF0C ESI=EC1D86C1 EDI=0018FE48 EFLAG=00000A93
0040BF3A	BSF      EDX, EDI                                         EAX=00000083 ECX=77AE3804 EDX=FFFFFE24 EBX=000000BF ESP=0018FE20 EBP=0018FF0C ESI=EC1D86C1 EDI=0018FE48 EFLAG=00000A93
0040BF3E	CMC                                                       EAX=00000083 ECX=77AE3804 EDX=FFFF0003 EBX=000000BF ESP=0018FE20 EBP=0018FF0C ESI=EC1D86C1 EDI=0018FE48 EFLAG=00000206
0040BF3F	SAL      DH, CL                                           EAX=00000083 ECX=77AE3804 EDX=FFFF0003 EBX=000000BF ESP=0018FE20 EBP=0018FF0C ESI=EC1D86C1 EDI=0018FE48 EFLAG=00000207
0040BF41	MOV      EDX, [EAX*4+0x40a51f]                            EAX=00000083 ECX=77AE3804 EDX=FFFF0003 EBX=000000BF ESP=0018FE20 EBP=0018FF0C ESI=EC1D86C1 EDI=0018FE48 EFLAG=00000246
0040BF48	TEST     EDX, 0xe75c2a09                                  EAX=00000083 ECX=77AE3804 EDX=2BFA6887 EBX=000000BF ESP=0018FE20 EBP=0018FF0C ESI=EC1D86C1 EDI=0018FE48 EFLAG=00000246
0040BF4E	TEST     BL, DL                                           EAX=00000083 ECX=77AE3804 EDX=2BFA6887 EBX=000000BF ESP=0018FE20 EBP=0018FF0C ESI=EC1D86C1 EDI=0018FE48 EFLAG=00000202
0040BF50	SUB      EDX, 0x2bb9b71b                                  EAX=00000083 ECX=77AE3804 EDX=2BFA6887 EBX=000000BF ESP=0018FE20 EBP=0018FF0C ESI=EC1D86C1 EDI=0018FE48 EFLAG=00000286
0040BF56	CALL     0x40bd78                                         EAX=00000083 ECX=77AE3804 EDX=0040B16C EBX=000000BF ESP=0018FE20 EBP=0018FF0C ESI=EC1D86C1 EDI=0018FE48 EFLAG=00000216
0040BD78	PUSH     EDX                                              EAX=00000083 ECX=77AE3804 EDX=0040B16C EBX=000000BF ESP=0018FE1C EBP=0018FF0C ESI=EC1D86C1 EDI=0018FE48 EFLAG=00000216
0040BD79	DEC      ESI                                              EAX=00000083 ECX=77AE3804 EDX=0040B16C EBX=000000BF ESP=0018FE18 EBP=0018FF0C ESI=EC1D86C1 EDI=0018FE48 EFLAG=00000216
0040BD7A	PUSHF                                                     EAX=00000083 ECX=77AE3804 EDX=0040B16C EBX=000000BF ESP=0018FE18 EBP=0018FF0C ESI=EC1D86C0 EDI=0018FE48 EFLAG=00000286
0040A91F	MOV      [ESP], DH                                        EAX=00000083 ECX=77AE3804 EDX=0040B16C EBX=000000BF ESP=0018FE14 EBP=0018FF0C ESI=EC1D86C0 EDI=0018FE48 EFLAG=00000286
0040A922	MOV      [ESP+0x30], EDX                                  EAX=00000083 ECX=77AE3804 EDX=0040B16C EBX=000000BF ESP=0018FE14 EBP=0018FF0C ESI=EC1D86C0 EDI=0018FE48 EFLAG=00000286
0040A926	MOV      [ESP], AL                                        EAX=00000083 ECX=77AE3804 EDX=0040B16C EBX=000000BF ESP=0018FE14 EBP=0018FF0C ESI=EC1D86C0 EDI=0018FE48 EFLAG=00000286
0040A929	PUSH     DWORD [ESP+0x30]                                 EAX=00000083 ECX=77AE3804 EDX=0040B16C EBX=000000BF ESP=0018FE14 EBP=0018FF0C ESI=EC1D86C0 EDI=0018FE48 EFLAG=00000286
0040A92D	RET      0x34                                             EAX=00000083 ECX=77AE3804 EDX=0040B16C EBX=000000BF ESP=0018FE10 EBP=0018FF0C ESI=EC1D86C0 EDI=0018FE48 EFLAG=00000286
0040B16C	CALL     0x40bb09                                         EAX=00000083 ECX=77AE3804 EDX=0040B16C EBX=000000BF ESP=0018FE48 EBP=0018FF0C ESI=EC1D86C0 EDI=0018FE48 EFLAG=00000286
0040BB09	SUB      DL, AH                                           EAX=00000083 ECX=77AE3804 EDX=0040B16C EBX=000000BF ESP=0018FE44 EBP=0018FF0C ESI=EC1D86C0 EDI=0018FE48 EFLAG=00000286
0040BB0B	MOV      AL, [ESI-0x1]                                    EAX=00000083 ECX=77AE3804 EDX=0040B16C EBX=000000BF ESP=0018FE44 EBP=0018FF0C ESI=EC1D86C0 EDI=0018FE48 EFLAG=00000206
0040BB0E	LEA      ESP, [ESP+0x4]                                   EAX=00000000 ECX=77AE3804 EDX=0040B16C EBX=000000BF ESP=0018FE44 EBP=0018FF0C ESI=EC1D86C0 EDI=0018FE48 EFLAG=00000206
0040BB12	JNP      0x40bd9a                                         EAX=00000000 ECX=77AE3804 EDX=0040B16C EBX=000000BF ESP=0018FE48 EBP=0018FF0C ESI=EC1D86C0 EDI=0018FE48 EFLAG=00000206
0040BB18	BSR      EDX, ECX                                         EAX=00000000 ECX=77AE3804 EDX=0040B16C EBX=000000BF ESP=0018FE48 EBP=0018FF0C ESI=EC1D86C0 EDI=0018FE48 EFLAG=00000206
0040BB1B	ADD      AL, BL                                           EAX=00000000 ECX=77AE3804 EDX=0000001E EBX=000000BF ESP=0018FE48 EBP=0018FF0C ESI=EC1D86C0 EDI=0018FE48 EFLAG=00000206
0040BB1D	PUSH     EDX                                              EAX=000000BF ECX=77AE3804 EDX=0000001E EBX=000000BF ESP=0018FE48 EBP=0018FF0C ESI=EC1D86C0 EDI=0018FE48 EFLAG=00000282
0040BB1E	DEC      AL                                               EAX=000000BF ECX=77AE3804 EDX=0000001E EBX=000000BF ESP=0018FE44 EBP=0018FF0C ESI=EC1D86C0 EDI=0018FE48 EFLAG=00000282
0040BB20	DEC      DH                                               EAX=000000BE ECX=77AE3804 EDX=0000001E EBX=000000BF ESP=0018FE44 EBP=0018FF0C ESI=EC1D86C0 EDI=0018FE48 EFLAG=00000286
0040BB22	NEG      AL                                               EAX=000000BE ECX=77AE3804 EDX=0000FF1E EBX=000000BF ESP=0018FE44 EBP=0018FF0C ESI=EC1D86C0 EDI=0018FE48 EFLAG=00000296
0040BB24	CALL     0x40b99f                                         EAX=00000042 ECX=77AE3804 EDX=0000FF1E EBX=000000BF ESP=0018FE44 EBP=0018FF0C ESI=EC1D86C0 EDI=0018FE48 EFLAG=00000217
0040B99F	BTC      EDX, 0xe                                         EAX=00000042 ECX=77AE3804 EDX=0000FF1E EBX=000000BF ESP=0018FE40 EBP=0018FF0C ESI=EC1D86C0 EDI=0018FE48 EFLAG=00000217
0040B9A3	MOVZX    EDX, DL                                          EAX=00000042 ECX=77AE3804 EDX=0000BF1E EBX=000000BF ESP=0018FE40 EBP=0018FF0C ESI=EC1D86C0 EDI=0018FE48 EFLAG=00000217
0040B9A6	CMC                                                       EAX=00000042 ECX=77AE3804 EDX=0000001E EBX=000000BF ESP=0018FE40 EBP=0018FF0C ESI=EC1D86C0 EDI=0018FE48 EFLAG=00000217
0040B9A7	ROR      AL, 0x1                                          EAX=00000042 ECX=77AE3804 EDX=0000001E EBX=000000BF ESP=0018FE40 EBP=0018FF0C ESI=EC1D86C0 EDI=0018FE48 EFLAG=00000216
0040B9A9	SBB      DX, 0x612a                                       EAX=00000021 ECX=77AE3804 EDX=0000001E EBX=000000BF ESP=0018FE40 EBP=0018FF0C ESI=EC1D86C0 EDI=0018FE48 EFLAG=00000216
0040B9AE	ADC      DL, DL                                           EAX=00000021 ECX=77AE3804 EDX=00009EF4 EBX=000000BF ESP=0018FE40 EBP=0018FF0C ESI=EC1D86C0 EDI=0018FE48 EFLAG=00000283
0040B9B0	ADD      DX, CX                                           EAX=00000021 ECX=77AE3804 EDX=00009EE9 EBX=000000BF ESP=0018FE40 EBP=0018FF0C ESI=EC1D86C0 EDI=0018FE48 EFLAG=00000283
0040B9B3	BSWAP    DX                                               EAX=00000021 ECX=77AE3804 EDX=0000D6ED EBX=000000BF ESP=0018FE40 EBP=0018FF0C ESI=EC1D86C0 EDI=0018FE48 EFLAG=00000286
0040B9B6	ADD      BL, AL                                           EAX=00000021 ECX=77AE3804 EDX=00000000 EBX=000000BF ESP=0018FE40 EBP=0018FF0C ESI=EC1D86C0 EDI=0018FE48 EFLAG=00000286
0040B9B8	AND      EDX, ESP                                         EAX=00000021 ECX=77AE3804 EDX=00000000 EBX=000000E0 ESP=0018FE40 EBP=0018FF0C ESI=EC1D86C0 EDI=0018FE48 EFLAG=00000292
0040B9BA	LEA      ESI, [ESI-0x1]                                   EAX=00000021 ECX=77AE3804 EDX=00000000 EBX=000000E0 ESP=0018FE40 EBP=0018FF0C ESI=EC1D86C0 EDI=0018FE48 EFLAG=00000246
0040B9BD	SHRD     DX, SP, CL                                       EAX=00000021 ECX=77AE3804 EDX=00000000 EBX=000000E0 ESP=0018FE40 EBP=0018FF0C ESI=EC1D86BF EDI=0018FE48 EFLAG=00000246
0040B9C1	INC      DX                                               EAX=00000021 ECX=77AE3804 EDX=00000000 EBX=000000E0 ESP=0018FE40 EBP=0018FF0C ESI=EC1D86BF EDI=0018FE48 EFLAG=00000246
0040B9C4	SBB      EDX, EDX                                         EAX=00000021 ECX=77AE3804 EDX=00000001 EBX=000000E0 ESP=0018FE40 EBP=0018FF0C ESI=EC1D86BF EDI=0018FE48 EFLAG=00000202
0040B9C6	ADD      DX, 0x9dea                                       EAX=00000021 ECX=77AE3804 EDX=00000000 EBX=000000E0 ESP=0018FE40 EBP=0018FF0C ESI=EC1D86BF EDI=0018FE48 EFLAG=00000246
0040B9CB	MOV      EDX, [EBP+0x0]                                   EAX=00000021 ECX=77AE3804 EDX=00009DEA EBX=000000E0 ESP=0018FE40 EBP=0018FF0C ESI=EC1D86BF EDI=0018FE48 EFLAG=00000282
0040B9CE	PUSHA                                                     EAX=00000021 ECX=77AE3804 EDX=EC1D867F EBX=000000E0 ESP=0018FE40 EBP=0018FF0C ESI=EC1D86BF EDI=0018FE48 EFLAG=00000282
0040B9CF	STC                                                       EAX=00000021 ECX=77AE3804 EDX=EC1D867F EBX=000000E0 ESP=0018FE20 EBP=0018FF0C ESI=EC1D86BF EDI=0018FE48 EFLAG=00000282
0040B9D0	CALL     0x40c120                                         EAX=00000021 ECX=77AE3804 EDX=EC1D867F EBX=000000E0 ESP=0018FE20 EBP=0018FF0C ESI=EC1D86BF EDI=0018FE48 EFLAG=00000283
0040B3B2	ADD      EBP, 0x4                                         EAX=00000021 ECX=77AE3804 EDX=EC1D867F EBX=000000E0 ESP=0018FE1C EBP=0018FF0C ESI=EC1D86BF EDI=0018FE48 EFLAG=00000283
0040B3B5	CALL     0x40c167                                         EAX=00000021 ECX=77AE3804 EDX=EC1D867F EBX=000000E0 ESP=0018FE1C EBP=0018FF10 ESI=EC1D86BF EDI=0018FE48 EFLAG=00000212
0040C167	MOV      [EAX+EDI], EDX                                   EAX=00000021 ECX=77AE3804 EDX=EC1D867F EBX=000000E0 ESP=0018FE18 EBP=0018FF10 ESI=EC1D86BF EDI=0018FE48 EFLAG=00000212
0040C16A	MOV      WORD [ESP+0x4], 0x4a62                           EAX=00000021 ECX=77AE3804 EDX=EC1D867F EBX=000000E0 ESP=0018FE18 EBP=0018FF10 ESI=EC1D86BF EDI=0018FE48 EFLAG=00000212
0040C171	MOV      [ESP], DH                                        EAX=00000021 ECX=77AE3804 EDX=EC1D867F EBX=000000E0 ESP=0018FE18 EBP=0018FF10 ESI=EC1D86BF EDI=0018FE48 EFLAG=00000212
0040C174	PUSHF                                                     EAX=00000021 ECX=77AE3804 EDX=EC1D867F EBX=000000E0 ESP=0018FE18 EBP=0018FF10 ESI=EC1D86BF EDI=0018FE48 EFLAG=00000212
0040C175	PUSHF                                                     EAX=00000021 ECX=77AE3804 EDX=EC1D867F EBX=000000E0 ESP=0018FE14 EBP=0018FF10 ESI=EC1D86BF EDI=0018FE48 EFLAG=00000212
0040C176	LEA      ESP, [ESP+0x38]                                  EAX=00000021 ECX=77AE3804 EDX=EC1D867F EBX=000000E0 ESP=0018FE10 EBP=0018FF10 ESI=EC1D86BF EDI=0018FE48 EFLAG=00000212
0040BEFD	BSWAP    DX                                               EAX=00000021 ECX=77AE3804 EDX=EC1D867F EBX=000000E0 ESP=0018FE48 EBP=0018FF10 ESI=EC1D86BF EDI=0018FE48 EFLAG=00000212
0040BF00	RCL      DL, CL                                           EAX=00000021 ECX=77AE3804 EDX=EC1D0000 EBX=000000E0 ESP=0018FE48 EBP=0018FF10 ESI=EC1D86BF EDI=0018FE48 EFLAG=00000212
0040BF02	PUSHA                                                     EAX=00000021 ECX=77AE3804 EDX=EC1D0000 EBX=000000E0 ESP=0018FE48 EBP=0018FF10 ESI=EC1D86BF EDI=0018FE48 EFLAG=00000212
0040BF03	AND      EDX, 0xfdc85d80                                  EAX=00000021 ECX=77AE3804 EDX=EC1D0000 EBX=000000E0 ESP=0018FE28 EBP=0018FF10 ESI=EC1D86BF EDI=0018FE48 EFLAG=00000212
0040BF09	MOV      AL, [ESI-0x1]                                    EAX=00000021 ECX=77AE3804 EDX=EC080000 EBX=000000E0 ESP=0018FE28 EBP=0018FF10 ESI=EC1D86BF EDI=0018FE48 EFLAG=00000286
0040BF0C	DEC      DH                                               EAX=00000000 ECX=77AE3804 EDX=EC080000 EBX=000000E0 ESP=0018FE28 EBP=0018FF10 ESI=EC1D86BF EDI=0018FE48 EFLAG=00000286
0040BF0E	SUB      AL, BL                                           EAX=00000000 ECX=77AE3804 EDX=EC08FF00 EBX=000000E0 ESP=0018FE28 EBP=0018FF10 ESI=EC1D86BF EDI=0018FE48 EFLAG=00000296
0040BF10	PUSHF                                                     EAX=00000020 ECX=77AE3804 EDX=EC08FF00 EBX=000000E0 ESP=0018FE28 EBP=0018FF10 ESI=EC1D86BF EDI=0018FE48 EFLAG=00000203
0040BF11	BTC      DX, 0x4                                          EAX=00000020 ECX=77AE3804 EDX=EC08FF00 EBX=000000E0 ESP=0018FE24 EBP=0018FF10 ESI=EC1D86BF EDI=0018FE48 EFLAG=00000203
0040BF16	PUSH     ESP                                              EAX=00000020 ECX=77AE3804 EDX=EC08FF10 EBX=000000E0 ESP=0018FE24 EBP=0018FF10 ESI=EC1D86BF EDI=0018FE48 EFLAG=00000202
0040BF17	MOVZX    DX, AL                                           EAX=00000020 ECX=77AE3804 EDX=EC08FF10 EBX=000000E0 ESP=0018FE20 EBP=0018FF10 ESI=EC1D86BF EDI=0018FE48 EFLAG=00000202
0040BF1B	ROR      AL, 0x7                                          EAX=00000020 ECX=77AE3804 EDX=EC080020 EBX=000000E0 ESP=0018FE20 EBP=0018FF10 ESI=EC1D86BF EDI=0018FE48 EFLAG=00000202
0040BF1E	ROL      DH, 0x3                                          EAX=00000040 ECX=77AE3804 EDX=EC080020 EBX=000000E0 ESP=0018FE20 EBP=0018FF10 ESI=EC1D86BF EDI=0018FE48 EFLAG=00000A02
0040BF21	SUB      AL, 0x30                                         EAX=00000040 ECX=77AE3804 EDX=EC080020 EBX=000000E0 ESP=0018FE20 EBP=0018FF10 ESI=EC1D86BF EDI=0018FE48 EFLAG=00000202
0040BF23	SHR      DX, 0x9                                          EAX=00000010 ECX=77AE3804 EDX=EC080020 EBX=000000E0 ESP=0018FE20 EBP=0018FF10 ESI=EC1D86BF EDI=0018FE48 EFLAG=00000202
0040BF27	XOR      AL, 0xce                                         EAX=00000010 ECX=77AE3804 EDX=EC080000 EBX=000000E0 ESP=0018FE20 EBP=0018FF10 ESI=EC1D86BF EDI=0018FE48 EFLAG=00000246
0040BF29	ADC      DL, 0xdb                                         EAX=000000DE ECX=77AE3804 EDX=EC080000 EBX=000000E0 ESP=0018FE20 EBP=0018FF10 ESI=EC1D86BF EDI=0018FE48 EFLAG=00000286
0040BF2C	BT       EBX, EDI                                         EAX=000000DE ECX=77AE3804 EDX=EC0800DB EBX=000000E0 ESP=0018FE20 EBP=0018FF10 ESI=EC1D86BF EDI=0018FE48 EFLAG=00000286
0040BF2F	SETL     DH                                               EAX=000000DE ECX=77AE3804 EDX=EC0800DB EBX=000000E0 ESP=0018FE20 EBP=0018FF10 ESI=EC1D86BF EDI=0018FE48 EFLAG=00000286
0040BF32	SUB      BL, AL                                           EAX=000000DE ECX=77AE3804 EDX=EC0801DB EBX=000000E0 ESP=0018FE20 EBP=0018FF10 ESI=EC1D86BF EDI=0018FE48 EFLAG=00000286
0040BF34	STC                                                       EAX=000000DE ECX=77AE3804 EDX=EC0801DB EBX=00000002 ESP=0018FE20 EBP=0018FF10 ESI=EC1D86BF EDI=0018FE48 EFLAG=00000212
0040BF35	MOVZX    EAX, AL                                          EAX=000000DE ECX=77AE3804 EDX=EC0801DB EBX=00000002 ESP=0018FE20 EBP=0018FF10 ESI=EC1D86BF EDI=0018FE48 EFLAG=00000213
0040BF38	NOT      EDX                                              EAX=000000DE ECX=77AE3804 EDX=EC0801DB EBX=00000002 ESP=0018FE20 EBP=0018FF10 ESI=EC1D86BF EDI=0018FE48 EFLAG=00000213
0040BF3A	BSF      EDX, EDI                                         EAX=000000DE ECX=77AE3804 EDX=13F7FE24 EBX=00000002 ESP=0018FE20 EBP=0018FF10 ESI=EC1D86BF EDI=0018FE48 EFLAG=00000213
0040BF3E	CMC                                                       EAX=000000DE ECX=77AE3804 EDX=13F70003 EBX=00000002 ESP=0018FE20 EBP=0018FF10 ESI=EC1D86BF EDI=0018FE48 EFLAG=00000206
0040BF3F	SAL      DH, CL                                           EAX=000000DE ECX=77AE3804 EDX=13F70003 EBX=00000002 ESP=0018FE20 EBP=0018FF10 ESI=EC1D86BF EDI=0018FE48 EFLAG=00000207
0040BF41	MOV      EDX, [EAX*4+0x40a51f]                            EAX=000000DE ECX=77AE3804 EDX=13F70003 EBX=00000002 ESP=0018FE20 EBP=0018FF10 ESI=EC1D86BF EDI=0018FE48 EFLAG=00000246
0040BF48	TEST     EDX, 0xe75c2a09                                  EAX=000000DE ECX=77AE3804 EDX=2BFA6891 EBX=00000002 ESP=0018FE20 EBP=0018FF10 ESI=EC1D86BF EDI=0018FE48 EFLAG=00000246
0040BF4E	TEST     BL, DL                                           EAX=000000DE ECX=77AE3804 EDX=2BFA6891 EBX=00000002 ESP=0018FE20 EBP=0018FF10 ESI=EC1D86BF EDI=0018FE48 EFLAG=00000202
0040BF50	SUB      EDX, 0x2bb9b71b                                  EAX=000000DE ECX=77AE3804 EDX=2BFA6891 EBX=00000002 ESP=0018FE20 EBP=0018FF10 ESI=EC1D86BF EDI=0018FE48 EFLAG=00000246
0040BF56	CALL     0x40bd78                                         EAX=000000DE ECX=77AE3804 EDX=0040B176 EBX=00000002 ESP=0018FE20 EBP=0018FF10 ESI=EC1D86BF EDI=0018FE48 EFLAG=00000212
0040BD78	PUSH     EDX                                              EAX=000000DE ECX=77AE3804 EDX=0040B176 EBX=00000002 ESP=0018FE1C EBP=0018FF10 ESI=EC1D86BF EDI=0018FE48 EFLAG=00000212
0040BD79	DEC      ESI                                              EAX=000000DE ECX=77AE3804 EDX=0040B176 EBX=00000002 ESP=0018FE18 EBP=0018FF10 ESI=EC1D86BF EDI=0018FE48 EFLAG=00000212
0040BD7A	PUSHF                                                     EAX=000000DE ECX=77AE3804 EDX=0040B176 EBX=00000002 ESP=0018FE18 EBP=0018FF10 ESI=EC1D86BE EDI=0018FE48 EFLAG=00000286
0040A91F	MOV      [ESP], DH                                        EAX=000000DE ECX=77AE3804 EDX=0040B176 EBX=00000002 ESP=0018FE14 EBP=0018FF10 ESI=EC1D86BE EDI=0018FE48 EFLAG=00000286
0040A922	MOV      [ESP+0x30], EDX                                  EAX=000000DE ECX=77AE3804 EDX=0040B176 EBX=00000002 ESP=0018FE14 EBP=0018FF10 ESI=EC1D86BE EDI=0018FE48 EFLAG=00000286
0040A926	MOV      [ESP], AL                                        EAX=000000DE ECX=77AE3804 EDX=0040B176 EBX=00000002 ESP=0018FE14 EBP=0018FF10 ESI=EC1D86BE EDI=0018FE48 EFLAG=00000286
0040A929	PUSH     DWORD [ESP+0x30]                                 EAX=000000DE ECX=77AE3804 EDX=0040B176 EBX=00000002 ESP=0018FE14 EBP=0018FF10 ESI=EC1D86BE EDI=0018FE48 EFLAG=00000286
0040A92D	RET      0x34                                             EAX=000000DE ECX=77AE3804 EDX=0040B176 EBX=00000002 ESP=0018FE10 EBP=0018FF10 ESI=EC1D86BE EDI=0018FE48 EFLAG=00000286
0040B176	BT       EBX, ESP                                         EAX=000000DE ECX=77AE3804 EDX=0040B176 EBX=00000002 ESP=0018FE48 EBP=0018FF10 ESI=EC1D86BE EDI=0018FE48 EFLAG=00000286
0040B179	SHL      AL, 0x5                                          EAX=000000DE ECX=77AE3804 EDX=0040B176 EBX=00000002 ESP=0018FE48 EBP=0018FF10 ESI=EC1D86BE EDI=0018FE48 EFLAG=00000286
0040B17C	MOV      DH, 0xaa                                         EAX=000000C0 ECX=77AE3804 EDX=0040B176 EBX=00000002 ESP=0018FE48 EBP=0018FF10 ESI=EC1D86BE EDI=0018FE48 EFLAG=00000287
0040B17F	MOV      EAX, [EBP+0x0]                                   EAX=000000C0 ECX=77AE3804 EDX=0040AA76 EBX=00000002 ESP=0018FE48 EBP=0018FF10 ESI=EC1D86BE EDI=0018FE48 EFLAG=00000287
0040B182	CLC                                                       EAX=004F7258 ECX=77AE3804 EDX=0040AA76 EBX=00000002 ESP=0018FE48 EBP=0018FF10 ESI=EC1D86BE EDI=0018FE48 EFLAG=00000287
0040B183	BTC      DX, 0x4                                          EAX=004F7258 ECX=77AE3804 EDX=0040AA76 EBX=00000002 ESP=0018FE48 EBP=0018FF10 ESI=EC1D86BE EDI=0018FE48 EFLAG=00000286
0040B188	PUSH     ECX                                              EAX=004F7258 ECX=77AE3804 EDX=0040AA66 EBX=00000002 ESP=0018FE48 EBP=0018FF10 ESI=EC1D86BE EDI=0018FE48 EFLAG=00000287
0040B189	SHL      DL, 0x3                                          EAX=004F7258 ECX=77AE3804 EDX=0040AA66 EBX=00000002 ESP=0018FE44 EBP=0018FF10 ESI=EC1D86BE EDI=0018FE48 EFLAG=00000287
0040B18C	MOV      DX, [EBP+0x4]                                    EAX=004F7258 ECX=77AE3804 EDX=0040AA30 EBX=00000002 ESP=0018FE44 EBP=0018FF10 ESI=EC1D86BE EDI=0018FE48 EFLAG=00000A07
0040B190	PUSHA                                                     EAX=004F7258 ECX=77AE3804 EDX=004041B5 EBX=00000002 ESP=0018FE44 EBP=0018FF10 ESI=EC1D86BE EDI=0018FE48 EFLAG=00000A07
0040B191	CALL     0x40aec5                                         EAX=004F7258 ECX=77AE3804 EDX=004041B5 EBX=00000002 ESP=0018FE24 EBP=0018FF10 ESI=EC1D86BE EDI=0018FE48 EFLAG=00000A07
0040AEC5	ADD      EBP, 0x6                                         EAX=004F7258 ECX=77AE3804 EDX=004041B5 EBX=00000002 ESP=0018FE20 EBP=0018FF10 ESI=EC1D86BE EDI=0018FE48 EFLAG=00000A07
0040AEC8	CALL     0x40c2d9                                         EAX=004F7258 ECX=77AE3804 EDX=004041B5 EBX=00000002 ESP=0018FE20 EBP=0018FF16 ESI=EC1D86BE EDI=0018FE48 EFLAG=00000202
0040C2D9	PUSH     EBP                                              EAX=004F7258 ECX=77AE3804 EDX=004041B5 EBX=00000002 ESP=0018FE1C EBP=0018FF16 ESI=EC1D86BE EDI=0018FE48 EFLAG=00000202
0040B0A8	MOV      DWORD [ESP], 0xd453df17                          EAX=004F7258 ECX=77AE3804 EDX=004041B5 EBX=00000002 ESP=0018FE18 EBP=0018FF16 ESI=EC1D86BE EDI=0018FE48 EFLAG=00000202
0040B0AF	MOV      [EAX], DX                                        EAX=004F7258 ECX=77AE3804 EDX=004041B5 EBX=00000002 ESP=0018FE18 EBP=0018FF16 ESI=EC1D86BE EDI=0018FE48 EFLAG=00000202
0040B0B2	PUSH     DWORD 0x1e0cc76e                                 EAX=004F7258 ECX=77AE3804 EDX=004041B5 EBX=00000002 ESP=0018FE18 EBP=0018FF16 ESI=EC1D86BE EDI=0018FE48 EFLAG=00000202
0040B0B7	LEA      ESP, [ESP+0x34]                                  EAX=004F7258 ECX=77AE3804 EDX=004041B5 EBX=00000002 ESP=0018FE14 EBP=0018FF16 ESI=EC1D86BE EDI=0018FE48 EFLAG=00000202
0040BEFD	BSWAP    DX                                               EAX=004F7258 ECX=77AE3804 EDX=004041B5 EBX=00000002 ESP=0018FE48 EBP=0018FF16 ESI=EC1D86BE EDI=0018FE48 EFLAG=00000202
0040BF00	RCL      DL, CL                                           EAX=004F7258 ECX=77AE3804 EDX=00400000 EBX=00000002 ESP=0018FE48 EBP=0018FF16 ESI=EC1D86BE EDI=0018FE48 EFLAG=00000202
0040BF02	PUSHA                                                     EAX=004F7258 ECX=77AE3804 EDX=00400000 EBX=00000002 ESP=0018FE48 EBP=0018FF16 ESI=EC1D86BE EDI=0018FE48 EFLAG=00000202
0040BF03	AND      EDX, 0xfdc85d80                                  EAX=004F7258 ECX=77AE3804 EDX=00400000 EBX=00000002 ESP=0018FE28 EBP=0018FF16 ESI=EC1D86BE EDI=0018FE48 EFLAG=00000202
0040BF09	MOV      AL, [ESI-0x1]                                    EAX=004F7258 ECX=77AE3804 EDX=00400000 EBX=00000002 ESP=0018FE28 EBP=0018FF16 ESI=EC1D86BE EDI=0018FE48 EFLAG=00000206
0040BF0C	DEC      DH                                               EAX=004F7200 ECX=77AE3804 EDX=00400000 EBX=00000002 ESP=0018FE28 EBP=0018FF16 ESI=EC1D86BE EDI=0018FE48 EFLAG=00000206
0040BF0E	SUB      AL, BL                                           EAX=004F7200 ECX=77AE3804 EDX=0040FF00 EBX=00000002 ESP=0018FE28 EBP=0018FF16 ESI=EC1D86BE EDI=0018FE48 EFLAG=00000296
0040BF10	PUSHF                                                     EAX=004F72FE ECX=77AE3804 EDX=0040FF00 EBX=00000002 ESP=0018FE28 EBP=0018FF16 ESI=EC1D86BE EDI=0018FE48 EFLAG=00000293
0040BF11	BTC      DX, 0x4                                          EAX=004F72FE ECX=77AE3804 EDX=0040FF00 EBX=00000002 ESP=0018FE24 EBP=0018FF16 ESI=EC1D86BE EDI=0018FE48 EFLAG=00000293
0040BF16	PUSH     ESP                                              EAX=004F72FE ECX=77AE3804 EDX=0040FF10 EBX=00000002 ESP=0018FE24 EBP=0018FF16 ESI=EC1D86BE EDI=0018FE48 EFLAG=00000292
0040BF17	MOVZX    DX, AL                                           EAX=004F72FE ECX=77AE3804 EDX=0040FF10 EBX=00000002 ESP=0018FE20 EBP=0018FF16 ESI=EC1D86BE EDI=0018FE48 EFLAG=00000292
0040BF1B	ROR      AL, 0x7                                          EAX=004F72FE ECX=77AE3804 EDX=004000FE EBX=00000002 ESP=0018FE20 EBP=0018FF16 ESI=EC1D86BE EDI=0018FE48 EFLAG=00000292
0040BF1E	ROL      DH, 0x3                                          EAX=004F72FD ECX=77AE3804 EDX=004000FE EBX=00000002 ESP=0018FE20 EBP=0018FF16 ESI=EC1D86BE EDI=0018FE48 EFLAG=00000293
0040BF21	SUB      AL, 0x30                                         EAX=004F72FD ECX=77AE3804 EDX=004000FE EBX=00000002 ESP=0018FE20 EBP=0018FF16 ESI=EC1D86BE EDI=0018FE48 EFLAG=00000292
0040BF23	SHR      DX, 0x9                                          EAX=004F72CD ECX=77AE3804 EDX=004000FE EBX=00000002 ESP=0018FE20 EBP=0018FF16 ESI=EC1D86BE EDI=0018FE48 EFLAG=00000282
0040BF27	XOR      AL, 0xce                                         EAX=004F72CD ECX=77AE3804 EDX=00400000 EBX=00000002 ESP=0018FE20 EBP=0018FF16 ESI=EC1D86BE EDI=0018FE48 EFLAG=00000246
0040BF29	ADC      DL, 0xdb                                         EAX=004F7203 ECX=77AE3804 EDX=00400000 EBX=00000002 ESP=0018FE20 EBP=0018FF16 ESI=EC1D86BE EDI=0018FE48 EFLAG=00000206
0040BF2C	BT       EBX, EDI                                         EAX=004F7203 ECX=77AE3804 EDX=004000DB EBX=00000002 ESP=0018FE20 EBP=0018FF16 ESI=EC1D86BE EDI=0018FE48 EFLAG=00000286
0040BF2F	SETL     DH                                               EAX=004F7203 ECX=77AE3804 EDX=004000DB EBX=00000002 ESP=0018FE20 EBP=0018FF16 ESI=EC1D86BE EDI=0018FE48 EFLAG=00000286
0040BF32	SUB      BL, AL                                           EAX=004F7203 ECX=77AE3804 EDX=004001DB EBX=00000002 ESP=0018FE20 EBP=0018FF16 ESI=EC1D86BE EDI=0018FE48 EFLAG=00000286
0040BF34	STC                                                       EAX=004F7203 ECX=77AE3804 EDX=004001DB EBX=000000FF ESP=0018FE20 EBP=0018FF16 ESI=EC1D86BE EDI=0018FE48 EFLAG=00000297
0040BF35	MOVZX    EAX, AL                                          EAX=004F7203 ECX=77AE3804 EDX=004001DB EBX=000000FF ESP=0018FE20 EBP=0018FF16 ESI=EC1D86BE EDI=0018FE48 EFLAG=00000297
0040BF38	NOT      EDX                                              EAX=00000003 ECX=77AE3804 EDX=004001DB EBX=000000FF ESP=0018FE20 EBP=0018FF16 ESI=EC1D86BE EDI=0018FE48 EFLAG=00000297
0040BF3A	BSF      EDX, EDI                                         EAX=00000003 ECX=77AE3804 EDX=FFBFFE24 EBX=000000FF ESP=0018FE20 EBP=0018FF16 ESI=EC1D86BE EDI=0018FE48 EFLAG=00000297
0040BF3E	CMC                                                       EAX=00000003 ECX=77AE3804 EDX=FFBF0003 EBX=000000FF ESP=0018FE20 EBP=0018FF16 ESI=EC1D86BE EDI=0018FE48 EFLAG=00000206
0040BF3F	SAL      DH, CL                                           EAX=00000003 ECX=77AE3804 EDX=FFBF0003 EBX=000000FF ESP=0018FE20 EBP=0018FF16 ESI=EC1D86BE EDI=0018FE48 EFLAG=00000207
0040BF41	MOV      EDX, [EAX*4+0x40a51f]                            EAX=00000003 ECX=77AE3804 EDX=FFBF0003 EBX=000000FF ESP=0018FE20 EBP=0018FF16 ESI=EC1D86BE EDI=0018FE48 EFLAG=00000246
0040BF48	TEST     EDX, 0xe75c2a09                                  EAX=00000003 ECX=77AE3804 EDX=2BFA744D EBX=000000FF ESP=0018FE20 EBP=0018FF16 ESI=EC1D86BE EDI=0018FE48 EFLAG=00000246
0040BF4E	TEST     BL, DL                                           EAX=00000003 ECX=77AE3804 EDX=2BFA744D EBX=000000FF ESP=0018FE20 EBP=0018FF16 ESI=EC1D86BE EDI=0018FE48 EFLAG=00000206
0040BF50	SUB      EDX, 0x2bb9b71b                                  EAX=00000003 ECX=77AE3804 EDX=2BFA744D EBX=000000FF ESP=0018FE20 EBP=0018FF16 ESI=EC1D86BE EDI=0018FE48 EFLAG=00000206
0040BF56	CALL     0x40bd78                                         EAX=00000003 ECX=77AE3804 EDX=0040BD32 EBX=000000FF ESP=0018FE20 EBP=0018FF16 ESI=EC1D86BE EDI=0018FE48 EFLAG=00000202
0040BD78	PUSH     EDX                                              EAX=00000003 ECX=77AE3804 EDX=0040BD32 EBX=000000FF ESP=0018FE1C EBP=0018FF16 ESI=EC1D86BE EDI=0018FE48 EFLAG=00000202
0040BD79	DEC      ESI                                              EAX=00000003 ECX=77AE3804 EDX=0040BD32 EBX=000000FF ESP=0018FE18 EBP=0018FF16 ESI=EC1D86BE EDI=0018FE48 EFLAG=00000202
0040BD7A	PUSHF                                                     EAX=00000003 ECX=77AE3804 EDX=0040BD32 EBX=000000FF ESP=0018FE18 EBP=0018FF16 ESI=EC1D86BD EDI=0018FE48 EFLAG=00000286
0040A91F	MOV      [ESP], DH                                        EAX=00000003 ECX=77AE3804 EDX=0040BD32 EBX=000000FF ESP=0018FE14 EBP=0018FF16 ESI=EC1D86BD EDI=0018FE48 EFLAG=00000286
0040A922	MOV      [ESP+0x30], EDX                                  EAX=00000003 ECX=77AE3804 EDX=0040BD32 EBX=000000FF ESP=0018FE14 EBP=0018FF16 ESI=EC1D86BD EDI=0018FE48 EFLAG=00000286
0040A926	MOV      [ESP], AL                                        EAX=00000003 ECX=77AE3804 EDX=0040BD32 EBX=000000FF ESP=0018FE14 EBP=0018FF16 ESI=EC1D86BD EDI=0018FE48 EFLAG=00000286
0040A929	PUSH     DWORD [ESP+0x30]                                 EAX=00000003 ECX=77AE3804 EDX=0040BD32 EBX=000000FF ESP=0018FE14 EBP=0018FF16 ESI=EC1D86BD EDI=0018FE48 EFLAG=00000286
0040A92D	RET      0x34                                             EAX=00000003 ECX=77AE3804 EDX=0040BD32 EBX=000000FF ESP=0018FE10 EBP=0018FF16 ESI=EC1D86BD EDI=0018FE48 EFLAG=00000286
0040BD32	BTR      AX, SP                                           EAX=00000003 ECX=77AE3804 EDX=0040BD32 EBX=000000FF ESP=0018FE48 EBP=0018FF16 ESI=EC1D86BD EDI=0018FE48 EFLAG=00000286
0040BD36	BT       DX, 0x1                                          EAX=00000003 ECX=77AE3804 EDX=0040BD32 EBX=000000FF ESP=0018FE48 EBP=0018FF16 ESI=EC1D86BD EDI=0018FE48 EFLAG=00000286
0040BD3B	MOV      EAX, [EBP+0x0]                                   EAX=00000003 ECX=77AE3804 EDX=0040BD32 EBX=000000FF ESP=0018FE48 EBP=0018FF16 ESI=EC1D86BD EDI=0018FE48 EFLAG=00000287
0040BD3E	TEST     AH, CH                                           EAX=02467723 ECX=77AE3804 EDX=0040BD32 EBX=000000FF ESP=0018FE48 EBP=0018FF16 ESI=EC1D86BD EDI=0018FE48 EFLAG=00000287
0040BD40	SUB      DL, DH                                           EAX=02467723 ECX=77AE3804 EDX=0040BD32 EBX=000000FF ESP=0018FE48 EBP=0018FF16 ESI=EC1D86BD EDI=0018FE48 EFLAG=00000206
0040BD42	PUSHA                                                     EAX=02467723 ECX=77AE3804 EDX=0040BD75 EBX=000000FF ESP=0018FE48 EBP=0018FF16 ESI=EC1D86BD EDI=0018FE48 EFLAG=00000213
0040BD43	ROL      DL, CL                                           EAX=02467723 ECX=77AE3804 EDX=0040BD75 EBX=000000FF ESP=0018FE28 EBP=0018FF16 ESI=EC1D86BD EDI=0018FE48 EFLAG=00000213
0040BD45	MOV      DL, [EBP+0x4]                                    EAX=02467723 ECX=77AE3804 EDX=0040BD57 EBX=000000FF ESP=0018FE28 EBP=0018FF16 ESI=EC1D86BD EDI=0018FE48 EFLAG=00000A13
0040BD48	BT       DI, AX                                           EAX=02467723 ECX=77AE3804 EDX=0040BD00 EBX=000000FF ESP=0018FE28 EBP=0018FF16 ESI=EC1D86BD EDI=0018FE48 EFLAG=00000A13
0040BD4C	CLC                                                       EAX=02467723 ECX=77AE3804 EDX=0040BD00 EBX=000000FF ESP=0018FE28 EBP=0018FF16 ESI=EC1D86BD EDI=0018FE48 EFLAG=00000A13
0040BD4D	CMP      BH, BL                                           EAX=02467723 ECX=77AE3804 EDX=0040BD00 EBX=000000FF ESP=0018FE28 EBP=0018FF16 ESI=EC1D86BD EDI=0018FE48 EFLAG=00000A12
0040BD4F	PUSH     DWORD 0xbfd09db7                                 EAX=02467723 ECX=77AE3804 EDX=0040BD00 EBX=000000FF ESP=0018FE28 EBP=0018FF16 ESI=EC1D86BD EDI=0018FE48 EFLAG=00000213
0040BD54	ADD      EBP, 0x6                                         EAX=02467723 ECX=77AE3804 EDX=0040BD00 EBX=000000FF ESP=0018FE24 EBP=0018FF16 ESI=EC1D86BD EDI=0018FE48 EFLAG=00000213
0040BD57	PUSH     EBX                                              EAX=02467723 ECX=77AE3804 EDX=0040BD00 EBX=000000FF ESP=0018FE24 EBP=0018FF1C ESI=EC1D86BD EDI=0018FE48 EFLAG=00000202
0040BD58	MOV      [ESP+0x10], DH                                   EAX=02467723 ECX=77AE3804 EDX=0040BD00 EBX=000000FF ESP=0018FE20 EBP=0018FF1C ESI=EC1D86BD EDI=0018FE48 EFLAG=00000202
0040BD5C	MOV      [ESP], DL                                        EAX=02467723 ECX=77AE3804 EDX=0040BD00 EBX=000000FF ESP=0018FE20 EBP=0018FF1C ESI=EC1D86BD EDI=0018FE48 EFLAG=00000202
0040BD5F	MOV      BYTE [ESP+0xc], 0xa3                             EAX=02467723 ECX=77AE3804 EDX=0040BD00 EBX=000000FF ESP=0018FE20 EBP=0018FF1C ESI=EC1D86BD EDI=0018FE48 EFLAG=00000202
0040BD64	MOV      [EAX], DL                                        EAX=02467723 ECX=77AE3804 EDX=0040BD00 EBX=000000FF ESP=0018FE20 EBP=0018FF1C ESI=EC1D86BD EDI=0018FE48 EFLAG=00000202
0040BD66	MOV      [ESP], DH                                        EAX=02467723 ECX=77AE3804 EDX=0040BD00 EBX=000000FF ESP=0018FE20 EBP=0018FF1C ESI=EC1D86BD EDI=0018FE48 EFLAG=00000202
0040BD69	MOV      WORD [ESP], 0xbc79                               EAX=02467723 ECX=77AE3804 EDX=0040BD00 EBX=000000FF ESP=0018FE20 EBP=0018FF1C ESI=EC1D86BD EDI=0018FE48 EFLAG=00000202
0040BD6F	LEA      ESP, [ESP+0x28]                                  EAX=02467723 ECX=77AE3804 EDX=0040BD00 EBX=000000FF ESP=0018FE20 EBP=0018FF1C ESI=EC1D86BD EDI=0018FE48 EFLAG=00000202
0040BEFD	BSWAP    DX                                               EAX=02467723 ECX=77AE3804 EDX=0040BD00 EBX=000000FF ESP=0018FE48 EBP=0018FF1C ESI=EC1D86BD EDI=0018FE48 EFLAG=00000202
0040BF00	RCL      DL, CL                                           EAX=02467723 ECX=77AE3804 EDX=00400000 EBX=000000FF ESP=0018FE48 EBP=0018FF1C ESI=EC1D86BD EDI=0018FE48 EFLAG=00000202
0040BF02	PUSHA                                                     EAX=02467723 ECX=77AE3804 EDX=00400000 EBX=000000FF ESP=0018FE48 EBP=0018FF1C ESI=EC1D86BD EDI=0018FE48 EFLAG=00000202
0040BF03	AND      EDX, 0xfdc85d80                                  EAX=02467723 ECX=77AE3804 EDX=00400000 EBX=000000FF ESP=0018FE28 EBP=0018FF1C ESI=EC1D86BD EDI=0018FE48 EFLAG=00000202
0040BF09	MOV      AL, [ESI-0x1]                                    EAX=02467723 ECX=77AE3804 EDX=00400000 EBX=000000FF ESP=0018FE28 EBP=0018FF1C ESI=EC1D86BD EDI=0018FE48 EFLAG=00000206
0040BF0C	DEC      DH                                               EAX=02467700 ECX=77AE3804 EDX=00400000 EBX=000000FF ESP=0018FE28 EBP=0018FF1C ESI=EC1D86BD EDI=0018FE48 EFLAG=00000206
0040BF0E	SUB      AL, BL                                           EAX=02467700 ECX=77AE3804 EDX=0040FF00 EBX=000000FF ESP=0018FE28 EBP=0018FF1C ESI=EC1D86BD EDI=0018FE48 EFLAG=00000296
0040BF10	PUSHF                                                     EAX=02467701 ECX=77AE3804 EDX=0040FF00 EBX=000000FF ESP=0018FE28 EBP=0018FF1C ESI=EC1D86BD EDI=0018FE48 EFLAG=00000213
0040BF11	BTC      DX, 0x4                                          EAX=02467701 ECX=77AE3804 EDX=0040FF00 EBX=000000FF ESP=0018FE24 EBP=0018FF1C ESI=EC1D86BD EDI=0018FE48 EFLAG=00000213
0040BF16	PUSH     ESP                                              EAX=02467701 ECX=77AE3804 EDX=0040FF10 EBX=000000FF ESP=0018FE24 EBP=0018FF1C ESI=EC1D86BD EDI=0018FE48 EFLAG=00000212
0040BF17	MOVZX    DX, AL                                           EAX=02467701 ECX=77AE3804 EDX=0040FF10 EBX=000000FF ESP=0018FE20 EBP=0018FF1C ESI=EC1D86BD EDI=0018FE48 EFLAG=00000212
0040BF1B	ROR      AL, 0x7                                          EAX=02467701 ECX=77AE3804 EDX=00400001 EBX=000000FF ESP=0018FE20 EBP=0018FF1C ESI=EC1D86BD EDI=0018FE48 EFLAG=00000212
0040BF1E	ROL      DH, 0x3                                          EAX=02467702 ECX=77AE3804 EDX=00400001 EBX=000000FF ESP=0018FE20 EBP=0018FF1C ESI=EC1D86BD EDI=0018FE48 EFLAG=00000212
0040BF21	SUB      AL, 0x30                                         EAX=02467702 ECX=77AE3804 EDX=00400001 EBX=000000FF ESP=0018FE20 EBP=0018FF1C ESI=EC1D86BD EDI=0018FE48 EFLAG=00000212
0040BF23	SHR      DX, 0x9                                          EAX=024677D2 ECX=77AE3804 EDX=00400001 EBX=000000FF ESP=0018FE20 EBP=0018FF1C ESI=EC1D86BD EDI=0018FE48 EFLAG=00000287
0040BF27	XOR      AL, 0xce                                         EAX=024677D2 ECX=77AE3804 EDX=00400000 EBX=000000FF ESP=0018FE20 EBP=0018FF1C ESI=EC1D86BD EDI=0018FE48 EFLAG=00000246
0040BF29	ADC      DL, 0xdb                                         EAX=0246771C ECX=77AE3804 EDX=00400000 EBX=000000FF ESP=0018FE20 EBP=0018FF1C ESI=EC1D86BD EDI=0018FE48 EFLAG=00000202
0040BF2C	BT       EBX, EDI                                         EAX=0246771C ECX=77AE3804 EDX=004000DB EBX=000000FF ESP=0018FE20 EBP=0018FF1C ESI=EC1D86BD EDI=0018FE48 EFLAG=00000286
0040BF2F	SETL     DH                                               EAX=0246771C ECX=77AE3804 EDX=004000DB EBX=000000FF ESP=0018FE20 EBP=0018FF1C ESI=EC1D86BD EDI=0018FE48 EFLAG=00000286
0040BF32	SUB      BL, AL                                           EAX=0246771C ECX=77AE3804 EDX=004001DB EBX=000000FF ESP=0018FE20 EBP=0018FF1C ESI=EC1D86BD EDI=0018FE48 EFLAG=00000286
0040BF34	STC                                                       EAX=0246771C ECX=77AE3804 EDX=004001DB EBX=000000E3 ESP=0018FE20 EBP=0018FF1C ESI=EC1D86BD EDI=0018FE48 EFLAG=00000282
0040BF35	MOVZX    EAX, AL                                          EAX=0246771C ECX=77AE3804 EDX=004001DB EBX=000000E3 ESP=0018FE20 EBP=0018FF1C ESI=EC1D86BD EDI=0018FE48 EFLAG=00000283
0040BF38	NOT      EDX                                              EAX=0000001C ECX=77AE3804 EDX=004001DB EBX=000000E3 ESP=0018FE20 EBP=0018FF1C ESI=EC1D86BD EDI=0018FE48 EFLAG=00000283
0040BF3A	BSF      EDX, EDI                                         EAX=0000001C ECX=77AE3804 EDX=FFBFFE24 EBX=000000E3 ESP=0018FE20 EBP=0018FF1C ESI=EC1D86BD EDI=0018FE48 EFLAG=00000283
0040BF3E	CMC                                                       EAX=0000001C ECX=77AE3804 EDX=FFBF0003 EBX=000000E3 ESP=0018FE20 EBP=0018FF1C ESI=EC1D86BD EDI=0018FE48 EFLAG=00000206
0040BF3F	SAL      DH, CL                                           EAX=0000001C ECX=77AE3804 EDX=FFBF0003 EBX=000000E3 ESP=0018FE20 EBP=0018FF1C ESI=EC1D86BD EDI=0018FE48 EFLAG=00000207
0040BF41	MOV      EDX, [EAX*4+0x40a51f]                            EAX=0000001C ECX=77AE3804 EDX=FFBF0003 EBX=000000E3 ESP=0018FE20 EBP=0018FF1C ESI=EC1D86BD EDI=0018FE48 EFLAG=00000246
0040BF48	TEST     EDX, 0xe75c2a09                                  EAX=0000001C ECX=77AE3804 EDX=2BFA706F EBX=000000E3 ESP=0018FE20 EBP=0018FF1C ESI=EC1D86BD EDI=0018FE48 EFLAG=00000246
0040BF4E	TEST     BL, DL                                           EAX=0000001C ECX=77AE3804 EDX=2BFA706F EBX=000000E3 ESP=0018FE20 EBP=0018FF1C ESI=EC1D86BD EDI=0018FE48 EFLAG=00000206
0040BF50	SUB      EDX, 0x2bb9b71b                                  EAX=0000001C ECX=77AE3804 EDX=2BFA706F EBX=000000E3 ESP=0018FE20 EBP=0018FF1C ESI=EC1D86BD EDI=0018FE48 EFLAG=00000206
0040BF56	CALL     0x40bd78                                         EAX=0000001C ECX=77AE3804 EDX=0040B954 EBX=000000E3 ESP=0018FE20 EBP=0018FF1C ESI=EC1D86BD EDI=0018FE48 EFLAG=00000202
0040BD78	PUSH     EDX                                              EAX=0000001C ECX=77AE3804 EDX=0040B954 EBX=000000E3 ESP=0018FE1C EBP=0018FF1C ESI=EC1D86BD EDI=0018FE48 EFLAG=00000202
0040BD79	DEC      ESI                                              EAX=0000001C ECX=77AE3804 EDX=0040B954 EBX=000000E3 ESP=0018FE18 EBP=0018FF1C ESI=EC1D86BD EDI=0018FE48 EFLAG=00000202
0040BD7A	PUSHF                                                     EAX=0000001C ECX=77AE3804 EDX=0040B954 EBX=000000E3 ESP=0018FE18 EBP=0018FF1C ESI=EC1D86BC EDI=0018FE48 EFLAG=00000282
0040A91F	MOV      [ESP], DH                                        EAX=0000001C ECX=77AE3804 EDX=0040B954 EBX=000000E3 ESP=0018FE14 EBP=0018FF1C ESI=EC1D86BC EDI=0018FE48 EFLAG=00000282
0040A922	MOV      [ESP+0x30], EDX                                  EAX=0000001C ECX=77AE3804 EDX=0040B954 EBX=000000E3 ESP=0018FE14 EBP=0018FF1C ESI=EC1D86BC EDI=0018FE48 EFLAG=00000282
0040A926	MOV      [ESP], AL                                        EAX=0000001C ECX=77AE3804 EDX=0040B954 EBX=000000E3 ESP=0018FE14 EBP=0018FF1C ESI=EC1D86BC EDI=0018FE48 EFLAG=00000282
0040A929	PUSH     DWORD [ESP+0x30]                                 EAX=0000001C ECX=77AE3804 EDX=0040B954 EBX=000000E3 ESP=0018FE14 EBP=0018FF1C ESI=EC1D86BC EDI=0018FE48 EFLAG=00000282
0040A92D	RET      0x34                                             EAX=0000001C ECX=77AE3804 EDX=0040B954 EBX=000000E3 ESP=0018FE10 EBP=0018FF1C ESI=EC1D86BC EDI=0018FE48 EFLAG=00000282
0040B954	SHL      CL, CL                                           EAX=0000001C ECX=77AE3804 EDX=0040B954 EBX=000000E3 ESP=0018FE48 EBP=0018FF1C ESI=EC1D86BC EDI=0018FE48 EFLAG=00000282
0040B956	MOV      EAX, [EBP+0x0]                                   EAX=0000001C ECX=77AE3840 EDX=0040B954 EBX=000000E3 ESP=0018FE48 EBP=0018FF1C ESI=EC1D86BC EDI=0018FE48 EFLAG=00000202
0040B959	CMC                                                       EAX=0018FF88 ECX=77AE3840 EDX=0040B954 EBX=000000E3 ESP=0018FE48 EBP=0018FF1C ESI=EC1D86BC EDI=0018FE48 EFLAG=00000202
0040B95A	XOR      CL, 0x3c                                         EAX=0018FF88 ECX=77AE3840 EDX=0040B954 EBX=000000E3 ESP=0018FE48 EBP=0018FF1C ESI=EC1D86BC EDI=0018FE48 EFLAG=00000203
0040B95D	MOV      CL, [EBP+0x4]                                    EAX=0018FF88 ECX=77AE387C EDX=0040B954 EBX=000000E3 ESP=0018FE48 EBP=0018FF1C ESI=EC1D86BC EDI=0018FE48 EFLAG=00000202
0040B960	CMC                                                       EAX=0018FF88 ECX=77AE381E EDX=0040B954 EBX=000000E3 ESP=0018FE48 EBP=0018FF1C ESI=EC1D86BC EDI=0018FE48 EFLAG=00000202
0040B961	TEST     DL, AL                                           EAX=0018FF88 ECX=77AE381E EDX=0040B954 EBX=000000E3 ESP=0018FE48 EBP=0018FF1C ESI=EC1D86BC EDI=0018FE48 EFLAG=00000203
0040B963	CMP      CH, BH                                           EAX=0018FF88 ECX=77AE381E EDX=0040B954 EBX=000000E3 ESP=0018FE48 EBP=0018FF1C ESI=EC1D86BC EDI=0018FE48 EFLAG=00000246
0040B965	SUB      EBP, 0x2                                         EAX=0018FF88 ECX=77AE381E EDX=0040B954 EBX=000000E3 ESP=0018FE48 EBP=0018FF1C ESI=EC1D86BC EDI=0018FE48 EFLAG=00000202
0040A310	CMP      DX, BX                                           EAX=0018FF88 ECX=77AE381E EDX=0040B954 EBX=000000E3 ESP=0018FE48 EBP=0018FF1A ESI=EC1D86BC EDI=0018FE48 EFLAG=00000202
0040A313	SHR      EAX, CL                                          EAX=0018FF88 ECX=77AE381E EDX=0040B954 EBX=000000E3 ESP=0018FE48 EBP=0018FF1A ESI=EC1D86BC EDI=0018FE48 EFLAG=00000286
0040A315	CALL     0x40bbc1                                         EAX=00000000 ECX=77AE381E EDX=0040B954 EBX=000000E3 ESP=0018FE48 EBP=0018FF1A ESI=EC1D86BC EDI=0018FE48 EFLAG=00000246
0040BBC1	MOV      [EBP+0x4], EAX                                   EAX=00000000 ECX=77AE381E EDX=0040B954 EBX=000000E3 ESP=0018FE44 EBP=0018FF1A ESI=EC1D86BC EDI=0018FE48 EFLAG=00000246
0040BBC4	PUSHA                                                     EAX=00000000 ECX=77AE381E EDX=0040B954 EBX=000000E3 ESP=0018FE44 EBP=0018FF1A ESI=EC1D86BC EDI=0018FE48 EFLAG=00000246
0040BBC5	PUSH     DWORD 0x7c97c2ac                                 EAX=00000000 ECX=77AE381E EDX=0040B954 EBX=000000E3 ESP=0018FE24 EBP=0018FF1A ESI=EC1D86BC EDI=0018FE48 EFLAG=00000246
0040BBCA	CALL     0x40a966                                         EAX=00000000 ECX=77AE381E EDX=0040B954 EBX=000000E3 ESP=0018FE20 EBP=0018FF1A ESI=EC1D86BC EDI=0018FE48 EFLAG=00000246
0040A966	LEA      ESP, [ESP+0x2c]                                  EAX=00000000 ECX=77AE381E EDX=0040B954 EBX=000000E3 ESP=0018FE1C EBP=0018FF1A ESI=EC1D86BC EDI=0018FE48 EFLAG=00000246
0040A96A	JB       0x40c024                                         EAX=00000000 ECX=77AE381E EDX=0040B954 EBX=000000E3 ESP=0018FE48 EBP=0018FF1A ESI=EC1D86BC EDI=0018FE48 EFLAG=00000246
0040A970	PUSHF                                                     EAX=00000000 ECX=77AE381E EDX=0040B954 EBX=000000E3 ESP=0018FE48 EBP=0018FF1A ESI=EC1D86BC EDI=0018FE48 EFLAG=00000246
0040A971	PUSH     EDX                                              EAX=00000000 ECX=77AE381E EDX=0040B954 EBX=000000E3 ESP=0018FE44 EBP=0018FF1A ESI=EC1D86BC EDI=0018FE48 EFLAG=00000246
0040A972	PUSH     DWORD [ESP+0x4]                                  EAX=00000000 ECX=77AE381E EDX=0040B954 EBX=000000E3 ESP=0018FE40 EBP=0018FF1A ESI=EC1D86BC EDI=0018FE48 EFLAG=00000246
0040A976	POP      DWORD [EBP+0x0]                                  EAX=00000000 ECX=77AE381E EDX=0040B954 EBX=000000E3 ESP=0018FE3C EBP=0018FF1A ESI=EC1D86BC EDI=0018FE48 EFLAG=00000246
0040A979	MOV      [ESP], EDX                                       EAX=00000000 ECX=77AE381E EDX=0040B954 EBX=000000E3 ESP=0018FE40 EBP=0018FF1A ESI=EC1D86BC EDI=0018FE48 EFLAG=00000246
0040A97C	LEA      ESP, [ESP+0x8]                                   EAX=00000000 ECX=77AE381E EDX=0040B954 EBX=000000E3 ESP=0018FE40 EBP=0018FF1A ESI=EC1D86BC EDI=0018FE48 EFLAG=00000246
0040C360	TEST     DH, 0x76                                         EAX=00000000 ECX=77AE381E EDX=0040B954 EBX=000000E3 ESP=0018FE48 EBP=0018FF1A ESI=EC1D86BC EDI=0018FE48 EFLAG=00000246
0040C363	LEA      EAX, [EDI+0x50]                                  EAX=00000000 ECX=77AE381E EDX=0040B954 EBX=000000E3 ESP=0018FE48 EBP=0018FF1A ESI=EC1D86BC EDI=0018FE48 EFLAG=00000206
0040C366	PUSH     DWORD 0xa76b4735                                 EAX=0018FE98 ECX=77AE381E EDX=0040B954 EBX=000000E3 ESP=0018FE48 EBP=0018FF1A ESI=EC1D86BC EDI=0018FE48 EFLAG=00000206
0040C36B	STC                                                       EAX=0018FE98 ECX=77AE381E EDX=0040B954 EBX=000000E3 ESP=0018FE44 EBP=0018FF1A ESI=EC1D86BC EDI=0018FE48 EFLAG=00000206
0040C36C	CMP      EBP, EAX                                         EAX=0018FE98 ECX=77AE381E EDX=0040B954 EBX=000000E3 ESP=0018FE44 EBP=0018FF1A ESI=EC1D86BC EDI=0018FE48 EFLAG=00000207
0040C36E	PUSH     DWORD 0xbe8fd443                                 EAX=0018FE98 ECX=77AE381E EDX=0040B954 EBX=000000E3 ESP=0018FE44 EBP=0018FF1A ESI=EC1D86BC EDI=0018FE48 EFLAG=00000206
0040C373	LEA      ESP, [ESP+0x8]                                   EAX=0018FE98 ECX=77AE381E EDX=0040B954 EBX=000000E3 ESP=0018FE40 EBP=0018FF1A ESI=EC1D86BC EDI=0018FE48 EFLAG=00000206
0040C377	JA       0x40befd                                         EAX=0018FE98 ECX=77AE381E EDX=0040B954 EBX=000000E3 ESP=0018FE48 EBP=0018FF1A ESI=EC1D86BC EDI=0018FE48 EFLAG=00000206
0040BEFD	BSWAP    DX                                               EAX=0018FE98 ECX=77AE381E EDX=0040B954 EBX=000000E3 ESP=0018FE48 EBP=0018FF1A ESI=EC1D86BC EDI=0018FE48 EFLAG=00000206
0040BF00	RCL      DL, CL                                           EAX=0018FE98 ECX=77AE381E EDX=00400000 EBX=000000E3 ESP=0018FE48 EBP=0018FF1A ESI=EC1D86BC EDI=0018FE48 EFLAG=00000206
0040BF02	PUSHA                                                     EAX=0018FE98 ECX=77AE381E EDX=00400000 EBX=000000E3 ESP=0018FE48 EBP=0018FF1A ESI=EC1D86BC EDI=0018FE48 EFLAG=00000206
0040BF03	AND      EDX, 0xfdc85d80                                  EAX=0018FE98 ECX=77AE381E EDX=00400000 EBX=000000E3 ESP=0018FE28 EBP=0018FF1A ESI=EC1D86BC EDI=0018FE48 EFLAG=00000206
0040BF09	MOV      AL, [ESI-0x1]                                    EAX=0018FE98 ECX=77AE381E EDX=00400000 EBX=000000E3 ESP=0018FE28 EBP=0018FF1A ESI=EC1D86BC EDI=0018FE48 EFLAG=00000206
0040BF0C	DEC      DH                                               EAX=0018FE00 ECX=77AE381E EDX=00400000 EBX=000000E3 ESP=0018FE28 EBP=0018FF1A ESI=EC1D86BC EDI=0018FE48 EFLAG=00000206
0040BF0E	SUB      AL, BL                                           EAX=0018FE00 ECX=77AE381E EDX=0040FF00 EBX=000000E3 ESP=0018FE28 EBP=0018FF1A ESI=EC1D86BC EDI=0018FE48 EFLAG=00000296
0040BF10	PUSHF                                                     EAX=0018FE1D ECX=77AE381E EDX=0040FF00 EBX=000000E3 ESP=0018FE28 EBP=0018FF1A ESI=EC1D86BC EDI=0018FE48 EFLAG=00000217
0040BF11	BTC      DX, 0x4                                          EAX=0018FE1D ECX=77AE381E EDX=0040FF00 EBX=000000E3 ESP=0018FE24 EBP=0018FF1A ESI=EC1D86BC EDI=0018FE48 EFLAG=00000217
0040BF16	PUSH     ESP                                              EAX=0018FE1D ECX=77AE381E EDX=0040FF10 EBX=000000E3 ESP=0018FE24 EBP=0018FF1A ESI=EC1D86BC EDI=0018FE48 EFLAG=00000216
0040BF17	MOVZX    DX, AL                                           EAX=0018FE1D ECX=77AE381E EDX=0040FF10 EBX=000000E3 ESP=0018FE20 EBP=0018FF1A ESI=EC1D86BC EDI=0018FE48 EFLAG=00000216
0040BF1B	ROR      AL, 0x7                                          EAX=0018FE1D ECX=77AE381E EDX=0040001D EBX=000000E3 ESP=0018FE20 EBP=0018FF1A ESI=EC1D86BC EDI=0018FE48 EFLAG=00000216
0040BF1E	ROL      DH, 0x3                                          EAX=0018FE3A ECX=77AE381E EDX=0040001D EBX=000000E3 ESP=0018FE20 EBP=0018FF1A ESI=EC1D86BC EDI=0018FE48 EFLAG=00000216
0040BF21	SUB      AL, 0x30                                         EAX=0018FE3A ECX=77AE381E EDX=0040001D EBX=000000E3 ESP=0018FE20 EBP=0018FF1A ESI=EC1D86BC EDI=0018FE48 EFLAG=00000216
0040BF23	SHR      DX, 0x9                                          EAX=0018FE0A ECX=77AE381E EDX=0040001D EBX=000000E3 ESP=0018FE20 EBP=0018FF1A ESI=EC1D86BC EDI=0018FE48 EFLAG=00000206
0040BF27	XOR      AL, 0xce                                         EAX=0018FE0A ECX=77AE381E EDX=00400000 EBX=000000E3 ESP=0018FE20 EBP=0018FF1A ESI=EC1D86BC EDI=0018FE48 EFLAG=00000246
0040BF29	ADC      DL, 0xdb                                         EAX=0018FEC4 ECX=77AE381E EDX=00400000 EBX=000000E3 ESP=0018FE20 EBP=0018FF1A ESI=EC1D86BC EDI=0018FE48 EFLAG=00000282
0040BF2C	BT       EBX, EDI                                         EAX=0018FEC4 ECX=77AE381E EDX=004000DB EBX=000000E3 ESP=0018FE20 EBP=0018FF1A ESI=EC1D86BC EDI=0018FE48 EFLAG=00000286
0040BF2F	SETL     DH                                               EAX=0018FEC4 ECX=77AE381E EDX=004000DB EBX=000000E3 ESP=0018FE20 EBP=0018FF1A ESI=EC1D86BC EDI=0018FE48 EFLAG=00000286
0040BF32	SUB      BL, AL                                           EAX=0018FEC4 ECX=77AE381E EDX=004001DB EBX=000000E3 ESP=0018FE20 EBP=0018FF1A ESI=EC1D86BC EDI=0018FE48 EFLAG=00000286
0040BF34	STC                                                       EAX=0018FEC4 ECX=77AE381E EDX=004001DB EBX=0000001F ESP=0018FE20 EBP=0018FF1A ESI=EC1D86BC EDI=0018FE48 EFLAG=00000212
0040BF35	MOVZX    EAX, AL                                          EAX=0018FEC4 ECX=77AE381E EDX=004001DB EBX=0000001F ESP=0018FE20 EBP=0018FF1A ESI=EC1D86BC EDI=0018FE48 EFLAG=00000213
0040BF38	NOT      EDX                                              EAX=000000C4 ECX=77AE381E EDX=004001DB EBX=0000001F ESP=0018FE20 EBP=0018FF1A ESI=EC1D86BC EDI=0018FE48 EFLAG=00000213
0040BF3A	BSF      EDX, EDI                                         EAX=000000C4 ECX=77AE381E EDX=FFBFFE24 EBX=0000001F ESP=0018FE20 EBP=0018FF1A ESI=EC1D86BC EDI=0018FE48 EFLAG=00000213
0040BF3E	CMC                                                       EAX=000000C4 ECX=77AE381E EDX=FFBF0003 EBX=0000001F ESP=0018FE20 EBP=0018FF1A ESI=EC1D86BC EDI=0018FE48 EFLAG=00000206
0040BF3F	SAL      DH, CL                                           EAX=000000C4 ECX=77AE381E EDX=FFBF0003 EBX=0000001F ESP=0018FE20 EBP=0018FF1A ESI=EC1D86BC EDI=0018FE48 EFLAG=00000207
0040BF41	MOV      EDX, [EAX*4+0x40a51f]                            EAX=000000C4 ECX=77AE381E EDX=FFBF0003 EBX=0000001F ESP=0018FE20 EBP=0018FF1A ESI=EC1D86BC EDI=0018FE48 EFLAG=00000246
0040BF48	TEST     EDX, 0xe75c2a09                                  EAX=000000C4 ECX=77AE381E EDX=2BFA76E5 EBX=0000001F ESP=0018FE20 EBP=0018FF1A ESI=EC1D86BC EDI=0018FE48 EFLAG=00000246
0040BF4E	TEST     BL, DL                                           EAX=000000C4 ECX=77AE381E EDX=2BFA76E5 EBX=0000001F ESP=0018FE20 EBP=0018FF1A ESI=EC1D86BC EDI=0018FE48 EFLAG=00000202
0040BF50	SUB      EDX, 0x2bb9b71b                                  EAX=000000C4 ECX=77AE381E EDX=2BFA76E5 EBX=0000001F ESP=0018FE20 EBP=0018FF1A ESI=EC1D86BC EDI=0018FE48 EFLAG=00000206
0040BF56	CALL     0x40bd78                                         EAX=000000C4 ECX=77AE381E EDX=0040BFCA EBX=0000001F ESP=0018FE20 EBP=0018FF1A ESI=EC1D86BC EDI=0018FE48 EFLAG=00000216
0040BD78	PUSH     EDX                                              EAX=000000C4 ECX=77AE381E EDX=0040BFCA EBX=0000001F ESP=0018FE1C EBP=0018FF1A ESI=EC1D86BC EDI=0018FE48 EFLAG=00000216
0040BD79	DEC      ESI                                              EAX=000000C4 ECX=77AE381E EDX=0040BFCA EBX=0000001F ESP=0018FE18 EBP=0018FF1A ESI=EC1D86BC EDI=0018FE48 EFLAG=00000216
0040BD7A	PUSHF                                                     EAX=000000C4 ECX=77AE381E EDX=0040BFCA EBX=0000001F ESP=0018FE18 EBP=0018FF1A ESI=EC1D86BB EDI=0018FE48 EFLAG=00000286
0040A91F	MOV      [ESP], DH                                        EAX=000000C4 ECX=77AE381E EDX=0040BFCA EBX=0000001F ESP=0018FE14 EBP=0018FF1A ESI=EC1D86BB EDI=0018FE48 EFLAG=00000286
0040A922	MOV      [ESP+0x30], EDX                                  EAX=000000C4 ECX=77AE381E EDX=0040BFCA EBX=0000001F ESP=0018FE14 EBP=0018FF1A ESI=EC1D86BB EDI=0018FE48 EFLAG=00000286
0040A926	MOV      [ESP], AL                                        EAX=000000C4 ECX=77AE381E EDX=0040BFCA EBX=0000001F ESP=0018FE14 EBP=0018FF1A ESI=EC1D86BB EDI=0018FE48 EFLAG=00000286
0040A929	PUSH     DWORD [ESP+0x30]                                 EAX=000000C4 ECX=77AE381E EDX=0040BFCA EBX=0000001F ESP=0018FE14 EBP=0018FF1A ESI=EC1D86BB EDI=0018FE48 EFLAG=00000286
0040A92D	RET      0x34                                             EAX=000000C4 ECX=77AE381E EDX=0040BFCA EBX=0000001F ESP=0018FE10 EBP=0018FF1A ESI=EC1D86BB EDI=0018FE48 EFLAG=00000286
0040B9EA	AAM      0x68                                             EAX=000000C4 ECX=77AE381E EDX=0040BFCA EBX=0000001F ESP=0018FE48 EBP=0018FF1A ESI=EC1D86BB EDI=0018FE48 EFLAG=00000286
0040B9EC	MOV      EAX, [EBP+0x0]                                   EAX=0000015C ECX=77AE381E EDX=0040BFCA EBX=0000001F ESP=0018FE48 EBP=0018FF1A ESI=EC1D86BB EDI=0018FE48 EFLAG=00000206
0040B9EF	MOV      DL, 0xdf                                         EAX=00000246 ECX=77AE381E EDX=0040BFCA EBX=0000001F ESP=0018FE48 EBP=0018FF1A ESI=EC1D86BB EDI=0018FE48 EFLAG=00000206
0040B9F1	TEST     BL, 0x9d                                         EAX=00000246 ECX=77AE381E EDX=0040BFDF EBX=0000001F ESP=0018FE48 EBP=0018FF1A ESI=EC1D86BB EDI=0018FE48 EFLAG=00000206
0040B9F4	MOV      DL, [EBP+0x4]                                    EAX=00000246 ECX=77AE381E EDX=0040BFDF EBX=0000001F ESP=0018FE48 EBP=0018FF1A ESI=EC1D86BB EDI=0018FE48 EFLAG=00000206
0040C228	ADD      EBP, 0x6                                         EAX=00000246 ECX=77AE381E EDX=0040BF00 EBX=0000001F ESP=0018FE48 EBP=0018FF1A ESI=EC1D86BB EDI=0018FE48 EFLAG=00000206
0040C22B	CALL     0x40a15c                                         EAX=00000246 ECX=77AE381E EDX=0040BF00 EBX=0000001F ESP=0018FE48 EBP=0018FF20 ESI=EC1D86BB EDI=0018FE48 EFLAG=00000212
0040A15C	PUSHA                                                     EAX=00000246 ECX=77AE381E EDX=0040BF00 EBX=0000001F ESP=0018FE44 EBP=0018FF20 ESI=EC1D86BB EDI=0018FE48 EFLAG=00000212
0040A15D	PUSHA                                                     EAX=00000246 ECX=77AE381E EDX=0040BF00 EBX=0000001F ESP=0018FE24 EBP=0018FF20 ESI=EC1D86BB EDI=0018FE48 EFLAG=00000212
0040A15E	MOV      [SS:EAX], DL                                     EAX=00000246 ECX=77AE381E EDX=0040BF00 EBX=0000001F ESP=0018FE04 EBP=0018FF20 ESI=EC1D86BB EDI=0018FE48 EFLAG=00000212
0040A161	PUSHF                                                     EAX=00000246 ECX=77AE381E EDX=0040BF00 EBX=0000001F ESP=0018FE04 EBP=0018FF20 ESI=EC1D86BB EDI=0018FE48 EFLAG=00000212
0040A162	MOV      [ESP], CH                                        EAX=00000246 ECX=77AE381E EDX=0040BF00 EBX=0000001F ESP=0018FE00 EBP=0018FF20 ESI=EC1D86BB EDI=0018FE48 EFLAG=00000212
0040A165	PUSHF                                                     EAX=00000246 ECX=77AE381E EDX=0040BF00 EBX=0000001F ESP=0018FE00 EBP=0018FF20 ESI=EC1D86BB EDI=0018FE48 EFLAG=00000212
0040A166	LEA      ESP, [ESP+0x4c]                                  EAX=00000246 ECX=77AE381E EDX=0040BF00 EBX=0000001F ESP=0018FDFC EBP=0018FF20 ESI=EC1D86BB EDI=0018FE48 EFLAG=00000212
0040BEFD	BSWAP    DX                                               EAX=00000246 ECX=77AE381E EDX=0040BF00 EBX=0000001F ESP=0018FE48 EBP=0018FF20 ESI=EC1D86BB EDI=0018FE48 EFLAG=00000212
0040BF00	RCL      DL, CL                                           EAX=00000246 ECX=77AE381E EDX=00400000 EBX=0000001F ESP=0018FE48 EBP=0018FF20 ESI=EC1D86BB EDI=0018FE48 EFLAG=00000212
0040BF02	PUSHA                                                     EAX=00000246 ECX=77AE381E EDX=00400000 EBX=0000001F ESP=0018FE48 EBP=0018FF20 ESI=EC1D86BB EDI=0018FE48 EFLAG=00000212
0040BF03	AND      EDX, 0xfdc85d80                                  EAX=00000246 ECX=77AE381E EDX=00400000 EBX=0000001F ESP=0018FE28 EBP=0018FF20 ESI=EC1D86BB EDI=0018FE48 EFLAG=00000212
0040BF09	MOV      AL, [ESI-0x1]                                    EAX=00000246 ECX=77AE381E EDX=00400000 EBX=0000001F ESP=0018FE28 EBP=0018FF20 ESI=EC1D86BB EDI=0018FE48 EFLAG=00000206
0040BF0C	DEC      DH                                               EAX=00000200 ECX=77AE381E EDX=00400000 EBX=0000001F ESP=0018FE28 EBP=0018FF20 ESI=EC1D86BB EDI=0018FE48 EFLAG=00000206
0040BF0E	SUB      AL, BL                                           EAX=00000200 ECX=77AE381E EDX=0040FF00 EBX=0000001F ESP=0018FE28 EBP=0018FF20 ESI=EC1D86BB EDI=0018FE48 EFLAG=00000296
0040BF10	PUSHF                                                     EAX=000002E1 ECX=77AE381E EDX=0040FF00 EBX=0000001F ESP=0018FE28 EBP=0018FF20 ESI=EC1D86BB EDI=0018FE48 EFLAG=00000297
0040BF11	BTC      DX, 0x4                                          EAX=000002E1 ECX=77AE381E EDX=0040FF00 EBX=0000001F ESP=0018FE24 EBP=0018FF20 ESI=EC1D86BB EDI=0018FE48 EFLAG=00000297
0040BF16	PUSH     ESP                                              EAX=000002E1 ECX=77AE381E EDX=0040FF10 EBX=0000001F ESP=0018FE24 EBP=0018FF20 ESI=EC1D86BB EDI=0018FE48 EFLAG=00000296
0040BF17	MOVZX    DX, AL                                           EAX=000002E1 ECX=77AE381E EDX=0040FF10 EBX=0000001F ESP=0018FE20 EBP=0018FF20 ESI=EC1D86BB EDI=0018FE48 EFLAG=00000296
0040BF1B	ROR      AL, 0x7                                          EAX=000002E1 ECX=77AE381E EDX=004000E1 EBX=0000001F ESP=0018FE20 EBP=0018FF20 ESI=EC1D86BB EDI=0018FE48 EFLAG=00000296
0040BF1E	ROL      DH, 0x3                                          EAX=000002C3 ECX=77AE381E EDX=004000E1 EBX=0000001F ESP=0018FE20 EBP=0018FF20 ESI=EC1D86BB EDI=0018FE48 EFLAG=00000297
0040BF21	SUB      AL, 0x30                                         EAX=000002C3 ECX=77AE381E EDX=004000E1 EBX=0000001F ESP=0018FE20 EBP=0018FF20 ESI=EC1D86BB EDI=0018FE48 EFLAG=00000296
0040BF23	SHR      DX, 0x9                                          EAX=00000293 ECX=77AE381E EDX=004000E1 EBX=0000001F ESP=0018FE20 EBP=0018FF20 ESI=EC1D86BB EDI=0018FE48 EFLAG=00000286
0040BF27	XOR      AL, 0xce                                         EAX=00000293 ECX=77AE381E EDX=00400000 EBX=0000001F ESP=0018FE20 EBP=0018FF20 ESI=EC1D86BB EDI=0018FE48 EFLAG=00000246
0040BF29	ADC      DL, 0xdb                                         EAX=0000025D ECX=77AE381E EDX=00400000 EBX=0000001F ESP=0018FE20 EBP=0018FF20 ESI=EC1D86BB EDI=0018FE48 EFLAG=00000202
0040BF2C	BT       EBX, EDI                                         EAX=0000025D ECX=77AE381E EDX=004000DB EBX=0000001F ESP=0018FE20 EBP=0018FF20 ESI=EC1D86BB EDI=0018FE48 EFLAG=00000286
0040BF2F	SETL     DH                                               EAX=0000025D ECX=77AE381E EDX=004000DB EBX=0000001F ESP=0018FE20 EBP=0018FF20 ESI=EC1D86BB EDI=0018FE48 EFLAG=00000286
0040BF32	SUB      BL, AL                                           EAX=0000025D ECX=77AE381E EDX=004001DB EBX=0000001F ESP=0018FE20 EBP=0018FF20 ESI=EC1D86BB EDI=0018FE48 EFLAG=00000286
0040BF34	STC                                                       EAX=0000025D ECX=77AE381E EDX=004001DB EBX=000000C2 ESP=0018FE20 EBP=0018FF20 ESI=EC1D86BB EDI=0018FE48 EFLAG=00000283
0040BF35	MOVZX    EAX, AL                                          EAX=0000025D ECX=77AE381E EDX=004001DB EBX=000000C2 ESP=0018FE20 EBP=0018FF20 ESI=EC1D86BB EDI=0018FE48 EFLAG=00000283
0040BF38	NOT      EDX                                              EAX=0000005D ECX=77AE381E EDX=004001DB EBX=000000C2 ESP=0018FE20 EBP=0018FF20 ESI=EC1D86BB EDI=0018FE48 EFLAG=00000283
0040BF3A	BSF      EDX, EDI                                         EAX=0000005D ECX=77AE381E EDX=FFBFFE24 EBX=000000C2 ESP=0018FE20 EBP=0018FF20 ESI=EC1D86BB EDI=0018FE48 EFLAG=00000283
0040BF3E	CMC                                                       EAX=0000005D ECX=77AE381E EDX=FFBF0003 EBX=000000C2 ESP=0018FE20 EBP=0018FF20 ESI=EC1D86BB EDI=0018FE48 EFLAG=00000206
0040BF3F	SAL      DH, CL                                           EAX=0000005D ECX=77AE381E EDX=FFBF0003 EBX=000000C2 ESP=0018FE20 EBP=0018FF20 ESI=EC1D86BB EDI=0018FE48 EFLAG=00000207
0040BF41	MOV      EDX, [EAX*4+0x40a51f]                            EAX=0000005D ECX=77AE381E EDX=FFBF0003 EBX=000000C2 ESP=0018FE20 EBP=0018FF20 ESI=EC1D86BB EDI=0018FE48 EFLAG=00000246
0040BF48	TEST     EDX, 0xe75c2a09                                  EAX=0000005D ECX=77AE381E EDX=2BFA73D7 EBX=000000C2 ESP=0018FE20 EBP=0018FF20 ESI=EC1D86BB EDI=0018FE48 EFLAG=00000246
0040BF4E	TEST     BL, DL                                           EAX=0000005D ECX=77AE381E EDX=2BFA73D7 EBX=000000C2 ESP=0018FE20 EBP=0018FF20 ESI=EC1D86BB EDI=0018FE48 EFLAG=00000202
0040BF50	SUB      EDX, 0x2bb9b71b                                  EAX=0000005D ECX=77AE381E EDX=2BFA73D7 EBX=000000C2 ESP=0018FE20 EBP=0018FF20 ESI=EC1D86BB EDI=0018FE48 EFLAG=00000282
0040BF56	CALL     0x40bd78                                         EAX=0000005D ECX=77AE381E EDX=0040BCBC EBX=000000C2 ESP=0018FE20 EBP=0018FF20 ESI=EC1D86BB EDI=0018FE48 EFLAG=00000212
0040BD78	PUSH     EDX                                              EAX=0000005D ECX=77AE381E EDX=0040BCBC EBX=000000C2 ESP=0018FE1C EBP=0018FF20 ESI=EC1D86BB EDI=0018FE48 EFLAG=00000212
0040BD79	DEC      ESI                                              EAX=0000005D ECX=77AE381E EDX=0040BCBC EBX=000000C2 ESP=0018FE18 EBP=0018FF20 ESI=EC1D86BB EDI=0018FE48 EFLAG=00000212
0040BD7A	PUSHF                                                     EAX=0000005D ECX=77AE381E EDX=0040BCBC EBX=000000C2 ESP=0018FE18 EBP=0018FF20 ESI=EC1D86BA EDI=0018FE48 EFLAG=00000282
0040A91F	MOV      [ESP], DH                                        EAX=0000005D ECX=77AE381E EDX=0040BCBC EBX=000000C2 ESP=0018FE14 EBP=0018FF20 ESI=EC1D86BA EDI=0018FE48 EFLAG=00000282
0040A922	MOV      [ESP+0x30], EDX                                  EAX=0000005D ECX=77AE381E EDX=0040BCBC EBX=000000C2 ESP=0018FE14 EBP=0018FF20 ESI=EC1D86BA EDI=0018FE48 EFLAG=00000282
0040A926	MOV      [ESP], AL                                        EAX=0000005D ECX=77AE381E EDX=0040BCBC EBX=000000C2 ESP=0018FE14 EBP=0018FF20 ESI=EC1D86BA EDI=0018FE48 EFLAG=00000282
0040A929	PUSH     DWORD [ESP+0x30]                                 EAX=0000005D ECX=77AE381E EDX=0040BCBC EBX=000000C2 ESP=0018FE14 EBP=0018FF20 ESI=EC1D86BA EDI=0018FE48 EFLAG=00000282
0040A92D	RET      0x34                                             EAX=0000005D ECX=77AE381E EDX=0040BCBC EBX=000000C2 ESP=0018FE10 EBP=0018FF20 ESI=EC1D86BA EDI=0018FE48 EFLAG=00000282
0040BCBC	TEST     BP, SP                                           EAX=0000005D ECX=77AE381E EDX=0040BCBC EBX=000000C2 ESP=0018FE48 EBP=0018FF20 ESI=EC1D86BA EDI=0018FE48 EFLAG=00000282
0040BCBF	BSR      EDX, ESP                                         EAX=0000005D ECX=77AE381E EDX=0040BCBC EBX=000000C2 ESP=0018FE48 EBP=0018FF20 ESI=EC1D86BA EDI=0018FE48 EFLAG=00000286
0040BCC3	OR       AL, AH                                           EAX=0000005D ECX=77AE381E EDX=0040000F EBX=000000C2 ESP=0018FE48 EBP=0018FF20 ESI=EC1D86BA EDI=0018FE48 EFLAG=00000206
0040BCC5	MOVZX    EAX, BYTE [ESI-0x1]                              EAX=0000005D ECX=77AE381E EDX=0040000F EBX=000000C2 ESP=0018FE48 EBP=0018FF20 ESI=EC1D86BA EDI=0018FE48 EFLAG=00000202
0040BCC9	SHLD     DX, BP, CL                                       EAX=00000000 ECX=77AE381E EDX=0040000F EBX=000000C2 ESP=0018FE48 EBP=0018FF20 ESI=EC1D86BA EDI=0018FE48 EFLAG=00000202
0040BCCD	XOR      AL, BL                                           EAX=00000000 ECX=77AE381E EDX=00400003 EBX=000000C2 ESP=0018FE48 EBP=0018FF20 ESI=EC1D86BA EDI=0018FE48 EFLAG=00000206
0040BCCF	BTR      DX, BP                                           EAX=000000C2 ECX=77AE381E EDX=00400003 EBX=000000C2 ESP=0018FE48 EBP=0018FF20 ESI=EC1D86BA EDI=0018FE48 EFLAG=00000282
0040BCD3	ROR      AL, 0x4                                          EAX=000000C2 ECX=77AE381E EDX=00400002 EBX=000000C2 ESP=0018FE48 EBP=0018FF20 ESI=EC1D86BA EDI=0018FE48 EFLAG=00000283
0040BCD6	CALL     0x40b3ba                                         EAX=0000002C ECX=77AE381E EDX=00400002 EBX=000000C2 ESP=0018FE48 EBP=0018FF20 ESI=EC1D86BA EDI=0018FE48 EFLAG=00000282
0040B3BA	SETNO    DL                                               EAX=0000002C ECX=77AE381E EDX=00400002 EBX=000000C2 ESP=0018FE44 EBP=0018FF20 ESI=EC1D86BA EDI=0018FE48 EFLAG=00000282
0040B3BD	DEC      DX                                               EAX=0000002C ECX=77AE381E EDX=00400001 EBX=000000C2 ESP=0018FE44 EBP=0018FF20 ESI=EC1D86BA EDI=0018FE48 EFLAG=00000282
0040B3C0	MOVZX    DX, BL                                           EAX=0000002C ECX=77AE381E EDX=00400000 EBX=000000C2 ESP=0018FE44 EBP=0018FF20 ESI=EC1D86BA EDI=0018FE48 EFLAG=00000246
0040B3C4	DEC      AL                                               EAX=0000002C ECX=77AE381E EDX=004000C2 EBX=000000C2 ESP=0018FE44 EBP=0018FF20 ESI=EC1D86BA EDI=0018FE48 EFLAG=00000246
0040B3C6	SAL      DX, 0xe                                          EAX=0000002B ECX=77AE381E EDX=004000C2 EBX=000000C2 ESP=0018FE44 EBP=0018FF20 ESI=EC1D86BA EDI=0018FE48 EFLAG=00000206
0040B3CA	CALL     0x40a4c1                                         EAX=0000002B ECX=77AE381E EDX=00408000 EBX=000000C2 ESP=0018FE44 EBP=0018FF20 ESI=EC1D86BA EDI=0018FE48 EFLAG=00000A86
0040A4C1	NEG      AL                                               EAX=0000002B ECX=77AE381E EDX=00408000 EBX=000000C2 ESP=0018FE40 EBP=0018FF20 ESI=EC1D86BA EDI=0018FE48 EFLAG=00000A86
0040A4C3	STC                                                       EAX=000000D5 ECX=77AE381E EDX=00408000 EBX=000000C2 ESP=0018FE40 EBP=0018FF20 ESI=EC1D86BA EDI=0018FE48 EFLAG=00000293
0040A4C4	STC                                                       EAX=000000D5 ECX=77AE381E EDX=00408000 EBX=000000C2 ESP=0018FE40 EBP=0018FF20 ESI=EC1D86BA EDI=0018FE48 EFLAG=00000293
0040A4C5	XOR      BL, AL                                           EAX=000000D5 ECX=77AE381E EDX=00408000 EBX=000000C2 ESP=0018FE40 EBP=0018FF20 ESI=EC1D86BA EDI=0018FE48 EFLAG=00000293
0040A4C7	BTC      DX, AX                                           EAX=000000D5 ECX=77AE381E EDX=00408000 EBX=00000017 ESP=0018FE40 EBP=0018FF20 ESI=EC1D86BA EDI=0018FE48 EFLAG=00000206
0040A4CB	MOV      DX, [EBP+0x0]                                    EAX=000000D5 ECX=77AE381E EDX=00408020 EBX=00000017 ESP=0018FE40 EBP=0018FF20 ESI=EC1D86BA EDI=0018FE48 EFLAG=00000206
0040A4CF	TEST     DL, 0x42                                         EAX=000000D5 ECX=77AE381E EDX=00400000 EBX=00000017 ESP=0018FE40 EBP=0018FF20 ESI=EC1D86BA EDI=0018FE48 EFLAG=00000206
0040A4D2	CALL     0x40b3a6                                         EAX=000000D5 ECX=77AE381E EDX=00400000 EBX=00000017 ESP=0018FE40 EBP=0018FF20 ESI=EC1D86BA EDI=0018FE48 EFLAG=00000246
0040B3A6	CMP      BL, 0x98                                         EAX=000000D5 ECX=77AE381E EDX=00400000 EBX=00000017 ESP=0018FE3C EBP=0018FF20 ESI=EC1D86BA EDI=0018FE48 EFLAG=00000246
0040B3A9	ADD      EBP, 0x2                                         EAX=000000D5 ECX=77AE381E EDX=00400000 EBX=00000017 ESP=0018FE3C EBP=0018FF20 ESI=EC1D86BA EDI=0018FE48 EFLAG=00000213
0040B3AC	PUSHA                                                     EAX=000000D5 ECX=77AE381E EDX=00400000 EBX=00000017 ESP=0018FE3C EBP=0018FF22 ESI=EC1D86BA EDI=0018FE48 EFLAG=00000206
0040C093	MOV      [ESP+0x4], AX                                    EAX=000000D5 ECX=77AE381E EDX=00400000 EBX=00000017 ESP=0018FE1C EBP=0018FF22 ESI=EC1D86BA EDI=0018FE48 EFLAG=00000206
0040C098	MOV      [EAX+EDI], DX                                    EAX=000000D5 ECX=77AE381E EDX=00400000 EBX=00000017 ESP=0018FE1C EBP=0018FF22 ESI=EC1D86BA EDI=0018FE48 EFLAG=00000206
0040C09C	PUSHF                                                     EAX=000000D5 ECX=77AE381E EDX=00400000 EBX=00000017 ESP=0018FE1C EBP=0018FF22 ESI=EC1D86BA EDI=0018FE48 EFLAG=00000206
0040C09D	MOV      BYTE [ESP], 0x95                                 EAX=000000D5 ECX=77AE381E EDX=00400000 EBX=00000017 ESP=0018FE18 EBP=0018FF22 ESI=EC1D86BA EDI=0018FE48 EFLAG=00000206
0040C0A1	DEC      ESI                                              EAX=000000D5 ECX=77AE381E EDX=00400000 EBX=00000017 ESP=0018FE18 EBP=0018FF22 ESI=EC1D86BA EDI=0018FE48 EFLAG=00000206
0040C0A2	MOV      [ESP], AL                                        EAX=000000D5 ECX=77AE381E EDX=00400000 EBX=00000017 ESP=0018FE18 EBP=0018FF22 ESI=EC1D86B9 EDI=0018FE48 EFLAG=00000282
0040C0A5	MOV      [ESP], CL                                        EAX=000000D5 ECX=77AE381E EDX=00400000 EBX=00000017 ESP=0018FE18 EBP=0018FF22 ESI=EC1D86B9 EDI=0018FE48 EFLAG=00000282
0040C0A8	PUSH     DWORD 0xe989fc93                                 EAX=000000D5 ECX=77AE381E EDX=00400000 EBX=00000017 ESP=0018FE18 EBP=0018FF22 ESI=EC1D86B9 EDI=0018FE48 EFLAG=00000282
0040C0AD	LEA      ESP, [ESP+0x34]                                  EAX=000000D5 ECX=77AE381E EDX=00400000 EBX=00000017 ESP=0018FE14 EBP=0018FF22 ESI=EC1D86B9 EDI=0018FE48 EFLAG=00000282
0040BEFD	BSWAP    DX                                               EAX=000000D5 ECX=77AE381E EDX=00400000 EBX=00000017 ESP=0018FE48 EBP=0018FF22 ESI=EC1D86B9 EDI=0018FE48 EFLAG=00000282
0040BF00	RCL      DL, CL                                           EAX=000000D5 ECX=77AE381E EDX=00400000 EBX=00000017 ESP=0018FE48 EBP=0018FF22 ESI=EC1D86B9 EDI=0018FE48 EFLAG=00000282
0040BF02	PUSHA                                                     EAX=000000D5 ECX=77AE381E EDX=00400000 EBX=00000017 ESP=0018FE48 EBP=0018FF22 ESI=EC1D86B9 EDI=0018FE48 EFLAG=00000282
0040BF03	AND      EDX, 0xfdc85d80                                  EAX=000000D5 ECX=77AE381E EDX=00400000 EBX=00000017 ESP=0018FE28 EBP=0018FF22 ESI=EC1D86B9 EDI=0018FE48 EFLAG=00000282
0040BF09	MOV      AL, [ESI-0x1]                                    EAX=000000D5 ECX=77AE381E EDX=00400000 EBX=00000017 ESP=0018FE28 EBP=0018FF22 ESI=EC1D86B9 EDI=0018FE48 EFLAG=00000206
0040BF0C	DEC      DH                                               EAX=00000000 ECX=77AE381E EDX=00400000 EBX=00000017 ESP=0018FE28 EBP=0018FF22 ESI=EC1D86B9 EDI=0018FE48 EFLAG=00000206
0040BF0E	SUB      AL, BL                                           EAX=00000000 ECX=77AE381E EDX=0040FF00 EBX=00000017 ESP=0018FE28 EBP=0018FF22 ESI=EC1D86B9 EDI=0018FE48 EFLAG=00000296
0040BF10	PUSHF                                                     EAX=000000E9 ECX=77AE381E EDX=0040FF00 EBX=00000017 ESP=0018FE28 EBP=0018FF22 ESI=EC1D86B9 EDI=0018FE48 EFLAG=00000293
0040BF11	BTC      DX, 0x4                                          EAX=000000E9 ECX=77AE381E EDX=0040FF00 EBX=00000017 ESP=0018FE24 EBP=0018FF22 ESI=EC1D86B9 EDI=0018FE48 EFLAG=00000293
0040BF16	PUSH     ESP                                              EAX=000000E9 ECX=77AE381E EDX=0040FF10 EBX=00000017 ESP=0018FE24 EBP=0018FF22 ESI=EC1D86B9 EDI=0018FE48 EFLAG=00000292
0040BF17	MOVZX    DX, AL                                           EAX=000000E9 ECX=77AE381E EDX=0040FF10 EBX=00000017 ESP=0018FE20 EBP=0018FF22 ESI=EC1D86B9 EDI=0018FE48 EFLAG=00000292
0040BF1B	ROR      AL, 0x7                                          EAX=000000E9 ECX=77AE381E EDX=004000E9 EBX=00000017 ESP=0018FE20 EBP=0018FF22 ESI=EC1D86B9 EDI=0018FE48 EFLAG=00000292
0040BF1E	ROL      DH, 0x3                                          EAX=000000D3 ECX=77AE381E EDX=004000E9 EBX=00000017 ESP=0018FE20 EBP=0018FF22 ESI=EC1D86B9 EDI=0018FE48 EFLAG=00000293
0040BF21	SUB      AL, 0x30                                         EAX=000000D3 ECX=77AE381E EDX=004000E9 EBX=00000017 ESP=0018FE20 EBP=0018FF22 ESI=EC1D86B9 EDI=0018FE48 EFLAG=00000292
0040BF23	SHR      DX, 0x9                                          EAX=000000A3 ECX=77AE381E EDX=004000E9 EBX=00000017 ESP=0018FE20 EBP=0018FF22 ESI=EC1D86B9 EDI=0018FE48 EFLAG=00000286
0040BF27	XOR      AL, 0xce                                         EAX=000000A3 ECX=77AE381E EDX=00400000 EBX=00000017 ESP=0018FE20 EBP=0018FF22 ESI=EC1D86B9 EDI=0018FE48 EFLAG=00000246
0040BF29	ADC      DL, 0xdb                                         EAX=0000006D ECX=77AE381E EDX=00400000 EBX=00000017 ESP=0018FE20 EBP=0018FF22 ESI=EC1D86B9 EDI=0018FE48 EFLAG=00000202
0040BF2C	BT       EBX, EDI                                         EAX=0000006D ECX=77AE381E EDX=004000DB EBX=00000017 ESP=0018FE20 EBP=0018FF22 ESI=EC1D86B9 EDI=0018FE48 EFLAG=00000286
0040BF2F	SETL     DH                                               EAX=0000006D ECX=77AE381E EDX=004000DB EBX=00000017 ESP=0018FE20 EBP=0018FF22 ESI=EC1D86B9 EDI=0018FE48 EFLAG=00000286
0040BF32	SUB      BL, AL                                           EAX=0000006D ECX=77AE381E EDX=004001DB EBX=00000017 ESP=0018FE20 EBP=0018FF22 ESI=EC1D86B9 EDI=0018FE48 EFLAG=00000286
0040BF34	STC                                                       EAX=0000006D ECX=77AE381E EDX=004001DB EBX=000000AA ESP=0018FE20 EBP=0018FF22 ESI=EC1D86B9 EDI=0018FE48 EFLAG=00000297
0040BF35	MOVZX    EAX, AL                                          EAX=0000006D ECX=77AE381E EDX=004001DB EBX=000000AA ESP=0018FE20 EBP=0018FF22 ESI=EC1D86B9 EDI=0018FE48 EFLAG=00000297
0040BF38	NOT      EDX                                              EAX=0000006D ECX=77AE381E EDX=004001DB EBX=000000AA ESP=0018FE20 EBP=0018FF22 ESI=EC1D86B9 EDI=0018FE48 EFLAG=00000297
0040BF3A	BSF      EDX, EDI                                         EAX=0000006D ECX=77AE381E EDX=FFBFFE24 EBX=000000AA ESP=0018FE20 EBP=0018FF22 ESI=EC1D86B9 EDI=0018FE48 EFLAG=00000297
0040BF3E	CMC                                                       EAX=0000006D ECX=77AE381E EDX=FFBF0003 EBX=000000AA ESP=0018FE20 EBP=0018FF22 ESI=EC1D86B9 EDI=0018FE48 EFLAG=00000206
0040BF3F	SAL      DH, CL                                           EAX=0000006D ECX=77AE381E EDX=FFBF0003 EBX=000000AA ESP=0018FE20 EBP=0018FF22 ESI=EC1D86B9 EDI=0018FE48 EFLAG=00000207
0040BF41	MOV      EDX, [EAX*4+0x40a51f]                            EAX=0000006D ECX=77AE381E EDX=FFBF0003 EBX=000000AA ESP=0018FE20 EBP=0018FF22 ESI=EC1D86B9 EDI=0018FE48 EFLAG=00000246
0040BF48	TEST     EDX, 0xe75c2a09                                  EAX=0000006D ECX=77AE381E EDX=2BFA78AF EBX=000000AA ESP=0018FE20 EBP=0018FF22 ESI=EC1D86B9 EDI=0018FE48 EFLAG=00000246
0040BF4E	TEST     BL, DL                                           EAX=0000006D ECX=77AE381E EDX=2BFA78AF EBX=000000AA ESP=0018FE20 EBP=0018FF22 ESI=EC1D86B9 EDI=0018FE48 EFLAG=00000206
0040BF50	SUB      EDX, 0x2bb9b71b                                  EAX=0000006D ECX=77AE381E EDX=2BFA78AF EBX=000000AA ESP=0018FE20 EBP=0018FF22 ESI=EC1D86B9 EDI=0018FE48 EFLAG=00000286
0040BF56	CALL     0x40bd78                                         EAX=0000006D ECX=77AE381E EDX=0040C194 EBX=000000AA ESP=0018FE20 EBP=0018FF22 ESI=EC1D86B9 EDI=0018FE48 EFLAG=00000202
0040BD78	PUSH     EDX                                              EAX=0000006D ECX=77AE381E EDX=0040C194 EBX=000000AA ESP=0018FE1C EBP=0018FF22 ESI=EC1D86B9 EDI=0018FE48 EFLAG=00000202
0040BD79	DEC      ESI                                              EAX=0000006D ECX=77AE381E EDX=0040C194 EBX=000000AA ESP=0018FE18 EBP=0018FF22 ESI=EC1D86B9 EDI=0018FE48 EFLAG=00000202
0040BD7A	PUSHF                                                     EAX=0000006D ECX=77AE381E EDX=0040C194 EBX=000000AA ESP=0018FE18 EBP=0018FF22 ESI=EC1D86B8 EDI=0018FE48 EFLAG=00000286
0040A91F	MOV      [ESP], DH                                        EAX=0000006D ECX=77AE381E EDX=0040C194 EBX=000000AA ESP=0018FE14 EBP=0018FF22 ESI=EC1D86B8 EDI=0018FE48 EFLAG=00000286
0040A922	MOV      [ESP+0x30], EDX                                  EAX=0000006D ECX=77AE381E EDX=0040C194 EBX=000000AA ESP=0018FE14 EBP=0018FF22 ESI=EC1D86B8 EDI=0018FE48 EFLAG=00000286
0040A926	MOV      [ESP], AL                                        EAX=0000006D ECX=77AE381E EDX=0040C194 EBX=000000AA ESP=0018FE14 EBP=0018FF22 ESI=EC1D86B8 EDI=0018FE48 EFLAG=00000286
0040A929	PUSH     DWORD [ESP+0x30]                                 EAX=0000006D ECX=77AE381E EDX=0040C194 EBX=000000AA ESP=0018FE14 EBP=0018FF22 ESI=EC1D86B8 EDI=0018FE48 EFLAG=00000286
0040A92D	RET      0x34                                             EAX=0000006D ECX=77AE381E EDX=0040C194 EBX=000000AA ESP=0018FE10 EBP=0018FF22 ESI=EC1D86B8 EDI=0018FE48 EFLAG=00000286
0040C194	STC                                                       EAX=0000006D ECX=77AE381E EDX=0040C194 EBX=000000AA ESP=0018FE48 EBP=0018FF22 ESI=EC1D86B8 EDI=0018FE48 EFLAG=00000286
0040C195	MOV      EAX, [EBP+0x0]                                   EAX=0000006D ECX=77AE381E EDX=0040C194 EBX=000000AA ESP=0018FE48 EBP=0018FF22 ESI=EC1D86B8 EDI=0018FE48 EFLAG=00000287
0040C198	MOVZX    DX, BL                                           EAX=000675C5 ECX=77AE381E EDX=0040C194 EBX=000000AA ESP=0018FE48 EBP=0018FF22 ESI=EC1D86B8 EDI=0018FE48 EFLAG=00000287
0040C19C	MOV      EDX, [EBP+0x4]                                   EAX=000675C5 ECX=77AE381E EDX=004000AA EBX=000000AA ESP=0018FE48 EBP=0018FF22 ESI=EC1D86B8 EDI=0018FE48 EFLAG=00000287
0040C19F	DEC      CL                                               EAX=000675C5 ECX=77AE381E EDX=02020000 EBX=000000AA ESP=0018FE48 EBP=0018FF22 ESI=EC1D86B8 EDI=0018FE48 EFLAG=00000287
0040C1A1	MOV      CL, [EBP+0x8]                                    EAX=000675C5 ECX=77AE381D EDX=02020000 EBX=000000AA ESP=0018FE48 EBP=0018FF22 ESI=EC1D86B8 EDI=0018FE48 EFLAG=00000207
0040AF98	ADD      EBP, 0x2                                         EAX=000675C5 ECX=77AE3800 EDX=02020000 EBX=000000AA ESP=0018FE48 EBP=0018FF22 ESI=EC1D86B8 EDI=0018FE48 EFLAG=00000207
0040AF9B	STC                                                       EAX=000675C5 ECX=77AE3800 EDX=02020000 EBX=000000AA ESP=0018FE48 EBP=0018FF24 ESI=EC1D86B8 EDI=0018FE48 EFLAG=00000206
0040AF9C	CLC                                                       EAX=000675C5 ECX=77AE3800 EDX=02020000 EBX=000000AA ESP=0018FE48 EBP=0018FF24 ESI=EC1D86B8 EDI=0018FE48 EFLAG=00000207
0040AF9D	BT       BP, 0xb                                          EAX=000675C5 ECX=77AE3800 EDX=02020000 EBX=000000AA ESP=0018FE48 EBP=0018FF24 ESI=EC1D86B8 EDI=0018FE48 EFLAG=00000206
0040AFA2	SHLD     EAX, EDX, CL                                     EAX=000675C5 ECX=77AE3800 EDX=02020000 EBX=000000AA ESP=0018FE48 EBP=0018FF24 ESI=EC1D86B8 EDI=0018FE48 EFLAG=00000207
0040AFA5	PUSHF                                                     EAX=000675C5 ECX=77AE3800 EDX=02020000 EBX=000000AA ESP=0018FE48 EBP=0018FF24 ESI=EC1D86B8 EDI=0018FE48 EFLAG=00000207
0040AFA6	MOV      [ESP], CX                                        EAX=000675C5 ECX=77AE3800 EDX=02020000 EBX=000000AA ESP=0018FE44 EBP=0018FF24 ESI=EC1D86B8 EDI=0018FE48 EFLAG=00000207
0040AFAA	PUSHA                                                     EAX=000675C5 ECX=77AE3800 EDX=02020000 EBX=000000AA ESP=0018FE44 EBP=0018FF24 ESI=EC1D86B8 EDI=0018FE48 EFLAG=00000207
0040AFAB	CALL     0x40b85b                                         EAX=000675C5 ECX=77AE3800 EDX=02020000 EBX=000000AA ESP=0018FE24 EBP=0018FF24 ESI=EC1D86B8 EDI=0018FE48 EFLAG=00000207
0040B85B	MOV      [EBP+0x4], EAX                                   EAX=000675C5 ECX=77AE3800 EDX=02020000 EBX=000000AA ESP=0018FE20 EBP=0018FF24 ESI=EC1D86B8 EDI=0018FE48 EFLAG=00000207
0040B85E	PUSHF                                                     EAX=000675C5 ECX=77AE3800 EDX=02020000 EBX=000000AA ESP=0018FE20 EBP=0018FF24 ESI=EC1D86B8 EDI=0018FE48 EFLAG=00000207
0040B85F	PUSH     DWORD [ESP+0x4]                                  EAX=000675C5 ECX=77AE3800 EDX=02020000 EBX=000000AA ESP=0018FE1C EBP=0018FF24 ESI=EC1D86B8 EDI=0018FE48 EFLAG=00000207
0040B863	MOV      WORD [ESP], 0xce8d                               EAX=000675C5 ECX=77AE3800 EDX=02020000 EBX=000000AA ESP=0018FE18 EBP=0018FF24 ESI=EC1D86B8 EDI=0018FE48 EFLAG=00000207
0040B869	MOV      [ESP+0x4], BP                                    EAX=000675C5 ECX=77AE3800 EDX=02020000 EBX=000000AA ESP=0018FE18 EBP=0018FF24 ESI=EC1D86B8 EDI=0018FE48 EFLAG=00000207
0040B86E	PUSHF                                                     EAX=000675C5 ECX=77AE3800 EDX=02020000 EBX=000000AA ESP=0018FE18 EBP=0018FF24 ESI=EC1D86B8 EDI=0018FE48 EFLAG=00000207
0040B86F	POP      DWORD [ESP+0x2c]                                 EAX=000675C5 ECX=77AE3800 EDX=02020000 EBX=000000AA ESP=0018FE14 EBP=0018FF24 ESI=EC1D86B8 EDI=0018FE48 EFLAG=00000207
0040B873	LEA      ESP, [ESP+0x2c]                                  EAX=000675C5 ECX=77AE3800 EDX=02020000 EBX=000000AA ESP=0018FE18 EBP=0018FF24 ESI=EC1D86B8 EDI=0018FE48 EFLAG=00000207
0040B877	JNS      0x40c338                                         EAX=000675C5 ECX=77AE3800 EDX=02020000 EBX=000000AA ESP=0018FE44 EBP=0018FF24 ESI=EC1D86B8 EDI=0018FE48 EFLAG=00000207
0040C338	PUSHA                                                     EAX=000675C5 ECX=77AE3800 EDX=02020000 EBX=000000AA ESP=0018FE44 EBP=0018FF24 ESI=EC1D86B8 EDI=0018FE48 EFLAG=00000207
0040C339	PUSH     DWORD [ESP+0x20]                                 EAX=000675C5 ECX=77AE3800 EDX=02020000 EBX=000000AA ESP=0018FE24 EBP=0018FF24 ESI=EC1D86B8 EDI=0018FE48 EFLAG=00000207
0040C33D	POP      DWORD [EBP+0x0]                                  EAX=000675C5 ECX=77AE3800 EDX=02020000 EBX=000000AA ESP=0018FE20 EBP=0018FF24 ESI=EC1D86B8 EDI=0018FE48 EFLAG=00000207
0040C340	MOV      BYTE [ESP+0x8], 0xf5                             EAX=000675C5 ECX=77AE3800 EDX=02020000 EBX=000000AA ESP=0018FE24 EBP=0018FF24 ESI=EC1D86B8 EDI=0018FE48 EFLAG=00000207
0040C345	PUSHA                                                     EAX=000675C5 ECX=77AE3800 EDX=02020000 EBX=000000AA ESP=0018FE24 EBP=0018FF24 ESI=EC1D86B8 EDI=0018FE48 EFLAG=00000207
0040C346	MOV      DWORD [ESP+0x4], 0xa41110a1                      EAX=000675C5 ECX=77AE3800 EDX=02020000 EBX=000000AA ESP=0018FE04 EBP=0018FF24 ESI=EC1D86B8 EDI=0018FE48 EFLAG=00000207
0040C34E	PUSH     EAX                                              EAX=000675C5 ECX=77AE3800 EDX=02020000 EBX=000000AA ESP=0018FE04 EBP=0018FF24 ESI=EC1D86B8 EDI=0018FE48 EFLAG=00000207
0040C34F	LEA      ESP, [ESP+0x48]                                  EAX=000675C5 ECX=77AE3800 EDX=02020000 EBX=000000AA ESP=0018FE00 EBP=0018FF24 ESI=EC1D86B8 EDI=0018FE48 EFLAG=00000207
0040BEFD	BSWAP    DX                                               EAX=000675C5 ECX=77AE3800 EDX=02020000 EBX=000000AA ESP=0018FE48 EBP=0018FF24 ESI=EC1D86B8 EDI=0018FE48 EFLAG=00000207
0040BF00	RCL      DL, CL                                           EAX=000675C5 ECX=77AE3800 EDX=02020000 EBX=000000AA ESP=0018FE48 EBP=0018FF24 ESI=EC1D86B8 EDI=0018FE48 EFLAG=00000207
0040BF02	PUSHA                                                     EAX=000675C5 ECX=77AE3800 EDX=02020000 EBX=000000AA ESP=0018FE48 EBP=0018FF24 ESI=EC1D86B8 EDI=0018FE48 EFLAG=00000207
0040BF03	AND      EDX, 0xfdc85d80                                  EAX=000675C5 ECX=77AE3800 EDX=02020000 EBX=000000AA ESP=0018FE28 EBP=0018FF24 ESI=EC1D86B8 EDI=0018FE48 EFLAG=00000207
0040BF09	MOV      AL, [ESI-0x1]                                    EAX=000675C5 ECX=77AE3800 EDX=00000000 EBX=000000AA ESP=0018FE28 EBP=0018FF24 ESI=EC1D86B8 EDI=0018FE48 EFLAG=00000246
0040BF0C	DEC      DH                                               EAX=00067500 ECX=77AE3800 EDX=00000000 EBX=000000AA ESP=0018FE28 EBP=0018FF24 ESI=EC1D86B8 EDI=0018FE48 EFLAG=00000246
0040BF0E	SUB      AL, BL                                           EAX=00067500 ECX=77AE3800 EDX=0000FF00 EBX=000000AA ESP=0018FE28 EBP=0018FF24 ESI=EC1D86B8 EDI=0018FE48 EFLAG=00000296
0040BF10	PUSHF                                                     EAX=00067556 ECX=77AE3800 EDX=0000FF00 EBX=000000AA ESP=0018FE28 EBP=0018FF24 ESI=EC1D86B8 EDI=0018FE48 EFLAG=00000217
0040BF11	BTC      DX, 0x4                                          EAX=00067556 ECX=77AE3800 EDX=0000FF00 EBX=000000AA ESP=0018FE24 EBP=0018FF24 ESI=EC1D86B8 EDI=0018FE48 EFLAG=00000217
0040BF16	PUSH     ESP                                              EAX=00067556 ECX=77AE3800 EDX=0000FF10 EBX=000000AA ESP=0018FE24 EBP=0018FF24 ESI=EC1D86B8 EDI=0018FE48 EFLAG=00000216
0040BF17	MOVZX    DX, AL                                           EAX=00067556 ECX=77AE3800 EDX=0000FF10 EBX=000000AA ESP=0018FE20 EBP=0018FF24 ESI=EC1D86B8 EDI=0018FE48 EFLAG=00000216
0040BF1B	ROR      AL, 0x7                                          EAX=00067556 ECX=77AE3800 EDX=00000056 EBX=000000AA ESP=0018FE20 EBP=0018FF24 ESI=EC1D86B8 EDI=0018FE48 EFLAG=00000216
0040BF1E	ROL      DH, 0x3                                          EAX=000675AC ECX=77AE3800 EDX=00000056 EBX=000000AA ESP=0018FE20 EBP=0018FF24 ESI=EC1D86B8 EDI=0018FE48 EFLAG=00000A17
0040BF21	SUB      AL, 0x30                                         EAX=000675AC ECX=77AE3800 EDX=00000056 EBX=000000AA ESP=0018FE20 EBP=0018FF24 ESI=EC1D86B8 EDI=0018FE48 EFLAG=00000216
0040BF23	SHR      DX, 0x9                                          EAX=0006757C ECX=77AE3800 EDX=00000056 EBX=000000AA ESP=0018FE20 EBP=0018FF24 ESI=EC1D86B8 EDI=0018FE48 EFLAG=00000A02
0040BF27	XOR      AL, 0xce                                         EAX=0006757C ECX=77AE3800 EDX=00000000 EBX=000000AA ESP=0018FE20 EBP=0018FF24 ESI=EC1D86B8 EDI=0018FE48 EFLAG=00000246
0040BF29	ADC      DL, 0xdb                                         EAX=000675B2 ECX=77AE3800 EDX=00000000 EBX=000000AA ESP=0018FE20 EBP=0018FF24 ESI=EC1D86B8 EDI=0018FE48 EFLAG=00000286
0040BF2C	BT       EBX, EDI                                         EAX=000675B2 ECX=77AE3800 EDX=000000DB EBX=000000AA ESP=0018FE20 EBP=0018FF24 ESI=EC1D86B8 EDI=0018FE48 EFLAG=00000286
0040BF2F	SETL     DH                                               EAX=000675B2 ECX=77AE3800 EDX=000000DB EBX=000000AA ESP=0018FE20 EBP=0018FF24 ESI=EC1D86B8 EDI=0018FE48 EFLAG=00000286
0040BF32	SUB      BL, AL                                           EAX=000675B2 ECX=77AE3800 EDX=000001DB EBX=000000AA ESP=0018FE20 EBP=0018FF24 ESI=EC1D86B8 EDI=0018FE48 EFLAG=00000286
0040BF34	STC                                                       EAX=000675B2 ECX=77AE3800 EDX=000001DB EBX=000000F8 ESP=0018FE20 EBP=0018FF24 ESI=EC1D86B8 EDI=0018FE48 EFLAG=00000283
0040BF35	MOVZX    EAX, AL                                          EAX=000675B2 ECX=77AE3800 EDX=000001DB EBX=000000F8 ESP=0018FE20 EBP=0018FF24 ESI=EC1D86B8 EDI=0018FE48 EFLAG=00000283
0040BF38	NOT      EDX                                              EAX=000000B2 ECX=77AE3800 EDX=000001DB EBX=000000F8 ESP=0018FE20 EBP=0018FF24 ESI=EC1D86B8 EDI=0018FE48 EFLAG=00000283
0040BF3A	BSF      EDX, EDI                                         EAX=000000B2 ECX=77AE3800 EDX=FFFFFE24 EBX=000000F8 ESP=0018FE20 EBP=0018FF24 ESI=EC1D86B8 EDI=0018FE48 EFLAG=00000283
0040BF3E	CMC                                                       EAX=000000B2 ECX=77AE3800 EDX=FFFF0003 EBX=000000F8 ESP=0018FE20 EBP=0018FF24 ESI=EC1D86B8 EDI=0018FE48 EFLAG=00000206
0040BF3F	SAL      DH, CL                                           EAX=000000B2 ECX=77AE3800 EDX=FFFF0003 EBX=000000F8 ESP=0018FE20 EBP=0018FF24 ESI=EC1D86B8 EDI=0018FE48 EFLAG=00000207
0040BF41	MOV      EDX, [EAX*4+0x40a51f]                            EAX=000000B2 ECX=77AE3800 EDX=FFFF0003 EBX=000000F8 ESP=0018FE20 EBP=0018FF24 ESI=EC1D86B8 EDI=0018FE48 EFLAG=00000207
0040BF48	TEST     EDX, 0xe75c2a09                                  EAX=000000B2 ECX=77AE3800 EDX=2BFA58B3 EBX=000000F8 ESP=0018FE20 EBP=0018FF24 ESI=EC1D86B8 EDI=0018FE48 EFLAG=00000207
0040BF4E	TEST     BL, DL                                           EAX=000000B2 ECX=77AE3800 EDX=2BFA58B3 EBX=000000F8 ESP=0018FE20 EBP=0018FF24 ESI=EC1D86B8 EDI=0018FE48 EFLAG=00000202
0040BF50	SUB      EDX, 0x2bb9b71b                                  EAX=000000B2 ECX=77AE3800 EDX=2BFA58B3 EBX=000000F8 ESP=0018FE20 EBP=0018FF24 ESI=EC1D86B8 EDI=0018FE48 EFLAG=00000282
0040BF56	CALL     0x40bd78                                         EAX=000000B2 ECX=77AE3800 EDX=0040A198 EBX=000000F8 ESP=0018FE20 EBP=0018FF24 ESI=EC1D86B8 EDI=0018FE48 EFLAG=00000212
0040BD78	PUSH     EDX                                              EAX=000000B2 ECX=77AE3800 EDX=0040A198 EBX=000000F8 ESP=0018FE1C EBP=0018FF24 ESI=EC1D86B8 EDI=0018FE48 EFLAG=00000212
0040BD79	DEC      ESI                                              EAX=000000B2 ECX=77AE3800 EDX=0040A198 EBX=000000F8 ESP=0018FE18 EBP=0018FF24 ESI=EC1D86B8 EDI=0018FE48 EFLAG=00000212
0040BD7A	PUSHF                                                     EAX=000000B2 ECX=77AE3800 EDX=0040A198 EBX=000000F8 ESP=0018FE18 EBP=0018FF24 ESI=EC1D86B7 EDI=0018FE48 EFLAG=00000286
0040A91F	MOV      [ESP], DH                                        EAX=000000B2 ECX=77AE3800 EDX=0040A198 EBX=000000F8 ESP=0018FE14 EBP=0018FF24 ESI=EC1D86B7 EDI=0018FE48 EFLAG=00000286
0040A922	MOV      [ESP+0x30], EDX                                  EAX=000000B2 ECX=77AE3800 EDX=0040A198 EBX=000000F8 ESP=0018FE14 EBP=0018FF24 ESI=EC1D86B7 EDI=0018FE48 EFLAG=00000286
0040A926	MOV      [ESP], AL                                        EAX=000000B2 ECX=77AE3800 EDX=0040A198 EBX=000000F8 ESP=0018FE14 EBP=0018FF24 ESI=EC1D86B7 EDI=0018FE48 EFLAG=00000286
0040A929	PUSH     DWORD [ESP+0x30]                                 EAX=000000B2 ECX=77AE3800 EDX=0040A198 EBX=000000F8 ESP=0018FE14 EBP=0018FF24 ESI=EC1D86B7 EDI=0018FE48 EFLAG=00000286
0040A92D	RET      0x34                                             EAX=000000B2 ECX=77AE3800 EDX=0040A198 EBX=000000F8 ESP=0018FE10 EBP=0018FF24 ESI=EC1D86B7 EDI=0018FE48 EFLAG=00000286
0040A198	NOT      AH                                               EAX=000000B2 ECX=77AE3800 EDX=0040A198 EBX=000000F8 ESP=0018FE48 EBP=0018FF24 ESI=EC1D86B7 EDI=0018FE48 EFLAG=00000286
0040A19A	MOV      AH, CH                                           EAX=0000FFB2 ECX=77AE3800 EDX=0040A198 EBX=000000F8 ESP=0018FE48 EBP=0018FF24 ESI=EC1D86B7 EDI=0018FE48 EFLAG=00000286
0040A19C	MOV      EAX, [EBP+0x0]                                   EAX=000038B2 ECX=77AE3800 EDX=0040A198 EBX=000000F8 ESP=0018FE48 EBP=0018FF24 ESI=EC1D86B7 EDI=0018FE48 EFLAG=00000286
0040A19F	PUSHF                                                     EAX=00000207 ECX=77AE3800 EDX=0040A198 EBX=000000F8 ESP=0018FE48 EBP=0018FF24 ESI=EC1D86B7 EDI=0018FE48 EFLAG=00000286
0040A1A0	MOV      [ESP], CL                                        EAX=00000207 ECX=77AE3800 EDX=0040A198 EBX=000000F8 ESP=0018FE44 EBP=0018FF24 ESI=EC1D86B7 EDI=0018FE48 EFLAG=00000286
0040A1A3	MOV      EAX, [EAX]                                       EAX=00000207 ECX=77AE3800 EDX=0040A198 EBX=000000F8 ESP=0018FE44 EBP=0018FF24 ESI=EC1D86B7 EDI=0018FE48 EFLAG=00000286
0040A1A5	MOV      [ESP], BH                                        EAX=0018E890 ECX=77AE3800 EDX=0040A198 EBX=000000F8 ESP=0018FE44 EBP=0018FF24 ESI=EC1D86B7 EDI=0018FE48 EFLAG=00000286
0040A1A8	PUSHA                                                     EAX=0018E890 ECX=77AE3800 EDX=0040A198 EBX=000000F8 ESP=0018FE44 EBP=0018FF24 ESI=EC1D86B7 EDI=0018FE48 EFLAG=00000286
0040A1A9	MOV      [EBP+0x0], EAX                                   EAX=0018E890 ECX=77AE3800 EDX=0040A198 EBX=000000F8 ESP=0018FE24 EBP=0018FF24 ESI=EC1D86B7 EDI=0018FE48 EFLAG=00000286
0040A1AC	PUSH     DWORD 0x2a54cf4a                                 EAX=0018E890 ECX=77AE3800 EDX=0040A198 EBX=000000F8 ESP=0018FE24 EBP=0018FF24 ESI=EC1D86B7 EDI=0018FE48 EFLAG=00000286
0040A1B1	LEA      ESP, [ESP+0x28]                                  EAX=0018E890 ECX=77AE3800 EDX=0040A198 EBX=000000F8 ESP=0018FE20 EBP=0018FF24 ESI=EC1D86B7 EDI=0018FE48 EFLAG=00000286
0040BEFD	BSWAP    DX                                               EAX=0018E890 ECX=77AE3800 EDX=0040A198 EBX=000000F8 ESP=0018FE48 EBP=0018FF24 ESI=EC1D86B7 EDI=0018FE48 EFLAG=00000286
0040BF00	RCL      DL, CL                                           EAX=0018E890 ECX=77AE3800 EDX=00400000 EBX=000000F8 ESP=0018FE48 EBP=0018FF24 ESI=EC1D86B7 EDI=0018FE48 EFLAG=00000286
0040BF02	PUSHA                                                     EAX=0018E890 ECX=77AE3800 EDX=00400000 EBX=000000F8 ESP=0018FE48 EBP=0018FF24 ESI=EC1D86B7 EDI=0018FE48 EFLAG=00000286
0040BF03	AND      EDX, 0xfdc85d80                                  EAX=0018E890 ECX=77AE3800 EDX=00400000 EBX=000000F8 ESP=0018FE28 EBP=0018FF24 ESI=EC1D86B7 EDI=0018FE48 EFLAG=00000286
0040BF09	MOV      AL, [ESI-0x1]                                    EAX=0018E890 ECX=77AE3800 EDX=00400000 EBX=000000F8 ESP=0018FE28 EBP=0018FF24 ESI=EC1D86B7 EDI=0018FE48 EFLAG=00000206
0040BF0C	DEC      DH                                               EAX=0018E800 ECX=77AE3800 EDX=00400000 EBX=000000F8 ESP=0018FE28 EBP=0018FF24 ESI=EC1D86B7 EDI=0018FE48 EFLAG=00000206
0040BF0E	SUB      AL, BL                                           EAX=0018E800 ECX=77AE3800 EDX=0040FF00 EBX=000000F8 ESP=0018FE28 EBP=0018FF24 ESI=EC1D86B7 EDI=0018FE48 EFLAG=00000296
0040BF10	PUSHF                                                     EAX=0018E808 ECX=77AE3800 EDX=0040FF00 EBX=000000F8 ESP=0018FE28 EBP=0018FF24 ESI=EC1D86B7 EDI=0018FE48 EFLAG=00000213
0040BF11	BTC      DX, 0x4                                          EAX=0018E808 ECX=77AE3800 EDX=0040FF00 EBX=000000F8 ESP=0018FE24 EBP=0018FF24 ESI=EC1D86B7 EDI=0018FE48 EFLAG=00000213
0040BF16	PUSH     ESP                                              EAX=0018E808 ECX=77AE3800 EDX=0040FF10 EBX=000000F8 ESP=0018FE24 EBP=0018FF24 ESI=EC1D86B7 EDI=0018FE48 EFLAG=00000212
0040BF17	MOVZX    DX, AL                                           EAX=0018E808 ECX=77AE3800 EDX=0040FF10 EBX=000000F8 ESP=0018FE20 EBP=0018FF24 ESI=EC1D86B7 EDI=0018FE48 EFLAG=00000212
0040BF1B	ROR      AL, 0x7                                          EAX=0018E808 ECX=77AE3800 EDX=00400008 EBX=000000F8 ESP=0018FE20 EBP=0018FF24 ESI=EC1D86B7 EDI=0018FE48 EFLAG=00000212
0040BF1E	ROL      DH, 0x3                                          EAX=0018E810 ECX=77AE3800 EDX=00400008 EBX=000000F8 ESP=0018FE20 EBP=0018FF24 ESI=EC1D86B7 EDI=0018FE48 EFLAG=00000212
0040BF21	SUB      AL, 0x30                                         EAX=0018E810 ECX=77AE3800 EDX=00400008 EBX=000000F8 ESP=0018FE20 EBP=0018FF24 ESI=EC1D86B7 EDI=0018FE48 EFLAG=00000212
0040BF23	SHR      DX, 0x9                                          EAX=0018E8E0 ECX=77AE3800 EDX=00400008 EBX=000000F8 ESP=0018FE20 EBP=0018FF24 ESI=EC1D86B7 EDI=0018FE48 EFLAG=00000283
0040BF27	XOR      AL, 0xce                                         EAX=0018E8E0 ECX=77AE3800 EDX=00400000 EBX=000000F8 ESP=0018FE20 EBP=0018FF24 ESI=EC1D86B7 EDI=0018FE48 EFLAG=00000246
0040BF29	ADC      DL, 0xdb                                         EAX=0018E82E ECX=77AE3800 EDX=00400000 EBX=000000F8 ESP=0018FE20 EBP=0018FF24 ESI=EC1D86B7 EDI=0018FE48 EFLAG=00000206
0040BF2C	BT       EBX, EDI                                         EAX=0018E82E ECX=77AE3800 EDX=004000DB EBX=000000F8 ESP=0018FE20 EBP=0018FF24 ESI=EC1D86B7 EDI=0018FE48 EFLAG=00000286
0040BF2F	SETL     DH                                               EAX=0018E82E ECX=77AE3800 EDX=004000DB EBX=000000F8 ESP=0018FE20 EBP=0018FF24 ESI=EC1D86B7 EDI=0018FE48 EFLAG=00000286
0040BF32	SUB      BL, AL                                           EAX=0018E82E ECX=77AE3800 EDX=004001DB EBX=000000F8 ESP=0018FE20 EBP=0018FF24 ESI=EC1D86B7 EDI=0018FE48 EFLAG=00000286
0040BF34	STC                                                       EAX=0018E82E ECX=77AE3800 EDX=004001DB EBX=000000CA ESP=0018FE20 EBP=0018FF24 ESI=EC1D86B7 EDI=0018FE48 EFLAG=00000296
0040BF35	MOVZX    EAX, AL                                          EAX=0018E82E ECX=77AE3800 EDX=004001DB EBX=000000CA ESP=0018FE20 EBP=0018FF24 ESI=EC1D86B7 EDI=0018FE48 EFLAG=00000297
0040BF38	NOT      EDX                                              EAX=0000002E ECX=77AE3800 EDX=004001DB EBX=000000CA ESP=0018FE20 EBP=0018FF24 ESI=EC1D86B7 EDI=0018FE48 EFLAG=00000297
0040BF3A	BSF      EDX, EDI                                         EAX=0000002E ECX=77AE3800 EDX=FFBFFE24 EBX=000000CA ESP=0018FE20 EBP=0018FF24 ESI=EC1D86B7 EDI=0018FE48 EFLAG=00000297
0040BF3E	CMC                                                       EAX=0000002E ECX=77AE3800 EDX=FFBF0003 EBX=000000CA ESP=0018FE20 EBP=0018FF24 ESI=EC1D86B7 EDI=0018FE48 EFLAG=00000206
0040BF3F	SAL      DH, CL                                           EAX=0000002E ECX=77AE3800 EDX=FFBF0003 EBX=000000CA ESP=0018FE20 EBP=0018FF24 ESI=EC1D86B7 EDI=0018FE48 EFLAG=00000207
0040BF41	MOV      EDX, [EAX*4+0x40a51f]                            EAX=0000002E ECX=77AE3800 EDX=FFBF0003 EBX=000000CA ESP=0018FE20 EBP=0018FF24 ESI=EC1D86B7 EDI=0018FE48 EFLAG=00000207
0040BF48	TEST     EDX, 0xe75c2a09                                  EAX=0000002E ECX=77AE3800 EDX=2BFA71DE EBX=000000CA ESP=0018FE20 EBP=0018FF24 ESI=EC1D86B7 EDI=0018FE48 EFLAG=00000207
0040BF4E	TEST     BL, DL                                           EAX=0000002E ECX=77AE3800 EDX=2BFA71DE EBX=000000CA ESP=0018FE20 EBP=0018FF24 ESI=EC1D86B7 EDI=0018FE48 EFLAG=00000202
0040BF50	SUB      EDX, 0x2bb9b71b                                  EAX=0000002E ECX=77AE3800 EDX=2BFA71DE EBX=000000CA ESP=0018FE20 EBP=0018FF24 ESI=EC1D86B7 EDI=0018FE48 EFLAG=00000286
0040BF56	CALL     0x40bd78                                         EAX=0000002E ECX=77AE3800 EDX=0040BAC3 EBX=000000CA ESP=0018FE20 EBP=0018FF24 ESI=EC1D86B7 EDI=0018FE48 EFLAG=00000206
0040BD78	PUSH     EDX                                              EAX=0000002E ECX=77AE3800 EDX=0040BAC3 EBX=000000CA ESP=0018FE1C EBP=0018FF24 ESI=EC1D86B7 EDI=0018FE48 EFLAG=00000206
0040BD79	DEC      ESI                                              EAX=0000002E ECX=77AE3800 EDX=0040BAC3 EBX=000000CA ESP=0018FE18 EBP=0018FF24 ESI=EC1D86B7 EDI=0018FE48 EFLAG=00000206
0040BD7A	PUSHF                                                     EAX=0000002E ECX=77AE3800 EDX=0040BAC3 EBX=000000CA ESP=0018FE18 EBP=0018FF24 ESI=EC1D86B6 EDI=0018FE48 EFLAG=00000282
0040A91F	MOV      [ESP], DH                                        EAX=0000002E ECX=77AE3800 EDX=0040BAC3 EBX=000000CA ESP=0018FE14 EBP=0018FF24 ESI=EC1D86B6 EDI=0018FE48 EFLAG=00000282
0040A922	MOV      [ESP+0x30], EDX                                  EAX=0000002E ECX=77AE3800 EDX=0040BAC3 EBX=000000CA ESP=0018FE14 EBP=0018FF24 ESI=EC1D86B6 EDI=0018FE48 EFLAG=00000282
0040A926	MOV      [ESP], AL                                        EAX=0000002E ECX=77AE3800 EDX=0040BAC3 EBX=000000CA ESP=0018FE14 EBP=0018FF24 ESI=EC1D86B6 EDI=0018FE48 EFLAG=00000282
0040A929	PUSH     DWORD [ESP+0x30]                                 EAX=0000002E ECX=77AE3800 EDX=0040BAC3 EBX=000000CA ESP=0018FE14 EBP=0018FF24 ESI=EC1D86B6 EDI=0018FE48 EFLAG=00000282
0040A92D	RET      0x34                                             EAX=0000002E ECX=77AE3800 EDX=0040BAC3 EBX=000000CA ESP=0018FE10 EBP=0018FF24 ESI=EC1D86B6 EDI=0018FE48 EFLAG=00000282
0040BAC3	SAR      AH, 0x5                                          EAX=0000002E ECX=77AE3800 EDX=0040BAC3 EBX=000000CA ESP=0018FE48 EBP=0018FF24 ESI=EC1D86B6 EDI=0018FE48 EFLAG=00000282
0040BAC6	STC                                                       EAX=0000002E ECX=77AE3800 EDX=0040BAC3 EBX=000000CA ESP=0018FE48 EBP=0018FF24 ESI=EC1D86B6 EDI=0018FE48 EFLAG=00000246
0040BAC7	NEG      AH                                               EAX=0000002E ECX=77AE3800 EDX=0040BAC3 EBX=000000CA ESP=0018FE48 EBP=0018FF24 ESI=EC1D86B6 EDI=0018FE48 EFLAG=00000247
0040BAC9	MOVZX    AX, WORD [ESI-0x2]                               EAX=0000002E ECX=77AE3800 EDX=0040BAC3 EBX=000000CA ESP=0018FE48 EBP=0018FF24 ESI=EC1D86B6 EDI=0018FE48 EFLAG=00000246
0040BACE	PUSHA                                                     EAX=0000E890 ECX=77AE3800 EDX=0040BAC3 EBX=000000CA ESP=0018FE48 EBP=0018FF24 ESI=EC1D86B6 EDI=0018FE48 EFLAG=00000246
0040BACF	XCHG     AL, AH                                           EAX=0000E890 ECX=77AE3800 EDX=0040BAC3 EBX=000000CA ESP=0018FE28 EBP=0018FF24 ESI=EC1D86B6 EDI=0018FE48 EFLAG=00000246
0040BAD1	MOV      [ESP], BL                                        EAX=000090E8 ECX=77AE3800 EDX=0040BAC3 EBX=000000CA ESP=0018FE28 EBP=0018FF24 ESI=EC1D86B6 EDI=0018FE48 EFLAG=00000246
0040BAD4	PUSHA                                                     EAX=000090E8 ECX=77AE3800 EDX=0040BAC3 EBX=000000CA ESP=0018FE28 EBP=0018FF24 ESI=EC1D86B6 EDI=0018FE48 EFLAG=00000246
0040BAD5	STC                                                       EAX=000090E8 ECX=77AE3800 EDX=0040BAC3 EBX=000000CA ESP=0018FE08 EBP=0018FF24 ESI=EC1D86B6 EDI=0018FE48 EFLAG=00000246
0040BAD6	XOR      AX, BX                                           EAX=000090E8 ECX=77AE3800 EDX=0040BAC3 EBX=000000CA ESP=0018FE08 EBP=0018FF24 ESI=EC1D86B6 EDI=0018FE48 EFLAG=00000247
0040B7CB	XOR      AX, 0x441d                                       EAX=00009022 ECX=77AE3800 EDX=0040BAC3 EBX=000000CA ESP=0018FE08 EBP=0018FF24 ESI=EC1D86B6 EDI=0018FE48 EFLAG=00000286
0040B7CF	STC                                                       EAX=0000D43F ECX=77AE3800 EDX=0040BAC3 EBX=000000CA ESP=0018FE08 EBP=0018FF24 ESI=EC1D86B6 EDI=0018FE48 EFLAG=00000286
0040B7D0	STC                                                       EAX=0000D43F ECX=77AE3800 EDX=0040BAC3 EBX=000000CA ESP=0018FE08 EBP=0018FF24 ESI=EC1D86B6 EDI=0018FE48 EFLAG=00000287
0040B7D1	ROR      AX, 0x8                                          EAX=0000D43F ECX=77AE3800 EDX=0040BAC3 EBX=000000CA ESP=0018FE08 EBP=0018FF24 ESI=EC1D86B6 EDI=0018FE48 EFLAG=00000287
0040B7D5	CMC                                                       EAX=00003FD4 ECX=77AE3800 EDX=0040BAC3 EBX=000000CA ESP=0018FE08 EBP=0018FF24 ESI=EC1D86B6 EDI=0018FE48 EFLAG=00000286
0040B7D6	MOV      [ESP], DX                                        EAX=00003FD4 ECX=77AE3800 EDX=0040BAC3 EBX=000000CA ESP=0018FE08 EBP=0018FF24 ESI=EC1D86B6 EDI=0018FE48 EFLAG=00000287
0040B7DA	CLC                                                       EAX=00003FD4 ECX=77AE3800 EDX=0040BAC3 EBX=000000CA ESP=0018FE08 EBP=0018FF24 ESI=EC1D86B6 EDI=0018FE48 EFLAG=00000287
0040B7DB	NOT      AX                                               EAX=00003FD4 ECX=77AE3800 EDX=0040BAC3 EBX=000000CA ESP=0018FE08 EBP=0018FF24 ESI=EC1D86B6 EDI=0018FE48 EFLAG=00000286
0040B7DE	MOV      [ESP], DH                                        EAX=0000C02B ECX=77AE3800 EDX=0040BAC3 EBX=000000CA ESP=0018FE08 EBP=0018FF24 ESI=EC1D86B6 EDI=0018FE48 EFLAG=00000286
0040B7E1	STC                                                       EAX=0000C02B ECX=77AE3800 EDX=0040BAC3 EBX=000000CA ESP=0018FE08 EBP=0018FF24 ESI=EC1D86B6 EDI=0018FE48 EFLAG=00000286
0040B7E2	XOR      BX, AX                                           EAX=0000C02B ECX=77AE3800 EDX=0040BAC3 EBX=000000CA ESP=0018FE08 EBP=0018FF24 ESI=EC1D86B6 EDI=0018FE48 EFLAG=00000287
0040B7E5	CMC                                                       EAX=0000C02B ECX=77AE3800 EDX=0040BAC3 EBX=0000C0E1 ESP=0018FE08 EBP=0018FF24 ESI=EC1D86B6 EDI=0018FE48 EFLAG=00000286
0040B7E6	MOV      [ESP+0x8], AL                                    EAX=0000C02B ECX=77AE3800 EDX=0040BAC3 EBX=0000C0E1 ESP=0018FE08 EBP=0018FF24 ESI=EC1D86B6 EDI=0018FE48 EFLAG=00000287
0040B7EA	SUB      EBP, 0x2                                         EAX=0000C02B ECX=77AE3800 EDX=0040BAC3 EBX=0000C0E1 ESP=0018FE08 EBP=0018FF24 ESI=EC1D86B6 EDI=0018FE48 EFLAG=00000287
0040B7ED	STC                                                       EAX=0000C02B ECX=77AE3800 EDX=0040BAC3 EBX=0000C0E1 ESP=0018FE08 EBP=0018FF22 ESI=EC1D86B6 EDI=0018FE48 EFLAG=00000206
0040B7EE	CMC                                                       EAX=0000C02B ECX=77AE3800 EDX=0040BAC3 EBX=0000C0E1 ESP=0018FE08 EBP=0018FF22 ESI=EC1D86B6 EDI=0018FE48 EFLAG=00000207
0040B7EF	SUB      ESI, 0x2                                         EAX=0000C02B ECX=77AE3800 EDX=0040BAC3 EBX=0000C0E1 ESP=0018FE08 EBP=0018FF22 ESI=EC1D86B6 EDI=0018FE48 EFLAG=00000206
0040C084	PUSHF                                                     EAX=0000C02B ECX=77AE3800 EDX=0040BAC3 EBX=0000C0E1 ESP=0018FE08 EBP=0018FF22 ESI=EC1D86B4 EDI=0018FE48 EFLAG=00000286
0040C085	MOV      [EBP+0x0], AX                                    EAX=0000C02B ECX=77AE3800 EDX=0040BAC3 EBX=0000C0E1 ESP=0018FE04 EBP=0018FF22 ESI=EC1D86B4 EDI=0018FE48 EFLAG=00000286
0040C089	PUSH     ESP                                              EAX=0000C02B ECX=77AE3800 EDX=0040BAC3 EBX=0000C0E1 ESP=0018FE04 EBP=0018FF22 ESI=EC1D86B4 EDI=0018FE48 EFLAG=00000286
0040C08A	LEA      ESP, [ESP+0x48]                                  EAX=0000C02B ECX=77AE3800 EDX=0040BAC3 EBX=0000C0E1 ESP=0018FE00 EBP=0018FF22 ESI=EC1D86B4 EDI=0018FE48 EFLAG=00000286
0040C360	TEST     DH, 0x76                                         EAX=0000C02B ECX=77AE3800 EDX=0040BAC3 EBX=0000C0E1 ESP=0018FE48 EBP=0018FF22 ESI=EC1D86B4 EDI=0018FE48 EFLAG=00000286
0040C363	LEA      EAX, [EDI+0x50]                                  EAX=0000C02B ECX=77AE3800 EDX=0040BAC3 EBX=0000C0E1 ESP=0018FE48 EBP=0018FF22 ESI=EC1D86B4 EDI=0018FE48 EFLAG=00000202
0040C366	PUSH     DWORD 0xa76b4735                                 EAX=0018FE98 ECX=77AE3800 EDX=0040BAC3 EBX=0000C0E1 ESP=0018FE48 EBP=0018FF22 ESI=EC1D86B4 EDI=0018FE48 EFLAG=00000202
0040C36B	STC                                                       EAX=0018FE98 ECX=77AE3800 EDX=0040BAC3 EBX=0000C0E1 ESP=0018FE44 EBP=0018FF22 ESI=EC1D86B4 EDI=0018FE48 EFLAG=00000202
0040C36C	CMP      EBP, EAX                                         EAX=0018FE98 ECX=77AE3800 EDX=0040BAC3 EBX=0000C0E1 ESP=0018FE44 EBP=0018FF22 ESI=EC1D86B4 EDI=0018FE48 EFLAG=00000203
0040C36E	PUSH     DWORD 0xbe8fd443                                 EAX=0018FE98 ECX=77AE3800 EDX=0040BAC3 EBX=0000C0E1 ESP=0018FE44 EBP=0018FF22 ESI=EC1D86B4 EDI=0018FE48 EFLAG=00000212
0040C373	LEA      ESP, [ESP+0x8]                                   EAX=0018FE98 ECX=77AE3800 EDX=0040BAC3 EBX=0000C0E1 ESP=0018FE40 EBP=0018FF22 ESI=EC1D86B4 EDI=0018FE48 EFLAG=00000212
0040C377	JA       0x40befd                                         EAX=0018FE98 ECX=77AE3800 EDX=0040BAC3 EBX=0000C0E1 ESP=0018FE48 EBP=0018FF22 ESI=EC1D86B4 EDI=0018FE48 EFLAG=00000212
0040BEFD	BSWAP    DX                                               EAX=0018FE98 ECX=77AE3800 EDX=0040BAC3 EBX=0000C0E1 ESP=0018FE48 EBP=0018FF22 ESI=EC1D86B4 EDI=0018FE48 EFLAG=00000212
0040BF00	RCL      DL, CL                                           EAX=0018FE98 ECX=77AE3800 EDX=00400000 EBX=0000C0E1 ESP=0018FE48 EBP=0018FF22 ESI=EC1D86B4 EDI=0018FE48 EFLAG=00000212
0040BF02	PUSHA                                                     EAX=0018FE98 ECX=77AE3800 EDX=00400000 EBX=0000C0E1 ESP=0018FE48 EBP=0018FF22 ESI=EC1D86B4 EDI=0018FE48 EFLAG=00000212
0040BF03	AND      EDX, 0xfdc85d80                                  EAX=0018FE98 ECX=77AE3800 EDX=00400000 EBX=0000C0E1 ESP=0018FE28 EBP=0018FF22 ESI=EC1D86B4 EDI=0018FE48 EFLAG=00000212
0040BF09	MOV      AL, [ESI-0x1]                                    EAX=0018FE98 ECX=77AE3800 EDX=00400000 EBX=0000C0E1 ESP=0018FE28 EBP=0018FF22 ESI=EC1D86B4 EDI=0018FE48 EFLAG=00000206
0040BF0C	DEC      DH                                               EAX=0018FE00 ECX=77AE3800 EDX=00400000 EBX=0000C0E1 ESP=0018FE28 EBP=0018FF22 ESI=EC1D86B4 EDI=0018FE48 EFLAG=00000206
0040BF0E	SUB      AL, BL                                           EAX=0018FE00 ECX=77AE3800 EDX=0040FF00 EBX=0000C0E1 ESP=0018FE28 EBP=0018FF22 ESI=EC1D86B4 EDI=0018FE48 EFLAG=00000296
0040BF10	PUSHF                                                     EAX=0018FE1F ECX=77AE3800 EDX=0040FF00 EBX=0000C0E1 ESP=0018FE28 EBP=0018FF22 ESI=EC1D86B4 EDI=0018FE48 EFLAG=00000213
0040BF11	BTC      DX, 0x4                                          EAX=0018FE1F ECX=77AE3800 EDX=0040FF00 EBX=0000C0E1 ESP=0018FE24 EBP=0018FF22 ESI=EC1D86B4 EDI=0018FE48 EFLAG=00000213
0040BF16	PUSH     ESP                                              EAX=0018FE1F ECX=77AE3800 EDX=0040FF10 EBX=0000C0E1 ESP=0018FE24 EBP=0018FF22 ESI=EC1D86B4 EDI=0018FE48 EFLAG=00000212
0040BF17	MOVZX    DX, AL                                           EAX=0018FE1F ECX=77AE3800 EDX=0040FF10 EBX=0000C0E1 ESP=0018FE20 EBP=0018FF22 ESI=EC1D86B4 EDI=0018FE48 EFLAG=00000212
0040BF1B	ROR      AL, 0x7                                          EAX=0018FE1F ECX=77AE3800 EDX=0040001F EBX=0000C0E1 ESP=0018FE20 EBP=0018FF22 ESI=EC1D86B4 EDI=0018FE48 EFLAG=00000212
0040BF1E	ROL      DH, 0x3                                          EAX=0018FE3E ECX=77AE3800 EDX=0040001F EBX=0000C0E1 ESP=0018FE20 EBP=0018FF22 ESI=EC1D86B4 EDI=0018FE48 EFLAG=00000212
0040BF21	SUB      AL, 0x30                                         EAX=0018FE3E ECX=77AE3800 EDX=0040001F EBX=0000C0E1 ESP=0018FE20 EBP=0018FF22 ESI=EC1D86B4 EDI=0018FE48 EFLAG=00000212
0040BF23	SHR      DX, 0x9                                          EAX=0018FE0E ECX=77AE3800 EDX=0040001F EBX=0000C0E1 ESP=0018FE20 EBP=0018FF22 ESI=EC1D86B4 EDI=0018FE48 EFLAG=00000202
0040BF27	XOR      AL, 0xce                                         EAX=0018FE0E ECX=77AE3800 EDX=00400000 EBX=0000C0E1 ESP=0018FE20 EBP=0018FF22 ESI=EC1D86B4 EDI=0018FE48 EFLAG=00000246
0040BF29	ADC      DL, 0xdb                                         EAX=0018FEC0 ECX=77AE3800 EDX=00400000 EBX=0000C0E1 ESP=0018FE20 EBP=0018FF22 ESI=EC1D86B4 EDI=0018FE48 EFLAG=00000286
0040BF2C	BT       EBX, EDI                                         EAX=0018FEC0 ECX=77AE3800 EDX=004000DB EBX=0000C0E1 ESP=0018FE20 EBP=0018FF22 ESI=EC1D86B4 EDI=0018FE48 EFLAG=00000286
0040BF2F	SETL     DH                                               EAX=0018FEC0 ECX=77AE3800 EDX=004000DB EBX=0000C0E1 ESP=0018FE20 EBP=0018FF22 ESI=EC1D86B4 EDI=0018FE48 EFLAG=00000286
0040BF32	SUB      BL, AL                                           EAX=0018FEC0 ECX=77AE3800 EDX=004001DB EBX=0000C0E1 ESP=0018FE20 EBP=0018FF22 ESI=EC1D86B4 EDI=0018FE48 EFLAG=00000286
0040BF34	STC                                                       EAX=0018FEC0 ECX=77AE3800 EDX=004001DB EBX=0000C021 ESP=0018FE20 EBP=0018FF22 ESI=EC1D86B4 EDI=0018FE48 EFLAG=00000206
0040BF35	MOVZX    EAX, AL                                          EAX=0018FEC0 ECX=77AE3800 EDX=004001DB EBX=0000C021 ESP=0018FE20 EBP=0018FF22 ESI=EC1D86B4 EDI=0018FE48 EFLAG=00000207
0040BF38	NOT      EDX                                              EAX=000000C0 ECX=77AE3800 EDX=004001DB EBX=0000C021 ESP=0018FE20 EBP=0018FF22 ESI=EC1D86B4 EDI=0018FE48 EFLAG=00000207
0040BF3A	BSF      EDX, EDI                                         EAX=000000C0 ECX=77AE3800 EDX=FFBFFE24 EBX=0000C021 ESP=0018FE20 EBP=0018FF22 ESI=EC1D86B4 EDI=0018FE48 EFLAG=00000207
0040BF3E	CMC                                                       EAX=000000C0 ECX=77AE3800 EDX=FFBF0003 EBX=0000C021 ESP=0018FE20 EBP=0018FF22 ESI=EC1D86B4 EDI=0018FE48 EFLAG=00000206
0040BF3F	SAL      DH, CL                                           EAX=000000C0 ECX=77AE3800 EDX=FFBF0003 EBX=0000C021 ESP=0018FE20 EBP=0018FF22 ESI=EC1D86B4 EDI=0018FE48 EFLAG=00000207
0040BF41	MOV      EDX, [EAX*4+0x40a51f]                            EAX=000000C0 ECX=77AE3800 EDX=FFBF0003 EBX=0000C021 ESP=0018FE20 EBP=0018FF22 ESI=EC1D86B4 EDI=0018FE48 EFLAG=00000207
0040BF48	TEST     EDX, 0xe75c2a09                                  EAX=000000C0 ECX=77AE3800 EDX=2BFA7244 EBX=0000C021 ESP=0018FE20 EBP=0018FF22 ESI=EC1D86B4 EDI=0018FE48 EFLAG=00000207
0040BF4E	TEST     BL, DL                                           EAX=000000C0 ECX=77AE3800 EDX=2BFA7244 EBX=0000C021 ESP=0018FE20 EBP=0018FF22 ESI=EC1D86B4 EDI=0018FE48 EFLAG=00000206
0040BF50	SUB      EDX, 0x2bb9b71b                                  EAX=000000C0 ECX=77AE3800 EDX=2BFA7244 EBX=0000C021 ESP=0018FE20 EBP=0018FF22 ESI=EC1D86B4 EDI=0018FE48 EFLAG=00000246
0040BF56	CALL     0x40bd78                                         EAX=000000C0 ECX=77AE3800 EDX=0040BB29 EBX=0000C021 ESP=0018FE20 EBP=0018FF22 ESI=EC1D86B4 EDI=0018FE48 EFLAG=00000212
0040BD78	PUSH     EDX                                              EAX=000000C0 ECX=77AE3800 EDX=0040BB29 EBX=0000C021 ESP=0018FE1C EBP=0018FF22 ESI=EC1D86B4 EDI=0018FE48 EFLAG=00000212
0040BD79	DEC      ESI                                              EAX=000000C0 ECX=77AE3800 EDX=0040BB29 EBX=0000C021 ESP=0018FE18 EBP=0018FF22 ESI=EC1D86B4 EDI=0018FE48 EFLAG=00000212
0040BD7A	PUSHF                                                     EAX=000000C0 ECX=77AE3800 EDX=0040BB29 EBX=0000C021 ESP=0018FE18 EBP=0018FF22 ESI=EC1D86B3 EDI=0018FE48 EFLAG=00000282
0040A91F	MOV      [ESP], DH                                        EAX=000000C0 ECX=77AE3800 EDX=0040BB29 EBX=0000C021 ESP=0018FE14 EBP=0018FF22 ESI=EC1D86B3 EDI=0018FE48 EFLAG=00000282
0040A922	MOV      [ESP+0x30], EDX                                  EAX=000000C0 ECX=77AE3800 EDX=0040BB29 EBX=0000C021 ESP=0018FE14 EBP=0018FF22 ESI=EC1D86B3 EDI=0018FE48 EFLAG=00000282
0040A926	MOV      [ESP], AL                                        EAX=000000C0 ECX=77AE3800 EDX=0040BB29 EBX=0000C021 ESP=0018FE14 EBP=0018FF22 ESI=EC1D86B3 EDI=0018FE48 EFLAG=00000282
0040A929	PUSH     DWORD [ESP+0x30]                                 EAX=000000C0 ECX=77AE3800 EDX=0040BB29 EBX=0000C021 ESP=0018FE14 EBP=0018FF22 ESI=EC1D86B3 EDI=0018FE48 EFLAG=00000282
0040A92D	RET      0x34                                             EAX=000000C0 ECX=77AE3800 EDX=0040BB29 EBX=0000C021 ESP=0018FE10 EBP=0018FF22 ESI=EC1D86B3 EDI=0018FE48 EFLAG=00000282
0040BB29	PUSHF                                                     EAX=000000C0 ECX=77AE3800 EDX=0040BB29 EBX=0000C021 ESP=0018FE48 EBP=0018FF22 ESI=EC1D86B3 EDI=0018FE48 EFLAG=00000282
0040BB2A	PUSHA                                                     EAX=000000C0 ECX=77AE3800 EDX=0040BB29 EBX=0000C021 ESP=0018FE44 EBP=0018FF22 ESI=EC1D86B3 EDI=0018FE48 EFLAG=00000282
0040BB2B	MOV      [ESP+0x4], CL                                    EAX=000000C0 ECX=77AE3800 EDX=0040BB29 EBX=0000C021 ESP=0018FE24 EBP=0018FF22 ESI=EC1D86B3 EDI=0018FE48 EFLAG=00000282
0040BB2F	MOV      BP, [EBP+0x0]                                    EAX=000000C0 ECX=77AE3800 EDX=0040BB29 EBX=0000C021 ESP=0018FE24 EBP=0018FF22 ESI=EC1D86B3 EDI=0018FE48 EFLAG=00000282
0040BB33	PUSHA                                                     EAX=000000C0 ECX=77AE3800 EDX=0040BB29 EBX=0000C021 ESP=0018FE24 EBP=0018C02B ESI=EC1D86B3 EDI=0018FE48 EFLAG=00000282
0040BB34	MOV      WORD [ESP], 0x4f22                               EAX=000000C0 ECX=77AE3800 EDX=0040BB29 EBX=0000C021 ESP=0018FE04 EBP=0018C02B ESI=EC1D86B3 EDI=0018FE48 EFLAG=00000282
0040BB3A	LEA      ESP, [ESP+0x44]                                  EAX=000000C0 ECX=77AE3800 EDX=0040BB29 EBX=0000C021 ESP=0018FE04 EBP=0018C02B ESI=EC1D86B3 EDI=0018FE48 EFLAG=00000282
0040C360	TEST     DH, 0x76                                         EAX=000000C0 ECX=77AE3800 EDX=0040BB29 EBX=0000C021 ESP=0018FE48 EBP=0018C02B ESI=EC1D86B3 EDI=0018FE48 EFLAG=00000282
0040C363	LEA      EAX, [EDI+0x50]                                  EAX=000000C0 ECX=77AE3800 EDX=0040BB29 EBX=0000C021 ESP=0018FE48 EBP=0018C02B ESI=EC1D86B3 EDI=0018FE48 EFLAG=00000202
0040C366	PUSH     DWORD 0xa76b4735                                 EAX=0018FE98 ECX=77AE3800 EDX=0040BB29 EBX=0000C021 ESP=0018FE48 EBP=0018C02B ESI=EC1D86B3 EDI=0018FE48 EFLAG=00000202
0040C36B	STC                                                       EAX=0018FE98 ECX=77AE3800 EDX=0040BB29 EBX=0000C021 ESP=0018FE44 EBP=0018C02B ESI=EC1D86B3 EDI=0018FE48 EFLAG=00000202
0040C36C	CMP      EBP, EAX                                         EAX=0018FE98 ECX=77AE3800 EDX=0040BB29 EBX=0000C021 ESP=0018FE44 EBP=0018C02B ESI=EC1D86B3 EDI=0018FE48 EFLAG=00000203
0040C36E	PUSH     DWORD 0xbe8fd443                                 EAX=0018FE98 ECX=77AE3800 EDX=0040BB29 EBX=0000C021 ESP=0018FE44 EBP=0018C02B ESI=EC1D86B3 EDI=0018FE48 EFLAG=00000287
0040C373	LEA      ESP, [ESP+0x8]                                   EAX=0018FE98 ECX=77AE3800 EDX=0040BB29 EBX=0000C021 ESP=0018FE40 EBP=0018C02B ESI=EC1D86B3 EDI=0018FE48 EFLAG=00000287
0040C377	JA       0x40befd                                         EAX=0018FE98 ECX=77AE3800 EDX=0040BB29 EBX=0000C021 ESP=0018FE48 EBP=0018C02B ESI=EC1D86B3 EDI=0018FE48 EFLAG=00000287
0040C37D	BTS      DX, 0xd                                          EAX=0018FE98 ECX=77AE3800 EDX=0040BB29 EBX=0000C021 ESP=0018FE48 EBP=0018C02B ESI=EC1D86B3 EDI=0018FE48 EFLAG=00000287
0040C382	MOV      EDX, ESP                                         EAX=0018FE98 ECX=77AE3800 EDX=0040BB29 EBX=0000C021 ESP=0018FE48 EBP=0018C02B ESI=EC1D86B3 EDI=0018FE48 EFLAG=00000287
0040C384	MOV      CH, 0x19                                         EAX=0018FE98 ECX=77AE3800 EDX=0018FE48 EBX=0000C021 ESP=0018FE48 EBP=0018C02B ESI=EC1D86B3 EDI=0018FE48 EFLAG=00000287
0040C387	LEA      ECX, [EDI+0x40]                                  EAX=0018FE98 ECX=77AE1900 EDX=0018FE48 EBX=0000C021 ESP=0018FE48 EBP=0018C02B ESI=EC1D86B3 EDI=0018FE48 EFLAG=00000287
0040C38A	CALL     0x40afb0                                         EAX=0018FE98 ECX=0018FE88 EDX=0018FE48 EBX=0000C021 ESP=0018FE48 EBP=0018C02B ESI=EC1D86B3 EDI=0018FE48 EFLAG=00000287
0040AFB0	SUB      ECX, EDX                                         EAX=0018FE98 ECX=0018FE88 EDX=0018FE48 EBX=0000C021 ESP=0018FE44 EBP=0018C02B ESI=EC1D86B3 EDI=0018FE48 EFLAG=00000287
0040AFB2	PUSH     DWORD [ESP]                                      EAX=0018FE98 ECX=00000040 EDX=0018FE48 EBX=0000C021 ESP=0018FE44 EBP=0018C02B ESI=EC1D86B3 EDI=0018FE48 EFLAG=00000202
0040AFB5	TEST     DL, AH                                           EAX=0018FE98 ECX=00000040 EDX=0018FE48 EBX=0000C021 ESP=0018FE40 EBP=0018C02B ESI=EC1D86B3 EDI=0018FE48 EFLAG=00000202
0040AFB7	PUSH     EAX                                              EAX=0018FE98 ECX=00000040 EDX=0018FE48 EBX=0000C021 ESP=0018FE40 EBP=0018C02B ESI=EC1D86B3 EDI=0018FE48 EFLAG=00000206
0040AFB8	XCHG     DI, AX                                           EAX=0018FE98 ECX=00000040 EDX=0018FE48 EBX=0000C021 ESP=0018FE3C EBP=0018C02B ESI=EC1D86B3 EDI=0018FE48 EFLAG=00000206
0040AFBA	LEA      EAX, [EBP-0x80]                                  EAX=0018FE48 ECX=00000040 EDX=0018FE48 EBX=0000C021 ESP=0018FE3C EBP=0018C02B ESI=EC1D86B3 EDI=0018FE98 EFLAG=00000206
0040AFBD	SHR      EDI, CL                                          EAX=0018BFAB ECX=00000040 EDX=0018FE48 EBX=0000C021 ESP=0018FE3C EBP=0018C02B ESI=EC1D86B3 EDI=0018FE98 EFLAG=00000206
0040AFBF	AND      AL, 0xfc                                         EAX=0018BFAB ECX=00000040 EDX=0018FE48 EBX=0000C021 ESP=0018FE3C EBP=0018C02B ESI=EC1D86B3 EDI=0018FE98 EFLAG=00000206
0040AFC1	PUSHF                                                     EAX=0018BFA8 ECX=00000040 EDX=0018FE48 EBX=0000C021 ESP=0018FE3C EBP=0018C02B ESI=EC1D86B3 EDI=0018FE98 EFLAG=00000282
0040AFC2	OR       DI, CX                                           EAX=0018BFA8 ECX=00000040 EDX=0018FE48 EBX=0000C021 ESP=0018FE38 EBP=0018C02B ESI=EC1D86B3 EDI=0018FE98 EFLAG=00000282
0040AFC5	SUB      EAX, ECX                                         EAX=0018BFA8 ECX=00000040 EDX=0018FE48 EBX=0000C021 ESP=0018FE38 EBP=0018C02B ESI=EC1D86B3 EDI=0018FED8 EFLAG=00000286
0040AFC7	PUSHA                                                     EAX=0018BF68 ECX=00000040 EDX=0018FE48 EBX=0000C021 ESP=0018FE38 EBP=0018C02B ESI=EC1D86B3 EDI=0018FED8 EFLAG=00000202
0040AFC8	LEA      EDI, [EDX-0x7429e2be]                            EAX=0018BF68 ECX=00000040 EDX=0018FE48 EBX=0000C021 ESP=0018FE18 EBP=0018C02B ESI=EC1D86B3 EDI=0018FED8 EFLAG=00000202
0040AFCE	LEA      ESP, [ESP+0x30]                                  EAX=0018BF68 ECX=00000040 EDX=0018FE48 EBX=0000C021 ESP=0018FE18 EBP=0018C02B ESI=EC1D86B3 EDI=8BEF1B8A EFLAG=00000202
0040AFD2	JB       0x40bd0f                                         EAX=0018BF68 ECX=00000040 EDX=0018FE48 EBX=0000C021 ESP=0018FE48 EBP=0018C02B ESI=EC1D86B3 EDI=8BEF1B8A EFLAG=00000202
0040AFD8	MOV      ESP, EAX                                         EAX=0018BF68 ECX=00000040 EDX=0018FE48 EBX=0000C021 ESP=0018FE48 EBP=0018C02B ESI=EC1D86B3 EDI=8BEF1B8A EFLAG=00000202
0040AFDA	PUSHA                                                     EAX=0018BF68 ECX=00000040 EDX=0018FE48 EBX=0000C021 ESP=0018BF68 EBP=0018C02B ESI=EC1D86B3 EDI=8BEF1B8A EFLAG=00000202
0040ABA0	PUSHF                                                     EAX=0018BF68 ECX=00000040 EDX=0018FE48 EBX=0000C021 ESP=0018BF48 EBP=0018C02B ESI=EC1D86B3 EDI=8BEF1B8A EFLAG=00000202
0040ABA1	POP      DWORD [ESP+0x1c]                                 EAX=0018BF68 ECX=00000040 EDX=0018FE48 EBX=0000C021 ESP=0018BF44 EBP=0018C02B ESI=EC1D86B3 EDI=8BEF1B8A EFLAG=00000202
0040ABA5	LEA      ESP, [ESP+0x1c]                                  EAX=0018BF68 ECX=00000040 EDX=0018FE48 EBX=0000C021 ESP=0018BF48 EBP=0018C02B ESI=EC1D86B3 EDI=8BEF1B8A EFLAG=00000202
0040ABA9	JO       0x40af3e                                         EAX=0018BF68 ECX=00000040 EDX=0018FE48 EBX=0000C021 ESP=0018BF64 EBP=0018C02B ESI=EC1D86B3 EDI=8BEF1B8A EFLAG=00000202
0040ABAF	MOVSX    DI, BL                                           EAX=0018BF68 ECX=00000040 EDX=0018FE48 EBX=0000C021 ESP=0018BF64 EBP=0018C02B ESI=EC1D86B3 EDI=8BEF1B8A EFLAG=00000202
0040ABB3	BSWAP    DI                                               EAX=0018BF68 ECX=00000040 EDX=0018FE48 EBX=0000C021 ESP=0018BF64 EBP=0018C02B ESI=EC1D86B3 EDI=8BEF0021 EFLAG=00000202
0040ABB6	PUSH     ESI                                              EAX=0018BF68 ECX=00000040 EDX=0018FE48 EBX=0000C021 ESP=0018BF64 EBP=0018C02B ESI=EC1D86B3 EDI=8BEF0000 EFLAG=00000202
0040ABB7	LEA      ESI, [ESI+0x79696ad2]                            EAX=0018BF68 ECX=00000040 EDX=0018FE48 EBX=0000C021 ESP=0018BF60 EBP=0018C02B ESI=EC1D86B3 EDI=8BEF0000 EFLAG=00000202
0040ABBD	PUSHF                                                     EAX=0018BF68 ECX=00000040 EDX=0018FE48 EBX=0000C021 ESP=0018BF60 EBP=0018C02B ESI=6586F185 EDI=8BEF0000 EFLAG=00000202
0040ABBE	STD                                                       EAX=0018BF68 ECX=00000040 EDX=0018FE48 EBX=0000C021 ESP=0018BF5C EBP=0018C02B ESI=6586F185 EDI=8BEF0000 EFLAG=00000202
0040ABBF	STD                                                       EAX=0018BF68 ECX=00000040 EDX=0018FE48 EBX=0000C021 ESP=0018BF5C EBP=0018C02B ESI=6586F185 EDI=8BEF0000 EFLAG=00000602
0040ABC0	MOV      ESI, EDX                                         EAX=0018BF68 ECX=00000040 EDX=0018FE48 EBX=0000C021 ESP=0018BF5C EBP=0018C02B ESI=6586F185 EDI=8BEF0000 EFLAG=00000602
0040ABC2	MOVSX    DI, AL                                           EAX=0018BF68 ECX=00000040 EDX=0018FE48 EBX=0000C021 ESP=0018BF5C EBP=0018C02B ESI=0018FE48 EDI=8BEF0000 EFLAG=00000602
0040ABC6	NOT      DI                                               EAX=0018BF68 ECX=00000040 EDX=0018FE48 EBX=0000C021 ESP=0018BF5C EBP=0018C02B ESI=0018FE48 EDI=8BEF0068 EFLAG=00000602
0040ABC9	LEA      EDI, [ECX+EAX-0x40]                              EAX=0018BF68 ECX=00000040 EDX=0018FE48 EBX=0000C021 ESP=0018BF5C EBP=0018C02B ESI=0018FE48 EDI=8BEFFF97 EFLAG=00000602
0040ABCD	PUSH     DWORD 0x2786a109                                 EAX=0018BF68 ECX=00000040 EDX=0018FE48 EBX=0000C021 ESP=0018BF5C EBP=0018C02B ESI=0018FE48 EDI=0018BF68 EFLAG=00000602
0040ABD2	PUSHF                                                     EAX=0018BF68 ECX=00000040 EDX=0018FE48 EBX=0000C021 ESP=0018BF58 EBP=0018C02B ESI=0018FE48 EDI=0018BF68 EFLAG=00000602
0040ABD3	XCHG     [ESP+0x8], EDI                                   EAX=0018BF68 ECX=00000040 EDX=0018FE48 EBX=0000C021 ESP=0018BF54 EBP=0018C02B ESI=0018FE48 EDI=0018BF68 EFLAG=00000602
0040ABD7	MOVSX    DI, AL                                           EAX=0018BF68 ECX=00000040 EDX=0018FE48 EBX=0000C021 ESP=0018BF54 EBP=0018C02B ESI=0018FE48 EDI=00000202 EFLAG=00000602
0040ABDB	PUSHA                                                     EAX=0018BF68 ECX=00000040 EDX=0018FE48 EBX=0000C021 ESP=0018BF54 EBP=0018C02B ESI=0018FE48 EDI=00000068 EFLAG=00000602
0040ABDC	NOT      DI                                               EAX=0018BF68 ECX=00000040 EDX=0018FE48 EBX=0000C021 ESP=0018BF34 EBP=0018C02B ESI=0018FE48 EDI=00000068 EFLAG=00000602
0040ABDF	MOV      EDI, EAX                                         EAX=0018BF68 ECX=00000040 EDX=0018FE48 EBX=0000C021 ESP=0018BF34 EBP=0018C02B ESI=0018FE48 EDI=0000FF97 EFLAG=00000602
0040ABE1	PUSHF                                                     EAX=0018BF68 ECX=00000040 EDX=0018FE48 EBX=0000C021 ESP=0018BF34 EBP=0018C02B ESI=0018FE48 EDI=0018BF68 EFLAG=00000602
0040ABE2	CLD                                                       EAX=0018BF68 ECX=00000040 EDX=0018FE48 EBX=0000C021 ESP=0018BF30 EBP=0018C02B ESI=0018FE48 EDI=0018BF68 EFLAG=00000602
0040ABE3	PUSH     EBX                                              EAX=0018BF68 ECX=00000040 EDX=0018FE48 EBX=0000C021 ESP=0018BF30 EBP=0018C02B ESI=0018FE48 EDI=0018BF68 EFLAG=00000202
