0040B16C	CALL     0x40bb09                                         EAX=00000100 ECX=00000001 EDX=0040A105 EBX=0040C934 ESP=0018FE1C EBP=0018FF04 ESI=0040C92A EDI=0018FE44 EFLAG=00000202
0040BB09	SUB      DL, AH                                           EAX=00000100 ECX=00000001 EDX=0040A105 EBX=0040C934 ESP=0018FE18 EBP=0018FF04 ESI=0040C92A EDI=0018FE44 EFLAG=00000202
0040BB0B	MOV      AL, [ESI-0x1]                                    EAX=00000100 ECX=00000001 EDX=0040A104 EBX=0040C934 ESP=0018FE18 EBP=0018FF04 ESI=0040C92A EDI=0018FE44 EFLAG=00000202
0040BB0E	LEA      ESP, [ESP+0x4]                                   EAX=0000015E ECX=00000001 EDX=0040A104 EBX=0040C934 ESP=0018FE18 EBP=0018FF04 ESI=0040C92A EDI=0018FE44 EFLAG=00000202
0040BB12	JNP      0x40bd9a                                         EAX=0000015E ECX=00000001 EDX=0040A104 EBX=0040C934 ESP=0018FE1C EBP=0018FF04 ESI=0040C92A EDI=0018FE44 EFLAG=00000202
0040BD9A	SUB      DH, DH                                           EAX=0000015E ECX=00000001 EDX=0040A104 EBX=0040C934 ESP=0018FE1C EBP=0018FF04 ESI=0040C92A EDI=0018FE44 EFLAG=00000202
0040BD9C	LEA      EDX, [EBP+0x662dddac]                            EAX=0000015E ECX=00000001 EDX=00400004 EBX=0040C934 ESP=0018FE1C EBP=0018FF04 ESI=0040C92A EDI=0018FE44 EFLAG=00000246
0040BDA2	BTS      DX, 0x1                                          EAX=0000015E ECX=00000001 EDX=6646DCB0 EBX=0040C934 ESP=0018FE1C EBP=0018FF04 ESI=0040C92A EDI=0018FE44 EFLAG=00000246
0040BDA7	BSR      EDX, EAX                                         EAX=0000015E ECX=00000001 EDX=6646DCB2 EBX=0040C934 ESP=0018FE1C EBP=0018FF04 ESI=0040C92A EDI=0018FE44 EFLAG=00000246
0040BDAB	ADD      AL, BL                                           EAX=0000015E ECX=00000001 EDX=66460008 EBX=0040C934 ESP=0018FE1C EBP=0018FF04 ESI=0040C92A EDI=0018FE44 EFLAG=00000202
0040BDAD	MOV      EDX, EAX                                         EAX=00000192 ECX=00000001 EDX=66460008 EBX=0040C934 ESP=0018FE1C EBP=0018FF04 ESI=0040C92A EDI=0018FE44 EFLAG=00000A92
0040BDAF	CALL     0x40aad7                                         EAX=00000192 ECX=00000001 EDX=00000192 EBX=0040C934 ESP=0018FE1C EBP=0018FF04 ESI=0040C92A EDI=0018FE44 EFLAG=00000A92
0040AAD7	LEA      EDX, [EAX+0x557f87b6]                            EAX=00000192 ECX=00000001 EDX=00000192 EBX=0040C934 ESP=0018FE18 EBP=0018FF04 ESI=0040C92A EDI=0018FE44 EFLAG=00000A92
0040AADD	MOV      BYTE [ESP], 0x4e                                 EAX=00000192 ECX=00000001 EDX=557F8948 EBX=0040C934 ESP=0018FE18 EBP=0018FF04 ESI=0040C92A EDI=0018FE44 EFLAG=00000A92
0040AAE1	DEC      AL                                               EAX=00000192 ECX=00000001 EDX=557F8948 EBX=0040C934 ESP=0018FE18 EBP=0018FF04 ESI=0040C92A EDI=0018FE44 EFLAG=00000A92
0040AAE3	STC                                                       EAX=00000191 ECX=00000001 EDX=557F8948 EBX=0040C934 ESP=0018FE18 EBP=0018FF04 ESI=0040C92A EDI=0018FE44 EFLAG=00000282
0040AAE4	NEG      AL                                               EAX=00000191 ECX=00000001 EDX=557F8948 EBX=0040C934 ESP=0018FE18 EBP=0018FF04 ESI=0040C92A EDI=0018FE44 EFLAG=00000283
0040AAE6	MOV      EDX, [ESP]                                       EAX=0000016F ECX=00000001 EDX=557F8948 EBX=0040C934 ESP=0018FE18 EBP=0018FF04 ESI=0040C92A EDI=0018FE44 EFLAG=00000217
0040AAE9	MOV      DL, DL                                           EAX=0000016F ECX=00000001 EDX=0040BD4E EBX=0040C934 ESP=0018FE18 EBP=0018FF04 ESI=0040C92A EDI=0018FE44 EFLAG=00000217
0040AAEB	ROL      DL, 0x1                                          EAX=0000016F ECX=00000001 EDX=0040BD4E EBX=0040C934 ESP=0018FE18 EBP=0018FF04 ESI=0040C92A EDI=0018FE44 EFLAG=00000217
0040AAED	MOVSX    DX, DL                                           EAX=0000016F ECX=00000001 EDX=0040BD9C EBX=0040C934 ESP=0018FE18 EBP=0018FF04 ESI=0040C92A EDI=0018FE44 EFLAG=00000A16
0040AAF1	ROR      AL, 0x1                                          EAX=0000016F ECX=00000001 EDX=0040FF9C EBX=0040C934 ESP=0018FE18 EBP=0018FF04 ESI=0040C92A EDI=0018FE44 EFLAG=00000A16
0040AAF3	MOVZX    DX, DL                                           EAX=000001B7 ECX=00000001 EDX=0040FF9C EBX=0040C934 ESP=0018FE18 EBP=0018FF04 ESI=0040C92A EDI=0018FE44 EFLAG=00000A17
0040AAF7	STC                                                       EAX=000001B7 ECX=00000001 EDX=0040009C EBX=0040C934 ESP=0018FE18 EBP=0018FF04 ESI=0040C92A EDI=0018FE44 EFLAG=00000A17
0040AAF8	ADD      BL, AL                                           EAX=000001B7 ECX=00000001 EDX=0040009C EBX=0040C934 ESP=0018FE18 EBP=0018FF04 ESI=0040C92A EDI=0018FE44 EFLAG=00000A17
0040AAFA	PUSHF                                                     EAX=000001B7 ECX=00000001 EDX=0040009C EBX=0040C9EB ESP=0018FE18 EBP=0018FF04 ESI=0040C92A EDI=0018FE44 EFLAG=00000286
0040AAFB	LEA      ESI, [ESI-0x1]                                   EAX=000001B7 ECX=00000001 EDX=0040009C EBX=0040C9EB ESP=0018FE14 EBP=0018FF04 ESI=0040C92A EDI=0018FE44 EFLAG=00000286
0040AAFE	INC      DH                                               EAX=000001B7 ECX=00000001 EDX=0040009C EBX=0040C9EB ESP=0018FE14 EBP=0018FF04 ESI=0040C929 EDI=0018FE44 EFLAG=00000286
0040AB00	MOV      EDX, [EBP+0x0]                                   EAX=000001B7 ECX=00000001 EDX=0040019C EBX=0040C9EB ESP=0018FE14 EBP=0018FF04 ESI=0040C929 EDI=0018FE44 EFLAG=00000202
0040AB03	CMP      SI, 0x26a5                                       EAX=000001B7 ECX=00000001 EDX=00000000 EBX=0040C9EB ESP=0018FE14 EBP=0018FF04 ESI=0040C929 EDI=0018FE44 EFLAG=00000202
0040AB08	STC                                                       EAX=000001B7 ECX=00000001 EDX=00000000 EBX=0040C9EB ESP=0018FE14 EBP=0018FF04 ESI=0040C929 EDI=0018FE44 EFLAG=00000286
0040AB09	ADD      EBP, 0x4                                         EAX=000001B7 ECX=00000001 EDX=00000000 EBX=0040C9EB ESP=0018FE14 EBP=0018FF04 ESI=0040C929 EDI=0018FE44 EFLAG=00000287
0040AB0C	PUSHF                                                     EAX=000001B7 ECX=00000001 EDX=00000000 EBX=0040C9EB ESP=0018FE14 EBP=0018FF08 ESI=0040C929 EDI=0018FE44 EFLAG=00000202
0040AB0D	PUSHF                                                     EAX=000001B7 ECX=00000001 EDX=00000000 EBX=0040C9EB ESP=0018FE10 EBP=0018FF08 ESI=0040C929 EDI=0018FE44 EFLAG=00000202
0040AB0E	MOV      [EAX+EDI], EDX                                   EAX=000001B7 ECX=00000001 EDX=00000000 EBX=0040C9EB ESP=0018FE0C EBP=0018FF08 ESI=0040C929 EDI=0018FE44 EFLAG=00000202
0040AB11	PUSHA                                                     EAX=000001B7 ECX=00000001 EDX=00000000 EBX=0040C9EB ESP=0018FE0C EBP=0018FF08 ESI=0040C929 EDI=0018FE44 EFLAG=00000202
0040AB12	MOV      DWORD [ESP], 0x4ff248b2                          EAX=000001B7 ECX=00000001 EDX=00000000 EBX=0040C9EB ESP=0018FDEC EBP=0018FF08 ESI=0040C929 EDI=0018FE44 EFLAG=00000202
0040AB19	MOV      BYTE [ESP], 0x8c                                 EAX=000001B7 ECX=00000001 EDX=00000000 EBX=0040C9EB ESP=0018FDEC EBP=0018FF08 ESI=0040C929 EDI=0018FE44 EFLAG=00000202
0040AB1D	PUSHF                                                     EAX=000001B7 ECX=00000001 EDX=00000000 EBX=0040C9EB ESP=0018FDEC EBP=0018FF08 ESI=0040C929 EDI=0018FE44 EFLAG=00000202
0040AB1E	LEA      ESP, [ESP+0x34]                                  EAX=000001B7 ECX=00000001 EDX=00000000 EBX=0040C9EB ESP=0018FDE8 EBP=0018FF08 ESI=0040C929 EDI=0018FE44 EFLAG=00000202
